[32m2026-02-27 11:43:59 [info]  toggle OFF workflow 350517306392576         [39m workflowId=350517306392576
[32m2026-02-27 11:45:40 [info]  toggle ON workflow 350517306392576          [39m workflowId=350517306392576
[32m2026-02-27 11:46:22 [info]  new event triggered, now events: 1          [39m 
[34m2026-02-27 11:46:22 [debug] event data:                                 [39m context={"data":{"createdAt":"2026-02-27T03:46:22.179Z","updatedAt":"2026-02-27T03:46:22.181Z","defect_classification":"ÕÄåÕÅ▓ķüŚńĢÖ","defect":"ÕøŠń║ĖµśŠńż║õĖŹÕģ©","defect_rank":"level1","priority":"P1","id":350517948121088,"defect_status":"ÕĘ▓Õģ│ķŚŁ","module":null,"f_jmazop48q5l":350517891497984,"label":["ÕĘ▓õ┐«ÕżŹ"],"createdById":1,"updatedById":1,"parent_summary":{"createdAt":"2026-02-27T03:45:55.476Z","updatedAt":"2026-02-27T03:45:55.479Z","owner_id":"nocobase","id":350517891497984,"total_count":null,"tested_count":null,"defect_count":null,"fixed_count":null,"pending_count":null,"loc":null,"kloc":0,"testing_rate":null,"fix_rate":null,"pending_rate":null,"defect_density":null,"total_defect":null,"module_type":"ń╝║ķÖĘµ▒ćµĆ╗","createdById":1,"updatedById":1}}}
[32m2026-02-27 11:46:22 [info]  preparing execution for event               [39m 
[32m2026-02-27 11:46:22 [info]  execution of workflow 350517306392576 created as 350517948121089[39m 
[32m2026-02-27 11:46:22 [info]  local pending list is empty, adding execution (350517948121089) to pending list[39m 
[32m2026-02-27 11:46:22 [info]  pending execution (350517948121089) ready to process[39m 
[32m2026-02-27 11:46:22 [info]  execution (350517948121089) starting...     [39m 
[32m2026-02-27 11:46:22 [info]  execution (350517948121089) run instruction [parallel] for node (350517306392577)[39m workflowId=350517306392576
[34m2026-02-27 11:46:22 [debug] config of node                              [39m workflowId=350517306392576
[34m2026-02-27 11:46:22 [debug] job added to save list: {"status":0,"result":[null,null],"nodeId":350517306392577,"nodeKey":"chjc97mlb5y","upstreamId":null,"id":"7626206480454656","createdAt":"2026-02-27T03:46:22.216Z","updatedAt":"2026-02-27T03:46:22.216Z","executionId":350517948121089}[39m workflowId=350517306392576
[32m2026-02-27 11:46:22 [info]  execution (350517948121089) run instruction [aggregate] for node (350517306392583)[39m workflowId=350517306392576
[34m2026-02-27 11:46:22 [debug] config of node                              [39m data={"aggregator":"count","associated":true,"params":{"field":"id","filter":{"$and":[]}},"precision":2,"collection":"defects","association":{"name":"all_defects","associatedKey":"{{$context.data.parent_summary.id}}","associatedCollection":"collection_quality"}} workflowId=350517306392576
[34m2026-02-27 11:46:22 [debug] job added to save list: {"result":1,"status":1,"nodeId":350517306392583,"nodeKey":"ca6c1jxzwq5","id":"7626206493037568","createdAt":"2026-02-27T03:46:22.219Z","updatedAt":"2026-02-27T03:46:22.219Z","executionId":350517948121089}[39m workflowId=350517306392576
[32m2026-02-27 11:46:22 [info]  execution (350517948121089) run instruction [aggregate] for node (350517306392583) finished as status: 1[39m workflowId=350517306392576
[34m2026-02-27 11:46:22 [debug] result of node                              [39m data=1
[34m2026-02-27 11:46:22 [debug] run next node (350517306392581)             [39m 
[32m2026-02-27 11:46:22 [info]  execution (350517948121089) run instruction [update] for node (350517306392581)[39m workflowId=350517306392576
[34m2026-02-27 11:46:22 [debug] config of node                              [39m data={"usingAssignFormSchema":true,"assignFormSchema":{"_isJSONSchemaObject":true,"version":"2.0","name":"0mby4p7m0ow","type":"void","x-component":"Grid","x-initializer":"assignFieldValuesForm:configureFields","properties":{"2wbpfklshda":{"_isJSONSchemaObject":true,"version":"2.0","type":"void","x-component":"Grid.Row","properties":{"ibquc1d6wnd":{"_isJSONSchemaObject":true,"version":"2.0","type":"void","x-component":"Grid.Col","properties":{"total_defect":{"_isJSONSchemaObject":true,"version":"2.0","type":"string","name":"total_defect","x-toolbar":"FormItemSchemaToolbar","x-settings":"fieldSettings:FormItem","x-component":"AssignedField","x-decorator":"FormItem","x-collection-field":"collection_quality.total_defect"}},"name":"ibquc1d6wnd"}},"name":"2wbpfklshda"}}},"collection":"collection_quality","params":{"individualHooks":false,"filter":{"$and":[{"id":{"$eq":"{{$context.data.parent_summary.id}}"}}]},"values":{"total_defect":"{{$jobsMapByNodeKey.ca6c1jxzwq5}}"}}} workflowId=350517306392576
[34m2026-02-27 11:46:22 [debug] job added to save list: {"result":1,"status":1,"nodeId":350517306392581,"nodeKey":"9mun3sl2wtp","id":"7626206606283776","createdAt":"2026-02-27T03:46:22.246Z","updatedAt":"2026-02-27T03:46:22.246Z","executionId":350517948121089}[39m workflowId=350517306392576
[32m2026-02-27 11:46:22 [info]  execution (350517948121089) run instruction [update] for node (350517306392581) finished as status: 1[39m workflowId=350517306392576
[34m2026-02-27 11:46:22 [debug] result of node                              [39m data=1
[34m2026-02-27 11:46:22 [debug] branch ended at node (350517306392581)      [39m 
[34m2026-02-27 11:46:22 [debug] not on main, recall to parent entry node (350517306392581)})[39m workflowId=350517306392576
[32m2026-02-27 11:46:22 [info]  execution (350517948121089) resume instruction [parallel] for node (350517306392577)[39m workflowId=350517306392576
[34m2026-02-27 11:46:22 [debug] config of node                              [39m workflowId=350517306392576
[34m2026-02-27 11:46:22 [debug] job added to save list: {"status":0,"result":[1,null],"nodeId":350517306392577,"nodeKey":"chjc97mlb5y","upstreamId":null,"id":"7626206480454656","createdAt":"2026-02-27T03:46:22.216Z","updatedAt":"2026-02-27T03:46:22.248Z","executionId":350517948121089}[39m workflowId=350517306392576
[32m2026-02-27 11:46:22 [info]  execution (350517948121089) exiting with status 0[39m workflowId=350517306392576
[32m2026-02-27 11:46:22 [info]  execution (350517948121089) run instruction [loop] for node (350517306392586)[39m workflowId=350517306392576
[34m2026-02-27 11:46:22 [debug] config of node                              [39m data={"target":"{{$context.data.module}}","exit":0,"condition":false} workflowId=350517306392576
[34m2026-02-27 11:46:22 [debug] job added to save list: {"status":1,"result":{"looped":0,"done":0},"nodeId":350517306392586,"nodeKey":"mk8brck5e5d","id":"7626206627255296","createdAt":"2026-02-27T03:46:22.251Z","updatedAt":"2026-02-27T03:46:22.251Z","executionId":350517948121089}[39m workflowId=350517306392576
[32m2026-02-27 11:46:22 [info]  execution (350517948121089) run instruction [loop] for node (350517306392586) finished as status: 1[39m workflowId=350517306392576
[34m2026-02-27 11:46:22 [debug] result of node                              [39m data={"looped":0,"done":0}
[34m2026-02-27 11:46:22 [debug] branch ended at node (350517306392586)      [39m 
[34m2026-02-27 11:46:22 [debug] not on main, recall to parent entry node (350517306392586)})[39m workflowId=350517306392576
[32m2026-02-27 11:46:22 [info]  execution (350517948121089) resume instruction [parallel] for node (350517306392577)[39m workflowId=350517306392576
[34m2026-02-27 11:46:22 [debug] config of node                              [39m workflowId=350517306392576
[34m2026-02-27 11:46:22 [debug] job added to save list: {"status":1,"result":[1,1],"nodeId":350517306392577,"nodeKey":"chjc97mlb5y","upstreamId":null,"id":"7626206480454656","createdAt":"2026-02-27T03:46:22.216Z","updatedAt":"2026-02-27T03:46:22.248Z","executionId":350517948121089}[39m workflowId=350517306392576
[32m2026-02-27 11:46:22 [info]  execution (350517948121089) run instruction [parallel] for node (350517306392577) finished as status: 1[39m workflowId=350517306392576
[34m2026-02-27 11:46:22 [debug] result of node                              [39m data=[1,1]
[34m2026-02-27 11:46:22 [debug] branch ended at node (350517306392577)      [39m 
[32m2026-02-27 11:46:22 [info]  execution (350517948121089) exiting with status 1[39m workflowId=350517306392576
[32m2026-02-27 11:46:22 [info]  execution (350517948121089) finished with status: 1[39m 
[34m2026-02-27 11:46:22 [debug] execution (350517948121089) details:        [39m execution={"createdAt":"2026-02-27T03:46:22.196Z","id":350517948121089,"updatedAt":"2026-02-27T03:46:22.255Z","key":"f3xyuzoxb0b","eventKey":"a95c6e30-3fe5-4ace-b4fa-ad6fe352b114","context":{"data":{"createdAt":"2026-02-27T03:46:22.179Z","updatedAt":"2026-02-27T03:46:22.181Z","defect_classification":"ÕÄåÕÅ▓ķüŚńĢÖ","defect":"ÕøŠń║ĖµśŠńż║õĖŹÕģ©","defect_rank":"level1","priority":"P1","id":350517948121088,"defect_status":"ÕĘ▓Õģ│ķŚŁ","module":null,"f_jmazop48q5l":350517891497984,"label":["ÕĘ▓õ┐«ÕżŹ"],"createdById":1,"updatedById":1,"parent_summary":{"createdAt":"2026-02-27T03:45:55.476Z","updatedAt":"2026-02-27T03:45:55.479Z","owner_id":"nocobase","id":350517891497984,"total_count":null,"tested_count":null,"defect_count":null,"fixed_count":null,"pending_count":null,"loc":null,"kloc":0,"testing_rate":null,"fix_rate":null,"pending_rate":null,"defect_density":null,"total_defect":null,"module_type":"ń╝║ķÖĘµ▒ćµĆ╗","createdById":1,"updatedById":1}}},"status":1,"dispatched":true,"stack":null,"output":null,"manually":null,"workflowId":350517306392576}
[32m2026-02-27 11:47:48 [info]  toggle OFF workflow 350517306392576         [39m workflowId=350517306392576
[32m2026-02-27 11:47:48 [info]  toggle OFF workflow 350517306392576         [39m workflowId=350517306392576
