[34m2026-02-25 00:00:22 [debug] (cycling) check for queueing executions     [39m 
[34m2026-02-25 00:00:23 [debug] no execution in db queued to process        [39m 
[34m2026-02-25 00:05:22 [debug] (cycling) check for queueing executions     [39m 
[34m2026-02-25 00:05:22 [debug] no execution in db queued to process        [39m 
[34m2026-02-25 00:10:22 [debug] (cycling) check for queueing executions     [39m 
[34m2026-02-25 00:10:22 [debug] no execution in db queued to process        [39m 
[34m2026-02-25 00:15:22 [debug] (cycling) check for queueing executions     [39m 
[34m2026-02-25 00:15:22 [debug] no execution in db queued to process        [39m 
[34m2026-02-25 00:20:22 [debug] (cycling) check for queueing executions     [39m 
[34m2026-02-25 00:20:22 [debug] no execution in db queued to process        [39m 
[32m2026-02-25 09:03:42 [info]  (starting) check for queueing executions    [39m 
[34m2026-02-25 09:03:42 [debug] no execution in db queued to process        [39m 
[34m2026-02-25 09:08:42 [debug] (cycling) check for queueing executions     [39m 
[34m2026-02-25 09:08:42 [debug] no execution in db queued to process        [39m 
[34m2026-02-25 09:13:42 [debug] (cycling) check for queueing executions     [39m 
[34m2026-02-25 09:13:42 [debug] no execution in db queued to process        [39m 
[34m2026-02-25 09:18:42 [debug] (cycling) check for queueing executions     [39m 
[34m2026-02-25 09:18:42 [debug] no execution in db queued to process        [39m 
[34m2026-02-25 09:23:42 [debug] (cycling) check for queueing executions     [39m 
[34m2026-02-25 09:23:42 [debug] no execution in db queued to process        [39m 
[34m2026-02-25 09:28:42 [debug] (cycling) check for queueing executions     [39m 
[34m2026-02-25 09:28:42 [debug] no execution in db queued to process        [39m 
[34m2026-02-25 09:33:40 [debug] (cycling) check for queueing executions     [39m 
[34m2026-02-25 09:33:40 [debug] no execution in db queued to process        [39m 
[34m2026-02-25 09:38:40 [debug] (cycling) check for queueing executions     [39m 
[34m2026-02-25 09:38:40 [debug] no execution in db queued to process        [39m 
[34m2026-02-25 09:43:40 [debug] (cycling) check for queueing executions     [39m 
[34m2026-02-25 09:43:41 [debug] no execution in db queued to process        [39m 
[34m2026-02-25 09:48:40 [debug] (cycling) check for queueing executions     [39m 
[34m2026-02-25 09:48:40 [debug] no execution in db queued to process        [39m 
[34m2026-02-25 09:53:40 [debug] (cycling) check for queueing executions     [39m 
[34m2026-02-25 09:53:40 [debug] no execution in db queued to process        [39m 
[34m2026-02-25 09:58:40 [debug] (cycling) check for queueing executions     [39m 
[34m2026-02-25 09:58:41 [debug] no execution in db queued to process        [39m 
[34m2026-02-25 10:03:40 [debug] (cycling) check for queueing executions     [39m 
[34m2026-02-25 10:03:41 [debug] no execution in db queued to process        [39m 
[34m2026-02-25 10:08:40 [debug] (cycling) check for queueing executions     [39m 
[34m2026-02-25 10:08:41 [debug] no execution in db queued to process        [39m 
[34m2026-02-25 10:13:40 [debug] (cycling) check for queueing executions     [39m 
[34m2026-02-25 10:13:41 [debug] no execution in db queued to process        [39m 
[34m2026-02-25 10:18:40 [debug] (cycling) check for queueing executions     [39m 
[34m2026-02-25 10:18:41 [debug] no execution in db queued to process        [39m 
[34m2026-02-25 10:23:41 [debug] (cycling) check for queueing executions     [39m 
[34m2026-02-25 10:23:41 [debug] no execution in db queued to process        [39m 
[34m2026-02-25 10:28:41 [debug] (cycling) check for queueing executions     [39m 
[34m2026-02-25 10:28:41 [debug] no execution in db queued to process        [39m 
[34m2026-02-25 10:33:41 [debug] (cycling) check for queueing executions     [39m 
[34m2026-02-25 10:33:41 [debug] no execution in db queued to process        [39m 
[34m2026-02-25 10:38:41 [debug] (cycling) check for queueing executions     [39m 
[34m2026-02-25 10:38:41 [debug] no execution in db queued to process        [39m 
[34m2026-02-25 10:43:41 [debug] (cycling) check for queueing executions     [39m 
[34m2026-02-25 10:43:41 [debug] no execution in db queued to process        [39m 
[34m2026-02-25 10:48:41 [debug] (cycling) check for queueing executions     [39m 
[34m2026-02-25 10:48:41 [debug] no execution in db queued to process        [39m 
[34m2026-02-25 10:53:41 [debug] (cycling) check for queueing executions     [39m 
[34m2026-02-25 10:53:41 [debug] no execution in db queued to process        [39m 
[34m2026-02-25 10:58:41 [debug] (cycling) check for queueing executions     [39m 
[34m2026-02-25 10:58:41 [debug] no execution in db queued to process        [39m 
[34m2026-02-25 11:03:41 [debug] (cycling) check for queueing executions     [39m 
[34m2026-02-25 11:03:41 [debug] no execution in db queued to process        [39m 
[34m2026-02-25 11:08:41 [debug] (cycling) check for queueing executions     [39m 
[34m2026-02-25 11:08:41 [debug] no execution in db queued to process        [39m 
[34m2026-02-25 11:13:41 [debug] (cycling) check for queueing executions     [39m 
[34m2026-02-25 11:13:41 [debug] no execution in db queued to process        [39m 
[34m2026-02-25 11:18:41 [debug] (cycling) check for queueing executions     [39m 
[34m2026-02-25 11:18:41 [debug] no execution in db queued to process        [39m 
[34m2026-02-25 11:23:41 [debug] (cycling) check for queueing executions     [39m 
[34m2026-02-25 11:23:41 [debug] no execution in db queued to process        [39m 
[34m2026-02-25 11:28:41 [debug] (cycling) check for queueing executions     [39m 
[34m2026-02-25 11:28:41 [debug] no execution in db queued to process        [39m 
[34m2026-02-25 11:33:41 [debug] (cycling) check for queueing executions     [39m 
[34m2026-02-25 11:33:41 [debug] no execution in db queued to process        [39m 
[34m2026-02-25 11:38:41 [debug] (cycling) check for queueing executions     [39m 
[34m2026-02-25 11:38:41 [debug] no execution in db queued to process        [39m 
[34m2026-02-25 11:43:41 [debug] (cycling) check for queueing executions     [39m 
[34m2026-02-25 11:43:41 [debug] no execution in db queued to process        [39m 
[34m2026-02-25 11:48:41 [debug] (cycling) check for queueing executions     [39m 
[34m2026-02-25 11:48:41 [debug] no execution in db queued to process        [39m 
[34m2026-02-25 11:53:41 [debug] (cycling) check for queueing executions     [39m 
[34m2026-02-25 11:53:41 [debug] no execution in db queued to process        [39m 
[34m2026-02-25 11:58:41 [debug] (cycling) check for queueing executions     [39m 
[34m2026-02-25 11:58:41 [debug] no execution in db queued to process        [39m 
[34m2026-02-25 12:03:41 [debug] (cycling) check for queueing executions     [39m 
[34m2026-02-25 12:03:41 [debug] no execution in db queued to process        [39m 
[34m2026-02-25 12:08:41 [debug] (cycling) check for queueing executions     [39m 
[34m2026-02-25 12:08:41 [debug] no execution in db queued to process        [39m 
[34m2026-02-25 12:13:41 [debug] (cycling) check for queueing executions     [39m 
[34m2026-02-25 12:13:41 [debug] no execution in db queued to process        [39m 
[34m2026-02-25 12:18:41 [debug] (cycling) check for queueing executions     [39m 
[34m2026-02-25 12:18:41 [debug] no execution in db queued to process        [39m 
[34m2026-02-25 12:23:41 [debug] (cycling) check for queueing executions     [39m 
[34m2026-02-25 12:23:41 [debug] no execution in db queued to process        [39m 
[34m2026-02-25 12:28:41 [debug] (cycling) check for queueing executions     [39m 
[34m2026-02-25 12:28:41 [debug] no execution in db queued to process        [39m 
[34m2026-02-25 12:33:41 [debug] (cycling) check for queueing executions     [39m 
[34m2026-02-25 12:33:41 [debug] no execution in db queued to process        [39m 
[34m2026-02-25 12:38:41 [debug] (cycling) check for queueing executions     [39m 
[34m2026-02-25 12:38:41 [debug] no execution in db queued to process        [39m 
[34m2026-02-25 12:43:41 [debug] (cycling) check for queueing executions     [39m 
[34m2026-02-25 12:43:41 [debug] no execution in db queued to process        [39m 
[34m2026-02-25 12:48:41 [debug] (cycling) check for queueing executions     [39m 
[34m2026-02-25 12:48:41 [debug] no execution in db queued to process        [39m 
[34m2026-02-25 12:53:41 [debug] (cycling) check for queueing executions     [39m 
[34m2026-02-25 12:53:41 [debug] no execution in db queued to process        [39m 
[34m2026-02-25 12:58:41 [debug] (cycling) check for queueing executions     [39m 
[34m2026-02-25 12:58:41 [debug] no execution in db queued to process        [39m 
[34m2026-02-25 13:28:36 [debug] (cycling) check for queueing executions     [39m 
[34m2026-02-25 13:28:37 [debug] no execution in db queued to process        [39m 
[34m2026-02-25 13:33:36 [debug] (cycling) check for queueing executions     [39m 
[34m2026-02-25 13:33:36 [debug] no execution in db queued to process        [39m 
[34m2026-02-25 13:38:36 [debug] (cycling) check for queueing executions     [39m 
[34m2026-02-25 13:38:36 [debug] no execution in db queued to process        [39m 
[34m2026-02-25 13:43:36 [debug] (cycling) check for queueing executions     [39m 
[34m2026-02-25 13:43:36 [debug] no execution in db queued to process        [39m 
[34m2026-02-25 13:48:36 [debug] (cycling) check for queueing executions     [39m 
[34m2026-02-25 13:48:36 [debug] no execution in db queued to process        [39m 
[34m2026-02-25 13:53:36 [debug] (cycling) check for queueing executions     [39m 
[34m2026-02-25 13:53:36 [debug] no execution in db queued to process        [39m 
[34m2026-02-25 13:58:37 [debug] (cycling) check for queueing executions     [39m 
[34m2026-02-25 13:58:37 [debug] no execution in db queued to process        [39m 
[32m2026-02-25 14:00:35 [info]  no more events need to be prepared, dispatching...[39m 
[34m2026-02-25 14:00:35 [debug] last process finished, will do another dispatch[39m 
[34m2026-02-25 14:00:35 [debug] no execution in db queued to process        [39m 
[32m2026-02-25 14:03:03 [info]  no more events need to be prepared, dispatching...[39m 
[34m2026-02-25 14:03:03 [debug] last process finished, will do another dispatch[39m 
[34m2026-02-25 14:03:03 [debug] no execution in db queued to process        [39m 
[34m2026-02-25 14:03:37 [debug] (cycling) check for queueing executions     [39m 
[34m2026-02-25 14:03:37 [debug] no execution in db queued to process        [39m 
[32m2026-02-25 14:08:29 [info]  no more events need to be prepared, dispatching...[39m 
[34m2026-02-25 14:08:29 [debug] last process finished, will do another dispatch[39m 
[34m2026-02-25 14:08:29 [debug] no execution in db queued to process        [39m 
[34m2026-02-25 14:08:37 [debug] (cycling) check for queueing executions     [39m 
[34m2026-02-25 14:08:37 [debug] no execution in db queued to process        [39m 
[32m2026-02-25 14:08:59 [info]  no more events need to be prepared, dispatching...[39m 
[34m2026-02-25 14:08:59 [debug] last process finished, will do another dispatch[39m 
[34m2026-02-25 14:08:59 [debug] no execution in db queued to process        [39m 
[34m2026-02-25 14:13:37 [debug] (cycling) check for queueing executions     [39m 
[34m2026-02-25 14:13:37 [debug] no execution in db queued to process        [39m 
[34m2026-02-25 14:18:37 [debug] (cycling) check for queueing executions     [39m 
[34m2026-02-25 14:18:37 [debug] no execution in db queued to process        [39m 
[32m2026-02-25 14:20:14 [info]  no more events need to be prepared, dispatching...[39m 
[34m2026-02-25 14:20:15 [debug] last process finished, will do another dispatch[39m 
[34m2026-02-25 14:20:15 [debug] no execution in db queued to process        [39m 
[32m2026-02-25 14:20:41 [info]  no more events need to be prepared, dispatching...[39m 
[34m2026-02-25 14:20:41 [debug] last process finished, will do another dispatch[39m 
[34m2026-02-25 14:20:41 [debug] no execution in db queued to process        [39m 
[32m2026-02-25 14:21:30 [info]  no more events need to be prepared, dispatching...[39m 
[34m2026-02-25 14:21:30 [debug] last process finished, will do another dispatch[39m 
[34m2026-02-25 14:21:30 [debug] no execution in db queued to process        [39m 
[34m2026-02-25 14:23:37 [debug] (cycling) check for queueing executions     [39m 
[34m2026-02-25 14:23:37 [debug] no execution in db queued to process        [39m 
[34m2026-02-25 14:28:37 [debug] (cycling) check for queueing executions     [39m 
[34m2026-02-25 14:28:37 [debug] no execution in db queued to process        [39m 
[32m2026-02-25 14:32:47 [info]  no more events need to be prepared, dispatching...[39m 
[34m2026-02-25 14:32:47 [debug] last process finished, will do another dispatch[39m 
[34m2026-02-25 14:32:47 [debug] no execution in db queued to process        [39m 
[32m2026-02-25 14:32:52 [info]  no more events need to be prepared, dispatching...[39m 
[34m2026-02-25 14:32:52 [debug] last process finished, will do another dispatch[39m 
[34m2026-02-25 14:32:52 [debug] no execution in db queued to process        [39m 
[32m2026-02-25 14:32:56 [info]  no more events need to be prepared, dispatching...[39m 
[34m2026-02-25 14:32:56 [debug] last process finished, will do another dispatch[39m 
[34m2026-02-25 14:32:56 [debug] no execution in db queued to process        [39m 
[32m2026-02-25 14:33:02 [info]  no more events need to be prepared, dispatching...[39m 
[34m2026-02-25 14:33:02 [debug] last process finished, will do another dispatch[39m 
[34m2026-02-25 14:33:02 [debug] last process finished, will do another dispatch[39m 
[34m2026-02-25 14:33:02 [debug] no execution in db queued to process        [39m 
[32m2026-02-25 14:33:02 [info]  execution (350176533217281) from queue not found or not in queueing status, skip[39m 
[34m2026-02-25 14:33:37 [debug] (cycling) check for queueing executions     [39m 
[34m2026-02-25 14:33:37 [debug] no execution in db queued to process        [39m 
[34m2026-02-25 14:38:37 [debug] (cycling) check for queueing executions     [39m 
[34m2026-02-25 14:38:37 [debug] no execution in db queued to process        [39m 
[34m2026-02-25 14:43:37 [debug] (cycling) check for queueing executions     [39m 
[34m2026-02-25 14:43:37 [debug] no execution in db queued to process        [39m 
[32m2026-02-25 14:47:49 [info]  no more events need to be prepared, dispatching...[39m 
[34m2026-02-25 14:47:50 [debug] last process finished, will do another dispatch[39m 
[34m2026-02-25 14:47:50 [debug] no execution in db queued to process        [39m 
[32m2026-02-25 14:48:15 [info]  no more events need to be prepared, dispatching...[39m 
[34m2026-02-25 14:48:15 [debug] last process finished, will do another dispatch[39m 
[34m2026-02-25 14:48:15 [debug] no execution in db queued to process        [39m 
[34m2026-02-25 14:48:37 [debug] (cycling) check for queueing executions     [39m 
[34m2026-02-25 14:48:37 [debug] no execution in db queued to process        [39m 
[32m2026-02-25 14:48:41 [info]  no more events need to be prepared, dispatching...[39m 
[34m2026-02-25 14:48:41 [debug] last process finished, will do another dispatch[39m 
[34m2026-02-25 14:48:41 [debug] no execution in db queued to process        [39m 
[34m2026-02-25 14:53:37 [debug] (cycling) check for queueing executions     [39m 
[34m2026-02-25 14:53:37 [debug] no execution in db queued to process        [39m 
[34m2026-02-25 14:58:37 [debug] (cycling) check for queueing executions     [39m 
[34m2026-02-25 14:58:37 [debug] no execution in db queued to process        [39m 
[32m2026-02-25 14:59:45 [info]  no more events need to be prepared, dispatching...[39m 
[34m2026-02-25 14:59:45 [debug] last process finished, will do another dispatch[39m 
[34m2026-02-25 14:59:45 [debug] no execution in db queued to process        [39m 
[32m2026-02-25 14:59:57 [info]  no more events need to be prepared, dispatching...[39m 
[34m2026-02-25 14:59:57 [debug] last process finished, will do another dispatch[39m 
[34m2026-02-25 14:59:57 [debug] no execution in db queued to process        [39m 
[32m2026-02-25 15:00:02 [info]  no more events need to be prepared, dispatching...[39m 
[34m2026-02-25 15:00:02 [debug] last process finished, will do another dispatch[39m 
[34m2026-02-25 15:00:02 [debug] no execution in db queued to process        [39m 
[32m2026-02-25 15:00:08 [info]  no more events need to be prepared, dispatching...[39m 
[34m2026-02-25 15:00:08 [debug] last process finished, will do another dispatch[39m 
[34m2026-02-25 15:00:08 [debug] last process finished, will do another dispatch[39m 
[34m2026-02-25 15:00:08 [debug] no execution in db queued to process        [39m 
[32m2026-02-25 15:00:09 [info]  execution (350179943186433) from queue not found or not in queueing status, skip[39m 
[32m2026-02-25 15:00:39 [info]  no more events need to be prepared, dispatching...[39m 
[34m2026-02-25 15:00:39 [debug] last process finished, will do another dispatch[39m 
[34m2026-02-25 15:00:39 [debug] no execution in db queued to process        [39m 
[32m2026-02-25 15:01:03 [info]  no more events need to be prepared, dispatching...[39m 
[34m2026-02-25 15:01:03 [debug] last process finished, will do another dispatch[39m 
[34m2026-02-25 15:01:03 [debug] no execution in db queued to process        [39m 
[32m2026-02-25 15:01:25 [info]  no more events need to be prepared, dispatching...[39m 
[34m2026-02-25 15:01:25 [debug] last process finished, will do another dispatch[39m 
[34m2026-02-25 15:01:25 [debug] no execution in db queued to process        [39m 
[32m2026-02-25 15:01:48 [info]  no more events need to be prepared, dispatching...[39m 
[34m2026-02-25 15:01:48 [debug] last process finished, will do another dispatch[39m 
[34m2026-02-25 15:01:48 [debug] no execution in db queued to process        [39m 
[34m2026-02-25 15:03:37 [debug] (cycling) check for queueing executions     [39m 
[34m2026-02-25 15:03:37 [debug] no execution in db queued to process        [39m 
[34m2026-02-25 15:08:37 [debug] (cycling) check for queueing executions     [39m 
[34m2026-02-25 15:08:37 [debug] no execution in db queued to process        [39m 
[32m2026-02-25 15:12:05 [info]  no more events need to be prepared, dispatching...[39m 
[34m2026-02-25 15:12:05 [debug] last process finished, will do another dispatch[39m 
[34m2026-02-25 15:12:05 [debug] no execution in db queued to process        [39m 
[32m2026-02-25 15:12:11 [info]  no more events need to be prepared, dispatching...[39m 
[34m2026-02-25 15:12:11 [debug] last process finished, will do another dispatch[39m 
[34m2026-02-25 15:12:11 [debug] no execution in db queued to process        [39m 
[32m2026-02-25 15:12:15 [info]  no more events need to be prepared, dispatching...[39m 
[34m2026-02-25 15:12:15 [debug] last process finished, will do another dispatch[39m 
[34m2026-02-25 15:12:15 [debug] no execution in db queued to process        [39m 
[32m2026-02-25 15:12:20 [info]  no more events need to be prepared, dispatching...[39m 
[34m2026-02-25 15:12:20 [debug] last process finished, will do another dispatch[39m 
[34m2026-02-25 15:12:20 [debug] no execution in db queued to process        [39m 
[32m2026-02-25 15:13:12 [info]  no more events need to be prepared, dispatching...[39m 
[34m2026-02-25 15:13:12 [debug] last process finished, will do another dispatch[39m 
[34m2026-02-25 15:13:12 [debug] no execution in db queued to process        [39m 
[34m2026-02-25 15:13:37 [debug] (cycling) check for queueing executions     [39m 
[34m2026-02-25 15:13:37 [debug] no execution in db queued to process        [39m 
[32m2026-02-25 15:13:48 [info]  no more events need to be prepared, dispatching...[39m 
[34m2026-02-25 15:13:48 [debug] last process finished, will do another dispatch[39m 
[34m2026-02-25 15:13:48 [debug] no execution in db queued to process        [39m 
[32m2026-02-25 15:14:56 [info]  no more events need to be prepared, dispatching...[39m 
[34m2026-02-25 15:14:56 [debug] last process finished, will do another dispatch[39m 
[34m2026-02-25 15:14:56 [debug] no execution in db queued to process        [39m 
[32m2026-02-25 15:15:00 [info]  no more events need to be prepared, dispatching...[39m 
[34m2026-02-25 15:15:00 [debug] last process finished, will do another dispatch[39m 
[34m2026-02-25 15:15:00 [debug] no execution in db queued to process        [39m 
[32m2026-02-25 15:15:58 [info]  no more events need to be prepared, dispatching...[39m 
[34m2026-02-25 15:15:58 [debug] last process finished, will do another dispatch[39m 
[34m2026-02-25 15:15:58 [debug] no execution in db queued to process        [39m 
[32m2026-02-25 15:16:18 [info]  no more events need to be prepared, dispatching...[39m 
[34m2026-02-25 15:16:18 [debug] last process finished, will do another dispatch[39m 
[34m2026-02-25 15:16:18 [debug] no execution in db queued to process        [39m 
[34m2026-02-25 15:18:37 [debug] (cycling) check for queueing executions     [39m 
[34m2026-02-25 15:18:37 [debug] no execution in db queued to process        [39m 
[32m2026-02-25 15:20:50 [info]  no more events need to be prepared, dispatching...[39m 
[34m2026-02-25 15:20:50 [debug] last process finished, will do another dispatch[39m 
[34m2026-02-25 15:20:50 [debug] no execution in db queued to process        [39m 
[34m2026-02-25 15:23:37 [debug] (cycling) check for queueing executions     [39m 
[34m2026-02-25 15:23:37 [debug] no execution in db queued to process        [39m 
[34m2026-02-25 15:28:37 [debug] (cycling) check for queueing executions     [39m 
[34m2026-02-25 15:28:37 [debug] no execution in db queued to process        [39m 
[32m2026-02-25 15:31:48 [info]  no more events need to be prepared, dispatching...[39m 
[34m2026-02-25 15:31:48 [debug] last process finished, will do another dispatch[39m 
[34m2026-02-25 15:31:48 [debug] no execution in db queued to process        [39m 
[32m2026-02-25 15:31:53 [info]  no more events need to be prepared, dispatching...[39m 
[34m2026-02-25 15:31:53 [debug] last process finished, will do another dispatch[39m 
[34m2026-02-25 15:31:53 [debug] last process finished, will do another dispatch[39m 
[34m2026-02-25 15:31:53 [debug] no execution in db queued to process        [39m 
[32m2026-02-25 15:31:54 [info]  execution (350183938260993) from queue not found or not in queueing status, skip[39m 
[34m2026-02-25 15:33:37 [debug] (cycling) check for queueing executions     [39m 
[34m2026-02-25 15:33:37 [debug] no execution in db queued to process        [39m 
[34m2026-02-25 15:38:37 [debug] (cycling) check for queueing executions     [39m 
[34m2026-02-25 15:38:37 [debug] no execution in db queued to process        [39m 
[32m2026-02-25 15:41:18 [info]  no more events need to be prepared, dispatching...[39m 
[34m2026-02-25 15:41:18 [debug] last process finished, will do another dispatch[39m 
[34m2026-02-25 15:41:18 [debug] no execution in db queued to process        [39m 
[32m2026-02-25 15:41:53 [info]  no more events need to be prepared, dispatching...[39m 
[34m2026-02-25 15:41:53 [debug] last process finished, will do another dispatch[39m 
[34m2026-02-25 15:41:53 [debug] no execution in db queued to process        [39m 
[32m2026-02-25 15:42:24 [info]  no more events need to be prepared, dispatching...[39m 
[34m2026-02-25 15:42:24 [debug] last process finished, will do another dispatch[39m 
[34m2026-02-25 15:42:24 [debug] no execution in db queued to process        [39m 
[34m2026-02-25 15:43:37 [debug] (cycling) check for queueing executions     [39m 
[34m2026-02-25 15:43:37 [debug] no execution in db queued to process        [39m 
[34m2026-02-25 15:48:37 [debug] (cycling) check for queueing executions     [39m 
[34m2026-02-25 15:48:37 [debug] no execution in db queued to process        [39m 
[34m2026-02-25 15:53:37 [debug] (cycling) check for queueing executions     [39m 
[34m2026-02-25 15:53:37 [debug] no execution in db queued to process        [39m 
[32m2026-02-25 15:55:49 [info]  no more events need to be prepared, dispatching...[39m 
[34m2026-02-25 15:55:49 [debug] last process finished, will do another dispatch[39m 
[34m2026-02-25 15:55:49 [debug] last process finished, will do another dispatch[39m 
[34m2026-02-25 15:55:49 [debug] no execution in db queued to process        [39m 
[32m2026-02-25 15:55:50 [info]  execution (350186949771265) from queue not found or not in queueing status, skip[39m 
[32m2026-02-25 15:55:55 [info]  no more events need to be prepared, dispatching...[39m 
[34m2026-02-25 15:55:55 [debug] last process finished, will do another dispatch[39m 
[34m2026-02-25 15:55:55 [debug] no execution in db queued to process        [39m 
[32m2026-02-25 15:56:57 [info]  no more events need to be prepared, dispatching...[39m 
[34m2026-02-25 15:56:58 [debug] last process finished, will do another dispatch[39m 
[34m2026-02-25 15:56:58 [debug] no execution in db queued to process        [39m 
[32m2026-02-25 15:57:12 [info]  no more events need to be prepared, dispatching...[39m 
[34m2026-02-25 15:57:12 [debug] last process finished, will do another dispatch[39m 
[34m2026-02-25 15:57:12 [debug] no execution in db queued to process        [39m 
[32m2026-02-25 15:57:35 [info]  no more events need to be prepared, dispatching...[39m 
[34m2026-02-25 15:57:35 [debug] last process finished, will do another dispatch[39m 
[34m2026-02-25 15:57:35 [debug] no execution in db queued to process        [39m 
[34m2026-02-25 15:58:37 [debug] (cycling) check for queueing executions     [39m 
[34m2026-02-25 15:58:37 [debug] no execution in db queued to process        [39m 
[32m2026-02-25 15:58:38 [info]  no more events need to be prepared, dispatching...[39m 
[34m2026-02-25 15:58:38 [debug] last process finished, will do another dispatch[39m 
[34m2026-02-25 15:58:38 [debug] no execution in db queued to process        [39m 
[32m2026-02-25 15:58:54 [info]  no more events need to be prepared, dispatching...[39m 
[34m2026-02-25 15:58:54 [debug] last process finished, will do another dispatch[39m 
[34m2026-02-25 15:58:54 [debug] no execution in db queued to process        [39m 
[32m2026-02-25 16:00:08 [info]  no more events need to be prepared, dispatching...[39m 
[34m2026-02-25 16:00:08 [debug] last process finished, will do another dispatch[39m 
[34m2026-02-25 16:00:08 [debug] last process finished, will do another dispatch[39m 
[34m2026-02-25 16:00:08 [debug] last process finished, will do another dispatch[39m 
[34m2026-02-25 16:00:08 [debug] no execution in db queued to process        [39m 
[32m2026-02-25 16:00:08 [info]  execution (350187492933633) from queue not found or not in queueing status, skip[39m 
[32m2026-02-25 16:00:08 [info]  execution (350187492933634) from queue not found or not in queueing status, skip[39m 
[34m2026-02-25 16:03:37 [debug] (cycling) check for queueing executions     [39m 
[34m2026-02-25 16:03:37 [debug] no execution in db queued to process        [39m 
[32m2026-02-25 16:06:10 [info]  no more events need to be prepared, dispatching...[39m 
[34m2026-02-25 16:06:10 [debug] last process finished, will do another dispatch[39m 
[34m2026-02-25 16:06:10 [debug] no execution in db queued to process        [39m 
[32m2026-02-25 16:06:24 [info]  no more events need to be prepared, dispatching...[39m 
[34m2026-02-25 16:06:24 [debug] last process finished, will do another dispatch[39m 
[34m2026-02-25 16:06:24 [debug] no execution in db queued to process        [39m 
[32m2026-02-25 16:08:33 [info]  no more events need to be prepared, dispatching...[39m 
[34m2026-02-25 16:08:33 [debug] last process finished, will do another dispatch[39m 
[34m2026-02-25 16:08:33 [debug] no execution in db queued to process        [39m 
[34m2026-02-25 16:08:37 [debug] (cycling) check for queueing executions     [39m 
[34m2026-02-25 16:08:37 [debug] no execution in db queued to process        [39m 
[32m2026-02-25 16:08:49 [info]  no more events need to be prepared, dispatching...[39m 
[34m2026-02-25 16:08:49 [debug] last process finished, will do another dispatch[39m 
[34m2026-02-25 16:08:49 [debug] no execution in db queued to process        [39m 
[34m2026-02-25 16:13:37 [debug] (cycling) check for queueing executions     [39m 
[34m2026-02-25 16:13:37 [debug] no execution in db queued to process        [39m 
[34m2026-02-25 16:18:37 [debug] (cycling) check for queueing executions     [39m 
[34m2026-02-25 16:18:37 [debug] no execution in db queued to process        [39m 
[32m2026-02-25 16:21:14 [info]  no more events need to be prepared, dispatching...[39m 
[34m2026-02-25 16:21:14 [debug] last process finished, will do another dispatch[39m 
[34m2026-02-25 16:21:14 [debug] no execution in db queued to process        [39m 
[32m2026-02-25 16:21:31 [info]  no more events need to be prepared, dispatching...[39m 
[34m2026-02-25 16:21:31 [debug] last process finished, will do another dispatch[39m 
[34m2026-02-25 16:21:31 [debug] no execution in db queued to process        [39m 
[34m2026-02-25 16:23:37 [debug] (cycling) check for queueing executions     [39m 
[34m2026-02-25 16:23:37 [debug] no execution in db queued to process        [39m 
[32m2026-02-25 16:25:41 [info]  no more events need to be prepared, dispatching...[39m 
[34m2026-02-25 16:25:41 [debug] last process finished, will do another dispatch[39m 
[34m2026-02-25 16:25:41 [debug] no execution in db queued to process        [39m 
[32m2026-02-25 16:25:56 [info]  no more events need to be prepared, dispatching...[39m 
[34m2026-02-25 16:25:56 [debug] last process finished, will do another dispatch[39m 
[34m2026-02-25 16:25:56 [debug] no execution in db queued to process        [39m 
[34m2026-02-25 16:28:37 [debug] (cycling) check for queueing executions     [39m 
[34m2026-02-25 16:28:37 [debug] no execution in db queued to process        [39m 
[34m2026-02-25 16:33:37 [debug] (cycling) check for queueing executions     [39m 
[34m2026-02-25 16:33:37 [debug] no execution in db queued to process        [39m 
[34m2026-02-25 16:38:37 [debug] (cycling) check for queueing executions     [39m 
[34m2026-02-25 16:38:37 [debug] no execution in db queued to process        [39m 
[32m2026-02-25 16:42:17 [info]  no more events need to be prepared, dispatching...[39m 
[34m2026-02-25 16:42:17 [debug] last process finished, will do another dispatch[39m 
[34m2026-02-25 16:42:17 [debug] no execution in db queued to process        [39m 
[34m2026-02-25 16:43:37 [debug] (cycling) check for queueing executions     [39m 
[34m2026-02-25 16:43:37 [debug] no execution in db queued to process        [39m 
[32m2026-02-25 16:44:25 [info]  no more events need to be prepared, dispatching...[39m 
[34m2026-02-25 16:44:25 [debug] last process finished, will do another dispatch[39m 
[34m2026-02-25 16:44:25 [debug] no execution in db queued to process        [39m 
[32m2026-02-25 16:46:23 [info]  no more events need to be prepared, dispatching...[39m 
[34m2026-02-25 16:46:23 [debug] last process finished, will do another dispatch[39m 
[34m2026-02-25 16:46:23 [debug] no execution in db queued to process        [39m 
[32m2026-02-25 16:46:34 [info]  no more events need to be prepared, dispatching...[39m 
[34m2026-02-25 16:46:34 [debug] last process finished, will do another dispatch[39m 
[34m2026-02-25 16:46:34 [debug] no execution in db queued to process        [39m 
[34m2026-02-25 16:48:37 [debug] (cycling) check for queueing executions     [39m 
[34m2026-02-25 16:48:37 [debug] no execution in db queued to process        [39m 
[32m2026-02-25 16:50:47 [info]  no more events need to be prepared, dispatching...[39m 
[34m2026-02-25 16:50:47 [debug] last process finished, will do another dispatch[39m 
[34m2026-02-25 16:50:47 [debug] no execution in db queued to process        [39m 
[32m2026-02-25 16:50:57 [info]  no more events need to be prepared, dispatching...[39m 
[34m2026-02-25 16:50:57 [debug] last process finished, will do another dispatch[39m 
[34m2026-02-25 16:50:57 [debug] no execution in db queued to process        [39m 
[34m2026-02-25 16:53:37 [debug] (cycling) check for queueing executions     [39m 
[34m2026-02-25 16:53:37 [debug] no execution in db queued to process        [39m 
[34m2026-02-25 16:58:37 [debug] (cycling) check for queueing executions     [39m 
[34m2026-02-25 16:58:37 [debug] no execution in db queued to process        [39m 
[34m2026-02-25 17:03:37 [debug] (cycling) check for queueing executions     [39m 
[34m2026-02-25 17:03:37 [debug] no execution in db queued to process        [39m 
[34m2026-02-25 17:08:37 [debug] (cycling) check for queueing executions     [39m 
[34m2026-02-25 17:08:37 [debug] no execution in db queued to process        [39m 
[34m2026-02-25 17:13:37 [debug] (cycling) check for queueing executions     [39m 
[34m2026-02-25 17:13:37 [debug] no execution in db queued to process        [39m 
[32m2026-02-25 17:16:42 [info]  no more events need to be prepared, dispatching...[39m 
[34m2026-02-25 17:16:42 [debug] last process finished, will do another dispatch[39m 
[34m2026-02-25 17:16:42 [debug] no execution in db queued to process        [39m 
[32m2026-02-25 17:16:53 [info]  no more events need to be prepared, dispatching...[39m 
[34m2026-02-25 17:16:53 [debug] last process finished, will do another dispatch[39m 
[34m2026-02-25 17:16:53 [debug] no execution in db queued to process        [39m 
[32m2026-02-25 17:17:17 [info]  no more events need to be prepared, dispatching...[39m 
[34m2026-02-25 17:17:17 [debug] last process finished, will do another dispatch[39m 
[34m2026-02-25 17:17:17 [debug] no execution in db queued to process        [39m 
[32m2026-02-25 17:17:29 [info]  no more events need to be prepared, dispatching...[39m 
[34m2026-02-25 17:17:29 [debug] last process finished, will do another dispatch[39m 
[34m2026-02-25 17:17:29 [debug] no execution in db queued to process        [39m 
[34m2026-02-25 17:18:37 [debug] (cycling) check for queueing executions     [39m 
[34m2026-02-25 17:18:37 [debug] no execution in db queued to process        [39m 
[34m2026-02-25 17:23:37 [debug] (cycling) check for queueing executions     [39m 
[34m2026-02-25 17:23:37 [debug] no execution in db queued to process        [39m 
[34m2026-02-25 17:28:37 [debug] (cycling) check for queueing executions     [39m 
[34m2026-02-25 17:28:37 [debug] no execution in db queued to process        [39m 
[34m2026-02-25 17:33:37 [debug] (cycling) check for queueing executions     [39m 
[34m2026-02-25 17:33:37 [debug] no execution in db queued to process        [39m 
[34m2026-02-25 17:38:37 [debug] (cycling) check for queueing executions     [39m 
[34m2026-02-25 17:38:37 [debug] no execution in db queued to process        [39m 
[34m2026-02-25 17:43:37 [debug] (cycling) check for queueing executions     [39m 
[34m2026-02-25 17:43:37 [debug] no execution in db queued to process        [39m 
[34m2026-02-25 17:48:37 [debug] (cycling) check for queueing executions     [39m 
[34m2026-02-25 17:48:37 [debug] no execution in db queued to process        [39m 
[34m2026-02-25 17:53:37 [debug] (cycling) check for queueing executions     [39m 
[34m2026-02-25 17:53:37 [debug] no execution in db queued to process        [39m 
[34m2026-02-25 17:58:37 [debug] (cycling) check for queueing executions     [39m 
[34m2026-02-25 17:58:37 [debug] no execution in db queued to process        [39m 
[32m2026-02-25 17:59:02 [info]  no more events need to be prepared, dispatching...[39m 
[34m2026-02-25 17:59:02 [debug] last process finished, will do another dispatch[39m 
[34m2026-02-25 17:59:02 [debug] no execution in db queued to process        [39m 
[32m2026-02-25 17:59:26 [info]  no more events need to be prepared, dispatching...[39m 
[34m2026-02-25 17:59:26 [debug] last process finished, will do another dispatch[39m 
[34m2026-02-25 17:59:26 [debug] no execution in db queued to process        [39m 
[32m2026-02-25 18:00:14 [info]  no more events need to be prepared, dispatching...[39m 
[34m2026-02-25 18:00:14 [debug] last process finished, will do another dispatch[39m 
[34m2026-02-25 18:00:14 [debug] no execution in db queued to process        [39m 
[32m2026-02-25 18:01:35 [info]  no more events need to be prepared, dispatching...[39m 
[34m2026-02-25 18:01:35 [debug] last process finished, will do another dispatch[39m 
[34m2026-02-25 18:01:35 [debug] no execution in db queued to process        [39m 
[32m2026-02-25 18:01:58 [info]  no more events need to be prepared, dispatching...[39m 
[34m2026-02-25 18:01:58 [debug] last process finished, will do another dispatch[39m 
[34m2026-02-25 18:01:58 [debug] no execution in db queued to process        [39m 
