[34m2026-03-04 08:59:31 [debug] (cycling) check for queueing executions     [39m 
[34m2026-03-04 08:59:31 [debug] no execution in db queued to process        [39m 
[34m2026-03-04 09:04:17 [debug] (cycling) check for queueing executions     [39m 
[34m2026-03-04 09:04:17 [debug] no execution in db queued to process        [39m 
[34m2026-03-04 09:09:17 [debug] (cycling) check for queueing executions     [39m 
[34m2026-03-04 09:09:17 [debug] no execution in db queued to process        [39m 
[34m2026-03-04 09:14:17 [debug] (cycling) check for queueing executions     [39m 
[34m2026-03-04 09:14:17 [debug] no execution in db queued to process        [39m 
[34m2026-03-04 09:19:17 [debug] (cycling) check for queueing executions     [39m 
[34m2026-03-04 09:19:17 [debug] no execution in db queued to process        [39m 
[34m2026-03-04 09:24:17 [debug] (cycling) check for queueing executions     [39m 
[34m2026-03-04 09:24:17 [debug] no execution in db queued to process        [39m 
[34m2026-03-04 09:29:17 [debug] (cycling) check for queueing executions     [39m 
[34m2026-03-04 09:29:17 [debug] no execution in db queued to process        [39m 
[34m2026-03-04 09:34:17 [debug] (cycling) check for queueing executions     [39m 
[34m2026-03-04 09:34:17 [debug] no execution in db queued to process        [39m 
[34m2026-03-04 09:39:17 [debug] (cycling) check for queueing executions     [39m 
[34m2026-03-04 09:39:17 [debug] no execution in db queued to process        [39m 
[34m2026-03-04 09:44:17 [debug] (cycling) check for queueing executions     [39m 
[34m2026-03-04 09:44:17 [debug] no execution in db queued to process        [39m 
[34m2026-03-04 09:49:17 [debug] (cycling) check for queueing executions     [39m 
[34m2026-03-04 09:49:17 [debug] no execution in db queued to process        [39m 
[34m2026-03-04 09:54:17 [debug] (cycling) check for queueing executions     [39m 
[34m2026-03-04 09:54:17 [debug] no execution in db queued to process        [39m 
[34m2026-03-04 09:59:17 [debug] (cycling) check for queueing executions     [39m 
[34m2026-03-04 09:59:17 [debug] no execution in db queued to process        [39m 
[34m2026-03-04 10:04:17 [debug] (cycling) check for queueing executions     [39m 
[34m2026-03-04 10:04:17 [debug] no execution in db queued to process        [39m 
[34m2026-03-04 10:09:17 [debug] (cycling) check for queueing executions     [39m 
[34m2026-03-04 10:09:17 [debug] no execution in db queued to process        [39m 
[34m2026-03-04 10:14:17 [debug] (cycling) check for queueing executions     [39m 
[34m2026-03-04 10:14:17 [debug] no execution in db queued to process        [39m 
[34m2026-03-04 10:19:17 [debug] (cycling) check for queueing executions     [39m 
[34m2026-03-04 10:19:17 [debug] no execution in db queued to process        [39m 
[34m2026-03-04 10:24:17 [debug] (cycling) check for queueing executions     [39m 
[34m2026-03-04 10:24:17 [debug] no execution in db queued to process        [39m 
[34m2026-03-04 10:29:17 [debug] (cycling) check for queueing executions     [39m 
[34m2026-03-04 10:29:17 [debug] no execution in db queued to process        [39m 
[34m2026-03-04 10:34:17 [debug] (cycling) check for queueing executions     [39m 
[34m2026-03-04 10:34:17 [debug] no execution in db queued to process        [39m 
[34m2026-03-04 10:39:17 [debug] (cycling) check for queueing executions     [39m 
[34m2026-03-04 10:39:17 [debug] no execution in db queued to process        [39m 
[34m2026-03-04 10:44:17 [debug] (cycling) check for queueing executions     [39m 
[34m2026-03-04 10:44:17 [debug] no execution in db queued to process        [39m 
[34m2026-03-04 10:49:17 [debug] (cycling) check for queueing executions     [39m 
[34m2026-03-04 10:49:17 [debug] no execution in db queued to process        [39m 
[34m2026-03-04 10:54:17 [debug] (cycling) check for queueing executions     [39m 
[34m2026-03-04 10:54:17 [debug] no execution in db queued to process        [39m 
[34m2026-03-04 10:59:17 [debug] (cycling) check for queueing executions     [39m 
[34m2026-03-04 10:59:17 [debug] no execution in db queued to process        [39m 
[34m2026-03-04 11:04:17 [debug] (cycling) check for queueing executions     [39m 
[34m2026-03-04 11:04:17 [debug] no execution in db queued to process        [39m 
[34m2026-03-04 11:09:17 [debug] (cycling) check for queueing executions     [39m 
[34m2026-03-04 11:09:17 [debug] no execution in db queued to process        [39m 
[34m2026-03-04 11:14:17 [debug] (cycling) check for queueing executions     [39m 
[34m2026-03-04 11:14:17 [debug] no execution in db queued to process        [39m 
[34m2026-03-04 11:19:17 [debug] (cycling) check for queueing executions     [39m 
[34m2026-03-04 11:19:17 [debug] no execution in db queued to process        [39m 
[34m2026-03-04 11:24:17 [debug] (cycling) check for queueing executions     [39m 
[34m2026-03-04 11:24:17 [debug] no execution in db queued to process        [39m 
[34m2026-03-04 11:29:17 [debug] (cycling) check for queueing executions     [39m 
[34m2026-03-04 11:29:17 [debug] no execution in db queued to process        [39m 
[34m2026-03-04 11:34:17 [debug] (cycling) check for queueing executions     [39m 
[34m2026-03-04 11:34:17 [debug] no execution in db queued to process        [39m 
[34m2026-03-04 11:39:17 [debug] (cycling) check for queueing executions     [39m 
[34m2026-03-04 11:39:17 [debug] no execution in db queued to process        [39m 
[34m2026-03-04 11:44:17 [debug] (cycling) check for queueing executions     [39m 
[34m2026-03-04 11:44:17 [debug] no execution in db queued to process        [39m 
[34m2026-03-04 11:49:17 [debug] (cycling) check for queueing executions     [39m 
[34m2026-03-04 11:49:17 [debug] no execution in db queued to process        [39m 
[34m2026-03-04 11:54:17 [debug] (cycling) check for queueing executions     [39m 
[34m2026-03-04 11:54:17 [debug] no execution in db queued to process        [39m 
[34m2026-03-04 11:59:17 [debug] (cycling) check for queueing executions     [39m 
[34m2026-03-04 11:59:17 [debug] no execution in db queued to process        [39m 
[34m2026-03-04 12:04:17 [debug] (cycling) check for queueing executions     [39m 
[34m2026-03-04 12:04:17 [debug] no execution in db queued to process        [39m 
[34m2026-03-04 12:09:17 [debug] (cycling) check for queueing executions     [39m 
[34m2026-03-04 12:09:17 [debug] no execution in db queued to process        [39m 
[34m2026-03-04 12:14:17 [debug] (cycling) check for queueing executions     [39m 
[34m2026-03-04 12:14:17 [debug] no execution in db queued to process        [39m 
[34m2026-03-04 12:19:17 [debug] (cycling) check for queueing executions     [39m 
[34m2026-03-04 12:19:17 [debug] no execution in db queued to process        [39m 
[34m2026-03-04 12:24:17 [debug] (cycling) check for queueing executions     [39m 
[34m2026-03-04 12:24:17 [debug] no execution in db queued to process        [39m 
[34m2026-03-04 12:29:17 [debug] (cycling) check for queueing executions     [39m 
[34m2026-03-04 12:29:17 [debug] no execution in db queued to process        [39m 
[34m2026-03-04 12:34:17 [debug] (cycling) check for queueing executions     [39m 
[34m2026-03-04 12:34:17 [debug] no execution in db queued to process        [39m 
[34m2026-03-04 12:39:17 [debug] (cycling) check for queueing executions     [39m 
[34m2026-03-04 12:39:17 [debug] no execution in db queued to process        [39m 
[34m2026-03-04 12:44:17 [debug] (cycling) check for queueing executions     [39m 
[34m2026-03-04 12:44:17 [debug] no execution in db queued to process        [39m 
[34m2026-03-04 12:49:17 [debug] (cycling) check for queueing executions     [39m 
[34m2026-03-04 12:49:17 [debug] no execution in db queued to process        [39m 
[34m2026-03-04 12:54:17 [debug] (cycling) check for queueing executions     [39m 
[34m2026-03-04 12:54:17 [debug] no execution in db queued to process        [39m 
[34m2026-03-04 13:29:44 [debug] (cycling) check for queueing executions     [39m 
[34m2026-03-04 13:29:44 [debug] no execution in db queued to process        [39m 
[34m2026-03-04 13:34:44 [debug] (cycling) check for queueing executions     [39m 
[34m2026-03-04 13:34:44 [debug] no execution in db queued to process        [39m 
[34m2026-03-04 13:39:44 [debug] (cycling) check for queueing executions     [39m 
[34m2026-03-04 13:39:44 [debug] no execution in db queued to process        [39m 
[34m2026-03-04 13:44:44 [debug] (cycling) check for queueing executions     [39m 
[34m2026-03-04 13:44:44 [debug] no execution in db queued to process        [39m 
[34m2026-03-04 13:49:44 [debug] (cycling) check for queueing executions     [39m 
[34m2026-03-04 13:49:44 [debug] no execution in db queued to process        [39m 
[34m2026-03-04 13:54:44 [debug] (cycling) check for queueing executions     [39m 
[34m2026-03-04 13:54:44 [debug] no execution in db queued to process        [39m 
[34m2026-03-04 13:59:44 [debug] (cycling) check for queueing executions     [39m 
[34m2026-03-04 13:59:44 [debug] no execution in db queued to process        [39m 
[34m2026-03-04 14:04:44 [debug] (cycling) check for queueing executions     [39m 
[34m2026-03-04 14:04:44 [debug] no execution in db queued to process        [39m 
[34m2026-03-04 14:09:44 [debug] (cycling) check for queueing executions     [39m 
[34m2026-03-04 14:09:44 [debug] no execution in db queued to process        [39m 
[34m2026-03-04 14:14:44 [debug] (cycling) check for queueing executions     [39m 
[34m2026-03-04 14:14:44 [debug] no execution in db queued to process        [39m 
[34m2026-03-04 14:19:44 [debug] (cycling) check for queueing executions     [39m 
[34m2026-03-04 14:19:44 [debug] no execution in db queued to process        [39m 
[34m2026-03-04 14:24:44 [debug] (cycling) check for queueing executions     [39m 
[34m2026-03-04 14:24:44 [debug] no execution in db queued to process        [39m 
[32m2026-03-04 14:25:29 [info]  no more events need to be prepared, dispatching...[39m 
[34m2026-03-04 14:25:29 [debug] last process finished, will do another dispatch[39m 
[34m2026-03-04 14:25:29 [debug] no execution in db queued to process        [39m 
[32m2026-03-04 14:28:25 [info]  no more events need to be prepared, dispatching...[39m 
[34m2026-03-04 14:28:26 [debug] last process finished, will do another dispatch[39m 
[34m2026-03-04 14:28:26 [debug] no execution in db queued to process        [39m 
[32m2026-03-04 14:28:38 [info]  no more events need to be prepared, dispatching...[39m 
[34m2026-03-04 14:28:38 [debug] last process finished, will do another dispatch[39m 
[34m2026-03-04 14:28:38 [debug] no execution in db queued to process        [39m 
[34m2026-03-04 14:29:44 [debug] (cycling) check for queueing executions     [39m 
[34m2026-03-04 14:29:44 [debug] no execution in db queued to process        [39m 
[34m2026-03-04 14:34:44 [debug] (cycling) check for queueing executions     [39m 
[34m2026-03-04 14:34:44 [debug] no execution in db queued to process        [39m 
[34m2026-03-04 14:39:44 [debug] (cycling) check for queueing executions     [39m 
[34m2026-03-04 14:39:44 [debug] no execution in db queued to process        [39m 
[34m2026-03-04 14:44:44 [debug] (cycling) check for queueing executions     [39m 
[34m2026-03-04 14:44:44 [debug] no execution in db queued to process        [39m 
[34m2026-03-04 14:49:44 [debug] (cycling) check for queueing executions     [39m 
[34m2026-03-04 14:49:44 [debug] no execution in db queued to process        [39m 
[34m2026-03-04 14:54:44 [debug] (cycling) check for queueing executions     [39m 
[34m2026-03-04 14:54:44 [debug] no execution in db queued to process        [39m 
[34m2026-03-04 14:59:44 [debug] (cycling) check for queueing executions     [39m 
[34m2026-03-04 14:59:44 [debug] no execution in db queued to process        [39m 
[34m2026-03-04 15:04:44 [debug] (cycling) check for queueing executions     [39m 
[34m2026-03-04 15:04:44 [debug] no execution in db queued to process        [39m 
[34m2026-03-04 15:09:44 [debug] (cycling) check for queueing executions     [39m 
[34m2026-03-04 15:09:44 [debug] no execution in db queued to process        [39m 
[34m2026-03-04 15:14:44 [debug] (cycling) check for queueing executions     [39m 
[34m2026-03-04 15:14:44 [debug] no execution in db queued to process        [39m 
[34m2026-03-04 15:19:44 [debug] (cycling) check for queueing executions     [39m 
[34m2026-03-04 15:19:44 [debug] no execution in db queued to process        [39m 
[34m2026-03-04 15:24:44 [debug] (cycling) check for queueing executions     [39m 
[34m2026-03-04 15:24:44 [debug] no execution in db queued to process        [39m 
[34m2026-03-04 15:29:44 [debug] (cycling) check for queueing executions     [39m 
[34m2026-03-04 15:29:44 [debug] no execution in db queued to process        [39m 
[32m2026-03-04 15:32:36 [info]  no more events need to be prepared, dispatching...[39m 
[34m2026-03-04 15:32:36 [debug] last process finished, will do another dispatch[39m 
[34m2026-03-04 15:32:37 [debug] last process finished, will do another dispatch[39m 
[34m2026-03-04 15:32:37 [debug] no execution in db queued to process        [39m 
[32m2026-03-04 15:32:37 [info]  execution (351452384526337) from queue not found or not in queueing status, skip[39m 
[34m2026-03-04 15:34:44 [debug] (cycling) check for queueing executions     [39m 
[34m2026-03-04 15:34:44 [debug] no execution in db queued to process        [39m 
[34m2026-03-04 15:39:44 [debug] (cycling) check for queueing executions     [39m 
[34m2026-03-04 15:39:44 [debug] no execution in db queued to process        [39m 
[34m2026-03-04 15:44:44 [debug] (cycling) check for queueing executions     [39m 
[34m2026-03-04 15:44:44 [debug] no execution in db queued to process        [39m 
[34m2026-03-04 15:49:44 [debug] (cycling) check for queueing executions     [39m 
[34m2026-03-04 15:49:44 [debug] no execution in db queued to process        [39m 
[34m2026-03-04 15:54:44 [debug] (cycling) check for queueing executions     [39m 
[34m2026-03-04 15:54:44 [debug] no execution in db queued to process        [39m 
[34m2026-03-04 15:59:44 [debug] (cycling) check for queueing executions     [39m 
[34m2026-03-04 15:59:44 [debug] no execution in db queued to process        [39m 
[34m2026-03-04 16:04:44 [debug] (cycling) check for queueing executions     [39m 
[34m2026-03-04 16:04:44 [debug] no execution in db queued to process        [39m 
[34m2026-03-04 16:09:44 [debug] (cycling) check for queueing executions     [39m 
[34m2026-03-04 16:09:44 [debug] no execution in db queued to process        [39m 
[34m2026-03-04 16:14:44 [debug] (cycling) check for queueing executions     [39m 
[34m2026-03-04 16:14:44 [debug] no execution in db queued to process        [39m 
[34m2026-03-04 16:19:44 [debug] (cycling) check for queueing executions     [39m 
[34m2026-03-04 16:19:44 [debug] no execution in db queued to process        [39m 
[34m2026-03-04 16:24:44 [debug] (cycling) check for queueing executions     [39m 
[34m2026-03-04 16:24:44 [debug] no execution in db queued to process        [39m 
[34m2026-03-04 16:29:44 [debug] (cycling) check for queueing executions     [39m 
[34m2026-03-04 16:29:44 [debug] no execution in db queued to process        [39m 
[34m2026-03-04 16:34:44 [debug] (cycling) check for queueing executions     [39m 
[34m2026-03-04 16:34:44 [debug] no execution in db queued to process        [39m 
[34m2026-03-04 16:39:44 [debug] (cycling) check for queueing executions     [39m 
[34m2026-03-04 16:39:44 [debug] no execution in db queued to process        [39m 
[34m2026-03-04 16:44:44 [debug] (cycling) check for queueing executions     [39m 
[34m2026-03-04 16:44:44 [debug] no execution in db queued to process        [39m 
[34m2026-03-04 16:49:44 [debug] (cycling) check for queueing executions     [39m 
[34m2026-03-04 16:49:44 [debug] no execution in db queued to process        [39m 
[34m2026-03-04 16:54:44 [debug] (cycling) check for queueing executions     [39m 
[34m2026-03-04 16:54:44 [debug] no execution in db queued to process        [39m 
[34m2026-03-04 16:59:44 [debug] (cycling) check for queueing executions     [39m 
[34m2026-03-04 16:59:44 [debug] no execution in db queued to process        [39m 
[34m2026-03-04 17:04:44 [debug] (cycling) check for queueing executions     [39m 
[34m2026-03-04 17:04:44 [debug] no execution in db queued to process        [39m 
[34m2026-03-04 17:09:44 [debug] (cycling) check for queueing executions     [39m 
[34m2026-03-04 17:09:44 [debug] no execution in db queued to process        [39m 
[34m2026-03-04 17:14:44 [debug] (cycling) check for queueing executions     [39m 
[34m2026-03-04 17:14:44 [debug] no execution in db queued to process        [39m 
[34m2026-03-04 17:19:44 [debug] (cycling) check for queueing executions     [39m 
[34m2026-03-04 17:19:44 [debug] no execution in db queued to process        [39m 
[34m2026-03-04 17:24:44 [debug] (cycling) check for queueing executions     [39m 
[34m2026-03-04 17:24:44 [debug] no execution in db queued to process        [39m 
[34m2026-03-04 17:29:44 [debug] (cycling) check for queueing executions     [39m 
[34m2026-03-04 17:29:44 [debug] no execution in db queued to process        [39m 
[34m2026-03-04 17:34:44 [debug] (cycling) check for queueing executions     [39m 
[34m2026-03-04 17:34:44 [debug] no execution in db queued to process        [39m 
[34m2026-03-04 17:39:44 [debug] (cycling) check for queueing executions     [39m 
[34m2026-03-04 17:39:44 [debug] no execution in db queued to process        [39m 
[34m2026-03-04 17:44:44 [debug] (cycling) check for queueing executions     [39m 
[34m2026-03-04 17:44:44 [debug] no execution in db queued to process        [39m 
[34m2026-03-04 17:49:44 [debug] (cycling) check for queueing executions     [39m 
[34m2026-03-04 17:49:45 [debug] no execution in db queued to process        [39m 
[34m2026-03-04 17:54:44 [debug] (cycling) check for queueing executions     [39m 
[34m2026-03-04 17:54:45 [debug] no execution in db queued to process        [39m 
[34m2026-03-04 17:59:44 [debug] (cycling) check for queueing executions     [39m 
[34m2026-03-04 17:59:45 [debug] no execution in db queued to process        [39m 
[34m2026-03-04 18:04:44 [debug] (cycling) check for queueing executions     [39m 
[34m2026-03-04 18:04:45 [debug] no execution in db queued to process        [39m 
