[34m2026-02-26 09:01:39 [debug] (cycling) check for queueing executions     [39m 
[34m2026-02-26 09:01:40 [debug] no execution in db queued to process        [39m 
[34m2026-02-26 09:06:39 [debug] (cycling) check for queueing executions     [39m 
[34m2026-02-26 09:06:39 [debug] no execution in db queued to process        [39m 
[34m2026-02-26 09:11:39 [debug] (cycling) check for queueing executions     [39m 
[34m2026-02-26 09:11:39 [debug] no execution in db queued to process        [39m 
[34m2026-02-26 09:16:39 [debug] (cycling) check for queueing executions     [39m 
[34m2026-02-26 09:16:39 [debug] no execution in db queued to process        [39m 
[32m2026-02-26 09:19:39 [info]  no more events need to be prepared, dispatching...[39m 
[34m2026-02-26 09:19:39 [debug] last process finished, will do another dispatch[39m 
[34m2026-02-26 09:19:39 [debug] no execution in db queued to process        [39m 
[34m2026-02-26 09:21:39 [debug] (cycling) check for queueing executions     [39m 
[34m2026-02-26 09:21:39 [debug] no execution in db queued to process        [39m 
[34m2026-02-26 09:26:39 [debug] (cycling) check for queueing executions     [39m 
[34m2026-02-26 09:26:39 [debug] no execution in db queued to process        [39m 
[34m2026-02-26 09:31:39 [debug] (cycling) check for queueing executions     [39m 
[34m2026-02-26 09:31:39 [debug] no execution in db queued to process        [39m 
[32m2026-02-26 09:35:08 [info]  no more events need to be prepared, dispatching...[39m 
[34m2026-02-26 09:35:08 [debug] last process finished, will do another dispatch[39m 
[34m2026-02-26 09:35:08 [debug] last process finished, will do another dispatch[39m 
[34m2026-02-26 09:35:08 [debug] no execution in db queued to process        [39m 
[32m2026-02-26 09:35:08 [info]  execution (350320242655233) from queue not found or not in queueing status, skip[39m 
[32m2026-02-26 09:35:21 [info]  no more events need to be prepared, dispatching...[39m 
[34m2026-02-26 09:35:21 [debug] last process finished, will do another dispatch[39m 
[34m2026-02-26 09:35:21 [debug] last process finished, will do another dispatch[39m 
[34m2026-02-26 09:35:21 [debug] no execution in db queued to process        [39m 
[32m2026-02-26 09:35:21 [info]  execution (350320269918209) from queue not found or not in queueing status, skip[39m 
[34m2026-02-26 09:36:39 [debug] (cycling) check for queueing executions     [39m 
[34m2026-02-26 09:36:39 [debug] no execution in db queued to process        [39m 
[32m2026-02-26 09:36:56 [info]  no more events need to be prepared, dispatching...[39m 
[34m2026-02-26 09:36:56 [debug] last process finished, will do another dispatch[39m 
[34m2026-02-26 09:36:56 [debug] no execution in db queued to process        [39m 
[32m2026-02-26 09:37:18 [info]  no more events need to be prepared, dispatching...[39m 
[34m2026-02-26 09:37:18 [debug] last process finished, will do another dispatch[39m 
[34m2026-02-26 09:37:18 [debug] no execution in db queued to process        [39m 
[34m2026-02-26 09:41:39 [debug] (cycling) check for queueing executions     [39m 
[34m2026-02-26 09:41:39 [debug] no execution in db queued to process        [39m 
[32m2026-02-26 09:44:37 [info]  no more events need to be prepared, dispatching...[39m 
[34m2026-02-26 09:44:37 [debug] last process finished, will do another dispatch[39m 
[34m2026-02-26 09:44:37 [debug] last process finished, will do another dispatch[39m 
[34m2026-02-26 09:44:37 [debug] no execution in db queued to process        [39m 
[32m2026-02-26 09:44:37 [info]  execution (350321435934721) from queue not found or not in queueing status, skip[39m 
[32m2026-02-26 09:45:10 [info]  no more events need to be prepared, dispatching...[39m 
[34m2026-02-26 09:45:10 [debug] last process finished, will do another dispatch[39m 
[34m2026-02-26 09:45:10 [debug] no execution in db queued to process        [39m 
[32m2026-02-26 09:45:30 [info]  no more events need to be prepared, dispatching...[39m 
[34m2026-02-26 09:45:31 [debug] last process finished, will do another dispatch[39m 
[34m2026-02-26 09:45:31 [debug] no execution in db queued to process        [39m 
[32m2026-02-26 09:46:02 [info]  no more events need to be prepared, dispatching...[39m 
[34m2026-02-26 09:46:02 [debug] last process finished, will do another dispatch[39m 
[34m2026-02-26 09:46:02 [debug] no execution in db queued to process        [39m 
[34m2026-02-26 09:46:39 [debug] (cycling) check for queueing executions     [39m 
[34m2026-02-26 09:46:39 [debug] no execution in db queued to process        [39m 
[34m2026-02-26 09:51:39 [debug] (cycling) check for queueing executions     [39m 
[34m2026-02-26 09:51:39 [debug] no execution in db queued to process        [39m 
[34m2026-02-26 09:56:39 [debug] (cycling) check for queueing executions     [39m 
[34m2026-02-26 09:56:39 [debug] no execution in db queued to process        [39m 
[34m2026-02-26 10:01:39 [debug] (cycling) check for queueing executions     [39m 
[34m2026-02-26 10:01:39 [debug] no execution in db queued to process        [39m 
[34m2026-02-26 10:06:39 [debug] (cycling) check for queueing executions     [39m 
[34m2026-02-26 10:06:39 [debug] no execution in db queued to process        [39m 
[34m2026-02-26 10:11:39 [debug] (cycling) check for queueing executions     [39m 
[34m2026-02-26 10:11:39 [debug] no execution in db queued to process        [39m 
[32m2026-02-26 10:11:45 [info]  no more events need to be prepared, dispatching...[39m 
[34m2026-02-26 10:11:45 [debug] last process finished, will do another dispatch[39m 
[34m2026-02-26 10:11:45 [debug] last process finished, will do another dispatch[39m 
[34m2026-02-26 10:11:45 [debug] last process finished, will do another dispatch[39m 
[34m2026-02-26 10:11:45 [debug] no execution in db queued to process        [39m 
[32m2026-02-26 10:11:46 [info]  execution (350324850098177) from queue not found or not in queueing status, skip[39m 
[32m2026-02-26 10:11:46 [info]  execution (350324850098178) from queue not found or not in queueing status, skip[39m 
[32m2026-02-26 10:14:50 [info]  no more events need to be prepared, dispatching...[39m 
[34m2026-02-26 10:14:51 [debug] last process finished, will do another dispatch[39m 
[34m2026-02-26 10:14:51 [debug] no execution in db queued to process        [39m 
[32m2026-02-26 10:15:06 [info]  no more events need to be prepared, dispatching...[39m 
[34m2026-02-26 10:15:06 [debug] last process finished, will do another dispatch[39m 
[34m2026-02-26 10:15:06 [debug] no execution in db queued to process        [39m 
[34m2026-02-26 10:16:39 [debug] (cycling) check for queueing executions     [39m 
[34m2026-02-26 10:16:39 [debug] no execution in db queued to process        [39m 
[34m2026-02-26 10:21:39 [debug] (cycling) check for queueing executions     [39m 
[34m2026-02-26 10:21:39 [debug] no execution in db queued to process        [39m 
[34m2026-02-26 10:26:39 [debug] (cycling) check for queueing executions     [39m 
[34m2026-02-26 10:26:39 [debug] no execution in db queued to process        [39m 
[32m2026-02-26 10:27:53 [info]  no more events need to be prepared, dispatching...[39m 
[34m2026-02-26 10:27:53 [debug] last process finished, will do another dispatch[39m 
[34m2026-02-26 10:27:53 [debug] no execution in db queued to process        [39m 
[34m2026-02-26 10:31:39 [debug] (cycling) check for queueing executions     [39m 
[34m2026-02-26 10:31:39 [debug] no execution in db queued to process        [39m 
[32m2026-02-26 10:32:22 [info]  no more events need to be prepared, dispatching...[39m 
[34m2026-02-26 10:32:22 [debug] last process finished, will do another dispatch[39m 
[34m2026-02-26 10:32:22 [debug] last process finished, will do another dispatch[39m 
[34m2026-02-26 10:32:22 [debug] last process finished, will do another dispatch[39m 
[34m2026-02-26 10:32:22 [debug] last process finished, will do another dispatch[39m 
[34m2026-02-26 10:32:22 [debug] last process finished, will do another dispatch[39m 
[34m2026-02-26 10:32:22 [debug] last process finished, will do another dispatch[39m 
[34m2026-02-26 10:32:22 [debug] last process finished, will do another dispatch[39m 
[34m2026-02-26 10:32:22 [debug] last process finished, will do another dispatch[39m 
[34m2026-02-26 10:32:22 [debug] no execution in db queued to process        [39m 
[32m2026-02-26 10:32:22 [info]  execution (350327444275201) from queue not found or not in queueing status, skip[39m 
[32m2026-02-26 10:32:23 [info]  execution (350327444275202) from queue not found or not in queueing status, skip[39m 
[32m2026-02-26 10:32:23 [info]  execution (350327444275203) from queue not found or not in queueing status, skip[39m 
[32m2026-02-26 10:32:23 [info]  execution (350327444275204) from queue not found or not in queueing status, skip[39m 
[32m2026-02-26 10:32:23 [info]  execution (350327444275205) from queue not found or not in queueing status, skip[39m 
[32m2026-02-26 10:32:24 [info]  execution (350327444275206) from queue not found or not in queueing status, skip[39m 
[32m2026-02-26 10:32:24 [info]  execution (350327444275207) from queue not found or not in queueing status, skip[39m 
[34m2026-02-26 10:36:39 [debug] (cycling) check for queueing executions     [39m 
[34m2026-02-26 10:36:39 [debug] no execution in db queued to process        [39m 
[32m2026-02-26 10:41:20 [info]  no more events need to be prepared, dispatching...[39m 
[34m2026-02-26 10:41:20 [debug] last process finished, will do another dispatch[39m 
[34m2026-02-26 10:41:20 [debug] no execution in db queued to process        [39m 
[34m2026-02-26 10:41:39 [debug] (cycling) check for queueing executions     [39m 
[34m2026-02-26 10:41:39 [debug] no execution in db queued to process        [39m 
[32m2026-02-26 10:41:45 [info]  no more events need to be prepared, dispatching...[39m 
[34m2026-02-26 10:41:45 [debug] last process finished, will do another dispatch[39m 
[34m2026-02-26 10:41:45 [debug] no execution in db queued to process        [39m 
[32m2026-02-26 10:42:13 [info]  no more events need to be prepared, dispatching...[39m 
[34m2026-02-26 10:42:13 [debug] last process finished, will do another dispatch[39m 
[34m2026-02-26 10:42:13 [debug] no execution in db queued to process        [39m 
[32m2026-02-26 10:44:06 [info]  no more events need to be prepared, dispatching...[39m 
[34m2026-02-26 10:44:07 [debug] last process finished, will do another dispatch[39m 
[34m2026-02-26 10:44:07 [debug] no execution in db queued to process        [39m 
[34m2026-02-26 10:46:39 [debug] (cycling) check for queueing executions     [39m 
[34m2026-02-26 10:46:39 [debug] no execution in db queued to process        [39m 
[32m2026-02-26 10:51:30 [info]  no more events need to be prepared, dispatching...[39m 
[34m2026-02-26 10:51:30 [debug] last process finished, will do another dispatch[39m 
[34m2026-02-26 10:51:30 [debug] no execution in db queued to process        [39m 
[34m2026-02-26 10:51:39 [debug] (cycling) check for queueing executions     [39m 
[34m2026-02-26 10:51:39 [debug] no execution in db queued to process        [39m 
[34m2026-02-26 10:56:39 [debug] (cycling) check for queueing executions     [39m 
[34m2026-02-26 10:56:39 [debug] no execution in db queued to process        [39m 
[34m2026-02-26 11:01:39 [debug] (cycling) check for queueing executions     [39m 
[34m2026-02-26 11:01:40 [debug] no execution in db queued to process        [39m 
[34m2026-02-26 11:06:40 [debug] (cycling) check for queueing executions     [39m 
[34m2026-02-26 11:06:40 [debug] no execution in db queued to process        [39m 
[34m2026-02-26 11:11:40 [debug] (cycling) check for queueing executions     [39m 
[34m2026-02-26 11:11:40 [debug] no execution in db queued to process        [39m 
[34m2026-02-26 11:16:40 [debug] (cycling) check for queueing executions     [39m 
[34m2026-02-26 11:16:40 [debug] no execution in db queued to process        [39m 
[34m2026-02-26 11:21:40 [debug] (cycling) check for queueing executions     [39m 
[34m2026-02-26 11:21:40 [debug] no execution in db queued to process        [39m 
[34m2026-02-26 11:26:40 [debug] (cycling) check for queueing executions     [39m 
[34m2026-02-26 11:26:40 [debug] no execution in db queued to process        [39m 
[34m2026-02-26 11:31:40 [debug] (cycling) check for queueing executions     [39m 
[34m2026-02-26 11:31:40 [debug] no execution in db queued to process        [39m 
[32m2026-02-26 11:33:44 [info]  no more events need to be prepared, dispatching...[39m 
[34m2026-02-26 11:33:44 [debug] last process finished, will do another dispatch[39m 
[34m2026-02-26 11:33:44 [debug] last process finished, will do another dispatch[39m 
[34m2026-02-26 11:33:44 [debug] no execution in db queued to process        [39m 
[32m2026-02-26 11:33:44 [info]  execution (350335165988866) from queue not found or not in queueing status, skip[39m 
[32m2026-02-26 11:34:03 [info]  no more events need to be prepared, dispatching...[39m 
[34m2026-02-26 11:34:03 [debug] last process finished, will do another dispatch[39m 
[34m2026-02-26 11:34:04 [debug] last process finished, will do another dispatch[39m 
[34m2026-02-26 11:34:04 [debug] no execution in db queued to process        [39m 
[32m2026-02-26 11:34:04 [info]  execution (350335205834754) from queue not found or not in queueing status, skip[39m 
[32m2026-02-26 11:34:27 [info]  no more events need to be prepared, dispatching...[39m 
[34m2026-02-26 11:34:27 [debug] last process finished, will do another dispatch[39m 
[34m2026-02-26 11:34:27 [debug] last process finished, will do another dispatch[39m 
[34m2026-02-26 11:34:27 [debug] no execution in db queued to process        [39m 
[32m2026-02-26 11:34:27 [info]  execution (350335256166402) from queue not found or not in queueing status, skip[39m 
[32m2026-02-26 11:34:52 [info]  no more events need to be prepared, dispatching...[39m 
[34m2026-02-26 11:34:52 [debug] last process finished, will do another dispatch[39m 
[34m2026-02-26 11:34:52 [debug] last process finished, will do another dispatch[39m 
[34m2026-02-26 11:34:52 [debug] no execution in db queued to process        [39m 
[32m2026-02-26 11:34:53 [info]  execution (350335308595202) from queue not found or not in queueing status, skip[39m 
[32m2026-02-26 11:35:24 [info]  no more events need to be prepared, dispatching...[39m 
[34m2026-02-26 11:35:24 [debug] last process finished, will do another dispatch[39m 
[34m2026-02-26 11:35:24 [debug] last process finished, will do another dispatch[39m 
[34m2026-02-26 11:35:24 [debug] no execution in db queued to process        [39m 
[32m2026-02-26 11:35:24 [info]  execution (350335375704066) from queue not found or not in queueing status, skip[39m 
[34m2026-02-26 11:36:40 [debug] (cycling) check for queueing executions     [39m 
[34m2026-02-26 11:36:40 [debug] no execution in db queued to process        [39m 
[32m2026-02-26 11:40:21 [info]  no more events need to be prepared, dispatching...[39m 
[34m2026-02-26 11:40:21 [debug] last process finished, will do another dispatch[39m 
[34m2026-02-26 11:40:21 [debug] last process finished, will do another dispatch[39m 
[34m2026-02-26 11:40:21 [debug] no execution in db queued to process        [39m 
[32m2026-02-26 11:40:22 [info]  execution (350335998558210) from queue not found or not in queueing status, skip[39m 
[32m2026-02-26 11:40:48 [info]  no more events need to be prepared, dispatching...[39m 
[34m2026-02-26 11:40:48 [debug] last process finished, will do another dispatch[39m 
[34m2026-02-26 11:40:49 [debug] last process finished, will do another dispatch[39m 
[34m2026-02-26 11:40:49 [debug] no execution in db queued to process        [39m 
[32m2026-02-26 11:40:49 [info]  execution (350336055181314) from queue not found or not in queueing status, skip[39m 
[34m2026-02-26 11:41:40 [debug] (cycling) check for queueing executions     [39m 
[34m2026-02-26 11:41:40 [debug] no execution in db queued to process        [39m 
[32m2026-02-26 11:44:39 [info]  no more events need to be prepared, dispatching...[39m 
[34m2026-02-26 11:44:39 [debug] last process finished, will do another dispatch[39m 
[34m2026-02-26 11:44:39 [debug] last process finished, will do another dispatch[39m 
[34m2026-02-26 11:44:39 [debug] no execution in db queued to process        [39m 
[32m2026-02-26 11:44:39 [info]  execution (350336539623426) from queue not found or not in queueing status, skip[39m 
[32m2026-02-26 11:45:00 [info]  no more events need to be prepared, dispatching...[39m 
[34m2026-02-26 11:45:00 [debug] last process finished, will do another dispatch[39m 
[34m2026-02-26 11:45:00 [debug] last process finished, will do another dispatch[39m 
[34m2026-02-26 11:45:00 [debug] no execution in db queued to process        [39m 
[32m2026-02-26 11:45:00 [info]  execution (350336583663618) from queue not found or not in queueing status, skip[39m 
[34m2026-02-26 11:46:40 [debug] (cycling) check for queueing executions     [39m 
[34m2026-02-26 11:46:40 [debug] no execution in db queued to process        [39m 
[32m2026-02-26 11:50:39 [info]  no more events need to be prepared, dispatching...[39m 
[34m2026-02-26 11:50:39 [debug] last process finished, will do another dispatch[39m 
[34m2026-02-26 11:50:39 [debug] no execution in db queued to process        [39m 
[32m2026-02-26 11:51:14 [info]  no more events need to be prepared, dispatching...[39m 
[34m2026-02-26 11:51:14 [debug] last process finished, will do another dispatch[39m 
[34m2026-02-26 11:51:14 [debug] no execution in db queued to process        [39m 
[32m2026-02-26 11:51:28 [info]  no more events need to be prepared, dispatching...[39m 
[34m2026-02-26 11:51:28 [debug] last process finished, will do another dispatch[39m 
[34m2026-02-26 11:51:28 [debug] no execution in db queued to process        [39m 
[34m2026-02-26 11:51:40 [debug] (cycling) check for queueing executions     [39m 
[34m2026-02-26 11:51:40 [debug] no execution in db queued to process        [39m 
[34m2026-02-26 11:56:40 [debug] (cycling) check for queueing executions     [39m 
[34m2026-02-26 11:56:40 [debug] no execution in db queued to process        [39m 
[34m2026-02-26 12:01:40 [debug] (cycling) check for queueing executions     [39m 
[34m2026-02-26 12:01:40 [debug] no execution in db queued to process        [39m 
[34m2026-02-26 12:06:40 [debug] (cycling) check for queueing executions     [39m 
[34m2026-02-26 12:06:40 [debug] no execution in db queued to process        [39m 
[34m2026-02-26 12:11:40 [debug] (cycling) check for queueing executions     [39m 
[34m2026-02-26 12:11:40 [debug] no execution in db queued to process        [39m 
[34m2026-02-26 12:16:40 [debug] (cycling) check for queueing executions     [39m 
[34m2026-02-26 12:16:40 [debug] no execution in db queued to process        [39m 
[34m2026-02-26 12:21:40 [debug] (cycling) check for queueing executions     [39m 
[34m2026-02-26 12:21:40 [debug] no execution in db queued to process        [39m 
[34m2026-02-26 12:26:40 [debug] (cycling) check for queueing executions     [39m 
[34m2026-02-26 12:26:40 [debug] no execution in db queued to process        [39m 
[34m2026-02-26 12:31:40 [debug] (cycling) check for queueing executions     [39m 
[34m2026-02-26 12:31:40 [debug] no execution in db queued to process        [39m 
[34m2026-02-26 12:36:40 [debug] (cycling) check for queueing executions     [39m 
[34m2026-02-26 12:36:40 [debug] no execution in db queued to process        [39m 
[34m2026-02-26 12:41:40 [debug] (cycling) check for queueing executions     [39m 
[34m2026-02-26 12:41:40 [debug] no execution in db queued to process        [39m 
[34m2026-02-26 12:46:40 [debug] (cycling) check for queueing executions     [39m 
[34m2026-02-26 12:46:40 [debug] no execution in db queued to process        [39m 
[34m2026-02-26 12:51:40 [debug] (cycling) check for queueing executions     [39m 
[34m2026-02-26 12:51:40 [debug] no execution in db queued to process        [39m 
[34m2026-02-26 12:56:40 [debug] (cycling) check for queueing executions     [39m 
[34m2026-02-26 12:56:40 [debug] no execution in db queued to process        [39m 
[34m2026-02-26 13:28:41 [debug] (cycling) check for queueing executions     [39m 
[34m2026-02-26 13:28:43 [debug] no execution in db queued to process        [39m 
[34m2026-02-26 13:33:41 [debug] (cycling) check for queueing executions     [39m 
[34m2026-02-26 13:33:41 [debug] no execution in db queued to process        [39m 
[34m2026-02-26 13:38:41 [debug] (cycling) check for queueing executions     [39m 
[34m2026-02-26 13:38:41 [debug] no execution in db queued to process        [39m 
[32m2026-02-26 13:39:53 [info]  no more events need to be prepared, dispatching...[39m 
[34m2026-02-26 13:39:54 [debug] last process finished, will do another dispatch[39m 
[34m2026-02-26 13:39:54 [debug] no execution in db queued to process        [39m 
[32m2026-02-26 13:40:06 [info]  no more events need to be prepared, dispatching...[39m 
[34m2026-02-26 13:40:06 [debug] last process finished, will do another dispatch[39m 
[34m2026-02-26 13:40:06 [debug] no execution in db queued to process        [39m 
[32m2026-02-26 13:40:36 [info]  no more events need to be prepared, dispatching...[39m 
[34m2026-02-26 13:40:36 [debug] last process finished, will do another dispatch[39m 
[34m2026-02-26 13:40:36 [debug] no execution in db queued to process        [39m 
[32m2026-02-26 13:42:31 [info]  no more events need to be prepared, dispatching...[39m 
[34m2026-02-26 13:42:32 [debug] last process finished, will do another dispatch[39m 
[34m2026-02-26 13:42:32 [debug] no execution in db queued to process        [39m 
[32m2026-02-26 13:43:04 [info]  no more events need to be prepared, dispatching...[39m 
[34m2026-02-26 13:43:04 [debug] last process finished, will do another dispatch[39m 
[34m2026-02-26 13:43:04 [debug] no execution in db queued to process        [39m 
[32m2026-02-26 13:43:41 [info]  no more events need to be prepared, dispatching...[39m 
[34m2026-02-26 13:43:41 [debug] last process finished, will do another dispatch[39m 
[34m2026-02-26 13:43:41 [debug] no execution in db queued to process        [39m 
[34m2026-02-26 13:43:41 [debug] (cycling) check for queueing executions     [39m 
[34m2026-02-26 13:43:41 [debug] no execution in db queued to process        [39m 
[32m2026-02-26 13:44:41 [info]  no more events need to be prepared, dispatching...[39m 
[34m2026-02-26 13:44:41 [debug] last process finished, will do another dispatch[39m 
[34m2026-02-26 13:44:41 [debug] no execution in db queued to process        [39m 
[32m2026-02-26 13:45:18 [info]  no more events need to be prepared, dispatching...[39m 
[34m2026-02-26 13:45:18 [debug] last process finished, will do another dispatch[39m 
[34m2026-02-26 13:45:18 [debug] no execution in db queued to process        [39m 
[32m2026-02-26 13:46:33 [info]  no more events need to be prepared, dispatching...[39m 
[34m2026-02-26 13:46:33 [debug] last process finished, will do another dispatch[39m 
[34m2026-02-26 13:46:33 [debug] no execution in db queued to process        [39m 
[32m2026-02-26 13:47:59 [info]  no more events need to be prepared, dispatching...[39m 
[34m2026-02-26 13:47:59 [debug] last process finished, will do another dispatch[39m 
[34m2026-02-26 13:47:59 [debug] no execution in db queued to process        [39m 
[34m2026-02-26 13:48:41 [debug] (cycling) check for queueing executions     [39m 
[34m2026-02-26 13:48:41 [debug] no execution in db queued to process        [39m 
[32m2026-02-26 13:49:32 [info]  no more events need to be prepared, dispatching...[39m 
[34m2026-02-26 13:49:33 [debug] last process finished, will do another dispatch[39m 
[34m2026-02-26 13:49:33 [debug] no execution in db queued to process        [39m 
[34m2026-02-26 13:53:41 [debug] (cycling) check for queueing executions     [39m 
[34m2026-02-26 13:53:41 [debug] no execution in db queued to process        [39m 
[34m2026-02-26 13:58:41 [debug] (cycling) check for queueing executions     [39m 
[34m2026-02-26 13:58:41 [debug] no execution in db queued to process        [39m 
[32m2026-02-26 14:00:27 [info]  no more events need to be prepared, dispatching...[39m 
[34m2026-02-26 14:00:27 [debug] last process finished, will do another dispatch[39m 
[34m2026-02-26 14:00:27 [debug] last process finished, will do another dispatch[39m 
[34m2026-02-26 14:00:27 [debug] last process finished, will do another dispatch[39m 
[34m2026-02-26 14:00:27 [debug] no execution in db queued to process        [39m 
[32m2026-02-26 14:00:27 [info]  execution (350353627217920) from queue not found or not in queueing status, skip[39m 
[32m2026-02-26 14:00:27 [info]  execution (350353627217921) from queue not found or not in queueing status, skip[39m 
[32m2026-02-26 14:00:53 [info]  no more events need to be prepared, dispatching...[39m 
[34m2026-02-26 14:00:54 [debug] last process finished, will do another dispatch[39m 
[34m2026-02-26 14:00:54 [debug] no execution in db queued to process        [39m 
[32m2026-02-26 14:01:09 [info]  no more events need to be prepared, dispatching...[39m 
[34m2026-02-26 14:01:09 [debug] last process finished, will do another dispatch[39m 
[34m2026-02-26 14:01:09 [debug] no execution in db queued to process        [39m 
[32m2026-02-26 14:01:35 [info]  no more events need to be prepared, dispatching...[39m 
[34m2026-02-26 14:01:35 [debug] last process finished, will do another dispatch[39m 
[34m2026-02-26 14:01:35 [debug] no execution in db queued to process        [39m 
[34m2026-02-26 14:03:42 [debug] (cycling) check for queueing executions     [39m 
[34m2026-02-26 14:03:42 [debug] no execution in db queued to process        [39m 
[32m2026-02-26 14:07:29 [info]  no more events need to be prepared, dispatching...[39m 
[34m2026-02-26 14:07:29 [debug] last process finished, will do another dispatch[39m 
[34m2026-02-26 14:07:29 [debug] last process finished, will do another dispatch[39m 
[34m2026-02-26 14:07:29 [debug] last process finished, will do another dispatch[39m 
[34m2026-02-26 14:07:29 [debug] no execution in db queued to process        [39m 
[32m2026-02-26 14:07:30 [info]  execution (350354512216065) from queue not found or not in queueing status, skip[39m 
[32m2026-02-26 14:07:30 [info]  execution (350354512216066) from queue not found or not in queueing status, skip[39m 
[32m2026-02-26 14:08:07 [info]  no more events need to be prepared, dispatching...[39m 
[34m2026-02-26 14:08:07 [debug] last process finished, will do another dispatch[39m 
[34m2026-02-26 14:08:07 [debug] no execution in db queued to process        [39m 
[34m2026-02-26 14:08:42 [debug] (cycling) check for queueing executions     [39m 
[34m2026-02-26 14:08:42 [debug] no execution in db queued to process        [39m 
[32m2026-02-26 14:08:52 [info]  no more events need to be prepared, dispatching...[39m 
[34m2026-02-26 14:08:52 [debug] last process finished, will do another dispatch[39m 
[34m2026-02-26 14:08:52 [debug] no execution in db queued to process        [39m 
[32m2026-02-26 14:10:37 [info]  no more events need to be prepared, dispatching...[39m 
[34m2026-02-26 14:10:37 [debug] last process finished, will do another dispatch[39m 
[34m2026-02-26 14:10:37 [debug] no execution in db queued to process        [39m 
[34m2026-02-26 14:13:42 [debug] (cycling) check for queueing executions     [39m 
[34m2026-02-26 14:13:42 [debug] no execution in db queued to process        [39m 
[34m2026-02-26 14:18:42 [debug] (cycling) check for queueing executions     [39m 
[34m2026-02-26 14:18:42 [debug] no execution in db queued to process        [39m 
[34m2026-02-26 14:23:42 [debug] (cycling) check for queueing executions     [39m 
[34m2026-02-26 14:23:42 [debug] no execution in db queued to process        [39m 
[34m2026-02-26 14:28:42 [debug] (cycling) check for queueing executions     [39m 
[34m2026-02-26 14:28:42 [debug] no execution in db queued to process        [39m 
[32m2026-02-26 14:31:59 [info]  no more events need to be prepared, dispatching...[39m 
[34m2026-02-26 14:31:59 [debug] last process finished, will do another dispatch[39m 
[34m2026-02-26 14:31:59 [debug] no execution in db queued to process        [39m 
[32m2026-02-26 14:32:27 [info]  no more events need to be prepared, dispatching...[39m 
[34m2026-02-26 14:32:27 [debug] last process finished, will do another dispatch[39m 
[34m2026-02-26 14:32:27 [debug] no execution in db queued to process        [39m 
[32m2026-02-26 14:32:44 [info]  no more events need to be prepared, dispatching...[39m 
[34m2026-02-26 14:32:44 [debug] last process finished, will do another dispatch[39m 
[34m2026-02-26 14:32:44 [debug] no execution in db queued to process        [39m 
[32m2026-02-26 14:33:03 [info]  no more events need to be prepared, dispatching...[39m 
[34m2026-02-26 14:33:03 [debug] last process finished, will do another dispatch[39m 
[34m2026-02-26 14:33:03 [debug] no execution in db queued to process        [39m 
[34m2026-02-26 14:33:42 [debug] (cycling) check for queueing executions     [39m 
[34m2026-02-26 14:33:42 [debug] no execution in db queued to process        [39m 
[32m2026-02-26 14:35:07 [info]  no more events need to be prepared, dispatching...[39m 
[34m2026-02-26 14:35:07 [debug] last process finished, will do another dispatch[39m 
[34m2026-02-26 14:35:07 [debug] no execution in db queued to process        [39m 
[34m2026-02-26 14:38:42 [debug] (cycling) check for queueing executions     [39m 
[34m2026-02-26 14:38:42 [debug] no execution in db queued to process        [39m 
[34m2026-02-26 14:43:42 [debug] (cycling) check for queueing executions     [39m 
[34m2026-02-26 14:43:42 [debug] no execution in db queued to process        [39m 
[32m2026-02-26 14:44:06 [info]  no more events need to be prepared, dispatching...[39m 
[34m2026-02-26 14:44:06 [debug] last process finished, will do another dispatch[39m 
[34m2026-02-26 14:44:06 [debug] no execution in db queued to process        [39m 
[32m2026-02-26 14:46:37 [info]  no more events need to be prepared, dispatching...[39m 
[34m2026-02-26 14:46:37 [debug] last process finished, will do another dispatch[39m 
[34m2026-02-26 14:46:37 [debug] no execution in db queued to process        [39m 
[32m2026-02-26 14:47:20 [info]  no more events need to be prepared, dispatching...[39m 
[34m2026-02-26 14:47:20 [debug] last process finished, will do another dispatch[39m 
[34m2026-02-26 14:47:20 [debug] last process finished, will do another dispatch[39m 
[34m2026-02-26 14:47:20 [debug] last process finished, will do another dispatch[39m 
[34m2026-02-26 14:47:20 [debug] last process finished, will do another dispatch[39m 
[34m2026-02-26 14:47:20 [debug] no execution in db queued to process        [39m 
[32m2026-02-26 14:47:21 [info]  execution (350359526506497) from queue not found or not in queueing status, skip[39m 
[32m2026-02-26 14:47:21 [info]  execution (350359526506498) from queue not found or not in queueing status, skip[39m 
[32m2026-02-26 14:47:21 [info]  execution (350359526506499) from queue not found or not in queueing status, skip[39m 
[32m2026-02-26 14:47:52 [info]  no more events need to be prepared, dispatching...[39m 
[34m2026-02-26 14:47:52 [debug] last process finished, will do another dispatch[39m 
[34m2026-02-26 14:47:52 [debug] no execution in db queued to process        [39m 
[32m2026-02-26 14:48:06 [info]  no more events need to be prepared, dispatching...[39m 
[34m2026-02-26 14:48:06 [debug] last process finished, will do another dispatch[39m 
[34m2026-02-26 14:48:06 [debug] no execution in db queued to process        [39m 
[32m2026-02-26 14:48:22 [info]  no more events need to be prepared, dispatching...[39m 
[34m2026-02-26 14:48:22 [debug] last process finished, will do another dispatch[39m 
[34m2026-02-26 14:48:22 [debug] no execution in db queued to process        [39m 
[32m2026-02-26 14:48:40 [info]  no more events need to be prepared, dispatching...[39m 
[34m2026-02-26 14:48:40 [debug] last process finished, will do another dispatch[39m 
[34m2026-02-26 14:48:40 [debug] no execution in db queued to process        [39m 
[34m2026-02-26 14:48:42 [debug] (cycling) check for queueing executions     [39m 
[34m2026-02-26 14:48:42 [debug] no execution in db queued to process        [39m 
[32m2026-02-26 14:49:04 [info]  no more events need to be prepared, dispatching...[39m 
[34m2026-02-26 14:49:04 [debug] last process finished, will do another dispatch[39m 
[34m2026-02-26 14:49:04 [debug] no execution in db queued to process        [39m 
[32m2026-02-26 14:49:21 [info]  no more events need to be prepared, dispatching...[39m 
[34m2026-02-26 14:49:21 [debug] last process finished, will do another dispatch[39m 
[34m2026-02-26 14:49:21 [debug] no execution in db queued to process        [39m 
[32m2026-02-26 14:52:43 [info]  no more events need to be prepared, dispatching...[39m 
[34m2026-02-26 14:52:43 [debug] last process finished, will do another dispatch[39m 
[34m2026-02-26 14:52:43 [debug] no execution in db queued to process        [39m 
[34m2026-02-26 14:53:42 [debug] (cycling) check for queueing executions     [39m 
[34m2026-02-26 14:53:42 [debug] no execution in db queued to process        [39m 
[34m2026-02-26 14:58:42 [debug] (cycling) check for queueing executions     [39m 
[34m2026-02-26 14:58:42 [debug] no execution in db queued to process        [39m 
[34m2026-02-26 15:03:42 [debug] (cycling) check for queueing executions     [39m 
[34m2026-02-26 15:03:42 [debug] no execution in db queued to process        [39m 
[34m2026-02-26 15:08:42 [debug] (cycling) check for queueing executions     [39m 
[34m2026-02-26 15:08:42 [debug] no execution in db queued to process        [39m 
[32m2026-02-26 15:13:39 [info]  no more events need to be prepared, dispatching...[39m 
[34m2026-02-26 15:13:39 [debug] last process finished, will do another dispatch[39m 
[34m2026-02-26 15:13:39 [debug] last process finished, will do another dispatch[39m 
[34m2026-02-26 15:13:39 [debug] last process finished, will do another dispatch[39m 
[34m2026-02-26 15:13:39 [debug] no execution in db queued to process        [39m 
[32m2026-02-26 15:13:40 [info]  execution (350362837909505) from queue not found or not in queueing status, skip[39m 
[32m2026-02-26 15:13:40 [info]  execution (350362837909506) from queue not found or not in queueing status, skip[39m 
[34m2026-02-26 15:13:42 [debug] (cycling) check for queueing executions     [39m 
[34m2026-02-26 15:13:42 [debug] no execution in db queued to process        [39m 
[32m2026-02-26 15:15:58 [info]  no more events need to be prepared, dispatching...[39m 
[34m2026-02-26 15:15:58 [debug] last process finished, will do another dispatch[39m 
[34m2026-02-26 15:15:58 [debug] no execution in db queued to process        [39m 
[32m2026-02-26 15:16:13 [info]  no more events need to be prepared, dispatching...[39m 
[34m2026-02-26 15:16:13 [debug] last process finished, will do another dispatch[39m 
[34m2026-02-26 15:16:13 [debug] no execution in db queued to process        [39m 
[32m2026-02-26 15:16:30 [info]  no more events need to be prepared, dispatching...[39m 
[34m2026-02-26 15:16:30 [debug] last process finished, will do another dispatch[39m 
[34m2026-02-26 15:16:30 [debug] no execution in db queued to process        [39m 
[32m2026-02-26 15:16:49 [info]  no more events need to be prepared, dispatching...[39m 
[34m2026-02-26 15:16:50 [debug] last process finished, will do another dispatch[39m 
[34m2026-02-26 15:16:50 [debug] no execution in db queued to process        [39m 
[32m2026-02-26 15:17:05 [info]  no more events need to be prepared, dispatching...[39m 
[34m2026-02-26 15:17:05 [debug] last process finished, will do another dispatch[39m 
[34m2026-02-26 15:17:05 [debug] no execution in db queued to process        [39m 
[34m2026-02-26 15:18:42 [debug] (cycling) check for queueing executions     [39m 
[34m2026-02-26 15:18:42 [debug] no execution in db queued to process        [39m 
[34m2026-02-26 15:23:42 [debug] (cycling) check for queueing executions     [39m 
[34m2026-02-26 15:23:42 [debug] no execution in db queued to process        [39m 
[32m2026-02-26 15:28:16 [info]  no more events need to be prepared, dispatching...[39m 
[34m2026-02-26 15:28:16 [debug] last process finished, will do another dispatch[39m 
[34m2026-02-26 15:28:17 [debug] last process finished, will do another dispatch[39m 
[34m2026-02-26 15:28:17 [debug] last process finished, will do another dispatch[39m 
[34m2026-02-26 15:28:17 [debug] last process finished, will do another dispatch[39m 
[34m2026-02-26 15:28:17 [debug] last process finished, will do another dispatch[39m 
[34m2026-02-26 15:28:17 [debug] no execution in db queued to process        [39m 
[32m2026-02-26 15:28:17 [info]  execution (350364677111809) from queue not found or not in queueing status, skip[39m 
[32m2026-02-26 15:28:17 [info]  execution (350364677111810) from queue not found or not in queueing status, skip[39m 
[32m2026-02-26 15:28:18 [info]  execution (350364677111811) from queue not found or not in queueing status, skip[39m 
[32m2026-02-26 15:28:18 [info]  execution (350364677111812) from queue not found or not in queueing status, skip[39m 
[34m2026-02-26 15:28:42 [debug] (cycling) check for queueing executions     [39m 
[34m2026-02-26 15:28:42 [debug] no execution in db queued to process        [39m 
[32m2026-02-26 15:30:06 [info]  no more events need to be prepared, dispatching...[39m 
[34m2026-02-26 15:30:06 [debug] last process finished, will do another dispatch[39m 
[34m2026-02-26 15:30:06 [debug] no execution in db queued to process        [39m 
[32m2026-02-26 15:30:28 [info]  no more events need to be prepared, dispatching...[39m 
[34m2026-02-26 15:30:28 [debug] last process finished, will do another dispatch[39m 
[34m2026-02-26 15:30:28 [debug] no execution in db queued to process        [39m 
[32m2026-02-26 15:30:46 [info]  no more events need to be prepared, dispatching...[39m 
[34m2026-02-26 15:30:46 [debug] last process finished, will do another dispatch[39m 
[34m2026-02-26 15:30:46 [debug] no execution in db queued to process        [39m 
[32m2026-02-26 15:31:05 [info]  no more events need to be prepared, dispatching...[39m 
[34m2026-02-26 15:31:05 [debug] last process finished, will do another dispatch[39m 
[34m2026-02-26 15:31:05 [debug] no execution in db queued to process        [39m 
[32m2026-02-26 15:31:28 [info]  no more events need to be prepared, dispatching...[39m 
[34m2026-02-26 15:31:28 [debug] last process finished, will do another dispatch[39m 
[34m2026-02-26 15:31:28 [debug] no execution in db queued to process        [39m 
[32m2026-02-26 15:32:28 [info]  no more events need to be prepared, dispatching...[39m 
[34m2026-02-26 15:32:28 [debug] last process finished, will do another dispatch[39m 
[34m2026-02-26 15:32:28 [debug] no execution in db queued to process        [39m 
[34m2026-02-26 15:33:42 [debug] (cycling) check for queueing executions     [39m 
[34m2026-02-26 15:33:42 [debug] no execution in db queued to process        [39m 
[32m2026-02-26 15:34:53 [info]  no more events need to be prepared, dispatching...[39m 
[34m2026-02-26 15:34:53 [debug] last process finished, will do another dispatch[39m 
[34m2026-02-26 15:34:53 [debug] no execution in db queued to process        [39m 
[34m2026-02-26 15:38:42 [debug] (cycling) check for queueing executions     [39m 
[34m2026-02-26 15:38:42 [debug] no execution in db queued to process        [39m 
[32m2026-02-26 15:38:53 [info]  no more events need to be prepared, dispatching...[39m 
[34m2026-02-26 15:38:53 [debug] last process finished, will do another dispatch[39m 
[34m2026-02-26 15:38:53 [debug] last process finished, will do another dispatch[39m 
[34m2026-02-26 15:38:53 [debug] last process finished, will do another dispatch[39m 
[34m2026-02-26 15:38:53 [debug] last process finished, will do another dispatch[39m 
[34m2026-02-26 15:38:54 [debug] last process finished, will do another dispatch[39m 
[34m2026-02-26 15:38:54 [debug] last process finished, will do another dispatch[39m 
[34m2026-02-26 15:38:54 [debug] last process finished, will do another dispatch[39m 
[34m2026-02-26 15:38:54 [debug] no execution in db queued to process        [39m 
[32m2026-02-26 15:38:54 [info]  execution (350366012997633) from queue not found or not in queueing status, skip[39m 
[32m2026-02-26 15:38:54 [info]  execution (350366012997634) from queue not found or not in queueing status, skip[39m 
[32m2026-02-26 15:38:54 [info]  execution (350366012997635) from queue not found or not in queueing status, skip[39m 
[32m2026-02-26 15:38:55 [info]  execution (350366012997636) from queue not found or not in queueing status, skip[39m 
[32m2026-02-26 15:38:55 [info]  execution (350366012997637) from queue not found or not in queueing status, skip[39m 
[32m2026-02-26 15:38:55 [info]  execution (350366012997638) from queue not found or not in queueing status, skip[39m 
[32m2026-02-26 15:39:29 [info]  no more events need to be prepared, dispatching...[39m 
[34m2026-02-26 15:39:29 [debug] last process finished, will do another dispatch[39m 
[34m2026-02-26 15:39:29 [debug] no execution in db queued to process        [39m 
[32m2026-02-26 15:39:54 [info]  no more events need to be prepared, dispatching...[39m 
[34m2026-02-26 15:39:54 [debug] last process finished, will do another dispatch[39m 
[34m2026-02-26 15:39:54 [debug] no execution in db queued to process        [39m 
[34m2026-02-26 15:43:42 [debug] (cycling) check for queueing executions     [39m 
[34m2026-02-26 15:43:42 [debug] no execution in db queued to process        [39m 
[32m2026-02-26 15:47:42 [info]  no more events need to be prepared, dispatching...[39m 
[34m2026-02-26 15:47:42 [debug] last process finished, will do another dispatch[39m 
[34m2026-02-26 15:47:42 [debug] last process finished, will do another dispatch[39m 
[34m2026-02-26 15:47:42 [debug] no execution in db queued to process        [39m 
[32m2026-02-26 15:47:43 [info]  execution (350367122391041) from queue not found or not in queueing status, skip[39m 
[32m2026-02-26 15:48:17 [info]  no more events need to be prepared, dispatching...[39m 
[34m2026-02-26 15:48:18 [debug] last process finished, will do another dispatch[39m 
[34m2026-02-26 15:48:18 [debug] no execution in db queued to process        [39m 
[34m2026-02-26 15:48:42 [debug] (cycling) check for queueing executions     [39m 
[34m2026-02-26 15:48:42 [debug] no execution in db queued to process        [39m 
[32m2026-02-26 15:48:42 [info]  no more events need to be prepared, dispatching...[39m 
[34m2026-02-26 15:48:43 [debug] last process finished, will do another dispatch[39m 
[34m2026-02-26 15:48:43 [debug] no execution in db queued to process        [39m 
[34m2026-02-26 15:53:42 [debug] (cycling) check for queueing executions     [39m 
[34m2026-02-26 15:53:42 [debug] no execution in db queued to process        [39m 
[34m2026-02-26 15:58:42 [debug] (cycling) check for queueing executions     [39m 
[34m2026-02-26 15:58:42 [debug] no execution in db queued to process        [39m 
[32m2026-02-26 15:59:13 [info]  no more events need to be prepared, dispatching...[39m 
[34m2026-02-26 15:59:13 [debug] last process finished, will do another dispatch[39m 
[34m2026-02-26 15:59:13 [debug] no execution in db queued to process        [39m 
[34m2026-02-26 16:03:42 [debug] (cycling) check for queueing executions     [39m 
[34m2026-02-26 16:03:42 [debug] no execution in db queued to process        [39m 
[34m2026-02-26 16:08:42 [debug] (cycling) check for queueing executions     [39m 
[34m2026-02-26 16:08:42 [debug] no execution in db queued to process        [39m 
[34m2026-02-26 16:13:42 [debug] (cycling) check for queueing executions     [39m 
[34m2026-02-26 16:13:42 [debug] no execution in db queued to process        [39m 
[34m2026-02-26 16:18:42 [debug] (cycling) check for queueing executions     [39m 
[34m2026-02-26 16:18:42 [debug] no execution in db queued to process        [39m 
[34m2026-02-26 16:23:42 [debug] (cycling) check for queueing executions     [39m 
[34m2026-02-26 16:23:42 [debug] no execution in db queued to process        [39m 
[34m2026-02-26 16:28:42 [debug] (cycling) check for queueing executions     [39m 
[34m2026-02-26 16:28:42 [debug] no execution in db queued to process        [39m 
[34m2026-02-26 16:33:42 [debug] (cycling) check for queueing executions     [39m 
[34m2026-02-26 16:33:42 [debug] no execution in db queued to process        [39m 
[34m2026-02-26 16:38:42 [debug] (cycling) check for queueing executions     [39m 
[34m2026-02-26 16:38:42 [debug] no execution in db queued to process        [39m 
[34m2026-02-26 16:43:42 [debug] (cycling) check for queueing executions     [39m 
[34m2026-02-26 16:43:42 [debug] no execution in db queued to process        [39m 
[32m2026-02-26 17:21:20 [info]  (starting) check for queueing executions    [39m 
[34m2026-02-26 17:21:21 [debug] no execution in db queued to process        [39m 
[34m2026-02-26 17:26:20 [debug] (cycling) check for queueing executions     [39m 
[34m2026-02-26 17:26:20 [debug] no execution in db queued to process        [39m 
[34m2026-02-26 17:31:20 [debug] (cycling) check for queueing executions     [39m 
[34m2026-02-26 17:31:20 [debug] no execution in db queued to process        [39m 
[34m2026-02-26 17:36:20 [debug] (cycling) check for queueing executions     [39m 
[34m2026-02-26 17:36:20 [debug] no execution in db queued to process        [39m 
[34m2026-02-26 17:41:20 [debug] (cycling) check for queueing executions     [39m 
[34m2026-02-26 17:41:20 [debug] no execution in db queued to process        [39m 
[34m2026-02-26 17:46:20 [debug] (cycling) check for queueing executions     [39m 
[34m2026-02-26 17:46:20 [debug] no execution in db queued to process        [39m 
[32m2026-02-26 17:47:02 [info]  no more events need to be prepared, dispatching...[39m 
[34m2026-02-26 17:47:02 [debug] last process finished, will do another dispatch[39m 
[34m2026-02-26 17:47:02 [debug] last process finished, will do another dispatch[39m 
[34m2026-02-26 17:47:03 [debug] last process finished, will do another dispatch[39m 
[34m2026-02-26 17:47:03 [debug] no execution in db queued to process        [39m 
[32m2026-02-26 17:47:03 [info]  execution (350382136557569) from queue not found or not in queueing status, skip[39m 
[32m2026-02-26 17:47:03 [info]  execution (350382136557570) from queue not found or not in queueing status, skip[39m 
[32m2026-02-26 17:48:08 [info]  no more events need to be prepared, dispatching...[39m 
[34m2026-02-26 17:48:08 [debug] last process finished, will do another dispatch[39m 
[34m2026-02-26 17:48:08 [debug] no execution in db queued to process        [39m 
[34m2026-02-26 17:51:20 [debug] (cycling) check for queueing executions     [39m 
[34m2026-02-26 17:51:20 [debug] no execution in db queued to process        [39m 
[34m2026-02-26 17:56:20 [debug] (cycling) check for queueing executions     [39m 
[34m2026-02-26 17:56:20 [debug] no execution in db queued to process        [39m 
[34m2026-02-26 18:01:20 [debug] (cycling) check for queueing executions     [39m 
[34m2026-02-26 18:01:20 [debug] no execution in db queued to process        [39m 
[34m2026-02-26 18:06:20 [debug] (cycling) check for queueing executions     [39m 
[34m2026-02-26 18:06:20 [debug] no execution in db queued to process        [39m 
