[32m2026-03-16 09:05:06 [info]  (starting) check for queueing executions    [39m 
[34m2026-03-16 09:05:06 [debug] no execution in db queued to process        [39m 
[34m2026-03-16 09:10:06 [debug] (cycling) check for queueing executions     [39m 
[34m2026-03-16 09:10:06 [debug] no execution in db queued to process        [39m 
[34m2026-03-16 09:15:06 [debug] (cycling) check for queueing executions     [39m 
[34m2026-03-16 09:15:06 [debug] no execution in db queued to process        [39m 
[32m2026-03-16 09:19:32 [info]  (starting) check for queueing executions    [39m 
[34m2026-03-16 09:19:32 [debug] no execution in db queued to process        [39m 
[34m2026-03-16 09:24:32 [debug] (cycling) check for queueing executions     [39m 
[34m2026-03-16 09:24:32 [debug] no execution in db queued to process        [39m 
[34m2026-03-16 09:29:32 [debug] (cycling) check for queueing executions     [39m 
[34m2026-03-16 09:29:32 [debug] no execution in db queued to process        [39m 
[34m2026-03-16 09:34:32 [debug] (cycling) check for queueing executions     [39m 
[34m2026-03-16 09:34:32 [debug] no execution in db queued to process        [39m 
[34m2026-03-16 09:39:32 [debug] (cycling) check for queueing executions     [39m 
[34m2026-03-16 09:39:32 [debug] no execution in db queued to process        [39m 
[34m2026-03-16 09:44:32 [debug] (cycling) check for queueing executions     [39m 
[34m2026-03-16 09:44:32 [debug] no execution in db queued to process        [39m 
[34m2026-03-16 09:49:32 [debug] (cycling) check for queueing executions     [39m 
[34m2026-03-16 09:49:32 [debug] no execution in db queued to process        [39m 
[34m2026-03-16 09:54:32 [debug] (cycling) check for queueing executions     [39m 
[34m2026-03-16 09:54:32 [debug] no execution in db queued to process        [39m 
[34m2026-03-16 09:59:32 [debug] (cycling) check for queueing executions     [39m 
[34m2026-03-16 09:59:32 [debug] no execution in db queued to process        [39m 
[34m2026-03-16 10:04:32 [debug] (cycling) check for queueing executions     [39m 
[34m2026-03-16 10:04:32 [debug] no execution in db queued to process        [39m 
[34m2026-03-16 10:09:32 [debug] (cycling) check for queueing executions     [39m 
[34m2026-03-16 10:09:32 [debug] no execution in db queued to process        [39m 
[34m2026-03-16 10:14:32 [debug] (cycling) check for queueing executions     [39m 
[34m2026-03-16 10:14:32 [debug] no execution in db queued to process        [39m 
[34m2026-03-16 10:19:32 [debug] (cycling) check for queueing executions     [39m 
[34m2026-03-16 10:19:32 [debug] no execution in db queued to process        [39m 
[34m2026-03-16 10:24:32 [debug] (cycling) check for queueing executions     [39m 
[34m2026-03-16 10:24:32 [debug] no execution in db queued to process        [39m 
[34m2026-03-16 10:29:32 [debug] (cycling) check for queueing executions     [39m 
[34m2026-03-16 10:29:32 [debug] no execution in db queued to process        [39m 
[34m2026-03-16 10:34:32 [debug] (cycling) check for queueing executions     [39m 
[34m2026-03-16 10:34:32 [debug] no execution in db queued to process        [39m 
[34m2026-03-16 10:39:32 [debug] (cycling) check for queueing executions     [39m 
[34m2026-03-16 10:39:32 [debug] no execution in db queued to process        [39m 
[34m2026-03-16 10:44:32 [debug] (cycling) check for queueing executions     [39m 
[34m2026-03-16 10:44:32 [debug] no execution in db queued to process        [39m 
[34m2026-03-16 10:49:32 [debug] (cycling) check for queueing executions     [39m 
[34m2026-03-16 10:49:32 [debug] no execution in db queued to process        [39m 
[34m2026-03-16 10:54:32 [debug] (cycling) check for queueing executions     [39m 
[34m2026-03-16 10:54:32 [debug] no execution in db queued to process        [39m 
[34m2026-03-16 10:59:32 [debug] (cycling) check for queueing executions     [39m 
[34m2026-03-16 10:59:32 [debug] no execution in db queued to process        [39m 
[34m2026-03-16 11:04:32 [debug] (cycling) check for queueing executions     [39m 
[34m2026-03-16 11:04:32 [debug] no execution in db queued to process        [39m 
[34m2026-03-16 11:09:32 [debug] (cycling) check for queueing executions     [39m 
[34m2026-03-16 11:09:32 [debug] no execution in db queued to process        [39m 
[34m2026-03-16 11:14:32 [debug] (cycling) check for queueing executions     [39m 
[34m2026-03-16 11:14:32 [debug] no execution in db queued to process        [39m 
[34m2026-03-16 11:19:32 [debug] (cycling) check for queueing executions     [39m 
[34m2026-03-16 11:19:32 [debug] no execution in db queued to process        [39m 
[34m2026-03-16 11:24:32 [debug] (cycling) check for queueing executions     [39m 
[34m2026-03-16 11:24:32 [debug] no execution in db queued to process        [39m 
[34m2026-03-16 11:29:32 [debug] (cycling) check for queueing executions     [39m 
[34m2026-03-16 11:29:32 [debug] no execution in db queued to process        [39m 
[34m2026-03-16 11:34:32 [debug] (cycling) check for queueing executions     [39m 
[34m2026-03-16 11:34:32 [debug] no execution in db queued to process        [39m 
[34m2026-03-16 11:39:32 [debug] (cycling) check for queueing executions     [39m 
[34m2026-03-16 11:39:32 [debug] no execution in db queued to process        [39m 
[34m2026-03-16 11:44:32 [debug] (cycling) check for queueing executions     [39m 
[34m2026-03-16 11:44:32 [debug] no execution in db queued to process        [39m 
[34m2026-03-16 11:49:32 [debug] (cycling) check for queueing executions     [39m 
[34m2026-03-16 11:49:32 [debug] no execution in db queued to process        [39m 
[34m2026-03-16 11:54:32 [debug] (cycling) check for queueing executions     [39m 
[34m2026-03-16 11:54:32 [debug] no execution in db queued to process        [39m 
[34m2026-03-16 11:59:32 [debug] (cycling) check for queueing executions     [39m 
[34m2026-03-16 11:59:32 [debug] no execution in db queued to process        [39m 
[34m2026-03-16 12:04:32 [debug] (cycling) check for queueing executions     [39m 
[34m2026-03-16 12:04:32 [debug] no execution in db queued to process        [39m 
[34m2026-03-16 12:09:32 [debug] (cycling) check for queueing executions     [39m 
[34m2026-03-16 12:09:32 [debug] no execution in db queued to process        [39m 
[34m2026-03-16 12:14:32 [debug] (cycling) check for queueing executions     [39m 
[34m2026-03-16 12:14:32 [debug] no execution in db queued to process        [39m 
[34m2026-03-16 12:19:32 [debug] (cycling) check for queueing executions     [39m 
[34m2026-03-16 12:19:32 [debug] no execution in db queued to process        [39m 
[34m2026-03-16 12:24:32 [debug] (cycling) check for queueing executions     [39m 
[34m2026-03-16 12:24:32 [debug] no execution in db queued to process        [39m 
[34m2026-03-16 12:29:32 [debug] (cycling) check for queueing executions     [39m 
[34m2026-03-16 12:29:32 [debug] no execution in db queued to process        [39m 
[34m2026-03-16 12:34:32 [debug] (cycling) check for queueing executions     [39m 
[34m2026-03-16 12:34:32 [debug] no execution in db queued to process        [39m 
[34m2026-03-16 12:39:32 [debug] (cycling) check for queueing executions     [39m 
[34m2026-03-16 12:39:32 [debug] no execution in db queued to process        [39m 
[34m2026-03-16 12:44:32 [debug] (cycling) check for queueing executions     [39m 
[34m2026-03-16 12:44:32 [debug] no execution in db queued to process        [39m 
[34m2026-03-16 12:49:32 [debug] (cycling) check for queueing executions     [39m 
[34m2026-03-16 12:49:32 [debug] no execution in db queued to process        [39m 
[34m2026-03-16 12:54:32 [debug] (cycling) check for queueing executions     [39m 
[34m2026-03-16 12:54:32 [debug] no execution in db queued to process        [39m 
[34m2026-03-16 12:59:32 [debug] (cycling) check for queueing executions     [39m 
[34m2026-03-16 12:59:32 [debug] no execution in db queued to process        [39m 
[34m2026-03-16 13:04:32 [debug] (cycling) check for queueing executions     [39m 
[34m2026-03-16 13:04:32 [debug] no execution in db queued to process        [39m 
[34m2026-03-16 13:09:32 [debug] (cycling) check for queueing executions     [39m 
[34m2026-03-16 13:09:32 [debug] no execution in db queued to process        [39m 
[34m2026-03-16 13:14:32 [debug] (cycling) check for queueing executions     [39m 
[34m2026-03-16 13:14:32 [debug] no execution in db queued to process        [39m 
[34m2026-03-16 13:19:32 [debug] (cycling) check for queueing executions     [39m 
[34m2026-03-16 13:19:32 [debug] no execution in db queued to process        [39m 
[34m2026-03-16 13:24:32 [debug] (cycling) check for queueing executions     [39m 
[34m2026-03-16 13:24:32 [debug] no execution in db queued to process        [39m 
[34m2026-03-16 13:29:32 [debug] (cycling) check for queueing executions     [39m 
[34m2026-03-16 13:29:32 [debug] no execution in db queued to process        [39m 
[34m2026-03-16 13:34:32 [debug] (cycling) check for queueing executions     [39m 
[34m2026-03-16 13:34:32 [debug] no execution in db queued to process        [39m 
[34m2026-03-16 13:39:32 [debug] (cycling) check for queueing executions     [39m 
[34m2026-03-16 13:39:32 [debug] no execution in db queued to process        [39m 
[34m2026-03-16 13:44:32 [debug] (cycling) check for queueing executions     [39m 
[34m2026-03-16 13:44:32 [debug] no execution in db queued to process        [39m 
[34m2026-03-16 13:49:32 [debug] (cycling) check for queueing executions     [39m 
[34m2026-03-16 13:49:32 [debug] no execution in db queued to process        [39m 
[34m2026-03-16 13:54:32 [debug] (cycling) check for queueing executions     [39m 
[34m2026-03-16 13:54:32 [debug] no execution in db queued to process        [39m 
[34m2026-03-16 13:59:32 [debug] (cycling) check for queueing executions     [39m 
[34m2026-03-16 13:59:32 [debug] no execution in db queued to process        [39m 
[34m2026-03-16 14:04:32 [debug] (cycling) check for queueing executions     [39m 
[34m2026-03-16 14:04:32 [debug] no execution in db queued to process        [39m 
[34m2026-03-16 14:09:32 [debug] (cycling) check for queueing executions     [39m 
[34m2026-03-16 14:09:32 [debug] no execution in db queued to process        [39m 
[34m2026-03-16 14:14:32 [debug] (cycling) check for queueing executions     [39m 
[34m2026-03-16 14:14:32 [debug] no execution in db queued to process        [39m 
[34m2026-03-16 14:19:32 [debug] (cycling) check for queueing executions     [39m 
[34m2026-03-16 14:19:32 [debug] no execution in db queued to process        [39m 
[34m2026-03-16 14:24:32 [debug] (cycling) check for queueing executions     [39m 
[34m2026-03-16 14:24:32 [debug] no execution in db queued to process        [39m 
[34m2026-03-16 14:29:32 [debug] (cycling) check for queueing executions     [39m 
[34m2026-03-16 14:29:32 [debug] no execution in db queued to process        [39m 
[34m2026-03-16 14:34:32 [debug] (cycling) check for queueing executions     [39m 
[34m2026-03-16 14:34:32 [debug] no execution in db queued to process        [39m 
[34m2026-03-16 14:39:32 [debug] (cycling) check for queueing executions     [39m 
[34m2026-03-16 14:39:32 [debug] no execution in db queued to process        [39m 
[34m2026-03-16 14:44:32 [debug] (cycling) check for queueing executions     [39m 
[34m2026-03-16 14:44:32 [debug] no execution in db queued to process        [39m 
[34m2026-03-16 14:49:32 [debug] (cycling) check for queueing executions     [39m 
[34m2026-03-16 14:49:32 [debug] no execution in db queued to process        [39m 
[34m2026-03-16 14:54:32 [debug] (cycling) check for queueing executions     [39m 
[34m2026-03-16 14:54:32 [debug] no execution in db queued to process        [39m 
[34m2026-03-16 14:59:32 [debug] (cycling) check for queueing executions     [39m 
[34m2026-03-16 14:59:32 [debug] no execution in db queued to process        [39m 
[34m2026-03-16 15:04:32 [debug] (cycling) check for queueing executions     [39m 
[34m2026-03-16 15:04:32 [debug] no execution in db queued to process        [39m 
[34m2026-03-16 15:09:32 [debug] (cycling) check for queueing executions     [39m 
[34m2026-03-16 15:09:32 [debug] no execution in db queued to process        [39m 
[34m2026-03-16 15:14:32 [debug] (cycling) check for queueing executions     [39m 
[34m2026-03-16 15:14:32 [debug] no execution in db queued to process        [39m 
[34m2026-03-16 15:19:32 [debug] (cycling) check for queueing executions     [39m 
[34m2026-03-16 15:19:32 [debug] no execution in db queued to process        [39m 
[34m2026-03-16 15:24:32 [debug] (cycling) check for queueing executions     [39m 
[34m2026-03-16 15:24:32 [debug] no execution in db queued to process        [39m 
[34m2026-03-16 15:29:32 [debug] (cycling) check for queueing executions     [39m 
[34m2026-03-16 15:29:32 [debug] no execution in db queued to process        [39m 
[34m2026-03-16 15:34:32 [debug] (cycling) check for queueing executions     [39m 
[34m2026-03-16 15:34:32 [debug] no execution in db queued to process        [39m 
[34m2026-03-16 15:39:32 [debug] (cycling) check for queueing executions     [39m 
[34m2026-03-16 15:39:32 [debug] no execution in db queued to process        [39m 
[34m2026-03-16 15:44:32 [debug] (cycling) check for queueing executions     [39m 
[34m2026-03-16 15:44:32 [debug] no execution in db queued to process        [39m 
[34m2026-03-16 15:49:32 [debug] (cycling) check for queueing executions     [39m 
[34m2026-03-16 15:49:32 [debug] no execution in db queued to process        [39m 
[34m2026-03-16 15:54:32 [debug] (cycling) check for queueing executions     [39m 
[34m2026-03-16 15:54:32 [debug] no execution in db queued to process        [39m 
[32m2026-03-16 15:55:33 [info]  no more events need to be prepared, dispatching...[39m 
[34m2026-03-16 15:55:33 [debug] last process finished, will do another dispatch[39m 
[34m2026-03-16 15:55:33 [debug] last process finished, will do another dispatch[39m 
[34m2026-03-16 15:55:33 [debug] last process finished, will do another dispatch[39m 
[34m2026-03-16 15:55:33 [debug] no execution in db queued to process        [39m 
[32m2026-03-16 15:55:33 [info]  execution (353629600940034) from queue not found or not in queueing status, skip[39m 
[32m2026-03-16 15:55:34 [info]  execution (353629600940035) from queue not found or not in queueing status, skip[39m 
[34m2026-03-16 15:59:32 [debug] (cycling) check for queueing executions     [39m 
[34m2026-03-16 15:59:32 [debug] no execution in db queued to process        [39m 
[34m2026-03-16 16:04:32 [debug] (cycling) check for queueing executions     [39m 
[34m2026-03-16 16:04:32 [debug] no execution in db queued to process        [39m 
[32m2026-03-16 16:05:01 [info]  no more events need to be prepared, dispatching...[39m 
[34m2026-03-16 16:05:01 [debug] last process finished, will do another dispatch[39m 
[34m2026-03-16 16:05:01 [debug] last process finished, will do another dispatch[39m 
[34m2026-03-16 16:05:01 [debug] no execution in db queued to process        [39m 
[32m2026-03-16 16:05:02 [info]  execution (353630792122369) from queue not found or not in queueing status, skip[39m 
[32m2026-03-16 16:05:37 [info]  no more events need to be prepared, dispatching...[39m 
[34m2026-03-16 16:05:37 [debug] last process finished, will do another dispatch[39m 
[34m2026-03-16 16:05:37 [debug] last process finished, will do another dispatch[39m 
[34m2026-03-16 16:05:37 [debug] last process finished, will do another dispatch[39m 
[34m2026-03-16 16:05:37 [debug] no execution in db queued to process        [39m 
[32m2026-03-16 16:05:38 [info]  execution (353630867619842) from queue not found or not in queueing status, skip[39m 
[32m2026-03-16 16:05:38 [info]  execution (353630867619843) from queue not found or not in queueing status, skip[39m 
[34m2026-03-16 16:09:32 [debug] (cycling) check for queueing executions     [39m 
[34m2026-03-16 16:09:32 [debug] no execution in db queued to process        [39m 
[32m2026-03-16 16:09:50 [info]  no more events need to be prepared, dispatching...[39m 
[34m2026-03-16 16:09:50 [debug] last process finished, will do another dispatch[39m 
[34m2026-03-16 16:09:50 [debug] last process finished, will do another dispatch[39m 
[34m2026-03-16 16:09:50 [debug] no execution in db queued to process        [39m 
[32m2026-03-16 16:09:50 [info]  execution (353631398199297) from queue not found or not in queueing status, skip[39m 
[32m2026-03-16 16:10:27 [info]  no more events need to be prepared, dispatching...[39m 
[34m2026-03-16 16:10:27 [debug] last process finished, will do another dispatch[39m 
[34m2026-03-16 16:10:27 [debug] last process finished, will do another dispatch[39m 
[34m2026-03-16 16:10:27 [debug] last process finished, will do another dispatch[39m 
[34m2026-03-16 16:10:27 [debug] no execution in db queued to process        [39m 
[32m2026-03-16 16:10:27 [info]  execution (353631475793922) from queue not found or not in queueing status, skip[39m 
[32m2026-03-16 16:10:28 [info]  execution (353631475793923) from queue not found or not in queueing status, skip[39m 
[32m2026-03-16 16:12:56 [info]  no more events need to be prepared, dispatching...[39m 
[34m2026-03-16 16:12:56 [debug] last process finished, will do another dispatch[39m 
[34m2026-03-16 16:12:56 [debug] last process finished, will do another dispatch[39m 
[34m2026-03-16 16:12:56 [debug] no execution in db queued to process        [39m 
[32m2026-03-16 16:12:56 [info]  execution (353631788269569) from queue not found or not in queueing status, skip[39m 
[32m2026-03-16 16:13:29 [info]  no more events need to be prepared, dispatching...[39m 
[34m2026-03-16 16:13:30 [debug] last process finished, will do another dispatch[39m 
[34m2026-03-16 16:13:30 [debug] last process finished, will do another dispatch[39m 
[34m2026-03-16 16:13:30 [debug] last process finished, will do another dispatch[39m 
[34m2026-03-16 16:13:30 [debug] no execution in db queued to process        [39m 
[32m2026-03-16 16:13:30 [info]  execution (353631857475586) from queue not found or not in queueing status, skip[39m 
[32m2026-03-16 16:13:30 [info]  execution (353631857475587) from queue not found or not in queueing status, skip[39m 
[34m2026-03-16 16:14:32 [debug] (cycling) check for queueing executions     [39m 
[34m2026-03-16 16:14:32 [debug] no execution in db queued to process        [39m 
[32m2026-03-16 16:15:02 [info]  no more events need to be prepared, dispatching...[39m 
[34m2026-03-16 16:15:02 [debug] last process finished, will do another dispatch[39m 
[34m2026-03-16 16:15:02 [debug] last process finished, will do another dispatch[39m 
[34m2026-03-16 16:15:02 [debug] no execution in db queued to process        [39m 
[32m2026-03-16 16:15:02 [info]  execution (353632052510721) from queue not found or not in queueing status, skip[39m 
[32m2026-03-16 16:15:30 [info]  no more events need to be prepared, dispatching...[39m 
[34m2026-03-16 16:15:30 [debug] last process finished, will do another dispatch[39m 
[34m2026-03-16 16:15:30 [debug] last process finished, will do another dispatch[39m 
[34m2026-03-16 16:15:30 [debug] last process finished, will do another dispatch[39m 
[34m2026-03-16 16:15:30 [debug] no execution in db queued to process        [39m 
[32m2026-03-16 16:15:30 [info]  execution (353632111230978) from queue not found or not in queueing status, skip[39m 
[32m2026-03-16 16:15:30 [info]  execution (353632111230979) from queue not found or not in queueing status, skip[39m 
[32m2026-03-16 16:16:56 [info]  no more events need to be prepared, dispatching...[39m 
[34m2026-03-16 16:16:56 [debug] last process finished, will do another dispatch[39m 
[34m2026-03-16 16:16:56 [debug] last process finished, will do another dispatch[39m 
[34m2026-03-16 16:16:56 [debug] no execution in db queued to process        [39m 
[32m2026-03-16 16:16:56 [info]  execution (353632291586049) from queue not found or not in queueing status, skip[39m 
[32m2026-03-16 16:17:25 [info]  no more events need to be prepared, dispatching...[39m 
[34m2026-03-16 16:17:25 [debug] last process finished, will do another dispatch[39m 
[34m2026-03-16 16:17:25 [debug] last process finished, will do another dispatch[39m 
[34m2026-03-16 16:17:25 [debug] last process finished, will do another dispatch[39m 
[34m2026-03-16 16:17:25 [debug] no execution in db queued to process        [39m 
[32m2026-03-16 16:17:25 [info]  execution (353632352403458) from queue not found or not in queueing status, skip[39m 
[32m2026-03-16 16:17:26 [info]  execution (353632352403459) from queue not found or not in queueing status, skip[39m 
[32m2026-03-16 16:18:25 [info]  no more events need to be prepared, dispatching...[39m 
[34m2026-03-16 16:18:25 [debug] last process finished, will do another dispatch[39m 
[34m2026-03-16 16:18:25 [debug] last process finished, will do another dispatch[39m 
[34m2026-03-16 16:18:25 [debug] no execution in db queued to process        [39m 
[32m2026-03-16 16:18:25 [info]  execution (353632478232577) from queue not found or not in queueing status, skip[39m 
[32m2026-03-16 16:19:13 [info]  no more events need to be prepared, dispatching...[39m 
[34m2026-03-16 16:19:14 [debug] last process finished, will do another dispatch[39m 
[34m2026-03-16 16:19:14 [debug] last process finished, will do another dispatch[39m 
[34m2026-03-16 16:19:14 [debug] last process finished, will do another dispatch[39m 
[34m2026-03-16 16:19:14 [debug] no execution in db queued to process        [39m 
[32m2026-03-16 16:19:14 [info]  execution (353632578895874) from queue not found or not in queueing status, skip[39m 
[32m2026-03-16 16:19:14 [info]  execution (353632578895875) from queue not found or not in queueing status, skip[39m 
[34m2026-03-16 16:19:32 [debug] (cycling) check for queueing executions     [39m 
[34m2026-03-16 16:19:32 [debug] no execution in db queued to process        [39m 
[32m2026-03-16 16:20:47 [info]  no more events need to be prepared, dispatching...[39m 
[34m2026-03-16 16:20:47 [debug] last process finished, will do another dispatch[39m 
[34m2026-03-16 16:20:47 [debug] last process finished, will do another dispatch[39m 
[34m2026-03-16 16:20:47 [debug] no execution in db queued to process        [39m 
[32m2026-03-16 16:20:47 [info]  execution (353632776028161) from queue not found or not in queueing status, skip[39m 
[32m2026-03-16 16:21:14 [info]  no more events need to be prepared, dispatching...[39m 
[34m2026-03-16 16:21:15 [debug] last process finished, will do another dispatch[39m 
[34m2026-03-16 16:21:15 [debug] last process finished, will do another dispatch[39m 
[34m2026-03-16 16:21:15 [debug] last process finished, will do another dispatch[39m 
[34m2026-03-16 16:21:15 [debug] no execution in db queued to process        [39m 
[32m2026-03-16 16:21:15 [info]  execution (353632832651266) from queue not found or not in queueing status, skip[39m 
[32m2026-03-16 16:21:15 [info]  execution (353632832651267) from queue not found or not in queueing status, skip[39m 
[34m2026-03-16 16:24:32 [debug] (cycling) check for queueing executions     [39m 
[34m2026-03-16 16:24:32 [debug] no execution in db queued to process        [39m 
[32m2026-03-16 16:27:03 [info]  no more events need to be prepared, dispatching...[39m 
[34m2026-03-16 16:27:03 [debug] last process finished, will do another dispatch[39m 
[34m2026-03-16 16:27:03 [debug] last process finished, will do another dispatch[39m 
[34m2026-03-16 16:27:03 [debug] no execution in db queued to process        [39m 
[32m2026-03-16 16:27:03 [info]  execution (353633564557313) from queue not found or not in queueing status, skip[39m 
[32m2026-03-16 16:27:34 [info]  no more events need to be prepared, dispatching...[39m 
[34m2026-03-16 16:27:34 [debug] last process finished, will do another dispatch[39m 
[34m2026-03-16 16:27:34 [debug] last process finished, will do another dispatch[39m 
[34m2026-03-16 16:27:34 [debug] last process finished, will do another dispatch[39m 
[34m2026-03-16 16:27:34 [debug] no execution in db queued to process        [39m 
[32m2026-03-16 16:27:34 [info]  execution (353633629569026) from queue not found or not in queueing status, skip[39m 
[32m2026-03-16 16:27:34 [info]  execution (353633629569027) from queue not found or not in queueing status, skip[39m 
[32m2026-03-16 16:29:14 [info]  no more events need to be prepared, dispatching...[39m 
[34m2026-03-16 16:29:14 [debug] last process finished, will do another dispatch[39m 
[34m2026-03-16 16:29:14 [debug] last process finished, will do another dispatch[39m 
[34m2026-03-16 16:29:14 [debug] no execution in db queued to process        [39m 
[32m2026-03-16 16:29:15 [info]  execution (353633839284225) from queue not found or not in queueing status, skip[39m 
[34m2026-03-16 16:29:32 [debug] (cycling) check for queueing executions     [39m 
[34m2026-03-16 16:29:32 [debug] no execution in db queued to process        [39m 
[32m2026-03-16 16:29:44 [info]  no more events need to be prepared, dispatching...[39m 
[34m2026-03-16 16:29:44 [debug] last process finished, will do another dispatch[39m 
[34m2026-03-16 16:29:44 [debug] last process finished, will do another dispatch[39m 
[34m2026-03-16 16:29:44 [debug] last process finished, will do another dispatch[39m 
[34m2026-03-16 16:29:44 [debug] no execution in db queued to process        [39m 
[32m2026-03-16 16:29:44 [info]  execution (353633902198786) from queue not found or not in queueing status, skip[39m 
[32m2026-03-16 16:29:44 [info]  execution (353633902198787) from queue not found or not in queueing status, skip[39m 
[34m2026-03-16 16:34:32 [debug] (cycling) check for queueing executions     [39m 
[34m2026-03-16 16:34:33 [debug] no execution in db queued to process        [39m 
[32m2026-03-16 16:37:49 [info]  no more events need to be prepared, dispatching...[39m 
[34m2026-03-16 16:37:49 [debug] last process finished, will do another dispatch[39m 
[34m2026-03-16 16:37:49 [debug] last process finished, will do another dispatch[39m 
[34m2026-03-16 16:37:49 [debug] no execution in db queued to process        [39m 
[32m2026-03-16 16:37:49 [info]  execution (353634919317505) from queue not found or not in queueing status, skip[39m 
[32m2026-03-16 16:38:38 [info]  no more events need to be prepared, dispatching...[39m 
[34m2026-03-16 16:38:38 [debug] last process finished, will do another dispatch[39m 
[34m2026-03-16 16:38:38 [debug] last process finished, will do another dispatch[39m 
[34m2026-03-16 16:38:38 [debug] last process finished, will do another dispatch[39m 
[34m2026-03-16 16:38:38 [debug] no execution in db queued to process        [39m 
[32m2026-03-16 16:38:38 [info]  execution (353635022077954) from queue not found or not in queueing status, skip[39m 
[32m2026-03-16 16:38:39 [info]  execution (353635022077955) from queue not found or not in queueing status, skip[39m 
[34m2026-03-16 16:39:32 [debug] (cycling) check for queueing executions     [39m 
[34m2026-03-16 16:39:32 [debug] no execution in db queued to process        [39m 
[32m2026-03-16 16:41:22 [info]  no more events need to be prepared, dispatching...[39m 
[34m2026-03-16 16:41:22 [debug] last process finished, will do another dispatch[39m 
[34m2026-03-16 16:41:22 [debug] last process finished, will do another dispatch[39m 
[34m2026-03-16 16:41:22 [debug] no execution in db queued to process        [39m 
[32m2026-03-16 16:41:23 [info]  execution (353635366010881) from queue not found or not in queueing status, skip[39m 
[32m2026-03-16 16:41:48 [info]  no more events need to be prepared, dispatching...[39m 
[34m2026-03-16 16:41:48 [debug] last process finished, will do another dispatch[39m 
[34m2026-03-16 16:41:48 [debug] last process finished, will do another dispatch[39m 
[34m2026-03-16 16:41:48 [debug] last process finished, will do another dispatch[39m 
[34m2026-03-16 16:41:48 [debug] no execution in db queued to process        [39m 
[32m2026-03-16 16:41:49 [info]  execution (353635420536834) from queue not found or not in queueing status, skip[39m 
[32m2026-03-16 16:41:49 [info]  execution (353635420536835) from queue not found or not in queueing status, skip[39m 
[32m2026-03-16 16:43:29 [info]  no more events need to be prepared, dispatching...[39m 
[34m2026-03-16 16:43:29 [debug] last process finished, will do another dispatch[39m 
[34m2026-03-16 16:43:29 [debug] last process finished, will do another dispatch[39m 
[34m2026-03-16 16:43:29 [debug] no execution in db queued to process        [39m 
[32m2026-03-16 16:43:29 [info]  execution (353635632349185) from queue not found or not in queueing status, skip[39m 
[32m2026-03-16 16:43:51 [info]  no more events need to be prepared, dispatching...[39m 
[34m2026-03-16 16:43:51 [debug] last process finished, will do another dispatch[39m 
[34m2026-03-16 16:43:51 [debug] last process finished, will do another dispatch[39m 
[34m2026-03-16 16:43:51 [debug] last process finished, will do another dispatch[39m 
[34m2026-03-16 16:43:51 [debug] no execution in db queued to process        [39m 
[32m2026-03-16 16:43:51 [info]  execution (353635678486530) from queue not found or not in queueing status, skip[39m 
[32m2026-03-16 16:43:51 [info]  execution (353635678486531) from queue not found or not in queueing status, skip[39m 
[34m2026-03-16 16:44:32 [debug] (cycling) check for queueing executions     [39m 
[34m2026-03-16 16:44:32 [debug] no execution in db queued to process        [39m 
[32m2026-03-16 16:45:16 [info]  no more events need to be prepared, dispatching...[39m 
[34m2026-03-16 16:45:16 [debug] last process finished, will do another dispatch[39m 
[34m2026-03-16 16:45:16 [debug] last process finished, will do another dispatch[39m 
[34m2026-03-16 16:45:16 [debug] no execution in db queued to process        [39m 
[32m2026-03-16 16:45:16 [info]  execution (353635856744449) from queue not found or not in queueing status, skip[39m 
[32m2026-03-16 16:45:37 [info]  no more events need to be prepared, dispatching...[39m 
[34m2026-03-16 16:45:38 [debug] last process finished, will do another dispatch[39m 
[34m2026-03-16 16:45:38 [debug] last process finished, will do another dispatch[39m 
[34m2026-03-16 16:45:38 [debug] last process finished, will do another dispatch[39m 
[34m2026-03-16 16:45:38 [debug] no execution in db queued to process        [39m 
[32m2026-03-16 16:45:38 [info]  execution (353635900784642) from queue not found or not in queueing status, skip[39m 
[32m2026-03-16 16:45:38 [info]  execution (353635900784643) from queue not found or not in queueing status, skip[39m 
[34m2026-03-16 16:49:32 [debug] (cycling) check for queueing executions     [39m 
[34m2026-03-16 16:49:32 [debug] no execution in db queued to process        [39m 
[32m2026-03-16 16:50:29 [info]  no more events need to be prepared, dispatching...[39m 
[34m2026-03-16 16:50:29 [debug] last process finished, will do another dispatch[39m 
[34m2026-03-16 16:50:29 [debug] last process finished, will do another dispatch[39m 
[34m2026-03-16 16:50:29 [debug] no execution in db queued to process        [39m 
[32m2026-03-16 16:50:29 [info]  execution (353636513153025) from queue not found or not in queueing status, skip[39m 
[32m2026-03-16 16:50:49 [info]  no more events need to be prepared, dispatching...[39m 
[34m2026-03-16 16:50:49 [debug] last process finished, will do another dispatch[39m 
[34m2026-03-16 16:50:49 [debug] last process finished, will do another dispatch[39m 
[34m2026-03-16 16:50:49 [debug] last process finished, will do another dispatch[39m 
[34m2026-03-16 16:50:49 [debug] no execution in db queued to process        [39m 
[32m2026-03-16 16:50:49 [info]  execution (353636555096066) from queue not found or not in queueing status, skip[39m 
[32m2026-03-16 16:50:49 [info]  execution (353636555096067) from queue not found or not in queueing status, skip[39m 
[34m2026-03-16 16:54:32 [debug] (cycling) check for queueing executions     [39m 
[34m2026-03-16 16:54:32 [debug] no execution in db queued to process        [39m 
[32m2026-03-16 16:57:16 [info]  no more events need to be prepared, dispatching...[39m 
[34m2026-03-16 16:57:16 [debug] last process finished, will do another dispatch[39m 
[34m2026-03-16 16:57:16 [debug] last process finished, will do another dispatch[39m 
[34m2026-03-16 16:57:16 [debug] no execution in db queued to process        [39m 
[32m2026-03-16 16:57:16 [info]  execution (353637366693889) from queue not found or not in queueing status, skip[39m 
[32m2026-03-16 16:57:41 [info]  no more events need to be prepared, dispatching...[39m 
[34m2026-03-16 16:57:41 [debug] last process finished, will do another dispatch[39m 
[34m2026-03-16 16:57:41 [debug] last process finished, will do another dispatch[39m 
[34m2026-03-16 16:57:41 [debug] last process finished, will do another dispatch[39m 
[34m2026-03-16 16:57:41 [debug] no execution in db queued to process        [39m 
[32m2026-03-16 16:57:41 [info]  execution (353637419122689) from queue not found or not in queueing status, skip[39m 
[32m2026-03-16 16:57:41 [info]  execution (353637419122690) from queue not found or not in queueing status, skip[39m 
[34m2026-03-16 16:59:32 [debug] (cycling) check for queueing executions     [39m 
[34m2026-03-16 16:59:32 [debug] no execution in db queued to process        [39m 
[32m2026-03-16 17:00:03 [info]  no more events need to be prepared, dispatching...[39m 
[34m2026-03-16 17:00:04 [debug] last process finished, will do another dispatch[39m 
[34m2026-03-16 17:00:04 [debug] last process finished, will do another dispatch[39m 
[34m2026-03-16 17:00:04 [debug] no execution in db queued to process        [39m 
[32m2026-03-16 17:00:04 [info]  execution (353637716918273) from queue not found or not in queueing status, skip[39m 
[32m2026-03-16 17:00:26 [info]  no more events need to be prepared, dispatching...[39m 
[34m2026-03-16 17:00:26 [debug] last process finished, will do another dispatch[39m 
[34m2026-03-16 17:00:26 [debug] last process finished, will do another dispatch[39m 
[34m2026-03-16 17:00:26 [debug] last process finished, will do another dispatch[39m 
[34m2026-03-16 17:00:26 [debug] no execution in db queued to process        [39m 
[32m2026-03-16 17:00:27 [info]  execution (353637765152770) from queue not found or not in queueing status, skip[39m 
[32m2026-03-16 17:00:27 [info]  execution (353637765152771) from queue not found or not in queueing status, skip[39m 
[32m2026-03-16 17:02:08 [info]  no more events need to be prepared, dispatching...[39m 
[34m2026-03-16 17:02:08 [debug] last process finished, will do another dispatch[39m 
[34m2026-03-16 17:02:08 [debug] last process finished, will do another dispatch[39m 
[34m2026-03-16 17:02:08 [debug] no execution in db queued to process        [39m 
[32m2026-03-16 17:02:09 [info]  execution (353637979062273) from queue not found or not in queueing status, skip[39m 
[32m2026-03-16 17:02:29 [info]  no more events need to be prepared, dispatching...[39m 
[34m2026-03-16 17:02:29 [debug] last process finished, will do another dispatch[39m 
[34m2026-03-16 17:02:29 [debug] last process finished, will do another dispatch[39m 
[34m2026-03-16 17:02:29 [debug] last process finished, will do another dispatch[39m 
[34m2026-03-16 17:02:29 [debug] no execution in db queued to process        [39m 
[32m2026-03-16 17:02:29 [info]  execution (353638023102466) from queue not found or not in queueing status, skip[39m 
[32m2026-03-16 17:02:29 [info]  execution (353638023102467) from queue not found or not in queueing status, skip[39m 
[32m2026-03-16 17:03:11 [info]  no more events need to be prepared, dispatching...[39m 
[34m2026-03-16 17:03:11 [debug] last process finished, will do another dispatch[39m 
[34m2026-03-16 17:03:11 [debug] last process finished, will do another dispatch[39m 
[34m2026-03-16 17:03:11 [debug] last process finished, will do another dispatch[39m 
[34m2026-03-16 17:03:11 [debug] no execution in db queued to process        [39m 
[32m2026-03-16 17:03:11 [info]  execution (353638111182850) from queue not found or not in queueing status, skip[39m 
[32m2026-03-16 17:03:11 [info]  execution (353638111182851) from queue not found or not in queueing status, skip[39m 
[34m2026-03-16 17:04:32 [debug] (cycling) check for queueing executions     [39m 
[34m2026-03-16 17:04:32 [debug] no execution in db queued to process        [39m 
[34m2026-03-16 17:09:32 [debug] (cycling) check for queueing executions     [39m 
[34m2026-03-16 17:09:33 [debug] no execution in db queued to process        [39m 
[34m2026-03-16 17:14:32 [debug] (cycling) check for queueing executions     [39m 
[34m2026-03-16 17:14:33 [debug] no execution in db queued to process        [39m 
[34m2026-03-16 17:19:32 [debug] (cycling) check for queueing executions     [39m 
[34m2026-03-16 17:19:33 [debug] no execution in db queued to process        [39m 
[34m2026-03-16 17:24:32 [debug] (cycling) check for queueing executions     [39m 
[34m2026-03-16 17:24:33 [debug] no execution in db queued to process        [39m 
[34m2026-03-16 17:29:32 [debug] (cycling) check for queueing executions     [39m 
[34m2026-03-16 17:29:33 [debug] no execution in db queued to process        [39m 
[34m2026-03-16 17:34:32 [debug] (cycling) check for queueing executions     [39m 
[34m2026-03-16 17:34:33 [debug] no execution in db queued to process        [39m 
[34m2026-03-16 17:39:32 [debug] (cycling) check for queueing executions     [39m 
[34m2026-03-16 17:39:33 [debug] no execution in db queued to process        [39m 
[34m2026-03-16 17:44:32 [debug] (cycling) check for queueing executions     [39m 
[34m2026-03-16 17:44:33 [debug] no execution in db queued to process        [39m 
[34m2026-03-16 17:49:32 [debug] (cycling) check for queueing executions     [39m 
[34m2026-03-16 17:49:33 [debug] no execution in db queued to process        [39m 
[34m2026-03-16 17:54:33 [debug] (cycling) check for queueing executions     [39m 
[34m2026-03-16 17:54:33 [debug] no execution in db queued to process        [39m 
[34m2026-03-16 17:59:33 [debug] (cycling) check for queueing executions     [39m 
[34m2026-03-16 17:59:33 [debug] no execution in db queued to process        [39m 
