[34m2026-03-18 08:59:04 [debug] (cycling) check for queueing executions     [39m 
[34m2026-03-18 08:59:04 [debug] no execution in db queued to process        [39m 
[34m2026-03-18 09:03:58 [debug] (cycling) check for queueing executions     [39m 
[34m2026-03-18 09:03:58 [debug] no execution in db queued to process        [39m 
[34m2026-03-18 09:08:58 [debug] (cycling) check for queueing executions     [39m 
[34m2026-03-18 09:08:58 [debug] no execution in db queued to process        [39m 
[34m2026-03-18 09:13:58 [debug] (cycling) check for queueing executions     [39m 
[34m2026-03-18 09:13:58 [debug] no execution in db queued to process        [39m 
[34m2026-03-18 09:18:58 [debug] (cycling) check for queueing executions     [39m 
[34m2026-03-18 09:18:58 [debug] no execution in db queued to process        [39m 
[34m2026-03-18 09:23:58 [debug] (cycling) check for queueing executions     [39m 
[34m2026-03-18 09:23:58 [debug] no execution in db queued to process        [39m 
[34m2026-03-18 09:28:58 [debug] (cycling) check for queueing executions     [39m 
[34m2026-03-18 09:28:58 [debug] no execution in db queued to process        [39m 
[34m2026-03-18 09:33:58 [debug] (cycling) check for queueing executions     [39m 
[34m2026-03-18 09:33:58 [debug] no execution in db queued to process        [39m 
[34m2026-03-18 09:38:58 [debug] (cycling) check for queueing executions     [39m 
[34m2026-03-18 09:38:58 [debug] no execution in db queued to process        [39m 
[34m2026-03-18 09:43:58 [debug] (cycling) check for queueing executions     [39m 
[34m2026-03-18 09:43:58 [debug] no execution in db queued to process        [39m 
[34m2026-03-18 09:48:58 [debug] (cycling) check for queueing executions     [39m 
[34m2026-03-18 09:48:58 [debug] no execution in db queued to process        [39m 
[34m2026-03-18 09:53:58 [debug] (cycling) check for queueing executions     [39m 
[34m2026-03-18 09:53:58 [debug] no execution in db queued to process        [39m 
[34m2026-03-18 09:58:58 [debug] (cycling) check for queueing executions     [39m 
[34m2026-03-18 09:58:58 [debug] no execution in db queued to process        [39m 
[34m2026-03-18 10:03:58 [debug] (cycling) check for queueing executions     [39m 
[34m2026-03-18 10:03:58 [debug] no execution in db queued to process        [39m 
[34m2026-03-18 10:08:58 [debug] (cycling) check for queueing executions     [39m 
[34m2026-03-18 10:08:58 [debug] no execution in db queued to process        [39m 
[34m2026-03-18 10:13:58 [debug] (cycling) check for queueing executions     [39m 
[34m2026-03-18 10:13:58 [debug] no execution in db queued to process        [39m 
[34m2026-03-18 10:18:58 [debug] (cycling) check for queueing executions     [39m 
[34m2026-03-18 10:18:58 [debug] no execution in db queued to process        [39m 
[34m2026-03-18 10:23:58 [debug] (cycling) check for queueing executions     [39m 
[34m2026-03-18 10:23:58 [debug] no execution in db queued to process        [39m 
[34m2026-03-18 10:28:58 [debug] (cycling) check for queueing executions     [39m 
[34m2026-03-18 10:28:58 [debug] no execution in db queued to process        [39m 
[34m2026-03-18 10:33:58 [debug] (cycling) check for queueing executions     [39m 
[34m2026-03-18 10:33:58 [debug] no execution in db queued to process        [39m 
[34m2026-03-18 10:38:58 [debug] (cycling) check for queueing executions     [39m 
[34m2026-03-18 10:38:58 [debug] no execution in db queued to process        [39m 
[34m2026-03-18 10:43:58 [debug] (cycling) check for queueing executions     [39m 
[34m2026-03-18 10:43:58 [debug] no execution in db queued to process        [39m 
[34m2026-03-18 10:48:58 [debug] (cycling) check for queueing executions     [39m 
[34m2026-03-18 10:48:58 [debug] no execution in db queued to process        [39m 
[34m2026-03-18 10:53:58 [debug] (cycling) check for queueing executions     [39m 
[34m2026-03-18 10:53:58 [debug] no execution in db queued to process        [39m 
[34m2026-03-18 10:58:58 [debug] (cycling) check for queueing executions     [39m 
[34m2026-03-18 10:58:58 [debug] no execution in db queued to process        [39m 
[34m2026-03-18 11:03:58 [debug] (cycling) check for queueing executions     [39m 
[34m2026-03-18 11:03:58 [debug] no execution in db queued to process        [39m 
[32m2026-03-18 11:04:48 [info]  no more events need to be prepared, dispatching...[39m 
[34m2026-03-18 11:04:48 [debug] last process finished, will do another dispatch[39m 
[34m2026-03-18 11:04:48 [debug] last process finished, will do another dispatch[39m 
[34m2026-03-18 11:04:48 [debug] last process finished, will do another dispatch[39m 
[34m2026-03-18 11:04:48 [debug] no execution in db queued to process        [39m 
[32m2026-03-18 11:04:48 [info]  execution (353955403988994) from queue not found or not in queueing status, skip[39m 
[32m2026-03-18 11:04:48 [info]  execution (353955403988995) from queue not found or not in queueing status, skip[39m 
[34m2026-03-18 11:08:58 [debug] (cycling) check for queueing executions     [39m 
[34m2026-03-18 11:08:58 [debug] no execution in db queued to process        [39m 
[34m2026-03-18 11:13:58 [debug] (cycling) check for queueing executions     [39m 
[34m2026-03-18 11:13:58 [debug] no execution in db queued to process        [39m 
[34m2026-03-18 11:18:58 [debug] (cycling) check for queueing executions     [39m 
[34m2026-03-18 11:18:58 [debug] no execution in db queued to process        [39m 
[34m2026-03-18 11:23:58 [debug] (cycling) check for queueing executions     [39m 
[34m2026-03-18 11:23:58 [debug] no execution in db queued to process        [39m 
[34m2026-03-18 11:28:58 [debug] (cycling) check for queueing executions     [39m 
[34m2026-03-18 11:28:58 [debug] no execution in db queued to process        [39m 
[32m2026-03-18 11:30:25 [info]  no more events need to be prepared, dispatching...[39m 
[34m2026-03-18 11:30:25 [debug] last process finished, will do another dispatch[39m 
[34m2026-03-18 11:30:25 [debug] last process finished, will do another dispatch[39m 
[34m2026-03-18 11:30:25 [debug] last process finished, will do another dispatch[39m 
[34m2026-03-18 11:30:25 [debug] last process finished, will do another dispatch[39m 
[34m2026-03-18 11:30:25 [debug] last process finished, will do another dispatch[39m 
[34m2026-03-18 11:30:25 [debug] last process finished, will do another dispatch[39m 
[34m2026-03-18 11:30:25 [debug] no execution in db queued to process        [39m 
[32m2026-03-18 11:30:25 [info]  execution (353958627311617) from queue not found or not in queueing status, skip[39m 
[32m2026-03-18 11:30:25 [info]  execution (353958627311618) from queue not found or not in queueing status, skip[39m 
[32m2026-03-18 11:30:26 [info]  execution (353958627311619) from queue not found or not in queueing status, skip[39m 
[32m2026-03-18 11:30:26 [info]  execution (353958627311620) from queue not found or not in queueing status, skip[39m 
[32m2026-03-18 11:30:26 [info]  execution (353958627311621) from queue not found or not in queueing status, skip[39m 
[32m2026-03-18 11:30:43 [info]  no more events need to be prepared, dispatching...[39m 
[34m2026-03-18 11:30:43 [debug] last process finished, will do another dispatch[39m 
[34m2026-03-18 11:30:43 [debug] last process finished, will do another dispatch[39m 
[34m2026-03-18 11:30:43 [debug] last process finished, will do another dispatch[39m 
[34m2026-03-18 11:30:43 [debug] no execution in db queued to process        [39m 
[32m2026-03-18 11:30:43 [info]  execution (353958665060353) from queue not found or not in queueing status, skip[39m 
[32m2026-03-18 11:30:43 [info]  execution (353958665060354) from queue not found or not in queueing status, skip[39m 
[34m2026-03-18 11:33:58 [debug] (cycling) check for queueing executions     [39m 
[34m2026-03-18 11:33:58 [debug] no execution in db queued to process        [39m 
[32m2026-03-18 11:38:30 [info]  no more events need to be prepared, dispatching...[39m 
[34m2026-03-18 11:38:30 [debug] last process finished, will do another dispatch[39m 
[34m2026-03-18 11:38:31 [debug] last process finished, will do another dispatch[39m 
[34m2026-03-18 11:38:31 [debug] last process finished, will do another dispatch[39m 
[34m2026-03-18 11:38:31 [debug] no execution in db queued to process        [39m 
[32m2026-03-18 11:38:31 [info]  execution (353959644430338) from queue not found or not in queueing status, skip[39m 
[32m2026-03-18 11:38:31 [info]  execution (353959644430339) from queue not found or not in queueing status, skip[39m 
[34m2026-03-18 11:38:58 [debug] (cycling) check for queueing executions     [39m 
[34m2026-03-18 11:38:58 [debug] no execution in db queued to process        [39m 
[32m2026-03-18 11:40:06 [info]  no more events need to be prepared, dispatching...[39m 
[34m2026-03-18 11:40:06 [debug] last process finished, will do another dispatch[39m 
[34m2026-03-18 11:40:06 [debug] last process finished, will do another dispatch[39m 
[34m2026-03-18 11:40:06 [debug] last process finished, will do another dispatch[39m 
[34m2026-03-18 11:40:06 [debug] no execution in db queued to process        [39m 
[32m2026-03-18 11:40:06 [info]  execution (353959845756930) from queue not found or not in queueing status, skip[39m 
[32m2026-03-18 11:40:07 [info]  execution (353959845756931) from queue not found or not in queueing status, skip[39m 
[32m2026-03-18 11:40:20 [info]  no more events need to be prepared, dispatching...[39m 
[34m2026-03-18 11:40:20 [debug] last process finished, will do another dispatch[39m 
[34m2026-03-18 11:40:20 [debug] last process finished, will do another dispatch[39m 
[34m2026-03-18 11:40:20 [debug] last process finished, will do another dispatch[39m 
[34m2026-03-18 11:40:20 [debug] no execution in db queued to process        [39m 
[32m2026-03-18 11:40:20 [info]  execution (353959875117057) from queue not found or not in queueing status, skip[39m 
[32m2026-03-18 11:40:20 [info]  execution (353959875117058) from queue not found or not in queueing status, skip[39m 
[32m2026-03-18 11:41:27 [info]  no more events need to be prepared, dispatching...[39m 
[34m2026-03-18 11:41:27 [debug] last process finished, will do another dispatch[39m 
[34m2026-03-18 11:41:27 [debug] last process finished, will do another dispatch[39m 
[34m2026-03-18 11:41:27 [debug] last process finished, will do another dispatch[39m 
[34m2026-03-18 11:41:27 [debug] no execution in db queued to process        [39m 
[32m2026-03-18 11:41:27 [info]  execution (353960015626241) from queue not found or not in queueing status, skip[39m 
[32m2026-03-18 11:41:27 [info]  execution (353960015626242) from queue not found or not in queueing status, skip[39m 
[32m2026-03-18 11:42:33 [info]  no more events need to be prepared, dispatching...[39m 
[34m2026-03-18 11:42:33 [debug] last process finished, will do another dispatch[39m 
[34m2026-03-18 11:42:33 [debug] last process finished, will do another dispatch[39m 
[34m2026-03-18 11:42:33 [debug] last process finished, will do another dispatch[39m 
[34m2026-03-18 11:42:33 [debug] no execution in db queued to process        [39m 
[32m2026-03-18 11:42:33 [info]  execution (353960154038274) from queue not found or not in queueing status, skip[39m 
[32m2026-03-18 11:42:34 [info]  execution (353960154038275) from queue not found or not in queueing status, skip[39m 
[34m2026-03-18 11:43:58 [debug] (cycling) check for queueing executions     [39m 
[34m2026-03-18 11:43:58 [debug] no execution in db queued to process        [39m 
[32m2026-03-18 11:44:41 [info]  no more events need to be prepared, dispatching...[39m 
[34m2026-03-18 11:44:41 [debug] last process finished, will do another dispatch[39m 
[34m2026-03-18 11:44:41 [debug] last process finished, will do another dispatch[39m 
[34m2026-03-18 11:44:41 [debug] last process finished, will do another dispatch[39m 
[34m2026-03-18 11:44:41 [debug] no execution in db queued to process        [39m 
[32m2026-03-18 11:44:41 [info]  execution (353960422473729) from queue not found or not in queueing status, skip[39m 
[32m2026-03-18 11:44:42 [info]  execution (353960422473730) from queue not found or not in queueing status, skip[39m 
[32m2026-03-18 11:45:13 [info]  no more events need to be prepared, dispatching...[39m 
[34m2026-03-18 11:45:13 [debug] last process finished, will do another dispatch[39m 
[34m2026-03-18 11:45:13 [debug] last process finished, will do another dispatch[39m 
[34m2026-03-18 11:45:13 [debug] last process finished, will do another dispatch[39m 
[34m2026-03-18 11:45:13 [debug] no execution in db queued to process        [39m 
[32m2026-03-18 11:45:13 [info]  execution (353960489582592) from queue not found or not in queueing status, skip[39m 
[32m2026-03-18 11:45:13 [info]  execution (353960489582593) from queue not found or not in queueing status, skip[39m 
[32m2026-03-18 11:45:41 [info]  no more events need to be prepared, dispatching...[39m 
[34m2026-03-18 11:45:41 [debug] last process finished, will do another dispatch[39m 
[34m2026-03-18 11:45:41 [debug] last process finished, will do another dispatch[39m 
[34m2026-03-18 11:45:41 [debug] last process finished, will do another dispatch[39m 
[34m2026-03-18 11:45:41 [debug] no execution in db queued to process        [39m 
[32m2026-03-18 11:45:41 [info]  execution (353960548302849) from queue not found or not in queueing status, skip[39m 
[32m2026-03-18 11:45:41 [info]  execution (353960548302850) from queue not found or not in queueing status, skip[39m 
[32m2026-03-18 11:46:34 [info]  no more events need to be prepared, dispatching...[39m 
[34m2026-03-18 11:46:34 [debug] last process finished, will do another dispatch[39m 
[34m2026-03-18 11:46:34 [debug] last process finished, will do another dispatch[39m 
[34m2026-03-18 11:46:34 [debug] last process finished, will do another dispatch[39m 
[34m2026-03-18 11:46:34 [debug] no execution in db queued to process        [39m 
[32m2026-03-18 11:46:34 [info]  execution (353960659451906) from queue not found or not in queueing status, skip[39m 
[32m2026-03-18 11:46:34 [info]  execution (353960659451907) from queue not found or not in queueing status, skip[39m 
[32m2026-03-18 11:47:14 [info]  no more events need to be prepared, dispatching...[39m 
[34m2026-03-18 11:47:14 [debug] last process finished, will do another dispatch[39m 
[34m2026-03-18 11:47:14 [debug] last process finished, will do another dispatch[39m 
[34m2026-03-18 11:47:14 [debug] last process finished, will do another dispatch[39m 
[34m2026-03-18 11:47:14 [debug] no execution in db queued to process        [39m 
[32m2026-03-18 11:47:14 [info]  execution (353960743337985) from queue not found or not in queueing status, skip[39m 
[32m2026-03-18 11:47:14 [info]  execution (353960743337986) from queue not found or not in queueing status, skip[39m 
[32m2026-03-18 11:47:42 [info]  no more events need to be prepared, dispatching...[39m 
[34m2026-03-18 11:47:42 [debug] last process finished, will do another dispatch[39m 
[34m2026-03-18 11:47:42 [debug] last process finished, will do another dispatch[39m 
[34m2026-03-18 11:47:42 [debug] last process finished, will do another dispatch[39m 
[34m2026-03-18 11:47:42 [debug] no execution in db queued to process        [39m 
[32m2026-03-18 11:47:43 [info]  execution (353960802058242) from queue not found or not in queueing status, skip[39m 
[32m2026-03-18 11:47:43 [info]  execution (353960802058243) from queue not found or not in queueing status, skip[39m 
[34m2026-03-18 11:48:58 [debug] (cycling) check for queueing executions     [39m 
[34m2026-03-18 11:48:58 [debug] no execution in db queued to process        [39m 
[32m2026-03-18 11:51:52 [info]  no more events need to be prepared, dispatching...[39m 
[34m2026-03-18 11:51:53 [debug] last process finished, will do another dispatch[39m 
[34m2026-03-18 11:51:53 [debug] last process finished, will do another dispatch[39m 
[34m2026-03-18 11:51:53 [debug] last process finished, will do another dispatch[39m 
[34m2026-03-18 11:51:53 [debug] no execution in db queued to process        [39m 
[32m2026-03-18 11:51:53 [info]  execution (353961326346241) from queue not found or not in queueing status, skip[39m 
[32m2026-03-18 11:51:53 [info]  execution (353961326346242) from queue not found or not in queueing status, skip[39m 
[34m2026-03-18 11:53:58 [debug] (cycling) check for queueing executions     [39m 
[34m2026-03-18 11:53:58 [debug] no execution in db queued to process        [39m 
[34m2026-03-18 11:58:58 [debug] (cycling) check for queueing executions     [39m 
[34m2026-03-18 11:58:58 [debug] no execution in db queued to process        [39m 
[34m2026-03-18 12:03:58 [debug] (cycling) check for queueing executions     [39m 
[34m2026-03-18 12:03:58 [debug] no execution in db queued to process        [39m 
[34m2026-03-18 12:08:58 [debug] (cycling) check for queueing executions     [39m 
[34m2026-03-18 12:08:58 [debug] no execution in db queued to process        [39m 
[34m2026-03-18 12:13:58 [debug] (cycling) check for queueing executions     [39m 
[34m2026-03-18 12:13:58 [debug] no execution in db queued to process        [39m 
[34m2026-03-18 12:18:58 [debug] (cycling) check for queueing executions     [39m 
[34m2026-03-18 12:18:58 [debug] no execution in db queued to process        [39m 
[34m2026-03-18 12:23:58 [debug] (cycling) check for queueing executions     [39m 
[34m2026-03-18 12:23:58 [debug] no execution in db queued to process        [39m 
[34m2026-03-18 12:28:58 [debug] (cycling) check for queueing executions     [39m 
[34m2026-03-18 12:28:58 [debug] no execution in db queued to process        [39m 
[34m2026-03-18 12:33:58 [debug] (cycling) check for queueing executions     [39m 
[34m2026-03-18 12:33:58 [debug] no execution in db queued to process        [39m 
[34m2026-03-18 12:38:58 [debug] (cycling) check for queueing executions     [39m 
[34m2026-03-18 12:38:58 [debug] no execution in db queued to process        [39m 
[34m2026-03-18 12:43:58 [debug] (cycling) check for queueing executions     [39m 
[34m2026-03-18 12:43:58 [debug] no execution in db queued to process        [39m 
[34m2026-03-18 12:48:58 [debug] (cycling) check for queueing executions     [39m 
[34m2026-03-18 12:48:58 [debug] no execution in db queued to process        [39m 
[34m2026-03-18 12:53:58 [debug] (cycling) check for queueing executions     [39m 
[34m2026-03-18 12:53:58 [debug] no execution in db queued to process        [39m 
[34m2026-03-18 13:26:42 [debug] (cycling) check for queueing executions     [39m 
[34m2026-03-18 13:26:45 [debug] no execution in db queued to process        [39m 
[34m2026-03-18 13:31:42 [debug] (cycling) check for queueing executions     [39m 
[34m2026-03-18 13:31:42 [debug] no execution in db queued to process        [39m 
[34m2026-03-18 13:36:42 [debug] (cycling) check for queueing executions     [39m 
[34m2026-03-18 13:36:42 [debug] no execution in db queued to process        [39m 
[34m2026-03-18 13:41:42 [debug] (cycling) check for queueing executions     [39m 
[34m2026-03-18 13:41:42 [debug] no execution in db queued to process        [39m 
[34m2026-03-18 13:46:42 [debug] (cycling) check for queueing executions     [39m 
[34m2026-03-18 13:46:42 [debug] no execution in db queued to process        [39m 
[34m2026-03-18 13:51:42 [debug] (cycling) check for queueing executions     [39m 
[34m2026-03-18 13:51:42 [debug] no execution in db queued to process        [39m 
[34m2026-03-18 13:56:42 [debug] (cycling) check for queueing executions     [39m 
[34m2026-03-18 13:56:42 [debug] no execution in db queued to process        [39m 
[34m2026-03-18 14:01:42 [debug] (cycling) check for queueing executions     [39m 
[34m2026-03-18 14:01:42 [debug] no execution in db queued to process        [39m 
[34m2026-03-18 14:06:42 [debug] (cycling) check for queueing executions     [39m 
[34m2026-03-18 14:06:42 [debug] no execution in db queued to process        [39m 
[34m2026-03-18 14:11:42 [debug] (cycling) check for queueing executions     [39m 
[34m2026-03-18 14:11:42 [debug] no execution in db queued to process        [39m 
[34m2026-03-18 14:16:42 [debug] (cycling) check for queueing executions     [39m 
[34m2026-03-18 14:16:42 [debug] no execution in db queued to process        [39m 
[34m2026-03-18 14:21:42 [debug] (cycling) check for queueing executions     [39m 
[34m2026-03-18 14:21:42 [debug] no execution in db queued to process        [39m 
[34m2026-03-18 14:26:42 [debug] (cycling) check for queueing executions     [39m 
[34m2026-03-18 14:26:42 [debug] no execution in db queued to process        [39m 
[34m2026-03-18 14:31:42 [debug] (cycling) check for queueing executions     [39m 
[34m2026-03-18 14:31:42 [debug] no execution in db queued to process        [39m 
[34m2026-03-18 14:36:42 [debug] (cycling) check for queueing executions     [39m 
[34m2026-03-18 14:36:42 [debug] no execution in db queued to process        [39m 
[34m2026-03-18 14:41:42 [debug] (cycling) check for queueing executions     [39m 
[34m2026-03-18 14:41:42 [debug] no execution in db queued to process        [39m 
[34m2026-03-18 15:26:26 [debug] (cycling) check for queueing executions     [39m 
[34m2026-03-18 15:26:29 [debug] no execution in db queued to process        [39m 
[34m2026-03-18 15:31:26 [debug] (cycling) check for queueing executions     [39m 
[34m2026-03-18 15:31:26 [debug] no execution in db queued to process        [39m 
[34m2026-03-18 15:36:26 [debug] (cycling) check for queueing executions     [39m 
[34m2026-03-18 15:36:26 [debug] no execution in db queued to process        [39m 
[34m2026-03-18 15:41:26 [debug] (cycling) check for queueing executions     [39m 
[34m2026-03-18 15:41:26 [debug] no execution in db queued to process        [39m 
[34m2026-03-18 15:46:26 [debug] (cycling) check for queueing executions     [39m 
[34m2026-03-18 15:46:26 [debug] no execution in db queued to process        [39m 
[34m2026-03-18 15:51:26 [debug] (cycling) check for queueing executions     [39m 
[34m2026-03-18 15:51:26 [debug] no execution in db queued to process        [39m 
[32m2026-03-18 15:54:44 [info]  no more events need to be prepared, dispatching...[39m 
[34m2026-03-18 15:54:44 [debug] last process finished, will do another dispatch[39m 
[34m2026-03-18 15:54:44 [debug] last process finished, will do another dispatch[39m 
[34m2026-03-18 15:54:44 [debug] last process finished, will do another dispatch[39m 
[34m2026-03-18 15:54:44 [debug] no execution in db queued to process        [39m 
[32m2026-03-18 15:54:45 [info]  execution (353991886045186) from queue not found or not in queueing status, skip[39m 
[32m2026-03-18 15:54:45 [info]  execution (353991886045187) from queue not found or not in queueing status, skip[39m 
[34m2026-03-18 15:56:26 [debug] (cycling) check for queueing executions     [39m 
[34m2026-03-18 15:56:26 [debug] no execution in db queued to process        [39m 
[32m2026-03-18 16:00:11 [info]  no more events need to be prepared, dispatching...[39m 
[34m2026-03-18 16:00:11 [debug] last process finished, will do another dispatch[39m 
[34m2026-03-18 16:00:11 [debug] last process finished, will do another dispatch[39m 
[34m2026-03-18 16:00:11 [debug] last process finished, will do another dispatch[39m 
[34m2026-03-18 16:00:11 [debug] no execution in db queued to process        [39m 
[32m2026-03-18 16:00:11 [info]  execution (353992571813889) from queue not found or not in queueing status, skip[39m 
[32m2026-03-18 16:00:12 [info]  execution (353992571813890) from queue not found or not in queueing status, skip[39m 
[32m2026-03-18 16:01:04 [info]  no more events need to be prepared, dispatching...[39m 
[34m2026-03-18 16:01:04 [debug] last process finished, will do another dispatch[39m 
[34m2026-03-18 16:01:04 [debug] last process finished, will do another dispatch[39m 
[34m2026-03-18 16:01:04 [debug] last process finished, will do another dispatch[39m 
[34m2026-03-18 16:01:04 [debug] no execution in db queued to process        [39m 
[32m2026-03-18 16:01:04 [info]  execution (353992682962946) from queue not found or not in queueing status, skip[39m 
[32m2026-03-18 16:01:04 [info]  execution (353992682962947) from queue not found or not in queueing status, skip[39m 
[34m2026-03-18 16:01:26 [debug] (cycling) check for queueing executions     [39m 
[34m2026-03-18 16:01:26 [debug] no execution in db queued to process        [39m 
[34m2026-03-18 16:06:26 [debug] (cycling) check for queueing executions     [39m 
[34m2026-03-18 16:06:26 [debug] no execution in db queued to process        [39m 
[32m2026-03-18 16:10:45 [info]  no more events need to be prepared, dispatching...[39m 
[34m2026-03-18 16:10:45 [debug] last process finished, will do another dispatch[39m 
[34m2026-03-18 16:10:45 [debug] last process finished, will do another dispatch[39m 
[34m2026-03-18 16:10:45 [debug] last process finished, will do another dispatch[39m 
[34m2026-03-18 16:10:45 [debug] no execution in db queued to process        [39m 
[32m2026-03-18 16:10:46 [info]  execution (353993901408257) from queue not found or not in queueing status, skip[39m 
[32m2026-03-18 16:10:46 [info]  execution (353993901408258) from queue not found or not in queueing status, skip[39m 
[32m2026-03-18 16:11:21 [info]  no more events need to be prepared, dispatching...[39m 
[34m2026-03-18 16:11:21 [debug] last process finished, will do another dispatch[39m 
[34m2026-03-18 16:11:21 [debug] last process finished, will do another dispatch[39m 
[34m2026-03-18 16:11:21 [debug] last process finished, will do another dispatch[39m 
[34m2026-03-18 16:11:21 [debug] no execution in db queued to process        [39m 
[32m2026-03-18 16:11:22 [info]  execution (353993976905730) from queue not found or not in queueing status, skip[39m 
[32m2026-03-18 16:11:22 [info]  execution (353993976905731) from queue not found or not in queueing status, skip[39m 
[34m2026-03-18 16:11:26 [debug] (cycling) check for queueing executions     [39m 
[34m2026-03-18 16:11:26 [debug] no execution in db queued to process        [39m 
[34m2026-03-18 16:16:26 [debug] (cycling) check for queueing executions     [39m 
[34m2026-03-18 16:16:26 [debug] no execution in db queued to process        [39m 
[32m2026-03-18 16:17:48 [info]  no more events need to be prepared, dispatching...[39m 
[34m2026-03-18 16:17:49 [debug] last process finished, will do another dispatch[39m 
[34m2026-03-18 16:17:49 [debug] last process finished, will do another dispatch[39m 
[34m2026-03-18 16:17:49 [debug] last process finished, will do another dispatch[39m 
[34m2026-03-18 16:17:49 [debug] no execution in db queued to process        [39m 
[32m2026-03-18 16:17:49 [info]  execution (353994788503554) from queue not found or not in queueing status, skip[39m 
[32m2026-03-18 16:17:49 [info]  execution (353994788503555) from queue not found or not in queueing status, skip[39m 
[32m2026-03-18 16:21:08 [info]  no more events need to be prepared, dispatching...[39m 
[34m2026-03-18 16:21:08 [debug] last process finished, will do another dispatch[39m 
[34m2026-03-18 16:21:08 [debug] last process finished, will do another dispatch[39m 
[34m2026-03-18 16:21:08 [debug] last process finished, will do another dispatch[39m 
[34m2026-03-18 16:21:08 [debug] no execution in db queued to process        [39m 
[32m2026-03-18 16:21:08 [info]  execution (353995207933953) from queue not found or not in queueing status, skip[39m 
[32m2026-03-18 16:21:08 [info]  execution (353995207933954) from queue not found or not in queueing status, skip[39m 
[34m2026-03-18 16:21:26 [debug] (cycling) check for queueing executions     [39m 
[34m2026-03-18 16:21:26 [debug] no execution in db queued to process        [39m 
[32m2026-03-18 16:21:41 [info]  no more events need to be prepared, dispatching...[39m 
[34m2026-03-18 16:21:42 [debug] last process finished, will do another dispatch[39m 
[34m2026-03-18 16:21:42 [debug] last process finished, will do another dispatch[39m 
[34m2026-03-18 16:21:42 [debug] last process finished, will do another dispatch[39m 
[34m2026-03-18 16:21:42 [debug] no execution in db queued to process        [39m 
[32m2026-03-18 16:21:42 [info]  execution (353995277139970) from queue not found or not in queueing status, skip[39m 
[32m2026-03-18 16:21:42 [info]  execution (353995277139971) from queue not found or not in queueing status, skip[39m 
[32m2026-03-18 16:24:48 [info]  no more events need to be prepared, dispatching...[39m 
[34m2026-03-18 16:24:48 [debug] last process finished, will do another dispatch[39m 
[34m2026-03-18 16:24:48 [debug] last process finished, will do another dispatch[39m 
[34m2026-03-18 16:24:48 [debug] last process finished, will do another dispatch[39m 
[34m2026-03-18 16:24:48 [debug] no execution in db queued to process        [39m 
[32m2026-03-18 16:24:48 [info]  execution (353995669307393) from queue not found or not in queueing status, skip[39m 
[32m2026-03-18 16:24:48 [info]  execution (353995669307394) from queue not found or not in queueing status, skip[39m 
[32m2026-03-18 16:25:31 [info]  no more events need to be prepared, dispatching...[39m 
[34m2026-03-18 16:25:31 [debug] last process finished, will do another dispatch[39m 
[34m2026-03-18 16:25:31 [debug] last process finished, will do another dispatch[39m 
[34m2026-03-18 16:25:31 [debug] last process finished, will do another dispatch[39m 
[34m2026-03-18 16:25:31 [debug] no execution in db queued to process        [39m 
[32m2026-03-18 16:25:31 [info]  execution (353995759484930) from queue not found or not in queueing status, skip[39m 
[32m2026-03-18 16:25:31 [info]  execution (353995759484931) from queue not found or not in queueing status, skip[39m 
[34m2026-03-18 16:26:26 [debug] (cycling) check for queueing executions     [39m 
[34m2026-03-18 16:26:26 [debug] no execution in db queued to process        [39m 
[32m2026-03-18 16:27:59 [info]  no more events need to be prepared, dispatching...[39m 
[34m2026-03-18 16:27:59 [debug] last process finished, will do another dispatch[39m 
[34m2026-03-18 16:27:59 [debug] last process finished, will do another dispatch[39m 
[34m2026-03-18 16:27:59 [debug] last process finished, will do another dispatch[39m 
[34m2026-03-18 16:27:59 [debug] no execution in db queued to process        [39m 
[32m2026-03-18 16:27:59 [info]  execution (353996069863425) from queue not found or not in queueing status, skip[39m 
[32m2026-03-18 16:27:59 [info]  execution (353996069863426) from queue not found or not in queueing status, skip[39m 
[32m2026-03-18 16:28:34 [info]  no more events need to be prepared, dispatching...[39m 
[34m2026-03-18 16:28:34 [debug] last process finished, will do another dispatch[39m 
[34m2026-03-18 16:28:34 [debug] last process finished, will do another dispatch[39m 
[34m2026-03-18 16:28:34 [debug] last process finished, will do another dispatch[39m 
[34m2026-03-18 16:28:34 [debug] no execution in db queued to process        [39m 
[32m2026-03-18 16:28:34 [info]  execution (353996143263746) from queue not found or not in queueing status, skip[39m 
[32m2026-03-18 16:28:34 [info]  execution (353996143263747) from queue not found or not in queueing status, skip[39m 
[34m2026-03-18 16:31:26 [debug] (cycling) check for queueing executions     [39m 
[34m2026-03-18 16:31:26 [debug] no execution in db queued to process        [39m 
[32m2026-03-18 16:32:09 [info]  no more events need to be prepared, dispatching...[39m 
[34m2026-03-18 16:32:09 [debug] last process finished, will do another dispatch[39m 
[34m2026-03-18 16:32:09 [debug] last process finished, will do another dispatch[39m 
[34m2026-03-18 16:32:09 [debug] last process finished, will do another dispatch[39m 
[34m2026-03-18 16:32:09 [debug] no execution in db queued to process        [39m 
[32m2026-03-18 16:32:09 [info]  execution (353996594151425) from queue not found or not in queueing status, skip[39m 
[32m2026-03-18 16:32:09 [info]  execution (353996594151426) from queue not found or not in queueing status, skip[39m 
[32m2026-03-18 16:34:15 [info]  no more events need to be prepared, dispatching...[39m 
[34m2026-03-18 16:34:15 [debug] last process finished, will do another dispatch[39m 
[34m2026-03-18 16:34:15 [debug] last process finished, will do another dispatch[39m 
[34m2026-03-18 16:34:15 [debug] last process finished, will do another dispatch[39m 
[34m2026-03-18 16:34:15 [debug] no execution in db queued to process        [39m 
[32m2026-03-18 16:34:15 [info]  execution (353996858392578) from queue not found or not in queueing status, skip[39m 
[32m2026-03-18 16:34:16 [info]  execution (353996858392579) from queue not found or not in queueing status, skip[39m 
[32m2026-03-18 16:34:37 [info]  no more events need to be prepared, dispatching...[39m 
[34m2026-03-18 16:34:37 [debug] last process finished, will do another dispatch[39m 
[34m2026-03-18 16:34:37 [debug] last process finished, will do another dispatch[39m 
[34m2026-03-18 16:34:37 [debug] last process finished, will do another dispatch[39m 
[34m2026-03-18 16:34:37 [debug] no execution in db queued to process        [39m 
[32m2026-03-18 16:34:37 [info]  execution (353996904529921) from queue not found or not in queueing status, skip[39m 
[32m2026-03-18 16:34:37 [info]  execution (353996904529922) from queue not found or not in queueing status, skip[39m 
[32m2026-03-18 16:34:50 [info]  no more events need to be prepared, dispatching...[39m 
[34m2026-03-18 16:34:50 [debug] last process finished, will do another dispatch[39m 
[34m2026-03-18 16:34:50 [debug] last process finished, will do another dispatch[39m 
[34m2026-03-18 16:34:50 [debug] last process finished, will do another dispatch[39m 
[34m2026-03-18 16:34:50 [debug] no execution in db queued to process        [39m 
[32m2026-03-18 16:34:50 [info]  execution (353996931792897) from queue not found or not in queueing status, skip[39m 
[32m2026-03-18 16:34:51 [info]  execution (353996931792898) from queue not found or not in queueing status, skip[39m 
[34m2026-03-18 16:36:26 [debug] (cycling) check for queueing executions     [39m 
[34m2026-03-18 16:36:26 [debug] no execution in db queued to process        [39m 
[32m2026-03-18 16:37:06 [info]  no more events need to be prepared, dispatching...[39m 
[34m2026-03-18 16:37:06 [debug] last process finished, will do another dispatch[39m 
[34m2026-03-18 16:37:06 [debug] last process finished, will do another dispatch[39m 
[34m2026-03-18 16:37:06 [debug] last process finished, will do another dispatch[39m 
[34m2026-03-18 16:37:06 [debug] no execution in db queued to process        [39m 
[32m2026-03-18 16:37:06 [info]  execution (353997217005570) from queue not found or not in queueing status, skip[39m 
[32m2026-03-18 16:37:06 [info]  execution (353997217005571) from queue not found or not in queueing status, skip[39m 
[32m2026-03-18 16:37:27 [info]  no more events need to be prepared, dispatching...[39m 
[34m2026-03-18 16:37:27 [debug] last process finished, will do another dispatch[39m 
[34m2026-03-18 16:37:27 [debug] last process finished, will do another dispatch[39m 
[34m2026-03-18 16:37:27 [debug] last process finished, will do another dispatch[39m 
[34m2026-03-18 16:37:27 [debug] no execution in db queued to process        [39m 
[32m2026-03-18 16:37:27 [info]  execution (353997261045761) from queue not found or not in queueing status, skip[39m 
[32m2026-03-18 16:37:27 [info]  execution (353997261045762) from queue not found or not in queueing status, skip[39m 
[34m2026-03-18 16:41:26 [debug] (cycling) check for queueing executions     [39m 
[34m2026-03-18 16:41:26 [debug] no execution in db queued to process        [39m 
[34m2026-03-18 16:46:26 [debug] (cycling) check for queueing executions     [39m 
[34m2026-03-18 16:46:26 [debug] no execution in db queued to process        [39m 
[34m2026-03-18 16:51:26 [debug] (cycling) check for queueing executions     [39m 
[34m2026-03-18 16:51:26 [debug] no execution in db queued to process        [39m 
[34m2026-03-18 16:56:26 [debug] (cycling) check for queueing executions     [39m 
[34m2026-03-18 16:56:26 [debug] no execution in db queued to process        [39m 
[34m2026-03-18 17:01:26 [debug] (cycling) check for queueing executions     [39m 
[34m2026-03-18 17:01:26 [debug] no execution in db queued to process        [39m 
[34m2026-03-18 17:06:26 [debug] (cycling) check for queueing executions     [39m 
[34m2026-03-18 17:06:26 [debug] no execution in db queued to process        [39m 
[34m2026-03-18 17:11:26 [debug] (cycling) check for queueing executions     [39m 
[34m2026-03-18 17:11:26 [debug] no execution in db queued to process        [39m 
[34m2026-03-18 17:16:26 [debug] (cycling) check for queueing executions     [39m 
[34m2026-03-18 17:16:26 [debug] no execution in db queued to process        [39m 
[34m2026-03-18 17:21:26 [debug] (cycling) check for queueing executions     [39m 
[34m2026-03-18 17:21:26 [debug] no execution in db queued to process        [39m 
[34m2026-03-18 17:26:26 [debug] (cycling) check for queueing executions     [39m 
[34m2026-03-18 17:26:26 [debug] no execution in db queued to process        [39m 
[34m2026-03-18 17:31:26 [debug] (cycling) check for queueing executions     [39m 
[34m2026-03-18 17:31:26 [debug] no execution in db queued to process        [39m 
[34m2026-03-18 17:36:26 [debug] (cycling) check for queueing executions     [39m 
[34m2026-03-18 17:36:26 [debug] no execution in db queued to process        [39m 
[34m2026-03-18 17:41:26 [debug] (cycling) check for queueing executions     [39m 
[34m2026-03-18 17:41:26 [debug] no execution in db queued to process        [39m 
[34m2026-03-18 17:46:26 [debug] (cycling) check for queueing executions     [39m 
[34m2026-03-18 17:46:26 [debug] no execution in db queued to process        [39m 
[34m2026-03-18 17:51:26 [debug] (cycling) check for queueing executions     [39m 
[34m2026-03-18 17:51:26 [debug] no execution in db queued to process        [39m 
[34m2026-03-18 17:56:26 [debug] (cycling) check for queueing executions     [39m 
[34m2026-03-18 17:56:26 [debug] no execution in db queued to process        [39m 
