[34m2026-02-28 08:57:18 [debug] (cycling) check for queueing executions     [39m 
[34m2026-02-28 08:57:18 [debug] no execution in db queued to process        [39m 
[34m2026-02-28 09:02:13 [debug] (cycling) check for queueing executions     [39m 
[34m2026-02-28 09:02:13 [debug] no execution in db queued to process        [39m 
[34m2026-02-28 09:07:13 [debug] (cycling) check for queueing executions     [39m 
[34m2026-02-28 09:07:13 [debug] no execution in db queued to process        [39m 
[34m2026-02-28 09:12:13 [debug] (cycling) check for queueing executions     [39m 
[34m2026-02-28 09:12:13 [debug] no execution in db queued to process        [39m 
[32m2026-02-28 09:12:22 [info]  no more events need to be prepared, dispatching...[39m 
[34m2026-02-28 09:12:23 [debug] last process finished, will do another dispatch[39m 
[34m2026-02-28 09:12:23 [debug] no execution in db queued to process        [39m 
[32m2026-02-28 09:12:32 [info]  no more events need to be prepared, dispatching...[39m 
[34m2026-02-28 09:12:32 [debug] last process finished, will do another dispatch[39m 
[34m2026-02-28 09:12:32 [debug] no execution in db queued to process        [39m 
[34m2026-02-28 09:17:13 [debug] (cycling) check for queueing executions     [39m 
[34m2026-02-28 09:17:13 [debug] no execution in db queued to process        [39m 
[34m2026-02-28 09:22:13 [debug] (cycling) check for queueing executions     [39m 
[34m2026-02-28 09:22:13 [debug] no execution in db queued to process        [39m 
[34m2026-02-28 09:27:13 [debug] (cycling) check for queueing executions     [39m 
[34m2026-02-28 09:27:13 [debug] no execution in db queued to process        [39m 
[32m2026-02-28 09:31:19 [info]  no more events need to be prepared, dispatching...[39m 
[34m2026-02-28 09:31:20 [debug] last process finished, will do another dispatch[39m 
[34m2026-02-28 09:31:20 [debug] no execution in db queued to process        [39m 
[32m2026-02-28 09:31:30 [info]  no more events need to be prepared, dispatching...[39m 
[34m2026-02-28 09:31:30 [debug] last process finished, will do another dispatch[39m 
[34m2026-02-28 09:31:30 [debug] no execution in db queued to process        [39m 
[34m2026-02-28 09:32:13 [debug] (cycling) check for queueing executions     [39m 
[34m2026-02-28 09:32:13 [debug] no execution in db queued to process        [39m 
[34m2026-02-28 09:37:13 [debug] (cycling) check for queueing executions     [39m 
[34m2026-02-28 09:37:13 [debug] no execution in db queued to process        [39m 
[32m2026-02-28 09:37:26 [info]  no more events need to be prepared, dispatching...[39m 
[34m2026-02-28 09:37:26 [debug] last process finished, will do another dispatch[39m 
[34m2026-02-28 09:37:26 [debug] no execution in db queued to process        [39m 
[32m2026-02-28 09:37:34 [info]  no more events need to be prepared, dispatching...[39m 
[34m2026-02-28 09:37:34 [debug] last process finished, will do another dispatch[39m 
[34m2026-02-28 09:37:34 [debug] no execution in db queued to process        [39m 
[34m2026-02-28 09:42:13 [debug] (cycling) check for queueing executions     [39m 
[34m2026-02-28 09:42:13 [debug] no execution in db queued to process        [39m 
[34m2026-02-28 09:47:13 [debug] (cycling) check for queueing executions     [39m 
[34m2026-02-28 09:47:13 [debug] no execution in db queued to process        [39m 
[32m2026-02-28 09:47:53 [info]  no more events need to be prepared, dispatching...[39m 
[34m2026-02-28 09:47:53 [debug] last process finished, will do another dispatch[39m 
[34m2026-02-28 09:47:53 [debug] no execution in db queued to process        [39m 
[32m2026-02-28 09:48:02 [info]  no more events need to be prepared, dispatching...[39m 
[34m2026-02-28 09:48:02 [debug] last process finished, will do another dispatch[39m 
[34m2026-02-28 09:48:02 [debug] no execution in db queued to process        [39m 
[34m2026-02-28 09:52:13 [debug] (cycling) check for queueing executions     [39m 
[34m2026-02-28 09:52:13 [debug] no execution in db queued to process        [39m 
[32m2026-02-28 09:56:57 [info]  no more events need to be prepared, dispatching...[39m 
[34m2026-02-28 09:56:57 [debug] last process finished, will do another dispatch[39m 
[34m2026-02-28 09:56:57 [debug] no execution in db queued to process        [39m 
[32m2026-02-28 09:57:10 [info]  no more events need to be prepared, dispatching...[39m 
[34m2026-02-28 09:57:10 [debug] last process finished, will do another dispatch[39m 
[34m2026-02-28 09:57:10 [debug] no execution in db queued to process        [39m 
[34m2026-02-28 09:57:13 [debug] (cycling) check for queueing executions     [39m 
[34m2026-02-28 09:57:13 [debug] no execution in db queued to process        [39m 
[32m2026-02-28 09:57:25 [info]  no more events need to be prepared, dispatching...[39m 
[34m2026-02-28 09:57:25 [debug] last process finished, will do another dispatch[39m 
[34m2026-02-28 09:57:25 [debug] no execution in db queued to process        [39m 
[32m2026-02-28 09:57:38 [info]  no more events need to be prepared, dispatching...[39m 
[34m2026-02-28 09:57:38 [debug] last process finished, will do another dispatch[39m 
[34m2026-02-28 09:57:38 [debug] no execution in db queued to process        [39m 
[32m2026-02-28 09:57:54 [info]  no more events need to be prepared, dispatching...[39m 
[34m2026-02-28 09:57:54 [debug] last process finished, will do another dispatch[39m 
[34m2026-02-28 09:57:54 [debug] last process finished, will do another dispatch[39m 
[34m2026-02-28 09:57:54 [debug] last process finished, will do another dispatch[39m 
[34m2026-02-28 09:57:54 [debug] last process finished, will do another dispatch[39m 
[34m2026-02-28 09:57:54 [debug] no execution in db queued to process        [39m 
[32m2026-02-28 09:57:55 [info]  execution (350685493788673) from queue not found or not in queueing status, skip[39m 
[32m2026-02-28 09:57:55 [info]  execution (350685493788674) from queue not found or not in queueing status, skip[39m 
[32m2026-02-28 09:57:55 [info]  execution (350685493788675) from queue not found or not in queueing status, skip[39m 
[34m2026-02-28 10:02:13 [debug] (cycling) check for queueing executions     [39m 
[34m2026-02-28 10:02:13 [debug] no execution in db queued to process        [39m 
[32m2026-02-28 10:02:21 [info]  no more events need to be prepared, dispatching...[39m 
[34m2026-02-28 10:02:21 [debug] last process finished, will do another dispatch[39m 
[34m2026-02-28 10:02:21 [debug] last process finished, will do another dispatch[39m 
[34m2026-02-28 10:02:21 [debug] no execution in db queued to process        [39m 
[32m2026-02-28 10:02:21 [info]  execution (350686053728257) from queue not found or not in queueing status, skip[39m 
[32m2026-02-28 10:03:55 [info]  no more events need to be prepared, dispatching...[39m 
[34m2026-02-28 10:03:55 [debug] last process finished, will do another dispatch[39m 
[34m2026-02-28 10:03:55 [debug] no execution in db queued to process        [39m 
[32m2026-02-28 10:04:03 [info]  no more events need to be prepared, dispatching...[39m 
[34m2026-02-28 10:04:04 [debug] last process finished, will do another dispatch[39m 
[34m2026-02-28 10:04:04 [debug] no execution in db queued to process        [39m 
[32m2026-02-28 10:05:48 [info]  no more events need to be prepared, dispatching...[39m 
[34m2026-02-28 10:05:48 [debug] last process finished, will do another dispatch[39m 
[34m2026-02-28 10:05:48 [debug] no execution in db queued to process        [39m 
[34m2026-02-28 10:07:13 [debug] (cycling) check for queueing executions     [39m 
[34m2026-02-28 10:07:13 [debug] no execution in db queued to process        [39m 
[34m2026-02-28 10:12:13 [debug] (cycling) check for queueing executions     [39m 
[34m2026-02-28 10:12:13 [debug] no execution in db queued to process        [39m 
[34m2026-02-28 10:17:13 [debug] (cycling) check for queueing executions     [39m 
[34m2026-02-28 10:17:13 [debug] no execution in db queued to process        [39m 
[34m2026-02-28 10:22:13 [debug] (cycling) check for queueing executions     [39m 
[34m2026-02-28 10:22:13 [debug] no execution in db queued to process        [39m 
[32m2026-02-28 10:25:05 [info]  no more events need to be prepared, dispatching...[39m 
[34m2026-02-28 10:25:06 [debug] last process finished, will do another dispatch[39m 
[34m2026-02-28 10:25:06 [debug] no execution in db queued to process        [39m 
[32m2026-02-28 10:25:56 [info]  no more events need to be prepared, dispatching...[39m 
[34m2026-02-28 10:25:56 [debug] last process finished, will do another dispatch[39m 
[34m2026-02-28 10:25:56 [debug] no execution in db queued to process        [39m 
[32m2026-02-28 10:26:10 [info]  no more events need to be prepared, dispatching...[39m 
[34m2026-02-28 10:26:10 [debug] last process finished, will do another dispatch[39m 
[34m2026-02-28 10:26:10 [debug] no execution in db queued to process        [39m 
[32m2026-02-28 10:26:27 [info]  no more events need to be prepared, dispatching...[39m 
[34m2026-02-28 10:26:27 [debug] last process finished, will do another dispatch[39m 
[34m2026-02-28 10:26:27 [debug] no execution in db queued to process        [39m 
[32m2026-02-28 10:26:45 [info]  no more events need to be prepared, dispatching...[39m 
[34m2026-02-28 10:26:45 [debug] last process finished, will do another dispatch[39m 
[34m2026-02-28 10:26:45 [debug] no execution in db queued to process        [39m 
[34m2026-02-28 10:27:13 [debug] (cycling) check for queueing executions     [39m 
[34m2026-02-28 10:27:13 [debug] no execution in db queued to process        [39m 
[34m2026-02-28 10:32:13 [debug] (cycling) check for queueing executions     [39m 
[34m2026-02-28 10:32:13 [debug] no execution in db queued to process        [39m 
[32m2026-02-28 10:32:35 [info]  no more events need to be prepared, dispatching...[39m 
[34m2026-02-28 10:32:35 [debug] last process finished, will do another dispatch[39m 
[34m2026-02-28 10:32:36 [debug] last process finished, will do another dispatch[39m 
[34m2026-02-28 10:32:36 [debug] last process finished, will do another dispatch[39m 
[34m2026-02-28 10:32:36 [debug] last process finished, will do another dispatch[39m 
[34m2026-02-28 10:32:36 [debug] no execution in db queued to process        [39m 
[32m2026-02-28 10:32:36 [info]  execution (350689857961985) from queue not found or not in queueing status, skip[39m 
[32m2026-02-28 10:32:37 [info]  execution (350689857961986) from queue not found or not in queueing status, skip[39m 
[32m2026-02-28 10:32:37 [info]  execution (350689857961987) from queue not found or not in queueing status, skip[39m 
[32m2026-02-28 10:33:10 [info]  no more events need to be prepared, dispatching...[39m 
[34m2026-02-28 10:33:10 [debug] last process finished, will do another dispatch[39m 
[34m2026-02-28 10:33:10 [debug] no execution in db queued to process        [39m 
[32m2026-02-28 10:33:25 [info]  no more events need to be prepared, dispatching...[39m 
[34m2026-02-28 10:33:25 [debug] last process finished, will do another dispatch[39m 
[34m2026-02-28 10:33:25 [debug] no execution in db queued to process        [39m 
[32m2026-02-28 10:33:42 [info]  no more events need to be prepared, dispatching...[39m 
[34m2026-02-28 10:33:42 [debug] last process finished, will do another dispatch[39m 
[34m2026-02-28 10:33:42 [debug] no execution in db queued to process        [39m 
[32m2026-02-28 10:33:57 [info]  no more events need to be prepared, dispatching...[39m 
[34m2026-02-28 10:33:57 [debug] last process finished, will do another dispatch[39m 
[34m2026-02-28 10:33:57 [debug] no execution in db queued to process        [39m 
[32m2026-02-28 10:35:02 [info]  no more events need to be prepared, dispatching...[39m 
[34m2026-02-28 10:35:02 [debug] last process finished, will do another dispatch[39m 
[34m2026-02-28 10:35:02 [debug] no execution in db queued to process        [39m 
[34m2026-02-28 10:37:13 [debug] (cycling) check for queueing executions     [39m 
[34m2026-02-28 10:37:13 [debug] no execution in db queued to process        [39m 
[34m2026-02-28 10:42:13 [debug] (cycling) check for queueing executions     [39m 
[34m2026-02-28 10:42:13 [debug] no execution in db queued to process        [39m 
[34m2026-02-28 10:47:13 [debug] (cycling) check for queueing executions     [39m 
[34m2026-02-28 10:47:13 [debug] no execution in db queued to process        [39m 
[34m2026-02-28 10:52:13 [debug] (cycling) check for queueing executions     [39m 
[34m2026-02-28 10:52:13 [debug] no execution in db queued to process        [39m 
[34m2026-02-28 10:57:13 [debug] (cycling) check for queueing executions     [39m 
[34m2026-02-28 10:57:13 [debug] no execution in db queued to process        [39m 
[32m2026-02-28 10:59:54 [info]  no more events need to be prepared, dispatching...[39m 
[34m2026-02-28 10:59:55 [debug] last process finished, will do another dispatch[39m 
[34m2026-02-28 10:59:55 [debug] last process finished, will do another dispatch[39m 
[34m2026-02-28 10:59:55 [debug] last process finished, will do another dispatch[39m 
[34m2026-02-28 10:59:56 [debug] last process finished, will do another dispatch[39m 
[34m2026-02-28 10:59:56 [debug] last process finished, will do another dispatch[39m 
[34m2026-02-28 10:59:56 [debug] no execution in db queued to process        [39m 
[32m2026-02-28 10:59:56 [info]  execution (350693295194113) from queue not found or not in queueing status, skip[39m 
[32m2026-02-28 10:59:56 [info]  execution (350693295194114) from queue not found or not in queueing status, skip[39m 
[32m2026-02-28 10:59:56 [info]  execution (350693295194115) from queue not found or not in queueing status, skip[39m 
[32m2026-02-28 10:59:57 [info]  execution (350693295194116) from queue not found or not in queueing status, skip[39m 
[32m2026-02-28 11:00:47 [info]  no more events need to be prepared, dispatching...[39m 
[34m2026-02-28 11:00:47 [debug] last process finished, will do another dispatch[39m 
[34m2026-02-28 11:00:47 [debug] no execution in db queued to process        [39m 
[32m2026-02-28 11:01:01 [info]  no more events need to be prepared, dispatching...[39m 
[34m2026-02-28 11:01:02 [debug] last process finished, will do another dispatch[39m 
[34m2026-02-28 11:01:02 [debug] no execution in db queued to process        [39m 
[34m2026-02-28 11:02:13 [debug] (cycling) check for queueing executions     [39m 
[34m2026-02-28 11:02:13 [debug] no execution in db queued to process        [39m 
[34m2026-02-28 11:07:13 [debug] (cycling) check for queueing executions     [39m 
[34m2026-02-28 11:07:13 [debug] no execution in db queued to process        [39m 
[32m2026-02-28 11:07:43 [info]  no more events need to be prepared, dispatching...[39m 
[34m2026-02-28 11:07:43 [debug] last process finished, will do another dispatch[39m 
[34m2026-02-28 11:07:43 [debug] no execution in db queued to process        [39m 
[32m2026-02-28 11:09:57 [info]  no more events need to be prepared, dispatching...[39m 
[34m2026-02-28 11:09:58 [debug] last process finished, will do another dispatch[39m 
[34m2026-02-28 11:09:58 [debug] last process finished, will do another dispatch[39m 
[34m2026-02-28 11:09:58 [debug] last process finished, will do another dispatch[39m 
[34m2026-02-28 11:09:58 [debug] no execution in db queued to process        [39m 
[32m2026-02-28 11:09:58 [info]  execution (350694559776769) from queue not found or not in queueing status, skip[39m 
[32m2026-02-28 11:09:59 [info]  execution (350694559776770) from queue not found or not in queueing status, skip[39m 
[32m2026-02-28 11:10:32 [info]  no more events need to be prepared, dispatching...[39m 
[34m2026-02-28 11:10:32 [debug] last process finished, will do another dispatch[39m 
[34m2026-02-28 11:10:32 [debug] no execution in db queued to process        [39m 
[32m2026-02-28 11:10:56 [info]  no more events need to be prepared, dispatching...[39m 
[34m2026-02-28 11:10:56 [debug] last process finished, will do another dispatch[39m 
[34m2026-02-28 11:10:56 [debug] no execution in db queued to process        [39m 
[32m2026-02-28 11:11:33 [info]  no more events need to be prepared, dispatching...[39m 
[34m2026-02-28 11:11:33 [debug] last process finished, will do another dispatch[39m 
[34m2026-02-28 11:11:33 [debug] no execution in db queued to process        [39m 
[34m2026-02-28 11:12:13 [debug] (cycling) check for queueing executions     [39m 
[34m2026-02-28 11:12:13 [debug] no execution in db queued to process        [39m 
[32m2026-02-28 11:15:02 [info]  no more events need to be prepared, dispatching...[39m 
[34m2026-02-28 11:15:03 [debug] last process finished, will do another dispatch[39m 
[34m2026-02-28 11:15:03 [debug] no execution in db queued to process        [39m 
[34m2026-02-28 11:17:13 [debug] (cycling) check for queueing executions     [39m 
[34m2026-02-28 11:17:13 [debug] no execution in db queued to process        [39m 
[32m2026-02-28 11:20:14 [info]  no more events need to be prepared, dispatching...[39m 
[34m2026-02-28 11:20:15 [debug] last process finished, will do another dispatch[39m 
[34m2026-02-28 11:20:15 [debug] last process finished, will do another dispatch[39m 
[34m2026-02-28 11:20:15 [debug] last process finished, will do another dispatch[39m 
[34m2026-02-28 11:20:15 [debug] last process finished, will do another dispatch[39m 
[34m2026-02-28 11:20:15 [debug] no execution in db queued to process        [39m 
[32m2026-02-28 11:20:15 [info]  execution (350695853719553) from queue not found or not in queueing status, skip[39m 
[32m2026-02-28 11:20:16 [info]  execution (350695853719554) from queue not found or not in queueing status, skip[39m 
[32m2026-02-28 11:20:16 [info]  execution (350695853719555) from queue not found or not in queueing status, skip[39m 
[32m2026-02-28 11:20:52 [info]  no more events need to be prepared, dispatching...[39m 
[34m2026-02-28 11:20:52 [debug] last process finished, will do another dispatch[39m 
[34m2026-02-28 11:20:52 [debug] no execution in db queued to process        [39m 
[32m2026-02-28 11:21:09 [info]  no more events need to be prepared, dispatching...[39m 
[34m2026-02-28 11:21:09 [debug] last process finished, will do another dispatch[39m 
[34m2026-02-28 11:21:09 [debug] no execution in db queued to process        [39m 
[34m2026-02-28 11:22:13 [debug] (cycling) check for queueing executions     [39m 
[34m2026-02-28 11:22:13 [debug] no execution in db queued to process        [39m 
[34m2026-02-28 11:27:13 [debug] (cycling) check for queueing executions     [39m 
[34m2026-02-28 11:27:13 [debug] no execution in db queued to process        [39m 
[32m2026-02-28 11:29:52 [info]  no more events need to be prepared, dispatching...[39m 
[34m2026-02-28 11:29:52 [debug] last process finished, will do another dispatch[39m 
[34m2026-02-28 11:29:52 [debug] no execution in db queued to process        [39m 
[32m2026-02-28 11:30:10 [info]  no more events need to be prepared, dispatching...[39m 
[34m2026-02-28 11:30:10 [debug] last process finished, will do another dispatch[39m 
[34m2026-02-28 11:30:10 [debug] no execution in db queued to process        [39m 
[34m2026-02-28 11:32:13 [debug] (cycling) check for queueing executions     [39m 
[34m2026-02-28 11:32:13 [debug] no execution in db queued to process        [39m 
[32m2026-02-28 11:32:43 [info]  no more events need to be prepared, dispatching...[39m 
[34m2026-02-28 11:32:43 [debug] last process finished, will do another dispatch[39m 
[34m2026-02-28 11:32:43 [debug] no execution in db queued to process        [39m 
[34m2026-02-28 11:37:13 [debug] (cycling) check for queueing executions     [39m 
[34m2026-02-28 11:37:13 [debug] no execution in db queued to process        [39m 
[34m2026-02-28 11:42:13 [debug] (cycling) check for queueing executions     [39m 
[34m2026-02-28 11:42:13 [debug] no execution in db queued to process        [39m 
[34m2026-02-28 11:47:13 [debug] (cycling) check for queueing executions     [39m 
[34m2026-02-28 11:47:13 [debug] no execution in db queued to process        [39m 
[34m2026-02-28 11:52:13 [debug] (cycling) check for queueing executions     [39m 
[34m2026-02-28 11:52:13 [debug] no execution in db queued to process        [39m 
[32m2026-02-28 11:52:28 [info]  no more events need to be prepared, dispatching...[39m 
[34m2026-02-28 11:52:29 [debug] last process finished, will do another dispatch[39m 
[34m2026-02-28 11:52:29 [debug] last process finished, will do another dispatch[39m 
[34m2026-02-28 11:52:29 [debug] last process finished, will do another dispatch[39m 
[34m2026-02-28 11:52:29 [debug] no execution in db queued to process        [39m 
[32m2026-02-28 11:52:30 [info]  execution (350699909611521) from queue not found or not in queueing status, skip[39m 
[32m2026-02-28 11:52:30 [info]  execution (350699909611522) from queue not found or not in queueing status, skip[39m 
[32m2026-02-28 11:53:02 [info]  no more events need to be prepared, dispatching...[39m 
[34m2026-02-28 11:53:03 [debug] last process finished, will do another dispatch[39m 
[34m2026-02-28 11:53:03 [debug] no execution in db queued to process        [39m 
[32m2026-02-28 11:53:23 [info]  no more events need to be prepared, dispatching...[39m 
[34m2026-02-28 11:53:23 [debug] last process finished, will do another dispatch[39m 
[34m2026-02-28 11:53:23 [debug] no execution in db queued to process        [39m 
[32m2026-02-28 11:54:17 [info]  no more events need to be prepared, dispatching...[39m 
[34m2026-02-28 11:54:17 [debug] last process finished, will do another dispatch[39m 
[34m2026-02-28 11:54:17 [debug] no execution in db queued to process        [39m 
[34m2026-02-28 11:57:13 [debug] (cycling) check for queueing executions     [39m 
[34m2026-02-28 11:57:13 [debug] no execution in db queued to process        [39m 
[34m2026-02-28 12:02:13 [debug] (cycling) check for queueing executions     [39m 
[34m2026-02-28 12:02:13 [debug] no execution in db queued to process        [39m 
[34m2026-02-28 12:07:13 [debug] (cycling) check for queueing executions     [39m 
[34m2026-02-28 12:07:13 [debug] no execution in db queued to process        [39m 
[34m2026-02-28 12:12:13 [debug] (cycling) check for queueing executions     [39m 
[34m2026-02-28 12:12:13 [debug] no execution in db queued to process        [39m 
[34m2026-02-28 12:17:13 [debug] (cycling) check for queueing executions     [39m 
[34m2026-02-28 12:17:13 [debug] no execution in db queued to process        [39m 
[34m2026-02-28 12:22:13 [debug] (cycling) check for queueing executions     [39m 
[34m2026-02-28 12:22:13 [debug] no execution in db queued to process        [39m 
[34m2026-02-28 12:27:13 [debug] (cycling) check for queueing executions     [39m 
[34m2026-02-28 12:27:14 [debug] no execution in db queued to process        [39m 
[34m2026-02-28 12:32:13 [debug] (cycling) check for queueing executions     [39m 
[34m2026-02-28 12:32:13 [debug] no execution in db queued to process        [39m 
[34m2026-02-28 12:37:13 [debug] (cycling) check for queueing executions     [39m 
[34m2026-02-28 12:37:13 [debug] no execution in db queued to process        [39m 
[34m2026-02-28 12:42:13 [debug] (cycling) check for queueing executions     [39m 
[34m2026-02-28 12:42:13 [debug] no execution in db queued to process        [39m 
[34m2026-02-28 12:47:13 [debug] (cycling) check for queueing executions     [39m 
[34m2026-02-28 12:47:13 [debug] no execution in db queued to process        [39m 
[34m2026-02-28 12:52:13 [debug] (cycling) check for queueing executions     [39m 
[34m2026-02-28 12:52:14 [debug] no execution in db queued to process        [39m 
[34m2026-02-28 13:29:56 [debug] (cycling) check for queueing executions     [39m 
[34m2026-02-28 13:29:59 [debug] no execution in db queued to process        [39m 
[34m2026-02-28 13:34:56 [debug] (cycling) check for queueing executions     [39m 
[34m2026-02-28 13:34:56 [debug] no execution in db queued to process        [39m 
[34m2026-02-28 13:39:56 [debug] (cycling) check for queueing executions     [39m 
[34m2026-02-28 13:39:56 [debug] no execution in db queued to process        [39m 
[34m2026-02-28 13:44:56 [debug] (cycling) check for queueing executions     [39m 
[34m2026-02-28 13:44:56 [debug] no execution in db queued to process        [39m 
[34m2026-02-28 13:49:56 [debug] (cycling) check for queueing executions     [39m 
[34m2026-02-28 13:49:56 [debug] no execution in db queued to process        [39m 
[34m2026-02-28 13:54:56 [debug] (cycling) check for queueing executions     [39m 
[34m2026-02-28 13:54:56 [debug] no execution in db queued to process        [39m 
[34m2026-02-28 13:59:56 [debug] (cycling) check for queueing executions     [39m 
[34m2026-02-28 13:59:56 [debug] no execution in db queued to process        [39m 
[34m2026-02-28 14:04:56 [debug] (cycling) check for queueing executions     [39m 
[34m2026-02-28 14:04:56 [debug] no execution in db queued to process        [39m 
[34m2026-02-28 14:09:56 [debug] (cycling) check for queueing executions     [39m 
[34m2026-02-28 14:09:56 [debug] no execution in db queued to process        [39m 
[34m2026-02-28 14:14:56 [debug] (cycling) check for queueing executions     [39m 
[34m2026-02-28 14:14:56 [debug] no execution in db queued to process        [39m 
[34m2026-02-28 14:19:56 [debug] (cycling) check for queueing executions     [39m 
[34m2026-02-28 14:19:56 [debug] no execution in db queued to process        [39m 
[34m2026-02-28 14:24:56 [debug] (cycling) check for queueing executions     [39m 
[34m2026-02-28 14:24:56 [debug] no execution in db queued to process        [39m 
[34m2026-02-28 14:29:56 [debug] (cycling) check for queueing executions     [39m 
[34m2026-02-28 14:29:56 [debug] no execution in db queued to process        [39m 
[34m2026-02-28 14:34:56 [debug] (cycling) check for queueing executions     [39m 
[34m2026-02-28 14:34:56 [debug] no execution in db queued to process        [39m 
[34m2026-02-28 14:39:56 [debug] (cycling) check for queueing executions     [39m 
[34m2026-02-28 14:39:56 [debug] no execution in db queued to process        [39m 
[34m2026-02-28 14:44:56 [debug] (cycling) check for queueing executions     [39m 
[34m2026-02-28 14:44:56 [debug] no execution in db queued to process        [39m 
[34m2026-02-28 14:49:56 [debug] (cycling) check for queueing executions     [39m 
[34m2026-02-28 14:49:56 [debug] no execution in db queued to process        [39m 
[32m2026-02-28 14:53:16 [info]  no more events need to be prepared, dispatching...[39m 
[34m2026-02-28 14:53:16 [debug] last process finished, will do another dispatch[39m 
[34m2026-02-28 14:53:16 [debug] no execution in db queued to process        [39m 
[32m2026-02-28 14:53:33 [info]  no more events need to be prepared, dispatching...[39m 
[34m2026-02-28 14:53:33 [debug] last process finished, will do another dispatch[39m 
[34m2026-02-28 14:53:33 [debug] no execution in db queued to process        [39m 
[32m2026-02-28 14:54:55 [info]  no more events need to be prepared, dispatching...[39m 
[34m2026-02-28 14:54:55 [debug] last process finished, will do another dispatch[39m 
[34m2026-02-28 14:54:55 [debug] no execution in db queued to process        [39m 
[34m2026-02-28 14:54:56 [debug] (cycling) check for queueing executions     [39m 
[34m2026-02-28 14:54:56 [debug] no execution in db queued to process        [39m 
[34m2026-02-28 14:59:56 [debug] (cycling) check for queueing executions     [39m 
[34m2026-02-28 14:59:56 [debug] no execution in db queued to process        [39m 
[32m2026-02-28 15:02:27 [info]  no more events need to be prepared, dispatching...[39m 
[34m2026-02-28 15:02:27 [debug] last process finished, will do another dispatch[39m 
[34m2026-02-28 15:02:27 [debug] last process finished, will do another dispatch[39m 
[34m2026-02-28 15:02:28 [debug] last process finished, will do another dispatch[39m 
[34m2026-02-28 15:02:28 [debug] last process finished, will do another dispatch[39m 
[34m2026-02-28 15:02:28 [debug] last process finished, will do another dispatch[39m 
[34m2026-02-28 15:02:29 [debug] last process finished, will do another dispatch[39m 
[34m2026-02-28 15:02:29 [debug] no execution in db queued to process        [39m 
[32m2026-02-28 15:02:29 [info]  execution (350723815047169) from queue not found or not in queueing status, skip[39m 
[32m2026-02-28 15:02:29 [info]  execution (350723815047170) from queue not found or not in queueing status, skip[39m 
[32m2026-02-28 15:02:29 [info]  execution (350723815047171) from queue not found or not in queueing status, skip[39m 
[32m2026-02-28 15:02:29 [info]  execution (350723815047172) from queue not found or not in queueing status, skip[39m 
[32m2026-02-28 15:02:29 [info]  execution (350723815047173) from queue not found or not in queueing status, skip[39m 
[32m2026-02-28 15:03:10 [info]  no more events need to be prepared, dispatching...[39m 
[34m2026-02-28 15:03:10 [debug] last process finished, will do another dispatch[39m 
[34m2026-02-28 15:03:10 [debug] no execution in db queued to process        [39m 
[32m2026-02-28 15:03:27 [info]  no more events need to be prepared, dispatching...[39m 
[34m2026-02-28 15:03:28 [debug] last process finished, will do another dispatch[39m 
[34m2026-02-28 15:03:28 [debug] no execution in db queued to process        [39m 
[32m2026-02-28 15:04:14 [info]  no more events need to be prepared, dispatching...[39m 
[34m2026-02-28 15:04:14 [debug] last process finished, will do another dispatch[39m 
[34m2026-02-28 15:04:14 [debug] no execution in db queued to process        [39m 
[34m2026-02-28 15:04:56 [debug] (cycling) check for queueing executions     [39m 
[34m2026-02-28 15:04:56 [debug] no execution in db queued to process        [39m 
[32m2026-02-28 15:09:03 [info]  no more events need to be prepared, dispatching...[39m 
[34m2026-02-28 15:09:04 [debug] last process finished, will do another dispatch[39m 
[34m2026-02-28 15:09:04 [debug] no execution in db queued to process        [39m 
[34m2026-02-28 15:09:56 [debug] (cycling) check for queueing executions     [39m 
[34m2026-02-28 15:09:56 [debug] no execution in db queued to process        [39m 
[34m2026-02-28 15:14:56 [debug] (cycling) check for queueing executions     [39m 
[34m2026-02-28 15:14:56 [debug] no execution in db queued to process        [39m 
[34m2026-02-28 15:19:56 [debug] (cycling) check for queueing executions     [39m 
[34m2026-02-28 15:19:56 [debug] no execution in db queued to process        [39m 
[32m2026-02-28 15:22:33 [info]  no more events need to be prepared, dispatching...[39m 
[34m2026-02-28 15:22:33 [debug] last process finished, will do another dispatch[39m 
[34m2026-02-28 15:22:34 [debug] last process finished, will do another dispatch[39m 
[34m2026-02-28 15:22:34 [debug] no execution in db queued to process        [39m 
[32m2026-02-28 15:22:34 [info]  execution (350726344212481) from queue not found or not in queueing status, skip[39m 
[32m2026-02-28 15:23:24 [info]  no more events need to be prepared, dispatching...[39m 
[34m2026-02-28 15:23:24 [debug] last process finished, will do another dispatch[39m 
[34m2026-02-28 15:23:24 [debug] no execution in db queued to process        [39m 
[32m2026-02-28 15:23:47 [info]  no more events need to be prepared, dispatching...[39m 
[34m2026-02-28 15:23:47 [debug] last process finished, will do another dispatch[39m 
[34m2026-02-28 15:23:47 [debug] no execution in db queued to process        [39m 
[34m2026-02-28 15:24:56 [debug] (cycling) check for queueing executions     [39m 
[34m2026-02-28 15:24:56 [debug] no execution in db queued to process        [39m 
[32m2026-02-28 15:26:24 [info]  no more events need to be prepared, dispatching...[39m 
[34m2026-02-28 15:26:24 [debug] last process finished, will do another dispatch[39m 
[34m2026-02-28 15:26:24 [debug] last process finished, will do another dispatch[39m 
[34m2026-02-28 15:26:24 [debug] no execution in db queued to process        [39m 
[32m2026-02-28 15:26:24 [info]  execution (350726828654593) from queue not found or not in queueing status, skip[39m 
[32m2026-02-28 15:27:03 [info]  no more events need to be prepared, dispatching...[39m 
[34m2026-02-28 15:27:03 [debug] last process finished, will do another dispatch[39m 
[34m2026-02-28 15:27:03 [debug] no execution in db queued to process        [39m 
[32m2026-02-28 15:27:17 [info]  no more events need to be prepared, dispatching...[39m 
[34m2026-02-28 15:27:18 [debug] last process finished, will do another dispatch[39m 
[34m2026-02-28 15:27:18 [debug] no execution in db queued to process        [39m 
[32m2026-02-28 15:29:40 [info]  no more events need to be prepared, dispatching...[39m 
[34m2026-02-28 15:29:40 [debug] last process finished, will do another dispatch[39m 
[34m2026-02-28 15:29:40 [debug] no execution in db queued to process        [39m 
[32m2026-02-28 15:29:51 [info]  no more events need to be prepared, dispatching...[39m 
[34m2026-02-28 15:29:51 [debug] last process finished, will do another dispatch[39m 
[34m2026-02-28 15:29:51 [debug] no execution in db queued to process        [39m 
[34m2026-02-28 15:29:56 [debug] (cycling) check for queueing executions     [39m 
[34m2026-02-28 15:29:56 [debug] no execution in db queued to process        [39m 
[32m2026-02-28 15:30:41 [info]  no more events need to be prepared, dispatching...[39m 
[34m2026-02-28 15:30:42 [debug] last process finished, will do another dispatch[39m 
[34m2026-02-28 15:30:42 [debug] no execution in db queued to process        [39m 
[32m2026-02-28 15:31:03 [info]  no more events need to be prepared, dispatching...[39m 
[34m2026-02-28 15:31:03 [debug] last process finished, will do another dispatch[39m 
[34m2026-02-28 15:31:03 [debug] no execution in db queued to process        [39m 
[32m2026-02-28 15:31:21 [info]  no more events need to be prepared, dispatching...[39m 
[34m2026-02-28 15:31:21 [debug] last process finished, will do another dispatch[39m 
[34m2026-02-28 15:31:21 [debug] no execution in db queued to process        [39m 
[32m2026-02-28 15:32:02 [info]  no more events need to be prepared, dispatching...[39m 
[34m2026-02-28 15:32:02 [debug] last process finished, will do another dispatch[39m 
[34m2026-02-28 15:32:02 [debug] no execution in db queued to process        [39m 
[32m2026-02-28 15:32:32 [info]  no more events need to be prepared, dispatching...[39m 
[34m2026-02-28 15:32:32 [debug] last process finished, will do another dispatch[39m 
[34m2026-02-28 15:32:32 [debug] no execution in db queued to process        [39m 
[32m2026-02-28 15:32:48 [info]  no more events need to be prepared, dispatching...[39m 
[34m2026-02-28 15:32:48 [debug] last process finished, will do another dispatch[39m 
[34m2026-02-28 15:32:48 [debug] no execution in db queued to process        [39m 
[32m2026-02-28 15:33:17 [info]  no more events need to be prepared, dispatching...[39m 
[34m2026-02-28 15:33:17 [debug] last process finished, will do another dispatch[39m 
[34m2026-02-28 15:33:17 [debug] no execution in db queued to process        [39m 
[34m2026-02-28 15:34:56 [debug] (cycling) check for queueing executions     [39m 
[34m2026-02-28 15:34:56 [debug] no execution in db queued to process        [39m 
[32m2026-02-28 15:36:12 [info]  no more events need to be prepared, dispatching...[39m 
[34m2026-02-28 15:36:13 [debug] last process finished, will do another dispatch[39m 
[34m2026-02-28 15:36:13 [debug] no execution in db queued to process        [39m 
[32m2026-02-28 15:36:41 [info]  no more events need to be prepared, dispatching...[39m 
[34m2026-02-28 15:36:41 [debug] last process finished, will do another dispatch[39m 
[34m2026-02-28 15:36:41 [debug] no execution in db queued to process        [39m 
[32m2026-02-28 15:36:55 [info]  no more events need to be prepared, dispatching...[39m 
[34m2026-02-28 15:36:55 [debug] last process finished, will do another dispatch[39m 
[34m2026-02-28 15:36:55 [debug] no execution in db queued to process        [39m 
[32m2026-02-28 15:37:14 [info]  no more events need to be prepared, dispatching...[39m 
[34m2026-02-28 15:37:14 [debug] last process finished, will do another dispatch[39m 
[34m2026-02-28 15:37:14 [debug] no execution in db queued to process        [39m 
[32m2026-02-28 15:37:32 [info]  no more events need to be prepared, dispatching...[39m 
[34m2026-02-28 15:37:33 [debug] last process finished, will do another dispatch[39m 
[34m2026-02-28 15:37:33 [debug] no execution in db queued to process        [39m 
[32m2026-02-28 15:37:48 [info]  no more events need to be prepared, dispatching...[39m 
[34m2026-02-28 15:37:49 [debug] last process finished, will do another dispatch[39m 
[34m2026-02-28 15:37:49 [debug] no execution in db queued to process        [39m 
[32m2026-02-28 15:38:05 [info]  no more events need to be prepared, dispatching...[39m 
[34m2026-02-28 15:38:05 [debug] last process finished, will do another dispatch[39m 
[34m2026-02-28 15:38:05 [debug] no execution in db queued to process        [39m 
[32m2026-02-28 15:39:53 [info]  no more events need to be prepared, dispatching...[39m 
[34m2026-02-28 15:39:54 [debug] last process finished, will do another dispatch[39m 
[34m2026-02-28 15:39:54 [debug] no execution in db queued to process        [39m 
[34m2026-02-28 15:39:56 [debug] (cycling) check for queueing executions     [39m 
[34m2026-02-28 15:39:56 [debug] no execution in db queued to process        [39m 
[32m2026-02-28 15:40:06 [info]  no more events need to be prepared, dispatching...[39m 
[34m2026-02-28 15:40:06 [debug] last process finished, will do another dispatch[39m 
[34m2026-02-28 15:40:06 [debug] no execution in db queued to process        [39m 
[32m2026-02-28 15:40:28 [info]  no more events need to be prepared, dispatching...[39m 
[34m2026-02-28 15:40:28 [debug] last process finished, will do another dispatch[39m 
[34m2026-02-28 15:40:28 [debug] no execution in db queued to process        [39m 
[32m2026-02-28 15:40:52 [info]  no more events need to be prepared, dispatching...[39m 
[34m2026-02-28 15:40:53 [debug] last process finished, will do another dispatch[39m 
[34m2026-02-28 15:40:53 [debug] no execution in db queued to process        [39m 
[32m2026-02-28 15:41:07 [info]  no more events need to be prepared, dispatching...[39m 
[34m2026-02-28 15:41:07 [debug] last process finished, will do another dispatch[39m 
[34m2026-02-28 15:41:07 [debug] no execution in db queued to process        [39m 
[32m2026-02-28 15:41:19 [info]  no more events need to be prepared, dispatching...[39m 
[34m2026-02-28 15:41:20 [debug] last process finished, will do another dispatch[39m 
[34m2026-02-28 15:41:20 [debug] no execution in db queued to process        [39m 
[34m2026-02-28 15:44:56 [debug] (cycling) check for queueing executions     [39m 
[34m2026-02-28 15:44:56 [debug] no execution in db queued to process        [39m 
[32m2026-02-28 15:45:19 [info]  no more events need to be prepared, dispatching...[39m 
[34m2026-02-28 15:45:20 [debug] last process finished, will do another dispatch[39m 
[34m2026-02-28 15:45:20 [debug] no execution in db queued to process        [39m 
[32m2026-02-28 15:45:37 [info]  no more events need to be prepared, dispatching...[39m 
[34m2026-02-28 15:45:37 [debug] last process finished, will do another dispatch[39m 
[34m2026-02-28 15:45:37 [debug] no execution in db queued to process        [39m 
[32m2026-02-28 15:45:49 [info]  no more events need to be prepared, dispatching...[39m 
[34m2026-02-28 15:45:49 [debug] last process finished, will do another dispatch[39m 
[34m2026-02-28 15:45:50 [debug] last process finished, will do another dispatch[39m 
[34m2026-02-28 15:45:50 [debug] no execution in db queued to process        [39m 
[32m2026-02-28 15:45:50 [info]  execution (350729271836673) from queue not found or not in queueing status, skip[39m 
[32m2026-02-28 15:46:20 [info]  no more events need to be prepared, dispatching...[39m 
[34m2026-02-28 15:46:20 [debug] last process finished, will do another dispatch[39m 
[34m2026-02-28 15:46:21 [debug] no execution in db queued to process        [39m 
[32m2026-02-28 15:46:35 [info]  no more events need to be prepared, dispatching...[39m 
[34m2026-02-28 15:46:35 [debug] last process finished, will do another dispatch[39m 
[34m2026-02-28 15:46:35 [debug] no execution in db queued to process        [39m 
[32m2026-02-28 15:46:47 [info]  no more events need to be prepared, dispatching...[39m 
[34m2026-02-28 15:46:47 [debug] last process finished, will do another dispatch[39m 
[34m2026-02-28 15:46:47 [debug] no execution in db queued to process        [39m 
[34m2026-02-28 15:49:56 [debug] (cycling) check for queueing executions     [39m 
[34m2026-02-28 15:49:56 [debug] no execution in db queued to process        [39m 
[32m2026-02-28 15:51:00 [info]  no more events need to be prepared, dispatching...[39m 
[34m2026-02-28 15:51:01 [debug] last process finished, will do another dispatch[39m 
[34m2026-02-28 15:51:01 [debug] no execution in db queued to process        [39m 
[32m2026-02-28 15:51:30 [info]  no more events need to be prepared, dispatching...[39m 
[34m2026-02-28 15:51:30 [debug] last process finished, will do another dispatch[39m 
[34m2026-02-28 15:51:30 [debug] no execution in db queued to process        [39m 
[32m2026-02-28 15:51:46 [info]  no more events need to be prepared, dispatching...[39m 
[34m2026-02-28 15:51:46 [debug] last process finished, will do another dispatch[39m 
[34m2026-02-28 15:51:46 [debug] no execution in db queued to process        [39m 
[32m2026-02-28 15:51:56 [info]  no more events need to be prepared, dispatching...[39m 
[34m2026-02-28 15:51:56 [debug] last process finished, will do another dispatch[39m 
[34m2026-02-28 15:51:56 [debug] no execution in db queued to process        [39m 
[34m2026-02-28 15:54:56 [debug] (cycling) check for queueing executions     [39m 
[34m2026-02-28 15:54:56 [debug] no execution in db queued to process        [39m 
[32m2026-02-28 15:59:07 [info]  no more events need to be prepared, dispatching...[39m 
[34m2026-02-28 15:59:08 [debug] last process finished, will do another dispatch[39m 
[34m2026-02-28 15:59:08 [debug] no execution in db queued to process        [39m 
[32m2026-02-28 15:59:46 [info]  no more events need to be prepared, dispatching...[39m 
[34m2026-02-28 15:59:46 [debug] last process finished, will do another dispatch[39m 
[34m2026-02-28 15:59:46 [debug] no execution in db queued to process        [39m 
[34m2026-02-28 15:59:56 [debug] (cycling) check for queueing executions     [39m 
[34m2026-02-28 15:59:56 [debug] no execution in db queued to process        [39m 
[32m2026-02-28 16:00:02 [info]  no more events need to be prepared, dispatching...[39m 
[34m2026-02-28 16:00:03 [debug] last process finished, will do another dispatch[39m 
[34m2026-02-28 16:00:03 [debug] no execution in db queued to process        [39m 
[32m2026-02-28 16:00:14 [info]  no more events need to be prepared, dispatching...[39m 
[34m2026-02-28 16:00:14 [debug] last process finished, will do another dispatch[39m 
[34m2026-02-28 16:00:14 [debug] no execution in db queued to process        [39m 
[34m2026-02-28 16:04:56 [debug] (cycling) check for queueing executions     [39m 
[34m2026-02-28 16:04:56 [debug] no execution in db queued to process        [39m 
[34m2026-02-28 16:09:56 [debug] (cycling) check for queueing executions     [39m 
[34m2026-02-28 16:09:56 [debug] no execution in db queued to process        [39m 
[34m2026-02-28 16:14:56 [debug] (cycling) check for queueing executions     [39m 
[34m2026-02-28 16:14:56 [debug] no execution in db queued to process        [39m 
[34m2026-02-28 16:19:56 [debug] (cycling) check for queueing executions     [39m 
[34m2026-02-28 16:19:56 [debug] no execution in db queued to process        [39m 
[34m2026-02-28 16:24:56 [debug] (cycling) check for queueing executions     [39m 
[34m2026-02-28 16:24:56 [debug] no execution in db queued to process        [39m 
[34m2026-02-28 16:29:56 [debug] (cycling) check for queueing executions     [39m 
[34m2026-02-28 16:29:56 [debug] no execution in db queued to process        [39m 
[32m2026-02-28 16:32:57 [info]  no more events need to be prepared, dispatching...[39m 
[34m2026-02-28 16:32:58 [debug] last process finished, will do another dispatch[39m 
[34m2026-02-28 16:32:58 [debug] no execution in db queued to process        [39m 
[34m2026-02-28 16:34:56 [debug] (cycling) check for queueing executions     [39m 
[34m2026-02-28 16:34:56 [debug] no execution in db queued to process        [39m 
[34m2026-02-28 16:39:56 [debug] (cycling) check for queueing executions     [39m 
[34m2026-02-28 16:39:56 [debug] no execution in db queued to process        [39m 
[34m2026-02-28 16:44:56 [debug] (cycling) check for queueing executions     [39m 
[34m2026-02-28 16:44:56 [debug] no execution in db queued to process        [39m 
[34m2026-02-28 16:49:56 [debug] (cycling) check for queueing executions     [39m 
[34m2026-02-28 16:49:56 [debug] no execution in db queued to process        [39m 
[34m2026-02-28 16:54:56 [debug] (cycling) check for queueing executions     [39m 
[34m2026-02-28 16:54:56 [debug] no execution in db queued to process        [39m 
[34m2026-02-28 16:59:56 [debug] (cycling) check for queueing executions     [39m 
[34m2026-02-28 16:59:56 [debug] no execution in db queued to process        [39m 
[34m2026-02-28 17:04:56 [debug] (cycling) check for queueing executions     [39m 
[34m2026-02-28 17:04:56 [debug] no execution in db queued to process        [39m 
[34m2026-02-28 17:09:56 [debug] (cycling) check for queueing executions     [39m 
[34m2026-02-28 17:09:56 [debug] no execution in db queued to process        [39m 
[34m2026-02-28 17:14:56 [debug] (cycling) check for queueing executions     [39m 
[34m2026-02-28 17:14:56 [debug] no execution in db queued to process        [39m 
[34m2026-02-28 17:19:56 [debug] (cycling) check for queueing executions     [39m 
[34m2026-02-28 17:19:56 [debug] no execution in db queued to process        [39m 
[34m2026-02-28 17:24:56 [debug] (cycling) check for queueing executions     [39m 
[34m2026-02-28 17:24:57 [debug] no execution in db queued to process        [39m 
[34m2026-02-28 17:29:56 [debug] (cycling) check for queueing executions     [39m 
[34m2026-02-28 17:29:56 [debug] no execution in db queued to process        [39m 
[34m2026-02-28 17:34:56 [debug] (cycling) check for queueing executions     [39m 
[34m2026-02-28 17:34:57 [debug] no execution in db queued to process        [39m 
[34m2026-02-28 17:39:56 [debug] (cycling) check for queueing executions     [39m 
[34m2026-02-28 17:39:56 [debug] no execution in db queued to process        [39m 
[34m2026-02-28 17:44:56 [debug] (cycling) check for queueing executions     [39m 
[34m2026-02-28 17:44:56 [debug] no execution in db queued to process        [39m 
[34m2026-02-28 17:49:56 [debug] (cycling) check for queueing executions     [39m 
[34m2026-02-28 17:49:56 [debug] no execution in db queued to process        [39m 
[34m2026-02-28 17:55:52 [debug] (cycling) check for queueing executions     [39m 
[34m2026-02-28 17:55:52 [debug] no execution in db queued to process        [39m 
[34m2026-02-28 18:00:52 [debug] (cycling) check for queueing executions     [39m 
[34m2026-02-28 18:00:52 [debug] no execution in db queued to process        [39m 
[34m2026-02-28 18:05:52 [debug] (cycling) check for queueing executions     [39m 
[34m2026-02-28 18:05:52 [debug] no execution in db queued to process        [39m 
