[34m2026-03-12 08:59:53 [debug] (cycling) check for queueing executions     [39m 
[34m2026-03-12 08:59:53 [debug] no execution in db queued to process        [39m 
[34m2026-03-12 09:04:53 [debug] (cycling) check for queueing executions     [39m 
[34m2026-03-12 09:04:53 [debug] no execution in db queued to process        [39m 
[32m2026-03-12 09:06:16 [info]  no more events need to be prepared, dispatching...[39m 
[34m2026-03-12 09:06:16 [debug] last process finished, will do another dispatch[39m 
[34m2026-03-12 09:06:16 [debug] no execution in db queued to process        [39m 
[34m2026-03-12 09:09:53 [debug] (cycling) check for queueing executions     [39m 
[34m2026-03-12 09:09:53 [debug] no execution in db queued to process        [39m 
[32m2026-03-12 09:10:48 [info]  no more events need to be prepared, dispatching...[39m 
[34m2026-03-12 09:10:48 [debug] last process finished, will do another dispatch[39m 
[34m2026-03-12 09:10:48 [debug] no execution in db queued to process        [39m 
[32m2026-03-12 09:12:51 [info]  no more events need to be prepared, dispatching...[39m 
[34m2026-03-12 09:12:51 [debug] last process finished, will do another dispatch[39m 
[34m2026-03-12 09:12:51 [debug] no execution in db queued to process        [39m 
[32m2026-03-12 09:12:56 [info]  no more events need to be prepared, dispatching...[39m 
[34m2026-03-12 09:12:56 [debug] last process finished, will do another dispatch[39m 
[34m2026-03-12 09:12:56 [debug] no execution in db queued to process        [39m 
[32m2026-03-12 09:13:03 [info]  no more events need to be prepared, dispatching...[39m 
[34m2026-03-12 09:13:03 [debug] last process finished, will do another dispatch[39m 
[34m2026-03-12 09:13:03 [debug] last process finished, will do another dispatch[39m 
[34m2026-03-12 09:13:03 [debug] no execution in db queued to process        [39m 
[32m2026-03-12 09:13:03 [info]  execution (352854177546241) from queue not found or not in queueing status, skip[39m 
[32m2026-03-12 09:13:45 [info]  no more events need to be prepared, dispatching...[39m 
[34m2026-03-12 09:13:45 [debug] last process finished, will do another dispatch[39m 
[34m2026-03-12 09:13:45 [debug] last process finished, will do another dispatch[39m 
[34m2026-03-12 09:13:45 [debug] no execution in db queued to process        [39m 
[32m2026-03-12 09:13:46 [info]  execution (352854265626626) from queue not found or not in queueing status, skip[39m 
[34m2026-03-12 09:14:53 [debug] (cycling) check for queueing executions     [39m 
[34m2026-03-12 09:14:53 [debug] no execution in db queued to process        [39m 
[32m2026-03-12 09:18:11 [info]  no more events need to be prepared, dispatching...[39m 
[34m2026-03-12 09:18:11 [debug] last process finished, will do another dispatch[39m 
[34m2026-03-12 09:18:11 [debug] last process finished, will do another dispatch[39m 
[34m2026-03-12 09:18:11 [debug] no execution in db queued to process        [39m 
[32m2026-03-12 09:18:11 [info]  execution (352854823469057) from queue not found or not in queueing status, skip[39m 
[32m2026-03-12 09:18:27 [info]  no more events need to be prepared, dispatching...[39m 
[34m2026-03-12 09:18:27 [debug] last process finished, will do another dispatch[39m 
[34m2026-03-12 09:18:27 [debug] no execution in db queued to process        [39m 
[32m2026-03-12 09:18:35 [info]  no more events need to be prepared, dispatching...[39m 
[34m2026-03-12 09:18:35 [debug] last process finished, will do another dispatch[39m 
[34m2026-03-12 09:18:35 [debug] no execution in db queued to process        [39m 
[32m2026-03-12 09:19:12 [info]  no more events need to be prepared, dispatching...[39m 
[34m2026-03-12 09:19:12 [debug] last process finished, will do another dispatch[39m 
[34m2026-03-12 09:19:12 [debug] last process finished, will do another dispatch[39m 
[34m2026-03-12 09:19:12 [debug] no execution in db queued to process        [39m 
[32m2026-03-12 09:19:12 [info]  execution (352854951395330) from queue not found or not in queueing status, skip[39m 
[34m2026-03-12 09:19:53 [debug] (cycling) check for queueing executions     [39m 
[34m2026-03-12 09:19:53 [debug] no execution in db queued to process        [39m 
[32m2026-03-12 09:24:07 [info]  no more events need to be prepared, dispatching...[39m 
[34m2026-03-12 09:24:07 [debug] last process finished, will do another dispatch[39m 
[34m2026-03-12 09:24:07 [debug] no execution in db queued to process        [39m 
[32m2026-03-12 09:24:11 [info]  no more events need to be prepared, dispatching...[39m 
[34m2026-03-12 09:24:11 [debug] last process finished, will do another dispatch[39m 
[34m2026-03-12 09:24:11 [debug] no execution in db queued to process        [39m 
[32m2026-03-12 09:24:21 [info]  no more events need to be prepared, dispatching...[39m 
[34m2026-03-12 09:24:21 [debug] last process finished, will do another dispatch[39m 
[34m2026-03-12 09:24:21 [debug] last process finished, will do another dispatch[39m 
[34m2026-03-12 09:24:21 [debug] no execution in db queued to process        [39m 
[32m2026-03-12 09:24:21 [info]  execution (352855599415297) from queue not found or not in queueing status, skip[39m 
[34m2026-03-12 09:24:53 [debug] (cycling) check for queueing executions     [39m 
[34m2026-03-12 09:24:53 [debug] no execution in db queued to process        [39m 
[32m2026-03-12 09:25:02 [info]  no more events need to be prepared, dispatching...[39m 
[34m2026-03-12 09:25:02 [debug] last process finished, will do another dispatch[39m 
[34m2026-03-12 09:25:02 [debug] last process finished, will do another dispatch[39m 
[34m2026-03-12 09:25:02 [debug] no execution in db queued to process        [39m 
[32m2026-03-12 09:25:02 [info]  execution (352855685398530) from queue not found or not in queueing status, skip[39m 
[32m2026-03-12 09:25:23 [info]  no more events need to be prepared, dispatching...[39m 
[34m2026-03-12 09:25:23 [debug] last process finished, will do another dispatch[39m 
[34m2026-03-12 09:25:23 [debug] last process finished, will do another dispatch[39m 
[34m2026-03-12 09:25:23 [debug] no execution in db queued to process        [39m 
[32m2026-03-12 09:25:23 [info]  execution (352855729438721) from queue not found or not in queueing status, skip[39m 
[32m2026-03-12 09:25:44 [info]  no more events need to be prepared, dispatching...[39m 
[34m2026-03-12 09:25:44 [debug] last process finished, will do another dispatch[39m 
[34m2026-03-12 09:25:44 [debug] last process finished, will do another dispatch[39m 
[34m2026-03-12 09:25:44 [debug] no execution in db queued to process        [39m 
[32m2026-03-12 09:25:45 [info]  execution (352855773478914) from queue not found or not in queueing status, skip[39m 
[32m2026-03-12 09:29:26 [info]  no more events need to be prepared, dispatching...[39m 
[34m2026-03-12 09:29:26 [debug] last process finished, will do another dispatch[39m 
[34m2026-03-12 09:29:26 [debug] no execution in db queued to process        [39m 
[32m2026-03-12 09:29:34 [info]  no more events need to be prepared, dispatching...[39m 
[34m2026-03-12 09:29:34 [debug] last process finished, will do another dispatch[39m 
[34m2026-03-12 09:29:34 [debug] last process finished, will do another dispatch[39m 
[34m2026-03-12 09:29:34 [debug] no execution in db queued to process        [39m 
[32m2026-03-12 09:29:34 [info]  execution (352856255823873) from queue not found or not in queueing status, skip[39m 
[32m2026-03-12 09:29:53 [info]  no more events need to be prepared, dispatching...[39m 
[34m2026-03-12 09:29:53 [debug] last process finished, will do another dispatch[39m 
[34m2026-03-12 09:29:53 [debug] (cycling) check for queueing executions     [39m 
[33m2026-03-12 09:29:53 [warn]  workflow executing is not finished, new dispatching will be ignored[39m 
[34m2026-03-12 09:29:53 [debug] no execution in db queued to process        [39m 
[32m2026-03-12 09:30:47 [info]  no more events need to be prepared, dispatching...[39m 
[34m2026-03-12 09:30:47 [debug] last process finished, will do another dispatch[39m 
[34m2026-03-12 09:30:47 [debug] last process finished, will do another dispatch[39m 
[34m2026-03-12 09:30:47 [debug] no execution in db queued to process        [39m 
[32m2026-03-12 09:30:47 [info]  execution (352856408915970) from queue not found or not in queueing status, skip[39m 
[34m2026-03-12 09:34:53 [debug] (cycling) check for queueing executions     [39m 
[34m2026-03-12 09:34:53 [debug] no execution in db queued to process        [39m 
[32m2026-03-12 09:37:39 [info]  no more events need to be prepared, dispatching...[39m 
[34m2026-03-12 09:37:40 [debug] last process finished, will do another dispatch[39m 
[34m2026-03-12 09:37:40 [debug] last process finished, will do another dispatch[39m 
[34m2026-03-12 09:37:40 [debug] no execution in db queued to process        [39m 
[32m2026-03-12 09:37:40 [info]  execution (352857272942593) from queue not found or not in queueing status, skip[39m 
[32m2026-03-12 09:38:07 [info]  no more events need to be prepared, dispatching...[39m 
[34m2026-03-12 09:38:07 [debug] last process finished, will do another dispatch[39m 
[34m2026-03-12 09:38:07 [debug] no execution in db queued to process        [39m 
[34m2026-03-12 09:39:53 [debug] (cycling) check for queueing executions     [39m 
[34m2026-03-12 09:39:53 [debug] no execution in db queued to process        [39m 
[34m2026-03-12 09:44:53 [debug] (cycling) check for queueing executions     [39m 
[34m2026-03-12 09:44:53 [debug] no execution in db queued to process        [39m 
[34m2026-03-12 09:49:53 [debug] (cycling) check for queueing executions     [39m 
[34m2026-03-12 09:49:53 [debug] no execution in db queued to process        [39m 
[34m2026-03-12 09:54:53 [debug] (cycling) check for queueing executions     [39m 
[34m2026-03-12 09:54:53 [debug] no execution in db queued to process        [39m 
[32m2026-03-12 09:57:00 [info]  no more events need to be prepared, dispatching...[39m 
[34m2026-03-12 09:57:00 [debug] last process finished, will do another dispatch[39m 
[34m2026-03-12 09:57:00 [debug] no execution in db queued to process        [39m 
[32m2026-03-12 09:57:37 [info]  no more events need to be prepared, dispatching...[39m 
[34m2026-03-12 09:57:37 [debug] last process finished, will do another dispatch[39m 
[34m2026-03-12 09:57:37 [debug] last process finished, will do another dispatch[39m 
[34m2026-03-12 09:57:37 [debug] no execution in db queued to process        [39m 
[32m2026-03-12 09:57:37 [info]  execution (352859785330690) from queue not found or not in queueing status, skip[39m 
[32m2026-03-12 09:59:37 [info]  no more events need to be prepared, dispatching...[39m 
[34m2026-03-12 09:59:37 [debug] last process finished, will do another dispatch[39m 
[34m2026-03-12 09:59:37 [debug] no execution in db queued to process        [39m 
[32m2026-03-12 09:59:52 [info]  no more events need to be prepared, dispatching...[39m 
[34m2026-03-12 09:59:52 [debug] last process finished, will do another dispatch[39m 
[34m2026-03-12 09:59:52 [debug] last process finished, will do another dispatch[39m 
[34m2026-03-12 09:59:52 [debug] no execution in db queued to process        [39m 
[32m2026-03-12 09:59:52 [info]  execution (352860068446209) from queue not found or not in queueing status, skip[39m 
[34m2026-03-12 09:59:53 [debug] (cycling) check for queueing executions     [39m 
[34m2026-03-12 09:59:53 [debug] no execution in db queued to process        [39m 
[32m2026-03-12 10:00:12 [info]  no more events need to be prepared, dispatching...[39m 
[34m2026-03-12 10:00:12 [debug] last process finished, will do another dispatch[39m 
[34m2026-03-12 10:00:12 [debug] no execution in db queued to process        [39m 
[32m2026-03-12 10:00:44 [info]  no more events need to be prepared, dispatching...[39m 
[34m2026-03-12 10:00:44 [debug] last process finished, will do another dispatch[39m 
[34m2026-03-12 10:00:44 [debug] last process finished, will do another dispatch[39m 
[34m2026-03-12 10:00:44 [debug] no execution in db queued to process        [39m 
[32m2026-03-12 10:00:44 [info]  execution (352860177498114) from queue not found or not in queueing status, skip[39m 
[34m2026-03-12 10:04:53 [debug] (cycling) check for queueing executions     [39m 
[34m2026-03-12 10:04:53 [debug] no execution in db queued to process        [39m 
[34m2026-03-12 10:09:53 [debug] (cycling) check for queueing executions     [39m 
[34m2026-03-12 10:09:53 [debug] no execution in db queued to process        [39m 
[32m2026-03-12 10:13:25 [info]  no more events need to be prepared, dispatching...[39m 
[34m2026-03-12 10:13:25 [debug] last process finished, will do another dispatch[39m 
[34m2026-03-12 10:13:25 [debug] no execution in db queued to process        [39m 
[32m2026-03-12 10:13:35 [info]  no more events need to be prepared, dispatching...[39m 
[34m2026-03-12 10:13:35 [debug] last process finished, will do another dispatch[39m 
[34m2026-03-12 10:13:35 [debug] no execution in db queued to process        [39m 
[32m2026-03-12 10:13:42 [info]  no more events need to be prepared, dispatching...[39m 
[34m2026-03-12 10:13:42 [debug] last process finished, will do another dispatch[39m 
[34m2026-03-12 10:13:42 [debug] last process finished, will do another dispatch[39m 
[34m2026-03-12 10:13:42 [debug] no execution in db queued to process        [39m 
[32m2026-03-12 10:13:42 [info]  execution (352861809082369) from queue not found or not in queueing status, skip[39m 
[32m2026-03-12 10:14:15 [info]  no more events need to be prepared, dispatching...[39m 
[34m2026-03-12 10:14:15 [debug] last process finished, will do another dispatch[39m 
[34m2026-03-12 10:14:15 [debug] last process finished, will do another dispatch[39m 
[34m2026-03-12 10:14:15 [debug] no execution in db queued to process        [39m 
[32m2026-03-12 10:14:15 [info]  execution (352861878288386) from queue not found or not in queueing status, skip[39m 
[34m2026-03-12 10:14:53 [debug] (cycling) check for queueing executions     [39m 
[34m2026-03-12 10:14:53 [debug] no execution in db queued to process        [39m 
[32m2026-03-12 10:19:02 [info]  no more events need to be prepared, dispatching...[39m 
[34m2026-03-12 10:19:02 [debug] last process finished, will do another dispatch[39m 
[34m2026-03-12 10:19:02 [debug] no execution in db queued to process        [39m 
[32m2026-03-12 10:19:52 [info]  no more events need to be prepared, dispatching...[39m 
[34m2026-03-12 10:19:52 [debug] last process finished, will do another dispatch[39m 
[34m2026-03-12 10:19:52 [debug] last process finished, will do another dispatch[39m 
[34m2026-03-12 10:19:52 [debug] no execution in db queued to process        [39m 
[32m2026-03-12 10:19:52 [info]  execution (352862585028609) from queue not found or not in queueing status, skip[39m 
[34m2026-03-12 10:19:53 [debug] (cycling) check for queueing executions     [39m 
[34m2026-03-12 10:19:53 [debug] no execution in db queued to process        [39m 
[32m2026-03-12 10:20:27 [info]  no more events need to be prepared, dispatching...[39m 
[34m2026-03-12 10:20:27 [debug] last process finished, will do another dispatch[39m 
[34m2026-03-12 10:20:27 [debug] no execution in db queued to process        [39m 
[32m2026-03-12 10:20:54 [info]  no more events need to be prepared, dispatching...[39m 
[34m2026-03-12 10:20:55 [debug] last process finished, will do another dispatch[39m 
[34m2026-03-12 10:20:55 [debug] last process finished, will do another dispatch[39m 
[34m2026-03-12 10:20:55 [debug] no execution in db queued to process        [39m 
[32m2026-03-12 10:20:55 [info]  execution (352862715052034) from queue not found or not in queueing status, skip[39m 
[34m2026-03-12 10:24:53 [debug] (cycling) check for queueing executions     [39m 
[34m2026-03-12 10:24:53 [debug] no execution in db queued to process        [39m 
[34m2026-03-12 10:29:53 [debug] (cycling) check for queueing executions     [39m 
[34m2026-03-12 10:29:53 [debug] no execution in db queued to process        [39m 
[34m2026-03-12 10:34:53 [debug] (cycling) check for queueing executions     [39m 
[34m2026-03-12 10:34:53 [debug] no execution in db queued to process        [39m 
[34m2026-03-12 10:39:53 [debug] (cycling) check for queueing executions     [39m 
[34m2026-03-12 10:39:53 [debug] no execution in db queued to process        [39m 
[34m2026-03-12 10:44:53 [debug] (cycling) check for queueing executions     [39m 
[34m2026-03-12 10:44:53 [debug] no execution in db queued to process        [39m 
[32m2026-03-12 10:48:56 [info]  no more events need to be prepared, dispatching...[39m 
[34m2026-03-12 10:48:56 [debug] last process finished, will do another dispatch[39m 
[34m2026-03-12 10:48:56 [debug] no execution in db queued to process        [39m 
[32m2026-03-12 10:49:07 [info]  no more events need to be prepared, dispatching...[39m 
[34m2026-03-12 10:49:07 [debug] last process finished, will do another dispatch[39m 
[34m2026-03-12 10:49:07 [debug] no execution in db queued to process        [39m 
[34m2026-03-12 10:49:53 [debug] (cycling) check for queueing executions     [39m 
[34m2026-03-12 10:49:53 [debug] no execution in db queued to process        [39m 
[32m2026-03-12 10:50:50 [info]  no more events need to be prepared, dispatching...[39m 
[34m2026-03-12 10:50:50 [debug] last process finished, will do another dispatch[39m 
[34m2026-03-12 10:50:50 [debug] last process finished, will do another dispatch[39m 
[34m2026-03-12 10:50:50 [debug] no execution in db queued to process        [39m 
[32m2026-03-12 10:50:50 [info]  execution (352866481537025) from queue not found or not in queueing status, skip[39m 
[32m2026-03-12 10:51:23 [info]  no more events need to be prepared, dispatching...[39m 
[34m2026-03-12 10:51:23 [debug] last process finished, will do another dispatch[39m 
[34m2026-03-12 10:51:23 [debug] last process finished, will do another dispatch[39m 
[34m2026-03-12 10:51:23 [debug] no execution in db queued to process        [39m 
[32m2026-03-12 10:51:24 [info]  execution (352866550743042) from queue not found or not in queueing status, skip[39m 
[32m2026-03-12 10:52:01 [info]  no more events need to be prepared, dispatching...[39m 
[34m2026-03-12 10:52:01 [debug] last process finished, will do another dispatch[39m 
[34m2026-03-12 10:52:01 [debug] no execution in db queued to process        [39m 
[32m2026-03-12 10:54:07 [info]  no more events need to be prepared, dispatching...[39m 
[34m2026-03-12 10:54:07 [debug] last process finished, will do another dispatch[39m 
[34m2026-03-12 10:54:07 [debug] last process finished, will do another dispatch[39m 
[34m2026-03-12 10:54:07 [debug] no execution in db queued to process        [39m 
[32m2026-03-12 10:54:08 [info]  execution (352866894675969) from queue not found or not in queueing status, skip[39m 
[32m2026-03-12 10:54:26 [info]  no more events need to be prepared, dispatching...[39m 
[34m2026-03-12 10:54:26 [debug] last process finished, will do another dispatch[39m 
[34m2026-03-12 10:54:26 [debug] last process finished, will do another dispatch[39m 
[34m2026-03-12 10:54:26 [debug] no execution in db queued to process        [39m 
[32m2026-03-12 10:54:26 [info]  execution (352866934521857) from queue not found or not in queueing status, skip[39m 
[32m2026-03-12 10:54:53 [info]  no more events need to be prepared, dispatching...[39m 
[34m2026-03-12 10:54:53 [debug] last process finished, will do another dispatch[39m 
[34m2026-03-12 10:54:53 [debug] no execution in db queued to process        [39m 
[34m2026-03-12 10:54:53 [debug] (cycling) check for queueing executions     [39m 
[34m2026-03-12 10:54:53 [debug] no execution in db queued to process        [39m 
[34m2026-03-12 10:59:53 [debug] (cycling) check for queueing executions     [39m 
[34m2026-03-12 10:59:53 [debug] no execution in db queued to process        [39m 
[34m2026-03-12 11:04:53 [debug] (cycling) check for queueing executions     [39m 
[34m2026-03-12 11:04:53 [debug] no execution in db queued to process        [39m 
[34m2026-03-12 11:09:53 [debug] (cycling) check for queueing executions     [39m 
[34m2026-03-12 11:09:53 [debug] no execution in db queued to process        [39m 
[34m2026-03-12 11:14:53 [debug] (cycling) check for queueing executions     [39m 
[34m2026-03-12 11:14:53 [debug] no execution in db queued to process        [39m 
[34m2026-03-12 11:19:53 [debug] (cycling) check for queueing executions     [39m 
[34m2026-03-12 11:19:53 [debug] no execution in db queued to process        [39m 
[34m2026-03-12 11:24:53 [debug] (cycling) check for queueing executions     [39m 
[34m2026-03-12 11:24:53 [debug] no execution in db queued to process        [39m 
[34m2026-03-12 11:29:53 [debug] (cycling) check for queueing executions     [39m 
[34m2026-03-12 11:29:53 [debug] no execution in db queued to process        [39m 
[34m2026-03-12 11:34:53 [debug] (cycling) check for queueing executions     [39m 
[34m2026-03-12 11:34:53 [debug] no execution in db queued to process        [39m 
[34m2026-03-12 11:39:53 [debug] (cycling) check for queueing executions     [39m 
[34m2026-03-12 11:39:53 [debug] no execution in db queued to process        [39m 
[34m2026-03-12 11:44:53 [debug] (cycling) check for queueing executions     [39m 
[34m2026-03-12 11:44:53 [debug] no execution in db queued to process        [39m 
[34m2026-03-12 11:49:53 [debug] (cycling) check for queueing executions     [39m 
[34m2026-03-12 11:49:53 [debug] no execution in db queued to process        [39m 
[34m2026-03-12 11:54:53 [debug] (cycling) check for queueing executions     [39m 
[34m2026-03-12 11:54:53 [debug] no execution in db queued to process        [39m 
[34m2026-03-12 11:59:53 [debug] (cycling) check for queueing executions     [39m 
[34m2026-03-12 11:59:53 [debug] no execution in db queued to process        [39m 
[34m2026-03-12 12:04:53 [debug] (cycling) check for queueing executions     [39m 
[34m2026-03-12 12:04:53 [debug] no execution in db queued to process        [39m 
[34m2026-03-12 12:09:53 [debug] (cycling) check for queueing executions     [39m 
[34m2026-03-12 12:09:53 [debug] no execution in db queued to process        [39m 
[34m2026-03-12 12:14:53 [debug] (cycling) check for queueing executions     [39m 
[34m2026-03-12 12:14:53 [debug] no execution in db queued to process        [39m 
[34m2026-03-12 12:19:53 [debug] (cycling) check for queueing executions     [39m 
[34m2026-03-12 12:19:53 [debug] no execution in db queued to process        [39m 
