[34m2026-02-27 08:57:46 [debug] (cycling) check for queueing executions     [39m 
[34m2026-02-27 08:57:46 [debug] no execution in db queued to process        [39m 
[34m2026-02-27 09:02:40 [debug] (cycling) check for queueing executions     [39m 
[34m2026-02-27 09:02:40 [debug] no execution in db queued to process        [39m 
[34m2026-02-27 09:07:40 [debug] (cycling) check for queueing executions     [39m 
[34m2026-02-27 09:07:40 [debug] no execution in db queued to process        [39m 
[34m2026-02-27 09:12:40 [debug] (cycling) check for queueing executions     [39m 
[34m2026-02-27 09:12:40 [debug] no execution in db queued to process        [39m 
[34m2026-02-27 09:17:40 [debug] (cycling) check for queueing executions     [39m 
[34m2026-02-27 09:17:40 [debug] no execution in db queued to process        [39m 
[34m2026-02-27 09:22:40 [debug] (cycling) check for queueing executions     [39m 
[34m2026-02-27 09:22:40 [debug] no execution in db queued to process        [39m 
[34m2026-02-27 09:27:40 [debug] (cycling) check for queueing executions     [39m 
[34m2026-02-27 09:27:40 [debug] no execution in db queued to process        [39m 
[34m2026-02-27 09:32:40 [debug] (cycling) check for queueing executions     [39m 
[34m2026-02-27 09:32:40 [debug] no execution in db queued to process        [39m 
[34m2026-02-27 09:37:40 [debug] (cycling) check for queueing executions     [39m 
[34m2026-02-27 09:37:40 [debug] no execution in db queued to process        [39m 
[34m2026-02-27 09:42:40 [debug] (cycling) check for queueing executions     [39m 
[34m2026-02-27 09:42:40 [debug] no execution in db queued to process        [39m 
[34m2026-02-27 09:47:40 [debug] (cycling) check for queueing executions     [39m 
[34m2026-02-27 09:47:40 [debug] no execution in db queued to process        [39m 
[34m2026-02-27 09:52:40 [debug] (cycling) check for queueing executions     [39m 
[34m2026-02-27 09:52:40 [debug] no execution in db queued to process        [39m 
[34m2026-02-27 09:57:40 [debug] (cycling) check for queueing executions     [39m 
[34m2026-02-27 09:57:40 [debug] no execution in db queued to process        [39m 
[34m2026-02-27 10:02:40 [debug] (cycling) check for queueing executions     [39m 
[34m2026-02-27 10:02:40 [debug] no execution in db queued to process        [39m 
[34m2026-02-27 10:07:40 [debug] (cycling) check for queueing executions     [39m 
[34m2026-02-27 10:07:40 [debug] no execution in db queued to process        [39m 
[34m2026-02-27 10:12:40 [debug] (cycling) check for queueing executions     [39m 
[34m2026-02-27 10:12:40 [debug] no execution in db queued to process        [39m 
[32m2026-02-27 10:14:13 [info]  no more events need to be prepared, dispatching...[39m 
[34m2026-02-27 10:14:13 [debug] last process finished, will do another dispatch[39m 
[34m2026-02-27 10:14:13 [debug] no execution in db queued to process        [39m 
[34m2026-02-27 10:17:40 [debug] (cycling) check for queueing executions     [39m 
[34m2026-02-27 10:17:40 [debug] no execution in db queued to process        [39m 
[32m2026-02-27 10:21:23 [info]  (starting) check for queueing executions    [39m 
[34m2026-02-27 10:21:23 [debug] no execution in db queued to process        [39m 
[32m2026-02-27 10:24:59 [info]  no more events need to be prepared, dispatching...[39m 
[34m2026-02-27 10:25:00 [debug] last process finished, will do another dispatch[39m 
[34m2026-02-27 10:25:00 [debug] no execution in db queued to process        [39m 
[32m2026-02-27 10:25:17 [info]  no more events need to be prepared, dispatching...[39m 
[34m2026-02-27 10:25:17 [debug] last process finished, will do another dispatch[39m 
[34m2026-02-27 10:25:17 [debug] no execution in db queued to process        [39m 
[32m2026-02-27 10:25:34 [info]  no more events need to be prepared, dispatching...[39m 
[34m2026-02-27 10:25:34 [debug] last process finished, will do another dispatch[39m 
[34m2026-02-27 10:25:34 [debug] no execution in db queued to process        [39m 
[34m2026-02-27 10:26:23 [debug] (cycling) check for queueing executions     [39m 
[34m2026-02-27 10:26:23 [debug] no execution in db queued to process        [39m 
[32m2026-02-27 10:27:16 [info]  no more events need to be prepared, dispatching...[39m 
[34m2026-02-27 10:27:16 [debug] last process finished, will do another dispatch[39m 
[34m2026-02-27 10:27:16 [debug] no execution in db queued to process        [39m 
[34m2026-02-27 10:31:23 [debug] (cycling) check for queueing executions     [39m 
[34m2026-02-27 10:31:23 [debug] no execution in db queued to process        [39m 
[34m2026-02-27 10:36:23 [debug] (cycling) check for queueing executions     [39m 
[34m2026-02-27 10:36:23 [debug] no execution in db queued to process        [39m 
[32m2026-02-27 10:36:38 [info]  no more events need to be prepared, dispatching...[39m 
[34m2026-02-27 10:36:39 [debug] last process finished, will do another dispatch[39m 
[34m2026-02-27 10:36:39 [debug] last process finished, will do another dispatch[39m 
[34m2026-02-27 10:36:39 [debug] last process finished, will do another dispatch[39m 
[34m2026-02-27 10:36:39 [debug] last process finished, will do another dispatch[39m 
[34m2026-02-27 10:36:39 [debug] no execution in db queued to process        [39m 
[32m2026-02-27 10:36:39 [info]  execution (350509173637121) from queue not found or not in queueing status, skip[39m 
[32m2026-02-27 10:36:39 [info]  execution (350509173637122) from queue not found or not in queueing status, skip[39m 
[32m2026-02-27 10:36:40 [info]  execution (350509173637123) from queue not found or not in queueing status, skip[39m 
[32m2026-02-27 10:37:17 [info]  no more events need to be prepared, dispatching...[39m 
[34m2026-02-27 10:37:17 [debug] last process finished, will do another dispatch[39m 
[34m2026-02-27 10:37:17 [debug] no execution in db queued to process        [39m 
[32m2026-02-27 10:37:39 [info]  no more events need to be prepared, dispatching...[39m 
[34m2026-02-27 10:37:39 [debug] last process finished, will do another dispatch[39m 
[34m2026-02-27 10:37:39 [debug] no execution in db queued to process        [39m 
[34m2026-02-27 10:41:23 [debug] (cycling) check for queueing executions     [39m 
[34m2026-02-27 10:41:23 [debug] no execution in db queued to process        [39m 
[34m2026-02-27 10:46:23 [debug] (cycling) check for queueing executions     [39m 
[34m2026-02-27 10:46:23 [debug] no execution in db queued to process        [39m 
[32m2026-02-27 10:46:52 [info]  no more events need to be prepared, dispatching...[39m 
[34m2026-02-27 10:46:52 [debug] last process finished, will do another dispatch[39m 
[34m2026-02-27 10:46:52 [debug] last process finished, will do another dispatch[39m 
[34m2026-02-27 10:46:52 [debug] no execution in db queued to process        [39m 
[32m2026-02-27 10:46:52 [info]  execution (350510461288449) from queue not found or not in queueing status, skip[39m 
[32m2026-02-27 10:47:27 [info]  no more events need to be prepared, dispatching...[39m 
[34m2026-02-27 10:47:27 [debug] last process finished, will do another dispatch[39m 
[34m2026-02-27 10:47:27 [debug] no execution in db queued to process        [39m 
[32m2026-02-27 10:47:45 [info]  no more events need to be prepared, dispatching...[39m 
[34m2026-02-27 10:47:45 [debug] last process finished, will do another dispatch[39m 
[34m2026-02-27 10:47:45 [debug] no execution in db queued to process        [39m 
[32m2026-02-27 10:49:10 [info]  no more events need to be prepared, dispatching...[39m 
[34m2026-02-27 10:49:10 [debug] last process finished, will do another dispatch[39m 
[34m2026-02-27 10:49:10 [debug] last process finished, will do another dispatch[39m 
[34m2026-02-27 10:49:10 [debug] no execution in db queued to process        [39m 
[32m2026-02-27 10:49:10 [info]  execution (350510750695425) from queue not found or not in queueing status, skip[39m 
[32m2026-02-27 10:49:41 [info]  no more events need to be prepared, dispatching...[39m 
[34m2026-02-27 10:49:41 [debug] last process finished, will do another dispatch[39m 
[34m2026-02-27 10:49:41 [debug] no execution in db queued to process        [39m 
[32m2026-02-27 10:49:58 [info]  no more events need to be prepared, dispatching...[39m 
[34m2026-02-27 10:49:58 [debug] last process finished, will do another dispatch[39m 
[34m2026-02-27 10:49:58 [debug] no execution in db queued to process        [39m 
[34m2026-02-27 10:51:23 [debug] (cycling) check for queueing executions     [39m 
[34m2026-02-27 10:51:23 [debug] no execution in db queued to process        [39m 
[32m2026-02-27 10:52:33 [info]  no more events need to be prepared, dispatching...[39m 
[34m2026-02-27 10:52:33 [debug] last process finished, will do another dispatch[39m 
[34m2026-02-27 10:52:33 [debug] last process finished, will do another dispatch[39m 
[34m2026-02-27 10:52:33 [debug] no execution in db queued to process        [39m 
[32m2026-02-27 10:52:33 [info]  execution (350511176417281) from queue not found or not in queueing status, skip[39m 
[32m2026-02-27 10:53:05 [info]  no more events need to be prepared, dispatching...[39m 
[34m2026-02-27 10:53:05 [debug] last process finished, will do another dispatch[39m 
[34m2026-02-27 10:53:05 [debug] no execution in db queued to process        [39m 
[32m2026-02-27 10:54:33 [info]  no more events need to be prepared, dispatching...[39m 
[34m2026-02-27 10:54:33 [debug] last process finished, will do another dispatch[39m 
[34m2026-02-27 10:54:33 [debug] no execution in db queued to process        [39m 
[32m2026-02-27 10:55:08 [info]  no more events need to be prepared, dispatching...[39m 
[34m2026-02-27 10:55:08 [debug] last process finished, will do another dispatch[39m 
[34m2026-02-27 10:55:08 [debug] no execution in db queued to process        [39m 
[34m2026-02-27 10:56:23 [debug] (cycling) check for queueing executions     [39m 
[34m2026-02-27 10:56:23 [debug] no execution in db queued to process        [39m 
[32m2026-02-27 10:56:55 [info]  no more events need to be prepared, dispatching...[39m 
[34m2026-02-27 10:56:55 [debug] last process finished, will do another dispatch[39m 
[34m2026-02-27 10:56:55 [debug] no execution in db queued to process        [39m 
[32m2026-02-27 10:57:24 [info]  no more events need to be prepared, dispatching...[39m 
[34m2026-02-27 10:57:24 [debug] last process finished, will do another dispatch[39m 
[34m2026-02-27 10:57:24 [debug] no execution in db queued to process        [39m 
[34m2026-02-27 11:01:23 [debug] (cycling) check for queueing executions     [39m 
[34m2026-02-27 11:01:23 [debug] no execution in db queued to process        [39m 
[32m2026-02-27 11:06:23 [info]  no more events need to be prepared, dispatching...[39m 
[34m2026-02-27 11:06:23 [debug] last process finished, will do another dispatch[39m 
[34m2026-02-27 11:06:23 [debug] no execution in db queued to process        [39m 
[34m2026-02-27 11:06:23 [debug] (cycling) check for queueing executions     [39m 
[34m2026-02-27 11:06:23 [debug] no execution in db queued to process        [39m 
[32m2026-02-27 11:06:56 [info]  no more events need to be prepared, dispatching...[39m 
[34m2026-02-27 11:06:56 [debug] last process finished, will do another dispatch[39m 
[34m2026-02-27 11:06:56 [debug] no execution in db queued to process        [39m 
[34m2026-02-27 11:11:23 [debug] (cycling) check for queueing executions     [39m 
[34m2026-02-27 11:11:23 [debug] no execution in db queued to process        [39m 
[34m2026-02-27 11:16:23 [debug] (cycling) check for queueing executions     [39m 
[34m2026-02-27 11:16:23 [debug] no execution in db queued to process        [39m 
[34m2026-02-27 11:21:23 [debug] (cycling) check for queueing executions     [39m 
[34m2026-02-27 11:21:23 [debug] no execution in db queued to process        [39m 
[32m2026-02-27 11:23:46 [info]  no more events need to be prepared, dispatching...[39m 
[34m2026-02-27 11:23:46 [debug] last process finished, will do another dispatch[39m 
[34m2026-02-27 11:23:46 [debug] no execution in db queued to process        [39m 
[32m2026-02-27 11:24:19 [info]  no more events need to be prepared, dispatching...[39m 
[34m2026-02-27 11:24:19 [debug] last process finished, will do another dispatch[39m 
[34m2026-02-27 11:24:19 [debug] no execution in db queued to process        [39m 
[34m2026-02-27 11:26:23 [debug] (cycling) check for queueing executions     [39m 
[34m2026-02-27 11:26:23 [debug] no execution in db queued to process        [39m 
[34m2026-02-27 11:31:23 [debug] (cycling) check for queueing executions     [39m 
[34m2026-02-27 11:31:23 [debug] no execution in db queued to process        [39m 
[32m2026-02-27 11:33:35 [info]  no more events need to be prepared, dispatching...[39m 
[34m2026-02-27 11:33:35 [debug] last process finished, will do another dispatch[39m 
[34m2026-02-27 11:33:35 [debug] no execution in db queued to process        [39m 
[32m2026-02-27 11:34:07 [info]  no more events need to be prepared, dispatching...[39m 
[34m2026-02-27 11:34:07 [debug] last process finished, will do another dispatch[39m 
[34m2026-02-27 11:34:07 [debug] no execution in db queued to process        [39m 
[34m2026-02-27 11:36:23 [debug] (cycling) check for queueing executions     [39m 
[34m2026-02-27 11:36:23 [debug] no execution in db queued to process        [39m 
[32m2026-02-27 11:39:05 [info]  no more events need to be prepared, dispatching...[39m 
[34m2026-02-27 11:39:05 [debug] last process finished, will do another dispatch[39m 
[34m2026-02-27 11:39:05 [debug] no execution in db queued to process        [39m 
[32m2026-02-27 11:39:35 [info]  no more events need to be prepared, dispatching...[39m 
[34m2026-02-27 11:39:35 [debug] last process finished, will do another dispatch[39m 
[34m2026-02-27 11:39:35 [debug] no execution in db queued to process        [39m 
[34m2026-02-27 11:41:23 [debug] (cycling) check for queueing executions     [39m 
[34m2026-02-27 11:41:23 [debug] no execution in db queued to process        [39m 
[32m2026-02-27 11:45:46 [info]  no more events need to be prepared, dispatching...[39m 
[34m2026-02-27 11:45:47 [debug] last process finished, will do another dispatch[39m 
[34m2026-02-27 11:45:47 [debug] no execution in db queued to process        [39m 
[32m2026-02-27 11:46:22 [info]  no more events need to be prepared, dispatching...[39m 
[34m2026-02-27 11:46:22 [debug] last process finished, will do another dispatch[39m 
[34m2026-02-27 11:46:22 [debug] no execution in db queued to process        [39m 
[34m2026-02-27 11:46:23 [debug] (cycling) check for queueing executions     [39m 
[34m2026-02-27 11:46:23 [debug] no execution in db queued to process        [39m 
[32m2026-02-27 11:47:57 [info]  no more events need to be prepared, dispatching...[39m 
[34m2026-02-27 11:47:57 [debug] last process finished, will do another dispatch[39m 
[34m2026-02-27 11:47:57 [debug] no execution in db queued to process        [39m 
[32m2026-02-27 11:48:22 [info]  no more events need to be prepared, dispatching...[39m 
[34m2026-02-27 11:48:22 [debug] last process finished, will do another dispatch[39m 
[34m2026-02-27 11:48:22 [debug] no execution in db queued to process        [39m 
[32m2026-02-27 11:50:14 [info]  no more events need to be prepared, dispatching...[39m 
[34m2026-02-27 11:50:15 [debug] last process finished, will do another dispatch[39m 
[34m2026-02-27 11:50:15 [debug] no execution in db queued to process        [39m 
[32m2026-02-27 11:50:40 [info]  no more events need to be prepared, dispatching...[39m 
[34m2026-02-27 11:50:40 [debug] last process finished, will do another dispatch[39m 
[34m2026-02-27 11:50:40 [debug] no execution in db queued to process        [39m 
[34m2026-02-27 11:51:23 [debug] (cycling) check for queueing executions     [39m 
[34m2026-02-27 11:51:23 [debug] no execution in db queued to process        [39m 
[32m2026-02-27 11:53:04 [info]  no more events need to be prepared, dispatching...[39m 
[34m2026-02-27 11:53:04 [debug] last process finished, will do another dispatch[39m 
[34m2026-02-27 11:53:04 [debug] no execution in db queued to process        [39m 
[32m2026-02-27 11:53:35 [info]  no more events need to be prepared, dispatching...[39m 
[34m2026-02-27 11:53:35 [debug] last process finished, will do another dispatch[39m 
[34m2026-02-27 11:53:35 [debug] no execution in db queued to process        [39m 
[34m2026-02-27 11:56:23 [debug] (cycling) check for queueing executions     [39m 
[34m2026-02-27 11:56:23 [debug] no execution in db queued to process        [39m 
[34m2026-02-27 12:01:23 [debug] (cycling) check for queueing executions     [39m 
[34m2026-02-27 12:01:23 [debug] no execution in db queued to process        [39m 
[34m2026-02-27 12:06:23 [debug] (cycling) check for queueing executions     [39m 
[34m2026-02-27 12:06:23 [debug] no execution in db queued to process        [39m 
[34m2026-02-27 12:11:23 [debug] (cycling) check for queueing executions     [39m 
[34m2026-02-27 12:11:23 [debug] no execution in db queued to process        [39m 
[34m2026-02-27 12:16:23 [debug] (cycling) check for queueing executions     [39m 
[34m2026-02-27 12:16:23 [debug] no execution in db queued to process        [39m 
[34m2026-02-27 12:21:23 [debug] (cycling) check for queueing executions     [39m 
[34m2026-02-27 12:21:23 [debug] no execution in db queued to process        [39m 
[34m2026-02-27 12:26:23 [debug] (cycling) check for queueing executions     [39m 
[34m2026-02-27 12:26:23 [debug] no execution in db queued to process        [39m 
[34m2026-02-27 12:31:23 [debug] (cycling) check for queueing executions     [39m 
[34m2026-02-27 12:31:23 [debug] no execution in db queued to process        [39m 
[34m2026-02-27 12:36:23 [debug] (cycling) check for queueing executions     [39m 
[34m2026-02-27 12:36:23 [debug] no execution in db queued to process        [39m 
[34m2026-02-27 12:41:23 [debug] (cycling) check for queueing executions     [39m 
[34m2026-02-27 12:41:23 [debug] no execution in db queued to process        [39m 
[34m2026-02-27 12:46:23 [debug] (cycling) check for queueing executions     [39m 
[34m2026-02-27 12:46:23 [debug] no execution in db queued to process        [39m 
[34m2026-02-27 12:51:23 [debug] (cycling) check for queueing executions     [39m 
[34m2026-02-27 12:51:23 [debug] no execution in db queued to process        [39m 
[34m2026-02-27 13:29:36 [debug] (cycling) check for queueing executions     [39m 
[34m2026-02-27 13:29:37 [debug] no execution in db queued to process        [39m 
[34m2026-02-27 13:34:35 [debug] (cycling) check for queueing executions     [39m 
[34m2026-02-27 13:34:35 [debug] no execution in db queued to process        [39m 
[32m2026-02-27 13:35:38 [info]  no more events need to be prepared, dispatching...[39m 
[34m2026-02-27 13:35:38 [debug] last process finished, will do another dispatch[39m 
[34m2026-02-27 13:35:38 [debug] no execution in db queued to process        [39m 
[32m2026-02-27 13:36:10 [info]  no more events need to be prepared, dispatching...[39m 
[34m2026-02-27 13:36:10 [debug] last process finished, will do another dispatch[39m 
[34m2026-02-27 13:36:10 [debug] no execution in db queued to process        [39m 
[34m2026-02-27 13:39:35 [debug] (cycling) check for queueing executions     [39m 
[34m2026-02-27 13:39:35 [debug] no execution in db queued to process        [39m 
[34m2026-02-27 13:44:35 [debug] (cycling) check for queueing executions     [39m 
[34m2026-02-27 13:44:35 [debug] no execution in db queued to process        [39m 
[34m2026-02-27 13:49:35 [debug] (cycling) check for queueing executions     [39m 
[34m2026-02-27 13:49:35 [debug] no execution in db queued to process        [39m 
[34m2026-02-27 13:54:35 [debug] (cycling) check for queueing executions     [39m 
[34m2026-02-27 13:54:35 [debug] no execution in db queued to process        [39m 
[32m2026-02-27 13:57:06 [info]  no more events need to be prepared, dispatching...[39m 
[34m2026-02-27 13:57:06 [debug] last process finished, will do another dispatch[39m 
[34m2026-02-27 13:57:06 [debug] no execution in db queued to process        [39m 
[34m2026-02-27 13:59:35 [debug] (cycling) check for queueing executions     [39m 
[34m2026-02-27 13:59:35 [debug] no execution in db queued to process        [39m 
[34m2026-02-27 14:04:35 [debug] (cycling) check for queueing executions     [39m 
[34m2026-02-27 14:04:35 [debug] no execution in db queued to process        [39m 
[34m2026-02-27 14:09:35 [debug] (cycling) check for queueing executions     [39m 
[34m2026-02-27 14:09:35 [debug] no execution in db queued to process        [39m 
[34m2026-02-27 14:14:35 [debug] (cycling) check for queueing executions     [39m 
[34m2026-02-27 14:14:35 [debug] no execution in db queued to process        [39m 
[34m2026-02-27 14:19:35 [debug] (cycling) check for queueing executions     [39m 
[34m2026-02-27 14:19:35 [debug] no execution in db queued to process        [39m 
[34m2026-02-27 14:24:35 [debug] (cycling) check for queueing executions     [39m 
[34m2026-02-27 14:24:35 [debug] no execution in db queued to process        [39m 
[34m2026-02-27 14:29:35 [debug] (cycling) check for queueing executions     [39m 
[34m2026-02-27 14:29:35 [debug] no execution in db queued to process        [39m 
[34m2026-02-27 14:34:35 [debug] (cycling) check for queueing executions     [39m 
[34m2026-02-27 14:34:35 [debug] no execution in db queued to process        [39m 
[34m2026-02-27 14:39:35 [debug] (cycling) check for queueing executions     [39m 
[34m2026-02-27 14:39:35 [debug] no execution in db queued to process        [39m 
[34m2026-02-27 14:44:35 [debug] (cycling) check for queueing executions     [39m 
[34m2026-02-27 14:44:35 [debug] no execution in db queued to process        [39m 
[34m2026-02-27 14:49:35 [debug] (cycling) check for queueing executions     [39m 
[34m2026-02-27 14:49:35 [debug] no execution in db queued to process        [39m 
[34m2026-02-27 14:54:35 [debug] (cycling) check for queueing executions     [39m 
[34m2026-02-27 14:54:35 [debug] no execution in db queued to process        [39m 
[34m2026-02-27 16:03:13 [debug] (cycling) check for queueing executions     [39m 
[34m2026-02-27 16:03:13 [debug] no execution in db queued to process        [39m 
[34m2026-02-27 16:08:12 [debug] (cycling) check for queueing executions     [39m 
[34m2026-02-27 16:08:12 [debug] no execution in db queued to process        [39m 
[34m2026-02-27 16:13:12 [debug] (cycling) check for queueing executions     [39m 
[34m2026-02-27 16:13:12 [debug] no execution in db queued to process        [39m 
[34m2026-02-27 16:18:12 [debug] (cycling) check for queueing executions     [39m 
[34m2026-02-27 16:18:13 [debug] no execution in db queued to process        [39m 
[34m2026-02-27 16:23:13 [debug] (cycling) check for queueing executions     [39m 
[34m2026-02-27 16:23:13 [debug] no execution in db queued to process        [39m 
[34m2026-02-27 16:28:13 [debug] (cycling) check for queueing executions     [39m 
[34m2026-02-27 16:28:13 [debug] no execution in db queued to process        [39m 
[34m2026-02-27 16:33:13 [debug] (cycling) check for queueing executions     [39m 
[34m2026-02-27 16:33:13 [debug] no execution in db queued to process        [39m 
[34m2026-02-27 16:38:13 [debug] (cycling) check for queueing executions     [39m 
[34m2026-02-27 16:38:13 [debug] no execution in db queued to process        [39m 
[34m2026-02-27 16:43:13 [debug] (cycling) check for queueing executions     [39m 
[34m2026-02-27 16:43:13 [debug] no execution in db queued to process        [39m 
[34m2026-02-27 16:48:13 [debug] (cycling) check for queueing executions     [39m 
[34m2026-02-27 16:48:13 [debug] no execution in db queued to process        [39m 
[34m2026-02-27 16:53:13 [debug] (cycling) check for queueing executions     [39m 
[34m2026-02-27 16:53:13 [debug] no execution in db queued to process        [39m 
[34m2026-02-27 16:58:13 [debug] (cycling) check for queueing executions     [39m 
[34m2026-02-27 16:58:13 [debug] no execution in db queued to process        [39m 
[32m2026-02-27 17:01:08 [info]  no more events need to be prepared, dispatching...[39m 
[34m2026-02-27 17:01:08 [debug] last process finished, will do another dispatch[39m 
[34m2026-02-27 17:01:08 [debug] last process finished, will do another dispatch[39m 
[34m2026-02-27 17:01:08 [debug] no execution in db queued to process        [39m 
[32m2026-02-27 17:01:08 [info]  execution (350557554933761) from queue not found or not in queueing status, skip[39m 
[32m2026-02-27 17:01:51 [info]  no more events need to be prepared, dispatching...[39m 
[34m2026-02-27 17:01:51 [debug] last process finished, will do another dispatch[39m 
[34m2026-02-27 17:01:51 [debug] no execution in db queued to process        [39m 
[34m2026-02-27 17:03:13 [debug] (cycling) check for queueing executions     [39m 
[34m2026-02-27 17:03:13 [debug] no execution in db queued to process        [39m 
[34m2026-02-27 17:08:13 [debug] (cycling) check for queueing executions     [39m 
[34m2026-02-27 17:08:13 [debug] no execution in db queued to process        [39m 
[34m2026-02-27 17:13:13 [debug] (cycling) check for queueing executions     [39m 
[34m2026-02-27 17:13:13 [debug] no execution in db queued to process        [39m 
[32m2026-02-27 17:13:14 [info]  no more events need to be prepared, dispatching...[39m 
[34m2026-02-27 17:13:14 [debug] last process finished, will do another dispatch[39m 
[34m2026-02-27 17:13:14 [debug] no execution in db queued to process        [39m 
[32m2026-02-27 17:13:52 [info]  no more events need to be prepared, dispatching...[39m 
[34m2026-02-27 17:13:52 [debug] last process finished, will do another dispatch[39m 
[34m2026-02-27 17:13:52 [debug] no execution in db queued to process        [39m 
[32m2026-02-27 17:14:11 [info]  no more events need to be prepared, dispatching...[39m 
[34m2026-02-27 17:14:11 [debug] last process finished, will do another dispatch[39m 
[34m2026-02-27 17:14:11 [debug] no execution in db queued to process        [39m 
[32m2026-02-27 17:14:31 [info]  no more events need to be prepared, dispatching...[39m 
[34m2026-02-27 17:14:31 [debug] last process finished, will do another dispatch[39m 
[34m2026-02-27 17:14:31 [debug] no execution in db queued to process        [39m 
[32m2026-02-27 17:14:58 [info]  no more events need to be prepared, dispatching...[39m 
[34m2026-02-27 17:14:58 [debug] last process finished, will do another dispatch[39m 
[34m2026-02-27 17:14:58 [debug] no execution in db queued to process        [39m 
[34m2026-02-27 17:18:13 [debug] (cycling) check for queueing executions     [39m 
[34m2026-02-27 17:18:13 [debug] no execution in db queued to process        [39m 
[32m2026-02-27 17:19:47 [info]  no more events need to be prepared, dispatching...[39m 
[34m2026-02-27 17:19:47 [debug] last process finished, will do another dispatch[39m 
[34m2026-02-27 17:19:47 [debug] last process finished, will do another dispatch[39m 
[34m2026-02-27 17:19:47 [debug] last process finished, will do another dispatch[39m 
[34m2026-02-27 17:19:47 [debug] last process finished, will do another dispatch[39m 
[34m2026-02-27 17:19:47 [debug] no execution in db queued to process        [39m 
[32m2026-02-27 17:19:47 [info]  execution (350559901646849) from queue not found or not in queueing status, skip[39m 
[32m2026-02-27 17:19:47 [info]  execution (350559901646850) from queue not found or not in queueing status, skip[39m 
[32m2026-02-27 17:19:48 [info]  execution (350559901646851) from queue not found or not in queueing status, skip[39m 
[32m2026-02-27 17:20:19 [info]  no more events need to be prepared, dispatching...[39m 
[34m2026-02-27 17:20:19 [debug] last process finished, will do another dispatch[39m 
[34m2026-02-27 17:20:19 [debug] no execution in db queued to process        [39m 
[32m2026-02-27 17:22:16 [info]  no more events need to be prepared, dispatching...[39m 
[34m2026-02-27 17:22:16 [debug] last process finished, will do another dispatch[39m 
[34m2026-02-27 17:22:16 [debug] no execution in db queued to process        [39m 
[32m2026-02-27 17:22:43 [info]  no more events need to be prepared, dispatching...[39m 
[34m2026-02-27 17:22:44 [debug] last process finished, will do another dispatch[39m 
[34m2026-02-27 17:22:44 [debug] no execution in db queued to process        [39m 
[34m2026-02-27 17:23:13 [debug] (cycling) check for queueing executions     [39m 
[34m2026-02-27 17:23:13 [debug] no execution in db queued to process        [39m 
[32m2026-02-27 17:27:43 [info]  no more events need to be prepared, dispatching...[39m 
[34m2026-02-27 17:27:43 [debug] last process finished, will do another dispatch[39m 
[34m2026-02-27 17:27:43 [debug] no execution in db queued to process        [39m 
[34m2026-02-27 17:28:13 [debug] (cycling) check for queueing executions     [39m 
[34m2026-02-27 17:28:13 [debug] no execution in db queued to process        [39m 
[32m2026-02-27 17:28:16 [info]  no more events need to be prepared, dispatching...[39m 
[34m2026-02-27 17:28:16 [debug] last process finished, will do another dispatch[39m 
[34m2026-02-27 17:28:16 [debug] no execution in db queued to process        [39m 
[32m2026-02-27 17:32:46 [info]  no more events need to be prepared, dispatching...[39m 
[34m2026-02-27 17:32:46 [debug] last process finished, will do another dispatch[39m 
[34m2026-02-27 17:32:46 [debug] no execution in db queued to process        [39m 
[34m2026-02-27 17:33:13 [debug] (cycling) check for queueing executions     [39m 
[34m2026-02-27 17:33:13 [debug] no execution in db queued to process        [39m 
[34m2026-02-27 17:38:13 [debug] (cycling) check for queueing executions     [39m 
[34m2026-02-27 17:38:13 [debug] no execution in db queued to process        [39m 
[34m2026-02-27 17:43:13 [debug] (cycling) check for queueing executions     [39m 
[34m2026-02-27 17:43:13 [debug] no execution in db queued to process        [39m 
[32m2026-02-27 17:45:46 [info]  no more events need to be prepared, dispatching...[39m 
[34m2026-02-27 17:45:46 [debug] last process finished, will do another dispatch[39m 
[34m2026-02-27 17:45:46 [debug] no execution in db queued to process        [39m 
[34m2026-02-27 17:48:13 [debug] (cycling) check for queueing executions     [39m 
[34m2026-02-27 17:48:13 [debug] no execution in db queued to process        [39m 
[34m2026-02-27 17:53:13 [debug] (cycling) check for queueing executions     [39m 
[34m2026-02-27 17:53:13 [debug] no execution in db queued to process        [39m 
[34m2026-02-27 17:58:13 [debug] (cycling) check for queueing executions     [39m 
[34m2026-02-27 17:58:13 [debug] no execution in db queued to process        [39m 
[34m2026-02-27 18:03:13 [debug] (cycling) check for queueing executions     [39m 
[34m2026-02-27 18:03:13 [debug] no execution in db queued to process        [39m 
[32m2026-02-27 18:05:42 [info]  no more events need to be prepared, dispatching...[39m 
[34m2026-02-27 18:05:42 [debug] last process finished, will do another dispatch[39m 
[34m2026-02-27 18:05:42 [debug] no execution in db queued to process        [39m 
[32m2026-02-27 18:06:18 [info]  no more events need to be prepared, dispatching...[39m 
[34m2026-02-27 18:06:18 [debug] last process finished, will do another dispatch[39m 
[34m2026-02-27 18:06:18 [debug] no execution in db queued to process        [39m 
[32m2026-02-27 18:06:27 [info]  no more events need to be prepared, dispatching...[39m 
[34m2026-02-27 18:06:27 [debug] last process finished, will do another dispatch[39m 
[34m2026-02-27 18:06:27 [debug] no execution in db queued to process        [39m 
[34m2026-02-27 18:08:13 [debug] (cycling) check for queueing executions     [39m 
[34m2026-02-27 18:08:13 [debug] no execution in db queued to process        [39m 
