[34m2026-03-02 10:26:32 [debug] (cycling) check for queueing executions     [39m 
[34m2026-03-02 10:26:32 [debug] no execution in db queued to process        [39m 
[34m2026-03-02 10:31:29 [debug] (cycling) check for queueing executions     [39m 
[34m2026-03-02 10:31:29 [debug] no execution in db queued to process        [39m 
[34m2026-03-02 10:36:29 [debug] (cycling) check for queueing executions     [39m 
[34m2026-03-02 10:36:29 [debug] no execution in db queued to process        [39m 
[34m2026-03-02 10:41:29 [debug] (cycling) check for queueing executions     [39m 
[34m2026-03-02 10:41:29 [debug] no execution in db queued to process        [39m 
[34m2026-03-02 10:46:29 [debug] (cycling) check for queueing executions     [39m 
[34m2026-03-02 10:46:29 [debug] no execution in db queued to process        [39m 
[34m2026-03-02 10:51:29 [debug] (cycling) check for queueing executions     [39m 
[34m2026-03-02 10:51:29 [debug] no execution in db queued to process        [39m 
[34m2026-03-02 10:56:29 [debug] (cycling) check for queueing executions     [39m 
[34m2026-03-02 10:56:29 [debug] no execution in db queued to process        [39m 
[34m2026-03-02 11:01:29 [debug] (cycling) check for queueing executions     [39m 
[34m2026-03-02 11:01:29 [debug] no execution in db queued to process        [39m 
[34m2026-03-02 11:06:29 [debug] (cycling) check for queueing executions     [39m 
[34m2026-03-02 11:06:29 [debug] no execution in db queued to process        [39m 
[34m2026-03-02 11:11:29 [debug] (cycling) check for queueing executions     [39m 
[34m2026-03-02 11:11:29 [debug] no execution in db queued to process        [39m 
[34m2026-03-02 11:16:29 [debug] (cycling) check for queueing executions     [39m 
[34m2026-03-02 11:16:29 [debug] no execution in db queued to process        [39m 
[34m2026-03-02 11:21:29 [debug] (cycling) check for queueing executions     [39m 
[34m2026-03-02 11:21:29 [debug] no execution in db queued to process        [39m 
[34m2026-03-02 11:26:29 [debug] (cycling) check for queueing executions     [39m 
[34m2026-03-02 11:26:29 [debug] no execution in db queued to process        [39m 
[34m2026-03-02 11:31:29 [debug] (cycling) check for queueing executions     [39m 
[34m2026-03-02 11:31:29 [debug] no execution in db queued to process        [39m 
[34m2026-03-02 11:36:29 [debug] (cycling) check for queueing executions     [39m 
[34m2026-03-02 11:36:29 [debug] no execution in db queued to process        [39m 
[34m2026-03-02 11:41:29 [debug] (cycling) check for queueing executions     [39m 
[34m2026-03-02 11:41:29 [debug] no execution in db queued to process        [39m 
[34m2026-03-02 11:46:29 [debug] (cycling) check for queueing executions     [39m 
[34m2026-03-02 11:46:29 [debug] no execution in db queued to process        [39m 
[34m2026-03-02 11:51:29 [debug] (cycling) check for queueing executions     [39m 
[34m2026-03-02 11:51:29 [debug] no execution in db queued to process        [39m 
[34m2026-03-02 11:56:29 [debug] (cycling) check for queueing executions     [39m 
[34m2026-03-02 11:56:29 [debug] no execution in db queued to process        [39m 
[34m2026-03-02 12:01:29 [debug] (cycling) check for queueing executions     [39m 
[34m2026-03-02 12:01:29 [debug] no execution in db queued to process        [39m 
[34m2026-03-02 12:06:29 [debug] (cycling) check for queueing executions     [39m 
[34m2026-03-02 12:06:29 [debug] no execution in db queued to process        [39m 
[34m2026-03-02 12:11:29 [debug] (cycling) check for queueing executions     [39m 
[34m2026-03-02 12:11:29 [debug] no execution in db queued to process        [39m 
[34m2026-03-02 12:16:29 [debug] (cycling) check for queueing executions     [39m 
[34m2026-03-02 12:16:29 [debug] no execution in db queued to process        [39m 
[34m2026-03-02 12:21:29 [debug] (cycling) check for queueing executions     [39m 
[34m2026-03-02 12:21:29 [debug] no execution in db queued to process        [39m 
[34m2026-03-02 12:26:29 [debug] (cycling) check for queueing executions     [39m 
[34m2026-03-02 12:26:29 [debug] no execution in db queued to process        [39m 
[34m2026-03-02 12:31:29 [debug] (cycling) check for queueing executions     [39m 
[34m2026-03-02 12:31:29 [debug] no execution in db queued to process        [39m 
[34m2026-03-02 12:36:29 [debug] (cycling) check for queueing executions     [39m 
[34m2026-03-02 12:36:29 [debug] no execution in db queued to process        [39m 
[34m2026-03-02 12:41:29 [debug] (cycling) check for queueing executions     [39m 
[34m2026-03-02 12:41:29 [debug] no execution in db queued to process        [39m 
[34m2026-03-02 12:46:29 [debug] (cycling) check for queueing executions     [39m 
[34m2026-03-02 12:46:29 [debug] no execution in db queued to process        [39m 
[34m2026-03-02 12:51:29 [debug] (cycling) check for queueing executions     [39m 
[34m2026-03-02 12:51:29 [debug] no execution in db queued to process        [39m 
[34m2026-03-02 12:56:29 [debug] (cycling) check for queueing executions     [39m 
[34m2026-03-02 12:56:30 [debug] no execution in db queued to process        [39m 
[34m2026-03-02 13:01:29 [debug] (cycling) check for queueing executions     [39m 
[34m2026-03-02 13:01:30 [debug] no execution in db queued to process        [39m 
[34m2026-03-02 13:06:29 [debug] (cycling) check for queueing executions     [39m 
[34m2026-03-02 13:06:29 [debug] no execution in db queued to process        [39m 
[34m2026-03-02 13:11:29 [debug] (cycling) check for queueing executions     [39m 
[34m2026-03-02 13:11:30 [debug] no execution in db queued to process        [39m 
[34m2026-03-02 13:16:29 [debug] (cycling) check for queueing executions     [39m 
[34m2026-03-02 13:16:29 [debug] no execution in db queued to process        [39m 
[34m2026-03-02 13:21:29 [debug] (cycling) check for queueing executions     [39m 
[34m2026-03-02 13:21:29 [debug] no execution in db queued to process        [39m 
[34m2026-03-02 13:26:29 [debug] (cycling) check for queueing executions     [39m 
[34m2026-03-02 13:26:29 [debug] no execution in db queued to process        [39m 
[34m2026-03-02 13:31:29 [debug] (cycling) check for queueing executions     [39m 
[34m2026-03-02 13:31:30 [debug] no execution in db queued to process        [39m 
[34m2026-03-02 13:36:29 [debug] (cycling) check for queueing executions     [39m 
[34m2026-03-02 13:36:29 [debug] no execution in db queued to process        [39m 
[34m2026-03-02 13:41:29 [debug] (cycling) check for queueing executions     [39m 
[34m2026-03-02 13:41:29 [debug] no execution in db queued to process        [39m 
[34m2026-03-02 13:46:29 [debug] (cycling) check for queueing executions     [39m 
[34m2026-03-02 13:46:30 [debug] no execution in db queued to process        [39m 
[34m2026-03-02 13:51:29 [debug] (cycling) check for queueing executions     [39m 
[34m2026-03-02 13:51:29 [debug] no execution in db queued to process        [39m 
[34m2026-03-02 13:56:29 [debug] (cycling) check for queueing executions     [39m 
[34m2026-03-02 13:56:29 [debug] no execution in db queued to process        [39m 
[34m2026-03-02 14:01:29 [debug] (cycling) check for queueing executions     [39m 
[34m2026-03-02 14:01:29 [debug] no execution in db queued to process        [39m 
[34m2026-03-02 14:06:30 [debug] (cycling) check for queueing executions     [39m 
[34m2026-03-02 14:06:30 [debug] no execution in db queued to process        [39m 
[34m2026-03-02 14:11:30 [debug] (cycling) check for queueing executions     [39m 
[34m2026-03-02 14:11:30 [debug] no execution in db queued to process        [39m 
[32m2026-03-02 14:13:31 [info]  (starting) check for queueing executions    [39m 
[34m2026-03-02 14:13:31 [debug] no execution in db queued to process        [39m 
[34m2026-03-02 14:18:31 [debug] (cycling) check for queueing executions     [39m 
[34m2026-03-02 14:18:31 [debug] no execution in db queued to process        [39m 
[34m2026-03-02 14:23:31 [debug] (cycling) check for queueing executions     [39m 
[34m2026-03-02 14:23:31 [debug] no execution in db queued to process        [39m 
[34m2026-03-02 14:28:31 [debug] (cycling) check for queueing executions     [39m 
[34m2026-03-02 14:28:31 [debug] no execution in db queued to process        [39m 
[34m2026-03-02 14:33:31 [debug] (cycling) check for queueing executions     [39m 
[34m2026-03-02 14:33:31 [debug] no execution in db queued to process        [39m 
[34m2026-03-02 14:38:31 [debug] (cycling) check for queueing executions     [39m 
[34m2026-03-02 14:38:32 [debug] no execution in db queued to process        [39m 
[32m2026-03-02 14:39:43 [info]  no more events need to be prepared, dispatching...[39m 
[34m2026-03-02 14:39:43 [debug] last process finished, will do another dispatch[39m 
[34m2026-03-02 14:39:43 [debug] last process finished, will do another dispatch[39m 
[34m2026-03-02 14:39:43 [debug] last process finished, will do another dispatch[39m 
[34m2026-03-02 14:39:43 [debug] no execution in db queued to process        [39m 
[32m2026-03-02 14:39:43 [info]  execution (351083342397441) from queue not found or not in queueing status, skip[39m 
[32m2026-03-02 14:39:43 [info]  execution (351083342397442) from queue not found or not in queueing status, skip[39m 
[32m2026-03-02 14:43:08 [info]  no more events need to be prepared, dispatching...[39m 
[34m2026-03-02 14:43:08 [debug] last process finished, will do another dispatch[39m 
[34m2026-03-02 14:43:08 [debug] no execution in db queued to process        [39m 
[34m2026-03-02 14:43:31 [debug] (cycling) check for queueing executions     [39m 
[34m2026-03-02 14:43:31 [debug] no execution in db queued to process        [39m 
[32m2026-03-02 14:44:38 [info]  no more events need to be prepared, dispatching...[39m 
[34m2026-03-02 14:44:38 [debug] last process finished, will do another dispatch[39m 
[34m2026-03-02 14:44:38 [debug] no execution in db queued to process        [39m 
[32m2026-03-02 14:44:40 [info]  no more events need to be prepared, dispatching...[39m 
[34m2026-03-02 14:44:40 [debug] last process finished, will do another dispatch[39m 
[34m2026-03-02 14:44:40 [debug] no execution in db queued to process        [39m 
[32m2026-03-02 14:45:09 [info]  no more events need to be prepared, dispatching...[39m 
[34m2026-03-02 14:45:09 [debug] last process finished, will do another dispatch[39m 
[34m2026-03-02 14:45:09 [debug] no execution in db queued to process        [39m 
[34m2026-03-02 14:48:31 [debug] (cycling) check for queueing executions     [39m 
[34m2026-03-02 14:48:32 [debug] no execution in db queued to process        [39m 
[32m2026-03-02 14:51:37 [info]  no more events need to be prepared, dispatching...[39m 
[34m2026-03-02 14:51:37 [debug] last process finished, will do another dispatch[39m 
[34m2026-03-02 14:51:37 [debug] no execution in db queued to process        [39m 
[32m2026-03-02 14:52:13 [info]  no more events need to be prepared, dispatching...[39m 
[34m2026-03-02 14:52:13 [debug] last process finished, will do another dispatch[39m 
[34m2026-03-02 14:52:13 [debug] no execution in db queued to process        [39m 
[34m2026-03-02 14:53:31 [debug] (cycling) check for queueing executions     [39m 
[34m2026-03-02 14:53:31 [debug] no execution in db queued to process        [39m 
[32m2026-03-02 14:56:20 [info]  no more events need to be prepared, dispatching...[39m 
[34m2026-03-02 14:56:20 [debug] last process finished, will do another dispatch[39m 
[34m2026-03-02 14:56:20 [debug] no execution in db queued to process        [39m 
[32m2026-03-02 14:56:46 [info]  no more events need to be prepared, dispatching...[39m 
[34m2026-03-02 14:56:46 [debug] last process finished, will do another dispatch[39m 
[34m2026-03-02 14:56:46 [debug] no execution in db queued to process        [39m 
[34m2026-03-02 14:58:31 [debug] (cycling) check for queueing executions     [39m 
[34m2026-03-02 14:58:32 [debug] no execution in db queued to process        [39m 
[32m2026-03-02 14:59:43 [info]  no more events need to be prepared, dispatching...[39m 
[34m2026-03-02 14:59:43 [debug] last process finished, will do another dispatch[39m 
[34m2026-03-02 14:59:43 [debug] no execution in db queued to process        [39m 
[32m2026-03-02 15:00:10 [info]  no more events need to be prepared, dispatching...[39m 
[34m2026-03-02 15:00:10 [debug] last process finished, will do another dispatch[39m 
[34m2026-03-02 15:00:10 [debug] no execution in db queued to process        [39m 
[32m2026-03-02 15:03:20 [info]  no more events need to be prepared, dispatching...[39m 
[34m2026-03-02 15:03:20 [debug] last process finished, will do another dispatch[39m 
[34m2026-03-02 15:03:20 [debug] no execution in db queued to process        [39m 
[34m2026-03-02 15:03:31 [debug] (cycling) check for queueing executions     [39m 
[34m2026-03-02 15:03:31 [debug] no execution in db queued to process        [39m 
[32m2026-03-02 15:03:48 [info]  no more events need to be prepared, dispatching...[39m 
[34m2026-03-02 15:03:48 [debug] last process finished, will do another dispatch[39m 
[34m2026-03-02 15:03:48 [debug] no execution in db queued to process        [39m 
[34m2026-03-02 15:08:32 [debug] (cycling) check for queueing executions     [39m 
[34m2026-03-02 15:08:32 [debug] no execution in db queued to process        [39m 
[34m2026-03-02 15:13:32 [debug] (cycling) check for queueing executions     [39m 
[34m2026-03-02 15:13:32 [debug] no execution in db queued to process        [39m 
[32m2026-03-02 15:17:07 [info]  no more events need to be prepared, dispatching...[39m 
[34m2026-03-02 15:17:07 [debug] last process finished, will do another dispatch[39m 
[34m2026-03-02 15:17:07 [debug] no execution in db queued to process        [39m 
[32m2026-03-02 15:17:40 [info]  no more events need to be prepared, dispatching...[39m 
[34m2026-03-02 15:17:40 [debug] last process finished, will do another dispatch[39m 
[34m2026-03-02 15:17:40 [debug] last process finished, will do another dispatch[39m 
[34m2026-03-02 15:17:40 [debug] no execution in db queued to process        [39m 
[32m2026-03-02 15:17:40 [info]  execution (351088117612546) from queue not found or not in queueing status, skip[39m 
[34m2026-03-02 15:18:32 [debug] (cycling) check for queueing executions     [39m 
[34m2026-03-02 15:18:32 [debug] no execution in db queued to process        [39m 
[32m2026-03-02 15:20:59 [info]  no more events need to be prepared, dispatching...[39m 
[34m2026-03-02 15:20:59 [debug] last process finished, will do another dispatch[39m 
[34m2026-03-02 15:20:59 [debug] no execution in db queued to process        [39m 
[34m2026-03-02 15:23:32 [debug] (cycling) check for queueing executions     [39m 
[34m2026-03-02 15:23:32 [debug] no execution in db queued to process        [39m 
[34m2026-03-02 15:28:32 [debug] (cycling) check for queueing executions     [39m 
[34m2026-03-02 15:28:32 [debug] no execution in db queued to process        [39m 
[34m2026-03-02 15:33:32 [debug] (cycling) check for queueing executions     [39m 
[34m2026-03-02 15:33:32 [debug] no execution in db queued to process        [39m 
[34m2026-03-02 15:38:32 [debug] (cycling) check for queueing executions     [39m 
[34m2026-03-02 15:38:32 [debug] no execution in db queued to process        [39m 
[34m2026-03-02 15:43:32 [debug] (cycling) check for queueing executions     [39m 
[34m2026-03-02 15:43:32 [debug] no execution in db queued to process        [39m 
[34m2026-03-02 15:48:32 [debug] (cycling) check for queueing executions     [39m 
[34m2026-03-02 15:48:32 [debug] no execution in db queued to process        [39m 
[32m2026-03-02 15:50:22 [info]  no more events need to be prepared, dispatching...[39m 
[34m2026-03-02 15:50:22 [debug] last process finished, will do another dispatch[39m 
[34m2026-03-02 15:50:22 [debug] no execution in db queued to process        [39m 
[32m2026-03-02 15:50:37 [info]  no more events need to be prepared, dispatching...[39m 
[34m2026-03-02 15:50:37 [debug] last process finished, will do another dispatch[39m 
[34m2026-03-02 15:50:37 [debug] no execution in db queued to process        [39m 
[32m2026-03-02 15:52:08 [info]  no more events need to be prepared, dispatching...[39m 
[34m2026-03-02 15:52:08 [debug] last process finished, will do another dispatch[39m 
[34m2026-03-02 15:52:08 [debug] no execution in db queued to process        [39m 
[32m2026-03-02 15:52:21 [info]  no more events need to be prepared, dispatching...[39m 
[34m2026-03-02 15:52:21 [debug] last process finished, will do another dispatch[39m 
[34m2026-03-02 15:52:21 [debug] no execution in db queued to process        [39m 
[34m2026-03-02 15:53:32 [debug] (cycling) check for queueing executions     [39m 
[34m2026-03-02 15:53:32 [debug] no execution in db queued to process        [39m 
[32m2026-03-02 15:53:58 [info]  no more events need to be prepared, dispatching...[39m 
[34m2026-03-02 15:53:58 [debug] last process finished, will do another dispatch[39m 
[34m2026-03-02 15:53:58 [debug] no execution in db queued to process        [39m 
[32m2026-03-02 15:54:02 [info]  no more events need to be prepared, dispatching...[39m 
[34m2026-03-02 15:54:02 [debug] last process finished, will do another dispatch[39m 
[34m2026-03-02 15:54:02 [debug] no execution in db queued to process        [39m 
[32m2026-03-02 15:57:34 [info]  no more events need to be prepared, dispatching...[39m 
[34m2026-03-02 15:57:34 [debug] last process finished, will do another dispatch[39m 
[34m2026-03-02 15:57:34 [debug] no execution in db queued to process        [39m 
[32m2026-03-02 15:57:40 [info]  no more events need to be prepared, dispatching...[39m 
[34m2026-03-02 15:57:40 [debug] last process finished, will do another dispatch[39m 
[34m2026-03-02 15:57:40 [debug] no execution in db queued to process        [39m 
[34m2026-03-02 15:58:32 [debug] (cycling) check for queueing executions     [39m 
[34m2026-03-02 15:58:32 [debug] no execution in db queued to process        [39m 
[32m2026-03-02 16:01:15 [info]  no more events need to be prepared, dispatching...[39m 
[34m2026-03-02 16:01:15 [debug] last process finished, will do another dispatch[39m 
[34m2026-03-02 16:01:15 [debug] no execution in db queued to process        [39m 
[32m2026-03-02 16:01:22 [info]  no more events need to be prepared, dispatching...[39m 
[34m2026-03-02 16:01:22 [debug] last process finished, will do another dispatch[39m 
[34m2026-03-02 16:01:22 [debug] no execution in db queued to process        [39m 
[34m2026-03-02 16:03:32 [debug] (cycling) check for queueing executions     [39m 
[34m2026-03-02 16:03:32 [debug] no execution in db queued to process        [39m 
[32m2026-03-02 16:03:32 [info]  no more events need to be prepared, dispatching...[39m 
[34m2026-03-02 16:03:32 [debug] last process finished, will do another dispatch[39m 
[34m2026-03-02 16:03:32 [debug] no execution in db queued to process        [39m 
[32m2026-03-02 16:03:40 [info]  no more events need to be prepared, dispatching...[39m 
[34m2026-03-02 16:03:40 [debug] last process finished, will do another dispatch[39m 
[34m2026-03-02 16:03:40 [debug] no execution in db queued to process        [39m 
[32m2026-03-02 16:05:21 [info]  no more events need to be prepared, dispatching...[39m 
[34m2026-03-02 16:05:21 [debug] last process finished, will do another dispatch[39m 
[34m2026-03-02 16:05:21 [debug] no execution in db queued to process        [39m 
[32m2026-03-02 16:05:30 [info]  no more events need to be prepared, dispatching...[39m 
[34m2026-03-02 16:05:30 [debug] last process finished, will do another dispatch[39m 
[34m2026-03-02 16:05:30 [debug] no execution in db queued to process        [39m 
[34m2026-03-02 16:08:32 [debug] (cycling) check for queueing executions     [39m 
[34m2026-03-02 16:08:32 [debug] no execution in db queued to process        [39m 
[34m2026-03-02 16:13:32 [debug] (cycling) check for queueing executions     [39m 
[34m2026-03-02 16:13:32 [debug] no execution in db queued to process        [39m 
[34m2026-03-02 16:18:32 [debug] (cycling) check for queueing executions     [39m 
[34m2026-03-02 16:18:32 [debug] no execution in db queued to process        [39m 
[34m2026-03-02 16:23:32 [debug] (cycling) check for queueing executions     [39m 
[34m2026-03-02 16:23:32 [debug] no execution in db queued to process        [39m 
[32m2026-03-02 16:26:35 [info]  no more events need to be prepared, dispatching...[39m 
[34m2026-03-02 16:26:35 [debug] last process finished, will do another dispatch[39m 
[34m2026-03-02 16:26:35 [debug] no execution in db queued to process        [39m 
[32m2026-03-02 16:26:42 [info]  no more events need to be prepared, dispatching...[39m 
[34m2026-03-02 16:26:42 [debug] last process finished, will do another dispatch[39m 
[34m2026-03-02 16:26:42 [debug] no execution in db queued to process        [39m 
[34m2026-03-02 16:28:32 [debug] (cycling) check for queueing executions     [39m 
[34m2026-03-02 16:28:32 [debug] no execution in db queued to process        [39m 
[32m2026-03-02 16:28:33 [info]  no more events need to be prepared, dispatching...[39m 
[34m2026-03-02 16:28:33 [debug] last process finished, will do another dispatch[39m 
[34m2026-03-02 16:28:33 [debug] no execution in db queued to process        [39m 
[32m2026-03-02 16:28:39 [info]  no more events need to be prepared, dispatching...[39m 
[34m2026-03-02 16:28:39 [debug] last process finished, will do another dispatch[39m 
[34m2026-03-02 16:28:39 [debug] no execution in db queued to process        [39m 
[34m2026-03-02 16:33:32 [debug] (cycling) check for queueing executions     [39m 
[34m2026-03-02 16:33:32 [debug] no execution in db queued to process        [39m 
[32m2026-03-02 16:37:12 [info]  no more events need to be prepared, dispatching...[39m 
[34m2026-03-02 16:37:12 [debug] last process finished, will do another dispatch[39m 
[34m2026-03-02 16:37:12 [debug] no execution in db queued to process        [39m 
[32m2026-03-02 16:37:18 [info]  no more events need to be prepared, dispatching...[39m 
[34m2026-03-02 16:37:18 [debug] last process finished, will do another dispatch[39m 
[34m2026-03-02 16:37:18 [debug] no execution in db queued to process        [39m 
[34m2026-03-02 16:38:32 [debug] (cycling) check for queueing executions     [39m 
[34m2026-03-02 16:38:32 [debug] no execution in db queued to process        [39m 
[32m2026-03-02 16:41:27 [info]  no more events need to be prepared, dispatching...[39m 
[34m2026-03-02 16:41:27 [debug] last process finished, will do another dispatch[39m 
[34m2026-03-02 16:41:27 [debug] no execution in db queued to process        [39m 
[32m2026-03-02 16:41:35 [info]  no more events need to be prepared, dispatching...[39m 
[34m2026-03-02 16:41:35 [debug] last process finished, will do another dispatch[39m 
[34m2026-03-02 16:41:35 [debug] no execution in db queued to process        [39m 
[32m2026-03-02 16:43:23 [info]  no more events need to be prepared, dispatching...[39m 
[34m2026-03-02 16:43:23 [debug] last process finished, will do another dispatch[39m 
[34m2026-03-02 16:43:23 [debug] no execution in db queued to process        [39m 
[32m2026-03-02 16:43:27 [info]  no more events need to be prepared, dispatching...[39m 
[34m2026-03-02 16:43:27 [debug] last process finished, will do another dispatch[39m 
[34m2026-03-02 16:43:27 [debug] no execution in db queued to process        [39m 
[34m2026-03-02 16:43:32 [debug] (cycling) check for queueing executions     [39m 
[34m2026-03-02 16:43:32 [debug] no execution in db queued to process        [39m 
[34m2026-03-02 16:48:32 [debug] (cycling) check for queueing executions     [39m 
[34m2026-03-02 16:48:32 [debug] no execution in db queued to process        [39m 
[34m2026-03-02 16:53:32 [debug] (cycling) check for queueing executions     [39m 
[34m2026-03-02 16:53:32 [debug] no execution in db queued to process        [39m 
[34m2026-03-02 16:58:32 [debug] (cycling) check for queueing executions     [39m 
[34m2026-03-02 16:58:32 [debug] no execution in db queued to process        [39m 
[34m2026-03-02 17:03:32 [debug] (cycling) check for queueing executions     [39m 
[34m2026-03-02 17:03:32 [debug] no execution in db queued to process        [39m 
[32m2026-03-02 17:06:14 [info]  no more events need to be prepared, dispatching...[39m 
[34m2026-03-02 17:06:14 [debug] last process finished, will do another dispatch[39m 
[34m2026-03-02 17:06:14 [debug] no execution in db queued to process        [39m 
[34m2026-03-02 17:08:32 [debug] (cycling) check for queueing executions     [39m 
[34m2026-03-02 17:08:32 [debug] no execution in db queued to process        [39m 
[32m2026-03-02 17:13:02 [info]  no more events need to be prepared, dispatching...[39m 
[34m2026-03-02 17:13:02 [debug] last process finished, will do another dispatch[39m 
[34m2026-03-02 17:13:02 [debug] no execution in db queued to process        [39m 
[34m2026-03-02 17:13:32 [debug] (cycling) check for queueing executions     [39m 
[34m2026-03-02 17:13:32 [debug] no execution in db queued to process        [39m 
[32m2026-03-02 17:13:34 [info]  no more events need to be prepared, dispatching...[39m 
[34m2026-03-02 17:13:34 [debug] last process finished, will do another dispatch[39m 
[34m2026-03-02 17:13:34 [debug] no execution in db queued to process        [39m 
[34m2026-03-02 17:18:32 [debug] (cycling) check for queueing executions     [39m 
[34m2026-03-02 17:18:32 [debug] no execution in db queued to process        [39m 
[32m2026-03-02 17:19:52 [info]  no more events need to be prepared, dispatching...[39m 
[34m2026-03-02 17:19:52 [debug] last process finished, will do another dispatch[39m 
[34m2026-03-02 17:19:52 [debug] no execution in db queued to process        [39m 
[32m2026-03-02 17:20:22 [info]  no more events need to be prepared, dispatching...[39m 
[34m2026-03-02 17:20:22 [debug] last process finished, will do another dispatch[39m 
[34m2026-03-02 17:20:22 [debug] no execution in db queued to process        [39m 
[34m2026-03-02 17:23:32 [debug] (cycling) check for queueing executions     [39m 
[34m2026-03-02 17:23:32 [debug] no execution in db queued to process        [39m 
[34m2026-03-02 17:28:32 [debug] (cycling) check for queueing executions     [39m 
[34m2026-03-02 17:28:32 [debug] no execution in db queued to process        [39m 
[34m2026-03-02 17:33:32 [debug] (cycling) check for queueing executions     [39m 
[34m2026-03-02 17:33:32 [debug] no execution in db queued to process        [39m 
[34m2026-03-02 17:38:32 [debug] (cycling) check for queueing executions     [39m 
[34m2026-03-02 17:38:32 [debug] no execution in db queued to process        [39m 
[34m2026-03-02 17:43:32 [debug] (cycling) check for queueing executions     [39m 
[34m2026-03-02 17:43:32 [debug] no execution in db queued to process        [39m 
[34m2026-03-02 17:48:32 [debug] (cycling) check for queueing executions     [39m 
[34m2026-03-02 17:48:32 [debug] no execution in db queued to process        [39m 
[34m2026-03-02 17:53:32 [debug] (cycling) check for queueing executions     [39m 
[34m2026-03-02 17:53:32 [debug] no execution in db queued to process        [39m 
[34m2026-03-02 17:58:32 [debug] (cycling) check for queueing executions     [39m 
[34m2026-03-02 17:58:32 [debug] no execution in db queued to process        [39m 
