[32m2026-02-24 09:05:46 [info]  (starting) check for queueing executions    [39m 
[34m2026-02-24 09:05:46 [debug] no execution in db queued to process        [39m 
[34m2026-02-24 09:10:46 [debug] (cycling) check for queueing executions     [39m 
[34m2026-02-24 09:10:46 [debug] no execution in db queued to process        [39m 
[34m2026-02-24 09:15:46 [debug] (cycling) check for queueing executions     [39m 
[34m2026-02-24 09:15:46 [debug] no execution in db queued to process        [39m 
[34m2026-02-24 09:20:46 [debug] (cycling) check for queueing executions     [39m 
[34m2026-02-24 09:20:46 [debug] no execution in db queued to process        [39m 
[34m2026-02-24 09:25:46 [debug] (cycling) check for queueing executions     [39m 
[34m2026-02-24 09:25:46 [debug] no execution in db queued to process        [39m 
[34m2026-02-24 09:30:46 [debug] (cycling) check for queueing executions     [39m 
[34m2026-02-24 09:30:46 [debug] no execution in db queued to process        [39m 
[34m2026-02-24 09:35:46 [debug] (cycling) check for queueing executions     [39m 
[34m2026-02-24 09:35:46 [debug] no execution in db queued to process        [39m 
[34m2026-02-24 09:40:46 [debug] (cycling) check for queueing executions     [39m 
[34m2026-02-24 09:40:46 [debug] no execution in db queued to process        [39m 
[34m2026-02-24 09:45:46 [debug] (cycling) check for queueing executions     [39m 
[34m2026-02-24 09:45:46 [debug] no execution in db queued to process        [39m 
[34m2026-02-24 09:50:46 [debug] (cycling) check for queueing executions     [39m 
[34m2026-02-24 09:50:46 [debug] no execution in db queued to process        [39m 
[34m2026-02-24 09:55:46 [debug] (cycling) check for queueing executions     [39m 
[34m2026-02-24 09:55:46 [debug] no execution in db queued to process        [39m 
[34m2026-02-24 10:00:46 [debug] (cycling) check for queueing executions     [39m 
[34m2026-02-24 10:00:46 [debug] no execution in db queued to process        [39m 
[34m2026-02-24 10:05:46 [debug] (cycling) check for queueing executions     [39m 
[34m2026-02-24 10:05:46 [debug] no execution in db queued to process        [39m 
[34m2026-02-24 10:10:46 [debug] (cycling) check for queueing executions     [39m 
[34m2026-02-24 10:10:46 [debug] no execution in db queued to process        [39m 
[34m2026-02-24 10:15:46 [debug] (cycling) check for queueing executions     [39m 
[34m2026-02-24 10:15:46 [debug] no execution in db queued to process        [39m 
[34m2026-02-24 10:20:46 [debug] (cycling) check for queueing executions     [39m 
[34m2026-02-24 10:20:46 [debug] no execution in db queued to process        [39m 
[34m2026-02-24 10:25:46 [debug] (cycling) check for queueing executions     [39m 
[34m2026-02-24 10:25:46 [debug] no execution in db queued to process        [39m 
[34m2026-02-24 10:30:46 [debug] (cycling) check for queueing executions     [39m 
[34m2026-02-24 10:30:46 [debug] no execution in db queued to process        [39m 
[34m2026-02-24 10:35:46 [debug] (cycling) check for queueing executions     [39m 
[34m2026-02-24 10:35:46 [debug] no execution in db queued to process        [39m 
[32m2026-02-24 10:40:30 [info]  no more events need to be prepared, dispatching...[39m 
[34m2026-02-24 10:40:31 [debug] last process finished, will do another dispatch[39m 
[34m2026-02-24 10:40:31 [debug] no execution in db queued to process        [39m 
[34m2026-02-24 10:40:46 [debug] (cycling) check for queueing executions     [39m 
[34m2026-02-24 10:40:46 [debug] no execution in db queued to process        [39m 
[32m2026-02-24 10:43:37 [info]  no more events need to be prepared, dispatching...[39m 
[34m2026-02-24 10:43:37 [debug] last process finished, will do another dispatch[39m 
[34m2026-02-24 10:43:37 [debug] no execution in db queued to process        [39m 
[32m2026-02-24 10:44:32 [info]  no more events need to be prepared, dispatching...[39m 
[34m2026-02-24 10:44:32 [debug] last process finished, will do another dispatch[39m 
[34m2026-02-24 10:44:32 [debug] last process finished, will do another dispatch[39m 
[34m2026-02-24 10:44:33 [debug] last process finished, will do another dispatch[39m 
[34m2026-02-24 10:44:33 [debug] no execution in db queued to process        [39m 
[32m2026-02-24 10:44:33 [info]  execution (349966586347521) from queue not found or not in queueing status, skip[39m 
[32m2026-02-24 10:44:33 [info]  execution (349966586347522) from queue not found or not in queueing status, skip[39m 
[34m2026-02-24 10:45:46 [debug] (cycling) check for queueing executions     [39m 
[34m2026-02-24 10:45:46 [debug] no execution in db queued to process        [39m 
[32m2026-02-24 10:48:11 [info]  no more events need to be prepared, dispatching...[39m 
[34m2026-02-24 10:48:11 [debug] last process finished, will do another dispatch[39m 
[34m2026-02-24 10:48:11 [debug] no execution in db queued to process        [39m 
[34m2026-02-24 10:50:46 [debug] (cycling) check for queueing executions     [39m 
[34m2026-02-24 10:50:46 [debug] no execution in db queued to process        [39m 
[34m2026-02-24 10:55:46 [debug] (cycling) check for queueing executions     [39m 
[34m2026-02-24 10:55:46 [debug] no execution in db queued to process        [39m 
[32m2026-02-24 10:58:54 [info]  no more events need to be prepared, dispatching...[39m 
[34m2026-02-24 10:58:54 [debug] last process finished, will do another dispatch[39m 
[34m2026-02-24 10:58:54 [debug] no execution in db queued to process        [39m 
[32m2026-02-24 11:00:27 [info]  no more events need to be prepared, dispatching...[39m 
[34m2026-02-24 11:00:27 [debug] last process finished, will do another dispatch[39m 
[34m2026-02-24 11:00:27 [debug] no execution in db queued to process        [39m 
[34m2026-02-24 11:00:46 [debug] (cycling) check for queueing executions     [39m 
[34m2026-02-24 11:00:46 [debug] no execution in db queued to process        [39m 
[34m2026-02-24 11:05:46 [debug] (cycling) check for queueing executions     [39m 
[34m2026-02-24 11:05:46 [debug] no execution in db queued to process        [39m 
[32m2026-02-24 11:07:43 [info]  no more events need to be prepared, dispatching...[39m 
[34m2026-02-24 11:07:43 [debug] last process finished, will do another dispatch[39m 
[34m2026-02-24 11:07:43 [debug] no execution in db queued to process        [39m 
[34m2026-02-24 11:10:46 [debug] (cycling) check for queueing executions     [39m 
[34m2026-02-24 11:10:46 [debug] no execution in db queued to process        [39m 
[32m2026-02-24 11:11:21 [info]  no more events need to be prepared, dispatching...[39m 
[34m2026-02-24 11:11:21 [debug] last process finished, will do another dispatch[39m 
[34m2026-02-24 11:11:21 [debug] no execution in db queued to process        [39m 
[32m2026-02-24 11:11:40 [info]  no more events need to be prepared, dispatching...[39m 
[34m2026-02-24 11:11:40 [debug] last process finished, will do another dispatch[39m 
[34m2026-02-24 11:11:40 [debug] no execution in db queued to process        [39m 
[32m2026-02-24 11:11:54 [info]  no more events need to be prepared, dispatching...[39m 
[34m2026-02-24 11:11:54 [debug] last process finished, will do another dispatch[39m 
[34m2026-02-24 11:11:54 [debug] no execution in db queued to process        [39m 
[32m2026-02-24 11:14:37 [info]  no more events need to be prepared, dispatching...[39m 
[34m2026-02-24 11:14:37 [debug] last process finished, will do another dispatch[39m 
[34m2026-02-24 11:14:37 [debug] no execution in db queued to process        [39m 
[34m2026-02-24 11:15:46 [debug] (cycling) check for queueing executions     [39m 
[34m2026-02-24 11:15:46 [debug] no execution in db queued to process        [39m 
[32m2026-02-24 11:17:28 [info]  no more events need to be prepared, dispatching...[39m 
[34m2026-02-24 11:17:28 [debug] last process finished, will do another dispatch[39m 
[34m2026-02-24 11:17:28 [debug] no execution in db queued to process        [39m 
[32m2026-02-24 11:20:21 [info]  no more events need to be prepared, dispatching...[39m 
[34m2026-02-24 11:20:21 [debug] last process finished, will do another dispatch[39m 
[34m2026-02-24 11:20:21 [debug] no execution in db queued to process        [39m 
[34m2026-02-24 11:20:46 [debug] (cycling) check for queueing executions     [39m 
[34m2026-02-24 11:20:46 [debug] no execution in db queued to process        [39m 
[32m2026-02-24 11:21:06 [info]  no more events need to be prepared, dispatching...[39m 
[34m2026-02-24 11:21:06 [debug] last process finished, will do another dispatch[39m 
[34m2026-02-24 11:21:06 [debug] no execution in db queued to process        [39m 
[34m2026-02-24 11:25:46 [debug] (cycling) check for queueing executions     [39m 
[34m2026-02-24 11:25:46 [debug] no execution in db queued to process        [39m 
[32m2026-02-24 11:26:07 [info]  no more events need to be prepared, dispatching...[39m 
[34m2026-02-24 11:26:07 [debug] last process finished, will do another dispatch[39m 
[34m2026-02-24 11:26:07 [debug] no execution in db queued to process        [39m 
[34m2026-02-24 11:30:46 [debug] (cycling) check for queueing executions     [39m 
[34m2026-02-24 11:30:46 [debug] no execution in db queued to process        [39m 
[34m2026-02-24 11:35:46 [debug] (cycling) check for queueing executions     [39m 
[34m2026-02-24 11:35:46 [debug] no execution in db queued to process        [39m 
[32m2026-02-24 11:36:36 [info]  no more events need to be prepared, dispatching...[39m 
[34m2026-02-24 11:36:36 [debug] last process finished, will do another dispatch[39m 
[34m2026-02-24 11:36:36 [debug] no execution in db queued to process        [39m 
[32m2026-02-24 11:40:21 [info]  no more events need to be prepared, dispatching...[39m 
[34m2026-02-24 11:40:21 [debug] last process finished, will do another dispatch[39m 
[34m2026-02-24 11:40:21 [debug] no execution in db queued to process        [39m 
[32m2026-02-24 11:40:34 [info]  no more events need to be prepared, dispatching...[39m 
[34m2026-02-24 11:40:34 [debug] last process finished, will do another dispatch[39m 
[34m2026-02-24 11:40:34 [debug] no execution in db queued to process        [39m 
[34m2026-02-24 11:40:46 [debug] (cycling) check for queueing executions     [39m 
[34m2026-02-24 11:40:46 [debug] no execution in db queued to process        [39m 
[34m2026-02-24 11:45:46 [debug] (cycling) check for queueing executions     [39m 
[34m2026-02-24 11:45:46 [debug] no execution in db queued to process        [39m 
[34m2026-02-24 11:50:46 [debug] (cycling) check for queueing executions     [39m 
[34m2026-02-24 11:50:46 [debug] no execution in db queued to process        [39m 
[32m2026-02-24 11:51:30 [info]  no more events need to be prepared, dispatching...[39m 
[34m2026-02-24 11:51:30 [debug] last process finished, will do another dispatch[39m 
[34m2026-02-24 11:51:30 [debug] no execution in db queued to process        [39m 
[32m2026-02-24 11:53:03 [info]  no more events need to be prepared, dispatching...[39m 
[34m2026-02-24 11:53:03 [debug] last process finished, will do another dispatch[39m 
[34m2026-02-24 11:53:03 [debug] no execution in db queued to process        [39m 
[34m2026-02-24 11:55:46 [debug] (cycling) check for queueing executions     [39m 
[34m2026-02-24 11:55:46 [debug] no execution in db queued to process        [39m 
[34m2026-02-24 12:00:46 [debug] (cycling) check for queueing executions     [39m 
[34m2026-02-24 12:00:46 [debug] no execution in db queued to process        [39m 
[32m2026-02-24 12:00:57 [info]  no more events need to be prepared, dispatching...[39m 
[34m2026-02-24 12:00:57 [debug] last process finished, will do another dispatch[39m 
[34m2026-02-24 12:00:57 [debug] no execution in db queued to process        [39m 
[32m2026-02-24 12:01:16 [info]  no more events need to be prepared, dispatching...[39m 
[34m2026-02-24 12:01:16 [debug] last process finished, will do another dispatch[39m 
[34m2026-02-24 12:01:16 [debug] no execution in db queued to process        [39m 
[32m2026-02-24 12:01:29 [info]  no more events need to be prepared, dispatching...[39m 
[34m2026-02-24 12:01:29 [debug] last process finished, will do another dispatch[39m 
[34m2026-02-24 12:01:29 [debug] no execution in db queued to process        [39m 
[32m2026-02-24 12:01:41 [info]  no more events need to be prepared, dispatching...[39m 
[34m2026-02-24 12:01:41 [debug] last process finished, will do another dispatch[39m 
[34m2026-02-24 12:01:41 [debug] no execution in db queued to process        [39m 
[32m2026-02-24 12:01:55 [info]  no more events need to be prepared, dispatching...[39m 
[34m2026-02-24 12:01:55 [debug] last process finished, will do another dispatch[39m 
[34m2026-02-24 12:01:55 [debug] no execution in db queued to process        [39m 
[32m2026-02-24 12:02:11 [info]  no more events need to be prepared, dispatching...[39m 
[34m2026-02-24 12:02:11 [debug] last process finished, will do another dispatch[39m 
[34m2026-02-24 12:02:11 [debug] last process finished, will do another dispatch[39m 
[34m2026-02-24 12:02:11 [debug] last process finished, will do another dispatch[39m 
[34m2026-02-24 12:02:11 [debug] last process finished, will do another dispatch[39m 
[34m2026-02-24 12:02:11 [debug] last process finished, will do another dispatch[39m 
[34m2026-02-24 12:02:11 [debug] last process finished, will do another dispatch[39m 
[34m2026-02-24 12:02:11 [debug] last process finished, will do another dispatch[39m 
[34m2026-02-24 12:02:11 [debug] last process finished, will do another dispatch[39m 
[34m2026-02-24 12:02:11 [debug] no execution in db queued to process        [39m 
[32m2026-02-24 12:02:12 [info]  execution (349976356978689) from queue not found or not in queueing status, skip[39m 
[32m2026-02-24 12:02:12 [info]  execution (349976356978690) from queue not found or not in queueing status, skip[39m 
[32m2026-02-24 12:02:12 [info]  execution (349976356978691) from queue not found or not in queueing status, skip[39m 
[32m2026-02-24 12:02:12 [info]  execution (349976356978692) from queue not found or not in queueing status, skip[39m 
[32m2026-02-24 12:02:13 [info]  execution (349976356978693) from queue not found or not in queueing status, skip[39m 
[32m2026-02-24 12:02:13 [info]  execution (349976356978694) from queue not found or not in queueing status, skip[39m 
[32m2026-02-24 12:02:13 [info]  execution (349976356978695) from queue not found or not in queueing status, skip[39m 
[32m2026-02-24 12:05:09 [info]  no more events need to be prepared, dispatching...[39m 
[34m2026-02-24 12:05:09 [debug] last process finished, will do another dispatch[39m 
[34m2026-02-24 12:05:09 [debug] no execution in db queued to process        [39m 
[32m2026-02-24 12:05:18 [info]  no more events need to be prepared, dispatching...[39m 
[34m2026-02-24 12:05:18 [debug] last process finished, will do another dispatch[39m 
[34m2026-02-24 12:05:18 [debug] no execution in db queued to process        [39m 
[34m2026-02-24 12:05:46 [debug] (cycling) check for queueing executions     [39m 
[34m2026-02-24 12:05:46 [debug] no execution in db queued to process        [39m 
[34m2026-02-24 12:10:46 [debug] (cycling) check for queueing executions     [39m 
[34m2026-02-24 12:10:46 [debug] no execution in db queued to process        [39m 
[34m2026-02-24 12:15:46 [debug] (cycling) check for queueing executions     [39m 
[34m2026-02-24 12:15:46 [debug] no execution in db queued to process        [39m 
[34m2026-02-24 12:20:46 [debug] (cycling) check for queueing executions     [39m 
[34m2026-02-24 12:20:46 [debug] no execution in db queued to process        [39m 
[34m2026-02-24 12:25:46 [debug] (cycling) check for queueing executions     [39m 
[34m2026-02-24 12:25:46 [debug] no execution in db queued to process        [39m 
[34m2026-02-24 12:30:46 [debug] (cycling) check for queueing executions     [39m 
[34m2026-02-24 12:30:46 [debug] no execution in db queued to process        [39m 
[34m2026-02-24 12:35:46 [debug] (cycling) check for queueing executions     [39m 
[34m2026-02-24 12:35:46 [debug] no execution in db queued to process        [39m 
[34m2026-02-24 12:40:46 [debug] (cycling) check for queueing executions     [39m 
[34m2026-02-24 12:40:46 [debug] no execution in db queued to process        [39m 
[34m2026-02-24 12:45:46 [debug] (cycling) check for queueing executions     [39m 
[34m2026-02-24 12:45:46 [debug] no execution in db queued to process        [39m 
[34m2026-02-24 12:50:46 [debug] (cycling) check for queueing executions     [39m 
[34m2026-02-24 12:50:46 [debug] no execution in db queued to process        [39m 
[34m2026-02-24 12:55:46 [debug] (cycling) check for queueing executions     [39m 
[34m2026-02-24 12:55:46 [debug] no execution in db queued to process        [39m 
[34m2026-02-24 13:00:46 [debug] (cycling) check for queueing executions     [39m 
[34m2026-02-24 13:00:46 [debug] no execution in db queued to process        [39m 
[34m2026-02-24 13:32:29 [debug] (cycling) check for queueing executions     [39m 
[34m2026-02-24 13:32:31 [debug] no execution in db queued to process        [39m 
[34m2026-02-24 13:37:28 [debug] (cycling) check for queueing executions     [39m 
[34m2026-02-24 13:37:28 [debug] no execution in db queued to process        [39m 
[34m2026-02-24 13:42:28 [debug] (cycling) check for queueing executions     [39m 
[34m2026-02-24 13:42:28 [debug] no execution in db queued to process        [39m 
[34m2026-02-24 13:47:28 [debug] (cycling) check for queueing executions     [39m 
[34m2026-02-24 13:47:28 [debug] no execution in db queued to process        [39m 
[32m2026-02-24 13:51:54 [info]  no more events need to be prepared, dispatching...[39m 
[34m2026-02-24 13:51:54 [debug] last process finished, will do another dispatch[39m 
[34m2026-02-24 13:51:54 [debug] no execution in db queued to process        [39m 
[32m2026-02-24 13:52:08 [info]  no more events need to be prepared, dispatching...[39m 
[34m2026-02-24 13:52:08 [debug] last process finished, will do another dispatch[39m 
[34m2026-02-24 13:52:08 [debug] no execution in db queued to process        [39m 
[32m2026-02-24 13:52:25 [info]  no more events need to be prepared, dispatching...[39m 
[34m2026-02-24 13:52:25 [debug] last process finished, will do another dispatch[39m 
[34m2026-02-24 13:52:25 [debug] no execution in db queued to process        [39m 
[34m2026-02-24 13:52:28 [debug] (cycling) check for queueing executions     [39m 
[34m2026-02-24 13:52:28 [debug] no execution in db queued to process        [39m 
[34m2026-02-24 13:57:28 [debug] (cycling) check for queueing executions     [39m 
[34m2026-02-24 13:57:28 [debug] no execution in db queued to process        [39m 
[34m2026-02-24 14:02:28 [debug] (cycling) check for queueing executions     [39m 
[34m2026-02-24 14:02:28 [debug] no execution in db queued to process        [39m 
[34m2026-02-24 14:07:28 [debug] (cycling) check for queueing executions     [39m 
[34m2026-02-24 14:07:28 [debug] no execution in db queued to process        [39m 
[34m2026-02-24 14:12:28 [debug] (cycling) check for queueing executions     [39m 
[34m2026-02-24 14:12:28 [debug] no execution in db queued to process        [39m 
[34m2026-02-24 14:17:28 [debug] (cycling) check for queueing executions     [39m 
[34m2026-02-24 14:17:28 [debug] no execution in db queued to process        [39m 
[34m2026-02-24 14:22:28 [debug] (cycling) check for queueing executions     [39m 
[34m2026-02-24 14:22:28 [debug] no execution in db queued to process        [39m 
[34m2026-02-24 14:27:28 [debug] (cycling) check for queueing executions     [39m 
[34m2026-02-24 14:27:28 [debug] no execution in db queued to process        [39m 
[34m2026-02-24 14:32:28 [debug] (cycling) check for queueing executions     [39m 
[34m2026-02-24 14:32:28 [debug] no execution in db queued to process        [39m 
[34m2026-02-24 14:37:28 [debug] (cycling) check for queueing executions     [39m 
[34m2026-02-24 14:37:28 [debug] no execution in db queued to process        [39m 
[34m2026-02-24 14:42:28 [debug] (cycling) check for queueing executions     [39m 
[34m2026-02-24 14:42:28 [debug] no execution in db queued to process        [39m 
[34m2026-02-24 14:47:28 [debug] (cycling) check for queueing executions     [39m 
[34m2026-02-24 14:47:28 [debug] no execution in db queued to process        [39m 
[34m2026-02-24 14:52:28 [debug] (cycling) check for queueing executions     [39m 
[34m2026-02-24 14:52:28 [debug] no execution in db queued to process        [39m 
[32m2026-02-24 14:55:42 [info]  no more events need to be prepared, dispatching...[39m 
[34m2026-02-24 14:55:42 [debug] last process finished, will do another dispatch[39m 
[34m2026-02-24 14:55:42 [debug] no execution in db queued to process        [39m 
[32m2026-02-24 14:56:29 [info]  no more events need to be prepared, dispatching...[39m 
[34m2026-02-24 14:56:29 [debug] last process finished, will do another dispatch[39m 
[34m2026-02-24 14:56:29 [debug] no execution in db queued to process        [39m 
[34m2026-02-24 14:57:28 [debug] (cycling) check for queueing executions     [39m 
[34m2026-02-24 14:57:28 [debug] no execution in db queued to process        [39m 
[34m2026-02-24 15:02:28 [debug] (cycling) check for queueing executions     [39m 
[34m2026-02-24 15:02:28 [debug] no execution in db queued to process        [39m 
[34m2026-02-24 15:07:28 [debug] (cycling) check for queueing executions     [39m 
[34m2026-02-24 15:07:28 [debug] no execution in db queued to process        [39m 
[34m2026-02-24 15:12:28 [debug] (cycling) check for queueing executions     [39m 
[34m2026-02-24 15:12:28 [debug] no execution in db queued to process        [39m 
[34m2026-02-24 15:17:28 [debug] (cycling) check for queueing executions     [39m 
[34m2026-02-24 15:17:28 [debug] no execution in db queued to process        [39m 
[34m2026-02-24 15:22:28 [debug] (cycling) check for queueing executions     [39m 
[34m2026-02-24 15:22:28 [debug] no execution in db queued to process        [39m 
[32m2026-02-24 15:24:58 [info]  no more events need to be prepared, dispatching...[39m 
[34m2026-02-24 15:24:58 [debug] last process finished, will do another dispatch[39m 
[34m2026-02-24 15:24:58 [debug] no execution in db queued to process        [39m 
[32m2026-02-24 15:25:09 [info]  no more events need to be prepared, dispatching...[39m 
[34m2026-02-24 15:25:09 [debug] last process finished, will do another dispatch[39m 
[34m2026-02-24 15:25:09 [debug] no execution in db queued to process        [39m 
[34m2026-02-24 15:27:28 [debug] (cycling) check for queueing executions     [39m 
[34m2026-02-24 15:27:28 [debug] no execution in db queued to process        [39m 
[34m2026-02-24 15:32:28 [debug] (cycling) check for queueing executions     [39m 
[34m2026-02-24 15:32:28 [debug] no execution in db queued to process        [39m 
[34m2026-02-24 15:37:28 [debug] (cycling) check for queueing executions     [39m 
[34m2026-02-24 15:37:28 [debug] no execution in db queued to process        [39m 
[32m2026-02-24 15:42:26 [info]  no more events need to be prepared, dispatching...[39m 
[34m2026-02-24 15:42:26 [debug] last process finished, will do another dispatch[39m 
[34m2026-02-24 15:42:26 [debug] no execution in db queued to process        [39m 
[34m2026-02-24 15:42:28 [debug] (cycling) check for queueing executions     [39m 
[34m2026-02-24 15:42:28 [debug] no execution in db queued to process        [39m 
[32m2026-02-24 15:42:57 [info]  no more events need to be prepared, dispatching...[39m 
[34m2026-02-24 15:42:57 [debug] last process finished, will do another dispatch[39m 
[34m2026-02-24 15:42:57 [debug] no execution in db queued to process        [39m 
[32m2026-02-24 15:43:37 [info]  no more events need to be prepared, dispatching...[39m 
[34m2026-02-24 15:43:37 [debug] last process finished, will do another dispatch[39m 
[34m2026-02-24 15:43:37 [debug] no execution in db queued to process        [39m 
[32m2026-02-24 15:44:06 [info]  no more events need to be prepared, dispatching...[39m 
[34m2026-02-24 15:44:06 [debug] last process finished, will do another dispatch[39m 
[34m2026-02-24 15:44:06 [debug] no execution in db queued to process        [39m 
[32m2026-02-24 15:45:44 [info]  no more events need to be prepared, dispatching...[39m 
[34m2026-02-24 15:45:44 [debug] last process finished, will do another dispatch[39m 
[34m2026-02-24 15:45:44 [debug] no execution in db queued to process        [39m 
[32m2026-02-24 15:45:56 [info]  no more events need to be prepared, dispatching...[39m 
[34m2026-02-24 15:45:56 [debug] last process finished, will do another dispatch[39m 
[34m2026-02-24 15:45:56 [debug] no execution in db queued to process        [39m 
[32m2026-02-24 15:46:14 [info]  no more events need to be prepared, dispatching...[39m 
[34m2026-02-24 15:46:14 [debug] last process finished, will do another dispatch[39m 
[34m2026-02-24 15:46:14 [debug] no execution in db queued to process        [39m 
[34m2026-02-24 15:47:28 [debug] (cycling) check for queueing executions     [39m 
[34m2026-02-24 15:47:28 [debug] no execution in db queued to process        [39m 
[34m2026-02-24 15:52:28 [debug] (cycling) check for queueing executions     [39m 
[34m2026-02-24 15:52:28 [debug] no execution in db queued to process        [39m 
[34m2026-02-24 15:57:28 [debug] (cycling) check for queueing executions     [39m 
[34m2026-02-24 15:57:29 [debug] no execution in db queued to process        [39m 
[34m2026-02-24 16:02:28 [debug] (cycling) check for queueing executions     [39m 
[34m2026-02-24 16:02:28 [debug] no execution in db queued to process        [39m 
[34m2026-02-24 16:07:28 [debug] (cycling) check for queueing executions     [39m 
[34m2026-02-24 16:07:28 [debug] no execution in db queued to process        [39m 
[34m2026-02-24 16:12:28 [debug] (cycling) check for queueing executions     [39m 
[34m2026-02-24 16:12:28 [debug] no execution in db queued to process        [39m 
[34m2026-02-24 16:17:28 [debug] (cycling) check for queueing executions     [39m 
[34m2026-02-24 16:17:28 [debug] no execution in db queued to process        [39m 
[34m2026-02-24 16:22:28 [debug] (cycling) check for queueing executions     [39m 
[34m2026-02-24 16:22:28 [debug] no execution in db queued to process        [39m 
[34m2026-02-24 16:27:28 [debug] (cycling) check for queueing executions     [39m 
[34m2026-02-24 16:27:28 [debug] no execution in db queued to process        [39m 
[34m2026-02-24 16:32:28 [debug] (cycling) check for queueing executions     [39m 
[34m2026-02-24 16:32:29 [debug] no execution in db queued to process        [39m 
[34m2026-02-24 16:37:28 [debug] (cycling) check for queueing executions     [39m 
[34m2026-02-24 16:37:29 [debug] no execution in db queued to process        [39m 
[34m2026-02-24 16:42:28 [debug] (cycling) check for queueing executions     [39m 
[34m2026-02-24 16:42:29 [debug] no execution in db queued to process        [39m 
[34m2026-02-24 16:47:28 [debug] (cycling) check for queueing executions     [39m 
[34m2026-02-24 16:47:29 [debug] no execution in db queued to process        [39m 
[34m2026-02-24 16:52:28 [debug] (cycling) check for queueing executions     [39m 
[34m2026-02-24 16:52:29 [debug] no execution in db queued to process        [39m 
[34m2026-02-24 16:57:28 [debug] (cycling) check for queueing executions     [39m 
[34m2026-02-24 16:57:29 [debug] no execution in db queued to process        [39m 
[34m2026-02-24 17:02:28 [debug] (cycling) check for queueing executions     [39m 
[34m2026-02-24 17:02:29 [debug] no execution in db queued to process        [39m 
[34m2026-02-24 17:07:28 [debug] (cycling) check for queueing executions     [39m 
[34m2026-02-24 17:07:29 [debug] no execution in db queued to process        [39m 
[34m2026-02-24 17:12:28 [debug] (cycling) check for queueing executions     [39m 
[34m2026-02-24 17:12:29 [debug] no execution in db queued to process        [39m 
[34m2026-02-24 17:17:28 [debug] (cycling) check for queueing executions     [39m 
[34m2026-02-24 17:17:29 [debug] no execution in db queued to process        [39m 
[34m2026-02-24 17:22:29 [debug] (cycling) check for queueing executions     [39m 
[34m2026-02-24 17:22:29 [debug] no execution in db queued to process        [39m 
[34m2026-02-24 17:27:29 [debug] (cycling) check for queueing executions     [39m 
[34m2026-02-24 17:27:29 [debug] no execution in db queued to process        [39m 
[34m2026-02-24 17:32:29 [debug] (cycling) check for queueing executions     [39m 
[34m2026-02-24 17:32:29 [debug] no execution in db queued to process        [39m 
[34m2026-02-24 17:37:29 [debug] (cycling) check for queueing executions     [39m 
[34m2026-02-24 17:37:29 [debug] no execution in db queued to process        [39m 
[34m2026-02-24 17:42:29 [debug] (cycling) check for queueing executions     [39m 
[34m2026-02-24 17:42:29 [debug] no execution in db queued to process        [39m 
[34m2026-02-24 17:47:29 [debug] (cycling) check for queueing executions     [39m 
[34m2026-02-24 17:47:29 [debug] no execution in db queued to process        [39m 
[34m2026-02-24 17:52:29 [debug] (cycling) check for queueing executions     [39m 
[34m2026-02-24 17:52:29 [debug] no execution in db queued to process        [39m 
[34m2026-02-24 17:57:29 [debug] (cycling) check for queueing executions     [39m 
[34m2026-02-24 17:57:29 [debug] no execution in db queued to process        [39m 
[34m2026-02-24 18:02:29 [debug] (cycling) check for queueing executions     [39m 
[34m2026-02-24 18:02:29 [debug] no execution in db queued to process        [39m 
[34m2026-02-24 18:07:29 [debug] (cycling) check for queueing executions     [39m 
[34m2026-02-24 18:07:29 [debug] no execution in db queued to process        [39m 
