[34m2026-03-03 08:44:35 [debug] (cycling) check for queueing executions     [39m 
[34m2026-03-03 08:44:35 [debug] no execution in db queued to process        [39m 
[34m2026-03-03 08:49:32 [debug] (cycling) check for queueing executions     [39m 
[34m2026-03-03 08:49:32 [debug] no execution in db queued to process        [39m 
[34m2026-03-03 08:54:32 [debug] (cycling) check for queueing executions     [39m 
[34m2026-03-03 08:54:32 [debug] no execution in db queued to process        [39m 
[34m2026-03-03 08:59:32 [debug] (cycling) check for queueing executions     [39m 
[34m2026-03-03 08:59:32 [debug] no execution in db queued to process        [39m 
[34m2026-03-03 09:04:32 [debug] (cycling) check for queueing executions     [39m 
[34m2026-03-03 09:04:32 [debug] no execution in db queued to process        [39m 
[34m2026-03-03 09:09:32 [debug] (cycling) check for queueing executions     [39m 
[34m2026-03-03 09:09:32 [debug] no execution in db queued to process        [39m 
[34m2026-03-03 09:14:32 [debug] (cycling) check for queueing executions     [39m 
[34m2026-03-03 09:14:32 [debug] no execution in db queued to process        [39m 
[34m2026-03-03 09:19:32 [debug] (cycling) check for queueing executions     [39m 
[34m2026-03-03 09:19:32 [debug] no execution in db queued to process        [39m 
[34m2026-03-03 09:24:32 [debug] (cycling) check for queueing executions     [39m 
[34m2026-03-03 09:24:32 [debug] no execution in db queued to process        [39m 
[34m2026-03-03 09:29:32 [debug] (cycling) check for queueing executions     [39m 
[34m2026-03-03 09:29:32 [debug] no execution in db queued to process        [39m 
[34m2026-03-03 09:34:32 [debug] (cycling) check for queueing executions     [39m 
[34m2026-03-03 09:34:32 [debug] no execution in db queued to process        [39m 
[34m2026-03-03 09:39:32 [debug] (cycling) check for queueing executions     [39m 
[34m2026-03-03 09:39:32 [debug] no execution in db queued to process        [39m 
[34m2026-03-03 09:44:32 [debug] (cycling) check for queueing executions     [39m 
[34m2026-03-03 09:44:32 [debug] no execution in db queued to process        [39m 
[34m2026-03-03 09:49:32 [debug] (cycling) check for queueing executions     [39m 
[34m2026-03-03 09:49:32 [debug] no execution in db queued to process        [39m 
[34m2026-03-03 09:54:32 [debug] (cycling) check for queueing executions     [39m 
[34m2026-03-03 09:54:32 [debug] no execution in db queued to process        [39m 
[34m2026-03-03 09:59:32 [debug] (cycling) check for queueing executions     [39m 
[34m2026-03-03 09:59:32 [debug] no execution in db queued to process        [39m 
[34m2026-03-03 10:04:32 [debug] (cycling) check for queueing executions     [39m 
[34m2026-03-03 10:04:32 [debug] no execution in db queued to process        [39m 
[34m2026-03-03 10:09:32 [debug] (cycling) check for queueing executions     [39m 
[34m2026-03-03 10:09:32 [debug] no execution in db queued to process        [39m 
[32m2026-03-03 10:13:58 [info]  no more events need to be prepared, dispatching...[39m 
[34m2026-03-03 10:13:58 [debug] last process finished, will do another dispatch[39m 
[34m2026-03-03 10:13:58 [debug] no execution in db queued to process        [39m 
[34m2026-03-03 10:14:32 [debug] (cycling) check for queueing executions     [39m 
[34m2026-03-03 10:14:32 [debug] no execution in db queued to process        [39m 
[32m2026-03-03 10:15:04 [info]  no more events need to be prepared, dispatching...[39m 
[34m2026-03-03 10:15:04 [debug] last process finished, will do another dispatch[39m 
[34m2026-03-03 10:15:04 [debug] no execution in db queued to process        [39m 
[32m2026-03-03 10:15:27 [info]  no more events need to be prepared, dispatching...[39m 
[34m2026-03-03 10:15:27 [debug] last process finished, will do another dispatch[39m 
[34m2026-03-03 10:15:27 [debug] no execution in db queued to process        [39m 
[32m2026-03-03 10:15:42 [info]  no more events need to be prepared, dispatching...[39m 
[34m2026-03-03 10:15:43 [debug] last process finished, will do another dispatch[39m 
[34m2026-03-03 10:15:43 [debug] no execution in db queued to process        [39m 
[32m2026-03-03 10:17:34 [info]  no more events need to be prepared, dispatching...[39m 
[34m2026-03-03 10:17:34 [debug] last process finished, will do another dispatch[39m 
[34m2026-03-03 10:17:34 [debug] no execution in db queued to process        [39m 
[34m2026-03-03 10:19:32 [debug] (cycling) check for queueing executions     [39m 
[34m2026-03-03 10:19:32 [debug] no execution in db queued to process        [39m 
[34m2026-03-03 10:24:32 [debug] (cycling) check for queueing executions     [39m 
[34m2026-03-03 10:24:32 [debug] no execution in db queued to process        [39m 
[34m2026-03-03 10:29:32 [debug] (cycling) check for queueing executions     [39m 
[34m2026-03-03 10:29:32 [debug] no execution in db queued to process        [39m 
[32m2026-03-03 10:33:03 [info]  no more events need to be prepared, dispatching...[39m 
[34m2026-03-03 10:33:04 [debug] last process finished, will do another dispatch[39m 
[34m2026-03-03 10:33:04 [debug] last process finished, will do another dispatch[39m 
[34m2026-03-03 10:33:04 [debug] last process finished, will do another dispatch[39m 
[34m2026-03-03 10:33:04 [debug] last process finished, will do another dispatch[39m 
[34m2026-03-03 10:33:04 [debug] last process finished, will do another dispatch[39m 
[34m2026-03-03 10:33:04 [debug] no execution in db queued to process        [39m 
[32m2026-03-03 10:33:04 [info]  execution (351233498480641) from queue not found or not in queueing status, skip[39m 
[32m2026-03-03 10:33:04 [info]  execution (351233498480642) from queue not found or not in queueing status, skip[39m 
[32m2026-03-03 10:33:05 [info]  execution (351233498480643) from queue not found or not in queueing status, skip[39m 
[32m2026-03-03 10:33:05 [info]  execution (351233498480644) from queue not found or not in queueing status, skip[39m 
[32m2026-03-03 10:33:46 [info]  no more events need to be prepared, dispatching...[39m 
[34m2026-03-03 10:33:46 [debug] last process finished, will do another dispatch[39m 
[34m2026-03-03 10:33:46 [debug] no execution in db queued to process        [39m 
[32m2026-03-03 10:34:21 [info]  no more events need to be prepared, dispatching...[39m 
[34m2026-03-03 10:34:21 [debug] last process finished, will do another dispatch[39m 
[34m2026-03-03 10:34:21 [debug] no execution in db queued to process        [39m 
[34m2026-03-03 10:34:32 [debug] (cycling) check for queueing executions     [39m 
[34m2026-03-03 10:34:32 [debug] no execution in db queued to process        [39m 
[32m2026-03-03 10:34:39 [info]  no more events need to be prepared, dispatching...[39m 
[34m2026-03-03 10:34:39 [debug] last process finished, will do another dispatch[39m 
[34m2026-03-03 10:34:39 [debug] no execution in db queued to process        [39m 
[34m2026-03-03 10:39:32 [debug] (cycling) check for queueing executions     [39m 
[34m2026-03-03 10:39:32 [debug] no execution in db queued to process        [39m 
[32m2026-03-03 10:43:04 [info]  no more events need to be prepared, dispatching...[39m 
[34m2026-03-03 10:43:04 [debug] last process finished, will do another dispatch[39m 
[34m2026-03-03 10:43:04 [debug] last process finished, will do another dispatch[39m 
[34m2026-03-03 10:43:04 [debug] last process finished, will do another dispatch[39m 
[34m2026-03-03 10:43:04 [debug] no execution in db queued to process        [39m 
[32m2026-03-03 10:43:04 [info]  execution (351234758868993) from queue not found or not in queueing status, skip[39m 
[32m2026-03-03 10:43:05 [info]  execution (351234758868994) from queue not found or not in queueing status, skip[39m 
[34m2026-03-03 10:44:32 [debug] (cycling) check for queueing executions     [39m 
[34m2026-03-03 10:44:32 [debug] no execution in db queued to process        [39m 
[32m2026-03-03 10:48:30 [info]  no more events need to be prepared, dispatching...[39m 
[34m2026-03-03 10:48:30 [debug] last process finished, will do another dispatch[39m 
[34m2026-03-03 10:48:30 [debug] no execution in db queued to process        [39m 
[32m2026-03-03 10:48:43 [info]  no more events need to be prepared, dispatching...[39m 
[34m2026-03-03 10:48:43 [debug] last process finished, will do another dispatch[39m 
[34m2026-03-03 10:48:43 [debug] no execution in db queued to process        [39m 
[32m2026-03-03 10:49:04 [info]  no more events need to be prepared, dispatching...[39m 
[34m2026-03-03 10:49:04 [debug] last process finished, will do another dispatch[39m 
[34m2026-03-03 10:49:04 [debug] no execution in db queued to process        [39m 
[32m2026-03-03 10:49:27 [info]  no more events need to be prepared, dispatching...[39m 
[34m2026-03-03 10:49:27 [debug] last process finished, will do another dispatch[39m 
[34m2026-03-03 10:49:27 [debug] no execution in db queued to process        [39m 
[34m2026-03-03 10:49:32 [debug] (cycling) check for queueing executions     [39m 
[34m2026-03-03 10:49:32 [debug] no execution in db queued to process        [39m 
[32m2026-03-03 10:54:11 [info]  no more events need to be prepared, dispatching...[39m 
[34m2026-03-03 10:54:11 [debug] last process finished, will do another dispatch[39m 
[34m2026-03-03 10:54:12 [debug] last process finished, will do another dispatch[39m 
[34m2026-03-03 10:54:12 [debug] last process finished, will do another dispatch[39m 
[34m2026-03-03 10:54:12 [debug] last process finished, will do another dispatch[39m 
[34m2026-03-03 10:54:12 [debug] no execution in db queued to process        [39m 
[32m2026-03-03 10:54:12 [info]  execution (351236157669377) from queue not found or not in queueing status, skip[39m 
[32m2026-03-03 10:54:12 [info]  execution (351236157669378) from queue not found or not in queueing status, skip[39m 
[32m2026-03-03 10:54:12 [info]  execution (351236157669379) from queue not found or not in queueing status, skip[39m 
[34m2026-03-03 10:54:32 [debug] (cycling) check for queueing executions     [39m 
[34m2026-03-03 10:54:32 [debug] no execution in db queued to process        [39m 
[32m2026-03-03 10:54:43 [info]  no more events need to be prepared, dispatching...[39m 
[34m2026-03-03 10:54:43 [debug] last process finished, will do another dispatch[39m 
[34m2026-03-03 10:54:43 [debug] no execution in db queued to process        [39m 
[32m2026-03-03 10:54:58 [info]  no more events need to be prepared, dispatching...[39m 
[34m2026-03-03 10:54:58 [debug] last process finished, will do another dispatch[39m 
[34m2026-03-03 10:54:58 [debug] no execution in db queued to process        [39m 
[32m2026-03-03 10:55:14 [info]  no more events need to be prepared, dispatching...[39m 
[34m2026-03-03 10:55:14 [debug] last process finished, will do another dispatch[39m 
[34m2026-03-03 10:55:14 [debug] no execution in db queued to process        [39m 
[32m2026-03-03 10:55:37 [info]  no more events need to be prepared, dispatching...[39m 
[34m2026-03-03 10:55:37 [debug] last process finished, will do another dispatch[39m 
[34m2026-03-03 10:55:37 [debug] no execution in db queued to process        [39m 
[34m2026-03-03 10:59:32 [debug] (cycling) check for queueing executions     [39m 
[34m2026-03-03 10:59:32 [debug] no execution in db queued to process        [39m 
[32m2026-03-03 11:01:30 [info]  no more events need to be prepared, dispatching...[39m 
[34m2026-03-03 11:01:30 [debug] last process finished, will do another dispatch[39m 
[34m2026-03-03 11:01:30 [debug] no execution in db queued to process        [39m 
[32m2026-03-03 11:01:43 [info]  no more events need to be prepared, dispatching...[39m 
[34m2026-03-03 11:01:43 [debug] last process finished, will do another dispatch[39m 
[34m2026-03-03 11:01:43 [debug] no execution in db queued to process        [39m 
[32m2026-03-03 11:01:55 [info]  no more events need to be prepared, dispatching...[39m 
[34m2026-03-03 11:01:55 [debug] last process finished, will do another dispatch[39m 
[34m2026-03-03 11:01:55 [debug] no execution in db queued to process        [39m 
[34m2026-03-03 11:04:32 [debug] (cycling) check for queueing executions     [39m 
[34m2026-03-03 11:04:32 [debug] no execution in db queued to process        [39m 
[32m2026-03-03 11:08:47 [info]  no more events need to be prepared, dispatching...[39m 
[34m2026-03-03 11:08:47 [debug] last process finished, will do another dispatch[39m 
[34m2026-03-03 11:08:47 [debug] last process finished, will do another dispatch[39m 
[34m2026-03-03 11:08:47 [debug] last process finished, will do another dispatch[39m 
[34m2026-03-03 11:08:47 [debug] last process finished, will do another dispatch[39m 
[34m2026-03-03 11:08:47 [debug] last process finished, will do another dispatch[39m 
[34m2026-03-03 11:08:47 [debug] last process finished, will do another dispatch[39m 
[34m2026-03-03 11:08:47 [debug] no execution in db queued to process        [39m 
[32m2026-03-03 11:08:47 [info]  execution (351237992677377) from queue not found or not in queueing status, skip[39m 
[32m2026-03-03 11:08:47 [info]  execution (351237992677378) from queue not found or not in queueing status, skip[39m 
[32m2026-03-03 11:08:47 [info]  execution (351237992677379) from queue not found or not in queueing status, skip[39m 
[32m2026-03-03 11:08:48 [info]  execution (351237992677380) from queue not found or not in queueing status, skip[39m 
[32m2026-03-03 11:08:48 [info]  execution (351237992677381) from queue not found or not in queueing status, skip[39m 
[34m2026-03-03 11:09:32 [debug] (cycling) check for queueing executions     [39m 
[34m2026-03-03 11:09:32 [debug] no execution in db queued to process        [39m 
[34m2026-03-03 11:14:32 [debug] (cycling) check for queueing executions     [39m 
[34m2026-03-03 11:14:32 [debug] no execution in db queued to process        [39m 
[34m2026-03-03 11:19:32 [debug] (cycling) check for queueing executions     [39m 
[34m2026-03-03 11:19:32 [debug] no execution in db queued to process        [39m 
[34m2026-03-03 11:24:32 [debug] (cycling) check for queueing executions     [39m 
[34m2026-03-03 11:24:32 [debug] no execution in db queued to process        [39m 
[34m2026-03-03 11:29:32 [debug] (cycling) check for queueing executions     [39m 
[34m2026-03-03 11:29:32 [debug] no execution in db queued to process        [39m 
[34m2026-03-03 11:34:32 [debug] (cycling) check for queueing executions     [39m 
[34m2026-03-03 11:34:32 [debug] no execution in db queued to process        [39m 
[32m2026-03-03 11:36:49 [info]  no more events need to be prepared, dispatching...[39m 
[34m2026-03-03 11:36:49 [debug] last process finished, will do another dispatch[39m 
[34m2026-03-03 11:36:49 [debug] no execution in db queued to process        [39m 
[32m2026-03-03 11:38:58 [info]  no more events need to be prepared, dispatching...[39m 
[34m2026-03-03 11:38:58 [debug] last process finished, will do another dispatch[39m 
[34m2026-03-03 11:38:58 [debug] no execution in db queued to process        [39m 
[34m2026-03-03 11:39:32 [debug] (cycling) check for queueing executions     [39m 
[34m2026-03-03 11:39:32 [debug] no execution in db queued to process        [39m 
[32m2026-03-03 11:39:58 [info]  no more events need to be prepared, dispatching...[39m 
[34m2026-03-03 11:39:58 [debug] last process finished, will do another dispatch[39m 
[34m2026-03-03 11:39:58 [debug] no execution in db queued to process        [39m 
[34m2026-03-03 11:44:32 [debug] (cycling) check for queueing executions     [39m 
[34m2026-03-03 11:44:32 [debug] no execution in db queued to process        [39m 
[34m2026-03-03 11:49:32 [debug] (cycling) check for queueing executions     [39m 
[34m2026-03-03 11:49:32 [debug] no execution in db queued to process        [39m 
[34m2026-03-03 11:54:32 [debug] (cycling) check for queueing executions     [39m 
[34m2026-03-03 11:54:32 [debug] no execution in db queued to process        [39m 
[34m2026-03-03 11:59:32 [debug] (cycling) check for queueing executions     [39m 
[34m2026-03-03 11:59:32 [debug] no execution in db queued to process        [39m 
[34m2026-03-03 12:04:32 [debug] (cycling) check for queueing executions     [39m 
[34m2026-03-03 12:04:32 [debug] no execution in db queued to process        [39m 
[34m2026-03-03 12:09:32 [debug] (cycling) check for queueing executions     [39m 
[34m2026-03-03 12:09:32 [debug] no execution in db queued to process        [39m 
[34m2026-03-03 12:14:32 [debug] (cycling) check for queueing executions     [39m 
[34m2026-03-03 12:14:32 [debug] no execution in db queued to process        [39m 
[34m2026-03-03 12:19:32 [debug] (cycling) check for queueing executions     [39m 
[34m2026-03-03 12:19:33 [debug] no execution in db queued to process        [39m 
[34m2026-03-03 12:24:32 [debug] (cycling) check for queueing executions     [39m 
[34m2026-03-03 12:24:32 [debug] no execution in db queued to process        [39m 
[34m2026-03-03 12:29:32 [debug] (cycling) check for queueing executions     [39m 
[34m2026-03-03 12:29:32 [debug] no execution in db queued to process        [39m 
[34m2026-03-03 12:34:32 [debug] (cycling) check for queueing executions     [39m 
[34m2026-03-03 12:34:33 [debug] no execution in db queued to process        [39m 
[34m2026-03-03 12:39:32 [debug] (cycling) check for queueing executions     [39m 
[34m2026-03-03 12:39:32 [debug] no execution in db queued to process        [39m 
[34m2026-03-03 12:44:32 [debug] (cycling) check for queueing executions     [39m 
[34m2026-03-03 12:44:33 [debug] no execution in db queued to process        [39m 
[34m2026-03-03 12:49:32 [debug] (cycling) check for queueing executions     [39m 
[34m2026-03-03 12:49:32 [debug] no execution in db queued to process        [39m 
[34m2026-03-03 12:54:32 [debug] (cycling) check for queueing executions     [39m 
[34m2026-03-03 12:54:32 [debug] no execution in db queued to process        [39m 
[34m2026-03-03 13:49:34 [debug] (cycling) check for queueing executions     [39m 
[34m2026-03-03 13:49:34 [debug] no execution in db queued to process        [39m 
[34m2026-03-03 13:54:33 [debug] (cycling) check for queueing executions     [39m 
[34m2026-03-03 13:54:34 [debug] no execution in db queued to process        [39m 
[34m2026-03-03 13:59:34 [debug] (cycling) check for queueing executions     [39m 
[34m2026-03-03 13:59:34 [debug] no execution in db queued to process        [39m 
[32m2026-03-03 14:00:26 [info]  no more events need to be prepared, dispatching...[39m 
[34m2026-03-03 14:00:26 [debug] last process finished, will do another dispatch[39m 
[34m2026-03-03 14:00:26 [debug] no execution in db queued to process        [39m 
[32m2026-03-03 14:00:57 [info]  no more events need to be prepared, dispatching...[39m 
[34m2026-03-03 14:00:57 [debug] last process finished, will do another dispatch[39m 
[34m2026-03-03 14:00:57 [debug] no execution in db queued to process        [39m 
[32m2026-03-03 14:03:23 [info]  no more events need to be prepared, dispatching...[39m 
[34m2026-03-03 14:03:23 [debug] last process finished, will do another dispatch[39m 
[34m2026-03-03 14:03:23 [debug] no execution in db queued to process        [39m 
[32m2026-03-03 14:03:54 [info]  no more events need to be prepared, dispatching...[39m 
[34m2026-03-03 14:03:54 [debug] last process finished, will do another dispatch[39m 
[34m2026-03-03 14:03:54 [debug] no execution in db queued to process        [39m 
[34m2026-03-03 14:04:34 [debug] (cycling) check for queueing executions     [39m 
[34m2026-03-03 14:04:34 [debug] no execution in db queued to process        [39m 
[34m2026-03-03 14:09:34 [debug] (cycling) check for queueing executions     [39m 
[34m2026-03-03 14:09:34 [debug] no execution in db queued to process        [39m 
[32m2026-03-03 14:12:24 [info]  no more events need to be prepared, dispatching...[39m 
[34m2026-03-03 14:12:24 [debug] last process finished, will do another dispatch[39m 
[34m2026-03-03 14:12:24 [debug] no execution in db queued to process        [39m 
[32m2026-03-03 14:12:42 [info]  no more events need to be prepared, dispatching...[39m 
[34m2026-03-03 14:12:42 [debug] last process finished, will do another dispatch[39m 
[34m2026-03-03 14:12:42 [debug] no execution in db queued to process        [39m 
[34m2026-03-03 14:14:34 [debug] (cycling) check for queueing executions     [39m 
[34m2026-03-03 14:14:34 [debug] no execution in db queued to process        [39m 
[34m2026-03-03 14:19:34 [debug] (cycling) check for queueing executions     [39m 
[34m2026-03-03 14:19:34 [debug] no execution in db queued to process        [39m 
[34m2026-03-03 14:24:34 [debug] (cycling) check for queueing executions     [39m 
[34m2026-03-03 14:24:34 [debug] no execution in db queued to process        [39m 
[32m2026-03-03 14:28:48 [info]  no more events need to be prepared, dispatching...[39m 
[34m2026-03-03 14:28:48 [debug] last process finished, will do another dispatch[39m 
[34m2026-03-03 14:28:49 [debug] last process finished, will do another dispatch[39m 
[34m2026-03-03 14:28:49 [debug] no execution in db queued to process        [39m 
[32m2026-03-03 14:28:49 [info]  execution (351263162695681) from queue not found or not in queueing status, skip[39m 
[34m2026-03-03 14:29:34 [debug] (cycling) check for queueing executions     [39m 
[34m2026-03-03 14:29:34 [debug] no execution in db queued to process        [39m 
[34m2026-03-03 14:34:34 [debug] (cycling) check for queueing executions     [39m 
[34m2026-03-03 14:34:34 [debug] no execution in db queued to process        [39m 
[34m2026-03-03 14:39:34 [debug] (cycling) check for queueing executions     [39m 
[34m2026-03-03 14:39:34 [debug] no execution in db queued to process        [39m 
[34m2026-03-03 14:44:34 [debug] (cycling) check for queueing executions     [39m 
[34m2026-03-03 14:44:34 [debug] no execution in db queued to process        [39m 
[32m2026-03-03 14:48:01 [info]  no more events need to be prepared, dispatching...[39m 
[34m2026-03-03 14:48:01 [debug] last process finished, will do another dispatch[39m 
[34m2026-03-03 14:48:01 [debug] no execution in db queued to process        [39m 
[34m2026-03-03 14:49:34 [debug] (cycling) check for queueing executions     [39m 
[34m2026-03-03 14:49:34 [debug] no execution in db queued to process        [39m 
[32m2026-03-03 14:51:10 [info]  no more events need to be prepared, dispatching...[39m 
[34m2026-03-03 14:51:10 [debug] last process finished, will do another dispatch[39m 
[34m2026-03-03 14:51:10 [debug] no execution in db queued to process        [39m 
[32m2026-03-03 14:51:44 [info]  no more events need to be prepared, dispatching...[39m 
[34m2026-03-03 14:51:45 [debug] last process finished, will do another dispatch[39m 
[34m2026-03-03 14:51:45 [debug] no execution in db queued to process        [39m 
[34m2026-03-03 14:54:34 [debug] (cycling) check for queueing executions     [39m 
[34m2026-03-03 14:54:34 [debug] no execution in db queued to process        [39m 
[34m2026-03-03 14:59:34 [debug] (cycling) check for queueing executions     [39m 
[34m2026-03-03 14:59:34 [debug] no execution in db queued to process        [39m 
[32m2026-03-03 15:00:09 [info]  no more events need to be prepared, dispatching...[39m 
[34m2026-03-03 15:00:09 [debug] last process finished, will do another dispatch[39m 
[34m2026-03-03 15:00:09 [debug] no execution in db queued to process        [39m 
[32m2026-03-03 15:00:30 [info]  no more events need to be prepared, dispatching...[39m 
[34m2026-03-03 15:00:30 [debug] last process finished, will do another dispatch[39m 
[34m2026-03-03 15:00:30 [debug] no execution in db queued to process        [39m 
[32m2026-03-03 15:00:51 [info]  no more events need to be prepared, dispatching...[39m 
[34m2026-03-03 15:00:51 [debug] last process finished, will do another dispatch[39m 
[34m2026-03-03 15:00:51 [debug] no execution in db queued to process        [39m 
[32m2026-03-03 15:01:43 [info]  no more events need to be prepared, dispatching...[39m 
[34m2026-03-03 15:01:43 [debug] last process finished, will do another dispatch[39m 
[34m2026-03-03 15:01:43 [debug] no execution in db queued to process        [39m 
[34m2026-03-03 15:04:34 [debug] (cycling) check for queueing executions     [39m 
[34m2026-03-03 15:04:34 [debug] no execution in db queued to process        [39m 
[34m2026-03-03 15:09:34 [debug] (cycling) check for queueing executions     [39m 
[34m2026-03-03 15:09:34 [debug] no execution in db queued to process        [39m 
[34m2026-03-03 15:14:34 [debug] (cycling) check for queueing executions     [39m 
[34m2026-03-03 15:14:34 [debug] no execution in db queued to process        [39m 
[34m2026-03-03 15:19:34 [debug] (cycling) check for queueing executions     [39m 
[34m2026-03-03 15:19:34 [debug] no execution in db queued to process        [39m 
[32m2026-03-03 15:22:00 [info]  no more events need to be prepared, dispatching...[39m 
[34m2026-03-03 15:22:01 [debug] last process finished, will do another dispatch[39m 
[34m2026-03-03 15:22:01 [debug] last process finished, will do another dispatch[39m 
[34m2026-03-03 15:22:01 [debug] last process finished, will do another dispatch[39m 
[34m2026-03-03 15:22:01 [debug] no execution in db queued to process        [39m 
[32m2026-03-03 15:22:01 [info]  execution (351269856804865) from queue not found or not in queueing status, skip[39m 
[32m2026-03-03 15:22:02 [info]  execution (351269856804866) from queue not found or not in queueing status, skip[39m 
[32m2026-03-03 15:22:47 [info]  no more events need to be prepared, dispatching...[39m 
[34m2026-03-03 15:22:47 [debug] last process finished, will do another dispatch[39m 
[34m2026-03-03 15:22:47 [debug] no execution in db queued to process        [39m 
[32m2026-03-03 15:23:23 [info]  no more events need to be prepared, dispatching...[39m 
[34m2026-03-03 15:23:23 [debug] last process finished, will do another dispatch[39m 
[34m2026-03-03 15:23:23 [debug] no execution in db queued to process        [39m 
[32m2026-03-03 15:24:04 [info]  no more events need to be prepared, dispatching...[39m 
[34m2026-03-03 15:24:04 [debug] last process finished, will do another dispatch[39m 
[34m2026-03-03 15:24:04 [debug] no execution in db queued to process        [39m 
[34m2026-03-03 15:24:34 [debug] (cycling) check for queueing executions     [39m 
[34m2026-03-03 15:24:34 [debug] no execution in db queued to process        [39m 
[32m2026-03-03 15:24:42 [info]  no more events need to be prepared, dispatching...[39m 
[34m2026-03-03 15:24:42 [debug] last process finished, will do another dispatch[39m 
[34m2026-03-03 15:24:42 [debug] last process finished, will do another dispatch[39m 
[34m2026-03-03 15:24:42 [debug] no execution in db queued to process        [39m 
[32m2026-03-03 15:24:43 [info]  execution (351270196543489) from queue not found or not in queueing status, skip[39m 
[34m2026-03-03 15:29:34 [debug] (cycling) check for queueing executions     [39m 
[34m2026-03-03 15:29:34 [debug] no execution in db queued to process        [39m 
[34m2026-03-03 15:34:34 [debug] (cycling) check for queueing executions     [39m 
[34m2026-03-03 15:34:34 [debug] no execution in db queued to process        [39m 
[34m2026-03-03 15:39:34 [debug] (cycling) check for queueing executions     [39m 
[34m2026-03-03 15:39:34 [debug] no execution in db queued to process        [39m 
[34m2026-03-03 15:44:34 [debug] (cycling) check for queueing executions     [39m 
[34m2026-03-03 15:44:34 [debug] no execution in db queued to process        [39m 
[34m2026-03-03 15:49:34 [debug] (cycling) check for queueing executions     [39m 
[34m2026-03-03 15:49:34 [debug] no execution in db queued to process        [39m 
[34m2026-03-03 15:54:34 [debug] (cycling) check for queueing executions     [39m 
[34m2026-03-03 15:54:34 [debug] no execution in db queued to process        [39m 
[34m2026-03-03 15:59:34 [debug] (cycling) check for queueing executions     [39m 
[34m2026-03-03 15:59:34 [debug] no execution in db queued to process        [39m 
[34m2026-03-03 16:04:34 [debug] (cycling) check for queueing executions     [39m 
[34m2026-03-03 16:04:34 [debug] no execution in db queued to process        [39m 
[34m2026-03-03 16:09:34 [debug] (cycling) check for queueing executions     [39m 
[34m2026-03-03 16:09:34 [debug] no execution in db queued to process        [39m 
[34m2026-03-03 16:14:34 [debug] (cycling) check for queueing executions     [39m 
[34m2026-03-03 16:14:34 [debug] no execution in db queued to process        [39m 
[34m2026-03-03 16:19:34 [debug] (cycling) check for queueing executions     [39m 
[34m2026-03-03 16:19:34 [debug] no execution in db queued to process        [39m 
[34m2026-03-03 16:24:34 [debug] (cycling) check for queueing executions     [39m 
[34m2026-03-03 16:24:34 [debug] no execution in db queued to process        [39m 
[34m2026-03-03 16:29:34 [debug] (cycling) check for queueing executions     [39m 
[34m2026-03-03 16:29:34 [debug] no execution in db queued to process        [39m 
[34m2026-03-03 16:34:34 [debug] (cycling) check for queueing executions     [39m 
[34m2026-03-03 16:34:34 [debug] no execution in db queued to process        [39m 
[34m2026-03-03 16:39:34 [debug] (cycling) check for queueing executions     [39m 
[34m2026-03-03 16:39:34 [debug] no execution in db queued to process        [39m 
[34m2026-03-03 16:44:34 [debug] (cycling) check for queueing executions     [39m 
[34m2026-03-03 16:44:34 [debug] no execution in db queued to process        [39m 
[34m2026-03-03 16:49:34 [debug] (cycling) check for queueing executions     [39m 
[34m2026-03-03 16:49:34 [debug] no execution in db queued to process        [39m 
[34m2026-03-03 16:54:34 [debug] (cycling) check for queueing executions     [39m 
[34m2026-03-03 16:54:34 [debug] no execution in db queued to process        [39m 
[34m2026-03-03 16:59:34 [debug] (cycling) check for queueing executions     [39m 
[34m2026-03-03 16:59:34 [debug] no execution in db queued to process        [39m 
[34m2026-03-03 17:04:34 [debug] (cycling) check for queueing executions     [39m 
[34m2026-03-03 17:04:34 [debug] no execution in db queued to process        [39m 
