[34m2026-02-09 09:06:08 [debug] (cycling) check for queueing executions     [39m 
[34m2026-02-09 09:06:09 [debug] no execution in db queued to process        [39m 
[32m2026-02-09 09:09:40 [info]  (starting) check for queueing executions    [39m 
[34m2026-02-09 09:09:40 [debug] no execution in db queued to process        [39m 
[34m2026-02-09 09:14:40 [debug] (cycling) check for queueing executions     [39m 
[34m2026-02-09 09:14:40 [debug] no execution in db queued to process        [39m 
[34m2026-02-09 09:19:40 [debug] (cycling) check for queueing executions     [39m 
[34m2026-02-09 09:19:40 [debug] no execution in db queued to process        [39m 
[34m2026-02-09 09:24:40 [debug] (cycling) check for queueing executions     [39m 
[34m2026-02-09 09:24:40 [debug] no execution in db queued to process        [39m 
[34m2026-02-09 09:29:40 [debug] (cycling) check for queueing executions     [39m 
[34m2026-02-09 09:29:40 [debug] no execution in db queued to process        [39m 
[34m2026-02-09 09:34:40 [debug] (cycling) check for queueing executions     [39m 
[34m2026-02-09 09:34:40 [debug] no execution in db queued to process        [39m 
[34m2026-02-09 09:39:40 [debug] (cycling) check for queueing executions     [39m 
[34m2026-02-09 09:39:40 [debug] no execution in db queued to process        [39m 
[34m2026-02-09 09:44:40 [debug] (cycling) check for queueing executions     [39m 
[34m2026-02-09 09:44:40 [debug] no execution in db queued to process        [39m 
[34m2026-02-09 09:49:40 [debug] (cycling) check for queueing executions     [39m 
[34m2026-02-09 09:49:40 [debug] no execution in db queued to process        [39m 
[34m2026-02-09 09:54:40 [debug] (cycling) check for queueing executions     [39m 
[34m2026-02-09 09:54:40 [debug] no execution in db queued to process        [39m 
[34m2026-02-09 09:59:40 [debug] (cycling) check for queueing executions     [39m 
[34m2026-02-09 09:59:40 [debug] no execution in db queued to process        [39m 
[34m2026-02-09 10:04:40 [debug] (cycling) check for queueing executions     [39m 
[34m2026-02-09 10:04:40 [debug] no execution in db queued to process        [39m 
[34m2026-02-09 10:09:40 [debug] (cycling) check for queueing executions     [39m 
[34m2026-02-09 10:09:40 [debug] no execution in db queued to process        [39m 
[34m2026-02-09 10:14:40 [debug] (cycling) check for queueing executions     [39m 
[34m2026-02-09 10:14:40 [debug] no execution in db queued to process        [39m 
[34m2026-02-09 10:19:40 [debug] (cycling) check for queueing executions     [39m 
[34m2026-02-09 10:19:40 [debug] no execution in db queued to process        [39m 
[34m2026-02-09 10:24:40 [debug] (cycling) check for queueing executions     [39m 
[34m2026-02-09 10:24:40 [debug] no execution in db queued to process        [39m 
[34m2026-02-09 10:29:40 [debug] (cycling) check for queueing executions     [39m 
[34m2026-02-09 10:29:40 [debug] no execution in db queued to process        [39m 
[34m2026-02-09 10:34:40 [debug] (cycling) check for queueing executions     [39m 
[34m2026-02-09 10:34:40 [debug] no execution in db queued to process        [39m 
[34m2026-02-09 10:39:40 [debug] (cycling) check for queueing executions     [39m 
[34m2026-02-09 10:39:40 [debug] no execution in db queued to process        [39m 
[34m2026-02-09 10:44:40 [debug] (cycling) check for queueing executions     [39m 
[34m2026-02-09 10:44:40 [debug] no execution in db queued to process        [39m 
[34m2026-02-09 10:49:40 [debug] (cycling) check for queueing executions     [39m 
[34m2026-02-09 10:49:40 [debug] no execution in db queued to process        [39m 
[34m2026-02-09 10:54:40 [debug] (cycling) check for queueing executions     [39m 
[34m2026-02-09 10:54:40 [debug] no execution in db queued to process        [39m 
[34m2026-02-09 10:59:40 [debug] (cycling) check for queueing executions     [39m 
[34m2026-02-09 10:59:40 [debug] no execution in db queued to process        [39m 
[34m2026-02-09 11:04:40 [debug] (cycling) check for queueing executions     [39m 
[34m2026-02-09 11:04:40 [debug] no execution in db queued to process        [39m 
[34m2026-02-09 11:09:40 [debug] (cycling) check for queueing executions     [39m 
[34m2026-02-09 11:09:40 [debug] no execution in db queued to process        [39m 
[34m2026-02-09 11:14:40 [debug] (cycling) check for queueing executions     [39m 
[34m2026-02-09 11:14:40 [debug] no execution in db queued to process        [39m 
[34m2026-02-09 11:19:40 [debug] (cycling) check for queueing executions     [39m 
[34m2026-02-09 11:19:40 [debug] no execution in db queued to process        [39m 
[34m2026-02-09 11:24:40 [debug] (cycling) check for queueing executions     [39m 
[34m2026-02-09 11:24:40 [debug] no execution in db queued to process        [39m 
[34m2026-02-09 11:29:40 [debug] (cycling) check for queueing executions     [39m 
[34m2026-02-09 11:29:40 [debug] no execution in db queued to process        [39m 
[34m2026-02-09 11:34:40 [debug] (cycling) check for queueing executions     [39m 
[34m2026-02-09 11:34:40 [debug] no execution in db queued to process        [39m 
[34m2026-02-09 11:39:40 [debug] (cycling) check for queueing executions     [39m 
[34m2026-02-09 11:39:40 [debug] no execution in db queued to process        [39m 
[34m2026-02-09 11:44:40 [debug] (cycling) check for queueing executions     [39m 
[34m2026-02-09 11:44:40 [debug] no execution in db queued to process        [39m 
[34m2026-02-09 11:49:40 [debug] (cycling) check for queueing executions     [39m 
[34m2026-02-09 11:49:40 [debug] no execution in db queued to process        [39m 
[34m2026-02-09 11:54:40 [debug] (cycling) check for queueing executions     [39m 
[34m2026-02-09 11:54:40 [debug] no execution in db queued to process        [39m 
[34m2026-02-09 11:59:40 [debug] (cycling) check for queueing executions     [39m 
[34m2026-02-09 11:59:40 [debug] no execution in db queued to process        [39m 
[34m2026-02-09 12:04:40 [debug] (cycling) check for queueing executions     [39m 
[34m2026-02-09 12:04:40 [debug] no execution in db queued to process        [39m 
[34m2026-02-09 12:09:40 [debug] (cycling) check for queueing executions     [39m 
[34m2026-02-09 12:09:40 [debug] no execution in db queued to process        [39m 
[34m2026-02-09 12:14:40 [debug] (cycling) check for queueing executions     [39m 
[34m2026-02-09 12:14:40 [debug] no execution in db queued to process        [39m 
[34m2026-02-09 12:19:40 [debug] (cycling) check for queueing executions     [39m 
[34m2026-02-09 12:19:40 [debug] no execution in db queued to process        [39m 
[34m2026-02-09 12:24:40 [debug] (cycling) check for queueing executions     [39m 
[34m2026-02-09 12:24:40 [debug] no execution in db queued to process        [39m 
[34m2026-02-09 13:28:27 [debug] (cycling) check for queueing executions     [39m 
[34m2026-02-09 13:28:28 [debug] no execution in db queued to process        [39m 
[34m2026-02-09 13:33:27 [debug] (cycling) check for queueing executions     [39m 
[34m2026-02-09 13:33:27 [debug] no execution in db queued to process        [39m 
[34m2026-02-09 13:38:27 [debug] (cycling) check for queueing executions     [39m 
[34m2026-02-09 13:38:27 [debug] no execution in db queued to process        [39m 
[34m2026-02-09 13:43:27 [debug] (cycling) check for queueing executions     [39m 
[34m2026-02-09 13:43:27 [debug] no execution in db queued to process        [39m 
[34m2026-02-09 13:48:27 [debug] (cycling) check for queueing executions     [39m 
[34m2026-02-09 13:48:27 [debug] no execution in db queued to process        [39m 
[34m2026-02-09 13:53:27 [debug] (cycling) check for queueing executions     [39m 
[34m2026-02-09 13:53:27 [debug] no execution in db queued to process        [39m 
[32m2026-02-09 13:57:30 [info]  (starting) check for queueing executions    [39m 
[34m2026-02-09 13:57:30 [debug] no execution in db queued to process        [39m 
[34m2026-02-09 14:02:30 [debug] (cycling) check for queueing executions     [39m 
[34m2026-02-09 14:02:30 [debug] no execution in db queued to process        [39m 
[34m2026-02-09 14:07:30 [debug] (cycling) check for queueing executions     [39m 
[34m2026-02-09 14:07:30 [debug] no execution in db queued to process        [39m 
[34m2026-02-09 14:12:30 [debug] (cycling) check for queueing executions     [39m 
[34m2026-02-09 14:12:30 [debug] no execution in db queued to process        [39m 
[34m2026-02-09 14:17:30 [debug] (cycling) check for queueing executions     [39m 
[34m2026-02-09 14:17:31 [debug] no execution in db queued to process        [39m 
[34m2026-02-09 14:22:30 [debug] (cycling) check for queueing executions     [39m 
[34m2026-02-09 14:22:30 [debug] no execution in db queued to process        [39m 
[34m2026-02-09 14:27:30 [debug] (cycling) check for queueing executions     [39m 
[34m2026-02-09 14:27:30 [debug] no execution in db queued to process        [39m 
[34m2026-02-09 14:32:30 [debug] (cycling) check for queueing executions     [39m 
[34m2026-02-09 14:32:31 [debug] no execution in db queued to process        [39m 
[34m2026-02-09 14:37:30 [debug] (cycling) check for queueing executions     [39m 
[34m2026-02-09 14:37:31 [debug] no execution in db queued to process        [39m 
[34m2026-02-09 14:42:30 [debug] (cycling) check for queueing executions     [39m 
[34m2026-02-09 14:42:30 [debug] no execution in db queued to process        [39m 
[34m2026-02-09 14:47:30 [debug] (cycling) check for queueing executions     [39m 
[34m2026-02-09 14:47:30 [debug] no execution in db queued to process        [39m 
[34m2026-02-09 14:52:30 [debug] (cycling) check for queueing executions     [39m 
[34m2026-02-09 14:52:31 [debug] no execution in db queued to process        [39m 
[34m2026-02-09 14:57:30 [debug] (cycling) check for queueing executions     [39m 
[34m2026-02-09 14:57:30 [debug] no execution in db queued to process        [39m 
[34m2026-02-09 15:02:30 [debug] (cycling) check for queueing executions     [39m 
[34m2026-02-09 15:02:30 [debug] no execution in db queued to process        [39m 
[34m2026-02-09 15:07:30 [debug] (cycling) check for queueing executions     [39m 
[34m2026-02-09 15:07:31 [debug] no execution in db queued to process        [39m 
[34m2026-02-09 15:12:30 [debug] (cycling) check for queueing executions     [39m 
[34m2026-02-09 15:12:30 [debug] no execution in db queued to process        [39m 
[34m2026-02-09 15:17:30 [debug] (cycling) check for queueing executions     [39m 
[34m2026-02-09 15:17:30 [debug] no execution in db queued to process        [39m 
[34m2026-02-09 15:22:30 [debug] (cycling) check for queueing executions     [39m 
[34m2026-02-09 15:22:31 [debug] no execution in db queued to process        [39m 
[34m2026-02-09 15:27:30 [debug] (cycling) check for queueing executions     [39m 
[34m2026-02-09 15:27:31 [debug] no execution in db queued to process        [39m 
[34m2026-02-09 16:00:09 [debug] (cycling) check for queueing executions     [39m 
[34m2026-02-09 16:00:10 [debug] no execution in db queued to process        [39m 
[34m2026-02-09 16:05:08 [debug] (cycling) check for queueing executions     [39m 
[34m2026-02-09 16:05:08 [debug] no execution in db queued to process        [39m 
[34m2026-02-09 16:10:08 [debug] (cycling) check for queueing executions     [39m 
[34m2026-02-09 16:10:08 [debug] no execution in db queued to process        [39m 
[34m2026-02-09 16:15:08 [debug] (cycling) check for queueing executions     [39m 
[34m2026-02-09 16:15:08 [debug] no execution in db queued to process        [39m 
[34m2026-02-09 16:20:08 [debug] (cycling) check for queueing executions     [39m 
[34m2026-02-09 16:20:08 [debug] no execution in db queued to process        [39m 
[34m2026-02-09 16:25:08 [debug] (cycling) check for queueing executions     [39m 
[34m2026-02-09 16:25:08 [debug] no execution in db queued to process        [39m 
[32m2026-02-09 16:28:53 [info]  no more events need to be prepared, dispatching...[39m 
[34m2026-02-09 16:28:53 [debug] last process finished, will do another dispatch[39m 
[34m2026-02-09 16:28:53 [debug] no execution in db queued to process        [39m 
[34m2026-02-09 16:30:08 [debug] (cycling) check for queueing executions     [39m 
[34m2026-02-09 16:30:08 [debug] no execution in db queued to process        [39m 
[34m2026-02-09 16:35:08 [debug] (cycling) check for queueing executions     [39m 
[34m2026-02-09 16:35:08 [debug] no execution in db queued to process        [39m 
[34m2026-02-09 16:40:08 [debug] (cycling) check for queueing executions     [39m 
[34m2026-02-09 16:40:08 [debug] no execution in db queued to process        [39m 
[34m2026-02-09 16:45:08 [debug] (cycling) check for queueing executions     [39m 
[34m2026-02-09 16:45:08 [debug] no execution in db queued to process        [39m 
[34m2026-02-09 16:50:08 [debug] (cycling) check for queueing executions     [39m 
[34m2026-02-09 16:50:08 [debug] no execution in db queued to process        [39m 
[34m2026-02-09 16:55:08 [debug] (cycling) check for queueing executions     [39m 
[34m2026-02-09 16:55:08 [debug] no execution in db queued to process        [39m 
[34m2026-02-09 17:00:08 [debug] (cycling) check for queueing executions     [39m 
[34m2026-02-09 17:00:08 [debug] no execution in db queued to process        [39m 
[34m2026-02-09 17:05:08 [debug] (cycling) check for queueing executions     [39m 
[34m2026-02-09 17:05:08 [debug] no execution in db queued to process        [39m 
[34m2026-02-09 17:10:08 [debug] (cycling) check for queueing executions     [39m 
[34m2026-02-09 17:10:08 [debug] no execution in db queued to process        [39m 
[34m2026-02-09 17:15:08 [debug] (cycling) check for queueing executions     [39m 
[34m2026-02-09 17:15:08 [debug] no execution in db queued to process        [39m 
[34m2026-02-09 17:20:08 [debug] (cycling) check for queueing executions     [39m 
[34m2026-02-09 17:20:08 [debug] no execution in db queued to process        [39m 
[34m2026-02-09 17:25:08 [debug] (cycling) check for queueing executions     [39m 
[34m2026-02-09 17:25:08 [debug] no execution in db queued to process        [39m 
[34m2026-02-09 17:30:08 [debug] (cycling) check for queueing executions     [39m 
[34m2026-02-09 17:30:08 [debug] no execution in db queued to process        [39m 
[34m2026-02-09 17:35:08 [debug] (cycling) check for queueing executions     [39m 
[34m2026-02-09 17:35:08 [debug] no execution in db queued to process        [39m 
[34m2026-02-09 17:40:08 [debug] (cycling) check for queueing executions     [39m 
[34m2026-02-09 17:40:08 [debug] no execution in db queued to process        [39m 
[34m2026-02-09 17:45:08 [debug] (cycling) check for queueing executions     [39m 
[34m2026-02-09 17:45:08 [debug] no execution in db queued to process        [39m 
[34m2026-02-09 17:50:08 [debug] (cycling) check for queueing executions     [39m 
[34m2026-02-09 17:50:08 [debug] no execution in db queued to process        [39m 
[34m2026-02-09 17:59:38 [debug] (cycling) check for queueing executions     [39m 
[34m2026-02-09 17:59:38 [debug] no execution in db queued to process        [39m 
