[32m2026-03-03 11:34:43 [info]  toggle ON workflow 351240010137600          [39m workflowId=351240010137600
[32m2026-03-03 11:36:49 [info]  new event triggered, now events: 1          [39m 
[34m2026-03-03 11:36:49 [debug] event data:                                 [39m context={"data":{"createdAt":"2026-03-03T03:36:49.413Z","updatedAt":"2026-03-03T03:36:49.415Z","f_jmazop48q5l":351241455075328,"defect_classification":"挂机","defect_status":"已关闭","defect":"导入大型文件时系统界面挂机","defect_rank":"level1","priority":"P1","id":351241522184192,"module":null,"label":["已修复","已关闭"],"createdById":1,"updatedById":1,"round":"CC2026R2第二轮测试","__tableName":"defects","__schemaName":"public","parent_summary":{"createdAt":"2026-03-03T03:36:17.828Z","updatedAt":"2026-03-03T03:36:17.832Z","owner_id":"nocobase","id":351241455075328,"total_count":null,"tested_count":null,"defect_count":null,"fixed_count":null,"pending_count":null,"loc":null,"kloc":0,"testing_rate":null,"fix_rate":null,"pending_rate":null,"defect_density":null,"total_defect":null,"module_type":"缺陷汇总","createdById":1,"updatedById":1},"module_ref":[{"createdAt":"2026-03-03T03:36:20.124Z","updatedAt":"2026-03-03T03:36:20.124Z","module_defect_proportion":null,"id":351241461366784,"module_name":"工程图","level_1_count":"0","level_2_count":null,"level_3_count":null,"level_1_fixed":null,"level_2_fixed":null,"level_3_fixed":null,"p1_total":null,"p1_fixed":null,"p2_total":null,"p2_fixed":null,"p3_total":null,"p3_fixed":null,"total_closed":null,"total_delayed":null,"level_1_rollback":null,"level_1_hang":null,"level_1_other":null,"p1_closed":null,"open_count":null,"retest_failed_count":null,"module_total":null,"suggested_count":null,"p2_fixed_rate":null,"p3_fixed_rate":null,"p1_fixed_rate":null,"level_2_fixed_rate":null,"total_fixed":null,"fixed_unupdated":null,"level_3_fixed_rate":null,"level_1_fixed_rate":null,"p1_close_rate":null,"new_issue_total":null,"new_issue_fixed":null,"total_fixed_rate":null,"total_close_rate":null,"createdById":1,"updatedById":1,"round":null,"t_5yxbbcczpos":{"createdAt":"2026-03-03T03:36:49.421Z","updatedAt":"2026-03-03T03:36:49.421Z","module_id":351241461366784,"defect_id":351241522184192}},{"createdAt":"2026-03-03T03:36:22.041Z","updatedAt":"2026-03-03T03:36:22.041Z","module_defect_proportion":null,"id":351241465561088,"module_name":"草图","level_1_count":"0","level_2_count":null,"level_3_count":null,"level_1_fixed":null,"level_2_fixed":null,"level_3_fixed":null,"p1_total":null,"p1_fixed":null,"p2_total":null,"p2_fixed":null,"p3_total":null,"p3_fixed":null,"total_closed":null,"total_delayed":null,"level_1_rollback":null,"level_1_hang":null,"level_1_other":null,"p1_closed":null,"open_count":null,"retest_failed_count":null,"module_total":null,"suggested_count":null,"p2_fixed_rate":null,"p3_fixed_rate":null,"p1_fixed_rate":null,"level_2_fixed_rate":null,"total_fixed":null,"fixed_unupdated":null,"level_3_fixed_rate":null,"level_1_fixed_rate":null,"p1_close_rate":null,"new_issue_total":null,"new_issue_fixed":null,"total_fixed_rate":null,"total_close_rate":null,"createdById":1,"updatedById":1,"round":null,"t_5yxbbcczpos":{"createdAt":"2026-03-03T03:36:49.421Z","updatedAt":"2026-03-03T03:36:49.421Z","module_id":351241465561088,"defect_id":351241522184192}}],"__collection":"defects"}}
[32m2026-03-03 11:36:49 [info]  preparing execution for event               [39m 
[32m2026-03-03 11:36:49 [info]  execution of workflow 351240010137600 created as 351241522184193[39m 
[32m2026-03-03 11:36:49 [info]  local pending list is empty, adding execution (351241522184193) to pending list[39m 
[32m2026-03-03 11:36:49 [info]  pending execution (351241522184193) ready to process[39m 
[32m2026-03-03 11:36:49 [info]  execution (351241522184193) starting...     [39m 
[32m2026-03-03 11:36:49 [info]  execution (351241522184193) run instruction [query] for node (351240010137603)[39m workflowId=351240010137600
[34m2026-03-03 11:36:49 [debug] config of node                              [39m data={"multiple":true,"collection":"module_summaries","params":{"filter":{"$and":[{"module_defects":{"module_ref":{"id":{"$eq":"{{$context.data.f_jmazop48q5l}}"}}}},{"round":{"$eq":"{{$context.data.round}}"}}]},"sort":[],"page":1,"pageSize":20,"appends":[]}} workflowId=351240010137600
[34m2026-03-03 11:36:49 [debug] job added to save list: {"result":[],"status":1,"nodeId":351240010137603,"nodeKey":"nf44eok9nnt","id":"9073355705551872","createdAt":"2026-03-03T03:36:49.478Z","updatedAt":"2026-03-03T03:36:49.478Z","executionId":351241522184193}[39m workflowId=351240010137600
[32m2026-03-03 11:36:49 [info]  execution (351241522184193) run instruction [query] for node (351240010137603) finished as status: 1[39m workflowId=351240010137600
[34m2026-03-03 11:36:49 [debug] result of node                              [39m 
[34m2026-03-03 11:36:49 [debug] run next node (351240010137644)             [39m 
[32m2026-03-03 11:36:49 [info]  execution (351241522184193) run instruction [sql] for node (351240010137644)[39m workflowId=351240010137600
[34m2026-03-03 11:36:49 [debug] config of node                              [39m data={"dataSource":"main","sql":"SELECT \n    COUNT(id) AS project_total_count \nFROM defects \nWHERE (NOT (label ?| ARRAY['功能屏蔽','已拒绝','建议','申请否决','数据异常','设计如此','需求']) OR label IS NULL)\nAND defect_status != '无需修复'\nAND f_jmazop48q5l = {{$context.data.f_jmazop48q5l}};"} workflowId=351240010137600
[34m2026-03-03 11:36:49 [debug] job added to save list: {"result":[{"project_total_count":1}],"status":1,"nodeId":351240010137644,"nodeKey":"4oowzbkwxg4","id":"9073355713940480","createdAt":"2026-03-03T03:36:49.480Z","updatedAt":"2026-03-03T03:36:49.480Z","executionId":351241522184193}[39m workflowId=351240010137600
[32m2026-03-03 11:36:49 [info]  execution (351241522184193) run instruction [sql] for node (351240010137644) finished as status: 1[39m workflowId=351240010137600
[34m2026-03-03 11:36:49 [debug] result of node                              [39m data=[{"project_total_count":1}]
[34m2026-03-03 11:36:49 [debug] run next node (351240010137613)             [39m 
[32m2026-03-03 11:36:49 [info]  execution (351241522184193) run instruction [parallel] for node (351240010137613)[39m workflowId=351240010137600
[34m2026-03-03 11:36:49 [debug] config of node                              [39m workflowId=351240010137600
[34m2026-03-03 11:36:49 [debug] job added to save list: {"status":0,"result":[null,null],"nodeId":351240010137613,"nodeKey":"h190hihj2sd","upstreamId":"9073355713940480","id":"9073355718134784","createdAt":"2026-03-03T03:36:49.481Z","updatedAt":"2026-03-03T03:36:49.481Z","executionId":351241522184193}[39m workflowId=351240010137600
[32m2026-03-03 11:36:49 [info]  execution (351241522184193) run instruction [loop] for node (351240010137607)[39m workflowId=351240010137600
[34m2026-03-03 11:36:49 [debug] config of node                              [39m data={"target":"{{$jobsMapByNodeKey.nf44eok9nnt}}","condition":false,"exit":0} workflowId=351240010137600
[34m2026-03-03 11:36:49 [debug] job added to save list: {"status":1,"result":{"looped":0,"done":0},"nodeId":351240010137607,"nodeKey":"60k98hgp2i2","id":"9073355722329088","createdAt":"2026-03-03T03:36:49.482Z","updatedAt":"2026-03-03T03:36:49.482Z","executionId":351241522184193}[39m workflowId=351240010137600
[32m2026-03-03 11:36:49 [info]  execution (351241522184193) run instruction [loop] for node (351240010137607) finished as status: 1[39m workflowId=351240010137600
[34m2026-03-03 11:36:49 [debug] result of node                              [39m data={"looped":0,"done":0}
[34m2026-03-03 11:36:49 [debug] branch ended at node (351240010137607)      [39m 
[34m2026-03-03 11:36:49 [debug] not on main, recall to parent entry node (351240010137607)})[39m workflowId=351240010137600
[32m2026-03-03 11:36:49 [info]  execution (351241522184193) resume instruction [parallel] for node (351240010137613)[39m workflowId=351240010137600
[34m2026-03-03 11:36:49 [debug] config of node                              [39m workflowId=351240010137600
[34m2026-03-03 11:36:49 [debug] job added to save list: {"status":0,"result":[1,null],"nodeId":351240010137613,"nodeKey":"h190hihj2sd","upstreamId":"9073355713940480","id":"9073355718134784","createdAt":"2026-03-03T03:36:49.481Z","updatedAt":"2026-03-03T03:36:49.483Z","executionId":351241522184193}[39m workflowId=351240010137600
[32m2026-03-03 11:36:49 [info]  execution (351241522184193) exiting with status 0[39m workflowId=351240010137600
[32m2026-03-03 11:36:49 [info]  execution (351241522184193) run instruction [sql] for node (351240010137605)[39m workflowId=351240010137600
[34m2026-03-03 11:36:49 [debug] config of node                              [39m data={"dataSource":"main","sql":"SELECT \n    COUNT(id) AS module_total \nFROM defects \nWHERE f_jmazop48q5l = {{$context.data.f_jmazop48q5l}};"} workflowId=351240010137600
[34m2026-03-03 11:36:49 [debug] job added to save list: {"result":[{"module_total":1}],"status":1,"nodeId":351240010137605,"nodeKey":"5mqxo96hkzs","id":"9073355772660736","createdAt":"2026-03-03T03:36:49.494Z","updatedAt":"2026-03-03T03:36:49.494Z","executionId":351241522184193}[39m workflowId=351240010137600
[32m2026-03-03 11:36:49 [info]  execution (351241522184193) run instruction [sql] for node (351240010137605) finished as status: 1[39m workflowId=351240010137600
[34m2026-03-03 11:36:49 [debug] result of node                              [39m data=[{"module_total":1}]
[34m2026-03-03 11:36:49 [debug] run next node (351240010137606)             [39m 
[32m2026-03-03 11:36:49 [info]  execution (351241522184193) run instruction [calculation] for node (351240010137606)[39m workflowId=351240010137600
[34m2026-03-03 11:36:49 [debug] config of node                              [39m data={"engine":"formula.js","expression":"{{$jobsMapByNodeKey.5mqxo96hkzs}}[0].module_total"} workflowId=351240010137600
[34m2026-03-03 11:36:49 [debug] job added to save list: {"result":1,"status":1,"nodeId":351240010137606,"nodeKey":"421nbbkd8io","id":"9073355776855040","createdAt":"2026-03-03T03:36:49.495Z","updatedAt":"2026-03-03T03:36:49.495Z","executionId":351241522184193}[39m workflowId=351240010137600
[32m2026-03-03 11:36:49 [info]  execution (351241522184193) run instruction [calculation] for node (351240010137606) finished as status: 1[39m workflowId=351240010137600
[34m2026-03-03 11:36:49 [debug] result of node                              [39m data=1
[34m2026-03-03 11:36:49 [debug] run next node (351240010137628)             [39m 
[32m2026-03-03 11:36:49 [info]  execution (351241522184193) run instruction [update] for node (351240010137628)[39m workflowId=351240010137600
[34m2026-03-03 11:36:49 [debug] config of node                              [39m data={"usingAssignFormSchema":true,"assignFormSchema":{"_isJSONSchemaObject":true,"version":"2.0","name":"yn6qq6norxm","type":"void","x-component":"Grid","x-initializer":"assignFieldValuesForm:configureFields","properties":{"s7zd8wl23kj":{"_isJSONSchemaObject":true,"version":"2.0","type":"void","x-component":"Grid.Row","properties":{"hx5fzm9mftg":{"_isJSONSchemaObject":true,"version":"2.0","type":"void","x-component":"Grid.Col","properties":{"total_defect":{"_isJSONSchemaObject":true,"version":"2.0","type":"string","name":"total_defect","x-toolbar":"FormItemSchemaToolbar","x-settings":"fieldSettings:FormItem","x-component":"AssignedField","x-decorator":"FormItem","x-collection-field":"collection_quality.total_defect"}},"name":"hx5fzm9mftg"}},"name":"s7zd8wl23kj"}}},"collection":"collection_quality","params":{"individualHooks":false,"filter":{"$and":[{"id":{"$eq":"{{$context.data.f_jmazop48q5l}}"}}]},"values":{"total_defect":"{{$jobsMapByNodeKey.421nbbkd8io}}"}}} workflowId=351240010137600
[34m2026-03-03 11:36:49 [debug] job added to save list: {"result":1,"status":1,"nodeId":351240010137628,"nodeKey":"9teprp6eeb7","id":"9073355793632256","createdAt":"2026-03-03T03:36:49.499Z","updatedAt":"2026-03-03T03:36:49.499Z","executionId":351241522184193}[39m workflowId=351240010137600
[32m2026-03-03 11:36:49 [info]  execution (351241522184193) run instruction [update] for node (351240010137628) finished as status: 1[39m workflowId=351240010137600
[34m2026-03-03 11:36:49 [debug] result of node                              [39m data=1
[34m2026-03-03 11:36:49 [debug] branch ended at node (351240010137628)      [39m 
[34m2026-03-03 11:36:49 [debug] not on main, recall to parent entry node (351240010137628)})[39m workflowId=351240010137600
[32m2026-03-03 11:36:49 [info]  execution (351241522184193) resume instruction [parallel] for node (351240010137613)[39m workflowId=351240010137600
[34m2026-03-03 11:36:49 [debug] config of node                              [39m workflowId=351240010137600
[34m2026-03-03 11:36:49 [debug] job added to save list: {"status":1,"result":[1,1],"nodeId":351240010137613,"nodeKey":"h190hihj2sd","upstreamId":"9073355713940480","id":"9073355718134784","createdAt":"2026-03-03T03:36:49.481Z","updatedAt":"2026-03-03T03:36:49.483Z","executionId":351241522184193}[39m workflowId=351240010137600
[32m2026-03-03 11:36:49 [info]  execution (351241522184193) run instruction [parallel] for node (351240010137613) finished as status: 1[39m workflowId=351240010137600
[34m2026-03-03 11:36:49 [debug] result of node                              [39m data=[1,1]
[34m2026-03-03 11:36:49 [debug] branch ended at node (351240010137613)      [39m 
[32m2026-03-03 11:36:49 [info]  execution (351241522184193) exiting with status 1[39m workflowId=351240010137600
[32m2026-03-03 11:36:49 [info]  execution (351241522184193) finished with status: 1[39m 
[34m2026-03-03 11:36:49 [debug] execution (351241522184193) details:        [39m execution={"createdAt":"2026-03-03T03:36:49.434Z","id":351241522184193,"updatedAt":"2026-03-03T03:36:49.504Z","key":"38fqmwqmwdw","eventKey":"9ce49b38-9cf5-4299-b2a4-e606ebf3a4e6","context":{"data":{"createdAt":"2026-03-03T03:36:49.413Z","updatedAt":"2026-03-03T03:36:49.415Z","f_jmazop48q5l":351241455075328,"defect_classification":"挂机","defect_status":"已关闭","defect":"导入大型文件时系统界面挂机","defect_rank":"level1","priority":"P1","id":351241522184192,"module":null,"label":["已修复","已关闭"],"createdById":1,"updatedById":1,"round":"CC2026R2第二轮测试","__tableName":"defects","__schemaName":"public","parent_summary":{"createdAt":"2026-03-03T03:36:17.828Z","updatedAt":"2026-03-03T03:36:17.832Z","owner_id":"nocobase","id":351241455075328,"total_count":null,"tested_count":null,"defect_count":null,"fixed_count":null,"pending_count":null,"loc":null,"kloc":0,"testing_rate":null,"fix_rate":null,"pending_rate":null,"defect_density":null,"total_defect":null,"module_type":"缺陷汇总","createdById":1,"updatedById":1},"module_ref":[{"createdAt":"2026-03-03T03:36:20.124Z","updatedAt":"2026-03-03T03:36:20.124Z","module_defect_proportion":null,"id":351241461366784,"module_name":"工程图","level_1_count":"0","level_2_count":null,"level_3_count":null,"level_1_fixed":null,"level_2_fixed":null,"level_3_fixed":null,"p1_total":null,"p1_fixed":null,"p2_total":null,"p2_fixed":null,"p3_total":null,"p3_fixed":null,"total_closed":null,"total_delayed":null,"level_1_rollback":null,"level_1_hang":null,"level_1_other":null,"p1_closed":null,"open_count":null,"retest_failed_count":null,"module_total":null,"suggested_count":null,"p2_fixed_rate":null,"p3_fixed_rate":null,"p1_fixed_rate":null,"level_2_fixed_rate":null,"total_fixed":null,"fixed_unupdated":null,"level_3_fixed_rate":null,"level_1_fixed_rate":null,"p1_close_rate":null,"new_issue_total":null,"new_issue_fixed":null,"total_fixed_rate":null,"total_close_rate":null,"createdById":1,"updatedById":1,"round":null,"t_5yxbbcczpos":{"createdAt":"2026-03-03T03:36:49.421Z","updatedAt":"2026-03-03T03:36:49.421Z","module_id":351241461366784,"defect_id":351241522184192}},{"createdAt":"2026-03-03T03:36:22.041Z","updatedAt":"2026-03-03T03:36:22.041Z","module_defect_proportion":null,"id":351241465561088,"module_name":"草图","level_1_count":"0","level_2_count":null,"level_3_count":null,"level_1_fixed":null,"level_2_fixed":null,"level_3_fixed":null,"p1_total":null,"p1_fixed":null,"p2_total":null,"p2_fixed":null,"p3_total":null,"p3_fixed":null,"total_closed":null,"total_delayed":null,"level_1_rollback":null,"level_1_hang":null,"level_1_other":null,"p1_closed":null,"open_count":null,"retest_failed_count":null,"module_total":null,"suggested_count":null,"p2_fixed_rate":null,"p3_fixed_rate":null,"p1_fixed_rate":null,"level_2_fixed_rate":null,"total_fixed":null,"fixed_unupdated":null,"level_3_fixed_rate":null,"level_1_fixed_rate":null,"p1_close_rate":null,"new_issue_total":null,"new_issue_fixed":null,"total_fixed_rate":null,"total_close_rate":null,"createdById":1,"updatedById":1,"round":null,"t_5yxbbcczpos":{"createdAt":"2026-03-03T03:36:49.421Z","updatedAt":"2026-03-03T03:36:49.421Z","module_id":351241465561088,"defect_id":351241522184192}}],"__collection":"defects"}},"status":1,"dispatched":true,"stack":null,"output":null,"manually":null,"workflowId":351240010137600}
[32m2026-03-03 11:39:58 [info]  new event triggered, now events: 1          [39m 
[34m2026-03-03 11:39:58 [debug] event data:                                 [39m context={"data":{"createdAt":"2026-03-03T03:39:58.004Z","updatedAt":"2026-03-03T03:39:58.014Z","f_jmazop48q5l":351241815785472,"defect_classification":"挂机","defect_status":"已关闭","defect":"导入大型文件时系统界面挂机","defect_rank":"level1","priority":"P1","id":351241918545920,"module":null,"label":["已修复","已关闭"],"createdById":1,"updatedById":1,"round":"CC2026R2第二轮测试","__tableName":"defects","__schemaName":"public","parent_summary":{"createdAt":"2026-03-03T03:39:09.088Z","updatedAt":"2026-03-03T03:39:09.091Z","owner_id":"nocobase","id":351241815785472,"total_count":null,"tested_count":null,"defect_count":null,"fixed_count":null,"pending_count":null,"loc":null,"kloc":0,"testing_rate":null,"fix_rate":null,"pending_rate":null,"defect_density":null,"total_defect":null,"module_type":"缺陷汇总","createdById":1,"updatedById":1},"module_ref":[{"createdAt":"2026-03-03T03:39:11.844Z","updatedAt":"2026-03-03T03:39:11.844Z","module_defect_proportion":null,"id":351241819979776,"module_name":"工程图","level_1_count":"0","level_2_count":null,"level_3_count":null,"level_1_fixed":null,"level_2_fixed":null,"level_3_fixed":null,"p1_total":null,"p1_fixed":null,"p2_total":null,"p2_fixed":null,"p3_total":null,"p3_fixed":null,"total_closed":null,"total_delayed":null,"level_1_rollback":null,"level_1_hang":null,"level_1_other":null,"p1_closed":null,"open_count":null,"retest_failed_count":null,"module_total":null,"suggested_count":null,"p2_fixed_rate":null,"p3_fixed_rate":null,"p1_fixed_rate":null,"level_2_fixed_rate":null,"total_fixed":null,"fixed_unupdated":null,"level_3_fixed_rate":null,"level_1_fixed_rate":null,"p1_close_rate":null,"new_issue_total":null,"new_issue_fixed":null,"total_fixed_rate":null,"total_close_rate":null,"createdById":1,"updatedById":1,"round":"CC2026R2第二轮测试","t_5yxbbcczpos":{"createdAt":"2026-03-03T03:39:58.021Z","updatedAt":"2026-03-03T03:39:58.021Z","module_id":351241819979776,"defect_id":351241918545920}},{"createdAt":"2026-03-03T03:39:34.944Z","updatedAt":"2026-03-03T03:39:34.944Z","module_defect_proportion":null,"id":351241868214272,"module_name":"草图","level_1_count":"0","level_2_count":null,"level_3_count":null,"level_1_fixed":null,"level_2_fixed":null,"level_3_fixed":null,"p1_total":null,"p1_fixed":null,"p2_total":null,"p2_fixed":null,"p3_total":null,"p3_fixed":null,"total_closed":null,"total_delayed":null,"level_1_rollback":null,"level_1_hang":null,"level_1_other":null,"p1_closed":null,"open_count":null,"retest_failed_count":null,"module_total":null,"suggested_count":null,"p2_fixed_rate":null,"p3_fixed_rate":null,"p1_fixed_rate":null,"level_2_fixed_rate":null,"total_fixed":null,"fixed_unupdated":null,"level_3_fixed_rate":null,"level_1_fixed_rate":null,"p1_close_rate":null,"new_issue_total":null,"new_issue_fixed":null,"total_fixed_rate":null,"total_close_rate":null,"createdById":1,"updatedById":1,"round":"CC2026R2第二轮测试","t_5yxbbcczpos":{"createdAt":"2026-03-03T03:39:58.021Z","updatedAt":"2026-03-03T03:39:58.021Z","module_id":351241868214272,"defect_id":351241918545920}}],"__collection":"defects"}}
[32m2026-03-03 11:39:58 [info]  preparing execution for event               [39m 
[32m2026-03-03 11:39:58 [info]  execution of workflow 351240010137600 created as 351241918545921[39m 
[32m2026-03-03 11:39:58 [info]  local pending list is empty, adding execution (351241918545921) to pending list[39m 
[32m2026-03-03 11:39:58 [info]  pending execution (351241918545921) ready to process[39m 
[32m2026-03-03 11:39:58 [info]  execution (351241918545921) starting...     [39m 
[32m2026-03-03 11:39:58 [info]  execution (351241918545921) run instruction [query] for node (351240010137603)[39m workflowId=351240010137600
[34m2026-03-03 11:39:58 [debug] config of node                              [39m data={"multiple":true,"collection":"module_summaries","params":{"filter":{"$and":[{"module_defects":{"module_ref":{"id":{"$eq":"{{$context.data.f_jmazop48q5l}}"}}}},{"round":{"$eq":"{{$context.data.round}}"}}]},"sort":[],"page":1,"pageSize":20,"appends":[]}} workflowId=351240010137600
[34m2026-03-03 11:39:58 [debug] job added to save list: {"result":[],"status":1,"nodeId":351240010137603,"nodeKey":"nf44eok9nnt","id":"9074146650622976","createdAt":"2026-03-03T03:39:58.054Z","updatedAt":"2026-03-03T03:39:58.054Z","executionId":351241918545921}[39m workflowId=351240010137600
[32m2026-03-03 11:39:58 [info]  execution (351241918545921) run instruction [query] for node (351240010137603) finished as status: 1[39m workflowId=351240010137600
[34m2026-03-03 11:39:58 [debug] result of node                              [39m 
[34m2026-03-03 11:39:58 [debug] run next node (351240010137644)             [39m 
[32m2026-03-03 11:39:58 [info]  execution (351241918545921) run instruction [sql] for node (351240010137644)[39m workflowId=351240010137600
[34m2026-03-03 11:39:58 [debug] config of node                              [39m data={"dataSource":"main","sql":"SELECT \n    COUNT(id) AS project_total_count \nFROM defects \nWHERE (NOT (label ?| ARRAY['功能屏蔽','已拒绝','建议','申请否决','数据异常','设计如此','需求']) OR label IS NULL)\nAND defect_status != '无需修复'\nAND f_jmazop48q5l = {{$context.data.f_jmazop48q5l}};"} workflowId=351240010137600
[34m2026-03-03 11:39:58 [debug] job added to save list: {"result":[{"project_total_count":1}],"status":1,"nodeId":351240010137644,"nodeKey":"4oowzbkwxg4","id":"9074146654817280","createdAt":"2026-03-03T03:39:58.055Z","updatedAt":"2026-03-03T03:39:58.055Z","executionId":351241918545921}[39m workflowId=351240010137600
[32m2026-03-03 11:39:58 [info]  execution (351241918545921) run instruction [sql] for node (351240010137644) finished as status: 1[39m workflowId=351240010137600
[34m2026-03-03 11:39:58 [debug] result of node                              [39m data=[{"project_total_count":1}]
[34m2026-03-03 11:39:58 [debug] run next node (351240010137613)             [39m 
[32m2026-03-03 11:39:58 [info]  execution (351241918545921) run instruction [parallel] for node (351240010137613)[39m workflowId=351240010137600
[34m2026-03-03 11:39:58 [debug] config of node                              [39m workflowId=351240010137600
[34m2026-03-03 11:39:58 [debug] job added to save list: {"status":0,"result":[null,null],"nodeId":351240010137613,"nodeKey":"h190hihj2sd","upstreamId":"9074146654817280","id":"9074146659011584","createdAt":"2026-03-03T03:39:58.056Z","updatedAt":"2026-03-03T03:39:58.056Z","executionId":351241918545921}[39m workflowId=351240010137600
[32m2026-03-03 11:39:58 [info]  execution (351241918545921) run instruction [loop] for node (351240010137607)[39m workflowId=351240010137600
[34m2026-03-03 11:39:58 [debug] config of node                              [39m data={"target":"{{$jobsMapByNodeKey.nf44eok9nnt}}","condition":false,"exit":0} workflowId=351240010137600
[34m2026-03-03 11:39:58 [debug] job added to save list: {"status":1,"result":{"looped":0,"done":0},"nodeId":351240010137607,"nodeKey":"60k98hgp2i2","id":"9074146663205888","createdAt":"2026-03-03T03:39:58.057Z","updatedAt":"2026-03-03T03:39:58.057Z","executionId":351241918545921}[39m workflowId=351240010137600
[32m2026-03-03 11:39:58 [info]  execution (351241918545921) run instruction [loop] for node (351240010137607) finished as status: 1[39m workflowId=351240010137600
[34m2026-03-03 11:39:58 [debug] result of node                              [39m data={"looped":0,"done":0}
[34m2026-03-03 11:39:58 [debug] branch ended at node (351240010137607)      [39m 
[34m2026-03-03 11:39:58 [debug] not on main, recall to parent entry node (351240010137607)})[39m workflowId=351240010137600
[32m2026-03-03 11:39:58 [info]  execution (351241918545921) resume instruction [parallel] for node (351240010137613)[39m workflowId=351240010137600
[34m2026-03-03 11:39:58 [debug] config of node                              [39m workflowId=351240010137600
[34m2026-03-03 11:39:58 [debug] job added to save list: {"status":0,"result":[1,null],"nodeId":351240010137613,"nodeKey":"h190hihj2sd","upstreamId":"9074146654817280","id":"9074146659011584","createdAt":"2026-03-03T03:39:58.056Z","updatedAt":"2026-03-03T03:39:58.057Z","executionId":351241918545921}[39m workflowId=351240010137600
[32m2026-03-03 11:39:58 [info]  execution (351241918545921) exiting with status 0[39m workflowId=351240010137600
[32m2026-03-03 11:39:58 [info]  execution (351241918545921) run instruction [sql] for node (351240010137605)[39m workflowId=351240010137600
[34m2026-03-03 11:39:58 [debug] config of node                              [39m data={"dataSource":"main","sql":"SELECT \n    COUNT(id) AS module_total \nFROM defects \nWHERE f_jmazop48q5l = {{$context.data.f_jmazop48q5l}};"} workflowId=351240010137600
[34m2026-03-03 11:39:58 [debug] job added to save list: {"result":[{"module_total":1}],"status":1,"nodeId":351240010137605,"nodeKey":"5mqxo96hkzs","id":"9074146675788800","createdAt":"2026-03-03T03:39:58.060Z","updatedAt":"2026-03-03T03:39:58.060Z","executionId":351241918545921}[39m workflowId=351240010137600
[32m2026-03-03 11:39:58 [info]  execution (351241918545921) run instruction [sql] for node (351240010137605) finished as status: 1[39m workflowId=351240010137600
[34m2026-03-03 11:39:58 [debug] result of node                              [39m data=[{"module_total":1}]
[34m2026-03-03 11:39:58 [debug] run next node (351240010137606)             [39m 
[32m2026-03-03 11:39:58 [info]  execution (351241918545921) run instruction [calculation] for node (351240010137606)[39m workflowId=351240010137600
[34m2026-03-03 11:39:58 [debug] config of node                              [39m data={"engine":"formula.js","expression":"{{$jobsMapByNodeKey.5mqxo96hkzs}}[0].module_total"} workflowId=351240010137600
[34m2026-03-03 11:39:58 [debug] job added to save list: {"result":1,"status":1,"nodeId":351240010137606,"nodeKey":"421nbbkd8io","id":"9074146684177408","createdAt":"2026-03-03T03:39:58.062Z","updatedAt":"2026-03-03T03:39:58.062Z","executionId":351241918545921}[39m workflowId=351240010137600
[32m2026-03-03 11:39:58 [info]  execution (351241918545921) run instruction [calculation] for node (351240010137606) finished as status: 1[39m workflowId=351240010137600
[34m2026-03-03 11:39:58 [debug] result of node                              [39m data=1
[34m2026-03-03 11:39:58 [debug] run next node (351240010137628)             [39m 
[32m2026-03-03 11:39:58 [info]  execution (351241918545921) run instruction [update] for node (351240010137628)[39m workflowId=351240010137600
[34m2026-03-03 11:39:58 [debug] config of node                              [39m data={"usingAssignFormSchema":true,"assignFormSchema":{"_isJSONSchemaObject":true,"version":"2.0","name":"yn6qq6norxm","type":"void","x-component":"Grid","x-initializer":"assignFieldValuesForm:configureFields","properties":{"s7zd8wl23kj":{"_isJSONSchemaObject":true,"version":"2.0","type":"void","x-component":"Grid.Row","properties":{"hx5fzm9mftg":{"_isJSONSchemaObject":true,"version":"2.0","type":"void","x-component":"Grid.Col","properties":{"total_defect":{"_isJSONSchemaObject":true,"version":"2.0","type":"string","name":"total_defect","x-toolbar":"FormItemSchemaToolbar","x-settings":"fieldSettings:FormItem","x-component":"AssignedField","x-decorator":"FormItem","x-collection-field":"collection_quality.total_defect"}},"name":"hx5fzm9mftg"}},"name":"s7zd8wl23kj"}}},"collection":"collection_quality","params":{"individualHooks":false,"filter":{"$and":[{"id":{"$eq":"{{$context.data.f_jmazop48q5l}}"}}]},"values":{"total_defect":"{{$jobsMapByNodeKey.421nbbkd8io}}"}}} workflowId=351240010137600
[34m2026-03-03 11:39:58 [debug] job added to save list: {"result":1,"status":1,"nodeId":351240010137628,"nodeKey":"9teprp6eeb7","id":"9074146700954624","createdAt":"2026-03-03T03:39:58.066Z","updatedAt":"2026-03-03T03:39:58.066Z","executionId":351241918545921}[39m workflowId=351240010137600
[32m2026-03-03 11:39:58 [info]  execution (351241918545921) run instruction [update] for node (351240010137628) finished as status: 1[39m workflowId=351240010137600
[34m2026-03-03 11:39:58 [debug] result of node                              [39m data=1
[34m2026-03-03 11:39:58 [debug] branch ended at node (351240010137628)      [39m 
[34m2026-03-03 11:39:58 [debug] not on main, recall to parent entry node (351240010137628)})[39m workflowId=351240010137600
[32m2026-03-03 11:39:58 [info]  execution (351241918545921) resume instruction [parallel] for node (351240010137613)[39m workflowId=351240010137600
[34m2026-03-03 11:39:58 [debug] config of node                              [39m workflowId=351240010137600
[34m2026-03-03 11:39:58 [debug] job added to save list: {"status":1,"result":[1,1],"nodeId":351240010137613,"nodeKey":"h190hihj2sd","upstreamId":"9074146654817280","id":"9074146659011584","createdAt":"2026-03-03T03:39:58.056Z","updatedAt":"2026-03-03T03:39:58.057Z","executionId":351241918545921}[39m workflowId=351240010137600
[32m2026-03-03 11:39:58 [info]  execution (351241918545921) run instruction [parallel] for node (351240010137613) finished as status: 1[39m workflowId=351240010137600
[34m2026-03-03 11:39:58 [debug] result of node                              [39m data=[1,1]
[34m2026-03-03 11:39:58 [debug] branch ended at node (351240010137613)      [39m 
[32m2026-03-03 11:39:58 [info]  execution (351241918545921) exiting with status 1[39m workflowId=351240010137600
[32m2026-03-03 11:39:58 [info]  execution (351241918545921) finished with status: 1[39m 
[34m2026-03-03 11:39:58 [debug] execution (351241918545921) details:        [39m execution={"createdAt":"2026-03-03T03:39:58.035Z","id":351241918545921,"updatedAt":"2026-03-03T03:39:58.071Z","key":"38fqmwqmwdw","eventKey":"cef4a038-163f-4258-b862-f2d3084fbe50","context":{"data":{"createdAt":"2026-03-03T03:39:58.004Z","updatedAt":"2026-03-03T03:39:58.014Z","f_jmazop48q5l":351241815785472,"defect_classification":"挂机","defect_status":"已关闭","defect":"导入大型文件时系统界面挂机","defect_rank":"level1","priority":"P1","id":351241918545920,"module":null,"label":["已修复","已关闭"],"createdById":1,"updatedById":1,"round":"CC2026R2第二轮测试","__tableName":"defects","__schemaName":"public","parent_summary":{"createdAt":"2026-03-03T03:39:09.088Z","updatedAt":"2026-03-03T03:39:09.091Z","owner_id":"nocobase","id":351241815785472,"total_count":null,"tested_count":null,"defect_count":null,"fixed_count":null,"pending_count":null,"loc":null,"kloc":0,"testing_rate":null,"fix_rate":null,"pending_rate":null,"defect_density":null,"total_defect":null,"module_type":"缺陷汇总","createdById":1,"updatedById":1},"module_ref":[{"createdAt":"2026-03-03T03:39:11.844Z","updatedAt":"2026-03-03T03:39:11.844Z","module_defect_proportion":null,"id":351241819979776,"module_name":"工程图","level_1_count":"0","level_2_count":null,"level_3_count":null,"level_1_fixed":null,"level_2_fixed":null,"level_3_fixed":null,"p1_total":null,"p1_fixed":null,"p2_total":null,"p2_fixed":null,"p3_total":null,"p3_fixed":null,"total_closed":null,"total_delayed":null,"level_1_rollback":null,"level_1_hang":null,"level_1_other":null,"p1_closed":null,"open_count":null,"retest_failed_count":null,"module_total":null,"suggested_count":null,"p2_fixed_rate":null,"p3_fixed_rate":null,"p1_fixed_rate":null,"level_2_fixed_rate":null,"total_fixed":null,"fixed_unupdated":null,"level_3_fixed_rate":null,"level_1_fixed_rate":null,"p1_close_rate":null,"new_issue_total":null,"new_issue_fixed":null,"total_fixed_rate":null,"total_close_rate":null,"createdById":1,"updatedById":1,"round":"CC2026R2第二轮测试","t_5yxbbcczpos":{"createdAt":"2026-03-03T03:39:58.021Z","updatedAt":"2026-03-03T03:39:58.021Z","module_id":351241819979776,"defect_id":351241918545920}},{"createdAt":"2026-03-03T03:39:34.944Z","updatedAt":"2026-03-03T03:39:34.944Z","module_defect_proportion":null,"id":351241868214272,"module_name":"草图","level_1_count":"0","level_2_count":null,"level_3_count":null,"level_1_fixed":null,"level_2_fixed":null,"level_3_fixed":null,"p1_total":null,"p1_fixed":null,"p2_total":null,"p2_fixed":null,"p3_total":null,"p3_fixed":null,"total_closed":null,"total_delayed":null,"level_1_rollback":null,"level_1_hang":null,"level_1_other":null,"p1_closed":null,"open_count":null,"retest_failed_count":null,"module_total":null,"suggested_count":null,"p2_fixed_rate":null,"p3_fixed_rate":null,"p1_fixed_rate":null,"level_2_fixed_rate":null,"total_fixed":null,"fixed_unupdated":null,"level_3_fixed_rate":null,"level_1_fixed_rate":null,"p1_close_rate":null,"new_issue_total":null,"new_issue_fixed":null,"total_fixed_rate":null,"total_close_rate":null,"createdById":1,"updatedById":1,"round":"CC2026R2第二轮测试","t_5yxbbcczpos":{"createdAt":"2026-03-03T03:39:58.021Z","updatedAt":"2026-03-03T03:39:58.021Z","module_id":351241868214272,"defect_id":351241918545920}}],"__collection":"defects"}},"status":1,"dispatched":true,"stack":null,"output":null,"manually":null,"workflowId":351240010137600}
[32m2026-03-03 13:58:49 [info]  toggle OFF workflow 351240010137600         [39m workflowId=351240010137600
[32m2026-03-03 13:58:49 [info]  toggle OFF workflow 351240010137600         [39m workflowId=351240010137600
[32m2026-03-03 14:05:01 [info]  toggle OFF workflow 351240010137600         [39m workflowId=351240010137600
