[32m2026-02-25 16:20:00 [info]  toggle ON workflow 350189273415680          [39m workflowId=350189273415680
[32m2026-02-25 16:21:31 [info]  new event triggered, now events: 1          [39m 
[34m2026-02-25 16:21:31 [debug] event data:                                 [39m context={"data":{"createdAt":"2026-02-25T08:21:14.212Z","updatedAt":"2026-02-25T08:21:14.220Z","defect":"еӣҫзәёй”ҷиҜҜ","defect_rank":"level1","priority":"P1","id":350190147928064,"f_jmazop48q5l":350190036779008,"createdById":1,"updatedById":1,"defect_classification":"еҺҶеҸІйҒ—з•ҷ","module":350190091304960,"label":["еҺҶеҸІйҒ—з•ҷ","е·Ідҝ®еӨҚ"],"defect_status":"е·Ідҝ®еӨҚ"}}
[32m2026-02-25 16:21:31 [info]  preparing execution for event               [39m 
[32m2026-02-25 16:21:31 [info]  execution of workflow 350189273415680 created as 350190183579648[39m 
[32m2026-02-25 16:21:31 [info]  local pending list is empty, adding execution (350190183579648) to pending list[39m 
[32m2026-02-25 16:21:31 [info]  pending execution (350190183579648) ready to process[39m 
[32m2026-02-25 16:21:31 [info]  execution (350190183579648) starting...     [39m 
[32m2026-02-25 16:21:31 [info]  execution (350190183579648) run instruction [aggregate] for node (350189751566336)[39m workflowId=350189273415680
[34m2026-02-25 16:21:31 [debug] config of node                              [39m data={"aggregator":"count","associated":false,"params":{"field":"id","filter":{"$and":[{"module":{"$eq":"{{$context.data.module}}"}}]}},"precision":2,"collection":"defects"} workflowId=350189273415680
[34m2026-02-25 16:21:31 [debug] job added to save list: {"result":0,"status":1,"nodeId":350189751566336,"nodeKey":"hz1h8xku8st","id":"6970676233665536","createdAt":"2026-02-25T08:21:31.626Z","updatedAt":"2026-02-25T08:21:31.626Z","executionId":350190183579648}[39m workflowId=350189273415680
[32m2026-02-25 16:21:31 [info]  execution (350190183579648) run instruction [aggregate] for node (350189751566336) finished as status: 1[39m workflowId=350189273415680
[34m2026-02-25 16:21:31 [debug] result of node                              [39m 
[34m2026-02-25 16:21:31 [debug] run next node (350189273415686)             [39m 
[32m2026-02-25 16:21:31 [info]  execution (350190183579648) run instruction [aggregate] for node (350189273415686)[39m workflowId=350189273415680
[34m2026-02-25 16:21:31 [debug] config of node                              [39m data={"aggregator":"count","associated":false,"params":{"field":"id","filter":{"$and":[{"defect_rank":{"$eq":"level1"}},{"label":{"$noneOf":["еҠҹиғҪеұҸи”Ҫ","е·ІжӢ’з»қ","е»әи®®"]}},{"module":{"$eq":"{{$context.data.module}}"}}]}},"precision":2,"collection":"defects"} workflowId=350189273415680
[34m2026-02-25 16:21:31 [debug] job added to save list: {"result":0,"status":1,"nodeId":350189273415686,"nodeKey":"h14qw1067vw","id":"6970676242054144","createdAt":"2026-02-25T08:21:31.628Z","updatedAt":"2026-02-25T08:21:31.628Z","executionId":350190183579648}[39m workflowId=350189273415680
[32m2026-02-25 16:21:31 [info]  execution (350190183579648) run instruction [aggregate] for node (350189273415686) finished as status: 1[39m workflowId=350189273415680
[34m2026-02-25 16:21:31 [debug] result of node                              [39m 
[34m2026-02-25 16:21:31 [debug] run next node (350189273415684)             [39m 
[32m2026-02-25 16:21:31 [info]  execution (350190183579648) run instruction [aggregate] for node (350189273415684)[39m workflowId=350189273415680
[34m2026-02-25 16:21:31 [debug] config of node                              [39m data={"aggregator":"count","associated":false,"params":{"field":"id","filter":{"$and":[{"defect_rank":{"$eq":"level1"}},{"label":{"$noneOf":["еҠҹиғҪеұҸи”Ҫ","е·ІжӢ’з»қ","е»әи®®"]}},{"$or":[{"label":{"$anyOf":["е·Ідҝ®еӨҚ","еҫ…еҗҲе№¶"]}},{"$and":[{"label":{"$anyOf":["жңӘеӨҚзҺ°"]}},{"defect_status":{"$eq":"е·Іе…ій—ӯ"}}]}]},{"module":{"$eq":"{{$context.data.module}}"}}]}},"precision":2,"collection":"defects"} workflowId=350189273415680
[34m2026-02-25 16:21:31 [debug] job added to save list: {"result":0,"status":1,"nodeId":350189273415684,"nodeKey":"cvcey3i9obe","id":"6970676254637056","createdAt":"2026-02-25T08:21:31.631Z","updatedAt":"2026-02-25T08:21:31.631Z","executionId":350190183579648}[39m workflowId=350189273415680
[32m2026-02-25 16:21:31 [info]  execution (350190183579648) run instruction [aggregate] for node (350189273415684) finished as status: 1[39m workflowId=350189273415680
[34m2026-02-25 16:21:31 [debug] result of node                              [39m 
[34m2026-02-25 16:21:31 [debug] run next node (350189273415683)             [39m 
[32m2026-02-25 16:21:31 [info]  execution (350190183579648) run instruction [aggregate] for node (350189273415683)[39m workflowId=350189273415680
[34m2026-02-25 16:21:31 [debug] config of node                              [39m data={"aggregator":"count","associated":false,"params":{"field":"id","filter":{"$and":[{"defect_rank":{"$eq":"level2"}},{"label":{"$noneOf":["еҠҹиғҪеұҸи”Ҫ","е·ІжӢ’з»қ","е»әи®®"]}},{"module":{"$eq":"{{$context.data.module}}"}}]}},"precision":2,"collection":"defects"} workflowId=350189273415680
[34m2026-02-25 16:21:31 [debug] job added to save list: {"result":0,"status":1,"nodeId":350189273415683,"nodeKey":"52k6055vnrg","id":"6970676263025664","createdAt":"2026-02-25T08:21:31.633Z","updatedAt":"2026-02-25T08:21:31.633Z","executionId":350190183579648}[39m workflowId=350189273415680
[32m2026-02-25 16:21:31 [info]  execution (350190183579648) run instruction [aggregate] for node (350189273415683) finished as status: 1[39m workflowId=350189273415680
[34m2026-02-25 16:21:31 [debug] result of node                              [39m 
[34m2026-02-25 16:21:31 [debug] run next node (350189273415687)             [39m 
[32m2026-02-25 16:21:31 [info]  execution (350190183579648) run instruction [aggregate] for node (350189273415687)[39m workflowId=350189273415680
[34m2026-02-25 16:21:31 [debug] config of node                              [39m data={"aggregator":"count","associated":false,"params":{"field":"id","filter":{"$and":[{"defect_rank":{"$eq":"level2"}},{"label":{"$noneOf":["еҠҹиғҪеұҸи”Ҫ","е·ІжӢ’з»қ","е»әи®®"]}},{"$or":[{"label":{"$anyOf":["е·Ідҝ®еӨҚ","еҫ…еҗҲе№¶"]}},{"$and":[{"label":{"$anyOf":["жңӘеӨҚзҺ°"]}},{"defect_status":{"$eq":"е·Іе…ій—ӯ"}}]}]},{"module":{"$eq":"{{$context.data.module}}"}}]}},"precision":2,"collection":"defects"} workflowId=350189273415680
[34m2026-02-25 16:21:31 [debug] job added to save list: {"result":0,"status":1,"nodeId":350189273415687,"nodeKey":"1fpxh7sjq4k","id":"6970676275608576","createdAt":"2026-02-25T08:21:31.636Z","updatedAt":"2026-02-25T08:21:31.636Z","executionId":350190183579648}[39m workflowId=350189273415680
[32m2026-02-25 16:21:31 [info]  execution (350190183579648) run instruction [aggregate] for node (350189273415687) finished as status: 1[39m workflowId=350189273415680
[34m2026-02-25 16:21:31 [debug] result of node                              [39m 
[34m2026-02-25 16:21:31 [debug] run next node (350189273415682)             [39m 
[32m2026-02-25 16:21:31 [info]  execution (350190183579648) run instruction [aggregate] for node (350189273415682)[39m workflowId=350189273415680
[34m2026-02-25 16:21:31 [debug] config of node                              [39m data={"aggregator":"count","associated":false,"params":{"field":"id","filter":{"$and":[{"defect_rank":{"$eq":"level3"}},{"label":{"$noneOf":["еҠҹиғҪеұҸи”Ҫ","е·ІжӢ’з»қ","е»әи®®"]}},{"module":{"$eq":"{{$context.data.module}}"}}]}},"precision":2,"collection":"defects"} workflowId=350189273415680
[34m2026-02-25 16:21:31 [debug] job added to save list: {"result":0,"status":1,"nodeId":350189273415682,"nodeKey":"t5m287ao4ea","id":"6970676283997184","createdAt":"2026-02-25T08:21:31.638Z","updatedAt":"2026-02-25T08:21:31.638Z","executionId":350190183579648}[39m workflowId=350189273415680
[32m2026-02-25 16:21:31 [info]  execution (350190183579648) run instruction [aggregate] for node (350189273415682) finished as status: 1[39m workflowId=350189273415680
[34m2026-02-25 16:21:31 [debug] result of node                              [39m 
[34m2026-02-25 16:21:31 [debug] run next node (350189273415681)             [39m 
[32m2026-02-25 16:21:31 [info]  execution (350190183579648) run instruction [aggregate] for node (350189273415681)[39m workflowId=350189273415680
[34m2026-02-25 16:21:31 [debug] config of node                              [39m data={"aggregator":"count","associated":false,"params":{"field":"id","filter":{"$and":[{"defect_rank":{"$eq":"level3"}},{"label":{"$noneOf":["еҠҹиғҪеұҸи”Ҫ","е·ІжӢ’з»қ","е»әи®®"]}},{"$or":[{"label":{"$anyOf":["еҫ…еҗҲе№¶","е·Ідҝ®еӨҚ"]}},{"$and":[{"label":{"$anyOf":["жңӘеӨҚзҺ°"]}},{"defect_status":{"$eq":"е·Іе…ій—ӯ"}}]}]},{"module":{"$eq":"{{$context.data.module}}"}}]}},"precision":2,"collection":"defects"} workflowId=350189273415680
[34m2026-02-25 16:21:31 [debug] job added to save list: {"result":0,"status":1,"nodeId":350189273415681,"nodeKey":"je6ex9hwdlz","id":"6970676300774400","createdAt":"2026-02-25T08:21:31.642Z","updatedAt":"2026-02-25T08:21:31.642Z","executionId":350190183579648}[39m workflowId=350189273415680
[32m2026-02-25 16:21:31 [info]  execution (350190183579648) run instruction [aggregate] for node (350189273415681) finished as status: 1[39m workflowId=350189273415680
[34m2026-02-25 16:21:31 [debug] result of node                              [39m 
[34m2026-02-25 16:21:31 [debug] run next node (350189273415685)             [39m 
[32m2026-02-25 16:21:31 [info]  execution (350190183579648) run instruction [update] for node (350189273415685)[39m workflowId=350189273415680
[34m2026-02-25 16:21:31 [debug] config of node                              [39m data={"usingAssignFormSchema":true,"assignFormSchema":{"_isJSONSchemaObject":true,"version":"2.0","name":"z36wx6jbrw9","type":"void","x-component":"Grid","x-initializer":"assignFieldValuesForm:configureFields","properties":{"i1v4kp5ixw1":{"_isJSONSchemaObject":true,"version":"2.0","type":"void","x-component":"Grid.Row","properties":{"m57in1bxqre":{"_isJSONSchemaObject":true,"version":"2.0","type":"void","x-component":"Grid.Col","properties":{"level_1_count":{"_isJSONSchemaObject":true,"version":"2.0","type":"string","name":"level_1_count","x-toolbar":"FormItemSchemaToolbar","x-settings":"fieldSettings:FormItem","x-component":"AssignedField","x-decorator":"FormItem","x-collection-field":"module_summaries.level_1_count"}},"name":"m57in1bxqre"}},"name":"i1v4kp5ixw1"},"28tkyaas4rv":{"_isJSONSchemaObject":true,"version":"2.0","type":"void","x-component":"Grid.Row","properties":{"aubadkxorcs":{"_isJSONSchemaObject":true,"version":"2.0","type":"void","x-component":"Grid.Col","properties":{"level_1_fixed":{"_isJSONSchemaObject":true,"version":"2.0","type":"string","name":"level_1_fixed","x-toolbar":"FormItemSchemaToolbar","x-settings":"fieldSettings:FormItem","x-component":"AssignedField","x-decorator":"FormItem","x-collection-field":"module_summaries.level_1_fixed"}},"name":"aubadkxorcs"}},"name":"28tkyaas4rv"},"87dzfrypjv5":{"_isJSONSchemaObject":true,"version":"2.0","type":"void","x-component":"Grid.Row","properties":{"00u2e0hze8y":{"_isJSONSchemaObject":true,"version":"2.0","type":"void","x-component":"Grid.Col","properties":{"level_2_count":{"_isJSONSchemaObject":true,"version":"2.0","type":"string","name":"level_2_count","x-toolbar":"FormItemSchemaToolbar","x-settings":"fieldSettings:FormItem","x-component":"AssignedField","x-decorator":"FormItem","x-collection-field":"module_summaries.level_2_count"}},"name":"00u2e0hze8y"}},"name":"87dzfrypjv5"},"sr9fb2g83wa":{"_isJSONSchemaObject":true,"version":"2.0","type":"void","x-component":"Grid.Row","properties":{"mctr2nubczg":{"_isJSONSchemaObject":true,"version":"2.0","type":"void","x-component":"Grid.Col","properties":{"level_2_fixed":{"_isJSONSchemaObject":true,"version":"2.0","type":"string","name":"level_2_fixed","x-toolbar":"FormItemSchemaToolbar","x-settings":"fieldSettings:FormItem","x-component":"AssignedField","x-decorator":"FormItem","x-collection-field":"module_summaries.level_2_fixed"}},"name":"mctr2nubczg"}},"name":"sr9fb2g83wa"},"robhdmi5xfc":{"_isJSONSchemaObject":true,"version":"2.0","type":"void","x-component":"Grid.Row","properties":{"d7pyy4ts79k":{"_isJSONSchemaObject":true,"version":"2.0","type":"void","x-component":"Grid.Col","properties":{"level_3_count":{"_isJSONSchemaObject":true,"version":"2.0","type":"string","name":"level_3_count","x-toolbar":"FormItemSchemaToolbar","x-settings":"fieldSettings:FormItem","x-component":"AssignedField","x-decorator":"FormItem","x-collection-field":"module_summaries.level_3_count"}},"name":"d7pyy4ts79k"}},"name":"robhdmi5xfc"},"9ykwa93dd5w":{"_isJSONSchemaObject":true,"version":"2.0","type":"void","x-component":"Grid.Row","properties":{"0nkrxq50w1f":{"_isJSONSchemaObject":true,"version":"2.0","type":"void","x-component":"Grid.Col","properties":{"level_3_fixed":{"_isJSONSchemaObject":true,"version":"2.0","type":"string","name":"level_3_fixed","x-toolbar":"FormItemSchemaToolbar","x-settings":"fieldSettings:FormItem","x-component":"AssignedField","x-decorator":"FormItem","x-collection-field":"module_summaries.level_3_fixed"}},"name":"0nkrxq50w1f"}},"name":"9ykwa93dd5w"}}},"collection":"module_summaries","params":{"individualHooks":false,"filter":{"$and":[{"id":{"$eq":"{{$context.data.module}}"}}]},"values":{"level_1_count":"{{$jobsMapByNodeKey.h14qw1067vw}}","level_1_fixed":"{{$jobsMapByNodeKey.cvcey3i9obe}}","level_2_count":"{{$jobsMapByNodeKey.52k6055vnrg}}","level_2_fixed":"{{$jobsMapByNodeKey.1fpxh7sjq4k}}","level_3_count":"{{$jobsMapByNodeKey.t5m287ao4ea}}","level_3_fixed":"{{$jobsMapByNodeKey.je6ex9hwdlz}}"}}} workflowId=350189273415680
[34m2026-02-25 16:21:31 [debug] job added to save list: {"result":1,"status":1,"nodeId":350189273415685,"nodeKey":"iz8nj3ykg09","id":"6970676317551616","createdAt":"2026-02-25T08:21:31.646Z","updatedAt":"2026-02-25T08:21:31.646Z","executionId":350190183579648}[39m workflowId=350189273415680
[32m2026-02-25 16:21:31 [info]  execution (350190183579648) run instruction [update] for node (350189273415685) finished as status: 1[39m workflowId=350189273415680
[34m2026-02-25 16:21:31 [debug] result of node                              [39m data=1
[34m2026-02-25 16:21:31 [debug] run next node (350189300678656)             [39m 
[32m2026-02-25 16:21:31 [info]  execution (350190183579648) run instruction [update] for node (350189300678656)[39m workflowId=350189273415680
[34m2026-02-25 16:21:31 [debug] config of node                              [39m data={"usingAssignFormSchema":true,"assignFormSchema":{"_isJSONSchemaObject":true,"version":"2.0","name":"dxm873y6jcb","type":"void","x-component":"Grid","x-initializer":"assignFieldValuesForm:configureFields","properties":{"5d2et6fg71w":{"_isJSONSchemaObject":true,"version":"2.0","type":"void","x-component":"Grid.Row","properties":{"t12b4mcfwmq":{"_isJSONSchemaObject":true,"version":"2.0","type":"void","x-component":"Grid.Col","properties":{"total_defect":{"_isJSONSchemaObject":true,"version":"2.0","type":"string","name":"total_defect","x-toolbar":"FormItemSchemaToolbar","x-settings":"fieldSettings:FormItem","x-component":"AssignedField","x-decorator":"FormItem","x-collection-field":"collection_quality.total_defect"}},"name":"t12b4mcfwmq"}},"name":"5d2et6fg71w"}}},"collection":"collection_quality","params":{"individualHooks":false,"filter":{"$and":[{"id":{"$eq":"{{$context.data.module}}"}}]},"values":{"total_defect":"{{$jobsMapByNodeKey.hz1h8xku8st}}"}}} workflowId=350189273415680
[34m2026-02-25 16:21:31 [debug] job added to save list: {"result":0,"status":1,"nodeId":350189300678656,"nodeKey":"gm3gklarhf7","id":"6970676334328832","createdAt":"2026-02-25T08:21:31.650Z","updatedAt":"2026-02-25T08:21:31.650Z","executionId":350190183579648}[39m workflowId=350189273415680
[32m2026-02-25 16:21:31 [info]  execution (350190183579648) run instruction [update] for node (350189300678656) finished as status: 1[39m workflowId=350189273415680
[34m2026-02-25 16:21:31 [debug] result of node                              [39m 
[34m2026-02-25 16:21:31 [debug] branch ended at node (350189300678656)      [39m 
[32m2026-02-25 16:21:31 [info]  execution (350190183579648) exiting with status 1[39m workflowId=350189273415680
[32m2026-02-25 16:21:31 [info]  execution (350190183579648) finished with status: 1[39m 
[34m2026-02-25 16:21:31 [debug] execution (350190183579648) details:        [39m execution={"createdAt":"2026-02-25T08:21:31.613Z","id":350190183579648,"updatedAt":"2026-02-25T08:21:31.653Z","key":"y5dhtirx5t1","eventKey":"516cf495-d553-4d4d-be18-5fa52ff4b796","context":{"data":{"createdAt":"2026-02-25T08:21:14.212Z","updatedAt":"2026-02-25T08:21:14.220Z","defect":"еӣҫзәёй”ҷиҜҜ","defect_rank":"level1","priority":"P1","id":350190147928064,"f_jmazop48q5l":350190036779008,"createdById":1,"updatedById":1,"defect_classification":"еҺҶеҸІйҒ—з•ҷ","module":350190091304960,"label":["еҺҶеҸІйҒ—з•ҷ","е·Ідҝ®еӨҚ"],"defect_status":"е·Ідҝ®еӨҚ"}},"status":1,"dispatched":true,"stack":null,"output":null,"manually":null,"workflowId":350189273415680}
[32m2026-02-25 16:25:56 [info]  new event triggered, now events: 1          [39m 
[34m2026-02-25 16:25:56 [debug] event data:                                 [39m context={"data":{"createdAt":"2026-02-25T08:25:41.160Z","updatedAt":"2026-02-25T08:25:41.165Z","defect":"еӣҫзәёй”ҷиҜҜ","defect_rank":"level1","priority":"P1","id":350190707867648,"f_jmazop48q5l":350190389100544,"createdById":1,"updatedById":1,"defect_classification":"еҺҶеҸІйҒ—з•ҷ","module":350190387003392,"label":["еҺҶеҸІйҒ—з•ҷ","е·Ідҝ®еӨҚ"],"defect_status":"е·Ідҝ®еӨҚ"}}
[32m2026-02-25 16:25:56 [info]  preparing execution for event               [39m 
[32m2026-02-25 16:25:56 [info]  execution of workflow 350189273415680 created as 350190739324928[39m 
[32m2026-02-25 16:25:56 [info]  local pending list is empty, adding execution (350190739324928) to pending list[39m 
[32m2026-02-25 16:25:56 [info]  pending execution (350190739324928) ready to process[39m 
[32m2026-02-25 16:25:56 [info]  execution (350190739324928) starting...     [39m 
[32m2026-02-25 16:25:56 [info]  execution (350190739324928) run instruction [aggregate] for node (350189751566336)[39m workflowId=350189273415680
[34m2026-02-25 16:25:56 [debug] config of node                              [39m data={"aggregator":"count","associated":false,"params":{"field":"id","filter":{"$and":[{"module":{"$eq":"{{$context.data.module}}"}}]}},"precision":2,"collection":"defects"} workflowId=350189273415680
[34m2026-02-25 16:25:56 [debug] job added to save list: {"result":0,"status":1,"nodeId":350189751566336,"nodeKey":"hz1h8xku8st","id":"6971788525337600","createdAt":"2026-02-25T08:25:56.817Z","updatedAt":"2026-02-25T08:25:56.817Z","executionId":350190739324928}[39m workflowId=350189273415680
[32m2026-02-25 16:25:56 [info]  execution (350190739324928) run instruction [aggregate] for node (350189751566336) finished as status: 1[39m workflowId=350189273415680
[34m2026-02-25 16:25:56 [debug] result of node                              [39m 
[34m2026-02-25 16:25:56 [debug] run next node (350189273415686)             [39m 
[32m2026-02-25 16:25:56 [info]  execution (350190739324928) run instruction [aggregate] for node (350189273415686)[39m workflowId=350189273415680
[34m2026-02-25 16:25:56 [debug] config of node                              [39m data={"aggregator":"count","associated":false,"params":{"field":"id","filter":{"$and":[{"defect_rank":{"$eq":"level1"}},{"label":{"$noneOf":["еҠҹиғҪеұҸи”Ҫ","е·ІжӢ’з»қ","е»әи®®"]}},{"module":{"$eq":"{{$context.data.module}}"}}]}},"precision":2,"collection":"defects"} workflowId=350189273415680
[34m2026-02-25 16:25:56 [debug] job added to save list: {"result":0,"status":1,"nodeId":350189273415686,"nodeKey":"h14qw1067vw","id":"6971788542114816","createdAt":"2026-02-25T08:25:56.821Z","updatedAt":"2026-02-25T08:25:56.821Z","executionId":350190739324928}[39m workflowId=350189273415680
[32m2026-02-25 16:25:56 [info]  execution (350190739324928) run instruction [aggregate] for node (350189273415686) finished as status: 1[39m workflowId=350189273415680
[34m2026-02-25 16:25:56 [debug] result of node                              [39m 
[34m2026-02-25 16:25:56 [debug] run next node (350189273415684)             [39m 
[32m2026-02-25 16:25:56 [info]  execution (350190739324928) run instruction [aggregate] for node (350189273415684)[39m workflowId=350189273415680
[34m2026-02-25 16:25:56 [debug] config of node                              [39m data={"aggregator":"count","associated":false,"params":{"field":"id","filter":{"$and":[{"defect_rank":{"$eq":"level1"}},{"label":{"$noneOf":["еҠҹиғҪеұҸи”Ҫ","е·ІжӢ’з»қ","е»әи®®"]}},{"$or":[{"label":{"$anyOf":["е·Ідҝ®еӨҚ","еҫ…еҗҲе№¶"]}},{"$and":[{"label":{"$anyOf":["жңӘеӨҚзҺ°"]}},{"defect_status":{"$eq":"е·Іе…ій—ӯ"}}]}]},{"module":{"$eq":"{{$context.data.module}}"}}]}},"precision":2,"collection":"defects"} workflowId=350189273415680
[34m2026-02-25 16:25:56 [debug] job added to save list: {"result":0,"status":1,"nodeId":350189273415684,"nodeKey":"cvcey3i9obe","id":"6971788554697728","createdAt":"2026-02-25T08:25:56.824Z","updatedAt":"2026-02-25T08:25:56.824Z","executionId":350190739324928}[39m workflowId=350189273415680
[32m2026-02-25 16:25:56 [info]  execution (350190739324928) run instruction [aggregate] for node (350189273415684) finished as status: 1[39m workflowId=350189273415680
[34m2026-02-25 16:25:56 [debug] result of node                              [39m 
[34m2026-02-25 16:25:56 [debug] run next node (350189273415683)             [39m 
[32m2026-02-25 16:25:56 [info]  execution (350190739324928) run instruction [aggregate] for node (350189273415683)[39m workflowId=350189273415680
[34m2026-02-25 16:25:56 [debug] config of node                              [39m data={"aggregator":"count","associated":false,"params":{"field":"id","filter":{"$and":[{"defect_rank":{"$eq":"level2"}},{"label":{"$noneOf":["еҠҹиғҪеұҸи”Ҫ","е·ІжӢ’з»қ","е»әи®®"]}},{"module":{"$eq":"{{$context.data.module}}"}}]}},"precision":2,"collection":"defects"} workflowId=350189273415680
[34m2026-02-25 16:25:56 [debug] job added to save list: {"result":0,"status":1,"nodeId":350189273415683,"nodeKey":"52k6055vnrg","id":"6971788563086336","createdAt":"2026-02-25T08:25:56.826Z","updatedAt":"2026-02-25T08:25:56.826Z","executionId":350190739324928}[39m workflowId=350189273415680
[32m2026-02-25 16:25:56 [info]  execution (350190739324928) run instruction [aggregate] for node (350189273415683) finished as status: 1[39m workflowId=350189273415680
[34m2026-02-25 16:25:56 [debug] result of node                              [39m 
[34m2026-02-25 16:25:56 [debug] run next node (350189273415687)             [39m 
[32m2026-02-25 16:25:56 [info]  execution (350190739324928) run instruction [aggregate] for node (350189273415687)[39m workflowId=350189273415680
[34m2026-02-25 16:25:56 [debug] config of node                              [39m data={"aggregator":"count","associated":false,"params":{"field":"id","filter":{"$and":[{"defect_rank":{"$eq":"level2"}},{"label":{"$noneOf":["еҠҹиғҪеұҸи”Ҫ","е·ІжӢ’з»қ","е»әи®®"]}},{"$or":[{"label":{"$anyOf":["е·Ідҝ®еӨҚ","еҫ…еҗҲе№¶"]}},{"$and":[{"label":{"$anyOf":["жңӘеӨҚзҺ°"]}},{"defect_status":{"$eq":"е·Іе…ій—ӯ"}}]}]},{"module":{"$eq":"{{$context.data.module}}"}}]}},"precision":2,"collection":"defects"} workflowId=350189273415680
[34m2026-02-25 16:25:56 [debug] job added to save list: {"result":0,"status":1,"nodeId":350189273415687,"nodeKey":"1fpxh7sjq4k","id":"6971788571474944","createdAt":"2026-02-25T08:25:56.828Z","updatedAt":"2026-02-25T08:25:56.828Z","executionId":350190739324928}[39m workflowId=350189273415680
[32m2026-02-25 16:25:56 [info]  execution (350190739324928) run instruction [aggregate] for node (350189273415687) finished as status: 1[39m workflowId=350189273415680
[34m2026-02-25 16:25:56 [debug] result of node                              [39m 
[34m2026-02-25 16:25:56 [debug] run next node (350189273415682)             [39m 
[32m2026-02-25 16:25:56 [info]  execution (350190739324928) run instruction [aggregate] for node (350189273415682)[39m workflowId=350189273415680
[34m2026-02-25 16:25:56 [debug] config of node                              [39m data={"aggregator":"count","associated":false,"params":{"field":"id","filter":{"$and":[{"defect_rank":{"$eq":"level3"}},{"label":{"$noneOf":["еҠҹиғҪеұҸи”Ҫ","е·ІжӢ’з»қ","е»әи®®"]}},{"module":{"$eq":"{{$context.data.module}}"}}]}},"precision":2,"collection":"defects"} workflowId=350189273415680
[34m2026-02-25 16:25:56 [debug] job added to save list: {"result":0,"status":1,"nodeId":350189273415682,"nodeKey":"t5m287ao4ea","id":"6971788579863552","createdAt":"2026-02-25T08:25:56.830Z","updatedAt":"2026-02-25T08:25:56.830Z","executionId":350190739324928}[39m workflowId=350189273415680
[32m2026-02-25 16:25:56 [info]  execution (350190739324928) run instruction [aggregate] for node (350189273415682) finished as status: 1[39m workflowId=350189273415680
[34m2026-02-25 16:25:56 [debug] result of node                              [39m 
[34m2026-02-25 16:25:56 [debug] run next node (350189273415681)             [39m 
[32m2026-02-25 16:25:56 [info]  execution (350190739324928) run instruction [aggregate] for node (350189273415681)[39m workflowId=350189273415680
[34m2026-02-25 16:25:56 [debug] config of node                              [39m data={"aggregator":"count","associated":false,"params":{"field":"id","filter":{"$and":[{"defect_rank":{"$eq":"level3"}},{"label":{"$noneOf":["еҠҹиғҪеұҸи”Ҫ","е·ІжӢ’з»қ","е»әи®®"]}},{"$or":[{"label":{"$anyOf":["еҫ…еҗҲе№¶","е·Ідҝ®еӨҚ"]}},{"$and":[{"label":{"$anyOf":["жңӘеӨҚзҺ°"]}},{"defect_status":{"$eq":"е·Іе…ій—ӯ"}}]}]},{"module":{"$eq":"{{$context.data.module}}"}}]}},"precision":2,"collection":"defects"} workflowId=350189273415680
[34m2026-02-25 16:25:56 [debug] job added to save list: {"result":0,"status":1,"nodeId":350189273415681,"nodeKey":"je6ex9hwdlz","id":"6971788592446464","createdAt":"2026-02-25T08:25:56.833Z","updatedAt":"2026-02-25T08:25:56.833Z","executionId":350190739324928}[39m workflowId=350189273415680
[32m2026-02-25 16:25:56 [info]  execution (350190739324928) run instruction [aggregate] for node (350189273415681) finished as status: 1[39m workflowId=350189273415680
[34m2026-02-25 16:25:56 [debug] result of node                              [39m 
[34m2026-02-25 16:25:56 [debug] run next node (350189273415685)             [39m 
[32m2026-02-25 16:25:56 [info]  execution (350190739324928) run instruction [update] for node (350189273415685)[39m workflowId=350189273415680
[34m2026-02-25 16:25:56 [debug] config of node                              [39m data={"usingAssignFormSchema":true,"assignFormSchema":{"_isJSONSchemaObject":true,"version":"2.0","name":"z36wx6jbrw9","type":"void","x-component":"Grid","x-initializer":"assignFieldValuesForm:configureFields","properties":{"i1v4kp5ixw1":{"_isJSONSchemaObject":true,"version":"2.0","type":"void","x-component":"Grid.Row","properties":{"m57in1bxqre":{"_isJSONSchemaObject":true,"version":"2.0","type":"void","x-component":"Grid.Col","properties":{"level_1_count":{"_isJSONSchemaObject":true,"version":"2.0","type":"string","name":"level_1_count","x-toolbar":"FormItemSchemaToolbar","x-settings":"fieldSettings:FormItem","x-component":"AssignedField","x-decorator":"FormItem","x-collection-field":"module_summaries.level_1_count"}},"name":"m57in1bxqre"}},"name":"i1v4kp5ixw1"},"28tkyaas4rv":{"_isJSONSchemaObject":true,"version":"2.0","type":"void","x-component":"Grid.Row","properties":{"aubadkxorcs":{"_isJSONSchemaObject":true,"version":"2.0","type":"void","x-component":"Grid.Col","properties":{"level_1_fixed":{"_isJSONSchemaObject":true,"version":"2.0","type":"string","name":"level_1_fixed","x-toolbar":"FormItemSchemaToolbar","x-settings":"fieldSettings:FormItem","x-component":"AssignedField","x-decorator":"FormItem","x-collection-field":"module_summaries.level_1_fixed"}},"name":"aubadkxorcs"}},"name":"28tkyaas4rv"},"87dzfrypjv5":{"_isJSONSchemaObject":true,"version":"2.0","type":"void","x-component":"Grid.Row","properties":{"00u2e0hze8y":{"_isJSONSchemaObject":true,"version":"2.0","type":"void","x-component":"Grid.Col","properties":{"level_2_count":{"_isJSONSchemaObject":true,"version":"2.0","type":"string","name":"level_2_count","x-toolbar":"FormItemSchemaToolbar","x-settings":"fieldSettings:FormItem","x-component":"AssignedField","x-decorator":"FormItem","x-collection-field":"module_summaries.level_2_count"}},"name":"00u2e0hze8y"}},"name":"87dzfrypjv5"},"sr9fb2g83wa":{"_isJSONSchemaObject":true,"version":"2.0","type":"void","x-component":"Grid.Row","properties":{"mctr2nubczg":{"_isJSONSchemaObject":true,"version":"2.0","type":"void","x-component":"Grid.Col","properties":{"level_2_fixed":{"_isJSONSchemaObject":true,"version":"2.0","type":"string","name":"level_2_fixed","x-toolbar":"FormItemSchemaToolbar","x-settings":"fieldSettings:FormItem","x-component":"AssignedField","x-decorator":"FormItem","x-collection-field":"module_summaries.level_2_fixed"}},"name":"mctr2nubczg"}},"name":"sr9fb2g83wa"},"robhdmi5xfc":{"_isJSONSchemaObject":true,"version":"2.0","type":"void","x-component":"Grid.Row","properties":{"d7pyy4ts79k":{"_isJSONSchemaObject":true,"version":"2.0","type":"void","x-component":"Grid.Col","properties":{"level_3_count":{"_isJSONSchemaObject":true,"version":"2.0","type":"string","name":"level_3_count","x-toolbar":"FormItemSchemaToolbar","x-settings":"fieldSettings:FormItem","x-component":"AssignedField","x-decorator":"FormItem","x-collection-field":"module_summaries.level_3_count"}},"name":"d7pyy4ts79k"}},"name":"robhdmi5xfc"},"9ykwa93dd5w":{"_isJSONSchemaObject":true,"version":"2.0","type":"void","x-component":"Grid.Row","properties":{"0nkrxq50w1f":{"_isJSONSchemaObject":true,"version":"2.0","type":"void","x-component":"Grid.Col","properties":{"level_3_fixed":{"_isJSONSchemaObject":true,"version":"2.0","type":"string","name":"level_3_fixed","x-toolbar":"FormItemSchemaToolbar","x-settings":"fieldSettings:FormItem","x-component":"AssignedField","x-decorator":"FormItem","x-collection-field":"module_summaries.level_3_fixed"}},"name":"0nkrxq50w1f"}},"name":"9ykwa93dd5w"}}},"collection":"module_summaries","params":{"individualHooks":false,"filter":{"$and":[{"id":{"$eq":"{{$context.data.module}}"}}]},"values":{"level_1_count":"{{$jobsMapByNodeKey.h14qw1067vw}}","level_1_fixed":"{{$jobsMapByNodeKey.cvcey3i9obe}}","level_2_count":"{{$jobsMapByNodeKey.52k6055vnrg}}","level_2_fixed":"{{$jobsMapByNodeKey.1fpxh7sjq4k}}","level_3_count":"{{$jobsMapByNodeKey.t5m287ao4ea}}","level_3_fixed":"{{$jobsMapByNodeKey.je6ex9hwdlz}}"}}} workflowId=350189273415680
[34m2026-02-25 16:25:56 [debug] job added to save list: {"result":1,"status":1,"nodeId":350189273415685,"nodeKey":"iz8nj3ykg09","id":"6971788634389504","createdAt":"2026-02-25T08:25:56.843Z","updatedAt":"2026-02-25T08:25:56.843Z","executionId":350190739324928}[39m workflowId=350189273415680
[32m2026-02-25 16:25:56 [info]  execution (350190739324928) run instruction [update] for node (350189273415685) finished as status: 1[39m workflowId=350189273415680
[34m2026-02-25 16:25:56 [debug] result of node                              [39m data=1
[34m2026-02-25 16:25:56 [debug] run next node (350189300678656)             [39m 
[32m2026-02-25 16:25:56 [info]  execution (350190739324928) run instruction [update] for node (350189300678656)[39m workflowId=350189273415680
[34m2026-02-25 16:25:56 [debug] config of node                              [39m data={"usingAssignFormSchema":true,"assignFormSchema":{"_isJSONSchemaObject":true,"version":"2.0","name":"dxm873y6jcb","type":"void","x-component":"Grid","x-initializer":"assignFieldValuesForm:configureFields","properties":{"5d2et6fg71w":{"_isJSONSchemaObject":true,"version":"2.0","type":"void","x-component":"Grid.Row","properties":{"t12b4mcfwmq":{"_isJSONSchemaObject":true,"version":"2.0","type":"void","x-component":"Grid.Col","properties":{"total_defect":{"_isJSONSchemaObject":true,"version":"2.0","type":"string","name":"total_defect","x-toolbar":"FormItemSchemaToolbar","x-settings":"fieldSettings:FormItem","x-component":"AssignedField","x-decorator":"FormItem","x-collection-field":"collection_quality.total_defect"}},"name":"t12b4mcfwmq"}},"name":"5d2et6fg71w"}}},"collection":"collection_quality","params":{"individualHooks":false,"filter":{"$and":[{"id":{"$eq":"{{$context.data.module}}"}}]},"values":{"total_defect":"{{$jobsMapByNodeKey.hz1h8xku8st}}"}}} workflowId=350189273415680
[34m2026-02-25 16:25:56 [debug] job added to save list: {"result":0,"status":1,"nodeId":350189300678656,"nodeKey":"gm3gklarhf7","id":"6971788646972416","createdAt":"2026-02-25T08:25:56.846Z","updatedAt":"2026-02-25T08:25:56.846Z","executionId":350190739324928}[39m workflowId=350189273415680
[32m2026-02-25 16:25:56 [info]  execution (350190739324928) run instruction [update] for node (350189300678656) finished as status: 1[39m workflowId=350189273415680
[34m2026-02-25 16:25:56 [debug] result of node                              [39m 
[34m2026-02-25 16:25:56 [debug] branch ended at node (350189300678656)      [39m 
[32m2026-02-25 16:25:56 [info]  execution (350190739324928) exiting with status 1[39m workflowId=350189273415680
[32m2026-02-25 16:25:56 [info]  execution (350190739324928) finished with status: 1[39m 
[34m2026-02-25 16:25:56 [debug] execution (350190739324928) details:        [39m execution={"createdAt":"2026-02-25T08:25:56.808Z","id":350190739324928,"updatedAt":"2026-02-25T08:25:56.849Z","key":"y5dhtirx5t1","eventKey":"71d732ba-7ffd-47cd-8f6c-7fd60b44d01d","context":{"data":{"createdAt":"2026-02-25T08:25:41.160Z","updatedAt":"2026-02-25T08:25:41.165Z","defect":"еӣҫзәёй”ҷиҜҜ","defect_rank":"level1","priority":"P1","id":350190707867648,"f_jmazop48q5l":350190389100544,"createdById":1,"updatedById":1,"defect_classification":"еҺҶеҸІйҒ—з•ҷ","module":350190387003392,"label":["еҺҶеҸІйҒ—з•ҷ","е·Ідҝ®еӨҚ"],"defect_status":"е·Ідҝ®еӨҚ"}},"status":1,"dispatched":true,"stack":null,"output":null,"manually":null,"workflowId":350189273415680}
[32m2026-02-25 16:44:25 [info]  new event triggered, now events: 1          [39m 
[34m2026-02-25 16:44:25 [debug] event data:                                 [39m context={"data":{"createdAt":"2026-02-25T08:42:17.165Z","updatedAt":"2026-02-25T08:42:17.170Z","defect":"еӣҫзәёжҳҫзӨәдёҚе…Ё","defect_rank":"level1","priority":"P1","id":350192796631040,"f_jmazop48q5l":350190389100544,"createdById":1,"updatedById":1,"defect_classification":"зҪ‘йҖҖ","module":350190387003392,"label":["еҺҶеҸІйҒ—з•ҷ"],"defect_status":"еҫ…дҝ®еӨҚ"}}
[32m2026-02-25 16:44:25 [info]  preparing execution for event               [39m 
[32m2026-02-25 16:44:25 [info]  execution of workflow 350189273415680 created as 350193065066496[39m 
[32m2026-02-25 16:44:25 [info]  local pending list is empty, adding execution (350193065066496) to pending list[39m 
[32m2026-02-25 16:44:25 [info]  pending execution (350193065066496) ready to process[39m 
[32m2026-02-25 16:44:25 [info]  execution (350193065066496) starting...     [39m 
[32m2026-02-25 16:44:25 [info]  execution (350193065066496) run instruction [aggregate] for node (350189751566336)[39m workflowId=350189273415680
[34m2026-02-25 16:44:25 [debug] config of node                              [39m data={"aggregator":"count","associated":false,"params":{"field":"id","filter":{"$and":[{"module":{"$eq":"{{$context.data.module}}"}}]}},"precision":2,"collection":"defects"} workflowId=350189273415680
[34m2026-02-25 16:44:25 [debug] job added to save list: {"result":0,"status":1,"nodeId":350189751566336,"nodeKey":"hz1h8xku8st","id":"6976440323046400","createdAt":"2026-02-25T08:44:25.892Z","updatedAt":"2026-02-25T08:44:25.892Z","executionId":350193065066496}[39m workflowId=350189273415680
[32m2026-02-25 16:44:25 [info]  execution (350193065066496) run instruction [aggregate] for node (350189751566336) finished as status: 1[39m workflowId=350189273415680
[34m2026-02-25 16:44:25 [debug] result of node                              [39m 
[34m2026-02-25 16:44:25 [debug] run next node (350189273415686)             [39m 
[32m2026-02-25 16:44:25 [info]  execution (350193065066496) run instruction [aggregate] for node (350189273415686)[39m workflowId=350189273415680
[34m2026-02-25 16:44:25 [debug] config of node                              [39m data={"aggregator":"count","associated":false,"params":{"field":"id","filter":{"$and":[{"defect_rank":{"$eq":"level1"}},{"label":{"$noneOf":["еҠҹиғҪеұҸи”Ҫ","е·ІжӢ’з»қ","е»әи®®"]}},{"module":{"$eq":"{{$context.data.module}}"}}]}},"precision":2,"collection":"defects"} workflowId=350189273415680
[34m2026-02-25 16:44:25 [debug] job added to save list: {"result":0,"status":1,"nodeId":350189273415686,"nodeKey":"h14qw1067vw","id":"6976440344017920","createdAt":"2026-02-25T08:44:25.897Z","updatedAt":"2026-02-25T08:44:25.897Z","executionId":350193065066496}[39m workflowId=350189273415680
[32m2026-02-25 16:44:25 [info]  execution (350193065066496) run instruction [aggregate] for node (350189273415686) finished as status: 1[39m workflowId=350189273415680
[34m2026-02-25 16:44:25 [debug] result of node                              [39m 
[34m2026-02-25 16:44:25 [debug] run next node (350189273415684)             [39m 
[32m2026-02-25 16:44:25 [info]  execution (350193065066496) run instruction [aggregate] for node (350189273415684)[39m workflowId=350189273415680
[34m2026-02-25 16:44:25 [debug] config of node                              [39m data={"aggregator":"count","associated":false,"params":{"field":"id","filter":{"$and":[{"defect_rank":{"$eq":"level1"}},{"label":{"$noneOf":["еҠҹиғҪеұҸи”Ҫ","е·ІжӢ’з»қ","е»әи®®"]}},{"$or":[{"label":{"$anyOf":["е·Ідҝ®еӨҚ","еҫ…еҗҲе№¶"]}},{"$and":[{"label":{"$anyOf":["жңӘеӨҚзҺ°"]}},{"defect_status":{"$eq":"е·Іе…ій—ӯ"}}]}]},{"module":{"$eq":"{{$context.data.module}}"}}]}},"precision":2,"collection":"defects"} workflowId=350189273415680
[34m2026-02-25 16:44:25 [debug] job added to save list: {"result":0,"status":1,"nodeId":350189273415684,"nodeKey":"cvcey3i9obe","id":"6976440356600832","createdAt":"2026-02-25T08:44:25.900Z","updatedAt":"2026-02-25T08:44:25.900Z","executionId":350193065066496}[39m workflowId=350189273415680
[32m2026-02-25 16:44:25 [info]  execution (350193065066496) run instruction [aggregate] for node (350189273415684) finished as status: 1[39m workflowId=350189273415680
[34m2026-02-25 16:44:25 [debug] result of node                              [39m 
[34m2026-02-25 16:44:25 [debug] run next node (350189273415683)             [39m 
[32m2026-02-25 16:44:25 [info]  execution (350193065066496) run instruction [aggregate] for node (350189273415683)[39m workflowId=350189273415680
[34m2026-02-25 16:44:25 [debug] config of node                              [39m data={"aggregator":"count","associated":false,"params":{"field":"id","filter":{"$and":[{"defect_rank":{"$eq":"level2"}},{"label":{"$noneOf":["еҠҹиғҪеұҸи”Ҫ","е·ІжӢ’з»қ","е»әи®®"]}},{"module":{"$eq":"{{$context.data.module}}"}}]}},"precision":2,"collection":"defects"} workflowId=350189273415680
[34m2026-02-25 16:44:25 [debug] job added to save list: {"result":0,"status":1,"nodeId":350189273415683,"nodeKey":"52k6055vnrg","id":"6976440369183744","createdAt":"2026-02-25T08:44:25.903Z","updatedAt":"2026-02-25T08:44:25.903Z","executionId":350193065066496}[39m workflowId=350189273415680
[32m2026-02-25 16:44:25 [info]  execution (350193065066496) run instruction [aggregate] for node (350189273415683) finished as status: 1[39m workflowId=350189273415680
[34m2026-02-25 16:44:25 [debug] result of node                              [39m 
[34m2026-02-25 16:44:25 [debug] run next node (350189273415687)             [39m 
[32m2026-02-25 16:44:25 [info]  execution (350193065066496) run instruction [aggregate] for node (350189273415687)[39m workflowId=350189273415680
[34m2026-02-25 16:44:25 [debug] config of node                              [39m data={"aggregator":"count","associated":false,"params":{"field":"id","filter":{"$and":[{"defect_rank":{"$eq":"level2"}},{"label":{"$noneOf":["еҠҹиғҪеұҸи”Ҫ","е·ІжӢ’з»қ","е»әи®®"]}},{"$or":[{"label":{"$anyOf":["е·Ідҝ®еӨҚ","еҫ…еҗҲе№¶"]}},{"$and":[{"label":{"$anyOf":["жңӘеӨҚзҺ°"]}},{"defect_status":{"$eq":"е·Іе…ій—ӯ"}}]}]},{"module":{"$eq":"{{$context.data.module}}"}}]}},"precision":2,"collection":"defects"} workflowId=350189273415680
[34m2026-02-25 16:44:25 [debug] job added to save list: {"result":0,"status":1,"nodeId":350189273415687,"nodeKey":"1fpxh7sjq4k","id":"6976440398543872","createdAt":"2026-02-25T08:44:25.910Z","updatedAt":"2026-02-25T08:44:25.910Z","executionId":350193065066496}[39m workflowId=350189273415680
[32m2026-02-25 16:44:25 [info]  execution (350193065066496) run instruction [aggregate] for node (350189273415687) finished as status: 1[39m workflowId=350189273415680
[34m2026-02-25 16:44:25 [debug] result of node                              [39m 
[34m2026-02-25 16:44:25 [debug] run next node (350189273415682)             [39m 
[32m2026-02-25 16:44:25 [info]  execution (350193065066496) run instruction [aggregate] for node (350189273415682)[39m workflowId=350189273415680
[34m2026-02-25 16:44:25 [debug] config of node                              [39m data={"aggregator":"count","associated":false,"params":{"field":"id","filter":{"$and":[{"defect_rank":{"$eq":"level3"}},{"label":{"$noneOf":["еҠҹиғҪеұҸи”Ҫ","е·ІжӢ’з»қ","е»әи®®"]}},{"module":{"$eq":"{{$context.data.module}}"}}]}},"precision":2,"collection":"defects"} workflowId=350189273415680
[34m2026-02-25 16:44:25 [debug] job added to save list: {"result":0,"status":1,"nodeId":350189273415682,"nodeKey":"t5m287ao4ea","id":"6976440415321088","createdAt":"2026-02-25T08:44:25.914Z","updatedAt":"2026-02-25T08:44:25.914Z","executionId":350193065066496}[39m workflowId=350189273415680
[32m2026-02-25 16:44:25 [info]  execution (350193065066496) run instruction [aggregate] for node (350189273415682) finished as status: 1[39m workflowId=350189273415680
[34m2026-02-25 16:44:25 [debug] result of node                              [39m 
[34m2026-02-25 16:44:25 [debug] run next node (350189273415681)             [39m 
[32m2026-02-25 16:44:25 [info]  execution (350193065066496) run instruction [aggregate] for node (350189273415681)[39m workflowId=350189273415680
[34m2026-02-25 16:44:25 [debug] config of node                              [39m data={"aggregator":"count","associated":false,"params":{"field":"id","filter":{"$and":[{"defect_rank":{"$eq":"level3"}},{"label":{"$noneOf":["еҠҹиғҪеұҸи”Ҫ","е·ІжӢ’з»қ","е»әи®®"]}},{"$or":[{"label":{"$anyOf":["еҫ…еҗҲе№¶","е·Ідҝ®еӨҚ"]}},{"$and":[{"label":{"$anyOf":["жңӘеӨҚзҺ°"]}},{"defect_status":{"$eq":"е·Іе…ій—ӯ"}}]}]},{"module":{"$eq":"{{$context.data.module}}"}}]}},"precision":2,"collection":"defects"} workflowId=350189273415680
[34m2026-02-25 16:44:25 [debug] job added to save list: {"result":0,"status":1,"nodeId":350189273415681,"nodeKey":"je6ex9hwdlz","id":"6976440436292608","createdAt":"2026-02-25T08:44:25.919Z","updatedAt":"2026-02-25T08:44:25.919Z","executionId":350193065066496}[39m workflowId=350189273415680
[32m2026-02-25 16:44:25 [info]  execution (350193065066496) run instruction [aggregate] for node (350189273415681) finished as status: 1[39m workflowId=350189273415680
[34m2026-02-25 16:44:25 [debug] result of node                              [39m 
[34m2026-02-25 16:44:25 [debug] run next node (350189273415685)             [39m 
[32m2026-02-25 16:44:25 [info]  execution (350193065066496) run instruction [update] for node (350189273415685)[39m workflowId=350189273415680
[34m2026-02-25 16:44:25 [debug] config of node                              [39m data={"usingAssignFormSchema":true,"assignFormSchema":{"_isJSONSchemaObject":true,"version":"2.0","name":"z36wx6jbrw9","type":"void","x-component":"Grid","x-initializer":"assignFieldValuesForm:configureFields","properties":{"i1v4kp5ixw1":{"_isJSONSchemaObject":true,"version":"2.0","type":"void","x-component":"Grid.Row","properties":{"m57in1bxqre":{"_isJSONSchemaObject":true,"version":"2.0","type":"void","x-component":"Grid.Col","properties":{"level_1_count":{"_isJSONSchemaObject":true,"version":"2.0","type":"string","name":"level_1_count","x-toolbar":"FormItemSchemaToolbar","x-settings":"fieldSettings:FormItem","x-component":"AssignedField","x-decorator":"FormItem","x-collection-field":"module_summaries.level_1_count"}},"name":"m57in1bxqre"}},"name":"i1v4kp5ixw1"},"28tkyaas4rv":{"_isJSONSchemaObject":true,"version":"2.0","type":"void","x-component":"Grid.Row","properties":{"aubadkxorcs":{"_isJSONSchemaObject":true,"version":"2.0","type":"void","x-component":"Grid.Col","properties":{"level_1_fixed":{"_isJSONSchemaObject":true,"version":"2.0","type":"string","name":"level_1_fixed","x-toolbar":"FormItemSchemaToolbar","x-settings":"fieldSettings:FormItem","x-component":"AssignedField","x-decorator":"FormItem","x-collection-field":"module_summaries.level_1_fixed"}},"name":"aubadkxorcs"}},"name":"28tkyaas4rv"},"87dzfrypjv5":{"_isJSONSchemaObject":true,"version":"2.0","type":"void","x-component":"Grid.Row","properties":{"00u2e0hze8y":{"_isJSONSchemaObject":true,"version":"2.0","type":"void","x-component":"Grid.Col","properties":{"level_2_count":{"_isJSONSchemaObject":true,"version":"2.0","type":"string","name":"level_2_count","x-toolbar":"FormItemSchemaToolbar","x-settings":"fieldSettings:FormItem","x-component":"AssignedField","x-decorator":"FormItem","x-collection-field":"module_summaries.level_2_count"}},"name":"00u2e0hze8y"}},"name":"87dzfrypjv5"},"sr9fb2g83wa":{"_isJSONSchemaObject":true,"version":"2.0","type":"void","x-component":"Grid.Row","properties":{"mctr2nubczg":{"_isJSONSchemaObject":true,"version":"2.0","type":"void","x-component":"Grid.Col","properties":{"level_2_fixed":{"_isJSONSchemaObject":true,"version":"2.0","type":"string","name":"level_2_fixed","x-toolbar":"FormItemSchemaToolbar","x-settings":"fieldSettings:FormItem","x-component":"AssignedField","x-decorator":"FormItem","x-collection-field":"module_summaries.level_2_fixed"}},"name":"mctr2nubczg"}},"name":"sr9fb2g83wa"},"robhdmi5xfc":{"_isJSONSchemaObject":true,"version":"2.0","type":"void","x-component":"Grid.Row","properties":{"d7pyy4ts79k":{"_isJSONSchemaObject":true,"version":"2.0","type":"void","x-component":"Grid.Col","properties":{"level_3_count":{"_isJSONSchemaObject":true,"version":"2.0","type":"string","name":"level_3_count","x-toolbar":"FormItemSchemaToolbar","x-settings":"fieldSettings:FormItem","x-component":"AssignedField","x-decorator":"FormItem","x-collection-field":"module_summaries.level_3_count"}},"name":"d7pyy4ts79k"}},"name":"robhdmi5xfc"},"9ykwa93dd5w":{"_isJSONSchemaObject":true,"version":"2.0","type":"void","x-component":"Grid.Row","properties":{"0nkrxq50w1f":{"_isJSONSchemaObject":true,"version":"2.0","type":"void","x-component":"Grid.Col","properties":{"level_3_fixed":{"_isJSONSchemaObject":true,"version":"2.0","type":"string","name":"level_3_fixed","x-toolbar":"FormItemSchemaToolbar","x-settings":"fieldSettings:FormItem","x-component":"AssignedField","x-decorator":"FormItem","x-collection-field":"module_summaries.level_3_fixed"}},"name":"0nkrxq50w1f"}},"name":"9ykwa93dd5w"}}},"collection":"module_summaries","params":{"individualHooks":false,"filter":{"$and":[{"id":{"$eq":"{{$context.data.module}}"}}]},"values":{"level_1_count":"{{$jobsMapByNodeKey.h14qw1067vw}}","level_1_fixed":"{{$jobsMapByNodeKey.cvcey3i9obe}}","level_2_count":"{{$jobsMapByNodeKey.52k6055vnrg}}","level_2_fixed":"{{$jobsMapByNodeKey.1fpxh7sjq4k}}","level_3_count":"{{$jobsMapByNodeKey.t5m287ao4ea}}","level_3_fixed":"{{$jobsMapByNodeKey.je6ex9hwdlz}}"}}} workflowId=350189273415680
[34m2026-02-25 16:44:25 [debug] job added to save list: {"result":1,"status":1,"nodeId":350189273415685,"nodeKey":"iz8nj3ykg09","id":"6976440486624256","createdAt":"2026-02-25T08:44:25.931Z","updatedAt":"2026-02-25T08:44:25.931Z","executionId":350193065066496}[39m workflowId=350189273415680
[32m2026-02-25 16:44:25 [info]  execution (350193065066496) run instruction [update] for node (350189273415685) finished as status: 1[39m workflowId=350189273415680
[34m2026-02-25 16:44:25 [debug] result of node                              [39m data=1
[34m2026-02-25 16:44:25 [debug] run next node (350189300678656)             [39m 
[32m2026-02-25 16:44:25 [info]  execution (350193065066496) run instruction [update] for node (350189300678656)[39m workflowId=350189273415680
[34m2026-02-25 16:44:25 [debug] config of node                              [39m data={"usingAssignFormSchema":true,"assignFormSchema":{"_isJSONSchemaObject":true,"version":"2.0","name":"dxm873y6jcb","type":"void","x-component":"Grid","x-initializer":"assignFieldValuesForm:configureFields","properties":{"5d2et6fg71w":{"_isJSONSchemaObject":true,"version":"2.0","type":"void","x-component":"Grid.Row","properties":{"t12b4mcfwmq":{"_isJSONSchemaObject":true,"version":"2.0","type":"void","x-component":"Grid.Col","properties":{"total_defect":{"_isJSONSchemaObject":true,"version":"2.0","type":"string","name":"total_defect","x-toolbar":"FormItemSchemaToolbar","x-settings":"fieldSettings:FormItem","x-component":"AssignedField","x-decorator":"FormItem","x-collection-field":"collection_quality.total_defect"}},"name":"t12b4mcfwmq"}},"name":"5d2et6fg71w"}}},"collection":"collection_quality","params":{"individualHooks":false,"filter":{"$and":[{"id":{"$eq":"{{$context.data.module}}"}}]},"values":{"total_defect":"{{$jobsMapByNodeKey.hz1h8xku8st}}"}}} workflowId=350189273415680
[34m2026-02-25 16:44:25 [debug] job added to save list: {"result":0,"status":1,"nodeId":350189300678656,"nodeKey":"gm3gklarhf7","id":"6976440499207168","createdAt":"2026-02-25T08:44:25.934Z","updatedAt":"2026-02-25T08:44:25.934Z","executionId":350193065066496}[39m workflowId=350189273415680
[32m2026-02-25 16:44:25 [info]  execution (350193065066496) run instruction [update] for node (350189300678656) finished as status: 1[39m workflowId=350189273415680
[34m2026-02-25 16:44:25 [debug] result of node                              [39m 
[34m2026-02-25 16:44:25 [debug] branch ended at node (350189300678656)      [39m 
[32m2026-02-25 16:44:25 [info]  execution (350193065066496) exiting with status 1[39m workflowId=350189273415680
[32m2026-02-25 16:44:25 [info]  execution (350193065066496) finished with status: 1[39m 
[34m2026-02-25 16:44:25 [debug] execution (350193065066496) details:        [39m execution={"createdAt":"2026-02-25T08:44:25.874Z","id":350193065066496,"updatedAt":"2026-02-25T08:44:25.938Z","key":"y5dhtirx5t1","eventKey":"9d931d61-339e-4a15-a2c1-977baac1d325","context":{"data":{"createdAt":"2026-02-25T08:42:17.165Z","updatedAt":"2026-02-25T08:42:17.170Z","defect":"еӣҫзәёжҳҫзӨәдёҚе…Ё","defect_rank":"level1","priority":"P1","id":350192796631040,"f_jmazop48q5l":350190389100544,"createdById":1,"updatedById":1,"defect_classification":"зҪ‘йҖҖ","module":350190387003392,"label":["еҺҶеҸІйҒ—з•ҷ"],"defect_status":"еҫ…дҝ®еӨҚ"}},"status":1,"dispatched":true,"stack":null,"output":null,"manually":null,"workflowId":350189273415680}
[32m2026-02-25 16:45:51 [info]  toggle OFF workflow 350189273415680         [39m workflowId=350189273415680
[32m2026-02-25 16:45:51 [info]  toggle OFF workflow 350189273415680         [39m workflowId=350189273415680
