[32m2026-03-19 09:40:36 [info]  new event triggered, now events: 1          [39m 
[34m2026-03-19 09:40:36 [debug] event data:                                 [39m context={"data":{"createdAt":"2026-03-19T01:40:36.506Z","updatedAt":"2026-03-19T01:40:36.562Z","f_0ipjqjhd3dt":456,"f_jmazop48q5l":353997147799552,"defect_classification":"жҢӮжңә","defect_status":"е·Іе…ій—ӯ","defect":"еҜје…ҘеӨ§еһӢж–Үд»¶ж—¶зі»з»ҹз•ҢйқўжҢӮжңә","defect_rank":"level1","priority":"P1","id":354126003109888,"discovery_stage":null,"specific_reason":null,"module":null,"repair_plan":null,"test_stage":null,"label":["е·Ідҝ®еӨҚ","е·Іе…ій—ӯ"],"round":"CC2026R2еӣһеҪ’жөӢиҜ•","issue_id":"20225","assignee":null,"feature_name":null,"issue_state":null,"repair_status":null,"gitlab_url":null,"createdById":1,"updatedById":1,"level_1_cause":"йңҖжұӮй—®йўҳ","level_2_cause":"йңҖжұӮйҒ—жјҸ","__tableName":"defects","__schemaName":"public","parent_summary":{"createdAt":"2026-03-18T08:36:33.003Z","updatedAt":"2026-03-18T08:37:27.412Z","owner_id":"nocobase","id":353997147799552,"total_count":null,"tested_count":null,"defect_count":null,"fixed_count":null,"pending_count":null,"loc":null,"kloc":0,"testing_rate":null,"fix_rate":null,"pending_rate":null,"defect_density":null,"total_defect":0,"module_type":"зјәйҷ·жұҮжҖ»","createdById":1,"updatedById":1},"module_ref":[{"createdAt":"2026-03-18T08:36:38.003Z","updatedAt":"2026-03-18T08:37:27.407Z","module_defect_proportion":null,"round":"CC2026R2з¬¬дёҖиҪ®жөӢиҜ•","id":353997158285312,"module_name":"е·ҘзЁӢеӣҫ","level_1_count":"0","level_2_count":"0","level_3_count":"0","level_1_fixed":"0","level_2_fixed":"0","level_3_fixed":"0","p1_total":"0","p1_fixed":"0","p2_total":"0","p2_fixed":"0","p3_total":"0","p3_fixed":"0","total_closed":"0","total_delayed":"0","level_1_rollback":"0","level_1_hang":"0","level_1_other":"0","p1_closed":"0","open_count":"0","retest_failed_count":"0","module_total":"0","f_73p2zudc8re":null,"suggested_count":"0","p2_fixed_rate":null,"p3_fixed_rate":null,"p1_fixed_rate":null,"level_2_fixed_rate":null,"total_fixed":"0","fixed_unupdated":"0","level_3_fixed_rate":null,"level_1_fixed_rate":null,"p1_close_rate":null,"new_issue_total":"0","new_issue_fixed":"0","total_fixed_rate":null,"total_close_rate":null,"createdById":1,"updatedById":1,"t_5yxbbcczpos":{"createdAt":"2026-03-19T01:40:36.521Z","updatedAt":"2026-03-19T01:40:36.521Z","module_id":353997158285312,"defect_id":354126003109888}}],"__collection":"defects"}}
[32m2026-03-19 09:40:36 [info]  preparing execution for event               [39m 
[32m2026-03-19 09:40:36 [info]  execution of workflow 351265683472384 created as 354126003109889[39m 
[32m2026-03-19 09:40:36 [info]  local pending list is empty, adding execution (354126003109889) to pending list[39m 
[32m2026-03-19 09:40:36 [info]  pending execution (354126003109889) ready to process[39m 
[32m2026-03-19 09:40:36 [info]  execution (354126003109889) starting...     [39m 
[32m2026-03-19 09:40:36 [info]  execution (354126003109889) run instruction [query] for node (351265683472425)[39m workflowId=351265683472384
[34m2026-03-19 09:40:36 [debug] config of node                              [39m data={"multiple":true,"collection":"module_summaries","params":{"filter":{"$and":[{"module_name":{"$includes":"{{$context.data.module_ref.module_name}}"}},{"round":{"$eq":"{{$context.data.round}}"}}]},"sort":[],"page":1,"pageSize":20,"appends":[]}} workflowId=351265683472384
[34m2026-03-19 09:40:36 [debug] job added to save list: {"result":[],"status":1,"nodeId":351265683472425,"nodeKey":"nf44eok9nnt","id":"14842315482889216","createdAt":"2026-03-19T01:40:36.671Z","updatedAt":"2026-03-19T01:40:36.671Z","executionId":354126003109889}[39m workflowId=351265683472384
[32m2026-03-19 09:40:36 [info]  execution (354126003109889) run instruction [query] for node (351265683472425) finished as status: 1[39m workflowId=351265683472384
[34m2026-03-19 09:40:36 [debug] result of node                              [39m 
[34m2026-03-19 09:40:36 [debug] run next node (351265683472430)             [39m 
[32m2026-03-19 09:40:36 [info]  execution (354126003109889) run instruction [multi-conditions] for node (351265683472430)[39m workflowId=351265683472384
[34m2026-03-19 09:40:36 [debug] config of node                              [39m data={"conditions":[{"uid":"1ng9fxan72f","engine":"basic","calculation":{"group":{"type":"and","calculations":[{"calculator":"notEqual","operands":["{{$context.data.id}}",null]}]}},"title":"еҢ№й…ҚеҲ°жұҮжҖ»иЎҢ"}],"continueOnNoMatch":false,"rejectOnFalse":true} workflowId=351265683472384
[34m2026-03-19 09:40:36 [debug] job added to save list: {"status":0,"result":null,"meta":{"conditions":[]},"nodeId":351265683472430,"nodeKey":"9escwsk220e","upstreamId":"14842315482889216","id":"14842315491277824","createdAt":"2026-03-19T01:40:36.673Z","updatedAt":"2026-03-19T01:40:36.673Z","executionId":354126003109889}[39m workflowId=351265683472384
[32m2026-03-19 09:40:36 [info]  execution (354126003109889) run instruction [sql] for node (351265683472424)[39m workflowId=351265683472384
[34m2026-03-19 09:40:36 [debug] config of node                              [39m data={"dataSource":"main","sql":"SELECT \n    COUNT(id) AS project_total_count \nFROM defects \nWHERE (NOT (label ?| ARRAY['еҠҹиғҪеұҸи”Ҫ','е·ІжӢ’з»қ','е»әи®®','з”іиҜ·еҗҰеҶі','ж•°жҚ®ејӮеёё','и®ҫи®ЎеҰӮжӯӨ','йңҖжұӮ']) OR label IS NULL)\nAND defect_status != 'ж— йңҖдҝ®еӨҚ'\nAND f_jmazop48q5l = {{$context.data.f_jmazop48q5l}};"} workflowId=351265683472384
[34m2026-03-19 09:40:36 [debug] job added to save list: {"result":[{"project_total_count":1}],"status":1,"nodeId":351265683472424,"nodeKey":"4oowzbkwxg4","id":"14842315499666432","createdAt":"2026-03-19T01:40:36.675Z","updatedAt":"2026-03-19T01:40:36.675Z","executionId":354126003109889}[39m workflowId=351265683472384
[32m2026-03-19 09:40:36 [info]  execution (354126003109889) run instruction [sql] for node (351265683472424) finished as status: 1[39m workflowId=351265683472384
[34m2026-03-19 09:40:36 [debug] result of node                              [39m data=[{"project_total_count":1}]
[34m2026-03-19 09:40:36 [debug] run next node (351265683472423)             [39m 
[32m2026-03-19 09:40:36 [info]  execution (354126003109889) run instruction [parallel] for node (351265683472423)[39m workflowId=351265683472384
[34m2026-03-19 09:40:36 [debug] config of node                              [39m workflowId=351265683472384
[34m2026-03-19 09:40:36 [debug] job added to save list: {"status":0,"result":[null,null],"nodeId":351265683472423,"nodeKey":"h7o8c0lt9sn","upstreamId":"14842315499666432","id":"14842315503860736","createdAt":"2026-03-19T01:40:36.676Z","updatedAt":"2026-03-19T01:40:36.676Z","executionId":354126003109889}[39m workflowId=351265683472384
[32m2026-03-19 09:40:36 [info]  execution (354126003109889) run instruction [loop] for node (351265683472386)[39m workflowId=351265683472384
[34m2026-03-19 09:40:36 [debug] config of node                              [39m data={"target":"{{$jobsMapByNodeKey.nf44eok9nnt}}","condition":false,"exit":0} workflowId=351265683472384
[34m2026-03-19 09:40:36 [debug] job added to save list: {"status":1,"result":{"looped":0,"done":0},"nodeId":351265683472386,"nodeKey":"60k98hgp2i2","id":"14842315508055040","createdAt":"2026-03-19T01:40:36.677Z","updatedAt":"2026-03-19T01:40:36.677Z","executionId":354126003109889}[39m workflowId=351265683472384
[32m2026-03-19 09:40:36 [info]  execution (354126003109889) run instruction [loop] for node (351265683472386) finished as status: 1[39m workflowId=351265683472384
[34m2026-03-19 09:40:36 [debug] result of node                              [39m data={"looped":0,"done":0}
[34m2026-03-19 09:40:36 [debug] branch ended at node (351265683472386)      [39m 
[34m2026-03-19 09:40:36 [debug] not on main, recall to parent entry node (351265683472386)})[39m workflowId=351265683472384
[32m2026-03-19 09:40:36 [info]  execution (354126003109889) resume instruction [parallel] for node (351265683472423)[39m workflowId=351265683472384
[34m2026-03-19 09:40:36 [debug] config of node                              [39m workflowId=351265683472384
[34m2026-03-19 09:40:36 [debug] job added to save list: {"status":0,"result":[1,null],"nodeId":351265683472423,"nodeKey":"h7o8c0lt9sn","upstreamId":"14842315499666432","id":"14842315503860736","createdAt":"2026-03-19T01:40:36.676Z","updatedAt":"2026-03-19T01:40:36.680Z","executionId":354126003109889}[39m workflowId=351265683472384
[32m2026-03-19 09:40:36 [info]  execution (354126003109889) exiting with status 0[39m workflowId=351265683472384
[32m2026-03-19 09:40:36 [info]  execution (354126003109889) run instruction [sql] for node (351265683472426)[39m workflowId=351265683472384
[34m2026-03-19 09:40:36 [debug] config of node                              [39m data={"dataSource":"main","sql":"SELECT \n    COUNT(id) AS module_total \nFROM defects \nWHERE f_jmazop48q5l = {{$context.data.f_jmazop48q5l}};"} workflowId=351265683472384
[34m2026-03-19 09:40:36 [debug] job added to save list: {"result":[{"module_total":1}],"status":1,"nodeId":351265683472426,"nodeKey":"hllf1jj2xg8","id":"14842315700993024","createdAt":"2026-03-19T01:40:36.723Z","updatedAt":"2026-03-19T01:40:36.723Z","executionId":354126003109889}[39m workflowId=351265683472384
[32m2026-03-19 09:40:36 [info]  execution (354126003109889) run instruction [sql] for node (351265683472426) finished as status: 1[39m workflowId=351265683472384
[34m2026-03-19 09:40:36 [debug] result of node                              [39m data=[{"module_total":1}]
[34m2026-03-19 09:40:36 [debug] run next node (351265683472427)             [39m 
[32m2026-03-19 09:40:36 [info]  execution (354126003109889) run instruction [calculation] for node (351265683472427)[39m workflowId=351265683472384
[34m2026-03-19 09:40:36 [debug] config of node                              [39m data={"engine":"formula.js","expression":"{{$jobsMapByNodeKey.hllf1jj2xg8}}[0].module_total"} workflowId=351265683472384
[34m2026-03-19 09:40:36 [debug] job added to save list: {"result":1,"status":1,"nodeId":351265683472427,"nodeKey":"4ocwze6yczu","id":"14842315709381632","createdAt":"2026-03-19T01:40:36.725Z","updatedAt":"2026-03-19T01:40:36.725Z","executionId":354126003109889}[39m workflowId=351265683472384
[32m2026-03-19 09:40:36 [info]  execution (354126003109889) run instruction [calculation] for node (351265683472427) finished as status: 1[39m workflowId=351265683472384
[34m2026-03-19 09:40:36 [debug] result of node                              [39m data=1
[34m2026-03-19 09:40:36 [debug] run next node (351265683472428)             [39m 
[32m2026-03-19 09:40:36 [info]  execution (354126003109889) run instruction [update] for node (351265683472428)[39m workflowId=351265683472384
[34m2026-03-19 09:40:36 [debug] config of node                              [39m data={"usingAssignFormSchema":true,"assignFormSchema":{"_isJSONSchemaObject":true,"version":"2.0","name":"qexipvwzumy","type":"void","x-component":"Grid","x-initializer":"assignFieldValuesForm:configureFields","properties":{"n7b4arddkok":{"_isJSONSchemaObject":true,"version":"2.0","type":"void","x-component":"Grid.Row","properties":{"r2dg0ythkzy":{"_isJSONSchemaObject":true,"version":"2.0","type":"void","x-component":"Grid.Col","properties":{"total_defect":{"_isJSONSchemaObject":true,"version":"2.0","type":"string","name":"total_defect","x-toolbar":"FormItemSchemaToolbar","x-settings":"fieldSettings:FormItem","x-component":"AssignedField","x-decorator":"FormItem","x-collection-field":"collection_quality.total_defect"}},"name":"r2dg0ythkzy"}},"name":"n7b4arddkok"}}},"collection":"collection_quality","params":{"individualHooks":false,"filter":{"$and":[{"id":{"$eq":"{{$context.data.f_jmazop48q5l}}"}}]},"values":{"total_defect":"{{$jobsMapByNodeKey.4ocwze6yczu}}"}}} workflowId=351265683472384
[34m2026-03-19 09:40:36 [debug] job added to save list: {"result":1,"status":1,"nodeId":351265683472428,"nodeKey":"esqynjgri0f","id":"14842315721964544","createdAt":"2026-03-19T01:40:36.728Z","updatedAt":"2026-03-19T01:40:36.728Z","executionId":354126003109889}[39m workflowId=351265683472384
[32m2026-03-19 09:40:36 [info]  execution (354126003109889) run instruction [update] for node (351265683472428) finished as status: 1[39m workflowId=351265683472384
[34m2026-03-19 09:40:36 [debug] result of node                              [39m data=1
[34m2026-03-19 09:40:36 [debug] branch ended at node (351265683472428)      [39m 
[34m2026-03-19 09:40:36 [debug] not on main, recall to parent entry node (351265683472428)})[39m workflowId=351265683472384
[32m2026-03-19 09:40:36 [info]  execution (354126003109889) resume instruction [parallel] for node (351265683472423)[39m workflowId=351265683472384
[34m2026-03-19 09:40:36 [debug] config of node                              [39m workflowId=351265683472384
[34m2026-03-19 09:40:36 [debug] job added to save list: {"status":1,"result":[1,1],"nodeId":351265683472423,"nodeKey":"h7o8c0lt9sn","upstreamId":"14842315499666432","id":"14842315503860736","createdAt":"2026-03-19T01:40:36.676Z","updatedAt":"2026-03-19T01:40:36.680Z","executionId":354126003109889}[39m workflowId=351265683472384
[32m2026-03-19 09:40:36 [info]  execution (354126003109889) run instruction [parallel] for node (351265683472423) finished as status: 1[39m workflowId=351265683472384
[34m2026-03-19 09:40:36 [debug] result of node                              [39m data=[1,1]
[34m2026-03-19 09:40:36 [debug] branch ended at node (351265683472423)      [39m 
[34m2026-03-19 09:40:36 [debug] not on main, recall to parent entry node (351265683472423)})[39m workflowId=351265683472384
[32m2026-03-19 09:40:36 [info]  execution (354126003109889) resume instruction [multi-conditions] for node (351265683472430)[39m workflowId=351265683472384
[34m2026-03-19 09:40:36 [debug] config of node                              [39m data={"conditions":[{"uid":"1ng9fxan72f","engine":"basic","calculation":{"group":{"type":"and","calculations":[{"calculator":"notEqual","operands":["{{$context.data.id}}",null]}]}},"title":"еҢ№й…ҚеҲ°жұҮжҖ»иЎҢ"}],"continueOnNoMatch":false,"rejectOnFalse":true} workflowId=351265683472384
[34m2026-03-19 09:40:36 [debug] job added to save list: {"status":1,"result":true,"meta":{"conditions":[true]},"nodeId":351265683472430,"nodeKey":"9escwsk220e","upstreamId":"14842315482889216","id":"14842315491277824","createdAt":"2026-03-19T01:40:36.673Z","updatedAt":"2026-03-19T01:40:36.673Z","executionId":354126003109889}[39m workflowId=351265683472384
[32m2026-03-19 09:40:36 [info]  execution (354126003109889) run instruction [multi-conditions] for node (351265683472430) finished as status: 1[39m workflowId=351265683472384
[34m2026-03-19 09:40:36 [debug] result of node                              [39m data=true
[34m2026-03-19 09:40:36 [debug] branch ended at node (351265683472430)      [39m 
[32m2026-03-19 09:40:36 [info]  execution (354126003109889) exiting with status 1[39m workflowId=351265683472384
[32m2026-03-19 09:40:36 [info]  execution (354126003109889) finished with status: 1[39m 
[34m2026-03-19 09:40:36 [debug] execution (354126003109889) details:        [39m execution={"createdAt":"2026-03-19T01:40:36.611Z","id":354126003109889,"updatedAt":"2026-03-19T01:40:36.734Z","key":"c4ir4f0lyfq","eventKey":"cb9d517b-f17c-43d7-ae68-d4fe1512236c","context":{"data":{"createdAt":"2026-03-19T01:40:36.506Z","updatedAt":"2026-03-19T01:40:36.562Z","f_0ipjqjhd3dt":456,"f_jmazop48q5l":353997147799552,"defect_classification":"жҢӮжңә","defect_status":"е·Іе…ій—ӯ","defect":"еҜје…ҘеӨ§еһӢж–Үд»¶ж—¶зі»з»ҹз•ҢйқўжҢӮжңә","defect_rank":"level1","priority":"P1","id":354126003109888,"discovery_stage":null,"specific_reason":null,"module":null,"repair_plan":null,"test_stage":null,"label":["е·Ідҝ®еӨҚ","е·Іе…ій—ӯ"],"round":"CC2026R2еӣһеҪ’жөӢиҜ•","issue_id":"20225","assignee":null,"feature_name":null,"issue_state":null,"repair_status":null,"gitlab_url":null,"createdById":1,"updatedById":1,"level_1_cause":"йңҖжұӮй—®йўҳ","level_2_cause":"йңҖжұӮйҒ—жјҸ","__tableName":"defects","__schemaName":"public","parent_summary":{"createdAt":"2026-03-18T08:36:33.003Z","updatedAt":"2026-03-18T08:37:27.412Z","owner_id":"nocobase","id":353997147799552,"total_count":null,"tested_count":null,"defect_count":null,"fixed_count":null,"pending_count":null,"loc":null,"kloc":0,"testing_rate":null,"fix_rate":null,"pending_rate":null,"defect_density":null,"total_defect":0,"module_type":"зјәйҷ·жұҮжҖ»","createdById":1,"updatedById":1},"module_ref":[{"createdAt":"2026-03-18T08:36:38.003Z","updatedAt":"2026-03-18T08:37:27.407Z","module_defect_proportion":null,"round":"CC2026R2з¬¬дёҖиҪ®жөӢиҜ•","id":353997158285312,"module_name":"е·ҘзЁӢеӣҫ","level_1_count":"0","level_2_count":"0","level_3_count":"0","level_1_fixed":"0","level_2_fixed":"0","level_3_fixed":"0","p1_total":"0","p1_fixed":"0","p2_total":"0","p2_fixed":"0","p3_total":"0","p3_fixed":"0","total_closed":"0","total_delayed":"0","level_1_rollback":"0","level_1_hang":"0","level_1_other":"0","p1_closed":"0","open_count":"0","retest_failed_count":"0","module_total":"0","f_73p2zudc8re":null,"suggested_count":"0","p2_fixed_rate":null,"p3_fixed_rate":null,"p1_fixed_rate":null,"level_2_fixed_rate":null,"total_fixed":"0","fixed_unupdated":"0","level_3_fixed_rate":null,"level_1_fixed_rate":null,"p1_close_rate":null,"new_issue_total":"0","new_issue_fixed":"0","total_fixed_rate":null,"total_close_rate":null,"createdById":1,"updatedById":1,"t_5yxbbcczpos":{"createdAt":"2026-03-19T01:40:36.521Z","updatedAt":"2026-03-19T01:40:36.521Z","module_id":353997158285312,"defect_id":354126003109888}}],"__collection":"defects"}},"status":1,"dispatched":true,"stack":null,"output":null,"manually":null,"workflowId":351265683472384}
[32m2026-03-19 11:15:33 [info]  toggle ON workflow 351265683472384          [39m workflowId=351265683472384
[32m2026-03-19 12:34:31 [info]  toggle ON workflow 351265683472384          [39m workflowId=351265683472384
[32m2026-03-19 12:37:06 [info]  toggle ON workflow 351265683472384          [39m workflowId=351265683472384
