[32m2026-02-26 14:43:05 [info]  toggle ON workflow 350358710714368          [39m workflowId=350358710714368
[32m2026-02-26 14:44:06 [info]  new event triggered, now events: 1          [39m 
[34m2026-02-26 14:44:06 [debug] event data:                                 [39m context={"data":{"createdAt":"2026-02-26T06:44:06.638Z","updatedAt":"2026-02-26T06:44:06.643Z","defect":"åŸçºžæš¡ç³","defect_rank":"level3","priority":"P3","id":350359119659008,"f_jmazop48q5l":350357620195328,"createdById":1,"updatedById":1,"defect_classification":"åå²éç","module":350357618098176,"defect_status":"æ éä¿®å€","label":["åå²éç"],"parent_summary":{"createdAt":"2026-02-26T06:32:11.039Z","updatedAt":"2026-02-26T06:35:07.864Z","owner_id":"nocobase","id":350357620195328,"total_count":null,"tested_count":null,"defect_count":null,"fixed_count":null,"pending_count":null,"loc":null,"kloc":0,"testing_rate":null,"fix_rate":null,"pending_rate":null,"defect_density":null,"total_defect":4,"module_type":"çŒºé·æ±æ»","createdById":1,"updatedById":1}}}
[32m2026-02-26 14:44:06 [info]  preparing execution for event               [39m 
[32m2026-02-26 14:44:06 [info]  execution of workflow 350358710714368 created as 350359119659009[39m 
[32m2026-02-26 14:44:06 [info]  local pending list is empty, adding execution (350359119659009) to pending list[39m 
[32m2026-02-26 14:44:06 [info]  pending execution (350359119659009) ready to process[39m 
[32m2026-02-26 14:44:06 [info]  execution (350359119659009) starting...     [39m 
[32m2026-02-26 14:44:06 [info]  execution (350359119659009) run instruction [parallel] for node (350358710714369)[39m workflowId=350358710714368
[34m2026-02-26 14:44:06 [debug] config of node                              [39m workflowId=350358710714368
[34m2026-02-26 14:44:06 [debug] job added to save list: {"status":0,"result":[null,null],"nodeId":350358710714369,"nodeKey":"chjc97mlb5y","upstreamId":null,"id":"7308548677598208","createdAt":"2026-02-26T06:44:06.694Z","updatedAt":"2026-02-26T06:44:06.694Z","executionId":350359119659009}[39m workflowId=350358710714368
[32m2026-02-26 14:44:06 [info]  execution (350359119659009) run instruction [aggregate] for node (350358710714379)[39m workflowId=350358710714368
[34m2026-02-26 14:44:06 [debug] config of node                              [39m data={"aggregator":"count","associated":true,"params":{"field":"id","filter":{"$and":[]}},"precision":2,"collection":"defects","association":{"name":"all_defects","associatedKey":"{{$context.data.parent_summary.id}}","associatedCollection":"collection_quality"}} workflowId=350358710714368
[34m2026-02-26 14:44:06 [debug] job added to save list: {"result":5,"status":1,"nodeId":350358710714379,"nodeKey":"ca6c1jxzwq5","id":"7308548685986816","createdAt":"2026-02-26T06:44:06.696Z","updatedAt":"2026-02-26T06:44:06.696Z","executionId":350359119659009}[39m workflowId=350358710714368
[32m2026-02-26 14:44:06 [info]  execution (350359119659009) run instruction [aggregate] for node (350358710714379) finished as status: 1[39m workflowId=350358710714368
[34m2026-02-26 14:44:06 [debug] result of node                              [39m data=5
[34m2026-02-26 14:44:06 [debug] run next node (350358710714380)             [39m 
[32m2026-02-26 14:44:06 [info]  execution (350359119659009) run instruction [update] for node (350358710714380)[39m workflowId=350358710714368
[34m2026-02-26 14:44:06 [debug] config of node                              [39m data={"usingAssignFormSchema":true,"assignFormSchema":{"_isJSONSchemaObject":true,"version":"2.0","name":"0mby4p7m0ow","type":"void","x-component":"Grid","x-initializer":"assignFieldValuesForm:configureFields","properties":{"2wbpfklshda":{"_isJSONSchemaObject":true,"version":"2.0","type":"void","x-component":"Grid.Row","properties":{"ibquc1d6wnd":{"_isJSONSchemaObject":true,"version":"2.0","type":"void","x-component":"Grid.Col","properties":{"total_defect":{"_isJSONSchemaObject":true,"version":"2.0","type":"string","name":"total_defect","x-toolbar":"FormItemSchemaToolbar","x-settings":"fieldSettings:FormItem","x-component":"AssignedField","x-decorator":"FormItem","x-collection-field":"collection_quality.total_defect"}},"name":"ibquc1d6wnd"}},"name":"2wbpfklshda"}}},"collection":"collection_quality","params":{"individualHooks":false,"filter":{"$and":[{"id":{"$eq":"{{$context.data.parent_summary.id}}"}}]},"values":{"total_defect":"{{$jobsMapByNodeKey.ca6c1jxzwq5}}"}}} workflowId=350358710714368
[34m2026-02-26 14:44:06 [debug] job added to save list: {"result":1,"status":1,"nodeId":350358710714380,"nodeKey":"9mun3sl2wtp","id":"7308548715346944","createdAt":"2026-02-26T06:44:06.703Z","updatedAt":"2026-02-26T06:44:06.703Z","executionId":350359119659009}[39m workflowId=350358710714368
[32m2026-02-26 14:44:06 [info]  execution (350359119659009) run instruction [update] for node (350358710714380) finished as status: 1[39m workflowId=350358710714368
[34m2026-02-26 14:44:06 [debug] result of node                              [39m data=1
[34m2026-02-26 14:44:06 [debug] branch ended at node (350358710714380)      [39m 
[34m2026-02-26 14:44:06 [debug] not on main, recall to parent entry node (350358710714380)})[39m workflowId=350358710714368
[32m2026-02-26 14:44:06 [info]  execution (350359119659009) resume instruction [parallel] for node (350358710714369)[39m workflowId=350358710714368
[34m2026-02-26 14:44:06 [debug] config of node                              [39m workflowId=350358710714368
[34m2026-02-26 14:44:06 [debug] job added to save list: {"status":0,"result":[1,null],"nodeId":350358710714369,"nodeKey":"chjc97mlb5y","upstreamId":null,"id":"7308548677598208","createdAt":"2026-02-26T06:44:06.694Z","updatedAt":"2026-02-26T06:44:06.705Z","executionId":350359119659009}[39m workflowId=350358710714368
[32m2026-02-26 14:44:06 [info]  execution (350359119659009) exiting with status 0[39m workflowId=350358710714368
[32m2026-02-26 14:44:06 [info]  execution (350359119659009) run instruction [aggregate] for node (350358710714391)[39m workflowId=350358710714368
[34m2026-02-26 14:44:06 [debug] config of node                              [39m data={"aggregator":"count","associated":false,"params":{"field":"id","filter":{"$and":[{"defect_rank":{"$eq":"level1"}},{"label":{"$noneOf":["åèœå±èœ","å·²æç»","å»ºè®®"]}},{"module":{"$eq":"{{$context.data.module}}"}}]}},"precision":2,"collection":"defects"} workflowId=350358710714368
[34m2026-02-26 14:44:06 [debug] job added to save list: {"result":1,"status":1,"nodeId":350358710714391,"nodeKey":"h14qw1067vw","id":"7308548778261504","createdAt":"2026-02-26T06:44:06.718Z","updatedAt":"2026-02-26T06:44:06.718Z","executionId":350359119659009}[39m workflowId=350358710714368
[32m2026-02-26 14:44:06 [info]  execution (350359119659009) run instruction [aggregate] for node (350358710714391) finished as status: 1[39m workflowId=350358710714368
[34m2026-02-26 14:44:06 [debug] result of node                              [39m data=1
[34m2026-02-26 14:44:06 [debug] run next node (350358710714384)             [39m 
[32m2026-02-26 14:44:06 [info]  execution (350359119659009) run instruction [aggregate] for node (350358710714384)[39m workflowId=350358710714368
[34m2026-02-26 14:44:06 [debug] config of node                              [39m data={"aggregator":"count","associated":false,"params":{"field":"id","filter":{"$and":[{"defect_rank":{"$eq":"level1"}},{"label":{"$noneOf":["åèœå±èœ","å·²æç»","å»ºè®®"]}},{"$or":[{"label":{"$anyOf":["å·²ä¿®å€","åŸåå¹¶"]}},{"$and":[{"label":{"$anyOf":["æªå€ç°"]}},{"defect_status":{"$eq":"å·²å³é­"}}]}]},{"module":{"$eq":"{{$context.data.module}}"}}]}},"precision":2,"collection":"defects"} workflowId=350358710714368
[34m2026-02-26 14:44:06 [debug] job added to save list: {"result":1,"status":1,"nodeId":350358710714384,"nodeKey":"cvcey3i9obe","id":"7308548790844416","createdAt":"2026-02-26T06:44:06.721Z","updatedAt":"2026-02-26T06:44:06.721Z","executionId":350359119659009}[39m workflowId=350358710714368
[32m2026-02-26 14:44:06 [info]  execution (350359119659009) run instruction [aggregate] for node (350358710714384) finished as status: 1[39m workflowId=350358710714368
[34m2026-02-26 14:44:06 [debug] result of node                              [39m data=1
[34m2026-02-26 14:44:06 [debug] run next node (350358710714386)             [39m 
[32m2026-02-26 14:44:06 [info]  execution (350359119659009) run instruction [aggregate] for node (350358710714386)[39m workflowId=350358710714368
[34m2026-02-26 14:44:06 [debug] config of node                              [39m data={"aggregator":"count","associated":false,"params":{"field":"id","filter":{"$and":[{"defect_rank":{"$eq":"level1"}},{"module":{"$eq":"{{$context.data.module}}"}},{"$or":[{"defect":{"$includes":"é"}},{"defect":{"$includes":"åé"}},{"defect":{"$includes":"åé"}}]}]}},"precision":2,"collection":"defects"} workflowId=350358710714368
[34m2026-02-26 14:44:06 [debug] job added to save list: {"result":0,"status":1,"nodeId":350358710714386,"nodeKey":"9euqanxv5ca","id":"7308548799233024","createdAt":"2026-02-26T06:44:06.723Z","updatedAt":"2026-02-26T06:44:06.723Z","executionId":350359119659009}[39m workflowId=350358710714368
[32m2026-02-26 14:44:06 [info]  execution (350359119659009) run instruction [aggregate] for node (350358710714386) finished as status: 1[39m workflowId=350358710714368
[34m2026-02-26 14:44:06 [debug] result of node                              [39m 
[34m2026-02-26 14:44:06 [debug] run next node (350358710714385)             [39m 
[32m2026-02-26 14:44:06 [info]  execution (350359119659009) run instruction [aggregate] for node (350358710714385)[39m workflowId=350358710714368
[34m2026-02-26 14:44:06 [debug] config of node                              [39m data={"aggregator":"count","associated":false,"params":{"field":"id","filter":{"$and":[{"defect_rank":{"$eq":"level1"}},{"module":{"$eq":"{{$context.data.module}}"}},{"$or":[{"defect":{"$includes":"ææº"}}]}]}},"precision":2,"collection":"defects"} workflowId=350358710714368
[34m2026-02-26 14:44:06 [debug] job added to save list: {"result":0,"status":1,"nodeId":350358710714385,"nodeKey":"cjybahnz5qh","id":"7308548811815936","createdAt":"2026-02-26T06:44:06.726Z","updatedAt":"2026-02-26T06:44:06.726Z","executionId":350359119659009}[39m workflowId=350358710714368
[32m2026-02-26 14:44:06 [info]  execution (350359119659009) run instruction [aggregate] for node (350358710714385) finished as status: 1[39m workflowId=350358710714368
[34m2026-02-26 14:44:06 [debug] result of node                              [39m 
[34m2026-02-26 14:44:06 [debug] run next node (350358710714390)             [39m 
[32m2026-02-26 14:44:06 [info]  execution (350359119659009) run instruction [aggregate] for node (350358710714390)[39m workflowId=350358710714368
[34m2026-02-26 14:44:06 [debug] config of node                              [39m data={"aggregator":"count","associated":false,"params":{"field":"id","filter":{"$and":[{"defect_rank":{"$eq":"level1"}},{"defect":{"$notIncludes":"é"}},{"defect":{"$notIncludes":"åé"}},{"defect":{"$notIncludes":"åé"}},{"defect":{"$notIncludes":"ææº"}},{"module":{"$eq":"{{$context.data.module}}"}}]}},"precision":2,"collection":"defects"} workflowId=350358710714368
[34m2026-02-26 14:44:06 [debug] job added to save list: {"result":1,"status":1,"nodeId":350358710714390,"nodeKey":"4lo6zk22j0o","id":"7308548820204544","createdAt":"2026-02-26T06:44:06.728Z","updatedAt":"2026-02-26T06:44:06.728Z","executionId":350359119659009}[39m workflowId=350358710714368
[32m2026-02-26 14:44:06 [info]  execution (350359119659009) run instruction [aggregate] for node (350358710714390) finished as status: 1[39m workflowId=350358710714368
[34m2026-02-26 14:44:06 [debug] result of node                              [39m data=1
[34m2026-02-26 14:44:06 [debug] run next node (350358710714370)             [39m 
[32m2026-02-26 14:44:06 [info]  execution (350359119659009) run instruction [aggregate] for node (350358710714370)[39m workflowId=350358710714368
[34m2026-02-26 14:44:06 [debug] config of node                              [39m data={"aggregator":"count","associated":false,"params":{"field":"id","filter":{"$and":[{"defect_rank":{"$eq":"level2"}},{"label":{"$noneOf":["åèœå±èœ","å·²æç»","å»ºè®®"]}},{"module":{"$eq":"{{$context.data.module}}"}}]}},"precision":2,"collection":"defects"} workflowId=350358710714368
[34m2026-02-26 14:44:06 [debug] job added to save list: {"result":2,"status":1,"nodeId":350358710714370,"nodeKey":"52k6055vnrg","id":"7308548832787456","createdAt":"2026-02-26T06:44:06.731Z","updatedAt":"2026-02-26T06:44:06.731Z","executionId":350359119659009}[39m workflowId=350358710714368
[32m2026-02-26 14:44:06 [info]  execution (350359119659009) run instruction [aggregate] for node (350358710714370) finished as status: 1[39m workflowId=350358710714368
[34m2026-02-26 14:44:06 [debug] result of node                              [39m data=2
[34m2026-02-26 14:44:06 [debug] run next node (350358710714382)             [39m 
[32m2026-02-26 14:44:06 [info]  execution (350359119659009) run instruction [aggregate] for node (350358710714382)[39m workflowId=350358710714368
[34m2026-02-26 14:44:06 [debug] config of node                              [39m data={"aggregator":"count","associated":false,"params":{"field":"id","filter":{"$and":[{"defect_rank":{"$eq":"level2"}},{"label":{"$noneOf":["åèœå±èœ","å·²æç»","å»ºè®®"]}},{"$or":[{"label":{"$anyOf":["å·²ä¿®å€","åŸåå¹¶"]}},{"$and":[{"label":{"$anyOf":["æªå€ç°"]}},{"defect_status":{"$eq":"å·²å³é­"}}]}]},{"module":{"$eq":"{{$context.data.module}}"}}]}},"precision":2,"collection":"defects"} workflowId=350358710714368
[34m2026-02-26 14:44:06 [debug] job added to save list: {"result":1,"status":1,"nodeId":350358710714382,"nodeKey":"1fpxh7sjq4k","id":"7308548849564672","createdAt":"2026-02-26T06:44:06.735Z","updatedAt":"2026-02-26T06:44:06.735Z","executionId":350359119659009}[39m workflowId=350358710714368
[32m2026-02-26 14:44:06 [info]  execution (350359119659009) run instruction [aggregate] for node (350358710714382) finished as status: 1[39m workflowId=350358710714368
[34m2026-02-26 14:44:06 [debug] result of node                              [39m data=1
[34m2026-02-26 14:44:06 [debug] run next node (350358710714383)             [39m 
[32m2026-02-26 14:44:06 [info]  execution (350359119659009) run instruction [aggregate] for node (350358710714383)[39m workflowId=350358710714368
[34m2026-02-26 14:44:06 [debug] config of node                              [39m data={"aggregator":"count","associated":false,"params":{"field":"id","filter":{"$and":[{"defect_rank":{"$eq":"level3"}},{"label":{"$noneOf":["åèœå±èœ","å·²æç»","å»ºè®®"]}},{"module":{"$eq":"{{$context.data.module}}"}}]}},"precision":2,"collection":"defects"} workflowId=350358710714368
[34m2026-02-26 14:44:06 [debug] job added to save list: {"result":2,"status":1,"nodeId":350358710714383,"nodeKey":"t5m287ao4ea","id":"7308548857953280","createdAt":"2026-02-26T06:44:06.737Z","updatedAt":"2026-02-26T06:44:06.737Z","executionId":350359119659009}[39m workflowId=350358710714368
[32m2026-02-26 14:44:06 [info]  execution (350359119659009) run instruction [aggregate] for node (350358710714383) finished as status: 1[39m workflowId=350358710714368
[34m2026-02-26 14:44:06 [debug] result of node                              [39m data=2
[34m2026-02-26 14:44:06 [debug] run next node (350358710714387)             [39m 
[32m2026-02-26 14:44:06 [info]  execution (350359119659009) run instruction [aggregate] for node (350358710714387)[39m workflowId=350358710714368
[34m2026-02-26 14:44:06 [debug] config of node                              [39m data={"aggregator":"count","associated":false,"params":{"field":"id","filter":{"$and":[{"defect_rank":{"$eq":"level3"}},{"label":{"$noneOf":["åèœå±èœ","å·²æç»","å»ºè®®"]}},{"$or":[{"label":{"$anyOf":["åŸåå¹¶","å·²ä¿®å€"]}},{"$and":[{"label":{"$anyOf":["æªå€ç°"]}},{"defect_status":{"$eq":"å·²å³é­"}}]}]},{"module":{"$eq":"{{$context.data.module}}"}}]}},"precision":2,"collection":"defects"} workflowId=350358710714368
[34m2026-02-26 14:44:06 [debug] job added to save list: {"result":0,"status":1,"nodeId":350358710714387,"nodeKey":"je6ex9hwdlz","id":"7308548870536192","createdAt":"2026-02-26T06:44:06.740Z","updatedAt":"2026-02-26T06:44:06.740Z","executionId":350359119659009}[39m workflowId=350358710714368
[32m2026-02-26 14:44:06 [info]  execution (350359119659009) run instruction [aggregate] for node (350358710714387) finished as status: 1[39m workflowId=350358710714368
[34m2026-02-26 14:44:06 [debug] result of node                              [39m 
[34m2026-02-26 14:44:06 [debug] run next node (350358710714374)             [39m 
[32m2026-02-26 14:44:06 [info]  execution (350359119659009) run instruction [aggregate] for node (350358710714374)[39m workflowId=350358710714368
[34m2026-02-26 14:44:06 [debug] config of node                              [39m data={"aggregator":"count","associated":false,"params":{"field":"id","filter":{"$and":[{"priority":{"$eq":"P1"}},{"module":{"$eq":"{{$context.data.module}}"}}]}},"precision":2,"collection":"defects"} workflowId=350358710714368
[34m2026-02-26 14:44:06 [debug] job added to save list: {"result":1,"status":1,"nodeId":350358710714374,"nodeKey":"m7boio3foa4","id":"7308548874730496","createdAt":"2026-02-26T06:44:06.741Z","updatedAt":"2026-02-26T06:44:06.741Z","executionId":350359119659009}[39m workflowId=350358710714368
[32m2026-02-26 14:44:06 [info]  execution (350359119659009) run instruction [aggregate] for node (350358710714374) finished as status: 1[39m workflowId=350358710714368
[34m2026-02-26 14:44:06 [debug] result of node                              [39m data=1
[34m2026-02-26 14:44:06 [debug] run next node (350358710714388)             [39m 
[32m2026-02-26 14:44:06 [info]  execution (350359119659009) run instruction [aggregate] for node (350358710714388)[39m workflowId=350358710714368
[34m2026-02-26 14:44:06 [debug] config of node                              [39m data={"aggregator":"count","associated":false,"params":{"field":"id","filter":{"$and":[{"priority":{"$eq":"P1"}},{"module":{"$eq":"{{$context.data.module}}"}},{"label":{"$noneOf":["åèœå±èœ","å·²æç»","å»ºè®®"]}},{"$or":[{"label":{"$anyOf":["åŸåå¹¶","å·²ä¿®å€"]}},{"$and":[{"label":{"$anyOf":["æªå€ç°"]}},{"defect_status":{"$eq":"å·²å³é­"}}]}]}]}},"precision":2,"collection":"defects"} workflowId=350358710714368
[34m2026-02-26 14:44:06 [debug] job added to save list: {"result":1,"status":1,"nodeId":350358710714388,"nodeKey":"ctxa7y3htwk","id":"7308548887313408","createdAt":"2026-02-26T06:44:06.744Z","updatedAt":"2026-02-26T06:44:06.744Z","executionId":350359119659009}[39m workflowId=350358710714368
[32m2026-02-26 14:44:06 [info]  execution (350359119659009) run instruction [aggregate] for node (350358710714388) finished as status: 1[39m workflowId=350358710714368
[34m2026-02-26 14:44:06 [debug] result of node                              [39m data=1
[34m2026-02-26 14:44:06 [debug] run next node (350358710714381)             [39m 
[32m2026-02-26 14:44:06 [info]  execution (350359119659009) run instruction [aggregate] for node (350358710714381)[39m workflowId=350358710714368
[34m2026-02-26 14:44:06 [debug] config of node                              [39m data={"aggregator":"count","associated":false,"params":{"field":"id","filter":{"$and":[{"priority":{"$eq":"P2"}},{"module":{"$eq":"{{$context.data.module}}"}}]}},"precision":2,"collection":"defects"} workflowId=350358710714368
[34m2026-02-26 14:44:06 [debug] job added to save list: {"result":2,"status":1,"nodeId":350358710714381,"nodeKey":"n5qz0yvi8a8","id":"7308548899896320","createdAt":"2026-02-26T06:44:06.747Z","updatedAt":"2026-02-26T06:44:06.747Z","executionId":350359119659009}[39m workflowId=350358710714368
[32m2026-02-26 14:44:06 [info]  execution (350359119659009) run instruction [aggregate] for node (350358710714381) finished as status: 1[39m workflowId=350358710714368
[34m2026-02-26 14:44:06 [debug] result of node                              [39m data=2
[34m2026-02-26 14:44:06 [debug] run next node (350358710714389)             [39m 
[32m2026-02-26 14:44:06 [info]  execution (350359119659009) run instruction [aggregate] for node (350358710714389)[39m workflowId=350358710714368
[34m2026-02-26 14:44:06 [debug] config of node                              [39m data={"aggregator":"count","associated":false,"params":{"field":"id","filter":{"$and":[{"priority":{"$eq":"P2"}},{"label":{"$noneOf":["åèœå±èœ","å·²æç»","å»ºè®®"]}},{"module":{"$eq":"{{$context.data.module}}"}},{"$or":[{"label":{"$anyOf":["åŸåå¹¶","å·²ä¿®å€"]}},{"$and":[{"label":{"$anyOf":["æªå€ç°"]}},{"defect_status":{"$eq":"å·²å³é­"}}]}]}]}},"precision":2,"collection":"defects"} workflowId=350358710714368
[34m2026-02-26 14:44:06 [debug] job added to save list: {"result":1,"status":1,"nodeId":350358710714389,"nodeKey":"m5m10pctczr","id":"7308548916673536","createdAt":"2026-02-26T06:44:06.751Z","updatedAt":"2026-02-26T06:44:06.751Z","executionId":350359119659009}[39m workflowId=350358710714368
[32m2026-02-26 14:44:06 [info]  execution (350359119659009) run instruction [aggregate] for node (350358710714389) finished as status: 1[39m workflowId=350358710714368
[34m2026-02-26 14:44:06 [debug] result of node                              [39m data=1
[34m2026-02-26 14:44:06 [debug] run next node (350358710714378)             [39m 
[32m2026-02-26 14:44:06 [info]  execution (350359119659009) run instruction [aggregate] for node (350358710714378)[39m workflowId=350358710714368
[34m2026-02-26 14:44:06 [debug] config of node                              [39m data={"aggregator":"count","associated":false,"params":{"field":"id","filter":{"$and":[{"priority":{"$eq":"P3"}},{"module":{"$eq":"{{$context.data.module}}"}}]}},"precision":2,"collection":"defects"} workflowId=350358710714368
[34m2026-02-26 14:44:06 [debug] job added to save list: {"result":2,"status":1,"nodeId":350358710714378,"nodeKey":"86wyre6po8b","id":"7308548925062144","createdAt":"2026-02-26T06:44:06.753Z","updatedAt":"2026-02-26T06:44:06.753Z","executionId":350359119659009}[39m workflowId=350358710714368
[32m2026-02-26 14:44:06 [info]  execution (350359119659009) run instruction [aggregate] for node (350358710714378) finished as status: 1[39m workflowId=350358710714368
[34m2026-02-26 14:44:06 [debug] result of node                              [39m data=2
[34m2026-02-26 14:44:06 [debug] run next node (350358710714372)             [39m 
[32m2026-02-26 14:44:06 [info]  execution (350359119659009) run instruction [aggregate] for node (350358710714372)[39m workflowId=350358710714368
[34m2026-02-26 14:44:06 [debug] config of node                              [39m data={"aggregator":"count","associated":false,"params":{"field":"id","filter":{"$and":[{"priority":{"$eq":"P3"}},{"label":{"$noneOf":["åèœå±èœ","å·²æç»","å»ºè®®"]}},{"module":{"$eq":"{{$context.data.module}}"}},{"$or":[{"label":{"$anyOf":["åŸåå¹¶","å·²ä¿®å€"]}},{"$and":[{"label":{"$anyOf":["æªå€ç°"]}},{"defect_status":{"$eq":"å·²å³é­"}}]}]}]}},"precision":2,"collection":"defects"} workflowId=350358710714368
[34m2026-02-26 14:44:06 [debug] job added to save list: {"result":0,"status":1,"nodeId":350358710714372,"nodeKey":"4tftrde6ftb","id":"7308548937645056","createdAt":"2026-02-26T06:44:06.756Z","updatedAt":"2026-02-26T06:44:06.756Z","executionId":350359119659009}[39m workflowId=350358710714368
[32m2026-02-26 14:44:06 [info]  execution (350359119659009) run instruction [aggregate] for node (350358710714372) finished as status: 1[39m workflowId=350358710714368
[34m2026-02-26 14:44:06 [debug] result of node                              [39m 
[34m2026-02-26 14:44:06 [debug] run next node (350358710714377)             [39m 
[32m2026-02-26 14:44:06 [info]  execution (350359119659009) run instruction [aggregate] for node (350358710714377)[39m workflowId=350358710714368
[34m2026-02-26 14:44:06 [debug] config of node                              [39m data={"aggregator":"count","associated":false,"params":{"field":"id","filter":{"$and":[{"defect_status":{"$eq":"å·²å³é­"}},{"priority":{"$eq":"P1"}},{"module":{"$eq":"{{$context.data.module}}"}}]}},"precision":2,"collection":"defects"} workflowId=350358710714368
[34m2026-02-26 14:44:06 [debug] job added to save list: {"result":0,"status":1,"nodeId":350358710714377,"nodeKey":"3szdlncazck","id":"7308548950227968","createdAt":"2026-02-26T06:44:06.759Z","updatedAt":"2026-02-26T06:44:06.759Z","executionId":350359119659009}[39m workflowId=350358710714368
[32m2026-02-26 14:44:06 [info]  execution (350359119659009) run instruction [aggregate] for node (350358710714377) finished as status: 1[39m workflowId=350358710714368
[34m2026-02-26 14:44:06 [debug] result of node                              [39m 
[34m2026-02-26 14:44:06 [debug] run next node (350358710714371)             [39m 
[32m2026-02-26 14:44:06 [info]  execution (350359119659009) run instruction [aggregate] for node (350358710714371)[39m workflowId=350358710714368
[34m2026-02-26 14:44:06 [debug] config of node                              [39m data={"aggregator":"count","associated":false,"params":{"field":"id","filter":{"$and":[{"defect_status":{"$eq":"å·²å³é­"}},{"module":{"$eq":"{{$context.data.module}}"}},{"label":{"$match":["åèœå±èœ","å·²æç»","å»ºè®®"]}}]}},"precision":2,"collection":"defects"} workflowId=350358710714368
[34m2026-02-26 14:44:06 [debug] job added to save list: {"result":0,"status":1,"nodeId":350358710714371,"nodeKey":"aj31qog7bx4","id":"7308548958616576","createdAt":"2026-02-26T06:44:06.761Z","updatedAt":"2026-02-26T06:44:06.761Z","executionId":350359119659009}[39m workflowId=350358710714368
[32m2026-02-26 14:44:06 [info]  execution (350359119659009) run instruction [aggregate] for node (350358710714371) finished as status: 1[39m workflowId=350358710714368
[34m2026-02-26 14:44:06 [debug] result of node                              [39m 
[34m2026-02-26 14:44:06 [debug] run next node (350358710714373)             [39m 
[32m2026-02-26 14:44:06 [info]  execution (350359119659009) run instruction [aggregate] for node (350358710714373)[39m workflowId=350358710714368
[34m2026-02-26 14:44:06 [debug] config of node                              [39m data={"aggregator":"count","associated":false,"params":{"field":"id","filter":{"$and":[{"label":{"$anyOf":["å»¶æ"]}},{"module":{"$eq":"{{$context.data.module}}"}}]}},"precision":2,"collection":"defects"} workflowId=350358710714368
[34m2026-02-26 14:44:06 [debug] job added to save list: {"result":2,"status":1,"nodeId":350358710714373,"nodeKey":"3f305ii7n0l","id":"7308549004753920","createdAt":"2026-02-26T06:44:06.772Z","updatedAt":"2026-02-26T06:44:06.772Z","executionId":350359119659009}[39m workflowId=350358710714368
[32m2026-02-26 14:44:06 [info]  execution (350359119659009) run instruction [aggregate] for node (350358710714373) finished as status: 1[39m workflowId=350358710714368
[34m2026-02-26 14:44:06 [debug] result of node                              [39m data=2
[34m2026-02-26 14:44:06 [debug] run next node (350358710714376)             [39m 
[32m2026-02-26 14:44:06 [info]  execution (350359119659009) run instruction [aggregate] for node (350358710714376)[39m workflowId=350358710714368
[34m2026-02-26 14:44:06 [debug] config of node                              [39m data={"aggregator":"count","associated":false,"params":{"field":"id","filter":{"$and":[{"defect_status":{"$ne":"å·²å³é­"}},{"label":{"$noneOf":["åèœå±èœ","å·²æç»","å»ºè®®"]}},{"module":{"$eq":"{{$context.data.module}}"}},{"defect_status":{"$ne":"æ éä¿®å€"}}]}},"precision":2,"collection":"defects"} workflowId=350358710714368
[34m2026-02-26 14:44:06 [debug] job added to save list: {"result":4,"status":1,"nodeId":350358710714376,"nodeKey":"d60x92jthmx","id":"7308549013142528","createdAt":"2026-02-26T06:44:06.774Z","updatedAt":"2026-02-26T06:44:06.774Z","executionId":350359119659009}[39m workflowId=350358710714368
[32m2026-02-26 14:44:06 [info]  execution (350359119659009) run instruction [aggregate] for node (350358710714376) finished as status: 1[39m workflowId=350358710714368
[34m2026-02-26 14:44:06 [debug] result of node                              [39m data=4
[34m2026-02-26 14:44:06 [debug] run next node (350358710714403)             [39m 
[32m2026-02-26 14:44:06 [info]  execution (350359119659009) run instruction [aggregate] for node (350358710714403)[39m workflowId=350358710714368
[34m2026-02-26 14:44:06 [debug] config of node                              [39m data={"aggregator":"count","associated":false,"params":{"field":"id","filter":{"$and":[{"label":{"$anyOf":["å€æµæªéè¿"]}},{"module":{"$eq":"{{$context.data.module}}"}}]}},"precision":2,"collection":"defects"} workflowId=350358710714368
[34m2026-02-26 14:44:06 [debug] job added to save list: {"result":0,"status":1,"nodeId":350358710714403,"nodeKey":"iofdvp5yr94","id":"7308549021531136","createdAt":"2026-02-26T06:44:06.776Z","updatedAt":"2026-02-26T06:44:06.776Z","executionId":350359119659009}[39m workflowId=350358710714368
[32m2026-02-26 14:44:06 [info]  execution (350359119659009) run instruction [aggregate] for node (350358710714403) finished as status: 1[39m workflowId=350358710714368
[34m2026-02-26 14:44:06 [debug] result of node                              [39m 
[34m2026-02-26 14:44:06 [debug] run next node (350358710714402)             [39m 
[32m2026-02-26 14:44:06 [info]  execution (350359119659009) run instruction [aggregate] for node (350358710714402)[39m workflowId=350358710714368
[34m2026-02-26 14:44:06 [debug] config of node                              [39m data={"aggregator":"count","associated":false,"params":{"field":"id","filter":{"$and":[{"module":{"$eq":"{{$context.data.module}}"}}]}},"precision":2,"collection":"defects"} workflowId=350358710714368
[34m2026-02-26 14:44:06 [debug] job added to save list: {"result":5,"status":1,"nodeId":350358710714402,"nodeKey":"zzewef9k4c5","id":"7308549025725440","createdAt":"2026-02-26T06:44:06.777Z","updatedAt":"2026-02-26T06:44:06.777Z","executionId":350359119659009}[39m workflowId=350358710714368
[32m2026-02-26 14:44:06 [info]  execution (350359119659009) run instruction [aggregate] for node (350358710714402) finished as status: 1[39m workflowId=350358710714368
[34m2026-02-26 14:44:06 [debug] result of node                              [39m data=5
[34m2026-02-26 14:44:06 [debug] run next node (350358710714401)             [39m 
[32m2026-02-26 14:44:06 [info]  execution (350359119659009) run instruction [aggregate] for node (350358710714401)[39m workflowId=350358710714368
[34m2026-02-26 14:44:06 [debug] config of node                              [39m data={"aggregator":"count","associated":false,"params":{"field":"id","filter":{"$and":[{"defect_status":{"$in":["å·²ä¿®å€","å·²å³é­"]}},{"label":{"$noneOf":["åèœå±èœ","å·²æç»","å»ºè®®"]}},{"module":{"$eq":"{{$context.data.module}}"}}]}},"precision":2,"collection":"defects"} workflowId=350358710714368
[34m2026-02-26 14:44:06 [debug] job added to save list: {"result":2,"status":1,"nodeId":350358710714401,"nodeKey":"l04hm7fnjg9","id":"7308549034114048","createdAt":"2026-02-26T06:44:06.779Z","updatedAt":"2026-02-26T06:44:06.779Z","executionId":350359119659009}[39m workflowId=350358710714368
[32m2026-02-26 14:44:06 [info]  execution (350359119659009) run instruction [aggregate] for node (350358710714401) finished as status: 1[39m workflowId=350358710714368
[34m2026-02-26 14:44:06 [debug] result of node                              [39m data=2
[34m2026-02-26 14:44:06 [debug] run next node (350358710714396)             [39m 
[32m2026-02-26 14:44:06 [info]  execution (350359119659009) run instruction [aggregate] for node (350358710714396)[39m workflowId=350358710714368
[34m2026-02-26 14:44:06 [debug] config of node                              [39m data={"aggregator":"count","associated":false,"params":{"field":"id","filter":{"$and":[{"label":{"$anyOf":["å»ºè®®"]}},{"module":{"$eq":"{{$context.data.module}}"}}]}},"precision":2,"collection":"defects"} workflowId=350358710714368
[34m2026-02-26 14:44:06 [debug] job added to save list: {"result":0,"status":1,"nodeId":350358710714396,"nodeKey":"aaj3raugpgh","id":"7308549042502656","createdAt":"2026-02-26T06:44:06.781Z","updatedAt":"2026-02-26T06:44:06.781Z","executionId":350359119659009}[39m workflowId=350358710714368
[32m2026-02-26 14:44:06 [info]  execution (350359119659009) run instruction [aggregate] for node (350358710714396) finished as status: 1[39m workflowId=350358710714368
[34m2026-02-26 14:44:06 [debug] result of node                              [39m 
[34m2026-02-26 14:44:06 [debug] run next node (350358710714395)             [39m 
[32m2026-02-26 14:44:06 [info]  execution (350359119659009) run instruction [calculation] for node (350358710714395)[39m workflowId=350358710714368
[34m2026-02-26 14:44:06 [debug] config of node                              [39m data={"engine":"formula.js","expression":"IF({{$jobsMapByNodeKey.h14qw1067vw}})>0, ({{$jobsMapByNodeKey.cvcey3i9obe}}/{{$jobsMapByNodeKey.h14qw1067vw}})*100"} workflowId=350358710714368
[34m2026-02-26 14:44:06 [debug] job added to save list: {"result":100,"status":1,"nodeId":350358710714395,"nodeKey":"2ccxsbzcjc4","id":"7308549046696960","createdAt":"2026-02-26T06:44:06.782Z","updatedAt":"2026-02-26T06:44:06.782Z","executionId":350359119659009}[39m workflowId=350358710714368
[32m2026-02-26 14:44:06 [info]  execution (350359119659009) run instruction [calculation] for node (350358710714395) finished as status: 1[39m workflowId=350358710714368
[34m2026-02-26 14:44:06 [debug] result of node                              [39m data=100
[34m2026-02-26 14:44:06 [debug] run next node (350358710714398)             [39m 
[32m2026-02-26 14:44:06 [info]  execution (350359119659009) run instruction [calculation] for node (350358710714398)[39m workflowId=350358710714368
[34m2026-02-26 14:44:06 [debug] config of node                              [39m data={"engine":"formula.js","expression":"IF({{$jobsMapByNodeKey.52k6055vnrg}})>0, ({{$jobsMapByNodeKey.1fpxh7sjq4k}}/{{$jobsMapByNodeKey.52k6055vnrg}})*100"} workflowId=350358710714368
[34m2026-02-26 14:44:06 [debug] job added to save list: {"result":50,"status":1,"nodeId":350358710714398,"nodeKey":"3flt8fzaf9v","id":"7308549055085568","createdAt":"2026-02-26T06:44:06.784Z","updatedAt":"2026-02-26T06:44:06.784Z","executionId":350359119659009}[39m workflowId=350358710714368
[32m2026-02-26 14:44:06 [info]  execution (350359119659009) run instruction [calculation] for node (350358710714398) finished as status: 1[39m workflowId=350358710714368
[34m2026-02-26 14:44:06 [debug] result of node                              [39m data=50
[34m2026-02-26 14:44:06 [debug] run next node (350358710714397)             [39m 
[32m2026-02-26 14:44:06 [info]  execution (350359119659009) run instruction [calculation] for node (350358710714397)[39m workflowId=350358710714368
[34m2026-02-26 14:44:06 [debug] config of node                              [39m data={"engine":"formula.js","expression":"IF({{$jobsMapByNodeKey.t5m287ao4ea}})>0, ({{$jobsMapByNodeKey.4tftrde6ftb}}/{{$jobsMapByNodeKey.86wyre6po8b}})*100"} workflowId=350358710714368
[34m2026-02-26 14:44:06 [debug] job added to save list: {"result":0,"status":1,"nodeId":350358710714397,"nodeKey":"vi0a5pod3fb","id":"7308549063474176","createdAt":"2026-02-26T06:44:06.786Z","updatedAt":"2026-02-26T06:44:06.786Z","executionId":350359119659009}[39m workflowId=350358710714368
[32m2026-02-26 14:44:06 [info]  execution (350359119659009) run instruction [calculation] for node (350358710714397) finished as status: 1[39m workflowId=350358710714368
[34m2026-02-26 14:44:06 [debug] result of node                              [39m 
[34m2026-02-26 14:44:06 [debug] run next node (350358710714393)             [39m 
[32m2026-02-26 14:44:06 [info]  execution (350359119659009) run instruction [calculation] for node (350358710714393)[39m workflowId=350358710714368
[34m2026-02-26 14:44:06 [debug] config of node                              [39m data={"engine":"formula.js","expression":"IF({{$jobsMapByNodeKey.m7boio3foa4}})> 0, ({{$jobsMapByNodeKey.ctxa7y3htwk}}/{{$jobsMapByNodeKey.m7boio3foa4}}) * 100"} workflowId=350358710714368
[34m2026-02-26 14:44:06 [debug] job added to save list: {"result":100,"status":1,"nodeId":350358710714393,"nodeKey":"0koj1eg6sb8","id":"7308549071862784","createdAt":"2026-02-26T06:44:06.788Z","updatedAt":"2026-02-26T06:44:06.788Z","executionId":350359119659009}[39m workflowId=350358710714368
[32m2026-02-26 14:44:06 [info]  execution (350359119659009) run instruction [calculation] for node (350358710714393) finished as status: 1[39m workflowId=350358710714368
[34m2026-02-26 14:44:06 [debug] result of node                              [39m data=100
[34m2026-02-26 14:44:06 [debug] run next node (350358710714392)             [39m 
[32m2026-02-26 14:44:06 [info]  execution (350359119659009) run instruction [calculation] for node (350358710714392)[39m workflowId=350358710714368
[34m2026-02-26 14:44:06 [debug] config of node                              [39m data={"engine":"formula.js","expression":"IF({{$jobsMapByNodeKey.n5qz0yvi8a8}})>0, ({{$jobsMapByNodeKey.m5m10pctczr}}/{{$jobsMapByNodeKey.n5qz0yvi8a8}})*100"} workflowId=350358710714368
[34m2026-02-26 14:44:06 [debug] job added to save list: {"result":50,"status":1,"nodeId":350358710714392,"nodeKey":"cc0fjobla23","id":"7308549076057088","createdAt":"2026-02-26T06:44:06.789Z","updatedAt":"2026-02-26T06:44:06.789Z","executionId":350359119659009}[39m workflowId=350358710714368
[32m2026-02-26 14:44:06 [info]  execution (350359119659009) run instruction [calculation] for node (350358710714392) finished as status: 1[39m workflowId=350358710714368
[34m2026-02-26 14:44:06 [debug] result of node                              [39m data=50
[34m2026-02-26 14:44:06 [debug] run next node (350358710714394)             [39m 
[32m2026-02-26 14:44:06 [info]  execution (350359119659009) run instruction [calculation] for node (350358710714394)[39m workflowId=350358710714368
[34m2026-02-26 14:44:06 [debug] config of node                              [39m data={"engine":"formula.js","expression":"IF({{$jobsMapByNodeKey.86wyre6po8b}})>0, ({{$jobsMapByNodeKey.4tftrde6ftb}}/{{$jobsMapByNodeKey.86wyre6po8b}})*100"} workflowId=350358710714368
[34m2026-02-26 14:44:06 [debug] job added to save list: {"result":0,"status":1,"nodeId":350358710714394,"nodeKey":"l1ydjc14a38","id":"7308549084445696","createdAt":"2026-02-26T06:44:06.791Z","updatedAt":"2026-02-26T06:44:06.791Z","executionId":350359119659009}[39m workflowId=350358710714368
[32m2026-02-26 14:44:06 [info]  execution (350359119659009) run instruction [calculation] for node (350358710714394) finished as status: 1[39m workflowId=350358710714368
[34m2026-02-26 14:44:06 [debug] result of node                              [39m 
[34m2026-02-26 14:44:06 [debug] run next node (350358710714400)             [39m 
[32m2026-02-26 14:44:06 [info]  execution (350359119659009) run instruction [calculation] for node (350358710714400)[39m workflowId=350358710714368
[34m2026-02-26 14:44:06 [debug] config of node                              [39m data={"engine":"formula.js","expression":"IF({{$jobsMapByNodeKey.zzewef9k4c5}})>0, ({{$jobsMapByNodeKey.l04hm7fnjg9}}/{{$jobsMapByNodeKey.zzewef9k4c5}})*100"} workflowId=350358710714368
[34m2026-02-26 14:44:06 [debug] job added to save list: {"result":40,"status":1,"nodeId":350358710714400,"nodeKey":"uyj2viluyyw","id":"7308549084445697","createdAt":"2026-02-26T06:44:06.792Z","updatedAt":"2026-02-26T06:44:06.792Z","executionId":350359119659009}[39m workflowId=350358710714368
[32m2026-02-26 14:44:06 [info]  execution (350359119659009) run instruction [calculation] for node (350358710714400) finished as status: 1[39m workflowId=350358710714368
[34m2026-02-26 14:44:06 [debug] result of node                              [39m data=40
[34m2026-02-26 14:44:06 [debug] run next node (350358710714399)             [39m 
[32m2026-02-26 14:44:06 [info]  execution (350359119659009) run instruction [calculation] for node (350358710714399)[39m workflowId=350358710714368
[34m2026-02-26 14:44:06 [debug] config of node                              [39m data={"engine":"formula.js","expression":"IF({{$jobsMapByNodeKey.zzewef9k4c5}})>0, ({{$jobsMapByNodeKey.aj31qog7bx4}}/{{$jobsMapByNodeKey.l04hm7fnjg9}})*100"} workflowId=350358710714368
[34m2026-02-26 14:44:06 [debug] job added to save list: {"result":0,"status":1,"nodeId":350358710714399,"nodeKey":"t7ws2z05g6c","id":"7308549088640000","createdAt":"2026-02-26T06:44:06.792Z","updatedAt":"2026-02-26T06:44:06.792Z","executionId":350359119659009}[39m workflowId=350358710714368
[32m2026-02-26 14:44:06 [info]  execution (350359119659009) run instruction [calculation] for node (350358710714399) finished as status: 1[39m workflowId=350358710714368
[34m2026-02-26 14:44:06 [debug] result of node                              [39m 
[34m2026-02-26 14:44:06 [debug] run next node (350358710714375)             [39m 
[32m2026-02-26 14:44:06 [info]  execution (350359119659009) run instruction [update] for node (350358710714375)[39m workflowId=350358710714368
[34m2026-02-26 14:44:06 [debug] config of node                              [39m data={"usingAssignFormSchema":true,"assignFormSchema":{"_isJSONSchemaObject":true,"version":"2.0","name":"z36wx6jbrw9","type":"void","x-component":"Grid","x-initializer":"assignFieldValuesForm:configureFields","properties":{"i1v4kp5ixw1":{"_isJSONSchemaObject":true,"version":"2.0","type":"void","x-component":"Grid.Row","properties":{"m57in1bxqre":{"_isJSONSchemaObject":true,"version":"2.0","type":"void","x-component":"Grid.Col","properties":{"level_1_count":{"_isJSONSchemaObject":true,"version":"2.0","type":"string","name":"level_1_count","x-toolbar":"FormItemSchemaToolbar","x-settings":"fieldSettings:FormItem","x-component":"AssignedField","x-decorator":"FormItem","x-collection-field":"module_summaries.level_1_count"}},"name":"m57in1bxqre"}},"name":"i1v4kp5ixw1"},"28tkyaas4rv":{"_isJSONSchemaObject":true,"version":"2.0","type":"void","x-component":"Grid.Row","properties":{"aubadkxorcs":{"_isJSONSchemaObject":true,"version":"2.0","type":"void","x-component":"Grid.Col","properties":{"level_1_fixed":{"_isJSONSchemaObject":true,"version":"2.0","type":"string","name":"level_1_fixed","x-toolbar":"FormItemSchemaToolbar","x-settings":"fieldSettings:FormItem","x-component":"AssignedField","x-decorator":"FormItem","x-collection-field":"module_summaries.level_1_fixed"}},"name":"aubadkxorcs"}},"name":"28tkyaas4rv"},"87dzfrypjv5":{"_isJSONSchemaObject":true,"version":"2.0","type":"void","x-component":"Grid.Row","properties":{"00u2e0hze8y":{"_isJSONSchemaObject":true,"version":"2.0","type":"void","x-component":"Grid.Col","properties":{"level_2_count":{"_isJSONSchemaObject":true,"version":"2.0","type":"string","name":"level_2_count","x-toolbar":"FormItemSchemaToolbar","x-settings":"fieldSettings:FormItem","x-component":"AssignedField","x-decorator":"FormItem","x-collection-field":"module_summaries.level_2_count"}},"name":"00u2e0hze8y"}},"name":"87dzfrypjv5"},"sr9fb2g83wa":{"_isJSONSchemaObject":true,"version":"2.0","type":"void","x-component":"Grid.Row","properties":{"mctr2nubczg":{"_isJSONSchemaObject":true,"version":"2.0","type":"void","x-component":"Grid.Col","properties":{"level_2_fixed":{"_isJSONSchemaObject":true,"version":"2.0","type":"string","name":"level_2_fixed","x-toolbar":"FormItemSchemaToolbar","x-settings":"fieldSettings:FormItem","x-component":"AssignedField","x-decorator":"FormItem","x-collection-field":"module_summaries.level_2_fixed"}},"name":"mctr2nubczg"}},"name":"sr9fb2g83wa"},"robhdmi5xfc":{"_isJSONSchemaObject":true,"version":"2.0","type":"void","x-component":"Grid.Row","properties":{"d7pyy4ts79k":{"_isJSONSchemaObject":true,"version":"2.0","type":"void","x-component":"Grid.Col","properties":{"level_3_count":{"_isJSONSchemaObject":true,"version":"2.0","type":"string","name":"level_3_count","x-toolbar":"FormItemSchemaToolbar","x-settings":"fieldSettings:FormItem","x-component":"AssignedField","x-decorator":"FormItem","x-collection-field":"module_summaries.level_3_count"}},"name":"d7pyy4ts79k"}},"name":"robhdmi5xfc"},"9ykwa93dd5w":{"_isJSONSchemaObject":true,"version":"2.0","type":"void","x-component":"Grid.Row","properties":{"0nkrxq50w1f":{"_isJSONSchemaObject":true,"version":"2.0","type":"void","x-component":"Grid.Col","properties":{"level_3_fixed":{"_isJSONSchemaObject":true,"version":"2.0","type":"string","name":"level_3_fixed","x-toolbar":"FormItemSchemaToolbar","x-settings":"fieldSettings:FormItem","x-component":"AssignedField","x-decorator":"FormItem","x-collection-field":"module_summaries.level_3_fixed"}},"name":"0nkrxq50w1f"}},"name":"9ykwa93dd5w"},"m2wrz7jm9vz":{"_isJSONSchemaObject":true,"version":"2.0","type":"void","x-component":"Grid.Row","properties":{"hfp2a2oyka1":{"_isJSONSchemaObject":true,"version":"2.0","type":"void","x-component":"Grid.Col","properties":{"level_1_rollback":{"_isJSONSchemaObject":true,"version":"2.0","type":"string","name":"level_1_rollback","x-toolbar":"FormItemSchemaToolbar","x-settings":"fieldSettings:FormItem","x-component":"AssignedField","x-decorator":"FormItem","x-collection-field":"module_summaries.level_1_rollback"}},"name":"hfp2a2oyka1"}},"name":"m2wrz7jm9vz"},"llra5xvheol":{"_isJSONSchemaObject":true,"version":"2.0","type":"void","x-component":"Grid.Row","properties":{"hxtzevu58gt":{"_isJSONSchemaObject":true,"version":"2.0","type":"void","x-component":"Grid.Col","properties":{"level_1_hang":{"_isJSONSchemaObject":true,"version":"2.0","type":"string","name":"level_1_hang","x-toolbar":"FormItemSchemaToolbar","x-settings":"fieldSettings:FormItem","x-component":"AssignedField","x-decorator":"FormItem","x-collection-field":"module_summaries.level_1_hang"}},"name":"hxtzevu58gt"}},"name":"llra5xvheol"},"55xmmpvuyqt":{"_isJSONSchemaObject":true,"version":"2.0","type":"void","x-component":"Grid.Row","properties":{"6khukz0hpsa":{"_isJSONSchemaObject":true,"version":"2.0","type":"void","x-component":"Grid.Col","properties":{"level_1_other":{"_isJSONSchemaObject":true,"version":"2.0","type":"string","name":"level_1_other","x-toolbar":"FormItemSchemaToolbar","x-settings":"fieldSettings:FormItem","x-component":"AssignedField","x-decorator":"FormItem","x-collection-field":"module_summaries.level_1_other"}},"name":"6khukz0hpsa"}},"name":"55xmmpvuyqt"},"rsmtss1h01p":{"_isJSONSchemaObject":true,"version":"2.0","type":"void","x-component":"Grid.Row","properties":{"cpv1idb5asq":{"_isJSONSchemaObject":true,"version":"2.0","type":"void","x-component":"Grid.Col","properties":{"p1_total":{"_isJSONSchemaObject":true,"version":"2.0","type":"string","name":"p1_total","x-toolbar":"FormItemSchemaToolbar","x-settings":"fieldSettings:FormItem","x-component":"AssignedField","x-decorator":"FormItem","x-collection-field":"module_summaries.p1_total"}},"name":"cpv1idb5asq"}},"name":"rsmtss1h01p"},"7qkvh5xh818":{"_isJSONSchemaObject":true,"version":"2.0","type":"void","x-component":"Grid.Row","properties":{"6nw4mwneztc":{"_isJSONSchemaObject":true,"version":"2.0","type":"void","x-component":"Grid.Col","properties":{"p1_fixed":{"_isJSONSchemaObject":true,"version":"2.0","type":"string","name":"p1_fixed","x-toolbar":"FormItemSchemaToolbar","x-settings":"fieldSettings:FormItem","x-component":"AssignedField","x-decorator":"FormItem","x-collection-field":"module_summaries.p1_fixed"}},"name":"6nw4mwneztc"}},"name":"7qkvh5xh818"},"b58wgiucl7e":{"_isJSONSchemaObject":true,"version":"2.0","type":"void","x-component":"Grid.Row","properties":{"zj0a2jvc6z9":{"_isJSONSchemaObject":true,"version":"2.0","type":"void","x-component":"Grid.Col","properties":{"p2_total":{"_isJSONSchemaObject":true,"version":"2.0","type":"string","name":"p2_total","x-toolbar":"FormItemSchemaToolbar","x-settings":"fieldSettings:FormItem","x-component":"AssignedField","x-decorator":"FormItem","x-collection-field":"module_summaries.p2_total"}},"name":"zj0a2jvc6z9"}},"name":"b58wgiucl7e"},"nro02cwc7bk":{"_isJSONSchemaObject":true,"version":"2.0","type":"void","x-component":"Grid.Row","properties":{"1ux17z77emh":{"_isJSONSchemaObject":true,"version":"2.0","type":"void","x-component":"Grid.Col","properties":{"p2_fixed":{"_isJSONSchemaObject":true,"version":"2.0","type":"string","name":"p2_fixed","x-toolbar":"FormItemSchemaToolbar","x-settings":"fieldSettings:FormItem","x-component":"AssignedField","x-decorator":"FormItem","x-collection-field":"module_summaries.p2_fixed"}},"name":"1ux17z77emh"}},"name":"nro02cwc7bk"},"a8dmvlrnvb7":{"_isJSONSchemaObject":true,"version":"2.0","type":"void","x-component":"Grid.Row","properties":{"vlqd92jptvw":{"_isJSONSchemaObject":true,"version":"2.0","type":"void","x-component":"Grid.Col","properties":{"p3_total":{"_isJSONSchemaObject":true,"version":"2.0","type":"string","name":"p3_total","x-toolbar":"FormItemSchemaToolbar","x-settings":"fieldSettings:FormItem","x-component":"AssignedField","x-decorator":"FormItem","x-collection-field":"module_summaries.p3_total"}},"name":"vlqd92jptvw"}},"name":"a8dmvlrnvb7"},"pe6kuknysf3":{"_isJSONSchemaObject":true,"version":"2.0","type":"void","x-component":"Grid.Row","properties":{"5oyb34njzsh":{"_isJSONSchemaObject":true,"version":"2.0","type":"void","x-component":"Grid.Col","properties":{"p3_fixed":{"_isJSONSchemaObject":true,"version":"2.0","type":"string","name":"p3_fixed","x-toolbar":"FormItemSchemaToolbar","x-settings":"fieldSettings:FormItem","x-component":"AssignedField","x-decorator":"FormItem","x-collection-field":"module_summaries.p3_fixed"}},"name":"5oyb34njzsh"}},"name":"pe6kuknysf3"},"waamhtv7n4r":{"_isJSONSchemaObject":true,"version":"2.0","type":"void","x-component":"Grid.Row","properties":{"pdixjg4jtwt":{"_isJSONSchemaObject":true,"version":"2.0","type":"void","x-component":"Grid.Col","properties":{"total_closed":{"_isJSONSchemaObject":true,"version":"2.0","type":"string","name":"total_closed","x-toolbar":"FormItemSchemaToolbar","x-settings":"fieldSettings:FormItem","x-component":"AssignedField","x-decorator":"FormItem","x-collection-field":"module_summaries.total_closed"}},"name":"pdixjg4jtwt"}},"name":"waamhtv7n4r"},"o3ju99g7tpn":{"_isJSONSchemaObject":true,"version":"2.0","type":"void","x-component":"Grid.Row","properties":{"vv5cbr6n0r5":{"_isJSONSchemaObject":true,"version":"2.0","type":"void","x-component":"Grid.Col","properties":{"total_delayed":{"_isJSONSchemaObject":true,"version":"2.0","type":"string","name":"total_delayed","x-toolbar":"FormItemSchemaToolbar","x-settings":"fieldSettings:FormItem","x-component":"AssignedField","x-decorator":"FormItem","x-collection-field":"module_summaries.total_delayed"}},"name":"vv5cbr6n0r5"}},"name":"o3ju99g7tpn"},"0ww2fk3j4bh":{"_isJSONSchemaObject":true,"version":"2.0","type":"void","x-component":"Grid.Row","properties":{"bbtvb9ylfl3":{"_isJSONSchemaObject":true,"version":"2.0","type":"void","x-component":"Grid.Col","properties":{"p1_closed":{"_isJSONSchemaObject":true,"version":"2.0","type":"string","name":"p1_closed","x-toolbar":"FormItemSchemaToolbar","x-settings":"fieldSettings:FormItem","x-component":"AssignedField","x-decorator":"FormItem","x-collection-field":"module_summaries.p1_closed"}},"name":"bbtvb9ylfl3"}},"name":"0ww2fk3j4bh"},"2jfygzvc1fb":{"_isJSONSchemaObject":true,"version":"2.0","type":"void","x-component":"Grid.Row","properties":{"sp1nds1997r":{"_isJSONSchemaObject":true,"version":"2.0","type":"void","x-component":"Grid.Col","properties":{"open_count":{"_isJSONSchemaObject":true,"version":"2.0","type":"string","name":"open_count","x-toolbar":"FormItemSchemaToolbar","x-settings":"fieldSettings:FormItem","x-component":"AssignedField","x-decorator":"FormItem","x-collection-field":"module_summaries.open_count"}},"name":"sp1nds1997r"}},"name":"2jfygzvc1fb"},"3ej00lz953w":{"_isJSONSchemaObject":true,"version":"2.0","type":"void","x-component":"Grid.Row","properties":{"cszm23qznik":{"_isJSONSchemaObject":true,"version":"2.0","type":"void","x-component":"Grid.Col","properties":{"retest_failed_count":{"_isJSONSchemaObject":true,"version":"2.0","type":"string","name":"retest_failed_count","x-toolbar":"FormItemSchemaToolbar","x-settings":"fieldSettings:FormItem","x-component":"AssignedField","x-decorator":"FormItem","x-collection-field":"module_summaries.retest_failed_count"}},"name":"cszm23qznik"}},"name":"3ej00lz953w"},"15e9xtl3qs1":{"_isJSONSchemaObject":true,"version":"2.0","type":"void","x-component":"Grid.Row","properties":{"k1jpdb6h9ka":{"_isJSONSchemaObject":true,"version":"2.0","type":"void","x-component":"Grid.Col","properties":{"module_total":{"_isJSONSchemaObject":true,"version":"2.0","type":"string","name":"module_total","x-toolbar":"FormItemSchemaToolbar","x-settings":"fieldSettings:FormItem","x-component":"AssignedField","x-decorator":"FormItem","x-collection-field":"module_summaries.module_total"}},"name":"k1jpdb6h9ka"}},"name":"15e9xtl3qs1"},"izho92ic2cs":{"_isJSONSchemaObject":true,"version":"2.0","type":"void","x-component":"Grid.Row","properties":{"awvbzytdfsu":{"_isJSONSchemaObject":true,"version":"2.0","type":"void","x-component":"Grid.Col","properties":{"suggested_count":{"_isJSONSchemaObject":true,"version":"2.0","type":"string","name":"suggested_count","x-toolbar":"FormItemSchemaToolbar","x-settings":"fieldSettings:FormItem","x-component":"AssignedField","x-decorator":"FormItem","x-collection-field":"module_summaries.suggested_count"}},"name":"awvbzytdfsu"}},"name":"izho92ic2cs"},"yu07e8qcotw":{"_isJSONSchemaObject":true,"version":"2.0","type":"void","x-component":"Grid.Row","properties":{"lxrxphdvhys":{"_isJSONSchemaObject":true,"version":"2.0","type":"void","x-component":"Grid.Col","properties":{"p1_fixed_rate":{"_isJSONSchemaObject":true,"version":"2.0","type":"string","name":"p1_fixed_rate","x-toolbar":"FormItemSchemaToolbar","x-settings":"fieldSettings:FormItem","x-component":"AssignedField","x-decorator":"FormItem","x-collection-field":"module_summaries.p1_fixed_rate"}},"name":"lxrxphdvhys"}},"name":"yu07e8qcotw"},"valcwpzcc78":{"_isJSONSchemaObject":true,"version":"2.0","type":"void","x-component":"Grid.Row","properties":{"2wm4dowos99":{"_isJSONSchemaObject":true,"version":"2.0","type":"void","x-component":"Grid.Col","properties":{"level_1_fixed_rate":{"_isJSONSchemaObject":true,"version":"2.0","type":"string","name":"level_1_fixed_rate","x-toolbar":"FormItemSchemaToolbar","x-settings":"fieldSettings:FormItem","x-component":"AssignedField","x-decorator":"FormItem","x-collection-field":"module_summaries.level_1_fixed_rate"}},"name":"2wm4dowos99"}},"name":"valcwpzcc78"},"sngvx3bbfqo":{"_isJSONSchemaObject":true,"version":"2.0","type":"void","x-component":"Grid.Row","properties":{"3bkzy8qftbx":{"_isJSONSchemaObject":true,"version":"2.0","type":"void","x-component":"Grid.Col","properties":{"level_2_fixed_rate":{"_isJSONSchemaObject":true,"version":"2.0","type":"string","name":"level_2_fixed_rate","x-toolbar":"FormItemSchemaToolbar","x-settings":"fieldSettings:FormItem","x-component":"AssignedField","x-decorator":"FormItem","x-collection-field":"module_summaries.level_2_fixed_rate"}},"name":"3bkzy8qftbx"}},"name":"sngvx3bbfqo"},"wg6awk2i1ib":{"_isJSONSchemaObject":true,"version":"2.0","type":"void","x-component":"Grid.Row","properties":{"7k1l60wn7gi":{"_isJSONSchemaObject":true,"version":"2.0","type":"void","x-component":"Grid.Col","properties":{"level_3_fixed_rate":{"_isJSONSchemaObject":true,"version":"2.0","type":"string","name":"level_3_fixed_rate","x-toolbar":"FormItemSchemaToolbar","x-settings":"fieldSettings:FormItem","x-component":"AssignedField","x-decorator":"FormItem","x-collection-field":"module_summaries.level_3_fixed_rate"}},"name":"7k1l60wn7gi"}},"name":"wg6awk2i1ib"},"4xpdhjhsqex":{"_isJSONSchemaObject":true,"version":"2.0","type":"void","x-component":"Grid.Row","properties":{"2vb0o5rmpc6":{"_isJSONSchemaObject":true,"version":"2.0","type":"void","x-component":"Grid.Col","properties":{"p1_close_rate":{"_isJSONSchemaObject":true,"version":"2.0","type":"string","name":"p1_close_rate","x-toolbar":"FormItemSchemaToolbar","x-settings":"fieldSettings:FormItem","x-component":"AssignedField","x-decorator":"FormItem","x-collection-field":"module_summaries.p1_close_rate"}},"name":"2vb0o5rmpc6"}},"name":"4xpdhjhsqex"},"vjx2a31062n":{"_isJSONSchemaObject":true,"version":"2.0","type":"void","x-component":"Grid.Row","properties":{"t1r06cypjwf":{"_isJSONSchemaObject":true,"version":"2.0","type":"void","x-component":"Grid.Col","properties":{"p2_fixed_rate":{"_isJSONSchemaObject":true,"version":"2.0","type":"string","name":"p2_fixed_rate","x-toolbar":"FormItemSchemaToolbar","x-settings":"fieldSettings:FormItem","x-component":"AssignedField","x-decorator":"FormItem","x-collection-field":"module_summaries.p2_fixed_rate"}},"name":"t1r06cypjwf"}},"name":"vjx2a31062n"},"zo9qvll3ci2":{"_isJSONSchemaObject":true,"version":"2.0","type":"void","x-component":"Grid.Row","properties":{"3i4zuyk9zdx":{"_isJSONSchemaObject":true,"version":"2.0","type":"void","x-component":"Grid.Col","properties":{"p3_fixed_rate":{"_isJSONSchemaObject":true,"version":"2.0","type":"string","name":"p3_fixed_rate","x-toolbar":"FormItemSchemaToolbar","x-settings":"fieldSettings:FormItem","x-component":"AssignedField","x-decorator":"FormItem","x-collection-field":"module_summaries.p3_fixed_rate"}},"name":"3i4zuyk9zdx"}},"name":"zo9qvll3ci2"},"8u4l0gwsbsq":{"_isJSONSchemaObject":true,"version":"2.0","type":"void","x-component":"Grid.Row","properties":{"yrcnz4uus4r":{"_isJSONSchemaObject":true,"version":"2.0","type":"void","x-component":"Grid.Col","properties":{"total_fixed_rate":{"_isJSONSchemaObject":true,"version":"2.0","type":"string","name":"total_fixed_rate","x-toolbar":"FormItemSchemaToolbar","x-settings":"fieldSettings:FormItem","x-component":"AssignedField","x-decorator":"FormItem","x-collection-field":"module_summaries.total_fixed_rate"}},"name":"yrcnz4uus4r"}},"name":"8u4l0gwsbsq"},"u463fu4yg4s":{"_isJSONSchemaObject":true,"version":"2.0","type":"void","x-component":"Grid.Row","properties":{"q3rkry83pdd":{"_isJSONSchemaObject":true,"version":"2.0","type":"void","x-component":"Grid.Col","properties":{"total_close_rate":{"_isJSONSchemaObject":true,"version":"2.0","type":"string","name":"total_close_rate","x-toolbar":"FormItemSchemaToolbar","x-settings":"fieldSettings:FormItem","x-component":"AssignedField","x-decorator":"FormItem","x-collection-field":"module_summaries.total_close_rate"}},"name":"q3rkry83pdd"}},"name":"u463fu4yg4s"},"76dylcom235":{"_isJSONSchemaObject":true,"version":"2.0","type":"void","x-component":"Grid.Row","properties":{"0zo9ma5i2ea":{"_isJSONSchemaObject":true,"version":"2.0","type":"void","x-component":"Grid.Col","properties":{"total_fixed":{"_isJSONSchemaObject":true,"version":"2.0","type":"string","name":"total_fixed","x-toolbar":"FormItemSchemaToolbar","x-settings":"fieldSettings:FormItem","x-component":"AssignedField","x-decorator":"FormItem","x-collection-field":"module_summaries.total_fixed"}},"name":"0zo9ma5i2ea"}},"name":"76dylcom235"}}},"collection":"module_summaries","params":{"individualHooks":false,"filter":{"$and":[{"id":{"$eq":"{{$context.data.module}}"}}]},"values":{"level_1_count":"{{$jobsMapByNodeKey.h14qw1067vw}}","level_1_fixed":"{{$jobsMapByNodeKey.cvcey3i9obe}}","level_2_count":"{{$jobsMapByNodeKey.52k6055vnrg}}","level_2_fixed":"{{$jobsMapByNodeKey.1fpxh7sjq4k}}","level_3_count":"{{$jobsMapByNodeKey.t5m287ao4ea}}","level_3_fixed":"{{$jobsMapByNodeKey.je6ex9hwdlz}}","level_1_rollback":"{{$jobsMapByNodeKey.9euqanxv5ca}}","level_1_hang":"{{$jobsMapByNodeKey.cjybahnz5qh}}","level_1_other":"{{$jobsMapByNodeKey.4lo6zk22j0o}}","p1_total":"{{$jobsMapByNodeKey.m7boio3foa4}}","p1_fixed":"{{$jobsMapByNodeKey.ctxa7y3htwk}}","p2_total":"{{$jobsMapByNodeKey.n5qz0yvi8a8}}","p2_fixed":"{{$jobsMapByNodeKey.m5m10pctczr}}","p3_total":"{{$jobsMapByNodeKey.86wyre6po8b}}","p3_fixed":"{{$jobsMapByNodeKey.4tftrde6ftb}}","total_closed":"{{$jobsMapByNodeKey.aj31qog7bx4}}","total_delayed":"{{$jobsMapByNodeKey.3f305ii7n0l}}","p1_closed":"{{$jobsMapByNodeKey.3szdlncazck}}","open_count":"{{$jobsMapByNodeKey.d60x92jthmx}}","retest_failed_count":"{{$jobsMapByNodeKey.iofdvp5yr94}}","module_total":"{{$jobsMapByNodeKey.zzewef9k4c5}}","suggested_count":"{{$jobsMapByNodeKey.aaj3raugpgh}}","p1_fixed_rate":"{{$jobsMapByNodeKey.0koj1eg6sb8}}","total_fixed":"{{$jobsMapByNodeKey.l04hm7fnjg9}}","level_1_fixed_rate":"{{$jobsMapByNodeKey.2ccxsbzcjc4}}","level_2_fixed_rate":"{{$jobsMapByNodeKey.3flt8fzaf9v}}","level_3_fixed_rate":"{{$jobsMapByNodeKey.vi0a5pod3fb}}","p1_close_rate":"{{$jobsMapByNodeKey}}","p2_fixed_rate":"{{$jobsMapByNodeKey.cc0fjobla23}}","p3_fixed_rate":"{{$jobsMapByNodeKey.l1ydjc14a38}}","total_fixed_rate":"{{$jobsMapByNodeKey.uyj2viluyyw}}","total_close_rate":"{{$jobsMapByNodeKey.t7ws2z05g6c}}"}}} workflowId=350358710714368
[34m2026-02-26 14:44:06 [debug] job added to save list: {"result":1,"status":1,"nodeId":350358710714375,"nodeKey":"iz8nj3ykg09","id":"7308549126388736","createdAt":"2026-02-26T06:44:06.801Z","updatedAt":"2026-02-26T06:44:06.801Z","executionId":350359119659009}[39m workflowId=350358710714368
[32m2026-02-26 14:44:06 [info]  execution (350359119659009) run instruction [update] for node (350358710714375) finished as status: 1[39m workflowId=350358710714368
[34m2026-02-26 14:44:06 [debug] result of node                              [39m data=1
[34m2026-02-26 14:44:06 [debug] branch ended at node (350358710714375)      [39m 
[34m2026-02-26 14:44:06 [debug] not on main, recall to parent entry node (350358710714375)})[39m workflowId=350358710714368
[32m2026-02-26 14:44:06 [info]  execution (350359119659009) resume instruction [parallel] for node (350358710714369)[39m workflowId=350358710714368
[34m2026-02-26 14:44:06 [debug] config of node                              [39m workflowId=350358710714368
[34m2026-02-26 14:44:06 [debug] job added to save list: {"status":1,"result":[1,1],"nodeId":350358710714369,"nodeKey":"chjc97mlb5y","upstreamId":null,"id":"7308548677598208","createdAt":"2026-02-26T06:44:06.694Z","updatedAt":"2026-02-26T06:44:06.705Z","executionId":350359119659009}[39m workflowId=350358710714368
[32m2026-02-26 14:44:06 [info]  execution (350359119659009) run instruction [parallel] for node (350358710714369) finished as status: 1[39m workflowId=350358710714368
[34m2026-02-26 14:44:06 [debug] result of node                              [39m data=[1,1]
[34m2026-02-26 14:44:06 [debug] branch ended at node (350358710714369)      [39m 
[32m2026-02-26 14:44:06 [info]  execution (350359119659009) exiting with status 1[39m workflowId=350358710714368
[32m2026-02-26 14:44:06 [info]  execution (350359119659009) finished with status: 1[39m 
[34m2026-02-26 14:44:06 [debug] execution (350359119659009) details:        [39m execution={"createdAt":"2026-02-26T06:44:06.652Z","id":350359119659009,"updatedAt":"2026-02-26T06:44:06.813Z","key":"gljlkxparob","eventKey":"be3d39c1-9242-403e-a244-18a2a4d732ce","context":{"data":{"createdAt":"2026-02-26T06:44:06.638Z","updatedAt":"2026-02-26T06:44:06.643Z","defect":"åŸçºžæš¡ç³","defect_rank":"level3","priority":"P3","id":350359119659008,"f_jmazop48q5l":350357620195328,"createdById":1,"updatedById":1,"defect_classification":"åå²éç","module":350357618098176,"defect_status":"æ éä¿®å€","label":["åå²éç"],"parent_summary":{"createdAt":"2026-02-26T06:32:11.039Z","updatedAt":"2026-02-26T06:35:07.864Z","owner_id":"nocobase","id":350357620195328,"total_count":null,"tested_count":null,"defect_count":null,"fixed_count":null,"pending_count":null,"loc":null,"kloc":0,"testing_rate":null,"fix_rate":null,"pending_rate":null,"defect_density":null,"total_defect":4,"module_type":"çŒºé·æ±æ»","createdById":1,"updatedById":1}}},"status":1,"dispatched":true,"stack":null,"output":null,"manually":null,"workflowId":350358710714368}
[32m2026-02-26 14:45:12 [info]  toggle OFF workflow 350358710714368         [39m workflowId=350358710714368
[32m2026-02-26 14:45:13 [info]  toggle ON workflow 350358710714368          [39m workflowId=350358710714368
[32m2026-02-26 14:46:21 [info]  toggle OFF workflow 350358710714368         [39m workflowId=350358710714368
[32m2026-02-26 14:46:21 [info]  toggle OFF workflow 350358710714368         [39m workflowId=350358710714368
