[32m2026-03-18 16:20:57 [info]  toggle ON workflow 353995134533632          [39m workflowId=353995134533632
[32m2026-03-18 16:21:41 [info]  new event triggered, now events: 3          [39m 
[34m2026-03-18 16:21:41 [debug] event data:                                 [39m context={"data":{"createdAt":"2026-03-18T08:21:41.892Z","updatedAt":"2026-03-18T08:21:41.899Z","f_0ipjqjhd3dt":456,"f_jmazop48q5l":353995226808320,"defect_classification":"挂机","defect_status":"已关闭","defect":"导入大型文件时系统界面挂机","defect_rank":"level1","priority":"P1","id":353995277139968,"discovery_stage":null,"specific_reason":null,"module":null,"repair_plan":null,"test_stage":null,"label":["已修复","已关闭"],"round":"CC2026R2第一轮测试","issue_id":"20225","assignee":null,"feature_name":null,"issue_state":null,"repair_status":null,"gitlab_url":null,"createdById":1,"updatedById":1,"level_1_cause":"需求问题","level_2_cause":"需求遗漏","__tableName":"defects","__schemaName":"public","review_ref":{"createdAt":"2026-03-12T02:54:53.337Z","updatedAt":"2026-03-18T08:21:20.711Z","module_id":353995233099776,"eff_issue_hour":0.07,"id":456,"eff_page_hour":0.36,"round":"CC2026R2第一轮测试","workload_indep":8,"page_count":5,"workload_joint":6,"total_issues":1,"eff_indep_issues":0,"eff_meet_issues":0,"review_density":0.2,"is_standard":"是","review_hours":null,"fail_reason":null,"createdById":1,"updatedById":1},"__collection":"defects"}}
[32m2026-03-18 16:21:41 [info]  new event is pending to be prepared after previous preparation is finished[39m 
[32m2026-03-18 16:21:41 [info]  preparing execution for event               [39m 
[32m2026-03-18 16:21:41 [info]  execution of workflow 353995134533632 created as 353995277139971[39m 
[32m2026-03-18 16:21:41 [info]  instance is not serving as worker or local pending list is not empty, sending execution (353995277139971) to queue[39m 
[32m2026-03-18 16:21:42 [info]  execution (353995277139971) fetched from db [39m 
[32m2026-03-18 16:21:42 [info]  execution (353995277139971) starting...     [39m 
[32m2026-03-18 16:21:42 [info]  execution (353995277139971) run instruction [sql] for node (353995134533633)[39m workflowId=353995134533632
[34m2026-03-18 16:21:42 [debug] config of node                              [39m data={"dataSource":"main","sql":"DELETE FROM \"defects_reason\" \nWHERE \"review_id\" = {{ $context.data.f_0ipjqjhd3dt }}; \n\nINSERT INTO \"defects_reason\" (\n    \"id\",\n    \"createdAt\",\n    \"updatedAt\",\n    \"review_id\",\n    \"module_id\",\n    \"count_requirement\", \n    \"count_design\", \n    \"count_coding\", \n    \"count_package\", \n    \"count_dependency\"\n)\nSELECT \n    (extract(epoch from now()) * 1000 + floor(random() * 1000))::bigint,\n    NOW(),\n    NOW(),\n    t1.\"f_0ipjqjhd3dt\",\n    t1.\"f_jmazop48q5l\",\n    SUM(CASE WHEN t1.\"level_1_cause\" = '需求问题' THEN 1 ELSE 0 END),\n    SUM(CASE WHEN t1.\"level_1_cause\" = '设计问题' THEN 1 ELSE 0 END),\n    SUM(CASE WHEN t1.\"level_1_cause\" = '编码规范' THEN 1 ELSE 0 END),\n    SUM(CASE WHEN t1.\"level_1_cause\" = '打包问题' THEN 1 ELSE 0 END),\n    SUM(CASE WHEN t1.\"level_1_cause\" = '依赖问题' THEN 1 ELSE 0 END)\nFROM \"defects\" AS t1\nWHERE t1.\"f_0ipjqjhd3dt\" = {{ $context.data.f_0ipjqjhd3dt }} \nGROUP BY t1.\"f_jmazop48q5l\", t1.\"f_0ipjqjhd3dt\";"} workflowId=353995134533632
[34m2026-03-18 16:21:42 [debug] job added to save list: {"result":[],"status":1,"nodeId":353995134533633,"nodeKey":"if7j7gptm8l","id":"14580865464040448","createdAt":"2026-03-18T08:21:42.129Z","updatedAt":"2026-03-18T08:21:42.129Z","executionId":353995277139971}[39m workflowId=353995134533632
[32m2026-03-18 16:21:42 [info]  execution (353995277139971) run instruction [sql] for node (353995134533633) finished as status: 1[39m workflowId=353995134533632
[34m2026-03-18 16:21:42 [debug] result of node                              [39m 
[34m2026-03-18 16:21:42 [debug] branch ended at node (353995134533633)      [39m 
[32m2026-03-18 16:21:42 [info]  execution (353995277139971) exiting with status 1[39m workflowId=353995134533632
[32m2026-03-18 16:21:42 [info]  execution (353995277139971) finished with status: 1[39m 
[34m2026-03-18 16:21:42 [debug] execution (353995277139971) details:        [39m execution={"createdAt":"2026-03-18T08:21:41.926Z","id":353995277139971,"updatedAt":"2026-03-18T08:21:42.131Z","key":"ok0vl1go0u4","eventKey":"69ccabb5-b75d-4212-b184-4412c66692c6","context":{"data":{"createdAt":"2026-03-18T08:21:41.892Z","updatedAt":"2026-03-18T08:21:41.899Z","f_0ipjqjhd3dt":456,"f_jmazop48q5l":353995226808320,"defect_classification":"挂机","defect_status":"已关闭","defect":"导入大型文件时系统界面挂机","defect_rank":"level1","priority":"P1","id":353995277139968,"discovery_stage":null,"specific_reason":null,"module":null,"repair_plan":null,"test_stage":null,"label":["已修复","已关闭"],"round":"CC2026R2第一轮测试","issue_id":"20225","assignee":null,"feature_name":null,"issue_state":null,"repair_status":null,"gitlab_url":null,"createdById":1,"updatedById":1,"level_1_cause":"需求问题","level_2_cause":"需求遗漏","__tableName":"defects","__schemaName":"public","review_ref":{"createdAt":"2026-03-12T02:54:53.337Z","updatedAt":"2026-03-18T08:21:20.711Z","module_id":353995233099776,"eff_issue_hour":0.07,"id":456,"eff_page_hour":0.36,"round":"CC2026R2第一轮测试","workload_indep":8,"page_count":5,"workload_joint":6,"total_issues":1,"eff_indep_issues":0,"eff_meet_issues":0,"review_density":0.2,"is_standard":"是","review_hours":null,"fail_reason":null,"createdById":1,"updatedById":1},"__collection":"defects"}},"status":1,"dispatched":true,"stack":null,"output":null,"manually":null,"workflowId":353995134533632}
[32m2026-03-18 16:24:37 [info]  toggle OFF workflow 353995134533632         [39m workflowId=353995134533632
[32m2026-03-18 16:24:37 [info]  toggle OFF workflow 353995134533632         [39m workflowId=353995134533632
