[32m2026-02-26 16:20:49 [info]  toggle ON workflow 350369500561408          [39m workflowId=350369500561408
[32m2026-02-26 17:21:20 [info]  toggle ON workflow 350369500561408          [39m workflowId=350369500561408
[32m2026-02-26 17:48:08 [info]  new event triggered, now events: 1          [39m 
[34m2026-02-26 17:48:08 [debug] event data:                                 [39m context={"data":{"createdAt":"2026-02-26T09:48:08.611Z","updatedAt":"2026-02-26T09:48:08.632Z","module":null,"defect_classification":"历史遗留","defect":"图纸显示不全","defect_rank":"level1","priority":"P1","id":350382274969600,"defect_status":"待修复","f_jmazop48q5l":350382214152192,"label":["历史遗留"],"createdById":1,"updatedById":1,"parent_summary":{"createdAt":"2026-02-26T09:47:39.714Z","updatedAt":"2026-02-26T09:47:39.738Z","owner_id":"nocobase","id":350382214152192,"total_count":null,"tested_count":null,"defect_count":null,"fixed_count":null,"pending_count":null,"loc":null,"kloc":0,"testing_rate":null,"fix_rate":null,"pending_rate":null,"defect_density":null,"total_defect":null,"module_type":"缺陷汇总","createdById":1,"updatedById":1}}}
[32m2026-02-26 17:48:08 [info]  preparing execution for event               [39m 
[32m2026-02-26 17:48:08 [info]  execution of workflow 350369500561408 created as 350382274969601[39m 
[32m2026-02-26 17:48:08 [info]  local pending list is empty, adding execution (350382274969601) to pending list[39m 
[32m2026-02-26 17:48:08 [info]  pending execution (350382274969601) ready to process[39m 
[32m2026-02-26 17:48:08 [info]  execution (350382274969601) starting...     [39m 
[32m2026-02-26 17:48:08 [info]  execution (350382274969601) run instruction [parallel] for node (350369500561409)[39m workflowId=350369500561408
[34m2026-02-26 17:48:08 [debug] config of node                              [39m workflowId=350369500561408
[34m2026-02-26 17:48:08 [debug] job added to save list: {"status":0,"result":[null,null],"nodeId":350369500561409,"nodeKey":"chjc97mlb5y","upstreamId":null,"id":"7354862111040512","createdAt":"2026-02-26T09:48:08.677Z","updatedAt":"2026-02-26T09:48:08.677Z","executionId":350382274969601}[39m workflowId=350369500561408
[32m2026-02-26 17:48:08 [info]  execution (350382274969601) run instruction [aggregate] for node (350369500561425)[39m workflowId=350369500561408
[34m2026-02-26 17:48:08 [debug] config of node                              [39m data={"aggregator":"count","associated":true,"params":{"field":"id","filter":{"$and":[]}},"precision":2,"collection":"defects","association":{"name":"all_defects","associatedKey":"{{$context.data.parent_summary.id}}","associatedCollection":"collection_quality"}} workflowId=350369500561408
[34m2026-02-26 17:48:08 [debug] job added to save list: {"result":1,"status":1,"nodeId":350369500561425,"nodeKey":"ca6c1jxzwq5","id":"7354862119429120","createdAt":"2026-02-26T09:48:08.679Z","updatedAt":"2026-02-26T09:48:08.679Z","executionId":350382274969601}[39m workflowId=350369500561408
[32m2026-02-26 17:48:08 [info]  execution (350382274969601) run instruction [aggregate] for node (350369500561425) finished as status: 1[39m workflowId=350369500561408
[34m2026-02-26 17:48:08 [debug] result of node                              [39m data=1
[34m2026-02-26 17:48:08 [debug] run next node (350369500561426)             [39m 
[32m2026-02-26 17:48:08 [info]  execution (350382274969601) run instruction [update] for node (350369500561426)[39m workflowId=350369500561408
[34m2026-02-26 17:48:08 [debug] config of node                              [39m data={"usingAssignFormSchema":true,"assignFormSchema":{"_isJSONSchemaObject":true,"version":"2.0","name":"0mby4p7m0ow","type":"void","x-component":"Grid","x-initializer":"assignFieldValuesForm:configureFields","properties":{"2wbpfklshda":{"_isJSONSchemaObject":true,"version":"2.0","type":"void","x-component":"Grid.Row","properties":{"ibquc1d6wnd":{"_isJSONSchemaObject":true,"version":"2.0","type":"void","x-component":"Grid.Col","properties":{"total_defect":{"_isJSONSchemaObject":true,"version":"2.0","type":"string","name":"total_defect","x-toolbar":"FormItemSchemaToolbar","x-settings":"fieldSettings:FormItem","x-component":"AssignedField","x-decorator":"FormItem","x-collection-field":"collection_quality.total_defect"}},"name":"ibquc1d6wnd"}},"name":"2wbpfklshda"}}},"collection":"collection_quality","params":{"individualHooks":false,"filter":{"$and":[{"id":{"$eq":"{{$context.data.parent_summary.id}}"}}]},"values":{"total_defect":"{{$jobsMapByNodeKey.ca6c1jxzwq5}}"}}} workflowId=350369500561408
[34m2026-02-26 17:48:08 [debug] job added to save list: {"result":1,"status":1,"nodeId":350369500561426,"nodeKey":"9mun3sl2wtp","id":"7354862144594944","createdAt":"2026-02-26T09:48:08.685Z","updatedAt":"2026-02-26T09:48:08.685Z","executionId":350382274969601}[39m workflowId=350369500561408
[32m2026-02-26 17:48:08 [info]  execution (350382274969601) run instruction [update] for node (350369500561426) finished as status: 1[39m workflowId=350369500561408
[34m2026-02-26 17:48:08 [debug] result of node                              [39m data=1
[34m2026-02-26 17:48:08 [debug] branch ended at node (350369500561426)      [39m 
[34m2026-02-26 17:48:08 [debug] not on main, recall to parent entry node (350369500561426)})[39m workflowId=350369500561408
[32m2026-02-26 17:48:08 [info]  execution (350382274969601) resume instruction [parallel] for node (350369500561409)[39m workflowId=350369500561408
[34m2026-02-26 17:48:08 [debug] config of node                              [39m workflowId=350369500561408
[34m2026-02-26 17:48:08 [debug] job added to save list: {"status":0,"result":[1,null],"nodeId":350369500561409,"nodeKey":"chjc97mlb5y","upstreamId":null,"id":"7354862111040512","createdAt":"2026-02-26T09:48:08.677Z","updatedAt":"2026-02-26T09:48:08.688Z","executionId":350382274969601}[39m workflowId=350369500561408
[32m2026-02-26 17:48:08 [info]  execution (350382274969601) exiting with status 0[39m workflowId=350369500561408
[32m2026-02-26 17:48:08 [info]  execution (350382274969601) run instruction [aggregate] for node (350369500561438)[39m workflowId=350369500561408
[34m2026-02-26 17:48:08 [debug] config of node                              [39m data={"aggregator":"count","associated":false,"params":{"field":"id","filter":{"$and":[{"defect_rank":{"$eq":"level1"}},{"label":{"$noneOf":["功能屏蔽","已拒绝","建议"]}},{"module":{"$eq":"{{$context.data.module}}"}},{"$or":[{"defect_status":{"$ne":"已关闭"}},{"label":{"$noneOf":["申请否决","数据异常","设计如此"]}}]}]}},"precision":2,"collection":"defects"} workflowId=350369500561408
[34m2026-02-26 17:48:08 [debug] job added to save list: {"result":1,"status":1,"nodeId":350369500561438,"nodeKey":"h14qw1067vw","id":"7354862186537984","createdAt":"2026-02-26T09:48:08.695Z","updatedAt":"2026-02-26T09:48:08.695Z","executionId":350382274969601}[39m workflowId=350369500561408
[32m2026-02-26 17:48:08 [info]  execution (350382274969601) run instruction [aggregate] for node (350369500561438) finished as status: 1[39m workflowId=350369500561408
[34m2026-02-26 17:48:08 [debug] result of node                              [39m data=1
[34m2026-02-26 17:48:08 [debug] run next node (350369500561430)             [39m 
[32m2026-02-26 17:48:08 [info]  execution (350382274969601) run instruction [aggregate] for node (350369500561430)[39m workflowId=350369500561408
[34m2026-02-26 17:48:08 [debug] config of node                              [39m data={"aggregator":"count","associated":false,"params":{"field":"id","filter":{"$and":[{"defect_rank":{"$eq":"level1"}},{"label":{"$noneOf":["功能屏蔽","已拒绝","建议"]}},{"$or":[{"label":{"$anyOf":["已修复","待合并"]}},{"$and":[{"label":{"$anyOf":["未复现"]}},{"defect_status":{"$eq":"已关闭"}}]}]},{"module":{"$eq":"{{$context.data.module}}"}},{"$or":[{"defect_status":{"$ne":"已关闭"}},{"label":{"$noneOf":["申请否决","数据异常","设计如此"]}}]}]}},"precision":2,"collection":"defects"} workflowId=350369500561408
[34m2026-02-26 17:48:08 [debug] job added to save list: {"result":0,"status":1,"nodeId":350369500561430,"nodeKey":"cvcey3i9obe","id":"7354862220092416","createdAt":"2026-02-26T09:48:08.703Z","updatedAt":"2026-02-26T09:48:08.703Z","executionId":350382274969601}[39m workflowId=350369500561408
[32m2026-02-26 17:48:08 [info]  execution (350382274969601) run instruction [aggregate] for node (350369500561430) finished as status: 1[39m workflowId=350369500561408
[34m2026-02-26 17:48:08 [debug] result of node                              [39m 
[34m2026-02-26 17:48:08 [debug] run next node (350369500561432)             [39m 
[32m2026-02-26 17:48:08 [info]  execution (350382274969601) run instruction [aggregate] for node (350369500561432)[39m workflowId=350369500561408
[34m2026-02-26 17:48:08 [debug] config of node                              [39m data={"aggregator":"count","associated":false,"params":{"field":"id","filter":{"$and":[{"defect_rank":{"$eq":"level1"}},{"module":{"$eq":"{{$context.data.module}}"}},{"$or":[{"defect":{"$includes":"退"}},{"defect":{"$includes":"回退"}},{"defect":{"$includes":"倒退"}}]}]}},"precision":2,"collection":"defects"} workflowId=350369500561408
[34m2026-02-26 17:48:08 [debug] job added to save list: {"result":0,"status":1,"nodeId":350369500561432,"nodeKey":"9euqanxv5ca","id":"7354862241063936","createdAt":"2026-02-26T09:48:08.708Z","updatedAt":"2026-02-26T09:48:08.708Z","executionId":350382274969601}[39m workflowId=350369500561408
[32m2026-02-26 17:48:08 [info]  execution (350382274969601) run instruction [aggregate] for node (350369500561432) finished as status: 1[39m workflowId=350369500561408
[34m2026-02-26 17:48:08 [debug] result of node                              [39m 
[34m2026-02-26 17:48:08 [debug] run next node (350369500561431)             [39m 
[32m2026-02-26 17:48:08 [info]  execution (350382274969601) run instruction [aggregate] for node (350369500561431)[39m workflowId=350369500561408
[34m2026-02-26 17:48:08 [debug] config of node                              [39m data={"aggregator":"count","associated":false,"params":{"field":"id","filter":{"$and":[{"defect_rank":{"$eq":"level1"}},{"module":{"$eq":"{{$context.data.module}}"}},{"$or":[{"defect":{"$includes":"挂机"}}]}]}},"precision":2,"collection":"defects"} workflowId=350369500561408
[34m2026-02-26 17:48:08 [debug] job added to save list: {"result":0,"status":1,"nodeId":350369500561431,"nodeKey":"cjybahnz5qh","id":"7354862262035456","createdAt":"2026-02-26T09:48:08.713Z","updatedAt":"2026-02-26T09:48:08.713Z","executionId":350382274969601}[39m workflowId=350369500561408
[32m2026-02-26 17:48:08 [info]  execution (350382274969601) run instruction [aggregate] for node (350369500561431) finished as status: 1[39m workflowId=350369500561408
[34m2026-02-26 17:48:08 [debug] result of node                              [39m 
[34m2026-02-26 17:48:08 [debug] run next node (350369500561437)             [39m 
[32m2026-02-26 17:48:08 [info]  execution (350382274969601) run instruction [aggregate] for node (350369500561437)[39m workflowId=350369500561408
[34m2026-02-26 17:48:08 [debug] config of node                              [39m data={"aggregator":"count","associated":false,"params":{"field":"id","filter":{"$and":[{"defect_rank":{"$eq":"level1"}},{"defect":{"$notIncludes":"退"}},{"defect":{"$notIncludes":"回退"}},{"defect":{"$notIncludes":"倒退"}},{"defect":{"$notIncludes":"挂机"}},{"module":{"$eq":"{{$context.data.module}}"}}]}},"precision":2,"collection":"defects"} workflowId=350369500561408
[34m2026-02-26 17:48:08 [debug] job added to save list: {"result":1,"status":1,"nodeId":350369500561437,"nodeKey":"4lo6zk22j0o","id":"7354862295589888","createdAt":"2026-02-26T09:48:08.721Z","updatedAt":"2026-02-26T09:48:08.721Z","executionId":350382274969601}[39m workflowId=350369500561408
[32m2026-02-26 17:48:08 [info]  execution (350382274969601) run instruction [aggregate] for node (350369500561437) finished as status: 1[39m workflowId=350369500561408
[34m2026-02-26 17:48:08 [debug] result of node                              [39m data=1
[34m2026-02-26 17:48:08 [debug] run next node (350369500561419)             [39m 
[32m2026-02-26 17:48:08 [info]  execution (350382274969601) run instruction [aggregate] for node (350369500561419)[39m workflowId=350369500561408
[34m2026-02-26 17:48:08 [debug] config of node                              [39m data={"aggregator":"count","associated":false,"params":{"field":"id","filter":{"$and":[{"defect_rank":{"$eq":"level2"}},{"label":{"$noneOf":["功能屏蔽","已拒绝","建议"]}},{"module":{"$eq":"{{$context.data.module}}"}},{"$or":[{"defect_status":{}},{"label":{"$noneOf":["申请否决","数据异常","设计如此"]}}]}]}},"precision":2,"collection":"defects"} workflowId=350369500561408
[31m2026-02-26 17:48:08 [error] execution (350382274969601) run instruction [aggregate] for node (350369500561419) failed: [39m workflowId=350369500561408
[34m2026-02-26 17:48:08 [debug] job added to save list: {"result":{"message":"Invalid value {}"},"status":-2,"nodeId":350369500561419,"nodeKey":"52k6055vnrg","id":"7354862320755712","createdAt":"2026-02-26T09:48:08.727Z","updatedAt":"2026-02-26T09:48:08.727Z","executionId":350382274969601}[39m workflowId=350369500561408
[32m2026-02-26 17:48:08 [info]  execution (350382274969601) run instruction [aggregate] for node (350369500561419) finished as status: -2[39m workflowId=350369500561408
[34m2026-02-26 17:48:08 [debug] result of node                              [39m data={"message":"Invalid value {}"}
[34m2026-02-26 17:48:08 [debug] branch ended at node (350369500561419)      [39m 
[34m2026-02-26 17:48:08 [debug] not on main, recall to parent entry node (350369500561419)})[39m workflowId=350369500561408
[32m2026-02-26 17:48:08 [info]  execution (350382274969601) resume instruction [parallel] for node (350369500561409)[39m workflowId=350369500561408
[34m2026-02-26 17:48:08 [debug] config of node                              [39m workflowId=350369500561408
[34m2026-02-26 17:48:08 [debug] job added to save list: {"status":-2,"result":[1,-2],"nodeId":350369500561409,"nodeKey":"chjc97mlb5y","upstreamId":null,"id":"7354862111040512","createdAt":"2026-02-26T09:48:08.677Z","updatedAt":"2026-02-26T09:48:08.688Z","executionId":350382274969601}[39m workflowId=350369500561408
[32m2026-02-26 17:48:08 [info]  execution (350382274969601) run instruction [parallel] for node (350369500561409) finished as status: -2[39m workflowId=350369500561408
[34m2026-02-26 17:48:08 [debug] result of node                              [39m data=[1,-2]
[34m2026-02-26 17:48:08 [debug] branch ended at node (350369500561409)      [39m 
[32m2026-02-26 17:48:08 [info]  execution (350382274969601) exiting with status -2[39m workflowId=350369500561408
[32m2026-02-26 17:48:08 [info]  execution (350382274969601) finished with status: -2[39m 
[34m2026-02-26 17:48:08 [debug] execution (350382274969601) details:        [39m execution={"createdAt":"2026-02-26T09:48:08.648Z","id":350382274969601,"updatedAt":"2026-02-26T09:48:08.745Z","key":"gljlkxparob","eventKey":"2efba046-db9d-41ee-90aa-58b29e985e97","context":{"data":{"createdAt":"2026-02-26T09:48:08.611Z","updatedAt":"2026-02-26T09:48:08.632Z","module":null,"defect_classification":"历史遗留","defect":"图纸显示不全","defect_rank":"level1","priority":"P1","id":350382274969600,"defect_status":"待修复","f_jmazop48q5l":350382214152192,"label":["历史遗留"],"createdById":1,"updatedById":1,"parent_summary":{"createdAt":"2026-02-26T09:47:39.714Z","updatedAt":"2026-02-26T09:47:39.738Z","owner_id":"nocobase","id":350382214152192,"total_count":null,"tested_count":null,"defect_count":null,"fixed_count":null,"pending_count":null,"loc":null,"kloc":0,"testing_rate":null,"fix_rate":null,"pending_rate":null,"defect_density":null,"total_defect":null,"module_type":"缺陷汇总","createdById":1,"updatedById":1}}},"status":-2,"dispatched":true,"stack":null,"output":null,"manually":null,"workflowId":350369500561408}
[32m2026-02-26 17:56:20 [info]  toggle OFF workflow 350369500561408         [39m workflowId=350369500561408
[32m2026-02-26 17:56:20 [info]  toggle OFF workflow 350369500561408         [39m workflowId=350369500561408
