[32m2026-02-25 16:07:53 [info]  toggle ON workflow 350188413583360          [39m workflowId=350188413583360
[32m2026-02-25 16:08:49 [info]  new event triggered, now events: 1          [39m 
[34m2026-02-25 16:08:49 [debug] event data:                                 [39m context={"data":{"createdAt":"2026-02-25T08:08:33.300Z","updatedAt":"2026-02-25T08:08:33.304Z","defect":"ه›¾ç؛¸وک¾ç¤؛ن¸چه…¨","defect_rank":"level1","priority":"P1","id":350188551995392,"f_jmazop48q5l":350188516343808,"createdById":1,"updatedById":1,"defect_classification":"هژ†هڈ²éپ—ç•™","module":350188512149504,"label":["هژ†هڈ²éپ—ç•™","ه·²ن؟®ه¤چ"],"defect_status":"ه·²ن؟®ه¤چ"}}
[32m2026-02-25 16:08:49 [info]  preparing execution for event               [39m 
[32m2026-02-25 16:08:49 [info]  execution of workflow 350188413583360 created as 350188585549824[39m 
[32m2026-02-25 16:08:49 [info]  local pending list is empty, adding execution (350188585549824) to pending list[39m 
[32m2026-02-25 16:08:49 [info]  pending execution (350188585549824) ready to process[39m 
[32m2026-02-25 16:08:49 [info]  execution (350188585549824) starting...     [39m 
[32m2026-02-25 16:08:49 [info]  execution (350188585549824) run instruction [aggregate] for node (350188413583367)[39m workflowId=350188413583360
[34m2026-02-25 16:08:49 [debug] config of node                              [39m data={"aggregator":"count","associated":false,"params":{"field":"id","filter":{"$and":[{"defect_rank":{"$eq":"level1"}},{"label":{"$noneOf":["هٹںèƒ½ه±ڈè”½","ه·²و‹’ç»‌","ه»؛è®®"]}},{"module":{"$eq":"{{$context.data.module}}"}}]}},"precision":2,"collection":"defects"} workflowId=350188413583360
[34m2026-02-25 16:08:49 [debug] job added to save list: {"result":0,"status":1,"nodeId":350188413583367,"nodeKey":"h14qw1067vw","id":"6967481541360640","createdAt":"2026-02-25T08:08:49.952Z","updatedAt":"2026-02-25T08:08:49.952Z","executionId":350188585549824}[39m workflowId=350188413583360
[32m2026-02-25 16:08:49 [info]  execution (350188585549824) run instruction [aggregate] for node (350188413583367) finished as status: 1[39m workflowId=350188413583360
[34m2026-02-25 16:08:49 [debug] result of node                              [39m 
[34m2026-02-25 16:08:49 [debug] run next node (350188413583368)             [39m 
[32m2026-02-25 16:08:49 [info]  execution (350188585549824) run instruction [aggregate] for node (350188413583368)[39m workflowId=350188413583360
[34m2026-02-25 16:08:49 [debug] config of node                              [39m data={"aggregator":"count","associated":false,"params":{"field":"id","filter":{"$and":[{"defect_rank":{"$eq":"level1"}},{"label":{"$noneOf":["هٹںèƒ½ه±ڈè”½","ه·²و‹’ç»‌","ه»؛è®®"]}},{"$or":[{"label":{"$anyOf":["ه·²ن؟®ه¤چ","ه¾…هگˆه¹¶"]}},{"$and":[{"label":{"$anyOf":["وœھه¤چçژ°"]}},{"defect_status":{"$eq":"ه·²ه…³é—­"}}]}]},{"module":{"$eq":"{{$context.data.module}}"}}]}},"precision":2,"collection":"defects"} workflowId=350188413583360
[34m2026-02-25 16:08:49 [debug] job added to save list: {"result":0,"status":1,"nodeId":350188413583368,"nodeKey":"cvcey3i9obe","id":"6967481558137856","createdAt":"2026-02-25T08:08:49.956Z","updatedAt":"2026-02-25T08:08:49.956Z","executionId":350188585549824}[39m workflowId=350188413583360
[32m2026-02-25 16:08:49 [info]  execution (350188585549824) run instruction [aggregate] for node (350188413583368) finished as status: 1[39m workflowId=350188413583360
[34m2026-02-25 16:08:49 [debug] result of node                              [39m 
[34m2026-02-25 16:08:49 [debug] run next node (350188413583365)             [39m 
[32m2026-02-25 16:08:49 [info]  execution (350188585549824) run instruction [aggregate] for node (350188413583365)[39m workflowId=350188413583360
[34m2026-02-25 16:08:49 [debug] config of node                              [39m data={"aggregator":"count","associated":false,"params":{"field":"id","filter":{"$and":[{"defect_rank":{"$eq":"level2"}},{"label":{"$noneOf":["هٹںèƒ½ه±ڈè”½","ه·²و‹’ç»‌","ه»؛è®®"]}},{"module":{"$eq":"{{$context.data.module}}"}}]}},"precision":2,"collection":"defects"} workflowId=350188413583360
[34m2026-02-25 16:08:49 [debug] job added to save list: {"result":0,"status":1,"nodeId":350188413583365,"nodeKey":"52k6055vnrg","id":"6967481570720768","createdAt":"2026-02-25T08:08:49.959Z","updatedAt":"2026-02-25T08:08:49.959Z","executionId":350188585549824}[39m workflowId=350188413583360
[32m2026-02-25 16:08:49 [info]  execution (350188585549824) run instruction [aggregate] for node (350188413583365) finished as status: 1[39m workflowId=350188413583360
[34m2026-02-25 16:08:49 [debug] result of node                              [39m 
[34m2026-02-25 16:08:49 [debug] run next node (350188413583370)             [39m 
[32m2026-02-25 16:08:49 [info]  execution (350188585549824) run instruction [aggregate] for node (350188413583370)[39m workflowId=350188413583360
[34m2026-02-25 16:08:49 [debug] config of node                              [39m data={"aggregator":"count","associated":false,"params":{"field":"id","filter":{"$and":[{"defect_rank":{"$eq":"level2"}},{"label":{"$noneOf":["هٹںèƒ½ه±ڈè”½","ه·²و‹’ç»‌","ه»؛è®®"]}},{"$or":[{"label":{"$anyOf":["ه·²ن؟®ه¤چ","ه¾…هگˆه¹¶"]}},{"$and":[{"label":{"$anyOf":["وœھه¤چçژ°"]}},{"defect_status":{"$eq":"ه·²ه…³é—­"}}]}]},{"module":{"$eq":"{{$context.data.module}}"}}]}},"precision":2,"collection":"defects"} workflowId=350188413583360
[34m2026-02-25 16:08:49 [debug] job added to save list: {"result":0,"status":1,"nodeId":350188413583370,"nodeKey":"1fpxh7sjq4k","id":"6967481587497984","createdAt":"2026-02-25T08:08:49.963Z","updatedAt":"2026-02-25T08:08:49.963Z","executionId":350188585549824}[39m workflowId=350188413583360
[32m2026-02-25 16:08:49 [info]  execution (350188585549824) run instruction [aggregate] for node (350188413583370) finished as status: 1[39m workflowId=350188413583360
[34m2026-02-25 16:08:49 [debug] result of node                              [39m 
[34m2026-02-25 16:08:49 [debug] run next node (350188413583363)             [39m 
[32m2026-02-25 16:08:49 [info]  execution (350188585549824) run instruction [aggregate] for node (350188413583363)[39m workflowId=350188413583360
[34m2026-02-25 16:08:49 [debug] config of node                              [39m data={"aggregator":"count","associated":false,"params":{"field":"id","filter":{"$and":[{"defect_rank":{"$eq":"level3"}},{"label":{"$noneOf":["هٹںèƒ½ه±ڈè”½","ه·²و‹’ç»‌","ه»؛è®®"]}},{"module":{"$eq":"{{$context.data.module}}"}}]}},"precision":2,"collection":"defects"} workflowId=350188413583360
[34m2026-02-25 16:08:49 [debug] job added to save list: {"result":0,"status":1,"nodeId":350188413583363,"nodeKey":"t5m287ao4ea","id":"6967481600080896","createdAt":"2026-02-25T08:08:49.966Z","updatedAt":"2026-02-25T08:08:49.966Z","executionId":350188585549824}[39m workflowId=350188413583360
[32m2026-02-25 16:08:49 [info]  execution (350188585549824) run instruction [aggregate] for node (350188413583363) finished as status: 1[39m workflowId=350188413583360
[34m2026-02-25 16:08:49 [debug] result of node                              [39m 
[34m2026-02-25 16:08:49 [debug] run next node (350188413583362)             [39m 
[32m2026-02-25 16:08:49 [info]  execution (350188585549824) run instruction [aggregate] for node (350188413583362)[39m workflowId=350188413583360
[34m2026-02-25 16:08:49 [debug] config of node                              [39m data={"aggregator":"count","associated":false,"params":{"field":"id","filter":{"$and":[{"defect_rank":{"$eq":"level3"}},{"label":{"$noneOf":["هٹںèƒ½ه±ڈè”½","ه·²و‹’ç»‌","ه»؛è®®"]}},{"$or":[{"label":{"$anyOf":["ه¾…هگˆه¹¶","ه·²ن؟®ه¤چ"]}},{"$and":[{"label":{"$anyOf":["وœھه¤چçژ°"]}},{"defect_status":{"$eq":"ه·²ه…³é—­"}}]}]},{"module":{"$eq":"{{$context.data.module}}"}}]}},"precision":2,"collection":"defects"} workflowId=350188413583360
[34m2026-02-25 16:08:49 [debug] job added to save list: {"result":0,"status":1,"nodeId":350188413583362,"nodeKey":"je6ex9hwdlz","id":"6967481612663808","createdAt":"2026-02-25T08:08:49.969Z","updatedAt":"2026-02-25T08:08:49.969Z","executionId":350188585549824}[39m workflowId=350188413583360
[32m2026-02-25 16:08:49 [info]  execution (350188585549824) run instruction [aggregate] for node (350188413583362) finished as status: 1[39m workflowId=350188413583360
[34m2026-02-25 16:08:49 [debug] result of node                              [39m 
[34m2026-02-25 16:08:49 [debug] run next node (350188413583369)             [39m 
[32m2026-02-25 16:08:49 [info]  execution (350188585549824) run instruction [update] for node (350188413583369)[39m workflowId=350188413583360
[34m2026-02-25 16:08:49 [debug] config of node                              [39m data={"usingAssignFormSchema":true,"assignFormSchema":{"_isJSONSchemaObject":true,"version":"2.0","name":"z36wx6jbrw9","type":"void","x-component":"Grid","x-initializer":"assignFieldValuesForm:configureFields","properties":{"i1v4kp5ixw1":{"_isJSONSchemaObject":true,"version":"2.0","type":"void","x-component":"Grid.Row","properties":{"m57in1bxqre":{"_isJSONSchemaObject":true,"version":"2.0","type":"void","x-component":"Grid.Col","properties":{"level_1_count":{"_isJSONSchemaObject":true,"version":"2.0","type":"string","name":"level_1_count","x-toolbar":"FormItemSchemaToolbar","x-settings":"fieldSettings:FormItem","x-component":"AssignedField","x-decorator":"FormItem","x-collection-field":"module_summaries.level_1_count"}},"name":"m57in1bxqre"}},"name":"i1v4kp5ixw1"},"28tkyaas4rv":{"_isJSONSchemaObject":true,"version":"2.0","type":"void","x-component":"Grid.Row","properties":{"aubadkxorcs":{"_isJSONSchemaObject":true,"version":"2.0","type":"void","x-component":"Grid.Col","properties":{"level_1_fixed":{"_isJSONSchemaObject":true,"version":"2.0","type":"string","name":"level_1_fixed","x-toolbar":"FormItemSchemaToolbar","x-settings":"fieldSettings:FormItem","x-component":"AssignedField","x-decorator":"FormItem","x-collection-field":"module_summaries.level_1_fixed"}},"name":"aubadkxorcs"}},"name":"28tkyaas4rv"},"87dzfrypjv5":{"_isJSONSchemaObject":true,"version":"2.0","type":"void","x-component":"Grid.Row","properties":{"00u2e0hze8y":{"_isJSONSchemaObject":true,"version":"2.0","type":"void","x-component":"Grid.Col","properties":{"level_2_count":{"_isJSONSchemaObject":true,"version":"2.0","type":"string","name":"level_2_count","x-toolbar":"FormItemSchemaToolbar","x-settings":"fieldSettings:FormItem","x-component":"AssignedField","x-decorator":"FormItem","x-collection-field":"module_summaries.level_2_count"}},"name":"00u2e0hze8y"}},"name":"87dzfrypjv5"},"sr9fb2g83wa":{"_isJSONSchemaObject":true,"version":"2.0","type":"void","x-component":"Grid.Row","properties":{"mctr2nubczg":{"_isJSONSchemaObject":true,"version":"2.0","type":"void","x-component":"Grid.Col","properties":{"level_2_fixed":{"_isJSONSchemaObject":true,"version":"2.0","type":"string","name":"level_2_fixed","x-toolbar":"FormItemSchemaToolbar","x-settings":"fieldSettings:FormItem","x-component":"AssignedField","x-decorator":"FormItem","x-collection-field":"module_summaries.level_2_fixed"}},"name":"mctr2nubczg"}},"name":"sr9fb2g83wa"},"robhdmi5xfc":{"_isJSONSchemaObject":true,"version":"2.0","type":"void","x-component":"Grid.Row","properties":{"d7pyy4ts79k":{"_isJSONSchemaObject":true,"version":"2.0","type":"void","x-component":"Grid.Col","properties":{"level_3_count":{"_isJSONSchemaObject":true,"version":"2.0","type":"string","name":"level_3_count","x-toolbar":"FormItemSchemaToolbar","x-settings":"fieldSettings:FormItem","x-component":"AssignedField","x-decorator":"FormItem","x-collection-field":"module_summaries.level_3_count"}},"name":"d7pyy4ts79k"}},"name":"robhdmi5xfc"},"9ykwa93dd5w":{"_isJSONSchemaObject":true,"version":"2.0","type":"void","x-component":"Grid.Row","properties":{"0nkrxq50w1f":{"_isJSONSchemaObject":true,"version":"2.0","type":"void","x-component":"Grid.Col","properties":{"level_3_fixed":{"_isJSONSchemaObject":true,"version":"2.0","type":"string","name":"level_3_fixed","x-toolbar":"FormItemSchemaToolbar","x-settings":"fieldSettings:FormItem","x-component":"AssignedField","x-decorator":"FormItem","x-collection-field":"module_summaries.level_3_fixed"}},"name":"0nkrxq50w1f"}},"name":"9ykwa93dd5w"}}},"collection":"module_summaries","params":{"individualHooks":false,"filter":{"$and":[{"id":{"$eq":"{{$context.data.module}}"}}]},"values":{"level_1_count":"{{$jobsMapByNodeKey.h14qw1067vw}}","level_1_fixed":"{{$jobsMapByNodeKey.cvcey3i9obe}}","level_2_count":"{{$jobsMapByNodeKey.52k6055vnrg}}","level_2_fixed":"{{$jobsMapByNodeKey.1fpxh7sjq4k}}","level_3_count":"{{$jobsMapByNodeKey.t5m287ao4ea}}","level_3_fixed":"{{$jobsMapByNodeKey.je6ex9hwdlz}}"}}} workflowId=350188413583360
[34m2026-02-25 16:08:49 [debug] job added to save list: {"result":1,"status":1,"nodeId":350188413583369,"nodeKey":"iz8nj3ykg09","id":"6967481633635328","createdAt":"2026-02-25T08:08:49.974Z","updatedAt":"2026-02-25T08:08:49.974Z","executionId":350188585549824}[39m workflowId=350188413583360
[32m2026-02-25 16:08:49 [info]  execution (350188585549824) run instruction [update] for node (350188413583369) finished as status: 1[39m workflowId=350188413583360
[34m2026-02-25 16:08:49 [debug] result of node                              [39m data=1
[34m2026-02-25 16:08:49 [debug] branch ended at node (350188413583369)      [39m 
[32m2026-02-25 16:08:49 [info]  execution (350188585549824) exiting with status 1[39m workflowId=350188413583360
[32m2026-02-25 16:08:49 [info]  execution (350188585549824) finished with status: 1[39m 
[34m2026-02-25 16:08:49 [debug] execution (350188585549824) details:        [39m execution={"createdAt":"2026-02-25T08:08:49.935Z","id":350188585549824,"updatedAt":"2026-02-25T08:08:49.978Z","key":"y5dhtirx5t1","eventKey":"8029f3fb-20d0-4630-b8ee-d377cf2eae95","context":{"data":{"createdAt":"2026-02-25T08:08:33.300Z","updatedAt":"2026-02-25T08:08:33.304Z","defect":"ه›¾ç؛¸وک¾ç¤؛ن¸چه…¨","defect_rank":"level1","priority":"P1","id":350188551995392,"f_jmazop48q5l":350188516343808,"createdById":1,"updatedById":1,"defect_classification":"هژ†هڈ²éپ—ç•™","module":350188512149504,"label":["هژ†هڈ²éپ—ç•™","ه·²ن؟®ه¤چ"],"defect_status":"ه·²ن؟®ه¤چ"}},"status":1,"dispatched":true,"stack":null,"output":null,"manually":null,"workflowId":350188413583360}
[32m2026-02-25 16:20:00 [info]  toggle OFF workflow 350188413583360         [39m workflowId=350188413583360
[32m2026-02-25 16:20:00 [info]  toggle OFF workflow 350188413583360         [39m workflowId=350188413583360
