[32m2026-02-26 09:19:39 [info]  new event triggered, now events: 1          [39m 
[34m2026-02-26 09:19:39 [debug] event data:                                 [39m context={"data":{"createdAt":"2026-02-26T01:19:39.549Z","updatedAt":"2026-02-26T01:19:39.567Z","defect":"图纸模糊","defect_rank":"level3","priority":"P3","id":350318294401024,"f_jmazop48q5l":350202521124864,"createdById":1,"updatedById":1,"defect_classification":"历史遗留","module":350197072723968,"label":["建议"],"defect_status":"待修复","parent_summary":{"createdAt":"2026-02-25T09:59:34.842Z","updatedAt":"2026-02-25T10:00:14.729Z","owner_id":"jason","id":350202521124864,"total_count":null,"tested_count":null,"defect_count":null,"fixed_count":null,"pending_count":null,"loc":null,"kloc":0,"testing_rate":null,"fix_rate":null,"pending_rate":null,"defect_density":null,"total_defect":1,"module_type":"缺陷汇总","createdById":1,"updatedById":1}}}
[32m2026-02-26 09:19:39 [info]  preparing execution for event               [39m 
[32m2026-02-26 09:19:39 [info]  execution of workflow 350183200063488 created as 350318294401025[39m 
[32m2026-02-26 09:19:39 [info]  local pending list is empty, adding execution (350318294401025) to pending list[39m 
[32m2026-02-26 09:19:39 [info]  pending execution (350318294401025) ready to process[39m 
[32m2026-02-26 09:19:39 [info]  execution (350318294401025) starting...     [39m 
[32m2026-02-26 09:19:39 [info]  execution (350318294401025) run instruction [parallel] for node (350183200063489)[39m workflowId=350183200063488
[34m2026-02-26 09:19:39 [debug] config of node                              [39m workflowId=350183200063488
[34m2026-02-26 09:19:39 [debug] job added to save list: {"status":0,"result":[null,null],"nodeId":350183200063489,"nodeKey":"chjc97mlb5y","upstreamId":null,"id":"7226897817697280","createdAt":"2026-02-26T01:19:39.612Z","updatedAt":"2026-02-26T01:19:39.612Z","executionId":350318294401025}[39m workflowId=350183200063488
[32m2026-02-26 09:19:39 [info]  execution (350318294401025) run instruction [aggregate] for node (350183200063491)[39m workflowId=350183200063488
[34m2026-02-26 09:19:39 [debug] config of node                              [39m data={"aggregator":"count","associated":true,"params":{"field":"id","filter":{"$and":[]}},"precision":2,"collection":"defects","association":{"name":"all_defects","associatedKey":"{{$context.data.parent_summary.id}}","associatedCollection":"collection_quality"}} workflowId=350183200063488
[34m2026-02-26 09:19:39 [debug] job added to save list: {"result":2,"status":1,"nodeId":350183200063491,"nodeKey":"ca6c1jxzwq5","id":"7226897826085888","createdAt":"2026-02-26T01:19:39.614Z","updatedAt":"2026-02-26T01:19:39.614Z","executionId":350318294401025}[39m workflowId=350183200063488
[32m2026-02-26 09:19:39 [info]  execution (350318294401025) run instruction [aggregate] for node (350183200063491) finished as status: 1[39m workflowId=350183200063488
[34m2026-02-26 09:19:39 [debug] result of node                              [39m data=2
[34m2026-02-26 09:19:39 [debug] run next node (350183200063492)             [39m 
[32m2026-02-26 09:19:39 [info]  execution (350318294401025) run instruction [update] for node (350183200063492)[39m workflowId=350183200063488
[34m2026-02-26 09:19:39 [debug] config of node                              [39m data={"usingAssignFormSchema":true,"assignFormSchema":{"_isJSONSchemaObject":true,"version":"2.0","name":"0mby4p7m0ow","type":"void","x-component":"Grid","x-initializer":"assignFieldValuesForm:configureFields","properties":{"2wbpfklshda":{"_isJSONSchemaObject":true,"version":"2.0","type":"void","x-component":"Grid.Row","properties":{"ibquc1d6wnd":{"_isJSONSchemaObject":true,"version":"2.0","type":"void","x-component":"Grid.Col","properties":{"total_defect":{"_isJSONSchemaObject":true,"version":"2.0","type":"string","name":"total_defect","x-toolbar":"FormItemSchemaToolbar","x-settings":"fieldSettings:FormItem","x-component":"AssignedField","x-decorator":"FormItem","x-collection-field":"collection_quality.total_defect"}},"name":"ibquc1d6wnd"}},"name":"2wbpfklshda"}}},"collection":"collection_quality","params":{"individualHooks":false,"filter":{"$and":[{"id":{"$eq":"{{$context.data.parent_summary.id}}"}}]},"values":{"total_defect":"{{$jobsMapByNodeKey.ca6c1jxzwq5}}"}}} workflowId=350183200063488
[34m2026-02-26 09:19:39 [debug] job added to save list: {"result":1,"status":1,"nodeId":350183200063492,"nodeKey":"9mun3sl2wtp","id":"7226897851251712","createdAt":"2026-02-26T01:19:39.620Z","updatedAt":"2026-02-26T01:19:39.620Z","executionId":350318294401025}[39m workflowId=350183200063488
[32m2026-02-26 09:19:39 [info]  execution (350318294401025) run instruction [update] for node (350183200063492) finished as status: 1[39m workflowId=350183200063488
[34m2026-02-26 09:19:39 [debug] result of node                              [39m data=1
[34m2026-02-26 09:19:39 [debug] branch ended at node (350183200063492)      [39m 
[34m2026-02-26 09:19:39 [debug] not on main, recall to parent entry node (350183200063492)})[39m workflowId=350183200063488
[32m2026-02-26 09:19:39 [info]  execution (350318294401025) resume instruction [parallel] for node (350183200063489)[39m workflowId=350183200063488
[34m2026-02-26 09:19:39 [debug] config of node                              [39m workflowId=350183200063488
[34m2026-02-26 09:19:39 [debug] job added to save list: {"status":0,"result":[1,null],"nodeId":350183200063489,"nodeKey":"chjc97mlb5y","upstreamId":null,"id":"7226897817697280","createdAt":"2026-02-26T01:19:39.612Z","updatedAt":"2026-02-26T01:19:39.622Z","executionId":350318294401025}[39m workflowId=350183200063488
[32m2026-02-26 09:19:39 [info]  execution (350318294401025) exiting with status 0[39m workflowId=350183200063488
[32m2026-02-26 09:19:39 [info]  execution (350318294401025) run instruction [aggregate] for node (350183200063493)[39m workflowId=350183200063488
[34m2026-02-26 09:19:39 [debug] config of node                              [39m data={"aggregator":"count","associated":false,"params":{"field":"id","filter":{"$and":[{"defect_rank":{"$eq":"level1"}},{"label":{"$noneOf":["功能屏蔽","已拒绝","建议"]}},{"module":{"$eq":"{{$context.data.module}}"}}]}},"precision":2,"collection":"defects"} workflowId=350183200063488
[34m2026-02-26 09:19:39 [debug] job added to save list: {"result":2,"status":1,"nodeId":350183200063493,"nodeKey":"h14qw1067vw","id":"7226897914166272","createdAt":"2026-02-26T01:19:39.635Z","updatedAt":"2026-02-26T01:19:39.635Z","executionId":350318294401025}[39m workflowId=350183200063488
[32m2026-02-26 09:19:39 [info]  execution (350318294401025) run instruction [aggregate] for node (350183200063493) finished as status: 1[39m workflowId=350183200063488
[34m2026-02-26 09:19:39 [debug] result of node                              [39m data=2
[34m2026-02-26 09:19:39 [debug] run next node (350183200063494)             [39m 
[32m2026-02-26 09:19:39 [info]  execution (350318294401025) run instruction [aggregate] for node (350183200063494)[39m workflowId=350183200063488
[34m2026-02-26 09:19:39 [debug] config of node                              [39m data={"aggregator":"count","associated":false,"params":{"field":"id","filter":{"$and":[{"defect_rank":{"$eq":"level1"}},{"label":{"$noneOf":["功能屏蔽","已拒绝","建议"]}},{"$or":[{"label":{"$anyOf":["已修复","待合并"]}},{"$and":[{"label":{"$anyOf":["未复现"]}},{"defect_status":{"$eq":"已关闭"}}]}]},{"module":{"$eq":"{{$context.data.module}}"}}]}},"precision":2,"collection":"defects"} workflowId=350183200063488
[34m2026-02-26 09:19:39 [debug] job added to save list: {"result":2,"status":1,"nodeId":350183200063494,"nodeKey":"cvcey3i9obe","id":"7226897926749184","createdAt":"2026-02-26T01:19:39.638Z","updatedAt":"2026-02-26T01:19:39.638Z","executionId":350318294401025}[39m workflowId=350183200063488
[32m2026-02-26 09:19:39 [info]  execution (350318294401025) run instruction [aggregate] for node (350183200063494) finished as status: 1[39m workflowId=350183200063488
[34m2026-02-26 09:19:39 [debug] result of node                              [39m data=2
[34m2026-02-26 09:19:39 [debug] run next node (350183200063490)             [39m 
[32m2026-02-26 09:19:39 [info]  execution (350318294401025) run instruction [aggregate] for node (350183200063490)[39m workflowId=350183200063488
[34m2026-02-26 09:19:39 [debug] config of node                              [39m data={"aggregator":"count","associated":false,"params":{"field":"id","filter":{"$and":[{"defect_rank":{"$eq":"level2"}},{"label":{"$noneOf":["功能屏蔽","已拒绝","建议"]}},{"module":{"$eq":"{{$context.data.module}}"}}]}},"precision":2,"collection":"defects"} workflowId=350183200063488
[34m2026-02-26 09:19:39 [debug] job added to save list: {"result":0,"status":1,"nodeId":350183200063490,"nodeKey":"52k6055vnrg","id":"7226897939332096","createdAt":"2026-02-26T01:19:39.641Z","updatedAt":"2026-02-26T01:19:39.641Z","executionId":350318294401025}[39m workflowId=350183200063488
[32m2026-02-26 09:19:39 [info]  execution (350318294401025) run instruction [aggregate] for node (350183200063490) finished as status: 1[39m workflowId=350183200063488
[34m2026-02-26 09:19:39 [debug] result of node                              [39m 
[34m2026-02-26 09:19:39 [debug] run next node (350183200063495)             [39m 
[32m2026-02-26 09:19:39 [info]  execution (350318294401025) run instruction [aggregate] for node (350183200063495)[39m workflowId=350183200063488
[34m2026-02-26 09:19:39 [debug] config of node                              [39m data={"aggregator":"count","associated":false,"params":{"field":"id","filter":{"$and":[{"defect_rank":{"$eq":"level2"}},{"label":{"$noneOf":["功能屏蔽","已拒绝","建议"]}},{"$or":[{"label":{"$anyOf":["已修复","待合并"]}},{"$and":[{"label":{"$anyOf":["未复现"]}},{"defect_status":{"$eq":"已关闭"}}]}]},{"module":{"$eq":"{{$context.data.module}}"}}]}},"precision":2,"collection":"defects"} workflowId=350183200063488
[34m2026-02-26 09:19:39 [debug] job added to save list: {"result":0,"status":1,"nodeId":350183200063495,"nodeKey":"1fpxh7sjq4k","id":"7226897947720704","createdAt":"2026-02-26T01:19:39.643Z","updatedAt":"2026-02-26T01:19:39.643Z","executionId":350318294401025}[39m workflowId=350183200063488
[32m2026-02-26 09:19:39 [info]  execution (350318294401025) run instruction [aggregate] for node (350183200063495) finished as status: 1[39m workflowId=350183200063488
[34m2026-02-26 09:19:39 [debug] result of node                              [39m 
[34m2026-02-26 09:19:39 [debug] run next node (350183200063496)             [39m 
[32m2026-02-26 09:19:39 [info]  execution (350318294401025) run instruction [aggregate] for node (350183200063496)[39m workflowId=350183200063488
[34m2026-02-26 09:19:39 [debug] config of node                              [39m data={"aggregator":"count","associated":false,"params":{"field":"id","filter":{"$and":[{"defect_rank":{"$eq":"level3"}},{"label":{"$noneOf":["功能屏蔽","已拒绝","建议"]}},{"module":{"$eq":"{{$context.data.module}}"}}]}},"precision":2,"collection":"defects"} workflowId=350183200063488
[34m2026-02-26 09:19:39 [debug] job added to save list: {"result":1,"status":1,"nodeId":350183200063496,"nodeKey":"t5m287ao4ea","id":"7226897960303616","createdAt":"2026-02-26T01:19:39.646Z","updatedAt":"2026-02-26T01:19:39.646Z","executionId":350318294401025}[39m workflowId=350183200063488
[32m2026-02-26 09:19:39 [info]  execution (350318294401025) run instruction [aggregate] for node (350183200063496) finished as status: 1[39m workflowId=350183200063488
[34m2026-02-26 09:19:39 [debug] result of node                              [39m data=1
[34m2026-02-26 09:19:39 [debug] run next node (350183200063497)             [39m 
[32m2026-02-26 09:19:39 [info]  execution (350318294401025) run instruction [aggregate] for node (350183200063497)[39m workflowId=350183200063488
[34m2026-02-26 09:19:39 [debug] config of node                              [39m data={"aggregator":"count","associated":false,"params":{"field":"id","filter":{"$and":[{"defect_rank":{"$eq":"level3"}},{"label":{"$noneOf":["功能屏蔽","已拒绝","建议"]}},{"$or":[{"label":{"$anyOf":["待合并","已修复"]}},{"$and":[{"label":{"$anyOf":["未复现"]}},{"defect_status":{"$eq":"已关闭"}}]}]},{"module":{"$eq":"{{$context.data.module}}"}}]}},"precision":2,"collection":"defects"} workflowId=350183200063488
[34m2026-02-26 09:19:39 [debug] job added to save list: {"result":0,"status":1,"nodeId":350183200063497,"nodeKey":"je6ex9hwdlz","id":"7226897977080832","createdAt":"2026-02-26T01:19:39.650Z","updatedAt":"2026-02-26T01:19:39.650Z","executionId":350318294401025}[39m workflowId=350183200063488
[32m2026-02-26 09:19:39 [info]  execution (350318294401025) run instruction [aggregate] for node (350183200063497) finished as status: 1[39m workflowId=350183200063488
[34m2026-02-26 09:19:39 [debug] result of node                              [39m 
[34m2026-02-26 09:19:39 [debug] run next node (350183200063498)             [39m 
[32m2026-02-26 09:19:39 [info]  execution (350318294401025) run instruction [update] for node (350183200063498)[39m workflowId=350183200063488
[34m2026-02-26 09:19:39 [debug] config of node                              [39m data={"usingAssignFormSchema":true,"assignFormSchema":{"_isJSONSchemaObject":true,"version":"2.0","name":"z36wx6jbrw9","type":"void","x-component":"Grid","x-initializer":"assignFieldValuesForm:configureFields","properties":{"i1v4kp5ixw1":{"_isJSONSchemaObject":true,"version":"2.0","type":"void","x-component":"Grid.Row","properties":{"m57in1bxqre":{"_isJSONSchemaObject":true,"version":"2.0","type":"void","x-component":"Grid.Col","properties":{"level_1_count":{"_isJSONSchemaObject":true,"version":"2.0","type":"string","name":"level_1_count","x-toolbar":"FormItemSchemaToolbar","x-settings":"fieldSettings:FormItem","x-component":"AssignedField","x-decorator":"FormItem","x-collection-field":"module_summaries.level_1_count"}},"name":"m57in1bxqre"}},"name":"i1v4kp5ixw1"},"28tkyaas4rv":{"_isJSONSchemaObject":true,"version":"2.0","type":"void","x-component":"Grid.Row","properties":{"aubadkxorcs":{"_isJSONSchemaObject":true,"version":"2.0","type":"void","x-component":"Grid.Col","properties":{"level_1_fixed":{"_isJSONSchemaObject":true,"version":"2.0","type":"string","name":"level_1_fixed","x-toolbar":"FormItemSchemaToolbar","x-settings":"fieldSettings:FormItem","x-component":"AssignedField","x-decorator":"FormItem","x-collection-field":"module_summaries.level_1_fixed"}},"name":"aubadkxorcs"}},"name":"28tkyaas4rv"},"87dzfrypjv5":{"_isJSONSchemaObject":true,"version":"2.0","type":"void","x-component":"Grid.Row","properties":{"00u2e0hze8y":{"_isJSONSchemaObject":true,"version":"2.0","type":"void","x-component":"Grid.Col","properties":{"level_2_count":{"_isJSONSchemaObject":true,"version":"2.0","type":"string","name":"level_2_count","x-toolbar":"FormItemSchemaToolbar","x-settings":"fieldSettings:FormItem","x-component":"AssignedField","x-decorator":"FormItem","x-collection-field":"module_summaries.level_2_count"}},"name":"00u2e0hze8y"}},"name":"87dzfrypjv5"},"sr9fb2g83wa":{"_isJSONSchemaObject":true,"version":"2.0","type":"void","x-component":"Grid.Row","properties":{"mctr2nubczg":{"_isJSONSchemaObject":true,"version":"2.0","type":"void","x-component":"Grid.Col","properties":{"level_2_fixed":{"_isJSONSchemaObject":true,"version":"2.0","type":"string","name":"level_2_fixed","x-toolbar":"FormItemSchemaToolbar","x-settings":"fieldSettings:FormItem","x-component":"AssignedField","x-decorator":"FormItem","x-collection-field":"module_summaries.level_2_fixed"}},"name":"mctr2nubczg"}},"name":"sr9fb2g83wa"},"robhdmi5xfc":{"_isJSONSchemaObject":true,"version":"2.0","type":"void","x-component":"Grid.Row","properties":{"d7pyy4ts79k":{"_isJSONSchemaObject":true,"version":"2.0","type":"void","x-component":"Grid.Col","properties":{"level_3_count":{"_isJSONSchemaObject":true,"version":"2.0","type":"string","name":"level_3_count","x-toolbar":"FormItemSchemaToolbar","x-settings":"fieldSettings:FormItem","x-component":"AssignedField","x-decorator":"FormItem","x-collection-field":"module_summaries.level_3_count"}},"name":"d7pyy4ts79k"}},"name":"robhdmi5xfc"},"9ykwa93dd5w":{"_isJSONSchemaObject":true,"version":"2.0","type":"void","x-component":"Grid.Row","properties":{"0nkrxq50w1f":{"_isJSONSchemaObject":true,"version":"2.0","type":"void","x-component":"Grid.Col","properties":{"level_3_fixed":{"_isJSONSchemaObject":true,"version":"2.0","type":"string","name":"level_3_fixed","x-toolbar":"FormItemSchemaToolbar","x-settings":"fieldSettings:FormItem","x-component":"AssignedField","x-decorator":"FormItem","x-collection-field":"module_summaries.level_3_fixed"}},"name":"0nkrxq50w1f"}},"name":"9ykwa93dd5w"}}},"collection":"module_summaries","params":{"individualHooks":false,"filter":{"$and":[{"id":{"$eq":"{{$context.data.module}}"}}]},"values":{"level_1_count":"{{$jobsMapByNodeKey.h14qw1067vw}}","level_1_fixed":"{{$jobsMapByNodeKey.cvcey3i9obe}}","level_2_count":"{{$jobsMapByNodeKey.52k6055vnrg}}","level_2_fixed":"{{$jobsMapByNodeKey.1fpxh7sjq4k}}","level_3_count":"{{$jobsMapByNodeKey.t5m287ao4ea}}","level_3_fixed":"{{$jobsMapByNodeKey.je6ex9hwdlz}}"}}} workflowId=350183200063488
[34m2026-02-26 09:19:39 [debug] job added to save list: {"result":1,"status":1,"nodeId":350183200063498,"nodeKey":"iz8nj3ykg09","id":"7226897993858048","createdAt":"2026-02-26T01:19:39.654Z","updatedAt":"2026-02-26T01:19:39.654Z","executionId":350318294401025}[39m workflowId=350183200063488
[32m2026-02-26 09:19:39 [info]  execution (350318294401025) run instruction [update] for node (350183200063498) finished as status: 1[39m workflowId=350183200063488
[34m2026-02-26 09:19:39 [debug] result of node                              [39m data=1
[34m2026-02-26 09:19:39 [debug] branch ended at node (350183200063498)      [39m 
[34m2026-02-26 09:19:39 [debug] not on main, recall to parent entry node (350183200063498)})[39m workflowId=350183200063488
[32m2026-02-26 09:19:39 [info]  execution (350318294401025) resume instruction [parallel] for node (350183200063489)[39m workflowId=350183200063488
[34m2026-02-26 09:19:39 [debug] config of node                              [39m workflowId=350183200063488
[34m2026-02-26 09:19:39 [debug] job added to save list: {"status":1,"result":[1,1],"nodeId":350183200063489,"nodeKey":"chjc97mlb5y","upstreamId":null,"id":"7226897817697280","createdAt":"2026-02-26T01:19:39.612Z","updatedAt":"2026-02-26T01:19:39.622Z","executionId":350318294401025}[39m workflowId=350183200063488
[32m2026-02-26 09:19:39 [info]  execution (350318294401025) run instruction [parallel] for node (350183200063489) finished as status: 1[39m workflowId=350183200063488
[34m2026-02-26 09:19:39 [debug] result of node                              [39m data=[1,1]
[34m2026-02-26 09:19:39 [debug] branch ended at node (350183200063489)      [39m 
[32m2026-02-26 09:19:39 [info]  execution (350318294401025) exiting with status 1[39m workflowId=350183200063488
[32m2026-02-26 09:19:39 [info]  execution (350318294401025) finished with status: 1[39m 
[34m2026-02-26 09:19:39 [debug] execution (350318294401025) details:        [39m execution={"createdAt":"2026-02-26T01:19:39.584Z","id":350318294401025,"updatedAt":"2026-02-26T01:19:39.660Z","key":"gljlkxparob","eventKey":"d3d82221-3fab-4ae6-8680-3630ab185a6e","context":{"data":{"createdAt":"2026-02-26T01:19:39.549Z","updatedAt":"2026-02-26T01:19:39.567Z","defect":"图纸模糊","defect_rank":"level3","priority":"P3","id":350318294401024,"f_jmazop48q5l":350202521124864,"createdById":1,"updatedById":1,"defect_classification":"历史遗留","module":350197072723968,"label":["建议"],"defect_status":"待修复","parent_summary":{"createdAt":"2026-02-25T09:59:34.842Z","updatedAt":"2026-02-25T10:00:14.729Z","owner_id":"jason","id":350202521124864,"total_count":null,"tested_count":null,"defect_count":null,"fixed_count":null,"pending_count":null,"loc":null,"kloc":0,"testing_rate":null,"fix_rate":null,"pending_rate":null,"defect_density":null,"total_defect":1,"module_type":"缺陷汇总","createdById":1,"updatedById":1}}},"status":1,"dispatched":true,"stack":null,"output":null,"manually":null,"workflowId":350183200063488}
[32m2026-02-26 09:34:39 [info]  toggle OFF workflow 350183200063488         [39m workflowId=350183200063488
[32m2026-02-26 09:34:39 [info]  toggle OFF workflow 350183200063488         [39m workflowId=350183200063488
