[32m2026-02-27 11:06:17 [info]  toggle ON workflow 350512094969856          [39m workflowId=350512094969856
[32m2026-02-27 11:06:56 [info]  new event triggered, now events: 1          [39m 
[34m2026-02-27 11:06:56 [debug] event data:                                 [39m context={"data":{"createdAt":"2026-02-27T03:06:56.082Z","updatedAt":"2026-02-27T03:06:56.085Z","defect_classification":"е…¶д»–","defect":"еӣҫзәёжҳҫзӨәдёҚе…Ё","defect_rank":"level1","priority":"P1","id":350512986259456,"defect_status":"е·Іе…ій—ӯ","module":null,"f_jmazop48q5l":350512933830656,"label":["е·Ідҝ®еӨҚ"],"createdById":1,"updatedById":1,"parent_summary":{"createdAt":"2026-02-27T03:06:31.145Z","updatedAt":"2026-02-27T03:06:31.154Z","owner_id":"nocobase","id":350512933830656,"total_count":null,"tested_count":null,"defect_count":null,"fixed_count":null,"pending_count":null,"loc":null,"kloc":0,"testing_rate":null,"fix_rate":null,"pending_rate":null,"defect_density":null,"total_defect":null,"module_type":"зјәйҷ·жұҮжҖ»","createdById":1,"updatedById":1}}}
[32m2026-02-27 11:06:56 [info]  preparing execution for event               [39m 
[32m2026-02-27 11:06:56 [info]  execution of workflow 350512094969856 created as 350512986259457[39m 
[32m2026-02-27 11:06:56 [info]  local pending list is empty, adding execution (350512986259457) to pending list[39m 
[32m2026-02-27 11:06:56 [info]  pending execution (350512986259457) ready to process[39m 
[32m2026-02-27 11:06:56 [info]  execution (350512986259457) starting...     [39m 
[32m2026-02-27 11:06:56 [info]  execution (350512986259457) run instruction [parallel] for node (350512094969857)[39m workflowId=350512094969856
[34m2026-02-27 11:06:56 [debug] config of node                              [39m workflowId=350512094969856
[34m2026-02-27 11:06:56 [debug] job added to save list: {"status":0,"result":[null,null],"nodeId":350512094969857,"nodeKey":"chjc97mlb5y","upstreamId":null,"id":"7616282392286208","createdAt":"2026-02-27T03:06:56.129Z","updatedAt":"2026-02-27T03:06:56.129Z","executionId":350512986259457}[39m workflowId=350512094969856
[32m2026-02-27 11:06:56 [info]  execution (350512986259457) run instruction [aggregate] for node (350512094969864)[39m workflowId=350512094969856
[34m2026-02-27 11:06:56 [debug] config of node                              [39m data={"aggregator":"count","associated":true,"params":{"field":"id","filter":{"$and":[]}},"precision":2,"collection":"defects","association":{"name":"all_defects","associatedKey":"{{$context.data.parent_summary.id}}","associatedCollection":"collection_quality"}} workflowId=350512094969856
[34m2026-02-27 11:06:56 [debug] job added to save list: {"result":1,"status":1,"nodeId":350512094969864,"nodeKey":"ca6c1jxzwq5","id":"7616282396480512","createdAt":"2026-02-27T03:06:56.130Z","updatedAt":"2026-02-27T03:06:56.130Z","executionId":350512986259457}[39m workflowId=350512094969856
[32m2026-02-27 11:06:56 [info]  execution (350512986259457) run instruction [aggregate] for node (350512094969864) finished as status: 1[39m workflowId=350512094969856
[34m2026-02-27 11:06:56 [debug] result of node                              [39m data=1
[34m2026-02-27 11:06:56 [debug] run next node (350512094969858)             [39m 
[32m2026-02-27 11:06:56 [info]  execution (350512986259457) run instruction [update] for node (350512094969858)[39m workflowId=350512094969856
[34m2026-02-27 11:06:56 [debug] config of node                              [39m data={"usingAssignFormSchema":true,"assignFormSchema":{"_isJSONSchemaObject":true,"version":"2.0","name":"0mby4p7m0ow","type":"void","x-component":"Grid","x-initializer":"assignFieldValuesForm:configureFields","properties":{"2wbpfklshda":{"_isJSONSchemaObject":true,"version":"2.0","type":"void","x-component":"Grid.Row","properties":{"ibquc1d6wnd":{"_isJSONSchemaObject":true,"version":"2.0","type":"void","x-component":"Grid.Col","properties":{"total_defect":{"_isJSONSchemaObject":true,"version":"2.0","type":"string","name":"total_defect","x-toolbar":"FormItemSchemaToolbar","x-settings":"fieldSettings:FormItem","x-component":"AssignedField","x-decorator":"FormItem","x-collection-field":"collection_quality.total_defect"}},"name":"ibquc1d6wnd"}},"name":"2wbpfklshda"}}},"collection":"collection_quality","params":{"individualHooks":false,"filter":{"$and":[{"id":{"$eq":"{{$context.data.parent_summary.id}}"}}]},"values":{"total_defect":"{{$jobsMapByNodeKey.ca6c1jxzwq5}}"}}} workflowId=350512094969856
[34m2026-02-27 11:06:56 [debug] job added to save list: {"result":1,"status":1,"nodeId":350512094969858,"nodeKey":"9mun3sl2wtp","id":"7616282413257728","createdAt":"2026-02-27T03:06:56.134Z","updatedAt":"2026-02-27T03:06:56.134Z","executionId":350512986259457}[39m workflowId=350512094969856
[32m2026-02-27 11:06:56 [info]  execution (350512986259457) run instruction [update] for node (350512094969858) finished as status: 1[39m workflowId=350512094969856
[34m2026-02-27 11:06:56 [debug] result of node                              [39m data=1
[34m2026-02-27 11:06:56 [debug] branch ended at node (350512094969858)      [39m 
[34m2026-02-27 11:06:56 [debug] not on main, recall to parent entry node (350512094969858)})[39m workflowId=350512094969856
[32m2026-02-27 11:06:56 [info]  execution (350512986259457) resume instruction [parallel] for node (350512094969857)[39m workflowId=350512094969856
[34m2026-02-27 11:06:56 [debug] config of node                              [39m workflowId=350512094969856
[34m2026-02-27 11:06:56 [debug] job added to save list: {"status":0,"result":[1,null],"nodeId":350512094969857,"nodeKey":"chjc97mlb5y","upstreamId":null,"id":"7616282392286208","createdAt":"2026-02-27T03:06:56.129Z","updatedAt":"2026-02-27T03:06:56.135Z","executionId":350512986259457}[39m workflowId=350512094969856
[32m2026-02-27 11:06:56 [info]  execution (350512986259457) exiting with status 0[39m workflowId=350512094969856
[32m2026-02-27 11:06:56 [info]  execution (350512986259457) run instruction [loop] for node (350512248061952)[39m workflowId=350512094969856
[34m2026-02-27 11:06:56 [debug] config of node                              [39m data={"target":"{{$context.data.module}}","condition":{"checkpoint":1,"continueOnFalse":false,"calculation":{"group":{"type":"and","calculations":[{"calculator":"equal","operands":["{{$context.data.module}}","{{$context.data.module}}"]}]}}},"exit":1} workflowId=350512094969856
[34m2026-02-27 11:06:56 [debug] job added to save list: {"status":1,"result":{"looped":0,"done":0},"nodeId":350512248061952,"nodeKey":"v7j8pc0drfl","id":"7616282467783680","createdAt":"2026-02-27T03:06:56.147Z","updatedAt":"2026-02-27T03:06:56.147Z","executionId":350512986259457}[39m workflowId=350512094969856
[32m2026-02-27 11:06:56 [info]  execution (350512986259457) run instruction [loop] for node (350512248061952) finished as status: 1[39m workflowId=350512094969856
[34m2026-02-27 11:06:56 [debug] result of node                              [39m data={"looped":0,"done":0}
[34m2026-02-27 11:06:56 [debug] branch ended at node (350512248061952)      [39m 
[34m2026-02-27 11:06:56 [debug] not on main, recall to parent entry node (350512248061952)})[39m workflowId=350512094969856
[32m2026-02-27 11:06:56 [info]  execution (350512986259457) resume instruction [parallel] for node (350512094969857)[39m workflowId=350512094969856
[34m2026-02-27 11:06:56 [debug] config of node                              [39m workflowId=350512094969856
[34m2026-02-27 11:06:56 [debug] job added to save list: {"status":1,"result":[1,1],"nodeId":350512094969857,"nodeKey":"chjc97mlb5y","upstreamId":null,"id":"7616282392286208","createdAt":"2026-02-27T03:06:56.129Z","updatedAt":"2026-02-27T03:06:56.135Z","executionId":350512986259457}[39m workflowId=350512094969856
[32m2026-02-27 11:06:56 [info]  execution (350512986259457) run instruction [parallel] for node (350512094969857) finished as status: 1[39m workflowId=350512094969856
[34m2026-02-27 11:06:56 [debug] result of node                              [39m data=[1,1]
[34m2026-02-27 11:06:56 [debug] branch ended at node (350512094969857)      [39m 
[32m2026-02-27 11:06:56 [info]  execution (350512986259457) exiting with status 1[39m workflowId=350512094969856
[32m2026-02-27 11:06:56 [info]  execution (350512986259457) finished with status: 1[39m 
[34m2026-02-27 11:06:56 [debug] execution (350512986259457) details:        [39m execution={"createdAt":"2026-02-27T03:06:56.104Z","id":350512986259457,"updatedAt":"2026-02-27T03:06:56.168Z","key":"f3xyuzoxb0b","eventKey":"1bd73d1c-e1f3-4892-8264-1fe8d6f47862","context":{"data":{"createdAt":"2026-02-27T03:06:56.082Z","updatedAt":"2026-02-27T03:06:56.085Z","defect_classification":"е…¶д»–","defect":"еӣҫзәёжҳҫзӨәдёҚе…Ё","defect_rank":"level1","priority":"P1","id":350512986259456,"defect_status":"е·Іе…ій—ӯ","module":null,"f_jmazop48q5l":350512933830656,"label":["е·Ідҝ®еӨҚ"],"createdById":1,"updatedById":1,"parent_summary":{"createdAt":"2026-02-27T03:06:31.145Z","updatedAt":"2026-02-27T03:06:31.154Z","owner_id":"nocobase","id":350512933830656,"total_count":null,"tested_count":null,"defect_count":null,"fixed_count":null,"pending_count":null,"loc":null,"kloc":0,"testing_rate":null,"fix_rate":null,"pending_rate":null,"defect_density":null,"total_defect":null,"module_type":"зјәйҷ·жұҮжҖ»","createdById":1,"updatedById":1}}},"status":1,"dispatched":true,"stack":null,"output":null,"manually":null,"workflowId":350512094969856}
[32m2026-02-27 11:23:38 [info]  toggle OFF workflow 350512094969856         [39m workflowId=350512094969856
[32m2026-02-27 11:23:38 [info]  toggle OFF workflow 350512094969856         [39m workflowId=350512094969856
