[32m2026-02-27 17:01:01 [info]  toggle ON workflow 350557427007488          [39m workflowId=350557427007488
[32m2026-02-27 17:01:51 [info]  new event triggered, now events: 1          [39m 
[34m2026-02-27 17:01:51 [debug] event data:                                 [39m context={"data":{"createdAt":"2026-02-27T09:01:51.036Z","updatedAt":"2026-02-27T09:01:51.039Z","defect_classification":"其他","defect":"图纸显示不全","defect_rank":"level1","priority":"P1","id":350557645111296,"defect_status":"已关闭","module":null,"f_jmazop48q5l":350557594779648,"label":["已修复"],"createdById":1,"updatedById":1,"parent_summary":{"createdAt":"2026-02-27T09:01:27.419Z","updatedAt":"2026-02-27T09:01:27.423Z","owner_id":"nocobase","id":350557594779648,"total_count":null,"tested_count":null,"defect_count":null,"fixed_count":null,"pending_count":null,"loc":null,"kloc":0,"testing_rate":null,"fix_rate":null,"pending_rate":null,"defect_density":null,"total_defect":null,"module_type":"缺陷汇总","createdById":1,"updatedById":1},"module_ref":[{"createdAt":"2026-02-27T09:01:20.547Z","updatedAt":"2026-02-27T09:01:20.547Z","id":350557580099584,"module_name":"工程图","level_1_count":"0","level_2_count":null,"level_3_count":null,"level_1_fixed":null,"level_2_fixed":null,"level_3_fixed":null,"p1_total":null,"p1_fixed":null,"p2_total":null,"p2_fixed":null,"p3_total":null,"p3_fixed":null,"total_closed":null,"total_delayed":null,"level_1_rollback":null,"level_1_hang":null,"level_1_other":null,"p1_closed":null,"open_count":null,"retest_failed_count":null,"module_total":null,"suggested_count":null,"p2_fixed_rate":null,"p3_fixed_rate":null,"p1_fixed_rate":null,"level_2_fixed_rate":null,"total_fixed":null,"fixed_unupdated":null,"level_3_fixed_rate":null,"level_1_fixed_rate":null,"p1_close_rate":null,"new_issue_total":null,"new_issue_fixed":null,"total_fixed_rate":null,"total_close_rate":null,"createdById":1,"updatedById":1,"t_5yxbbcczpos":{"createdAt":"2026-02-27T09:01:51.043Z","updatedAt":"2026-02-27T09:01:51.043Z","module_id":350557580099584,"defect_id":350557645111296}},{"createdAt":"2026-02-27T09:01:23.357Z","updatedAt":"2026-02-27T09:01:23.357Z","id":350557586391040,"module_name":"草图","level_1_count":"0","level_2_count":null,"level_3_count":null,"level_1_fixed":null,"level_2_fixed":null,"level_3_fixed":null,"p1_total":null,"p1_fixed":null,"p2_total":null,"p2_fixed":null,"p3_total":null,"p3_fixed":null,"total_closed":null,"total_delayed":null,"level_1_rollback":null,"level_1_hang":null,"level_1_other":null,"p1_closed":null,"open_count":null,"retest_failed_count":null,"module_total":null,"suggested_count":null,"p2_fixed_rate":null,"p3_fixed_rate":null,"p1_fixed_rate":null,"level_2_fixed_rate":null,"total_fixed":null,"fixed_unupdated":null,"level_3_fixed_rate":null,"level_1_fixed_rate":null,"p1_close_rate":null,"new_issue_total":null,"new_issue_fixed":null,"total_fixed_rate":null,"total_close_rate":null,"createdById":1,"updatedById":1,"t_5yxbbcczpos":{"createdAt":"2026-02-27T09:01:51.043Z","updatedAt":"2026-02-27T09:01:51.043Z","module_id":350557586391040,"defect_id":350557645111296}}]}}
[32m2026-02-27 17:01:51 [info]  preparing execution for event               [39m 
[32m2026-02-27 17:01:51 [info]  execution of workflow 350557427007488 created as 350557645111297[39m 
[32m2026-02-27 17:01:51 [info]  local pending list is empty, adding execution (350557645111297) to pending list[39m 
[32m2026-02-27 17:01:51 [info]  pending execution (350557645111297) ready to process[39m 
[32m2026-02-27 17:01:51 [info]  execution (350557645111297) starting...     [39m 
[32m2026-02-27 17:01:51 [info]  execution (350557645111297) run instruction [parallel] for node (350557427007489)[39m workflowId=350557427007488
[34m2026-02-27 17:01:51 [debug] config of node                              [39m workflowId=350557427007488
[34m2026-02-27 17:01:51 [debug] job added to save list: {"status":0,"result":[null,null],"nodeId":350557427007489,"nodeKey":"chjc97mlb5y","upstreamId":null,"id":"7705599949165568","createdAt":"2026-02-27T09:01:51.094Z","updatedAt":"2026-02-27T09:01:51.094Z","executionId":350557645111297}[39m workflowId=350557427007488
[32m2026-02-27 17:01:51 [info]  execution (350557645111297) run instruction [aggregate] for node (350557427007491)[39m workflowId=350557427007488
[34m2026-02-27 17:01:51 [debug] config of node                              [39m data={"aggregator":"count","associated":true,"params":{"field":"id","filter":{"$and":[]}},"precision":2,"collection":"defects","association":{"name":"all_defects","associatedKey":"{{$context.data.parent_summary.id}}","associatedCollection":"collection_quality"}} workflowId=350557427007488
[34m2026-02-27 17:01:51 [debug] job added to save list: {"result":1,"status":1,"nodeId":350557427007491,"nodeKey":"ca6c1jxzwq5","id":"7705599957554176","createdAt":"2026-02-27T09:01:51.096Z","updatedAt":"2026-02-27T09:01:51.096Z","executionId":350557645111297}[39m workflowId=350557427007488
[32m2026-02-27 17:01:51 [info]  execution (350557645111297) run instruction [aggregate] for node (350557427007491) finished as status: 1[39m workflowId=350557427007488
[34m2026-02-27 17:01:51 [debug] result of node                              [39m data=1
[34m2026-02-27 17:01:51 [debug] run next node (350557427007497)             [39m 
[32m2026-02-27 17:01:51 [info]  execution (350557645111297) run instruction [update] for node (350557427007497)[39m workflowId=350557427007488
[34m2026-02-27 17:01:51 [debug] config of node                              [39m data={"usingAssignFormSchema":true,"assignFormSchema":{"_isJSONSchemaObject":true,"version":"2.0","name":"0mby4p7m0ow","type":"void","x-component":"Grid","x-initializer":"assignFieldValuesForm:configureFields","properties":{"2wbpfklshda":{"_isJSONSchemaObject":true,"version":"2.0","type":"void","x-component":"Grid.Row","properties":{"ibquc1d6wnd":{"_isJSONSchemaObject":true,"version":"2.0","type":"void","x-component":"Grid.Col","properties":{"total_defect":{"_isJSONSchemaObject":true,"version":"2.0","type":"string","name":"total_defect","x-toolbar":"FormItemSchemaToolbar","x-settings":"fieldSettings:FormItem","x-component":"AssignedField","x-decorator":"FormItem","x-collection-field":"collection_quality.total_defect"}},"name":"ibquc1d6wnd"}},"name":"2wbpfklshda"}}},"collection":"collection_quality","params":{"individualHooks":false,"filter":{"$and":[{"id":{"$eq":"{{$context.data.parent_summary.id}}"}}]},"values":{"total_defect":"{{$jobsMapByNodeKey.ca6c1jxzwq5}}"}}} workflowId=350557427007488
[34m2026-02-27 17:01:51 [debug] job added to save list: {"result":1,"status":1,"nodeId":350557427007497,"nodeKey":"9mun3sl2wtp","id":"7705599991108608","createdAt":"2026-02-27T09:01:51.104Z","updatedAt":"2026-02-27T09:01:51.104Z","executionId":350557645111297}[39m workflowId=350557427007488
[32m2026-02-27 17:01:51 [info]  execution (350557645111297) run instruction [update] for node (350557427007497) finished as status: 1[39m workflowId=350557427007488
[34m2026-02-27 17:01:51 [debug] result of node                              [39m data=1
[34m2026-02-27 17:01:51 [debug] branch ended at node (350557427007497)      [39m 
[34m2026-02-27 17:01:51 [debug] not on main, recall to parent entry node (350557427007497)})[39m workflowId=350557427007488
[32m2026-02-27 17:01:51 [info]  execution (350557645111297) resume instruction [parallel] for node (350557427007489)[39m workflowId=350557427007488
[34m2026-02-27 17:01:51 [debug] config of node                              [39m workflowId=350557427007488
[34m2026-02-27 17:01:51 [debug] job added to save list: {"status":0,"result":[1,null],"nodeId":350557427007489,"nodeKey":"chjc97mlb5y","upstreamId":null,"id":"7705599949165568","createdAt":"2026-02-27T09:01:51.094Z","updatedAt":"2026-02-27T09:01:51.105Z","executionId":350557645111297}[39m workflowId=350557427007488
[32m2026-02-27 17:01:51 [info]  execution (350557645111297) exiting with status 0[39m workflowId=350557427007488
[32m2026-02-27 17:01:51 [info]  execution (350557645111297) run instruction [loop] for node (350557427007490)[39m workflowId=350557427007488
[34m2026-02-27 17:01:51 [debug] config of node                              [39m data={"target":"{{$context.data.module_ref}}","exit":0,"condition":false} workflowId=350557427007488
[34m2026-02-27 17:01:51 [debug] job added to save list: {"status":0,"result":{"looped":0,"done":0},"nodeId":350557427007490,"nodeKey":"mk8brck5e5d","upstreamId":"7705599949165568","id":"7705600003691520","createdAt":"2026-02-27T09:01:51.107Z","updatedAt":"2026-02-27T09:01:51.107Z","executionId":350557645111297}[39m workflowId=350557427007488
[32m2026-02-27 17:01:51 [info]  execution (350557645111297) run instruction [aggregate] for node (350557427007492)[39m workflowId=350557427007488
[34m2026-02-27 17:01:51 [debug] config of node                              [39m data={"aggregator":"count","associated":false,"params":{"field":"id","filter":{"$and":[{"defect_rank":{"$eq":"level1"}},{"label":{"$noneOf":["功能屏蔽","已拒绝","建议"]}},{"module_ref":{"id":{"$eq":"{{$scopes.mk8brck5e5d.item.id}}"}}},{"$or":[{"defect_status":{"$ne":"已关闭"}},{"label":{"$noneOf":["申请否决","数据异常","设计如此"]}}]}]}},"precision":2,"collection":"defects"} workflowId=350557427007488
[34m2026-02-27 17:01:51 [debug] job added to save list: {"result":1,"status":1,"nodeId":350557427007492,"nodeKey":"h14qw1067vw","id":"7705600016274432","createdAt":"2026-02-27T09:01:51.110Z","updatedAt":"2026-02-27T09:01:51.110Z","executionId":350557645111297}[39m workflowId=350557427007488
[32m2026-02-27 17:01:51 [info]  execution (350557645111297) run instruction [aggregate] for node (350557427007492) finished as status: 1[39m workflowId=350557427007488
[34m2026-02-27 17:01:51 [debug] result of node                              [39m data=1
[34m2026-02-27 17:01:51 [debug] run next node (350557427007494)             [39m 
[32m2026-02-27 17:01:51 [info]  execution (350557645111297) run instruction [aggregate] for node (350557427007494)[39m workflowId=350557427007488
[34m2026-02-27 17:01:51 [debug] config of node                              [39m data={"aggregator":"count","associated":false,"params":{"field":"id","filter":{"$and":[{"defect_rank":{"$eq":"level1"}},{"label":{"$noneOf":["功能屏蔽","已拒绝","建议"]}},{"$or":[{"label":{"$anyOf":["已修复","待合并"]}},{"$and":[{"label":{"$anyOf":["未复现"]}},{"defect_status":{"$eq":"已关闭"}}]}]},{"module_ref":{"id":{"$eq":"{{$scopes.mk8brck5e5d.item.id}}"}}},{"$or":[{"defect_status":{"$ne":"已关闭"}},{"label":{"$noneOf":["申请否决","数据异常","设计如此"]}}]}]}},"precision":2,"collection":"defects"} workflowId=350557427007488
[34m2026-02-27 17:01:51 [debug] job added to save list: {"result":1,"status":1,"nodeId":350557427007494,"nodeKey":"cvcey3i9obe","id":"7705600033051648","createdAt":"2026-02-27T09:01:51.114Z","updatedAt":"2026-02-27T09:01:51.114Z","executionId":350557645111297}[39m workflowId=350557427007488
[32m2026-02-27 17:01:51 [info]  execution (350557645111297) run instruction [aggregate] for node (350557427007494) finished as status: 1[39m workflowId=350557427007488
[34m2026-02-27 17:01:51 [debug] result of node                              [39m data=1
[34m2026-02-27 17:01:51 [debug] run next node (350557427007493)             [39m 
[32m2026-02-27 17:01:51 [info]  execution (350557645111297) run instruction [update] for node (350557427007493)[39m workflowId=350557427007488
[34m2026-02-27 17:01:51 [debug] config of node                              [39m data={"usingAssignFormSchema":true,"assignFormSchema":{"_isJSONSchemaObject":true,"version":"2.0","name":"z36wx6jbrw9","type":"void","x-component":"Grid","x-initializer":"assignFieldValuesForm:configureFields","properties":{"i1v4kp5ixw1":{"_isJSONSchemaObject":true,"version":"2.0","type":"void","x-component":"Grid.Row","properties":{"m57in1bxqre":{"_isJSONSchemaObject":true,"version":"2.0","type":"void","x-component":"Grid.Col","properties":{"level_1_count":{"_isJSONSchemaObject":true,"version":"2.0","type":"string","name":"level_1_count","x-toolbar":"FormItemSchemaToolbar","x-settings":"fieldSettings:FormItem","x-component":"AssignedField","x-decorator":"FormItem","x-collection-field":"module_summaries.level_1_count"}},"name":"m57in1bxqre"}},"name":"i1v4kp5ixw1"},"28tkyaas4rv":{"_isJSONSchemaObject":true,"version":"2.0","type":"void","x-component":"Grid.Row","properties":{"aubadkxorcs":{"_isJSONSchemaObject":true,"version":"2.0","type":"void","x-component":"Grid.Col","properties":{"level_1_fixed":{"_isJSONSchemaObject":true,"version":"2.0","type":"string","name":"level_1_fixed","x-toolbar":"FormItemSchemaToolbar","x-settings":"fieldSettings:FormItem","x-component":"AssignedField","x-decorator":"FormItem","x-collection-field":"module_summaries.level_1_fixed"}},"name":"aubadkxorcs"}},"name":"28tkyaas4rv"}}},"collection":"module_summaries","params":{"individualHooks":false,"filter":{"$and":[{"id":{"$eq":"{{$scopes.mk8brck5e5d.item.id}}"}}]},"values":{"level_1_count":"{{$jobsMapByNodeKey.h14qw1067vw}}","level_1_fixed":"{{$jobsMapByNodeKey.cvcey3i9obe}}"}}} workflowId=350557427007488
[34m2026-02-27 17:01:51 [debug] job added to save list: {"result":1,"status":1,"nodeId":350557427007493,"nodeKey":"iz8nj3ykg09","id":"7705600058217472","createdAt":"2026-02-27T09:01:51.120Z","updatedAt":"2026-02-27T09:01:51.120Z","executionId":350557645111297}[39m workflowId=350557427007488
[32m2026-02-27 17:01:51 [info]  execution (350557645111297) run instruction [update] for node (350557427007493) finished as status: 1[39m workflowId=350557427007488
[34m2026-02-27 17:01:51 [debug] result of node                              [39m data=1
[34m2026-02-27 17:01:51 [debug] branch ended at node (350557427007493)      [39m 
[34m2026-02-27 17:01:51 [debug] not on main, recall to parent entry node (350557427007493)})[39m workflowId=350557427007488
[32m2026-02-27 17:01:51 [info]  execution (350557645111297) resume instruction [loop] for node (350557427007490)[39m workflowId=350557427007488
[34m2026-02-27 17:01:51 [debug] config of node                              [39m data={"target":"{{$context.data.module_ref}}","exit":0,"condition":false} workflowId=350557427007488
[34m2026-02-27 17:01:51 [debug] job added to save list: {"status":0,"result":{"looped":1,"done":1},"nodeId":350557427007490,"nodeKey":"mk8brck5e5d","upstreamId":"7705599949165568","id":"7705600003691520","createdAt":"2026-02-27T09:01:51.107Z","updatedAt":"2026-02-27T09:01:51.121Z","executionId":350557645111297}[39m workflowId=350557427007488
[32m2026-02-27 17:01:51 [info]  execution (350557645111297) run instruction [aggregate] for node (350557427007492)[39m workflowId=350557427007488
[34m2026-02-27 17:01:51 [debug] config of node                              [39m data={"aggregator":"count","associated":false,"params":{"field":"id","filter":{"$and":[{"defect_rank":{"$eq":"level1"}},{"label":{"$noneOf":["功能屏蔽","已拒绝","建议"]}},{"module_ref":{"id":{"$eq":"{{$scopes.mk8brck5e5d.item.id}}"}}},{"$or":[{"defect_status":{"$ne":"已关闭"}},{"label":{"$noneOf":["申请否决","数据异常","设计如此"]}}]}]}},"precision":2,"collection":"defects"} workflowId=350557427007488
[34m2026-02-27 17:01:51 [debug] job added to save list: {"result":1,"status":1,"nodeId":350557427007492,"nodeKey":"h14qw1067vw","id":"7705600079188992","createdAt":"2026-02-27T09:01:51.125Z","updatedAt":"2026-02-27T09:01:51.125Z","executionId":350557645111297}[39m workflowId=350557427007488
[32m2026-02-27 17:01:51 [info]  execution (350557645111297) run instruction [aggregate] for node (350557427007492) finished as status: 1[39m workflowId=350557427007488
[34m2026-02-27 17:01:51 [debug] result of node                              [39m data=1
[34m2026-02-27 17:01:51 [debug] run next node (350557427007494)             [39m 
[32m2026-02-27 17:01:51 [info]  execution (350557645111297) run instruction [aggregate] for node (350557427007494)[39m workflowId=350557427007488
[34m2026-02-27 17:01:51 [debug] config of node                              [39m data={"aggregator":"count","associated":false,"params":{"field":"id","filter":{"$and":[{"defect_rank":{"$eq":"level1"}},{"label":{"$noneOf":["功能屏蔽","已拒绝","建议"]}},{"$or":[{"label":{"$anyOf":["已修复","待合并"]}},{"$and":[{"label":{"$anyOf":["未复现"]}},{"defect_status":{"$eq":"已关闭"}}]}]},{"module_ref":{"id":{"$eq":"{{$scopes.mk8brck5e5d.item.id}}"}}},{"$or":[{"defect_status":{"$ne":"已关闭"}},{"label":{"$noneOf":["申请否决","数据异常","设计如此"]}}]}]}},"precision":2,"collection":"defects"} workflowId=350557427007488
[34m2026-02-27 17:01:51 [debug] job added to save list: {"result":1,"status":1,"nodeId":350557427007494,"nodeKey":"cvcey3i9obe","id":"7705600095966208","createdAt":"2026-02-27T09:01:51.129Z","updatedAt":"2026-02-27T09:01:51.129Z","executionId":350557645111297}[39m workflowId=350557427007488
[32m2026-02-27 17:01:51 [info]  execution (350557645111297) run instruction [aggregate] for node (350557427007494) finished as status: 1[39m workflowId=350557427007488
[34m2026-02-27 17:01:51 [debug] result of node                              [39m data=1
[34m2026-02-27 17:01:51 [debug] run next node (350557427007493)             [39m 
[32m2026-02-27 17:01:51 [info]  execution (350557645111297) run instruction [update] for node (350557427007493)[39m workflowId=350557427007488
[34m2026-02-27 17:01:51 [debug] config of node                              [39m data={"usingAssignFormSchema":true,"assignFormSchema":{"_isJSONSchemaObject":true,"version":"2.0","name":"z36wx6jbrw9","type":"void","x-component":"Grid","x-initializer":"assignFieldValuesForm:configureFields","properties":{"i1v4kp5ixw1":{"_isJSONSchemaObject":true,"version":"2.0","type":"void","x-component":"Grid.Row","properties":{"m57in1bxqre":{"_isJSONSchemaObject":true,"version":"2.0","type":"void","x-component":"Grid.Col","properties":{"level_1_count":{"_isJSONSchemaObject":true,"version":"2.0","type":"string","name":"level_1_count","x-toolbar":"FormItemSchemaToolbar","x-settings":"fieldSettings:FormItem","x-component":"AssignedField","x-decorator":"FormItem","x-collection-field":"module_summaries.level_1_count"}},"name":"m57in1bxqre"}},"name":"i1v4kp5ixw1"},"28tkyaas4rv":{"_isJSONSchemaObject":true,"version":"2.0","type":"void","x-component":"Grid.Row","properties":{"aubadkxorcs":{"_isJSONSchemaObject":true,"version":"2.0","type":"void","x-component":"Grid.Col","properties":{"level_1_fixed":{"_isJSONSchemaObject":true,"version":"2.0","type":"string","name":"level_1_fixed","x-toolbar":"FormItemSchemaToolbar","x-settings":"fieldSettings:FormItem","x-component":"AssignedField","x-decorator":"FormItem","x-collection-field":"module_summaries.level_1_fixed"}},"name":"aubadkxorcs"}},"name":"28tkyaas4rv"}}},"collection":"module_summaries","params":{"individualHooks":false,"filter":{"$and":[{"id":{"$eq":"{{$scopes.mk8brck5e5d.item.id}}"}}]},"values":{"level_1_count":"{{$jobsMapByNodeKey.h14qw1067vw}}","level_1_fixed":"{{$jobsMapByNodeKey.cvcey3i9obe}}"}}} workflowId=350557427007488
[34m2026-02-27 17:01:51 [debug] job added to save list: {"result":1,"status":1,"nodeId":350557427007493,"nodeKey":"iz8nj3ykg09","id":"7705600129520640","createdAt":"2026-02-27T09:01:51.137Z","updatedAt":"2026-02-27T09:01:51.137Z","executionId":350557645111297}[39m workflowId=350557427007488
[32m2026-02-27 17:01:51 [info]  execution (350557645111297) run instruction [update] for node (350557427007493) finished as status: 1[39m workflowId=350557427007488
[34m2026-02-27 17:01:51 [debug] result of node                              [39m data=1
[34m2026-02-27 17:01:51 [debug] branch ended at node (350557427007493)      [39m 
[34m2026-02-27 17:01:51 [debug] not on main, recall to parent entry node (350557427007493)})[39m workflowId=350557427007488
[32m2026-02-27 17:01:51 [info]  execution (350557645111297) resume instruction [loop] for node (350557427007490)[39m workflowId=350557427007488
[34m2026-02-27 17:01:51 [debug] config of node                              [39m data={"target":"{{$context.data.module_ref}}","exit":0,"condition":false} workflowId=350557427007488
[34m2026-02-27 17:01:51 [debug] job added to save list: {"status":0,"result":{"looped":2,"done":2},"nodeId":350557427007490,"nodeKey":"mk8brck5e5d","upstreamId":"7705599949165568","id":"7705600003691520","createdAt":"2026-02-27T09:01:51.107Z","updatedAt":"2026-02-27T09:01:51.139Z","executionId":350557645111297}[39m workflowId=350557427007488
[34m2026-02-27 17:01:51 [debug] job added to save list: {"status":1,"result":{"looped":2,"done":2},"nodeId":350557427007490,"nodeKey":"mk8brck5e5d","upstreamId":"7705599949165568","id":"7705600003691520","createdAt":"2026-02-27T09:01:51.107Z","updatedAt":"2026-02-27T09:01:51.139Z","executionId":350557645111297}[39m workflowId=350557427007488
[32m2026-02-27 17:01:51 [info]  execution (350557645111297) run instruction [loop] for node (350557427007490) finished as status: 1[39m workflowId=350557427007488
[34m2026-02-27 17:01:51 [debug] result of node                              [39m data={"looped":2,"done":2}
[34m2026-02-27 17:01:51 [debug] branch ended at node (350557427007490)      [39m 
[34m2026-02-27 17:01:51 [debug] not on main, recall to parent entry node (350557427007490)})[39m workflowId=350557427007488
[32m2026-02-27 17:01:51 [info]  execution (350557645111297) resume instruction [parallel] for node (350557427007489)[39m workflowId=350557427007488
[34m2026-02-27 17:01:51 [debug] config of node                              [39m workflowId=350557427007488
[34m2026-02-27 17:01:51 [debug] job added to save list: {"status":1,"result":[1,1],"nodeId":350557427007489,"nodeKey":"chjc97mlb5y","upstreamId":null,"id":"7705599949165568","createdAt":"2026-02-27T09:01:51.094Z","updatedAt":"2026-02-27T09:01:51.105Z","executionId":350557645111297}[39m workflowId=350557427007488
[32m2026-02-27 17:01:51 [info]  execution (350557645111297) run instruction [parallel] for node (350557427007489) finished as status: 1[39m workflowId=350557427007488
[34m2026-02-27 17:01:51 [debug] result of node                              [39m data=[1,1]
[34m2026-02-27 17:01:51 [debug] branch ended at node (350557427007489)      [39m 
[32m2026-02-27 17:01:51 [info]  execution (350557645111297) exiting with status 1[39m workflowId=350557427007488
[32m2026-02-27 17:01:51 [info]  execution (350557645111297) finished with status: 1[39m 
[34m2026-02-27 17:01:51 [debug] execution (350557645111297) details:        [39m execution={"createdAt":"2026-02-27T09:01:51.058Z","id":350557645111297,"updatedAt":"2026-02-27T09:01:51.144Z","key":"f3xyuzoxb0b","eventKey":"3a23b341-6f85-435a-a45d-0179ad02155e","context":{"data":{"createdAt":"2026-02-27T09:01:51.036Z","updatedAt":"2026-02-27T09:01:51.039Z","defect_classification":"其他","defect":"图纸显示不全","defect_rank":"level1","priority":"P1","id":350557645111296,"defect_status":"已关闭","module":null,"f_jmazop48q5l":350557594779648,"label":["已修复"],"createdById":1,"updatedById":1,"parent_summary":{"createdAt":"2026-02-27T09:01:27.419Z","updatedAt":"2026-02-27T09:01:27.423Z","owner_id":"nocobase","id":350557594779648,"total_count":null,"tested_count":null,"defect_count":null,"fixed_count":null,"pending_count":null,"loc":null,"kloc":0,"testing_rate":null,"fix_rate":null,"pending_rate":null,"defect_density":null,"total_defect":null,"module_type":"缺陷汇总","createdById":1,"updatedById":1},"module_ref":[{"createdAt":"2026-02-27T09:01:20.547Z","updatedAt":"2026-02-27T09:01:20.547Z","id":350557580099584,"module_name":"工程图","level_1_count":"0","level_2_count":null,"level_3_count":null,"level_1_fixed":null,"level_2_fixed":null,"level_3_fixed":null,"p1_total":null,"p1_fixed":null,"p2_total":null,"p2_fixed":null,"p3_total":null,"p3_fixed":null,"total_closed":null,"total_delayed":null,"level_1_rollback":null,"level_1_hang":null,"level_1_other":null,"p1_closed":null,"open_count":null,"retest_failed_count":null,"module_total":null,"suggested_count":null,"p2_fixed_rate":null,"p3_fixed_rate":null,"p1_fixed_rate":null,"level_2_fixed_rate":null,"total_fixed":null,"fixed_unupdated":null,"level_3_fixed_rate":null,"level_1_fixed_rate":null,"p1_close_rate":null,"new_issue_total":null,"new_issue_fixed":null,"total_fixed_rate":null,"total_close_rate":null,"createdById":1,"updatedById":1,"t_5yxbbcczpos":{"createdAt":"2026-02-27T09:01:51.043Z","updatedAt":"2026-02-27T09:01:51.043Z","module_id":350557580099584,"defect_id":350557645111296}},{"createdAt":"2026-02-27T09:01:23.357Z","updatedAt":"2026-02-27T09:01:23.357Z","id":350557586391040,"module_name":"草图","level_1_count":"0","level_2_count":null,"level_3_count":null,"level_1_fixed":null,"level_2_fixed":null,"level_3_fixed":null,"p1_total":null,"p1_fixed":null,"p2_total":null,"p2_fixed":null,"p3_total":null,"p3_fixed":null,"total_closed":null,"total_delayed":null,"level_1_rollback":null,"level_1_hang":null,"level_1_other":null,"p1_closed":null,"open_count":null,"retest_failed_count":null,"module_total":null,"suggested_count":null,"p2_fixed_rate":null,"p3_fixed_rate":null,"p1_fixed_rate":null,"level_2_fixed_rate":null,"total_fixed":null,"fixed_unupdated":null,"level_3_fixed_rate":null,"level_1_fixed_rate":null,"p1_close_rate":null,"new_issue_total":null,"new_issue_fixed":null,"total_fixed_rate":null,"total_close_rate":null,"createdById":1,"updatedById":1,"t_5yxbbcczpos":{"createdAt":"2026-02-27T09:01:51.043Z","updatedAt":"2026-02-27T09:01:51.043Z","module_id":350557586391040,"defect_id":350557645111296}}]}},"status":1,"dispatched":true,"stack":null,"output":null,"manually":null,"workflowId":350557427007488}
[32m2026-02-27 17:13:08 [info]  toggle OFF workflow 350557427007488         [39m workflowId=350557427007488
