[32m2026-02-27 10:46:46 [info]  toggle ON workflow 350510423539712          [39m workflowId=350510423539712
[32m2026-02-27 10:47:27 [info]  new event triggered, now events: 1          [39m 
[34m2026-02-27 10:47:27 [debug] event data:                                 [39m context={"data":{"createdAt":"2026-02-27T02:47:27.292Z","updatedAt":"2026-02-27T02:47:27.295Z","defect_classification":"历史遗留","defect":"图纸模糊","defect_rank":"level1","priority":"P1","id":350510534688768,"defect_status":"已修复","module":null,"f_jmazop48q5l":350510494842880,"label":["待合并"],"createdById":1,"updatedById":1,"parent_summary":{"createdAt":"2026-02-27T02:47:08.108Z","updatedAt":"2026-02-27T02:47:08.111Z","owner_id":"nocobase","id":350510494842880,"total_count":null,"tested_count":null,"defect_count":null,"fixed_count":null,"pending_count":null,"loc":null,"kloc":0,"testing_rate":null,"fix_rate":null,"pending_rate":null,"defect_density":null,"total_defect":null,"module_type":"缺陷汇总","createdById":1,"updatedById":1}}}
[32m2026-02-27 10:47:27 [info]  preparing execution for event               [39m 
[32m2026-02-27 10:47:27 [info]  execution of workflow 350510423539712 created as 350510534688769[39m 
[32m2026-02-27 10:47:27 [info]  local pending list is empty, adding execution (350510534688769) to pending list[39m 
[32m2026-02-27 10:47:27 [info]  pending execution (350510534688769) ready to process[39m 
[32m2026-02-27 10:47:27 [info]  execution (350510534688769) starting...     [39m 
[32m2026-02-27 10:47:27 [info]  execution (350510534688769) run instruction [parallel] for node (350510423539720)[39m workflowId=350510423539712
[34m2026-02-27 10:47:27 [debug] config of node                              [39m workflowId=350510423539712
[34m2026-02-27 10:47:27 [debug] job added to save list: {"status":0,"result":[null,null],"nodeId":350510423539720,"nodeKey":"chjc97mlb5y","upstreamId":null,"id":"7611380173657088","createdAt":"2026-02-27T02:47:27.349Z","updatedAt":"2026-02-27T02:47:27.349Z","executionId":350510534688769}[39m workflowId=350510423539712
[32m2026-02-27 10:47:27 [info]  execution (350510534688769) run instruction [aggregate] for node (350510423539714)[39m workflowId=350510423539712
[34m2026-02-27 10:47:27 [debug] config of node                              [39m data={"aggregator":"count","associated":true,"params":{"field":"id","filter":{"$and":[]}},"precision":2,"collection":"defects","association":{"name":"all_defects","associatedKey":"{{$context.data.parent_summary.id}}","associatedCollection":"collection_quality"}} workflowId=350510423539712
[34m2026-02-27 10:47:27 [debug] job added to save list: {"result":1,"status":1,"nodeId":350510423539714,"nodeKey":"ca6c1jxzwq5","id":"7611380182045696","createdAt":"2026-02-27T02:47:27.351Z","updatedAt":"2026-02-27T02:47:27.351Z","executionId":350510534688769}[39m workflowId=350510423539712
[32m2026-02-27 10:47:27 [info]  execution (350510534688769) run instruction [aggregate] for node (350510423539714) finished as status: 1[39m workflowId=350510423539712
[34m2026-02-27 10:47:27 [debug] result of node                              [39m data=1
[34m2026-02-27 10:47:27 [debug] run next node (350510423539715)             [39m 
[32m2026-02-27 10:47:27 [info]  execution (350510534688769) run instruction [update] for node (350510423539715)[39m workflowId=350510423539712
[34m2026-02-27 10:47:27 [debug] config of node                              [39m data={"usingAssignFormSchema":true,"assignFormSchema":{"_isJSONSchemaObject":true,"version":"2.0","name":"0mby4p7m0ow","type":"void","x-component":"Grid","x-initializer":"assignFieldValuesForm:configureFields","properties":{"2wbpfklshda":{"_isJSONSchemaObject":true,"version":"2.0","type":"void","x-component":"Grid.Row","properties":{"ibquc1d6wnd":{"_isJSONSchemaObject":true,"version":"2.0","type":"void","x-component":"Grid.Col","properties":{"total_defect":{"_isJSONSchemaObject":true,"version":"2.0","type":"string","name":"total_defect","x-toolbar":"FormItemSchemaToolbar","x-settings":"fieldSettings:FormItem","x-component":"AssignedField","x-decorator":"FormItem","x-collection-field":"collection_quality.total_defect"}},"name":"ibquc1d6wnd"}},"name":"2wbpfklshda"}}},"collection":"collection_quality","params":{"individualHooks":false,"filter":{"$and":[{"id":{"$eq":"{{$context.data.parent_summary.id}}"}}]},"values":{"total_defect":"{{$jobsMapByNodeKey.ca6c1jxzwq5}}"}}} workflowId=350510423539712
[34m2026-02-27 10:47:27 [debug] job added to save list: {"result":1,"status":1,"nodeId":350510423539715,"nodeKey":"9mun3sl2wtp","id":"7611380198822912","createdAt":"2026-02-27T02:47:27.355Z","updatedAt":"2026-02-27T02:47:27.355Z","executionId":350510534688769}[39m workflowId=350510423539712
[32m2026-02-27 10:47:27 [info]  execution (350510534688769) run instruction [update] for node (350510423539715) finished as status: 1[39m workflowId=350510423539712
[34m2026-02-27 10:47:27 [debug] result of node                              [39m data=1
[34m2026-02-27 10:47:27 [debug] branch ended at node (350510423539715)      [39m 
[34m2026-02-27 10:47:27 [debug] not on main, recall to parent entry node (350510423539715)})[39m workflowId=350510423539712
[32m2026-02-27 10:47:27 [info]  execution (350510534688769) resume instruction [parallel] for node (350510423539720)[39m workflowId=350510423539712
[34m2026-02-27 10:47:27 [debug] config of node                              [39m workflowId=350510423539712
[34m2026-02-27 10:47:27 [debug] job added to save list: {"status":0,"result":[1,null],"nodeId":350510423539720,"nodeKey":"chjc97mlb5y","upstreamId":null,"id":"7611380173657088","createdAt":"2026-02-27T02:47:27.349Z","updatedAt":"2026-02-27T02:47:27.356Z","executionId":350510534688769}[39m workflowId=350510423539712
[32m2026-02-27 10:47:27 [info]  execution (350510534688769) exiting with status 0[39m workflowId=350510423539712
[32m2026-02-27 10:47:27 [info]  execution (350510534688769) run instruction [aggregate] for node (350510423539718)[39m workflowId=350510423539712
[34m2026-02-27 10:47:27 [debug] config of node                              [39m data={"aggregator":"count","associated":false,"params":{"field":"id","filter":{"$and":[{"defect_rank":{"$eq":"level1"}},{"label":{"$noneOf":["功能屏蔽","已拒绝","建议"]}},{"module":{"$eq":"{{$context.data.module}}"}},{"$or":[{"defect_status":{"$ne":"已关闭"}},{"label":{"$noneOf":["申请否决","数据异常","设计如此"]}}]}]}},"precision":2,"collection":"defects"} workflowId=350510423539712
[34m2026-02-27 10:47:27 [debug] job added to save list: {"result":1,"status":1,"nodeId":350510423539718,"nodeKey":"h14qw1067vw","id":"7611380219794432","createdAt":"2026-02-27T02:47:27.360Z","updatedAt":"2026-02-27T02:47:27.360Z","executionId":350510534688769}[39m workflowId=350510423539712
[32m2026-02-27 10:47:27 [info]  execution (350510534688769) run instruction [aggregate] for node (350510423539718) finished as status: 1[39m workflowId=350510423539712
[34m2026-02-27 10:47:27 [debug] result of node                              [39m data=1
[34m2026-02-27 10:47:27 [debug] run next node (350510423539719)             [39m 
[32m2026-02-27 10:47:27 [info]  execution (350510534688769) run instruction [aggregate] for node (350510423539719)[39m workflowId=350510423539712
[34m2026-02-27 10:47:27 [debug] config of node                              [39m data={"aggregator":"count","associated":false,"params":{"field":"id","filter":{"$and":[{"defect_rank":{"$eq":"level1"}},{"label":{"$noneOf":["功能屏蔽","已拒绝","建议"]}},{"$or":[{"label":{"$anyOf":["已修复","待合并"]}},{"$and":[{"label":{"$anyOf":["未复现"]}},{"defect_status":{"$eq":"已关闭"}}]}]},{"module_ref":{"id":{"$eq":"{{$context.data.parent_summary.id}}"}}},{"$or":[{"defect_status":{"$ne":"已关闭"}},{"label":{"$noneOf":["申请否决","数据异常","设计如此"]}}]}]}},"precision":2,"collection":"defects"} workflowId=350510423539712
[34m2026-02-27 10:47:27 [debug] job added to save list: {"result":0,"status":1,"nodeId":350510423539719,"nodeKey":"cvcey3i9obe","id":"7611380244960256","createdAt":"2026-02-27T02:47:27.366Z","updatedAt":"2026-02-27T02:47:27.366Z","executionId":350510534688769}[39m workflowId=350510423539712
[32m2026-02-27 10:47:27 [info]  execution (350510534688769) run instruction [aggregate] for node (350510423539719) finished as status: 1[39m workflowId=350510423539712
[34m2026-02-27 10:47:27 [debug] result of node                              [39m 
[34m2026-02-27 10:47:27 [debug] run next node (350510423539716)             [39m 
[32m2026-02-27 10:47:27 [info]  execution (350510534688769) run instruction [aggregate] for node (350510423539716)[39m workflowId=350510423539712
[34m2026-02-27 10:47:27 [debug] config of node                              [39m data={"aggregator":"count","associated":false,"params":{"field":"id","filter":{"$and":[{"defect_rank":{"$eq":"level1"}},{"module_ref":{"id":{"$eq":"{{$context.data.parent_summary.id}}"}}},{"$or":[{"defect":{"$includes":"退"}},{"defect":{"$includes":"回退"}},{"defect":{"$includes":"倒退"}}]}]}},"precision":2,"collection":"defects"} workflowId=350510423539712
[34m2026-02-27 10:47:27 [debug] job added to save list: {"result":0,"status":1,"nodeId":350510423539716,"nodeKey":"9euqanxv5ca","id":"7611380270126080","createdAt":"2026-02-27T02:47:27.372Z","updatedAt":"2026-02-27T02:47:27.372Z","executionId":350510534688769}[39m workflowId=350510423539712
[32m2026-02-27 10:47:27 [info]  execution (350510534688769) run instruction [aggregate] for node (350510423539716) finished as status: 1[39m workflowId=350510423539712
[34m2026-02-27 10:47:27 [debug] result of node                              [39m 
[34m2026-02-27 10:47:27 [debug] run next node (350510423539713)             [39m 
[32m2026-02-27 10:47:27 [info]  execution (350510534688769) run instruction [aggregate] for node (350510423539713)[39m workflowId=350510423539712
[34m2026-02-27 10:47:27 [debug] config of node                              [39m data={"aggregator":"count","associated":false,"params":{"field":"id","filter":{"$and":[{"defect_rank":{"$eq":"level1"}},{"module_ref":{"id":{"$eq":"{{$context.data.parent_summary.id}}"}}},{"$or":[{"defect":{"$includes":"挂机"}}]}]}},"precision":2,"collection":"defects"} workflowId=350510423539712
[34m2026-02-27 10:47:27 [debug] job added to save list: {"result":0,"status":1,"nodeId":350510423539713,"nodeKey":"cjybahnz5qh","id":"7611380282708992","createdAt":"2026-02-27T02:47:27.375Z","updatedAt":"2026-02-27T02:47:27.375Z","executionId":350510534688769}[39m workflowId=350510423539712
[32m2026-02-27 10:47:27 [info]  execution (350510534688769) run instruction [aggregate] for node (350510423539713) finished as status: 1[39m workflowId=350510423539712
[34m2026-02-27 10:47:27 [debug] result of node                              [39m 
[34m2026-02-27 10:47:27 [debug] run next node (350510423539717)             [39m 
[32m2026-02-27 10:47:27 [info]  execution (350510534688769) run instruction [aggregate] for node (350510423539717)[39m workflowId=350510423539712
[34m2026-02-27 10:47:27 [debug] config of node                              [39m data={"aggregator":"count","associated":false,"params":{"field":"id","filter":{"$and":[{"defect_rank":{"$eq":"level1"}},{"defect":{"$notIncludes":"退"}},{"defect":{"$notIncludes":"回退"}},{"defect":{"$notIncludes":"倒退"}},{"defect":{"$notIncludes":"挂机"}},{"module_ref":{"id":{"$eq":"{{$context.data.parent_summary.id}}"}}}]}},"precision":2,"collection":"defects"} workflowId=350510423539712
[34m2026-02-27 10:47:27 [debug] job added to save list: {"result":0,"status":1,"nodeId":350510423539717,"nodeKey":"4lo6zk22j0o","id":"7611380299486208","createdAt":"2026-02-27T02:47:27.379Z","updatedAt":"2026-02-27T02:47:27.379Z","executionId":350510534688769}[39m workflowId=350510423539712
[32m2026-02-27 10:47:27 [info]  execution (350510534688769) run instruction [aggregate] for node (350510423539717) finished as status: 1[39m workflowId=350510423539712
[34m2026-02-27 10:47:27 [debug] result of node                              [39m 
[34m2026-02-27 10:47:27 [debug] run next node (350510423539721)             [39m 
[32m2026-02-27 10:47:27 [info]  execution (350510534688769) run instruction [update] for node (350510423539721)[39m workflowId=350510423539712
[34m2026-02-27 10:47:27 [debug] config of node                              [39m data={"usingAssignFormSchema":true,"assignFormSchema":{"_isJSONSchemaObject":true,"version":"2.0","name":"z36wx6jbrw9","type":"void","x-component":"Grid","x-initializer":"assignFieldValuesForm:configureFields","properties":{"i1v4kp5ixw1":{"_isJSONSchemaObject":true,"version":"2.0","type":"void","x-component":"Grid.Row","properties":{"m57in1bxqre":{"_isJSONSchemaObject":true,"version":"2.0","type":"void","x-component":"Grid.Col","properties":{"level_1_count":{"_isJSONSchemaObject":true,"version":"2.0","type":"string","name":"level_1_count","x-toolbar":"FormItemSchemaToolbar","x-settings":"fieldSettings:FormItem","x-component":"AssignedField","x-decorator":"FormItem","x-collection-field":"module_summaries.level_1_count"}},"name":"m57in1bxqre"}},"name":"i1v4kp5ixw1"},"28tkyaas4rv":{"_isJSONSchemaObject":true,"version":"2.0","type":"void","x-component":"Grid.Row","properties":{"aubadkxorcs":{"_isJSONSchemaObject":true,"version":"2.0","type":"void","x-component":"Grid.Col","properties":{"level_1_fixed":{"_isJSONSchemaObject":true,"version":"2.0","type":"string","name":"level_1_fixed","x-toolbar":"FormItemSchemaToolbar","x-settings":"fieldSettings:FormItem","x-component":"AssignedField","x-decorator":"FormItem","x-collection-field":"module_summaries.level_1_fixed"}},"name":"aubadkxorcs"}},"name":"28tkyaas4rv"},"fu8kv0w5z47":{"_isJSONSchemaObject":true,"version":"2.0","type":"void","x-component":"Grid.Row","properties":{"1x2em2n84pv":{"_isJSONSchemaObject":true,"version":"2.0","type":"void","x-component":"Grid.Col","properties":{"level_1_rollback":{"_isJSONSchemaObject":true,"version":"2.0","type":"string","name":"level_1_rollback","x-toolbar":"FormItemSchemaToolbar","x-settings":"fieldSettings:FormItem","x-component":"AssignedField","x-decorator":"FormItem","x-collection-field":"module_summaries.level_1_rollback"}},"name":"1x2em2n84pv"}},"name":"fu8kv0w5z47"},"fn94zey6970":{"_isJSONSchemaObject":true,"version":"2.0","type":"void","x-component":"Grid.Row","properties":{"tau5pd0qijj":{"_isJSONSchemaObject":true,"version":"2.0","type":"void","x-component":"Grid.Col","properties":{"level_1_hang":{"_isJSONSchemaObject":true,"version":"2.0","type":"string","name":"level_1_hang","x-toolbar":"FormItemSchemaToolbar","x-settings":"fieldSettings:FormItem","x-component":"AssignedField","x-decorator":"FormItem","x-collection-field":"module_summaries.level_1_hang"}},"name":"tau5pd0qijj"}},"name":"fn94zey6970"},"55otefoyoa5":{"_isJSONSchemaObject":true,"version":"2.0","type":"void","x-component":"Grid.Row","properties":{"zk7n0j78ve2":{"_isJSONSchemaObject":true,"version":"2.0","type":"void","x-component":"Grid.Col","properties":{"level_1_other":{"_isJSONSchemaObject":true,"version":"2.0","type":"string","name":"level_1_other","x-toolbar":"FormItemSchemaToolbar","x-settings":"fieldSettings:FormItem","x-component":"AssignedField","x-decorator":"FormItem","x-collection-field":"module_summaries.level_1_other"}},"name":"zk7n0j78ve2"}},"name":"55otefoyoa5"}}},"collection":"module_summaries","params":{"individualHooks":false,"filter":{"$and":[{"id":{"$eq":"{{$context.data.parent_summary.id}}"}}]},"values":{"level_1_count":"{{$jobsMapByNodeKey.h14qw1067vw}}","level_1_fixed":"{{$jobsMapByNodeKey.cvcey3i9obe}}","level_1_rollback":"{{$jobsMapByNodeKey.9euqanxv5ca}}","level_1_hang":"{{$jobsMapByNodeKey.cjybahnz5qh}}","level_1_other":"{{$jobsMapByNodeKey.4lo6zk22j0o}}"}}} workflowId=350510423539712
[34m2026-02-27 10:47:27 [debug] job added to save list: {"result":0,"status":1,"nodeId":350510423539721,"nodeKey":"iz8nj3ykg09","id":"7611380316263424","createdAt":"2026-02-27T02:47:27.383Z","updatedAt":"2026-02-27T02:47:27.383Z","executionId":350510534688769}[39m workflowId=350510423539712
[32m2026-02-27 10:47:27 [info]  execution (350510534688769) run instruction [update] for node (350510423539721) finished as status: 1[39m workflowId=350510423539712
[34m2026-02-27 10:47:27 [debug] result of node                              [39m 
[34m2026-02-27 10:47:27 [debug] branch ended at node (350510423539721)      [39m 
[34m2026-02-27 10:47:27 [debug] not on main, recall to parent entry node (350510423539721)})[39m workflowId=350510423539712
[32m2026-02-27 10:47:27 [info]  execution (350510534688769) resume instruction [parallel] for node (350510423539720)[39m workflowId=350510423539712
[34m2026-02-27 10:47:27 [debug] config of node                              [39m workflowId=350510423539712
[34m2026-02-27 10:47:27 [debug] job added to save list: {"status":1,"result":[1,1],"nodeId":350510423539720,"nodeKey":"chjc97mlb5y","upstreamId":null,"id":"7611380173657088","createdAt":"2026-02-27T02:47:27.349Z","updatedAt":"2026-02-27T02:47:27.356Z","executionId":350510534688769}[39m workflowId=350510423539712
[32m2026-02-27 10:47:27 [info]  execution (350510534688769) run instruction [parallel] for node (350510423539720) finished as status: 1[39m workflowId=350510423539712
[34m2026-02-27 10:47:27 [debug] result of node                              [39m data=[1,1]
[34m2026-02-27 10:47:27 [debug] branch ended at node (350510423539720)      [39m 
[32m2026-02-27 10:47:27 [info]  execution (350510534688769) exiting with status 1[39m workflowId=350510423539712
[32m2026-02-27 10:47:27 [info]  execution (350510534688769) finished with status: 1[39m 
[34m2026-02-27 10:47:27 [debug] execution (350510534688769) details:        [39m execution={"createdAt":"2026-02-27T02:47:27.310Z","id":350510534688769,"updatedAt":"2026-02-27T02:47:27.388Z","key":"f3xyuzoxb0b","eventKey":"4b624e0d-029a-4e3c-a583-dd070cf8258b","context":{"data":{"createdAt":"2026-02-27T02:47:27.292Z","updatedAt":"2026-02-27T02:47:27.295Z","defect_classification":"历史遗留","defect":"图纸模糊","defect_rank":"level1","priority":"P1","id":350510534688768,"defect_status":"已修复","module":null,"f_jmazop48q5l":350510494842880,"label":["待合并"],"createdById":1,"updatedById":1,"parent_summary":{"createdAt":"2026-02-27T02:47:08.108Z","updatedAt":"2026-02-27T02:47:08.111Z","owner_id":"nocobase","id":350510494842880,"total_count":null,"tested_count":null,"defect_count":null,"fixed_count":null,"pending_count":null,"loc":null,"kloc":0,"testing_rate":null,"fix_rate":null,"pending_rate":null,"defect_density":null,"total_defect":null,"module_type":"缺陷汇总","createdById":1,"updatedById":1}}},"status":1,"dispatched":true,"stack":null,"output":null,"manually":null,"workflowId":350510423539712}
[32m2026-02-27 10:47:45 [info]  new event triggered, now events: 1          [39m 
[34m2026-02-27 10:47:45 [debug] event data:                                 [39m context={"data":{"createdAt":"2026-02-27T02:47:45.172Z","updatedAt":"2026-02-27T02:47:45.175Z","defect_classification":"历史遗留","defect":"图纸错误","defect_rank":"level1","priority":"P1","id":350510572437504,"defect_status":"已关闭","module":null,"f_jmazop48q5l":350510494842880,"label":["历史遗留","已修复"],"createdById":1,"updatedById":1,"parent_summary":{"createdAt":"2026-02-27T02:47:08.108Z","updatedAt":"2026-02-27T02:47:27.354Z","owner_id":"nocobase","id":350510494842880,"total_count":null,"tested_count":null,"defect_count":null,"fixed_count":null,"pending_count":null,"loc":null,"kloc":0,"testing_rate":null,"fix_rate":null,"pending_rate":null,"defect_density":null,"total_defect":1,"module_type":"缺陷汇总","createdById":1,"updatedById":1}}}
[32m2026-02-27 10:47:45 [info]  preparing execution for event               [39m 
[32m2026-02-27 10:47:45 [info]  execution of workflow 350510423539712 created as 350510572437505[39m 
[32m2026-02-27 10:47:45 [info]  local pending list is empty, adding execution (350510572437505) to pending list[39m 
[32m2026-02-27 10:47:45 [info]  pending execution (350510572437505) ready to process[39m 
[32m2026-02-27 10:47:45 [info]  execution (350510572437505) starting...     [39m 
[32m2026-02-27 10:47:45 [info]  execution (350510572437505) run instruction [parallel] for node (350510423539720)[39m workflowId=350510423539712
[34m2026-02-27 10:47:45 [debug] config of node                              [39m workflowId=350510423539712
[34m2026-02-27 10:47:45 [debug] job added to save list: {"status":0,"result":[null,null],"nodeId":350510423539720,"nodeKey":"chjc97mlb5y","upstreamId":null,"id":"7611455062955008","createdAt":"2026-02-27T02:47:45.204Z","updatedAt":"2026-02-27T02:47:45.204Z","executionId":350510572437505}[39m workflowId=350510423539712
[32m2026-02-27 10:47:45 [info]  execution (350510572437505) run instruction [aggregate] for node (350510423539714)[39m workflowId=350510423539712
[34m2026-02-27 10:47:45 [debug] config of node                              [39m data={"aggregator":"count","associated":true,"params":{"field":"id","filter":{"$and":[]}},"precision":2,"collection":"defects","association":{"name":"all_defects","associatedKey":"{{$context.data.parent_summary.id}}","associatedCollection":"collection_quality"}} workflowId=350510423539712
[34m2026-02-27 10:47:45 [debug] job added to save list: {"result":2,"status":1,"nodeId":350510423539714,"nodeKey":"ca6c1jxzwq5","id":"7611455067149312","createdAt":"2026-02-27T02:47:45.205Z","updatedAt":"2026-02-27T02:47:45.205Z","executionId":350510572437505}[39m workflowId=350510423539712
[32m2026-02-27 10:47:45 [info]  execution (350510572437505) run instruction [aggregate] for node (350510423539714) finished as status: 1[39m workflowId=350510423539712
[34m2026-02-27 10:47:45 [debug] result of node                              [39m data=2
[34m2026-02-27 10:47:45 [debug] run next node (350510423539715)             [39m 
[32m2026-02-27 10:47:45 [info]  execution (350510572437505) run instruction [update] for node (350510423539715)[39m workflowId=350510423539712
[34m2026-02-27 10:47:45 [debug] config of node                              [39m data={"usingAssignFormSchema":true,"assignFormSchema":{"_isJSONSchemaObject":true,"version":"2.0","name":"0mby4p7m0ow","type":"void","x-component":"Grid","x-initializer":"assignFieldValuesForm:configureFields","properties":{"2wbpfklshda":{"_isJSONSchemaObject":true,"version":"2.0","type":"void","x-component":"Grid.Row","properties":{"ibquc1d6wnd":{"_isJSONSchemaObject":true,"version":"2.0","type":"void","x-component":"Grid.Col","properties":{"total_defect":{"_isJSONSchemaObject":true,"version":"2.0","type":"string","name":"total_defect","x-toolbar":"FormItemSchemaToolbar","x-settings":"fieldSettings:FormItem","x-component":"AssignedField","x-decorator":"FormItem","x-collection-field":"collection_quality.total_defect"}},"name":"ibquc1d6wnd"}},"name":"2wbpfklshda"}}},"collection":"collection_quality","params":{"individualHooks":false,"filter":{"$and":[{"id":{"$eq":"{{$context.data.parent_summary.id}}"}}]},"values":{"total_defect":"{{$jobsMapByNodeKey.ca6c1jxzwq5}}"}}} workflowId=350510423539712
[34m2026-02-27 10:47:45 [debug] job added to save list: {"result":1,"status":1,"nodeId":350510423539715,"nodeKey":"9mun3sl2wtp","id":"7611455134258176","createdAt":"2026-02-27T02:47:45.221Z","updatedAt":"2026-02-27T02:47:45.221Z","executionId":350510572437505}[39m workflowId=350510423539712
[32m2026-02-27 10:47:45 [info]  execution (350510572437505) run instruction [update] for node (350510423539715) finished as status: 1[39m workflowId=350510423539712
[34m2026-02-27 10:47:45 [debug] result of node                              [39m data=1
[34m2026-02-27 10:47:45 [debug] branch ended at node (350510423539715)      [39m 
[34m2026-02-27 10:47:45 [debug] not on main, recall to parent entry node (350510423539715)})[39m workflowId=350510423539712
[32m2026-02-27 10:47:45 [info]  execution (350510572437505) resume instruction [parallel] for node (350510423539720)[39m workflowId=350510423539712
[34m2026-02-27 10:47:45 [debug] config of node                              [39m workflowId=350510423539712
[34m2026-02-27 10:47:45 [debug] job added to save list: {"status":0,"result":[1,null],"nodeId":350510423539720,"nodeKey":"chjc97mlb5y","upstreamId":null,"id":"7611455062955008","createdAt":"2026-02-27T02:47:45.204Z","updatedAt":"2026-02-27T02:47:45.223Z","executionId":350510572437505}[39m workflowId=350510423539712
[32m2026-02-27 10:47:45 [info]  execution (350510572437505) exiting with status 0[39m workflowId=350510423539712
[32m2026-02-27 10:47:45 [info]  execution (350510572437505) run instruction [aggregate] for node (350510423539718)[39m workflowId=350510423539712
[34m2026-02-27 10:47:45 [debug] config of node                              [39m data={"aggregator":"count","associated":false,"params":{"field":"id","filter":{"$and":[{"defect_rank":{"$eq":"level1"}},{"label":{"$noneOf":["功能屏蔽","已拒绝","建议"]}},{"module":{"$eq":"{{$context.data.module}}"}},{"$or":[{"defect_status":{"$ne":"已关闭"}},{"label":{"$noneOf":["申请否决","数据异常","设计如此"]}}]}]}},"precision":2,"collection":"defects"} workflowId=350510423539712
[34m2026-02-27 10:47:45 [debug] job added to save list: {"result":2,"status":1,"nodeId":350510423539718,"nodeKey":"h14qw1067vw","id":"7611455159424000","createdAt":"2026-02-27T02:47:45.227Z","updatedAt":"2026-02-27T02:47:45.227Z","executionId":350510572437505}[39m workflowId=350510423539712
[32m2026-02-27 10:47:45 [info]  execution (350510572437505) run instruction [aggregate] for node (350510423539718) finished as status: 1[39m workflowId=350510423539712
[34m2026-02-27 10:47:45 [debug] result of node                              [39m data=2
[34m2026-02-27 10:47:45 [debug] run next node (350510423539719)             [39m 
[32m2026-02-27 10:47:45 [info]  execution (350510572437505) run instruction [aggregate] for node (350510423539719)[39m workflowId=350510423539712
[34m2026-02-27 10:47:45 [debug] config of node                              [39m data={"aggregator":"count","associated":false,"params":{"field":"id","filter":{"$and":[{"defect_rank":{"$eq":"level1"}},{"label":{"$noneOf":["功能屏蔽","已拒绝","建议"]}},{"$or":[{"label":{"$anyOf":["已修复","待合并"]}},{"$and":[{"label":{"$anyOf":["未复现"]}},{"defect_status":{"$eq":"已关闭"}}]}]},{"module_ref":{"id":{"$eq":"{{$context.data.parent_summary.id}}"}}},{"$or":[{"defect_status":{"$ne":"已关闭"}},{"label":{"$noneOf":["申请否决","数据异常","设计如此"]}}]}]}},"precision":2,"collection":"defects"} workflowId=350510423539712
[34m2026-02-27 10:47:45 [debug] job added to save list: {"result":0,"status":1,"nodeId":350510423539719,"nodeKey":"cvcey3i9obe","id":"7611455176201216","createdAt":"2026-02-27T02:47:45.231Z","updatedAt":"2026-02-27T02:47:45.231Z","executionId":350510572437505}[39m workflowId=350510423539712
[32m2026-02-27 10:47:45 [info]  execution (350510572437505) run instruction [aggregate] for node (350510423539719) finished as status: 1[39m workflowId=350510423539712
[34m2026-02-27 10:47:45 [debug] result of node                              [39m 
[34m2026-02-27 10:47:45 [debug] run next node (350510423539716)             [39m 
[32m2026-02-27 10:47:45 [info]  execution (350510572437505) run instruction [aggregate] for node (350510423539716)[39m workflowId=350510423539712
[34m2026-02-27 10:47:45 [debug] config of node                              [39m data={"aggregator":"count","associated":false,"params":{"field":"id","filter":{"$and":[{"defect_rank":{"$eq":"level1"}},{"module_ref":{"id":{"$eq":"{{$context.data.parent_summary.id}}"}}},{"$or":[{"defect":{"$includes":"退"}},{"defect":{"$includes":"回退"}},{"defect":{"$includes":"倒退"}}]}]}},"precision":2,"collection":"defects"} workflowId=350510423539712
[34m2026-02-27 10:47:45 [debug] job added to save list: {"result":0,"status":1,"nodeId":350510423539716,"nodeKey":"9euqanxv5ca","id":"7611455197172736","createdAt":"2026-02-27T02:47:45.236Z","updatedAt":"2026-02-27T02:47:45.236Z","executionId":350510572437505}[39m workflowId=350510423539712
[32m2026-02-27 10:47:45 [info]  execution (350510572437505) run instruction [aggregate] for node (350510423539716) finished as status: 1[39m workflowId=350510423539712
[34m2026-02-27 10:47:45 [debug] result of node                              [39m 
[34m2026-02-27 10:47:45 [debug] run next node (350510423539713)             [39m 
[32m2026-02-27 10:47:45 [info]  execution (350510572437505) run instruction [aggregate] for node (350510423539713)[39m workflowId=350510423539712
[34m2026-02-27 10:47:45 [debug] config of node                              [39m data={"aggregator":"count","associated":false,"params":{"field":"id","filter":{"$and":[{"defect_rank":{"$eq":"level1"}},{"module_ref":{"id":{"$eq":"{{$context.data.parent_summary.id}}"}}},{"$or":[{"defect":{"$includes":"挂机"}}]}]}},"precision":2,"collection":"defects"} workflowId=350510423539712
[34m2026-02-27 10:47:45 [debug] job added to save list: {"result":0,"status":1,"nodeId":350510423539713,"nodeKey":"cjybahnz5qh","id":"7611455209755648","createdAt":"2026-02-27T02:47:45.239Z","updatedAt":"2026-02-27T02:47:45.239Z","executionId":350510572437505}[39m workflowId=350510423539712
[32m2026-02-27 10:47:45 [info]  execution (350510572437505) run instruction [aggregate] for node (350510423539713) finished as status: 1[39m workflowId=350510423539712
[34m2026-02-27 10:47:45 [debug] result of node                              [39m 
[34m2026-02-27 10:47:45 [debug] run next node (350510423539717)             [39m 
[32m2026-02-27 10:47:45 [info]  execution (350510572437505) run instruction [aggregate] for node (350510423539717)[39m workflowId=350510423539712
[34m2026-02-27 10:47:45 [debug] config of node                              [39m data={"aggregator":"count","associated":false,"params":{"field":"id","filter":{"$and":[{"defect_rank":{"$eq":"level1"}},{"defect":{"$notIncludes":"退"}},{"defect":{"$notIncludes":"回退"}},{"defect":{"$notIncludes":"倒退"}},{"defect":{"$notIncludes":"挂机"}},{"module_ref":{"id":{"$eq":"{{$context.data.parent_summary.id}}"}}}]}},"precision":2,"collection":"defects"} workflowId=350510423539712
[34m2026-02-27 10:47:45 [debug] job added to save list: {"result":0,"status":1,"nodeId":350510423539717,"nodeKey":"4lo6zk22j0o","id":"7611455226532864","createdAt":"2026-02-27T02:47:45.243Z","updatedAt":"2026-02-27T02:47:45.243Z","executionId":350510572437505}[39m workflowId=350510423539712
[32m2026-02-27 10:47:45 [info]  execution (350510572437505) run instruction [aggregate] for node (350510423539717) finished as status: 1[39m workflowId=350510423539712
[34m2026-02-27 10:47:45 [debug] result of node                              [39m 
[34m2026-02-27 10:47:45 [debug] run next node (350510423539721)             [39m 
[32m2026-02-27 10:47:45 [info]  execution (350510572437505) run instruction [update] for node (350510423539721)[39m workflowId=350510423539712
[34m2026-02-27 10:47:45 [debug] config of node                              [39m data={"usingAssignFormSchema":true,"assignFormSchema":{"_isJSONSchemaObject":true,"version":"2.0","name":"z36wx6jbrw9","type":"void","x-component":"Grid","x-initializer":"assignFieldValuesForm:configureFields","properties":{"i1v4kp5ixw1":{"_isJSONSchemaObject":true,"version":"2.0","type":"void","x-component":"Grid.Row","properties":{"m57in1bxqre":{"_isJSONSchemaObject":true,"version":"2.0","type":"void","x-component":"Grid.Col","properties":{"level_1_count":{"_isJSONSchemaObject":true,"version":"2.0","type":"string","name":"level_1_count","x-toolbar":"FormItemSchemaToolbar","x-settings":"fieldSettings:FormItem","x-component":"AssignedField","x-decorator":"FormItem","x-collection-field":"module_summaries.level_1_count"}},"name":"m57in1bxqre"}},"name":"i1v4kp5ixw1"},"28tkyaas4rv":{"_isJSONSchemaObject":true,"version":"2.0","type":"void","x-component":"Grid.Row","properties":{"aubadkxorcs":{"_isJSONSchemaObject":true,"version":"2.0","type":"void","x-component":"Grid.Col","properties":{"level_1_fixed":{"_isJSONSchemaObject":true,"version":"2.0","type":"string","name":"level_1_fixed","x-toolbar":"FormItemSchemaToolbar","x-settings":"fieldSettings:FormItem","x-component":"AssignedField","x-decorator":"FormItem","x-collection-field":"module_summaries.level_1_fixed"}},"name":"aubadkxorcs"}},"name":"28tkyaas4rv"},"fu8kv0w5z47":{"_isJSONSchemaObject":true,"version":"2.0","type":"void","x-component":"Grid.Row","properties":{"1x2em2n84pv":{"_isJSONSchemaObject":true,"version":"2.0","type":"void","x-component":"Grid.Col","properties":{"level_1_rollback":{"_isJSONSchemaObject":true,"version":"2.0","type":"string","name":"level_1_rollback","x-toolbar":"FormItemSchemaToolbar","x-settings":"fieldSettings:FormItem","x-component":"AssignedField","x-decorator":"FormItem","x-collection-field":"module_summaries.level_1_rollback"}},"name":"1x2em2n84pv"}},"name":"fu8kv0w5z47"},"fn94zey6970":{"_isJSONSchemaObject":true,"version":"2.0","type":"void","x-component":"Grid.Row","properties":{"tau5pd0qijj":{"_isJSONSchemaObject":true,"version":"2.0","type":"void","x-component":"Grid.Col","properties":{"level_1_hang":{"_isJSONSchemaObject":true,"version":"2.0","type":"string","name":"level_1_hang","x-toolbar":"FormItemSchemaToolbar","x-settings":"fieldSettings:FormItem","x-component":"AssignedField","x-decorator":"FormItem","x-collection-field":"module_summaries.level_1_hang"}},"name":"tau5pd0qijj"}},"name":"fn94zey6970"},"55otefoyoa5":{"_isJSONSchemaObject":true,"version":"2.0","type":"void","x-component":"Grid.Row","properties":{"zk7n0j78ve2":{"_isJSONSchemaObject":true,"version":"2.0","type":"void","x-component":"Grid.Col","properties":{"level_1_other":{"_isJSONSchemaObject":true,"version":"2.0","type":"string","name":"level_1_other","x-toolbar":"FormItemSchemaToolbar","x-settings":"fieldSettings:FormItem","x-component":"AssignedField","x-decorator":"FormItem","x-collection-field":"module_summaries.level_1_other"}},"name":"zk7n0j78ve2"}},"name":"55otefoyoa5"}}},"collection":"module_summaries","params":{"individualHooks":false,"filter":{"$and":[{"id":{"$eq":"{{$context.data.parent_summary.id}}"}}]},"values":{"level_1_count":"{{$jobsMapByNodeKey.h14qw1067vw}}","level_1_fixed":"{{$jobsMapByNodeKey.cvcey3i9obe}}","level_1_rollback":"{{$jobsMapByNodeKey.9euqanxv5ca}}","level_1_hang":"{{$jobsMapByNodeKey.cjybahnz5qh}}","level_1_other":"{{$jobsMapByNodeKey.4lo6zk22j0o}}"}}} workflowId=350510423539712
[34m2026-02-27 10:47:45 [debug] job added to save list: {"result":0,"status":1,"nodeId":350510423539721,"nodeKey":"iz8nj3ykg09","id":"7611455243310080","createdAt":"2026-02-27T02:47:45.247Z","updatedAt":"2026-02-27T02:47:45.247Z","executionId":350510572437505}[39m workflowId=350510423539712
[32m2026-02-27 10:47:45 [info]  execution (350510572437505) run instruction [update] for node (350510423539721) finished as status: 1[39m workflowId=350510423539712
[34m2026-02-27 10:47:45 [debug] result of node                              [39m 
[34m2026-02-27 10:47:45 [debug] branch ended at node (350510423539721)      [39m 
[34m2026-02-27 10:47:45 [debug] not on main, recall to parent entry node (350510423539721)})[39m workflowId=350510423539712
[32m2026-02-27 10:47:45 [info]  execution (350510572437505) resume instruction [parallel] for node (350510423539720)[39m workflowId=350510423539712
[34m2026-02-27 10:47:45 [debug] config of node                              [39m workflowId=350510423539712
[34m2026-02-27 10:47:45 [debug] job added to save list: {"status":1,"result":[1,1],"nodeId":350510423539720,"nodeKey":"chjc97mlb5y","upstreamId":null,"id":"7611455062955008","createdAt":"2026-02-27T02:47:45.204Z","updatedAt":"2026-02-27T02:47:45.223Z","executionId":350510572437505}[39m workflowId=350510423539712
[32m2026-02-27 10:47:45 [info]  execution (350510572437505) run instruction [parallel] for node (350510423539720) finished as status: 1[39m workflowId=350510423539712
[34m2026-02-27 10:47:45 [debug] result of node                              [39m data=[1,1]
[34m2026-02-27 10:47:45 [debug] branch ended at node (350510423539720)      [39m 
[32m2026-02-27 10:47:45 [info]  execution (350510572437505) exiting with status 1[39m workflowId=350510423539712
[32m2026-02-27 10:47:45 [info]  execution (350510572437505) finished with status: 1[39m 
[34m2026-02-27 10:47:45 [debug] execution (350510572437505) details:        [39m execution={"createdAt":"2026-02-27T02:47:45.187Z","id":350510572437505,"updatedAt":"2026-02-27T02:47:45.250Z","key":"f3xyuzoxb0b","eventKey":"634b503a-0bd7-4659-86a3-1967907c4a0f","context":{"data":{"createdAt":"2026-02-27T02:47:45.172Z","updatedAt":"2026-02-27T02:47:45.175Z","defect_classification":"历史遗留","defect":"图纸错误","defect_rank":"level1","priority":"P1","id":350510572437504,"defect_status":"已关闭","module":null,"f_jmazop48q5l":350510494842880,"label":["历史遗留","已修复"],"createdById":1,"updatedById":1,"parent_summary":{"createdAt":"2026-02-27T02:47:08.108Z","updatedAt":"2026-02-27T02:47:27.354Z","owner_id":"nocobase","id":350510494842880,"total_count":null,"tested_count":null,"defect_count":null,"fixed_count":null,"pending_count":null,"loc":null,"kloc":0,"testing_rate":null,"fix_rate":null,"pending_rate":null,"defect_density":null,"total_defect":1,"module_type":"缺陷汇总","createdById":1,"updatedById":1}}},"status":1,"dispatched":true,"stack":null,"output":null,"manually":null,"workflowId":350510423539712}
[32m2026-02-27 10:49:03 [info]  toggle OFF workflow 350510423539712         [39m workflowId=350510423539712
[32m2026-02-27 10:49:03 [info]  toggle OFF workflow 350510423539712         [39m workflowId=350510423539712
