[32m2026-02-26 09:34:39 [info]  toggle ON workflow 350319303131136          [39m workflowId=350319303131136
[32m2026-02-26 09:36:55 [info]  new event triggered, now events: 1          [39m 
[34m2026-02-26 09:36:55 [debug] event data:                                 [39m context={"data":{"createdAt":"2026-02-26T01:36:55.967Z","updatedAt":"2026-02-26T01:36:55.977Z","defect":"ж ёеїѓз®—жі•жЁЎеќ—д»Јз Ѓе›ћйЂЂеЇји‡ґеґ©жєѓ","defect_rank":"level1","priority":"P1","id":350320467050496,"f_jmazop48q5l":350320292986880,"createdById":1,"updatedById":1,"defect_classification":"еЋ†еЏІйЃ—з•™","module":350320305569792,"label":["еЋ†еЏІйЃ—з•™","е·Ідї®е¤Ќ"],"defect_status":"е·Ідї®е¤Ќ","parent_summary":{"createdAt":"2026-02-26T01:35:32.780Z","updatedAt":"2026-02-26T01:35:32.791Z","owner_id":"nocobase","id":350320292986880,"total_count":null,"tested_count":null,"defect_count":null,"fixed_count":null,"pending_count":null,"loc":null,"kloc":0,"testing_rate":null,"fix_rate":null,"pending_rate":null,"defect_density":null,"total_defect":null,"module_type":"зјєй™·ж±‡жЂ»","createdById":1,"updatedById":1}}}
[32m2026-02-26 09:36:55 [info]  preparing execution for event               [39m 
[32m2026-02-26 09:36:55 [info]  execution of workflow 350319303131136 created as 350320467050497[39m 
[32m2026-02-26 09:36:55 [info]  local pending list is empty, adding execution (350320467050497) to pending list[39m 
[32m2026-02-26 09:36:56 [info]  pending execution (350320467050497) ready to process[39m 
[32m2026-02-26 09:36:56 [info]  execution (350320467050497) starting...     [39m 
[32m2026-02-26 09:36:56 [info]  execution (350320467050497) run instruction [parallel] for node (350319303131137)[39m workflowId=350319303131136
[34m2026-02-26 09:36:56 [debug] config of node                              [39m workflowId=350319303131136
[34m2026-02-26 09:36:56 [debug] job added to save list: {"status":0,"result":[null,null],"nodeId":350319303131137,"nodeKey":"chjc97mlb5y","upstreamId":null,"id":"7231244806945792","createdAt":"2026-02-26T01:36:56.015Z","updatedAt":"2026-02-26T01:36:56.015Z","executionId":350320467050497}[39m workflowId=350319303131136
[32m2026-02-26 09:36:56 [info]  execution (350320467050497) run instruction [aggregate] for node (350319303131139)[39m workflowId=350319303131136
[34m2026-02-26 09:36:56 [debug] config of node                              [39m data={"aggregator":"count","associated":true,"params":{"field":"id","filter":{"$and":[]}},"precision":2,"collection":"defects","association":{"name":"all_defects","associatedKey":"{{$context.data.parent_summary.id}}","associatedCollection":"collection_quality"}} workflowId=350319303131136
[34m2026-02-26 09:36:56 [debug] job added to save list: {"result":1,"status":1,"nodeId":350319303131139,"nodeKey":"ca6c1jxzwq5","id":"7231244819528704","createdAt":"2026-02-26T01:36:56.018Z","updatedAt":"2026-02-26T01:36:56.018Z","executionId":350320467050497}[39m workflowId=350319303131136
[32m2026-02-26 09:36:56 [info]  execution (350320467050497) run instruction [aggregate] for node (350319303131139) finished as status: 1[39m workflowId=350319303131136
[34m2026-02-26 09:36:56 [debug] result of node                              [39m data=1
[34m2026-02-26 09:36:56 [debug] run next node (350319303131140)             [39m 
[32m2026-02-26 09:36:56 [info]  execution (350320467050497) run instruction [update] for node (350319303131140)[39m workflowId=350319303131136
[34m2026-02-26 09:36:56 [debug] config of node                              [39m data={"usingAssignFormSchema":true,"assignFormSchema":{"_isJSONSchemaObject":true,"version":"2.0","name":"0mby4p7m0ow","type":"void","x-component":"Grid","x-initializer":"assignFieldValuesForm:configureFields","properties":{"2wbpfklshda":{"_isJSONSchemaObject":true,"version":"2.0","type":"void","x-component":"Grid.Row","properties":{"ibquc1d6wnd":{"_isJSONSchemaObject":true,"version":"2.0","type":"void","x-component":"Grid.Col","properties":{"total_defect":{"_isJSONSchemaObject":true,"version":"2.0","type":"string","name":"total_defect","x-toolbar":"FormItemSchemaToolbar","x-settings":"fieldSettings:FormItem","x-component":"AssignedField","x-decorator":"FormItem","x-collection-field":"collection_quality.total_defect"}},"name":"ibquc1d6wnd"}},"name":"2wbpfklshda"}}},"collection":"collection_quality","params":{"individualHooks":false,"filter":{"$and":[{"id":{"$eq":"{{$context.data.parent_summary.id}}"}}]},"values":{"total_defect":"{{$jobsMapByNodeKey.ca6c1jxzwq5}}"}}} workflowId=350319303131136
[34m2026-02-26 09:36:56 [debug] job added to save list: {"result":1,"status":1,"nodeId":350319303131140,"nodeKey":"9mun3sl2wtp","id":"7231244840500224","createdAt":"2026-02-26T01:36:56.023Z","updatedAt":"2026-02-26T01:36:56.023Z","executionId":350320467050497}[39m workflowId=350319303131136
[32m2026-02-26 09:36:56 [info]  execution (350320467050497) run instruction [update] for node (350319303131140) finished as status: 1[39m workflowId=350319303131136
[34m2026-02-26 09:36:56 [debug] result of node                              [39m data=1
[34m2026-02-26 09:36:56 [debug] branch ended at node (350319303131140)      [39m 
[34m2026-02-26 09:36:56 [debug] not on main, recall to parent entry node (350319303131140)})[39m workflowId=350319303131136
[32m2026-02-26 09:36:56 [info]  execution (350320467050497) resume instruction [parallel] for node (350319303131137)[39m workflowId=350319303131136
[34m2026-02-26 09:36:56 [debug] config of node                              [39m workflowId=350319303131136
[34m2026-02-26 09:36:56 [debug] job added to save list: {"status":0,"result":[1,null],"nodeId":350319303131137,"nodeKey":"chjc97mlb5y","upstreamId":null,"id":"7231244806945792","createdAt":"2026-02-26T01:36:56.015Z","updatedAt":"2026-02-26T01:36:56.024Z","executionId":350320467050497}[39m workflowId=350319303131136
[32m2026-02-26 09:36:56 [info]  execution (350320467050497) exiting with status 0[39m workflowId=350319303131136
[32m2026-02-26 09:36:56 [info]  execution (350320467050497) run instruction [aggregate] for node (350319303131141)[39m workflowId=350319303131136
[34m2026-02-26 09:36:56 [debug] config of node                              [39m data={"aggregator":"count","associated":false,"params":{"field":"id","filter":{"$and":[{"defect_rank":{"$eq":"level1"}},{"label":{"$noneOf":["еЉџиѓЅе±Џи”Ѕ","е·Іж‹’з»ќ","е»єи®®"]}},{"module":{"$eq":"{{$context.data.module}}"}}]}},"precision":2,"collection":"defects"} workflowId=350319303131136
[34m2026-02-26 09:36:56 [debug] job added to save list: {"result":1,"status":1,"nodeId":350319303131141,"nodeKey":"h14qw1067vw","id":"7231244865666048","createdAt":"2026-02-26T01:36:56.029Z","updatedAt":"2026-02-26T01:36:56.029Z","executionId":350320467050497}[39m workflowId=350319303131136
[32m2026-02-26 09:36:56 [info]  execution (350320467050497) run instruction [aggregate] for node (350319303131141) finished as status: 1[39m workflowId=350319303131136
[34m2026-02-26 09:36:56 [debug] result of node                              [39m data=1
[34m2026-02-26 09:36:56 [debug] run next node (350319303131143)             [39m 
[32m2026-02-26 09:36:56 [info]  execution (350320467050497) run instruction [aggregate] for node (350319303131143)[39m workflowId=350319303131136
[34m2026-02-26 09:36:56 [debug] config of node                              [39m data={"aggregator":"count","associated":false,"params":{"field":"id","filter":{"$and":[{"defect_rank":{"$eq":"level1"}},{"label":{"$noneOf":["еЉџиѓЅе±Џи”Ѕ","е·Іж‹’з»ќ","е»єи®®"]}},{"$or":[{"label":{"$anyOf":["е·Ідї®е¤Ќ","еѕ…еђ€е№¶"]}},{"$and":[{"label":{"$anyOf":["жњЄе¤ЌзЋ°"]}},{"defect_status":{"$eq":"е·Іе…ій—­"}}]}]},{"module":{"$eq":"{{$context.data.module}}"}}]}},"precision":2,"collection":"defects"} workflowId=350319303131136
[34m2026-02-26 09:36:56 [debug] job added to save list: {"result":1,"status":1,"nodeId":350319303131143,"nodeKey":"cvcey3i9obe","id":"7231244886637568","createdAt":"2026-02-26T01:36:56.034Z","updatedAt":"2026-02-26T01:36:56.034Z","executionId":350320467050497}[39m workflowId=350319303131136
[32m2026-02-26 09:36:56 [info]  execution (350320467050497) run instruction [aggregate] for node (350319303131143) finished as status: 1[39m workflowId=350319303131136
[34m2026-02-26 09:36:56 [debug] result of node                              [39m data=1
[34m2026-02-26 09:36:56 [debug] run next node (350319313616896)             [39m 
[32m2026-02-26 09:36:56 [info]  execution (350320467050497) run instruction [aggregate] for node (350319313616896)[39m workflowId=350319303131136
[34m2026-02-26 09:36:56 [debug] config of node                              [39m data={"aggregator":"count","associated":false,"params":{"field":"id","filter":{"$and":[{"defect_rank":{"$eq":"level1"}},{"module":{"$eq":"{{$context.data.module}}"}},{"$or":[{"defect":{"$includes":"йЂЂ"}},{"defect":{"$includes":"е›ћйЂЂ"}},{"defect":{"$includes":"еЂ’йЂЂ"}}]}]}},"precision":2,"collection":"defects"} workflowId=350319303131136
[34m2026-02-26 09:36:56 [debug] job added to save list: {"result":1,"status":1,"nodeId":350319313616896,"nodeKey":"9euqanxv5ca","id":"7231244903414784","createdAt":"2026-02-26T01:36:56.038Z","updatedAt":"2026-02-26T01:36:56.038Z","executionId":350320467050497}[39m workflowId=350319303131136
[32m2026-02-26 09:36:56 [info]  execution (350320467050497) run instruction [aggregate] for node (350319313616896) finished as status: 1[39m workflowId=350319303131136
[34m2026-02-26 09:36:56 [debug] result of node                              [39m data=1
[34m2026-02-26 09:36:56 [debug] run next node (350319317811200)             [39m 
[32m2026-02-26 09:36:56 [info]  execution (350320467050497) run instruction [aggregate] for node (350319317811200)[39m workflowId=350319303131136
[34m2026-02-26 09:36:56 [debug] config of node                              [39m data={"aggregator":"count","associated":false,"params":{"field":"id","filter":{"$and":[{"defect_rank":{"$eq":"level1"}},{"module":{"$eq":"{{$context.data.module}}"}},{"$or":[{"defect":{"$includes":"жЊ‚жњє"}}]}]}},"precision":2,"collection":"defects"} workflowId=350319303131136
[34m2026-02-26 09:36:56 [debug] job added to save list: {"result":0,"status":1,"nodeId":350319317811200,"nodeKey":"cjybahnz5qh","id":"7231244915997696","createdAt":"2026-02-26T01:36:56.041Z","updatedAt":"2026-02-26T01:36:56.041Z","executionId":350320467050497}[39m workflowId=350319303131136
[32m2026-02-26 09:36:56 [info]  execution (350320467050497) run instruction [aggregate] for node (350319317811200) finished as status: 1[39m workflowId=350319303131136
[34m2026-02-26 09:36:56 [debug] result of node                              [39m 
[34m2026-02-26 09:36:56 [debug] run next node (350319322005504)             [39m 
[32m2026-02-26 09:36:56 [info]  execution (350320467050497) run instruction [aggregate] for node (350319322005504)[39m workflowId=350319303131136
[34m2026-02-26 09:36:56 [debug] config of node                              [39m data={"aggregator":"count","associated":false,"params":{"field":"id","filter":{"$and":[{"defect_rank":{"$eq":"level1"}},{"defect":{"$notIncludes":"йЂЂ"}},{"defect":{"$notIncludes":"е›ћйЂЂ"}},{"defect":{"$notIncludes":"еЂ’йЂЂ"}},{"defect":{"$notIncludes":"жЊ‚жњє"}},{"module":{"$eq":"{{$context.data.module}}"}}]}},"precision":2,"collection":"defects"} workflowId=350319303131136
[34m2026-02-26 09:36:56 [debug] job added to save list: {"result":0,"status":1,"nodeId":350319322005504,"nodeKey":"4lo6zk22j0o","id":"7231244936969216","createdAt":"2026-02-26T01:36:56.046Z","updatedAt":"2026-02-26T01:36:56.046Z","executionId":350320467050497}[39m workflowId=350319303131136
[32m2026-02-26 09:36:56 [info]  execution (350320467050497) run instruction [aggregate] for node (350319322005504) finished as status: 1[39m workflowId=350319303131136
[34m2026-02-26 09:36:56 [debug] result of node                              [39m 
[34m2026-02-26 09:36:56 [debug] run next node (350319303131138)             [39m 
[32m2026-02-26 09:36:56 [info]  execution (350320467050497) run instruction [aggregate] for node (350319303131138)[39m workflowId=350319303131136
[34m2026-02-26 09:36:56 [debug] config of node                              [39m data={"aggregator":"count","associated":false,"params":{"field":"id","filter":{"$and":[{"defect_rank":{"$eq":"level2"}},{"label":{"$noneOf":["еЉџиѓЅе±Џи”Ѕ","е·Іж‹’з»ќ","е»єи®®"]}},{"module":{"$eq":"{{$context.data.module}}"}}]}},"precision":2,"collection":"defects"} workflowId=350319303131136
[34m2026-02-26 09:36:56 [debug] job added to save list: {"result":0,"status":1,"nodeId":350319303131138,"nodeKey":"52k6055vnrg","id":"7231244953746432","createdAt":"2026-02-26T01:36:56.050Z","updatedAt":"2026-02-26T01:36:56.050Z","executionId":350320467050497}[39m workflowId=350319303131136
[32m2026-02-26 09:36:56 [info]  execution (350320467050497) run instruction [aggregate] for node (350319303131138) finished as status: 1[39m workflowId=350319303131136
[34m2026-02-26 09:36:56 [debug] result of node                              [39m 
[34m2026-02-26 09:36:56 [debug] run next node (350319303131144)             [39m 
[32m2026-02-26 09:36:56 [info]  execution (350320467050497) run instruction [aggregate] for node (350319303131144)[39m workflowId=350319303131136
[34m2026-02-26 09:36:56 [debug] config of node                              [39m data={"aggregator":"count","associated":false,"params":{"field":"id","filter":{"$and":[{"defect_rank":{"$eq":"level2"}},{"label":{"$noneOf":["еЉџиѓЅе±Џи”Ѕ","е·Іж‹’з»ќ","е»єи®®"]}},{"$or":[{"label":{"$anyOf":["е·Ідї®е¤Ќ","еѕ…еђ€е№¶"]}},{"$and":[{"label":{"$anyOf":["жњЄе¤ЌзЋ°"]}},{"defect_status":{"$eq":"е·Іе…ій—­"}}]}]},{"module":{"$eq":"{{$context.data.module}}"}}]}},"precision":2,"collection":"defects"} workflowId=350319303131136
[34m2026-02-26 09:36:56 [debug] job added to save list: {"result":0,"status":1,"nodeId":350319303131144,"nodeKey":"1fpxh7sjq4k","id":"7231244966329344","createdAt":"2026-02-26T01:36:56.053Z","updatedAt":"2026-02-26T01:36:56.053Z","executionId":350320467050497}[39m workflowId=350319303131136
[32m2026-02-26 09:36:56 [info]  execution (350320467050497) run instruction [aggregate] for node (350319303131144) finished as status: 1[39m workflowId=350319303131136
[34m2026-02-26 09:36:56 [debug] result of node                              [39m 
[34m2026-02-26 09:36:56 [debug] run next node (350319303131145)             [39m 
[32m2026-02-26 09:36:56 [info]  execution (350320467050497) run instruction [aggregate] for node (350319303131145)[39m workflowId=350319303131136
[34m2026-02-26 09:36:56 [debug] config of node                              [39m data={"aggregator":"count","associated":false,"params":{"field":"id","filter":{"$and":[{"defect_rank":{"$eq":"level3"}},{"label":{"$noneOf":["еЉџиѓЅе±Џи”Ѕ","е·Іж‹’з»ќ","е»єи®®"]}},{"module":{"$eq":"{{$context.data.module}}"}}]}},"precision":2,"collection":"defects"} workflowId=350319303131136
[34m2026-02-26 09:36:56 [debug] job added to save list: {"result":0,"status":1,"nodeId":350319303131145,"nodeKey":"t5m287ao4ea","id":"7231244974717952","createdAt":"2026-02-26T01:36:56.055Z","updatedAt":"2026-02-26T01:36:56.055Z","executionId":350320467050497}[39m workflowId=350319303131136
[32m2026-02-26 09:36:56 [info]  execution (350320467050497) run instruction [aggregate] for node (350319303131145) finished as status: 1[39m workflowId=350319303131136
[34m2026-02-26 09:36:56 [debug] result of node                              [39m 
[34m2026-02-26 09:36:56 [debug] run next node (350319303131142)             [39m 
[32m2026-02-26 09:36:56 [info]  execution (350320467050497) run instruction [aggregate] for node (350319303131142)[39m workflowId=350319303131136
[34m2026-02-26 09:36:56 [debug] config of node                              [39m data={"aggregator":"count","associated":false,"params":{"field":"id","filter":{"$and":[{"defect_rank":{"$eq":"level3"}},{"label":{"$noneOf":["еЉџиѓЅе±Џи”Ѕ","е·Іж‹’з»ќ","е»єи®®"]}},{"$or":[{"label":{"$anyOf":["еѕ…еђ€е№¶","е·Ідї®е¤Ќ"]}},{"$and":[{"label":{"$anyOf":["жњЄе¤ЌзЋ°"]}},{"defect_status":{"$eq":"е·Іе…ій—­"}}]}]},{"module":{"$eq":"{{$context.data.module}}"}}]}},"precision":2,"collection":"defects"} workflowId=350319303131136
[34m2026-02-26 09:36:56 [debug] job added to save list: {"result":0,"status":1,"nodeId":350319303131142,"nodeKey":"je6ex9hwdlz","id":"7231244987300864","createdAt":"2026-02-26T01:36:56.058Z","updatedAt":"2026-02-26T01:36:56.058Z","executionId":350320467050497}[39m workflowId=350319303131136
[32m2026-02-26 09:36:56 [info]  execution (350320467050497) run instruction [aggregate] for node (350319303131142) finished as status: 1[39m workflowId=350319303131136
[34m2026-02-26 09:36:56 [debug] result of node                              [39m 
[34m2026-02-26 09:36:56 [debug] run next node (350319303131146)             [39m 
[32m2026-02-26 09:36:56 [info]  execution (350320467050497) run instruction [update] for node (350319303131146)[39m workflowId=350319303131136
[34m2026-02-26 09:36:56 [debug] config of node                              [39m data={"usingAssignFormSchema":true,"assignFormSchema":{"_isJSONSchemaObject":true,"version":"2.0","name":"z36wx6jbrw9","type":"void","x-component":"Grid","x-initializer":"assignFieldValuesForm:configureFields","properties":{"i1v4kp5ixw1":{"_isJSONSchemaObject":true,"version":"2.0","type":"void","x-component":"Grid.Row","properties":{"m57in1bxqre":{"_isJSONSchemaObject":true,"version":"2.0","type":"void","x-component":"Grid.Col","properties":{"level_1_count":{"_isJSONSchemaObject":true,"version":"2.0","type":"string","name":"level_1_count","x-toolbar":"FormItemSchemaToolbar","x-settings":"fieldSettings:FormItem","x-component":"AssignedField","x-decorator":"FormItem","x-collection-field":"module_summaries.level_1_count"}},"name":"m57in1bxqre"}},"name":"i1v4kp5ixw1"},"28tkyaas4rv":{"_isJSONSchemaObject":true,"version":"2.0","type":"void","x-component":"Grid.Row","properties":{"aubadkxorcs":{"_isJSONSchemaObject":true,"version":"2.0","type":"void","x-component":"Grid.Col","properties":{"level_1_fixed":{"_isJSONSchemaObject":true,"version":"2.0","type":"string","name":"level_1_fixed","x-toolbar":"FormItemSchemaToolbar","x-settings":"fieldSettings:FormItem","x-component":"AssignedField","x-decorator":"FormItem","x-collection-field":"module_summaries.level_1_fixed"}},"name":"aubadkxorcs"}},"name":"28tkyaas4rv"},"87dzfrypjv5":{"_isJSONSchemaObject":true,"version":"2.0","type":"void","x-component":"Grid.Row","properties":{"00u2e0hze8y":{"_isJSONSchemaObject":true,"version":"2.0","type":"void","x-component":"Grid.Col","properties":{"level_2_count":{"_isJSONSchemaObject":true,"version":"2.0","type":"string","name":"level_2_count","x-toolbar":"FormItemSchemaToolbar","x-settings":"fieldSettings:FormItem","x-component":"AssignedField","x-decorator":"FormItem","x-collection-field":"module_summaries.level_2_count"}},"name":"00u2e0hze8y"}},"name":"87dzfrypjv5"},"sr9fb2g83wa":{"_isJSONSchemaObject":true,"version":"2.0","type":"void","x-component":"Grid.Row","properties":{"mctr2nubczg":{"_isJSONSchemaObject":true,"version":"2.0","type":"void","x-component":"Grid.Col","properties":{"level_2_fixed":{"_isJSONSchemaObject":true,"version":"2.0","type":"string","name":"level_2_fixed","x-toolbar":"FormItemSchemaToolbar","x-settings":"fieldSettings:FormItem","x-component":"AssignedField","x-decorator":"FormItem","x-collection-field":"module_summaries.level_2_fixed"}},"name":"mctr2nubczg"}},"name":"sr9fb2g83wa"},"robhdmi5xfc":{"_isJSONSchemaObject":true,"version":"2.0","type":"void","x-component":"Grid.Row","properties":{"d7pyy4ts79k":{"_isJSONSchemaObject":true,"version":"2.0","type":"void","x-component":"Grid.Col","properties":{"level_3_count":{"_isJSONSchemaObject":true,"version":"2.0","type":"string","name":"level_3_count","x-toolbar":"FormItemSchemaToolbar","x-settings":"fieldSettings:FormItem","x-component":"AssignedField","x-decorator":"FormItem","x-collection-field":"module_summaries.level_3_count"}},"name":"d7pyy4ts79k"}},"name":"robhdmi5xfc"},"9ykwa93dd5w":{"_isJSONSchemaObject":true,"version":"2.0","type":"void","x-component":"Grid.Row","properties":{"0nkrxq50w1f":{"_isJSONSchemaObject":true,"version":"2.0","type":"void","x-component":"Grid.Col","properties":{"level_3_fixed":{"_isJSONSchemaObject":true,"version":"2.0","type":"string","name":"level_3_fixed","x-toolbar":"FormItemSchemaToolbar","x-settings":"fieldSettings:FormItem","x-component":"AssignedField","x-decorator":"FormItem","x-collection-field":"module_summaries.level_3_fixed"}},"name":"0nkrxq50w1f"}},"name":"9ykwa93dd5w"}}},"collection":"module_summaries","params":{"individualHooks":false,"filter":{"$and":[{"id":{"$eq":"{{$context.data.module}}"}}]},"values":{"level_1_count":"{{$jobsMapByNodeKey.h14qw1067vw}}","level_1_fixed":"{{$jobsMapByNodeKey.cvcey3i9obe}}","level_2_count":"{{$jobsMapByNodeKey.52k6055vnrg}}","level_2_fixed":"{{$jobsMapByNodeKey.1fpxh7sjq4k}}","level_3_count":"{{$jobsMapByNodeKey.t5m287ao4ea}}","level_3_fixed":"{{$jobsMapByNodeKey.je6ex9hwdlz}}"}}} workflowId=350319303131136
[34m2026-02-26 09:36:56 [debug] job added to save list: {"result":1,"status":1,"nodeId":350319303131146,"nodeKey":"iz8nj3ykg09","id":"7231245008272384","createdAt":"2026-02-26T01:36:56.063Z","updatedAt":"2026-02-26T01:36:56.063Z","executionId":350320467050497}[39m workflowId=350319303131136
[32m2026-02-26 09:36:56 [info]  execution (350320467050497) run instruction [update] for node (350319303131146) finished as status: 1[39m workflowId=350319303131136
[34m2026-02-26 09:36:56 [debug] result of node                              [39m data=1
[34m2026-02-26 09:36:56 [debug] branch ended at node (350319303131146)      [39m 
[34m2026-02-26 09:36:56 [debug] not on main, recall to parent entry node (350319303131146)})[39m workflowId=350319303131136
[32m2026-02-26 09:36:56 [info]  execution (350320467050497) resume instruction [parallel] for node (350319303131137)[39m workflowId=350319303131136
[34m2026-02-26 09:36:56 [debug] config of node                              [39m workflowId=350319303131136
[34m2026-02-26 09:36:56 [debug] job added to save list: {"status":1,"result":[1,1],"nodeId":350319303131137,"nodeKey":"chjc97mlb5y","upstreamId":null,"id":"7231244806945792","createdAt":"2026-02-26T01:36:56.015Z","updatedAt":"2026-02-26T01:36:56.024Z","executionId":350320467050497}[39m workflowId=350319303131136
[32m2026-02-26 09:36:56 [info]  execution (350320467050497) run instruction [parallel] for node (350319303131137) finished as status: 1[39m workflowId=350319303131136
[34m2026-02-26 09:36:56 [debug] result of node                              [39m data=[1,1]
[34m2026-02-26 09:36:56 [debug] branch ended at node (350319303131137)      [39m 
[32m2026-02-26 09:36:56 [info]  execution (350320467050497) exiting with status 1[39m workflowId=350319303131136
[32m2026-02-26 09:36:56 [info]  execution (350320467050497) finished with status: 1[39m 
[34m2026-02-26 09:36:56 [debug] execution (350320467050497) details:        [39m execution={"createdAt":"2026-02-26T01:36:55.986Z","id":350320467050497,"updatedAt":"2026-02-26T01:36:56.080Z","key":"gljlkxparob","eventKey":"fbe76dc0-a928-4305-bf20-f278373346a1","context":{"data":{"createdAt":"2026-02-26T01:36:55.967Z","updatedAt":"2026-02-26T01:36:55.977Z","defect":"ж ёеїѓз®—жі•жЁЎеќ—д»Јз Ѓе›ћйЂЂеЇји‡ґеґ©жєѓ","defect_rank":"level1","priority":"P1","id":350320467050496,"f_jmazop48q5l":350320292986880,"createdById":1,"updatedById":1,"defect_classification":"еЋ†еЏІйЃ—з•™","module":350320305569792,"label":["еЋ†еЏІйЃ—з•™","е·Ідї®е¤Ќ"],"defect_status":"е·Ідї®е¤Ќ","parent_summary":{"createdAt":"2026-02-26T01:35:32.780Z","updatedAt":"2026-02-26T01:35:32.791Z","owner_id":"nocobase","id":350320292986880,"total_count":null,"tested_count":null,"defect_count":null,"fixed_count":null,"pending_count":null,"loc":null,"kloc":0,"testing_rate":null,"fix_rate":null,"pending_rate":null,"defect_density":null,"total_defect":null,"module_type":"зјєй™·ж±‡жЂ»","createdById":1,"updatedById":1}}},"status":1,"dispatched":true,"stack":null,"output":null,"manually":null,"workflowId":350319303131136}
[32m2026-02-26 09:37:18 [info]  new event triggered, now events: 1          [39m 
[34m2026-02-26 09:37:18 [debug] event data:                                 [39m context={"data":{"createdAt":"2026-02-26T01:37:18.312Z","updatedAt":"2026-02-26T01:37:18.319Z","defect":"еЇје…Ґе¤§ећ‹ж–‡д»¶ж—¶зі»з»џз•ЊйќўжЊ‚жњє","defect_rank":"level1","priority":"P1","id":350320515284992,"f_jmazop48q5l":350320292986880,"createdById":1,"updatedById":1,"defect_classification":"жЊ‚жњє","module":350320305569792,"label":["е·Ідї®е¤Ќ"],"defect_status":"е·Ідї®е¤Ќ","parent_summary":{"createdAt":"2026-02-26T01:35:32.780Z","updatedAt":"2026-02-26T01:36:56.021Z","owner_id":"nocobase","id":350320292986880,"total_count":null,"tested_count":null,"defect_count":null,"fixed_count":null,"pending_count":null,"loc":null,"kloc":0,"testing_rate":null,"fix_rate":null,"pending_rate":null,"defect_density":null,"total_defect":1,"module_type":"зјєй™·ж±‡жЂ»","createdById":1,"updatedById":1}}}
[32m2026-02-26 09:37:18 [info]  preparing execution for event               [39m 
[32m2026-02-26 09:37:18 [info]  execution of workflow 350319303131136 created as 350320515284993[39m 
[32m2026-02-26 09:37:18 [info]  local pending list is empty, adding execution (350320515284993) to pending list[39m 
[32m2026-02-26 09:37:18 [info]  pending execution (350320515284993) ready to process[39m 
[32m2026-02-26 09:37:18 [info]  execution (350320515284993) starting...     [39m 
[32m2026-02-26 09:37:18 [info]  execution (350320515284993) run instruction [parallel] for node (350319303131137)[39m workflowId=350319303131136
[34m2026-02-26 09:37:18 [debug] config of node                              [39m workflowId=350319303131136
[34m2026-02-26 09:37:18 [debug] job added to save list: {"status":0,"result":[null,null],"nodeId":350319303131137,"nodeKey":"chjc97mlb5y","upstreamId":null,"id":"7231338461559808","createdAt":"2026-02-26T01:37:18.344Z","updatedAt":"2026-02-26T01:37:18.344Z","executionId":350320515284993}[39m workflowId=350319303131136
[32m2026-02-26 09:37:18 [info]  execution (350320515284993) run instruction [aggregate] for node (350319303131139)[39m workflowId=350319303131136
[34m2026-02-26 09:37:18 [debug] config of node                              [39m data={"aggregator":"count","associated":true,"params":{"field":"id","filter":{"$and":[]}},"precision":2,"collection":"defects","association":{"name":"all_defects","associatedKey":"{{$context.data.parent_summary.id}}","associatedCollection":"collection_quality"}} workflowId=350319303131136
[34m2026-02-26 09:37:18 [debug] job added to save list: {"result":2,"status":1,"nodeId":350319303131139,"nodeKey":"ca6c1jxzwq5","id":"7231338469948416","createdAt":"2026-02-26T01:37:18.346Z","updatedAt":"2026-02-26T01:37:18.346Z","executionId":350320515284993}[39m workflowId=350319303131136
[32m2026-02-26 09:37:18 [info]  execution (350320515284993) run instruction [aggregate] for node (350319303131139) finished as status: 1[39m workflowId=350319303131136
[34m2026-02-26 09:37:18 [debug] result of node                              [39m data=2
[34m2026-02-26 09:37:18 [debug] run next node (350319303131140)             [39m 
[32m2026-02-26 09:37:18 [info]  execution (350320515284993) run instruction [update] for node (350319303131140)[39m workflowId=350319303131136
[34m2026-02-26 09:37:18 [debug] config of node                              [39m data={"usingAssignFormSchema":true,"assignFormSchema":{"_isJSONSchemaObject":true,"version":"2.0","name":"0mby4p7m0ow","type":"void","x-component":"Grid","x-initializer":"assignFieldValuesForm:configureFields","properties":{"2wbpfklshda":{"_isJSONSchemaObject":true,"version":"2.0","type":"void","x-component":"Grid.Row","properties":{"ibquc1d6wnd":{"_isJSONSchemaObject":true,"version":"2.0","type":"void","x-component":"Grid.Col","properties":{"total_defect":{"_isJSONSchemaObject":true,"version":"2.0","type":"string","name":"total_defect","x-toolbar":"FormItemSchemaToolbar","x-settings":"fieldSettings:FormItem","x-component":"AssignedField","x-decorator":"FormItem","x-collection-field":"collection_quality.total_defect"}},"name":"ibquc1d6wnd"}},"name":"2wbpfklshda"}}},"collection":"collection_quality","params":{"individualHooks":false,"filter":{"$and":[{"id":{"$eq":"{{$context.data.parent_summary.id}}"}}]},"values":{"total_defect":"{{$jobsMapByNodeKey.ca6c1jxzwq5}}"}}} workflowId=350319303131136
[34m2026-02-26 09:37:18 [debug] job added to save list: {"result":1,"status":1,"nodeId":350319303131140,"nodeKey":"9mun3sl2wtp","id":"7231338553834496","createdAt":"2026-02-26T01:37:18.366Z","updatedAt":"2026-02-26T01:37:18.366Z","executionId":350320515284993}[39m workflowId=350319303131136
[32m2026-02-26 09:37:18 [info]  execution (350320515284993) run instruction [update] for node (350319303131140) finished as status: 1[39m workflowId=350319303131136
[34m2026-02-26 09:37:18 [debug] result of node                              [39m data=1
[34m2026-02-26 09:37:18 [debug] branch ended at node (350319303131140)      [39m 
[34m2026-02-26 09:37:18 [debug] not on main, recall to parent entry node (350319303131140)})[39m workflowId=350319303131136
[32m2026-02-26 09:37:18 [info]  execution (350320515284993) resume instruction [parallel] for node (350319303131137)[39m workflowId=350319303131136
[34m2026-02-26 09:37:18 [debug] config of node                              [39m workflowId=350319303131136
[34m2026-02-26 09:37:18 [debug] job added to save list: {"status":0,"result":[1,null],"nodeId":350319303131137,"nodeKey":"chjc97mlb5y","upstreamId":null,"id":"7231338461559808","createdAt":"2026-02-26T01:37:18.344Z","updatedAt":"2026-02-26T01:37:18.368Z","executionId":350320515284993}[39m workflowId=350319303131136
[32m2026-02-26 09:37:18 [info]  execution (350320515284993) exiting with status 0[39m workflowId=350319303131136
[32m2026-02-26 09:37:18 [info]  execution (350320515284993) run instruction [aggregate] for node (350319303131141)[39m workflowId=350319303131136
[34m2026-02-26 09:37:18 [debug] config of node                              [39m data={"aggregator":"count","associated":false,"params":{"field":"id","filter":{"$and":[{"defect_rank":{"$eq":"level1"}},{"label":{"$noneOf":["еЉџиѓЅе±Џи”Ѕ","е·Іж‹’з»ќ","е»єи®®"]}},{"module":{"$eq":"{{$context.data.module}}"}}]}},"precision":2,"collection":"defects"} workflowId=350319303131136
[34m2026-02-26 09:37:18 [debug] job added to save list: {"result":2,"status":1,"nodeId":350319303131141,"nodeKey":"h14qw1067vw","id":"7231338579000320","createdAt":"2026-02-26T01:37:18.372Z","updatedAt":"2026-02-26T01:37:18.372Z","executionId":350320515284993}[39m workflowId=350319303131136
[32m2026-02-26 09:37:18 [info]  execution (350320515284993) run instruction [aggregate] for node (350319303131141) finished as status: 1[39m workflowId=350319303131136
[34m2026-02-26 09:37:18 [debug] result of node                              [39m data=2
[34m2026-02-26 09:37:18 [debug] run next node (350319303131143)             [39m 
[32m2026-02-26 09:37:18 [info]  execution (350320515284993) run instruction [aggregate] for node (350319303131143)[39m workflowId=350319303131136
[34m2026-02-26 09:37:18 [debug] config of node                              [39m data={"aggregator":"count","associated":false,"params":{"field":"id","filter":{"$and":[{"defect_rank":{"$eq":"level1"}},{"label":{"$noneOf":["еЉџиѓЅе±Џи”Ѕ","е·Іж‹’з»ќ","е»єи®®"]}},{"$or":[{"label":{"$anyOf":["е·Ідї®е¤Ќ","еѕ…еђ€е№¶"]}},{"$and":[{"label":{"$anyOf":["жњЄе¤ЌзЋ°"]}},{"defect_status":{"$eq":"е·Іе…ій—­"}}]}]},{"module":{"$eq":"{{$context.data.module}}"}}]}},"precision":2,"collection":"defects"} workflowId=350319303131136
[34m2026-02-26 09:37:18 [debug] job added to save list: {"result":2,"status":1,"nodeId":350319303131143,"nodeKey":"cvcey3i9obe","id":"7231338595777536","createdAt":"2026-02-26T01:37:18.376Z","updatedAt":"2026-02-26T01:37:18.376Z","executionId":350320515284993}[39m workflowId=350319303131136
[32m2026-02-26 09:37:18 [info]  execution (350320515284993) run instruction [aggregate] for node (350319303131143) finished as status: 1[39m workflowId=350319303131136
[34m2026-02-26 09:37:18 [debug] result of node                              [39m data=2
[34m2026-02-26 09:37:18 [debug] run next node (350319313616896)             [39m 
[32m2026-02-26 09:37:18 [info]  execution (350320515284993) run instruction [aggregate] for node (350319313616896)[39m workflowId=350319303131136
[34m2026-02-26 09:37:18 [debug] config of node                              [39m data={"aggregator":"count","associated":false,"params":{"field":"id","filter":{"$and":[{"defect_rank":{"$eq":"level1"}},{"module":{"$eq":"{{$context.data.module}}"}},{"$or":[{"defect":{"$includes":"йЂЂ"}},{"defect":{"$includes":"е›ћйЂЂ"}},{"defect":{"$includes":"еЂ’йЂЂ"}}]}]}},"precision":2,"collection":"defects"} workflowId=350319303131136
[34m2026-02-26 09:37:18 [debug] job added to save list: {"result":1,"status":1,"nodeId":350319313616896,"nodeKey":"9euqanxv5ca","id":"7231338616749056","createdAt":"2026-02-26T01:37:18.381Z","updatedAt":"2026-02-26T01:37:18.381Z","executionId":350320515284993}[39m workflowId=350319303131136
[32m2026-02-26 09:37:18 [info]  execution (350320515284993) run instruction [aggregate] for node (350319313616896) finished as status: 1[39m workflowId=350319303131136
[34m2026-02-26 09:37:18 [debug] result of node                              [39m data=1
[34m2026-02-26 09:37:18 [debug] run next node (350319317811200)             [39m 
[32m2026-02-26 09:37:18 [info]  execution (350320515284993) run instruction [aggregate] for node (350319317811200)[39m workflowId=350319303131136
[34m2026-02-26 09:37:18 [debug] config of node                              [39m data={"aggregator":"count","associated":false,"params":{"field":"id","filter":{"$and":[{"defect_rank":{"$eq":"level1"}},{"module":{"$eq":"{{$context.data.module}}"}},{"$or":[{"defect":{"$includes":"жЊ‚жњє"}}]}]}},"precision":2,"collection":"defects"} workflowId=350319303131136
[34m2026-02-26 09:37:18 [debug] job added to save list: {"result":1,"status":1,"nodeId":350319317811200,"nodeKey":"cjybahnz5qh","id":"7231338625137664","createdAt":"2026-02-26T01:37:18.383Z","updatedAt":"2026-02-26T01:37:18.383Z","executionId":350320515284993}[39m workflowId=350319303131136
[32m2026-02-26 09:37:18 [info]  execution (350320515284993) run instruction [aggregate] for node (350319317811200) finished as status: 1[39m workflowId=350319303131136
[34m2026-02-26 09:37:18 [debug] result of node                              [39m data=1
[34m2026-02-26 09:37:18 [debug] run next node (350319322005504)             [39m 
[32m2026-02-26 09:37:18 [info]  execution (350320515284993) run instruction [aggregate] for node (350319322005504)[39m workflowId=350319303131136
[34m2026-02-26 09:37:18 [debug] config of node                              [39m data={"aggregator":"count","associated":false,"params":{"field":"id","filter":{"$and":[{"defect_rank":{"$eq":"level1"}},{"defect":{"$notIncludes":"йЂЂ"}},{"defect":{"$notIncludes":"е›ћйЂЂ"}},{"defect":{"$notIncludes":"еЂ’йЂЂ"}},{"defect":{"$notIncludes":"жЊ‚жњє"}},{"module":{"$eq":"{{$context.data.module}}"}}]}},"precision":2,"collection":"defects"} workflowId=350319303131136
[34m2026-02-26 09:37:18 [debug] job added to save list: {"result":0,"status":1,"nodeId":350319322005504,"nodeKey":"4lo6zk22j0o","id":"7231338637720576","createdAt":"2026-02-26T01:37:18.386Z","updatedAt":"2026-02-26T01:37:18.386Z","executionId":350320515284993}[39m workflowId=350319303131136
[32m2026-02-26 09:37:18 [info]  execution (350320515284993) run instruction [aggregate] for node (350319322005504) finished as status: 1[39m workflowId=350319303131136
[34m2026-02-26 09:37:18 [debug] result of node                              [39m 
[34m2026-02-26 09:37:18 [debug] run next node (350319303131138)             [39m 
[32m2026-02-26 09:37:18 [info]  execution (350320515284993) run instruction [aggregate] for node (350319303131138)[39m workflowId=350319303131136
[34m2026-02-26 09:37:18 [debug] config of node                              [39m data={"aggregator":"count","associated":false,"params":{"field":"id","filter":{"$and":[{"defect_rank":{"$eq":"level2"}},{"label":{"$noneOf":["еЉџиѓЅе±Џи”Ѕ","е·Іж‹’з»ќ","е»єи®®"]}},{"module":{"$eq":"{{$context.data.module}}"}}]}},"precision":2,"collection":"defects"} workflowId=350319303131136
[34m2026-02-26 09:37:18 [debug] job added to save list: {"result":0,"status":1,"nodeId":350319303131138,"nodeKey":"52k6055vnrg","id":"7231338646109184","createdAt":"2026-02-26T01:37:18.388Z","updatedAt":"2026-02-26T01:37:18.388Z","executionId":350320515284993}[39m workflowId=350319303131136
[32m2026-02-26 09:37:18 [info]  execution (350320515284993) run instruction [aggregate] for node (350319303131138) finished as status: 1[39m workflowId=350319303131136
[34m2026-02-26 09:37:18 [debug] result of node                              [39m 
[34m2026-02-26 09:37:18 [debug] run next node (350319303131144)             [39m 
[32m2026-02-26 09:37:18 [info]  execution (350320515284993) run instruction [aggregate] for node (350319303131144)[39m workflowId=350319303131136
[34m2026-02-26 09:37:18 [debug] config of node                              [39m data={"aggregator":"count","associated":false,"params":{"field":"id","filter":{"$and":[{"defect_rank":{"$eq":"level2"}},{"label":{"$noneOf":["еЉџиѓЅе±Џи”Ѕ","е·Іж‹’з»ќ","е»єи®®"]}},{"$or":[{"label":{"$anyOf":["е·Ідї®е¤Ќ","еѕ…еђ€е№¶"]}},{"$and":[{"label":{"$anyOf":["жњЄе¤ЌзЋ°"]}},{"defect_status":{"$eq":"е·Іе…ій—­"}}]}]},{"module":{"$eq":"{{$context.data.module}}"}}]}},"precision":2,"collection":"defects"} workflowId=350319303131136
[34m2026-02-26 09:37:18 [debug] job added to save list: {"result":0,"status":1,"nodeId":350319303131144,"nodeKey":"1fpxh7sjq4k","id":"7231338658692096","createdAt":"2026-02-26T01:37:18.391Z","updatedAt":"2026-02-26T01:37:18.391Z","executionId":350320515284993}[39m workflowId=350319303131136
[32m2026-02-26 09:37:18 [info]  execution (350320515284993) run instruction [aggregate] for node (350319303131144) finished as status: 1[39m workflowId=350319303131136
[34m2026-02-26 09:37:18 [debug] result of node                              [39m 
[34m2026-02-26 09:37:18 [debug] run next node (350319303131145)             [39m 
[32m2026-02-26 09:37:18 [info]  execution (350320515284993) run instruction [aggregate] for node (350319303131145)[39m workflowId=350319303131136
[34m2026-02-26 09:37:18 [debug] config of node                              [39m data={"aggregator":"count","associated":false,"params":{"field":"id","filter":{"$and":[{"defect_rank":{"$eq":"level3"}},{"label":{"$noneOf":["еЉџиѓЅе±Џи”Ѕ","е·Іж‹’з»ќ","е»єи®®"]}},{"module":{"$eq":"{{$context.data.module}}"}}]}},"precision":2,"collection":"defects"} workflowId=350319303131136
[34m2026-02-26 09:37:18 [debug] job added to save list: {"result":0,"status":1,"nodeId":350319303131145,"nodeKey":"t5m287ao4ea","id":"7231338662886400","createdAt":"2026-02-26T01:37:18.392Z","updatedAt":"2026-02-26T01:37:18.392Z","executionId":350320515284993}[39m workflowId=350319303131136
[32m2026-02-26 09:37:18 [info]  execution (350320515284993) run instruction [aggregate] for node (350319303131145) finished as status: 1[39m workflowId=350319303131136
[34m2026-02-26 09:37:18 [debug] result of node                              [39m 
[34m2026-02-26 09:37:18 [debug] run next node (350319303131142)             [39m 
[32m2026-02-26 09:37:18 [info]  execution (350320515284993) run instruction [aggregate] for node (350319303131142)[39m workflowId=350319303131136
[34m2026-02-26 09:37:18 [debug] config of node                              [39m data={"aggregator":"count","associated":false,"params":{"field":"id","filter":{"$and":[{"defect_rank":{"$eq":"level3"}},{"label":{"$noneOf":["еЉџиѓЅе±Џи”Ѕ","е·Іж‹’з»ќ","е»єи®®"]}},{"$or":[{"label":{"$anyOf":["еѕ…еђ€е№¶","е·Ідї®е¤Ќ"]}},{"$and":[{"label":{"$anyOf":["жњЄе¤ЌзЋ°"]}},{"defect_status":{"$eq":"е·Іе…ій—­"}}]}]},{"module":{"$eq":"{{$context.data.module}}"}}]}},"precision":2,"collection":"defects"} workflowId=350319303131136
[34m2026-02-26 09:37:18 [debug] job added to save list: {"result":0,"status":1,"nodeId":350319303131142,"nodeKey":"je6ex9hwdlz","id":"7231338679663616","createdAt":"2026-02-26T01:37:18.396Z","updatedAt":"2026-02-26T01:37:18.396Z","executionId":350320515284993}[39m workflowId=350319303131136
[32m2026-02-26 09:37:18 [info]  execution (350320515284993) run instruction [aggregate] for node (350319303131142) finished as status: 1[39m workflowId=350319303131136
[34m2026-02-26 09:37:18 [debug] result of node                              [39m 
[34m2026-02-26 09:37:18 [debug] run next node (350319303131146)             [39m 
[32m2026-02-26 09:37:18 [info]  execution (350320515284993) run instruction [update] for node (350319303131146)[39m workflowId=350319303131136
[34m2026-02-26 09:37:18 [debug] config of node                              [39m data={"usingAssignFormSchema":true,"assignFormSchema":{"_isJSONSchemaObject":true,"version":"2.0","name":"z36wx6jbrw9","type":"void","x-component":"Grid","x-initializer":"assignFieldValuesForm:configureFields","properties":{"i1v4kp5ixw1":{"_isJSONSchemaObject":true,"version":"2.0","type":"void","x-component":"Grid.Row","properties":{"m57in1bxqre":{"_isJSONSchemaObject":true,"version":"2.0","type":"void","x-component":"Grid.Col","properties":{"level_1_count":{"_isJSONSchemaObject":true,"version":"2.0","type":"string","name":"level_1_count","x-toolbar":"FormItemSchemaToolbar","x-settings":"fieldSettings:FormItem","x-component":"AssignedField","x-decorator":"FormItem","x-collection-field":"module_summaries.level_1_count"}},"name":"m57in1bxqre"}},"name":"i1v4kp5ixw1"},"28tkyaas4rv":{"_isJSONSchemaObject":true,"version":"2.0","type":"void","x-component":"Grid.Row","properties":{"aubadkxorcs":{"_isJSONSchemaObject":true,"version":"2.0","type":"void","x-component":"Grid.Col","properties":{"level_1_fixed":{"_isJSONSchemaObject":true,"version":"2.0","type":"string","name":"level_1_fixed","x-toolbar":"FormItemSchemaToolbar","x-settings":"fieldSettings:FormItem","x-component":"AssignedField","x-decorator":"FormItem","x-collection-field":"module_summaries.level_1_fixed"}},"name":"aubadkxorcs"}},"name":"28tkyaas4rv"},"87dzfrypjv5":{"_isJSONSchemaObject":true,"version":"2.0","type":"void","x-component":"Grid.Row","properties":{"00u2e0hze8y":{"_isJSONSchemaObject":true,"version":"2.0","type":"void","x-component":"Grid.Col","properties":{"level_2_count":{"_isJSONSchemaObject":true,"version":"2.0","type":"string","name":"level_2_count","x-toolbar":"FormItemSchemaToolbar","x-settings":"fieldSettings:FormItem","x-component":"AssignedField","x-decorator":"FormItem","x-collection-field":"module_summaries.level_2_count"}},"name":"00u2e0hze8y"}},"name":"87dzfrypjv5"},"sr9fb2g83wa":{"_isJSONSchemaObject":true,"version":"2.0","type":"void","x-component":"Grid.Row","properties":{"mctr2nubczg":{"_isJSONSchemaObject":true,"version":"2.0","type":"void","x-component":"Grid.Col","properties":{"level_2_fixed":{"_isJSONSchemaObject":true,"version":"2.0","type":"string","name":"level_2_fixed","x-toolbar":"FormItemSchemaToolbar","x-settings":"fieldSettings:FormItem","x-component":"AssignedField","x-decorator":"FormItem","x-collection-field":"module_summaries.level_2_fixed"}},"name":"mctr2nubczg"}},"name":"sr9fb2g83wa"},"robhdmi5xfc":{"_isJSONSchemaObject":true,"version":"2.0","type":"void","x-component":"Grid.Row","properties":{"d7pyy4ts79k":{"_isJSONSchemaObject":true,"version":"2.0","type":"void","x-component":"Grid.Col","properties":{"level_3_count":{"_isJSONSchemaObject":true,"version":"2.0","type":"string","name":"level_3_count","x-toolbar":"FormItemSchemaToolbar","x-settings":"fieldSettings:FormItem","x-component":"AssignedField","x-decorator":"FormItem","x-collection-field":"module_summaries.level_3_count"}},"name":"d7pyy4ts79k"}},"name":"robhdmi5xfc"},"9ykwa93dd5w":{"_isJSONSchemaObject":true,"version":"2.0","type":"void","x-component":"Grid.Row","properties":{"0nkrxq50w1f":{"_isJSONSchemaObject":true,"version":"2.0","type":"void","x-component":"Grid.Col","properties":{"level_3_fixed":{"_isJSONSchemaObject":true,"version":"2.0","type":"string","name":"level_3_fixed","x-toolbar":"FormItemSchemaToolbar","x-settings":"fieldSettings:FormItem","x-component":"AssignedField","x-decorator":"FormItem","x-collection-field":"module_summaries.level_3_fixed"}},"name":"0nkrxq50w1f"}},"name":"9ykwa93dd5w"}}},"collection":"module_summaries","params":{"individualHooks":false,"filter":{"$and":[{"id":{"$eq":"{{$context.data.module}}"}}]},"values":{"level_1_count":"{{$jobsMapByNodeKey.h14qw1067vw}}","level_1_fixed":"{{$jobsMapByNodeKey.cvcey3i9obe}}","level_2_count":"{{$jobsMapByNodeKey.52k6055vnrg}}","level_2_fixed":"{{$jobsMapByNodeKey.1fpxh7sjq4k}}","level_3_count":"{{$jobsMapByNodeKey.t5m287ao4ea}}","level_3_fixed":"{{$jobsMapByNodeKey.je6ex9hwdlz}}"}}} workflowId=350319303131136
[34m2026-02-26 09:37:18 [debug] job added to save list: {"result":1,"status":1,"nodeId":350319303131146,"nodeKey":"iz8nj3ykg09","id":"7231338700635136","createdAt":"2026-02-26T01:37:18.401Z","updatedAt":"2026-02-26T01:37:18.401Z","executionId":350320515284993}[39m workflowId=350319303131136
[32m2026-02-26 09:37:18 [info]  execution (350320515284993) run instruction [update] for node (350319303131146) finished as status: 1[39m workflowId=350319303131136
[34m2026-02-26 09:37:18 [debug] result of node                              [39m data=1
[34m2026-02-26 09:37:18 [debug] branch ended at node (350319303131146)      [39m 
[34m2026-02-26 09:37:18 [debug] not on main, recall to parent entry node (350319303131146)})[39m workflowId=350319303131136
[32m2026-02-26 09:37:18 [info]  execution (350320515284993) resume instruction [parallel] for node (350319303131137)[39m workflowId=350319303131136
[34m2026-02-26 09:37:18 [debug] config of node                              [39m workflowId=350319303131136
[34m2026-02-26 09:37:18 [debug] job added to save list: {"status":1,"result":[1,1],"nodeId":350319303131137,"nodeKey":"chjc97mlb5y","upstreamId":null,"id":"7231338461559808","createdAt":"2026-02-26T01:37:18.344Z","updatedAt":"2026-02-26T01:37:18.368Z","executionId":350320515284993}[39m workflowId=350319303131136
[32m2026-02-26 09:37:18 [info]  execution (350320515284993) run instruction [parallel] for node (350319303131137) finished as status: 1[39m workflowId=350319303131136
[34m2026-02-26 09:37:18 [debug] result of node                              [39m data=[1,1]
[34m2026-02-26 09:37:18 [debug] branch ended at node (350319303131137)      [39m 
[32m2026-02-26 09:37:18 [info]  execution (350320515284993) exiting with status 1[39m workflowId=350319303131136
[32m2026-02-26 09:37:18 [info]  execution (350320515284993) finished with status: 1[39m 
[34m2026-02-26 09:37:18 [debug] execution (350320515284993) details:        [39m execution={"createdAt":"2026-02-26T01:37:18.326Z","id":350320515284993,"updatedAt":"2026-02-26T01:37:18.405Z","key":"gljlkxparob","eventKey":"27c5bc2d-17a7-48e6-a9a4-0025981c28dc","context":{"data":{"createdAt":"2026-02-26T01:37:18.312Z","updatedAt":"2026-02-26T01:37:18.319Z","defect":"еЇје…Ґе¤§ећ‹ж–‡д»¶ж—¶зі»з»џз•ЊйќўжЊ‚жњє","defect_rank":"level1","priority":"P1","id":350320515284992,"f_jmazop48q5l":350320292986880,"createdById":1,"updatedById":1,"defect_classification":"жЊ‚жњє","module":350320305569792,"label":["е·Ідї®е¤Ќ"],"defect_status":"е·Ідї®е¤Ќ","parent_summary":{"createdAt":"2026-02-26T01:35:32.780Z","updatedAt":"2026-02-26T01:36:56.021Z","owner_id":"nocobase","id":350320292986880,"total_count":null,"tested_count":null,"defect_count":null,"fixed_count":null,"pending_count":null,"loc":null,"kloc":0,"testing_rate":null,"fix_rate":null,"pending_rate":null,"defect_density":null,"total_defect":1,"module_type":"зјєй™·ж±‡жЂ»","createdById":1,"updatedById":1}}},"status":1,"dispatched":true,"stack":null,"output":null,"manually":null,"workflowId":350319303131136}
[32m2026-02-26 09:39:01 [info]  toggle OFF workflow 350319303131136         [39m workflowId=350319303131136
[32m2026-02-26 09:39:01 [info]  toggle OFF workflow 350319303131136         [39m workflowId=350319303131136
