[32m2026-03-16 09:05:06 [info]  toggle ON workflow 352865042890752          [39m workflowId=352865042890752
[32m2026-03-16 09:19:32 [info]  toggle ON workflow 352865042890752          [39m workflowId=352865042890752
[32m2026-03-16 15:55:33 [info]  new event triggered, now events: 2          [39m 
[34m2026-03-16 15:55:33 [debug] event data:                                 [39m context={"data":{"createdAt":"2026-03-16T07:55:33.128Z","updatedAt":"2026-03-16T07:55:33.220Z","id":353629600940032,"defect":"测试模块缺失数据","defect_rank":"level1","priority":"P1","defect_classification":"其他","defect_status":"已关闭","label":["已修复","已关闭"],"round":"CC2026R2回归测试","discovery_stage":"独立评审","f_jmazop48q5l":353629527539712,"f_0ipjqjhd3dt":456,"createdById":1,"updatedById":1,"gitlab_url":null,"level_1_cause":null,"level_2_cause":null,"specific_reason":null,"module":null,"repair_plan":null,"test_stage":null,"issue_id":null,"assignee":null,"feature_name":null,"issue_state":null,"repair_status":null,"module_ref":[{"id":353629535928320},{"id":353629544316928}]}}
[32m2026-03-16 15:55:33 [info]  new event is pending to be prepared after previous preparation is finished[39m 
[32m2026-03-16 15:55:33 [info]  preparing execution for event               [39m 
[32m2026-03-16 15:55:33 [info]  execution of workflow 352865042890752 created as 353629600940034[39m 
[32m2026-03-16 15:55:33 [info]  instance is not serving as worker or local pending list is not empty, sending execution (353629600940034) to queue[39m 
[32m2026-03-16 15:55:33 [info]  execution (353629600940034) fetched from db [39m 
[32m2026-03-16 15:55:33 [info]  execution (353629600940034) starting...     [39m 
[32m2026-03-16 15:55:33 [info]  execution (353629600940034) run instruction [sql] for node (352865042890753)[39m workflowId=352865042890752
[34m2026-03-16 15:55:33 [debug] config of node                              [39m data={"dataSource":"main","sql":"UPDATE review_records rm\nSET \n    round = '{{$context.data.round}}',\n\n    total_issues = (SELECT count(*) FROM defects WHERE f_0ipjqjhd3dt = {{$context.data.f_0ipjqjhd3dt}}),\n    \n    eff_indep_issues = (SELECT count(*) FROM defects WHERE f_0ipjqjhd3dt = {{$context.data.f_0ipjqjhd3dt}} AND discovery_stage = '独立评审'),\n    \n    eff_meet_issues = (SELECT count(*) FROM defects WHERE f_0ipjqjhd3dt = {{$context.data.f_0ipjqjhd3dt}} AND discovery_stage = '会议评审'),\n    \n    eff_issue_hour = ROUND((CAST((SELECT count(*) FROM defects WHERE f_0ipjqjhd3dt = COALESCE({{$context.data.f_0ipjqjhd3dt}}, 0)) AS DECIMAL) / NULLIF((rm.workload_indep + rm.workload_joint), 0))::numeric, 2),\n    \n    eff_page_hour = ROUND((CAST(rm.page_count AS DECIMAL) / NULLIF((rm.workload_indep + rm.workload_joint), 0))::numeric, 2),\n\n    review_density = ROUND((CAST((SELECT count(*) FROM defects WHERE f_0ipjqjhd3dt = {{$context.data.f_0ipjqjhd3dt}}) AS DECIMAL) / NULLIF(rm.page_count, 0))::numeric, 2),\n    \n    is_standard = CASE \n        WHEN (CAST((SELECT count(*) FROM defects WHERE f_0ipjqjhd3dt = {{$context.data.f_0ipjqjhd3dt}}) AS DECIMAL) / NULLIF(rm.page_count, 0)) < 0.6 THEN '是' \n        ELSE '否' \n    END,\n    \n    fail_reason = CASE \n        WHEN (CAST((SELECT count(*) FROM defects WHERE f_0ipjqjhd3dt = {{$context.data.f_0ipjqjhd3dt}}) AS DECIMAL) / NULLIF(rm.page_count, 0)) >= 0.6 THEN '缺陷密度超过0.6，建议重新评审' \n        ELSE NULL \n    END\n\nWHERE rm.id = {{$context.data.f_0ipjqjhd3dt}}"} workflowId=352865042890752
[34m2026-03-16 15:55:33 [debug] job added to save list: {"result":[],"status":1,"nodeId":352865042890753,"nodeKey":"h0bsr2dvmfo","id":"13849511252229120","createdAt":"2026-03-16T07:55:33.697Z","updatedAt":"2026-03-16T07:55:33.697Z","executionId":353629600940034}[39m workflowId=352865042890752
[32m2026-03-16 15:55:33 [info]  execution (353629600940034) run instruction [sql] for node (352865042890753) finished as status: 1[39m workflowId=352865042890752
[34m2026-03-16 15:55:33 [debug] result of node                              [39m 
[34m2026-03-16 15:55:33 [debug] branch ended at node (352865042890753)      [39m 
[32m2026-03-16 15:55:33 [info]  execution (353629600940034) exiting with status 1[39m workflowId=352865042890752
[32m2026-03-16 15:55:33 [info]  execution (353629600940034) finished with status: 1[39m 
[34m2026-03-16 15:55:33 [debug] execution (353629600940034) details:        [39m execution={"createdAt":"2026-03-16T07:55:33.275Z","id":353629600940034,"updatedAt":"2026-03-16T07:55:33.700Z","key":"g9ogbwav55x","eventKey":"db0233aa-31bb-4381-a843-0313432032f6","context":{"data":{"createdAt":"2026-03-16T07:55:33.128Z","updatedAt":"2026-03-16T07:55:33.220Z","id":353629600940032,"defect":"测试模块缺失数据","defect_rank":"level1","priority":"P1","defect_classification":"其他","defect_status":"已关闭","label":["已修复","已关闭"],"round":"CC2026R2回归测试","discovery_stage":"独立评审","f_jmazop48q5l":353629527539712,"f_0ipjqjhd3dt":456,"createdById":1,"updatedById":1,"gitlab_url":null,"level_1_cause":null,"level_2_cause":null,"specific_reason":null,"module":null,"repair_plan":null,"test_stage":null,"issue_id":null,"assignee":null,"feature_name":null,"issue_state":null,"repair_status":null,"module_ref":[{"id":353629535928320},{"id":353629544316928}]}},"status":1,"dispatched":true,"stack":null,"output":null,"manually":null,"workflowId":352865042890752}
[32m2026-03-16 16:05:37 [info]  new event triggered, now events: 2          [39m 
[34m2026-03-16 16:05:37 [debug] event data:                                 [39m context={"data":{"createdAt":"2026-03-16T08:05:37.763Z","updatedAt":"2026-03-16T08:05:37.778Z","id":353630867619840,"defect":"测试模块缺失数据","defect_rank":"level1","priority":"P1","defect_classification":"其他","defect_status":"已关闭","label":["已修复","已关闭"],"round":"CC2026R2回归测试","discovery_stage":"独立评审","f_jmazop48q5l":353630819385344,"f_0ipjqjhd3dt":456,"createdById":1,"updatedById":1,"gitlab_url":null,"level_1_cause":null,"level_2_cause":null,"specific_reason":null,"module":null,"repair_plan":null,"test_stage":null,"issue_id":null,"assignee":null,"feature_name":null,"issue_state":null,"repair_status":null,"module_ref":[{"id":353630825676800}]}}
[32m2026-03-16 16:05:37 [info]  new event is pending to be prepared after previous preparation is finished[39m 
[32m2026-03-16 16:05:37 [info]  preparing execution for event               [39m 
[32m2026-03-16 16:05:37 [info]  execution of workflow 352865042890752 created as 353630867619842[39m 
[32m2026-03-16 16:05:37 [info]  instance is not serving as worker or local pending list is not empty, sending execution (353630867619842) to queue[39m 
[32m2026-03-16 16:05:37 [info]  execution (353630867619842) fetched from db [39m 
[32m2026-03-16 16:05:37 [info]  execution (353630867619842) starting...     [39m 
[32m2026-03-16 16:05:37 [info]  execution (353630867619842) run instruction [sql] for node (352865042890753)[39m workflowId=352865042890752
[34m2026-03-16 16:05:37 [debug] config of node                              [39m data={"dataSource":"main","sql":"UPDATE review_records rm\nSET \n    round = '{{$context.data.round}}',\n\n    total_issues = (SELECT count(*) FROM defects WHERE f_0ipjqjhd3dt = {{$context.data.f_0ipjqjhd3dt}}),\n    \n    eff_indep_issues = (SELECT count(*) FROM defects WHERE f_0ipjqjhd3dt = {{$context.data.f_0ipjqjhd3dt}} AND discovery_stage = '独立评审'),\n    \n    eff_meet_issues = (SELECT count(*) FROM defects WHERE f_0ipjqjhd3dt = {{$context.data.f_0ipjqjhd3dt}} AND discovery_stage = '会议评审'),\n    \n    eff_issue_hour = ROUND((CAST((SELECT count(*) FROM defects WHERE f_0ipjqjhd3dt = COALESCE({{$context.data.f_0ipjqjhd3dt}}, 0)) AS DECIMAL) / NULLIF((rm.workload_indep + rm.workload_joint), 0))::numeric, 2),\n    \n    eff_page_hour = ROUND((CAST(rm.page_count AS DECIMAL) / NULLIF((rm.workload_indep + rm.workload_joint), 0))::numeric, 2),\n\n    review_density = ROUND((CAST((SELECT count(*) FROM defects WHERE f_0ipjqjhd3dt = {{$context.data.f_0ipjqjhd3dt}}) AS DECIMAL) / NULLIF(rm.page_count, 0))::numeric, 2),\n    \n    is_standard = CASE \n        WHEN (CAST((SELECT count(*) FROM defects WHERE f_0ipjqjhd3dt = {{$context.data.f_0ipjqjhd3dt}}) AS DECIMAL) / NULLIF(rm.page_count, 0)) < 0.6 THEN '是' \n        ELSE '否' \n    END,\n    \n    fail_reason = CASE \n        WHEN (CAST((SELECT count(*) FROM defects WHERE f_0ipjqjhd3dt = {{$context.data.f_0ipjqjhd3dt}}) AS DECIMAL) / NULLIF(rm.page_count, 0)) >= 0.6 THEN '缺陷密度超过0.6，建议重新评审' \n        ELSE NULL \n    END\n\nWHERE rm.id = {{$context.data.f_0ipjqjhd3dt}}"} workflowId=352865042890752
[34m2026-03-16 16:05:37 [debug] job added to save list: {"result":[],"status":1,"nodeId":352865042890753,"nodeKey":"h0bsr2dvmfo","id":"13852045740112896","createdAt":"2026-03-16T08:05:37.966Z","updatedAt":"2026-03-16T08:05:37.966Z","executionId":353630867619842}[39m workflowId=352865042890752
[32m2026-03-16 16:05:37 [info]  execution (353630867619842) run instruction [sql] for node (352865042890753) finished as status: 1[39m workflowId=352865042890752
[34m2026-03-16 16:05:37 [debug] result of node                              [39m 
[34m2026-03-16 16:05:37 [debug] branch ended at node (352865042890753)      [39m 
[32m2026-03-16 16:05:37 [info]  execution (353630867619842) exiting with status 1[39m workflowId=352865042890752
[32m2026-03-16 16:05:37 [info]  execution (353630867619842) finished with status: 1[39m 
[34m2026-03-16 16:05:37 [debug] execution (353630867619842) details:        [39m execution={"createdAt":"2026-03-16T08:05:37.802Z","id":353630867619842,"updatedAt":"2026-03-16T08:05:37.968Z","key":"g9ogbwav55x","eventKey":"94599d3f-69cf-431b-90d1-a136d82a7e3f","context":{"data":{"createdAt":"2026-03-16T08:05:37.763Z","updatedAt":"2026-03-16T08:05:37.778Z","id":353630867619840,"defect":"测试模块缺失数据","defect_rank":"level1","priority":"P1","defect_classification":"其他","defect_status":"已关闭","label":["已修复","已关闭"],"round":"CC2026R2回归测试","discovery_stage":"独立评审","f_jmazop48q5l":353630819385344,"f_0ipjqjhd3dt":456,"createdById":1,"updatedById":1,"gitlab_url":null,"level_1_cause":null,"level_2_cause":null,"specific_reason":null,"module":null,"repair_plan":null,"test_stage":null,"issue_id":null,"assignee":null,"feature_name":null,"issue_state":null,"repair_status":null,"module_ref":[{"id":353630825676800}]}},"status":1,"dispatched":true,"stack":null,"output":null,"manually":null,"workflowId":352865042890752}
[32m2026-03-16 16:10:27 [info]  new event triggered, now events: 2          [39m 
[34m2026-03-16 16:10:27 [debug] event data:                                 [39m context={"data":{"createdAt":"2026-03-16T08:10:27.309Z","updatedAt":"2026-03-16T08:10:27.320Z","id":353631475793920,"defect":"测试模块缺失数据","defect_rank":"level1","priority":"P1","defect_classification":"其他","defect_status":"已关闭","label":["已修复","已关闭"],"round":"CC2026R2第一轮测试","discovery_stage":"独立评审","f_jmazop48q5l":353631417073664,"f_0ipjqjhd3dt":456,"createdById":1,"updatedById":1,"gitlab_url":null,"level_1_cause":null,"level_2_cause":null,"specific_reason":null,"module":null,"repair_plan":null,"test_stage":null,"issue_id":null,"assignee":null,"feature_name":null,"issue_state":null,"repair_status":null,"module_ref":[{"id":353631423365120}]}}
[32m2026-03-16 16:10:27 [info]  new event is pending to be prepared after previous preparation is finished[39m 
[32m2026-03-16 16:10:27 [info]  preparing execution for event               [39m 
[32m2026-03-16 16:10:27 [info]  execution of workflow 352865042890752 created as 353631475793922[39m 
[32m2026-03-16 16:10:27 [info]  instance is not serving as worker or local pending list is not empty, sending execution (353631475793922) to queue[39m 
[32m2026-03-16 16:10:27 [info]  execution (353631475793922) fetched from db [39m 
[32m2026-03-16 16:10:27 [info]  execution (353631475793922) starting...     [39m 
[32m2026-03-16 16:10:27 [info]  execution (353631475793922) run instruction [sql] for node (352865042890753)[39m workflowId=352865042890752
[34m2026-03-16 16:10:27 [debug] config of node                              [39m data={"dataSource":"main","sql":"UPDATE review_records rm\nSET \n    round = '{{$context.data.round}}',\n\n    total_issues = (SELECT count(*) FROM defects WHERE f_0ipjqjhd3dt = {{$context.data.f_0ipjqjhd3dt}}),\n    \n    eff_indep_issues = (SELECT count(*) FROM defects WHERE f_0ipjqjhd3dt = {{$context.data.f_0ipjqjhd3dt}} AND discovery_stage = '独立评审'),\n    \n    eff_meet_issues = (SELECT count(*) FROM defects WHERE f_0ipjqjhd3dt = {{$context.data.f_0ipjqjhd3dt}} AND discovery_stage = '会议评审'),\n    \n    eff_issue_hour = ROUND((CAST((SELECT count(*) FROM defects WHERE f_0ipjqjhd3dt = COALESCE({{$context.data.f_0ipjqjhd3dt}}, 0)) AS DECIMAL) / NULLIF((rm.workload_indep + rm.workload_joint), 0))::numeric, 2),\n    \n    eff_page_hour = ROUND((CAST(rm.page_count AS DECIMAL) / NULLIF((rm.workload_indep + rm.workload_joint), 0))::numeric, 2),\n\n    review_density = ROUND((CAST((SELECT count(*) FROM defects WHERE f_0ipjqjhd3dt = {{$context.data.f_0ipjqjhd3dt}}) AS DECIMAL) / NULLIF(rm.page_count, 0))::numeric, 2),\n    \n    is_standard = CASE \n        WHEN (CAST((SELECT count(*) FROM defects WHERE f_0ipjqjhd3dt = {{$context.data.f_0ipjqjhd3dt}}) AS DECIMAL) / NULLIF(rm.page_count, 0)) < 0.6 THEN '是' \n        ELSE '否' \n    END,\n    \n    fail_reason = CASE \n        WHEN (CAST((SELECT count(*) FROM defects WHERE f_0ipjqjhd3dt = {{$context.data.f_0ipjqjhd3dt}}) AS DECIMAL) / NULLIF(rm.page_count, 0)) >= 0.6 THEN '缺陷密度超过0.6，建议重新评审' \n        ELSE NULL \n    END\n\nWHERE rm.id = {{$context.data.f_0ipjqjhd3dt}}"} workflowId=352865042890752
[34m2026-03-16 16:10:27 [debug] job added to save list: {"result":[],"status":1,"nodeId":352865042890753,"nodeKey":"h0bsr2dvmfo","id":"13853260125338624","createdAt":"2026-03-16T08:10:27.498Z","updatedAt":"2026-03-16T08:10:27.498Z","executionId":353631475793922}[39m workflowId=352865042890752
[32m2026-03-16 16:10:27 [info]  execution (353631475793922) run instruction [sql] for node (352865042890753) finished as status: 1[39m workflowId=352865042890752
[34m2026-03-16 16:10:27 [debug] result of node                              [39m 
[34m2026-03-16 16:10:27 [debug] branch ended at node (352865042890753)      [39m 
[32m2026-03-16 16:10:27 [info]  execution (353631475793922) exiting with status 1[39m workflowId=352865042890752
[32m2026-03-16 16:10:27 [info]  execution (353631475793922) finished with status: 1[39m 
[34m2026-03-16 16:10:27 [debug] execution (353631475793922) details:        [39m execution={"createdAt":"2026-03-16T08:10:27.340Z","id":353631475793922,"updatedAt":"2026-03-16T08:10:27.500Z","key":"g9ogbwav55x","eventKey":"46b302bd-b2df-44bf-abeb-bc3408bd4679","context":{"data":{"createdAt":"2026-03-16T08:10:27.309Z","updatedAt":"2026-03-16T08:10:27.320Z","id":353631475793920,"defect":"测试模块缺失数据","defect_rank":"level1","priority":"P1","defect_classification":"其他","defect_status":"已关闭","label":["已修复","已关闭"],"round":"CC2026R2第一轮测试","discovery_stage":"独立评审","f_jmazop48q5l":353631417073664,"f_0ipjqjhd3dt":456,"createdById":1,"updatedById":1,"gitlab_url":null,"level_1_cause":null,"level_2_cause":null,"specific_reason":null,"module":null,"repair_plan":null,"test_stage":null,"issue_id":null,"assignee":null,"feature_name":null,"issue_state":null,"repair_status":null,"module_ref":[{"id":353631423365120}]}},"status":1,"dispatched":true,"stack":null,"output":null,"manually":null,"workflowId":352865042890752}
[32m2026-03-16 16:13:29 [info]  new event triggered, now events: 2          [39m 
[34m2026-03-16 16:13:29 [debug] event data:                                 [39m context={"data":{"createdAt":"2026-03-16T08:13:29.854Z","updatedAt":"2026-03-16T08:13:29.865Z","id":353631857475584,"defect":"测试模块缺失数据","defect_rank":"level1","priority":"P1","defect_classification":"其他","defect_status":"已关闭","label":["已修复","已关闭"],"round":"CC2026R2回归测试","discovery_stage":"独立评审","f_jmazop48q5l":353631809241088,"f_0ipjqjhd3dt":456,"createdById":1,"updatedById":1,"gitlab_url":null,"level_1_cause":null,"level_2_cause":null,"specific_reason":null,"module":null,"repair_plan":null,"test_stage":null,"issue_id":null,"assignee":null,"feature_name":null,"issue_state":null,"repair_status":null,"module_ref":[{"id":353631817629696}]}}
[32m2026-03-16 16:13:29 [info]  new event is pending to be prepared after previous preparation is finished[39m 
[32m2026-03-16 16:13:29 [info]  preparing execution for event               [39m 
[32m2026-03-16 16:13:29 [info]  execution of workflow 352865042890752 created as 353631857475586[39m 
[32m2026-03-16 16:13:29 [info]  instance is not serving as worker or local pending list is not empty, sending execution (353631857475586) to queue[39m 
[32m2026-03-16 16:13:30 [info]  execution (353631857475586) fetched from db [39m 
[32m2026-03-16 16:13:30 [info]  execution (353631857475586) starting...     [39m 
[32m2026-03-16 16:13:30 [info]  execution (353631857475586) run instruction [sql] for node (352865042890753)[39m workflowId=352865042890752
[34m2026-03-16 16:13:30 [debug] config of node                              [39m data={"dataSource":"main","sql":"UPDATE review_records rm\nSET \n    round = '{{$context.data.round}}',\n\n    total_issues = (SELECT count(*) FROM defects WHERE f_0ipjqjhd3dt = {{$context.data.f_0ipjqjhd3dt}}),\n    \n    eff_indep_issues = (SELECT count(*) FROM defects WHERE f_0ipjqjhd3dt = {{$context.data.f_0ipjqjhd3dt}} AND discovery_stage = '独立评审'),\n    \n    eff_meet_issues = (SELECT count(*) FROM defects WHERE f_0ipjqjhd3dt = {{$context.data.f_0ipjqjhd3dt}} AND discovery_stage = '会议评审'),\n    \n    eff_issue_hour = ROUND((CAST((SELECT count(*) FROM defects WHERE f_0ipjqjhd3dt = COALESCE({{$context.data.f_0ipjqjhd3dt}}, 0)) AS DECIMAL) / NULLIF((rm.workload_indep + rm.workload_joint), 0))::numeric, 2),\n    \n    eff_page_hour = ROUND((CAST(rm.page_count AS DECIMAL) / NULLIF((rm.workload_indep + rm.workload_joint), 0))::numeric, 2),\n\n    review_density = ROUND((CAST((SELECT count(*) FROM defects WHERE f_0ipjqjhd3dt = {{$context.data.f_0ipjqjhd3dt}}) AS DECIMAL) / NULLIF(rm.page_count, 0))::numeric, 2),\n    \n    is_standard = CASE \n        WHEN (CAST((SELECT count(*) FROM defects WHERE f_0ipjqjhd3dt = {{$context.data.f_0ipjqjhd3dt}}) AS DECIMAL) / NULLIF(rm.page_count, 0)) < 0.6 THEN '是' \n        ELSE '否' \n    END,\n    \n    fail_reason = CASE \n        WHEN (CAST((SELECT count(*) FROM defects WHERE f_0ipjqjhd3dt = {{$context.data.f_0ipjqjhd3dt}}) AS DECIMAL) / NULLIF(rm.page_count, 0)) >= 0.6 THEN '缺陷密度超过0.6，建议重新评审' \n        ELSE NULL \n    END\n\nWHERE rm.id = {{$context.data.f_0ipjqjhd3dt}}"} workflowId=352865042890752
[34m2026-03-16 16:13:30 [debug] job added to save list: {"result":[],"status":1,"nodeId":352865042890753,"nodeKey":"h0bsr2dvmfo","id":"13854025778756608","createdAt":"2026-03-16T08:13:30.044Z","updatedAt":"2026-03-16T08:13:30.044Z","executionId":353631857475586}[39m workflowId=352865042890752
[32m2026-03-16 16:13:30 [info]  execution (353631857475586) run instruction [sql] for node (352865042890753) finished as status: 1[39m workflowId=352865042890752
[34m2026-03-16 16:13:30 [debug] result of node                              [39m 
[34m2026-03-16 16:13:30 [debug] branch ended at node (352865042890753)      [39m 
[32m2026-03-16 16:13:30 [info]  execution (353631857475586) exiting with status 1[39m workflowId=352865042890752
[32m2026-03-16 16:13:30 [info]  execution (353631857475586) finished with status: 1[39m 
[34m2026-03-16 16:13:30 [debug] execution (353631857475586) details:        [39m execution={"createdAt":"2026-03-16T08:13:29.906Z","id":353631857475586,"updatedAt":"2026-03-16T08:13:30.046Z","key":"g9ogbwav55x","eventKey":"6722127a-2e6c-4b33-b7e6-a729b2c46f4f","context":{"data":{"createdAt":"2026-03-16T08:13:29.854Z","updatedAt":"2026-03-16T08:13:29.865Z","id":353631857475584,"defect":"测试模块缺失数据","defect_rank":"level1","priority":"P1","defect_classification":"其他","defect_status":"已关闭","label":["已修复","已关闭"],"round":"CC2026R2回归测试","discovery_stage":"独立评审","f_jmazop48q5l":353631809241088,"f_0ipjqjhd3dt":456,"createdById":1,"updatedById":1,"gitlab_url":null,"level_1_cause":null,"level_2_cause":null,"specific_reason":null,"module":null,"repair_plan":null,"test_stage":null,"issue_id":null,"assignee":null,"feature_name":null,"issue_state":null,"repair_status":null,"module_ref":[{"id":353631817629696}]}},"status":1,"dispatched":true,"stack":null,"output":null,"manually":null,"workflowId":352865042890752}
[32m2026-03-16 16:15:30 [info]  new event triggered, now events: 2          [39m 
[34m2026-03-16 16:15:30 [debug] event data:                                 [39m context={"data":{"createdAt":"2026-03-16T08:15:30.217Z","updatedAt":"2026-03-16T08:15:30.226Z","id":353632111230976,"defect":"测试模块缺失数据","defect_rank":"level1","priority":"P1","defect_classification":"其他","defect_status":"已关闭","label":["已修复","已关闭"],"round":"CC2026R2回归测试","discovery_stage":"独立评审","f_jmazop48q5l":353632067190784,"f_0ipjqjhd3dt":456,"createdById":1,"updatedById":1,"gitlab_url":null,"level_1_cause":null,"level_2_cause":null,"specific_reason":null,"module":null,"repair_plan":null,"test_stage":null,"issue_id":null,"assignee":null,"feature_name":null,"issue_state":null,"repair_status":null,"module_ref":[{"id":353632073482240}]}}
[32m2026-03-16 16:15:30 [info]  new event is pending to be prepared after previous preparation is finished[39m 
[32m2026-03-16 16:15:30 [info]  preparing execution for event               [39m 
[32m2026-03-16 16:15:30 [info]  execution of workflow 352865042890752 created as 353632111230978[39m 
[32m2026-03-16 16:15:30 [info]  instance is not serving as worker or local pending list is not empty, sending execution (353632111230978) to queue[39m 
[32m2026-03-16 16:15:30 [info]  execution (353632111230978) fetched from db [39m 
[32m2026-03-16 16:15:30 [info]  execution (353632111230978) starting...     [39m 
[32m2026-03-16 16:15:30 [info]  execution (353632111230978) run instruction [sql] for node (352865042890753)[39m workflowId=352865042890752
[34m2026-03-16 16:15:30 [debug] config of node                              [39m data={"dataSource":"main","sql":"UPDATE review_records rm\nSET \n    round = '{{$context.data.round}}',\n\n    total_issues = (SELECT count(*) FROM defects WHERE f_0ipjqjhd3dt = {{$context.data.f_0ipjqjhd3dt}}),\n    \n    eff_indep_issues = (SELECT count(*) FROM defects WHERE f_0ipjqjhd3dt = {{$context.data.f_0ipjqjhd3dt}} AND discovery_stage = '独立评审'),\n    \n    eff_meet_issues = (SELECT count(*) FROM defects WHERE f_0ipjqjhd3dt = {{$context.data.f_0ipjqjhd3dt}} AND discovery_stage = '会议评审'),\n    \n    eff_issue_hour = ROUND((CAST((SELECT count(*) FROM defects WHERE f_0ipjqjhd3dt = COALESCE({{$context.data.f_0ipjqjhd3dt}}, 0)) AS DECIMAL) / NULLIF((rm.workload_indep + rm.workload_joint), 0))::numeric, 2),\n    \n    eff_page_hour = ROUND((CAST(rm.page_count AS DECIMAL) / NULLIF((rm.workload_indep + rm.workload_joint), 0))::numeric, 2),\n\n    review_density = ROUND((CAST((SELECT count(*) FROM defects WHERE f_0ipjqjhd3dt = {{$context.data.f_0ipjqjhd3dt}}) AS DECIMAL) / NULLIF(rm.page_count, 0))::numeric, 2),\n    \n    is_standard = CASE \n        WHEN (CAST((SELECT count(*) FROM defects WHERE f_0ipjqjhd3dt = {{$context.data.f_0ipjqjhd3dt}}) AS DECIMAL) / NULLIF(rm.page_count, 0)) < 0.6 THEN '是' \n        ELSE '否' \n    END,\n    \n    fail_reason = CASE \n        WHEN (CAST((SELECT count(*) FROM defects WHERE f_0ipjqjhd3dt = {{$context.data.f_0ipjqjhd3dt}}) AS DECIMAL) / NULLIF(rm.page_count, 0)) >= 0.6 THEN '缺陷密度超过0.6，建议重新评审' \n        ELSE NULL \n    END\n\nWHERE rm.id = {{$context.data.f_0ipjqjhd3dt}}"} workflowId=352865042890752
[34m2026-03-16 16:15:30 [debug] job added to save list: {"result":[],"status":1,"nodeId":352865042890753,"nodeKey":"h0bsr2dvmfo","id":"13854530676489216","createdAt":"2026-03-16T08:15:30.421Z","updatedAt":"2026-03-16T08:15:30.421Z","executionId":353632111230978}[39m workflowId=352865042890752
[32m2026-03-16 16:15:30 [info]  execution (353632111230978) run instruction [sql] for node (352865042890753) finished as status: 1[39m workflowId=352865042890752
[34m2026-03-16 16:15:30 [debug] result of node                              [39m 
[34m2026-03-16 16:15:30 [debug] branch ended at node (352865042890753)      [39m 
[32m2026-03-16 16:15:30 [info]  execution (353632111230978) exiting with status 1[39m workflowId=352865042890752
[32m2026-03-16 16:15:30 [info]  execution (353632111230978) finished with status: 1[39m 
[34m2026-03-16 16:15:30 [debug] execution (353632111230978) details:        [39m execution={"createdAt":"2026-03-16T08:15:30.265Z","id":353632111230978,"updatedAt":"2026-03-16T08:15:30.424Z","key":"g9ogbwav55x","eventKey":"0be93575-6943-4aa1-bd7f-dd9344a185c9","context":{"data":{"createdAt":"2026-03-16T08:15:30.217Z","updatedAt":"2026-03-16T08:15:30.226Z","id":353632111230976,"defect":"测试模块缺失数据","defect_rank":"level1","priority":"P1","defect_classification":"其他","defect_status":"已关闭","label":["已修复","已关闭"],"round":"CC2026R2回归测试","discovery_stage":"独立评审","f_jmazop48q5l":353632067190784,"f_0ipjqjhd3dt":456,"createdById":1,"updatedById":1,"gitlab_url":null,"level_1_cause":null,"level_2_cause":null,"specific_reason":null,"module":null,"repair_plan":null,"test_stage":null,"issue_id":null,"assignee":null,"feature_name":null,"issue_state":null,"repair_status":null,"module_ref":[{"id":353632073482240}]}},"status":1,"dispatched":true,"stack":null,"output":null,"manually":null,"workflowId":352865042890752}
[32m2026-03-16 16:17:25 [info]  new event triggered, now events: 2          [39m 
[34m2026-03-16 16:17:25 [debug] event data:                                 [39m context={"data":{"createdAt":"2026-03-16T08:17:25.422Z","updatedAt":"2026-03-16T08:17:25.434Z","id":353632352403456,"defect":"测试模块缺失数据","defect_rank":"level1","priority":"P1","defect_classification":"其他","defect_status":"已关闭","label":["已修复","已关闭"],"round":"CC2026R2回归测试","discovery_stage":"独立评审","f_jmazop48q5l":353632308363264,"f_0ipjqjhd3dt":456,"createdById":1,"updatedById":1,"gitlab_url":null,"level_1_cause":null,"level_2_cause":null,"specific_reason":null,"module":null,"repair_plan":null,"test_stage":null,"issue_id":null,"assignee":null,"feature_name":null,"issue_state":null,"repair_status":null,"module_ref":[{"id":353632314654720}]}}
[32m2026-03-16 16:17:25 [info]  new event is pending to be prepared after previous preparation is finished[39m 
[32m2026-03-16 16:17:25 [info]  preparing execution for event               [39m 
[32m2026-03-16 16:17:25 [info]  execution of workflow 352865042890752 created as 353632352403458[39m 
[32m2026-03-16 16:17:25 [info]  instance is not serving as worker or local pending list is not empty, sending execution (353632352403458) to queue[39m 
[32m2026-03-16 16:17:25 [info]  execution (353632352403458) fetched from db [39m 
[32m2026-03-16 16:17:25 [info]  execution (353632352403458) starting...     [39m 
[32m2026-03-16 16:17:25 [info]  execution (353632352403458) run instruction [sql] for node (352865042890753)[39m workflowId=352865042890752
[34m2026-03-16 16:17:25 [debug] config of node                              [39m data={"dataSource":"main","sql":"UPDATE review_records rm\nSET \n    round = '{{$context.data.round}}',\n\n    total_issues = (SELECT count(*) FROM defects WHERE f_0ipjqjhd3dt = {{$context.data.f_0ipjqjhd3dt}}),\n    \n    eff_indep_issues = (SELECT count(*) FROM defects WHERE f_0ipjqjhd3dt = {{$context.data.f_0ipjqjhd3dt}} AND discovery_stage = '独立评审'),\n    \n    eff_meet_issues = (SELECT count(*) FROM defects WHERE f_0ipjqjhd3dt = {{$context.data.f_0ipjqjhd3dt}} AND discovery_stage = '会议评审'),\n    \n    eff_issue_hour = ROUND((CAST((SELECT count(*) FROM defects WHERE f_0ipjqjhd3dt = COALESCE({{$context.data.f_0ipjqjhd3dt}}, 0)) AS DECIMAL) / NULLIF((rm.workload_indep + rm.workload_joint), 0))::numeric, 2),\n    \n    eff_page_hour = ROUND((CAST(rm.page_count AS DECIMAL) / NULLIF((rm.workload_indep + rm.workload_joint), 0))::numeric, 2),\n\n    review_density = ROUND((CAST((SELECT count(*) FROM defects WHERE f_0ipjqjhd3dt = {{$context.data.f_0ipjqjhd3dt}}) AS DECIMAL) / NULLIF(rm.page_count, 0))::numeric, 2),\n    \n    is_standard = CASE \n        WHEN (CAST((SELECT count(*) FROM defects WHERE f_0ipjqjhd3dt = {{$context.data.f_0ipjqjhd3dt}}) AS DECIMAL) / NULLIF(rm.page_count, 0)) < 0.6 THEN '是' \n        ELSE '否' \n    END,\n    \n    fail_reason = CASE \n        WHEN (CAST((SELECT count(*) FROM defects WHERE f_0ipjqjhd3dt = {{$context.data.f_0ipjqjhd3dt}}) AS DECIMAL) / NULLIF(rm.page_count, 0)) >= 0.6 THEN '缺陷密度超过0.6，建议重新评审' \n        ELSE NULL \n    END\n\nWHERE rm.id = {{$context.data.f_0ipjqjhd3dt}}"} workflowId=352865042890752
[34m2026-03-16 16:17:25 [debug] job added to save list: {"result":[],"status":1,"nodeId":352865042890753,"nodeKey":"h0bsr2dvmfo","id":"13855013684149248","createdAt":"2026-03-16T08:17:25.579Z","updatedAt":"2026-03-16T08:17:25.579Z","executionId":353632352403458}[39m workflowId=352865042890752
[32m2026-03-16 16:17:25 [info]  execution (353632352403458) run instruction [sql] for node (352865042890753) finished as status: 1[39m workflowId=352865042890752
[34m2026-03-16 16:17:25 [debug] result of node                              [39m 
[34m2026-03-16 16:17:25 [debug] branch ended at node (352865042890753)      [39m 
[32m2026-03-16 16:17:25 [info]  execution (353632352403458) exiting with status 1[39m workflowId=352865042890752
[32m2026-03-16 16:17:25 [info]  execution (353632352403458) finished with status: 1[39m 
[34m2026-03-16 16:17:25 [debug] execution (353632352403458) details:        [39m execution={"createdAt":"2026-03-16T08:17:25.453Z","id":353632352403458,"updatedAt":"2026-03-16T08:17:25.581Z","key":"g9ogbwav55x","eventKey":"5aed9aa4-bd45-414e-b939-c1f47e4db5ad","context":{"data":{"createdAt":"2026-03-16T08:17:25.422Z","updatedAt":"2026-03-16T08:17:25.434Z","id":353632352403456,"defect":"测试模块缺失数据","defect_rank":"level1","priority":"P1","defect_classification":"其他","defect_status":"已关闭","label":["已修复","已关闭"],"round":"CC2026R2回归测试","discovery_stage":"独立评审","f_jmazop48q5l":353632308363264,"f_0ipjqjhd3dt":456,"createdById":1,"updatedById":1,"gitlab_url":null,"level_1_cause":null,"level_2_cause":null,"specific_reason":null,"module":null,"repair_plan":null,"test_stage":null,"issue_id":null,"assignee":null,"feature_name":null,"issue_state":null,"repair_status":null,"module_ref":[{"id":353632314654720}]}},"status":1,"dispatched":true,"stack":null,"output":null,"manually":null,"workflowId":352865042890752}
[32m2026-03-16 16:19:13 [info]  new event triggered, now events: 2          [39m 
[34m2026-03-16 16:19:13 [debug] event data:                                 [39m context={"data":{"createdAt":"2026-03-16T08:19:13.944Z","updatedAt":"2026-03-16T08:19:13.963Z","id":353632578895872,"discovery_stage":"独立评审","round":"CC2026R2回归测试","label":["已修复","已关闭"],"defect_status":"已关闭","defect_classification":"其他","priority":"P1","defect_rank":"level1","defect":"测试模块缺失数据","f_jmazop48q5l":353632507592704,"f_0ipjqjhd3dt":456,"createdById":1,"updatedById":1,"gitlab_url":null,"level_1_cause":null,"level_2_cause":null,"specific_reason":null,"module":null,"repair_plan":null,"test_stage":null,"issue_id":null,"assignee":null,"feature_name":null,"issue_state":null,"repair_status":null,"module_ref":[{"id":353632499204096}]}}
[32m2026-03-16 16:19:13 [info]  new event is pending to be prepared after previous preparation is finished[39m 
[32m2026-03-16 16:19:13 [info]  preparing execution for event               [39m 
[32m2026-03-16 16:19:13 [info]  execution of workflow 352865042890752 created as 353632578895874[39m 
[32m2026-03-16 16:19:13 [info]  instance is not serving as worker or local pending list is not empty, sending execution (353632578895874) to queue[39m 
[32m2026-03-16 16:19:14 [info]  execution (353632578895874) fetched from db [39m 
[32m2026-03-16 16:19:14 [info]  execution (353632578895874) starting...     [39m 
[32m2026-03-16 16:19:14 [info]  execution (353632578895874) run instruction [sql] for node (352865042890753)[39m workflowId=352865042890752
[34m2026-03-16 16:19:14 [debug] config of node                              [39m data={"dataSource":"main","sql":"UPDATE review_records rm\nSET \n    round = '{{$context.data.round}}',\n\n    total_issues = (SELECT count(*) FROM defects WHERE f_0ipjqjhd3dt = {{$context.data.f_0ipjqjhd3dt}}),\n    \n    eff_indep_issues = (SELECT count(*) FROM defects WHERE f_0ipjqjhd3dt = {{$context.data.f_0ipjqjhd3dt}} AND discovery_stage = '独立评审'),\n    \n    eff_meet_issues = (SELECT count(*) FROM defects WHERE f_0ipjqjhd3dt = {{$context.data.f_0ipjqjhd3dt}} AND discovery_stage = '会议评审'),\n    \n    eff_issue_hour = ROUND((CAST((SELECT count(*) FROM defects WHERE f_0ipjqjhd3dt = COALESCE({{$context.data.f_0ipjqjhd3dt}}, 0)) AS DECIMAL) / NULLIF((rm.workload_indep + rm.workload_joint), 0))::numeric, 2),\n    \n    eff_page_hour = ROUND((CAST(rm.page_count AS DECIMAL) / NULLIF((rm.workload_indep + rm.workload_joint), 0))::numeric, 2),\n\n    review_density = ROUND((CAST((SELECT count(*) FROM defects WHERE f_0ipjqjhd3dt = {{$context.data.f_0ipjqjhd3dt}}) AS DECIMAL) / NULLIF(rm.page_count, 0))::numeric, 2),\n    \n    is_standard = CASE \n        WHEN (CAST((SELECT count(*) FROM defects WHERE f_0ipjqjhd3dt = {{$context.data.f_0ipjqjhd3dt}}) AS DECIMAL) / NULLIF(rm.page_count, 0)) < 0.6 THEN '是' \n        ELSE '否' \n    END,\n    \n    fail_reason = CASE \n        WHEN (CAST((SELECT count(*) FROM defects WHERE f_0ipjqjhd3dt = {{$context.data.f_0ipjqjhd3dt}}) AS DECIMAL) / NULLIF(rm.page_count, 0)) >= 0.6 THEN '缺陷密度超过0.6，建议重新评审' \n        ELSE NULL \n    END\n\nWHERE rm.id = {{$context.data.f_0ipjqjhd3dt}}"} workflowId=352865042890752
[34m2026-03-16 16:19:14 [debug] job added to save list: {"result":[],"status":1,"nodeId":352865042890753,"nodeKey":"h0bsr2dvmfo","id":"13855468984237056","createdAt":"2026-03-16T08:19:14.131Z","updatedAt":"2026-03-16T08:19:14.131Z","executionId":353632578895874}[39m workflowId=352865042890752
[32m2026-03-16 16:19:14 [info]  execution (353632578895874) run instruction [sql] for node (352865042890753) finished as status: 1[39m workflowId=352865042890752
[34m2026-03-16 16:19:14 [debug] result of node                              [39m 
[34m2026-03-16 16:19:14 [debug] branch ended at node (352865042890753)      [39m 
[32m2026-03-16 16:19:14 [info]  execution (353632578895874) exiting with status 1[39m workflowId=352865042890752
[32m2026-03-16 16:19:14 [info]  execution (353632578895874) finished with status: 1[39m 
[34m2026-03-16 16:19:14 [debug] execution (353632578895874) details:        [39m execution={"createdAt":"2026-03-16T08:19:13.988Z","id":353632578895874,"updatedAt":"2026-03-16T08:19:14.133Z","key":"g9ogbwav55x","eventKey":"dc90eab2-f416-463a-bb3e-88e2dd8add44","context":{"data":{"createdAt":"2026-03-16T08:19:13.944Z","updatedAt":"2026-03-16T08:19:13.963Z","id":353632578895872,"discovery_stage":"独立评审","round":"CC2026R2回归测试","label":["已修复","已关闭"],"defect_status":"已关闭","defect_classification":"其他","priority":"P1","defect_rank":"level1","defect":"测试模块缺失数据","f_jmazop48q5l":353632507592704,"f_0ipjqjhd3dt":456,"createdById":1,"updatedById":1,"gitlab_url":null,"level_1_cause":null,"level_2_cause":null,"specific_reason":null,"module":null,"repair_plan":null,"test_stage":null,"issue_id":null,"assignee":null,"feature_name":null,"issue_state":null,"repair_status":null,"module_ref":[{"id":353632499204096}]}},"status":1,"dispatched":true,"stack":null,"output":null,"manually":null,"workflowId":352865042890752}
[32m2026-03-16 16:21:14 [info]  new event triggered, now events: 2          [39m 
[34m2026-03-16 16:21:14 [debug] event data:                                 [39m context={"data":{"createdAt":"2026-03-16T08:21:14.880Z","updatedAt":"2026-03-16T08:21:14.892Z","id":353632832651264,"defect":"测试模块缺失数据","defect_rank":"level1","priority":"P1","defect_classification":"其他","defect_status":"已关闭","label":["已修复","已关闭"],"round":"CC2026R2回归测试","discovery_stage":"独立评审","f_jmazop48q5l":353632794902528,"f_0ipjqjhd3dt":456,"createdById":1,"updatedById":1,"gitlab_url":null,"level_1_cause":null,"level_2_cause":null,"specific_reason":null,"module":null,"repair_plan":null,"test_stage":null,"issue_id":null,"assignee":null,"feature_name":null,"issue_state":null,"repair_status":null,"module_ref":[{"id":353632799096832}]}}
[32m2026-03-16 16:21:14 [info]  new event is pending to be prepared after previous preparation is finished[39m 
[32m2026-03-16 16:21:14 [info]  preparing execution for event               [39m 
[32m2026-03-16 16:21:14 [info]  execution of workflow 352865042890752 created as 353632832651266[39m 
[32m2026-03-16 16:21:14 [info]  instance is not serving as worker or local pending list is not empty, sending execution (353632832651266) to queue[39m 
[32m2026-03-16 16:21:15 [info]  execution (353632832651266) fetched from db [39m 
[32m2026-03-16 16:21:15 [info]  execution (353632832651266) starting...     [39m 
[32m2026-03-16 16:21:15 [info]  execution (353632832651266) run instruction [sql] for node (352865042890753)[39m workflowId=352865042890752
[34m2026-03-16 16:21:15 [debug] config of node                              [39m data={"dataSource":"main","sql":"UPDATE review_records rm\nSET \n    round = '{{$context.data.round}}',\n\n    total_issues = (SELECT count(*) FROM defects WHERE f_0ipjqjhd3dt = {{$context.data.f_0ipjqjhd3dt}}),\n    \n    eff_indep_issues = (SELECT count(*) FROM defects WHERE f_0ipjqjhd3dt = {{$context.data.f_0ipjqjhd3dt}} AND discovery_stage = '独立评审'),\n    \n    eff_meet_issues = (SELECT count(*) FROM defects WHERE f_0ipjqjhd3dt = {{$context.data.f_0ipjqjhd3dt}} AND discovery_stage = '会议评审'),\n    \n    eff_issue_hour = ROUND((CAST((SELECT count(*) FROM defects WHERE f_0ipjqjhd3dt = COALESCE({{$context.data.f_0ipjqjhd3dt}}, 0)) AS DECIMAL) / NULLIF((rm.workload_indep + rm.workload_joint), 0))::numeric, 2),\n    \n    eff_page_hour = ROUND((CAST(rm.page_count AS DECIMAL) / NULLIF((rm.workload_indep + rm.workload_joint), 0))::numeric, 2),\n\n    review_density = ROUND((CAST((SELECT count(*) FROM defects WHERE f_0ipjqjhd3dt = {{$context.data.f_0ipjqjhd3dt}}) AS DECIMAL) / NULLIF(rm.page_count, 0))::numeric, 2),\n    \n    is_standard = CASE \n        WHEN (CAST((SELECT count(*) FROM defects WHERE f_0ipjqjhd3dt = {{$context.data.f_0ipjqjhd3dt}}) AS DECIMAL) / NULLIF(rm.page_count, 0)) < 0.6 THEN '是' \n        ELSE '否' \n    END,\n    \n    fail_reason = CASE \n        WHEN (CAST((SELECT count(*) FROM defects WHERE f_0ipjqjhd3dt = {{$context.data.f_0ipjqjhd3dt}}) AS DECIMAL) / NULLIF(rm.page_count, 0)) >= 0.6 THEN '缺陷密度超过0.6，建议重新评审' \n        ELSE NULL \n    END\n\nWHERE rm.id = {{$context.data.f_0ipjqjhd3dt}}"} workflowId=352865042890752
[34m2026-03-16 16:21:15 [debug] job added to save list: {"result":[],"status":1,"nodeId":352865042890753,"nodeKey":"h0bsr2dvmfo","id":"13855976289500160","createdAt":"2026-03-16T08:21:15.082Z","updatedAt":"2026-03-16T08:21:15.082Z","executionId":353632832651266}[39m workflowId=352865042890752
[32m2026-03-16 16:21:15 [info]  execution (353632832651266) run instruction [sql] for node (352865042890753) finished as status: 1[39m workflowId=352865042890752
[34m2026-03-16 16:21:15 [debug] result of node                              [39m 
[34m2026-03-16 16:21:15 [debug] branch ended at node (352865042890753)      [39m 
[32m2026-03-16 16:21:15 [info]  execution (353632832651266) exiting with status 1[39m workflowId=352865042890752
[32m2026-03-16 16:21:15 [info]  execution (353632832651266) finished with status: 1[39m 
[34m2026-03-16 16:21:15 [debug] execution (353632832651266) details:        [39m execution={"createdAt":"2026-03-16T08:21:14.914Z","id":353632832651266,"updatedAt":"2026-03-16T08:21:15.084Z","key":"g9ogbwav55x","eventKey":"510bf1bf-bd15-4290-9643-1039b71bade1","context":{"data":{"createdAt":"2026-03-16T08:21:14.880Z","updatedAt":"2026-03-16T08:21:14.892Z","id":353632832651264,"defect":"测试模块缺失数据","defect_rank":"level1","priority":"P1","defect_classification":"其他","defect_status":"已关闭","label":["已修复","已关闭"],"round":"CC2026R2回归测试","discovery_stage":"独立评审","f_jmazop48q5l":353632794902528,"f_0ipjqjhd3dt":456,"createdById":1,"updatedById":1,"gitlab_url":null,"level_1_cause":null,"level_2_cause":null,"specific_reason":null,"module":null,"repair_plan":null,"test_stage":null,"issue_id":null,"assignee":null,"feature_name":null,"issue_state":null,"repair_status":null,"module_ref":[{"id":353632799096832}]}},"status":1,"dispatched":true,"stack":null,"output":null,"manually":null,"workflowId":352865042890752}
[32m2026-03-16 16:27:34 [info]  new event triggered, now events: 2          [39m 
[34m2026-03-16 16:27:34 [debug] event data:                                 [39m context={"data":{"createdAt":"2026-03-16T08:27:34.282Z","updatedAt":"2026-03-16T08:27:34.302Z","id":353633629569024,"defect":"测试模块缺失数据","defect_rank":"level1","priority":"P1","defect_classification":"其他","defect_status":"已关闭","label":["已修复","已关闭"],"discovery_stage":"独立评审","round":"CC2026R2回归测试","f_jmazop48q5l":353633581334528,"f_0ipjqjhd3dt":456,"createdById":1,"updatedById":1,"gitlab_url":null,"level_1_cause":null,"level_2_cause":null,"specific_reason":null,"module":null,"repair_plan":null,"test_stage":null,"issue_id":null,"assignee":null,"feature_name":null,"issue_state":null,"repair_status":null,"module_ref":[{"id":353633587625984}]}}
[32m2026-03-16 16:27:34 [info]  new event is pending to be prepared after previous preparation is finished[39m 
[32m2026-03-16 16:27:34 [info]  preparing execution for event               [39m 
[32m2026-03-16 16:27:34 [info]  execution of workflow 352865042890752 created as 353633629569026[39m 
[32m2026-03-16 16:27:34 [info]  instance is not serving as worker or local pending list is not empty, sending execution (353633629569026) to queue[39m 
[32m2026-03-16 16:27:34 [info]  execution (353633629569026) fetched from db [39m 
[32m2026-03-16 16:27:34 [info]  execution (353633629569026) starting...     [39m 
[32m2026-03-16 16:27:34 [info]  execution (353633629569026) run instruction [sql] for node (352865042890753)[39m workflowId=352865042890752
[34m2026-03-16 16:27:34 [debug] config of node                              [39m data={"dataSource":"main","sql":"UPDATE review_records rm\nSET \n    round = '{{$context.data.round}}',\n\n    total_issues = (SELECT count(*) FROM defects WHERE f_0ipjqjhd3dt = {{$context.data.f_0ipjqjhd3dt}}),\n    \n    eff_indep_issues = (SELECT count(*) FROM defects WHERE f_0ipjqjhd3dt = {{$context.data.f_0ipjqjhd3dt}} AND discovery_stage = '独立评审'),\n    \n    eff_meet_issues = (SELECT count(*) FROM defects WHERE f_0ipjqjhd3dt = {{$context.data.f_0ipjqjhd3dt}} AND discovery_stage = '会议评审'),\n    \n    eff_issue_hour = ROUND((CAST((SELECT count(*) FROM defects WHERE f_0ipjqjhd3dt = COALESCE({{$context.data.f_0ipjqjhd3dt}}, 0)) AS DECIMAL) / NULLIF((rm.workload_indep + rm.workload_joint), 0))::numeric, 2),\n    \n    eff_page_hour = ROUND((CAST(rm.page_count AS DECIMAL) / NULLIF((rm.workload_indep + rm.workload_joint), 0))::numeric, 2),\n\n    review_density = ROUND((CAST((SELECT count(*) FROM defects WHERE f_0ipjqjhd3dt = {{$context.data.f_0ipjqjhd3dt}}) AS DECIMAL) / NULLIF(rm.page_count, 0))::numeric, 2),\n    \n    is_standard = CASE \n        WHEN (CAST((SELECT count(*) FROM defects WHERE f_0ipjqjhd3dt = {{$context.data.f_0ipjqjhd3dt}}) AS DECIMAL) / NULLIF(rm.page_count, 0)) < 0.6 THEN '是' \n        ELSE '否' \n    END,\n    \n    fail_reason = CASE \n        WHEN (CAST((SELECT count(*) FROM defects WHERE f_0ipjqjhd3dt = {{$context.data.f_0ipjqjhd3dt}}) AS DECIMAL) / NULLIF(rm.page_count, 0)) >= 0.6 THEN '缺陷密度超过0.6，建议重新评审' \n        ELSE NULL \n    END\n\nWHERE rm.id = {{$context.data.f_0ipjqjhd3dt}}"} workflowId=352865042890752
[34m2026-03-16 16:27:34 [debug] job added to save list: {"result":[],"status":1,"nodeId":352865042890753,"nodeKey":"h0bsr2dvmfo","id":"13857567683935232","createdAt":"2026-03-16T08:27:34.500Z","updatedAt":"2026-03-16T08:27:34.500Z","executionId":353633629569026}[39m workflowId=352865042890752
[32m2026-03-16 16:27:34 [info]  execution (353633629569026) run instruction [sql] for node (352865042890753) finished as status: 1[39m workflowId=352865042890752
[34m2026-03-16 16:27:34 [debug] result of node                              [39m 
[34m2026-03-16 16:27:34 [debug] branch ended at node (352865042890753)      [39m 
[32m2026-03-16 16:27:34 [info]  execution (353633629569026) exiting with status 1[39m workflowId=352865042890752
[32m2026-03-16 16:27:34 [info]  execution (353633629569026) finished with status: 1[39m 
[34m2026-03-16 16:27:34 [debug] execution (353633629569026) details:        [39m execution={"createdAt":"2026-03-16T08:27:34.327Z","id":353633629569026,"updatedAt":"2026-03-16T08:27:34.502Z","key":"g9ogbwav55x","eventKey":"13717d4d-e4e5-4439-b77c-8d3de8b8d4e1","context":{"data":{"createdAt":"2026-03-16T08:27:34.282Z","updatedAt":"2026-03-16T08:27:34.302Z","id":353633629569024,"defect":"测试模块缺失数据","defect_rank":"level1","priority":"P1","defect_classification":"其他","defect_status":"已关闭","label":["已修复","已关闭"],"discovery_stage":"独立评审","round":"CC2026R2回归测试","f_jmazop48q5l":353633581334528,"f_0ipjqjhd3dt":456,"createdById":1,"updatedById":1,"gitlab_url":null,"level_1_cause":null,"level_2_cause":null,"specific_reason":null,"module":null,"repair_plan":null,"test_stage":null,"issue_id":null,"assignee":null,"feature_name":null,"issue_state":null,"repair_status":null,"module_ref":[{"id":353633587625984}]}},"status":1,"dispatched":true,"stack":null,"output":null,"manually":null,"workflowId":352865042890752}
[32m2026-03-16 16:29:44 [info]  new event triggered, now events: 2          [39m 
[34m2026-03-16 16:29:44 [debug] event data:                                 [39m context={"data":{"createdAt":"2026-03-16T08:29:44.107Z","updatedAt":"2026-03-16T08:29:44.119Z","id":353633902198784,"defect":"测试模块缺失数据","defect_rank":"level1","priority":"P1","defect_classification":"其他","defect_status":"已关闭","label":["已修复","已关闭"],"round":"CC2026R2回归测试","discovery_stage":"独立评审","f_jmazop48q5l":353633853964288,"f_0ipjqjhd3dt":456,"createdById":1,"updatedById":1,"gitlab_url":null,"level_1_cause":null,"level_2_cause":null,"specific_reason":null,"module":null,"repair_plan":null,"test_stage":null,"issue_id":null,"assignee":null,"feature_name":null,"issue_state":null,"repair_status":null,"module_ref":[{"id":353633864450048}]}}
[32m2026-03-16 16:29:44 [info]  new event is pending to be prepared after previous preparation is finished[39m 
[32m2026-03-16 16:29:44 [info]  preparing execution for event               [39m 
[32m2026-03-16 16:29:44 [info]  execution of workflow 352865042890752 created as 353633902198786[39m 
[32m2026-03-16 16:29:44 [info]  instance is not serving as worker or local pending list is not empty, sending execution (353633902198786) to queue[39m 
[32m2026-03-16 16:29:44 [info]  execution (353633902198786) fetched from db [39m 
[32m2026-03-16 16:29:44 [info]  execution (353633902198786) starting...     [39m 
[32m2026-03-16 16:29:44 [info]  execution (353633902198786) run instruction [sql] for node (352865042890753)[39m workflowId=352865042890752
[34m2026-03-16 16:29:44 [debug] config of node                              [39m data={"dataSource":"main","sql":"UPDATE review_records rm\nSET \n    round = '{{$context.data.round}}',\n\n    total_issues = (SELECT count(*) FROM defects WHERE f_0ipjqjhd3dt = {{$context.data.f_0ipjqjhd3dt}}),\n    \n    eff_indep_issues = (SELECT count(*) FROM defects WHERE f_0ipjqjhd3dt = {{$context.data.f_0ipjqjhd3dt}} AND discovery_stage = '独立评审'),\n    \n    eff_meet_issues = (SELECT count(*) FROM defects WHERE f_0ipjqjhd3dt = {{$context.data.f_0ipjqjhd3dt}} AND discovery_stage = '会议评审'),\n    \n    eff_issue_hour = ROUND((CAST((SELECT count(*) FROM defects WHERE f_0ipjqjhd3dt = COALESCE({{$context.data.f_0ipjqjhd3dt}}, 0)) AS DECIMAL) / NULLIF((rm.workload_indep + rm.workload_joint), 0))::numeric, 2),\n    \n    eff_page_hour = ROUND((CAST(rm.page_count AS DECIMAL) / NULLIF((rm.workload_indep + rm.workload_joint), 0))::numeric, 2),\n\n    review_density = ROUND((CAST((SELECT count(*) FROM defects WHERE f_0ipjqjhd3dt = {{$context.data.f_0ipjqjhd3dt}}) AS DECIMAL) / NULLIF(rm.page_count, 0))::numeric, 2),\n    \n    is_standard = CASE \n        WHEN (CAST((SELECT count(*) FROM defects WHERE f_0ipjqjhd3dt = {{$context.data.f_0ipjqjhd3dt}}) AS DECIMAL) / NULLIF(rm.page_count, 0)) < 0.6 THEN '是' \n        ELSE '否' \n    END,\n    \n    fail_reason = CASE \n        WHEN (CAST((SELECT count(*) FROM defects WHERE f_0ipjqjhd3dt = {{$context.data.f_0ipjqjhd3dt}}) AS DECIMAL) / NULLIF(rm.page_count, 0)) >= 0.6 THEN '缺陷密度超过0.6，建议重新评审' \n        ELSE NULL \n    END\n\nWHERE rm.id = {{$context.data.f_0ipjqjhd3dt}}"} workflowId=352865042890752
[34m2026-03-16 16:29:44 [debug] job added to save list: {"result":[],"status":1,"nodeId":352865042890753,"nodeKey":"h0bsr2dvmfo","id":"13858112054262784","createdAt":"2026-03-16T08:29:44.288Z","updatedAt":"2026-03-16T08:29:44.288Z","executionId":353633902198786}[39m workflowId=352865042890752
[32m2026-03-16 16:29:44 [info]  execution (353633902198786) run instruction [sql] for node (352865042890753) finished as status: 1[39m workflowId=352865042890752
[34m2026-03-16 16:29:44 [debug] result of node                              [39m 
[34m2026-03-16 16:29:44 [debug] branch ended at node (352865042890753)      [39m 
[32m2026-03-16 16:29:44 [info]  execution (353633902198786) exiting with status 1[39m workflowId=352865042890752
[32m2026-03-16 16:29:44 [info]  execution (353633902198786) finished with status: 1[39m 
[34m2026-03-16 16:29:44 [debug] execution (353633902198786) details:        [39m execution={"createdAt":"2026-03-16T08:29:44.141Z","id":353633902198786,"updatedAt":"2026-03-16T08:29:44.291Z","key":"g9ogbwav55x","eventKey":"252dc882-b63f-4e45-bfc1-0a47cd744a2c","context":{"data":{"createdAt":"2026-03-16T08:29:44.107Z","updatedAt":"2026-03-16T08:29:44.119Z","id":353633902198784,"defect":"测试模块缺失数据","defect_rank":"level1","priority":"P1","defect_classification":"其他","defect_status":"已关闭","label":["已修复","已关闭"],"round":"CC2026R2回归测试","discovery_stage":"独立评审","f_jmazop48q5l":353633853964288,"f_0ipjqjhd3dt":456,"createdById":1,"updatedById":1,"gitlab_url":null,"level_1_cause":null,"level_2_cause":null,"specific_reason":null,"module":null,"repair_plan":null,"test_stage":null,"issue_id":null,"assignee":null,"feature_name":null,"issue_state":null,"repair_status":null,"module_ref":[{"id":353633864450048}]}},"status":1,"dispatched":true,"stack":null,"output":null,"manually":null,"workflowId":352865042890752}
[32m2026-03-16 16:38:38 [info]  new event triggered, now events: 2          [39m 
[34m2026-03-16 16:38:38 [debug] event data:                                 [39m context={"data":{"createdAt":"2026-03-16T08:38:38.557Z","updatedAt":"2026-03-16T08:38:38.574Z","id":353635022077952,"defect":"测试模块缺失数据","defect_rank":"level1","priority":"P1","defect_classification":"其他","defect_status":"已关闭","label":["已修复","已关闭"],"round":"CC2026R2回归测试","discovery_stage":"独立评审","level_1_cause":"设计问题","f_jmazop48q5l":353633853964288,"f_0ipjqjhd3dt":456,"createdById":1,"updatedById":1,"gitlab_url":null,"specific_reason":null,"module":null,"repair_plan":null,"test_stage":null,"issue_id":null,"assignee":null,"feature_name":null,"issue_state":null,"repair_status":null,"level_2_cause":null,"module_ref":[{"id":353633864450048}]}}
[32m2026-03-16 16:38:38 [info]  new event is pending to be prepared after previous preparation is finished[39m 
[32m2026-03-16 16:38:38 [info]  preparing execution for event               [39m 
[32m2026-03-16 16:38:38 [info]  execution of workflow 352865042890752 created as 353635022077954[39m 
[32m2026-03-16 16:38:38 [info]  instance is not serving as worker or local pending list is not empty, sending execution (353635022077954) to queue[39m 
[32m2026-03-16 16:38:38 [info]  execution (353635022077954) fetched from db [39m 
[32m2026-03-16 16:38:38 [info]  execution (353635022077954) starting...     [39m 
[32m2026-03-16 16:38:38 [info]  execution (353635022077954) run instruction [sql] for node (352865042890753)[39m workflowId=352865042890752
[34m2026-03-16 16:38:38 [debug] config of node                              [39m data={"dataSource":"main","sql":"UPDATE review_records rm\nSET \n    round = '{{$context.data.round}}',\n\n    total_issues = (SELECT count(*) FROM defects WHERE f_0ipjqjhd3dt = {{$context.data.f_0ipjqjhd3dt}}),\n    \n    eff_indep_issues = (SELECT count(*) FROM defects WHERE f_0ipjqjhd3dt = {{$context.data.f_0ipjqjhd3dt}} AND discovery_stage = '独立评审'),\n    \n    eff_meet_issues = (SELECT count(*) FROM defects WHERE f_0ipjqjhd3dt = {{$context.data.f_0ipjqjhd3dt}} AND discovery_stage = '会议评审'),\n    \n    eff_issue_hour = ROUND((CAST((SELECT count(*) FROM defects WHERE f_0ipjqjhd3dt = COALESCE({{$context.data.f_0ipjqjhd3dt}}, 0)) AS DECIMAL) / NULLIF((rm.workload_indep + rm.workload_joint), 0))::numeric, 2),\n    \n    eff_page_hour = ROUND((CAST(rm.page_count AS DECIMAL) / NULLIF((rm.workload_indep + rm.workload_joint), 0))::numeric, 2),\n\n    review_density = ROUND((CAST((SELECT count(*) FROM defects WHERE f_0ipjqjhd3dt = {{$context.data.f_0ipjqjhd3dt}}) AS DECIMAL) / NULLIF(rm.page_count, 0))::numeric, 2),\n    \n    is_standard = CASE \n        WHEN (CAST((SELECT count(*) FROM defects WHERE f_0ipjqjhd3dt = {{$context.data.f_0ipjqjhd3dt}}) AS DECIMAL) / NULLIF(rm.page_count, 0)) < 0.6 THEN '是' \n        ELSE '否' \n    END,\n    \n    fail_reason = CASE \n        WHEN (CAST((SELECT count(*) FROM defects WHERE f_0ipjqjhd3dt = {{$context.data.f_0ipjqjhd3dt}}) AS DECIMAL) / NULLIF(rm.page_count, 0)) >= 0.6 THEN '缺陷密度超过0.6，建议重新评审' \n        ELSE NULL \n    END\n\nWHERE rm.id = {{$context.data.f_0ipjqjhd3dt}}"} workflowId=352865042890752
[34m2026-03-16 16:38:38 [debug] job added to save list: {"result":[],"status":1,"nodeId":352865042890753,"nodeKey":"h0bsr2dvmfo","id":"13860353700035584","createdAt":"2026-03-16T08:38:38.738Z","updatedAt":"2026-03-16T08:38:38.738Z","executionId":353635022077954}[39m workflowId=352865042890752
[32m2026-03-16 16:38:38 [info]  execution (353635022077954) run instruction [sql] for node (352865042890753) finished as status: 1[39m workflowId=352865042890752
[34m2026-03-16 16:38:38 [debug] result of node                              [39m 
[34m2026-03-16 16:38:38 [debug] branch ended at node (352865042890753)      [39m 
[32m2026-03-16 16:38:38 [info]  execution (353635022077954) exiting with status 1[39m workflowId=352865042890752
[32m2026-03-16 16:38:38 [info]  execution (353635022077954) finished with status: 1[39m 
[34m2026-03-16 16:38:38 [debug] execution (353635022077954) details:        [39m execution={"createdAt":"2026-03-16T08:38:38.599Z","id":353635022077954,"updatedAt":"2026-03-16T08:38:38.740Z","key":"g9ogbwav55x","eventKey":"492bb548-3dcd-4e29-8217-4dff3ba0dd5f","context":{"data":{"createdAt":"2026-03-16T08:38:38.557Z","updatedAt":"2026-03-16T08:38:38.574Z","id":353635022077952,"defect":"测试模块缺失数据","defect_rank":"level1","priority":"P1","defect_classification":"其他","defect_status":"已关闭","label":["已修复","已关闭"],"round":"CC2026R2回归测试","discovery_stage":"独立评审","level_1_cause":"设计问题","f_jmazop48q5l":353633853964288,"f_0ipjqjhd3dt":456,"createdById":1,"updatedById":1,"gitlab_url":null,"specific_reason":null,"module":null,"repair_plan":null,"test_stage":null,"issue_id":null,"assignee":null,"feature_name":null,"issue_state":null,"repair_status":null,"level_2_cause":null,"module_ref":[{"id":353633864450048}]}},"status":1,"dispatched":true,"stack":null,"output":null,"manually":null,"workflowId":352865042890752}
[32m2026-03-16 16:41:48 [info]  new event triggered, now events: 2          [39m 
[34m2026-03-16 16:41:48 [debug] event data:                                 [39m context={"data":{"createdAt":"2026-03-16T08:41:48.742Z","updatedAt":"2026-03-16T08:41:48.756Z","id":353635420536832,"defect":"导入大型文件时系统界面挂机","defect_rank":"level1","priority":"P1","defect_classification":"挂机","defect_status":"已关闭","label":["已修复","已关闭"],"round":"CC2026R2第二轮测试","discovery_stage":"独立评审","level_1_cause":"设计问题","f_jmazop48q5l":353633853964288,"f_0ipjqjhd3dt":456,"createdById":1,"updatedById":1,"gitlab_url":null,"specific_reason":null,"module":null,"repair_plan":null,"test_stage":null,"issue_id":null,"assignee":null,"feature_name":null,"issue_state":null,"repair_status":null,"level_2_cause":null,"module_ref":[{"id":353633864450048}]}}
[32m2026-03-16 16:41:48 [info]  new event is pending to be prepared after previous preparation is finished[39m 
[32m2026-03-16 16:41:48 [info]  preparing execution for event               [39m 
[32m2026-03-16 16:41:48 [info]  execution of workflow 352865042890752 created as 353635420536834[39m 
[32m2026-03-16 16:41:48 [info]  instance is not serving as worker or local pending list is not empty, sending execution (353635420536834) to queue[39m 
[32m2026-03-16 16:41:48 [info]  execution (353635420536834) fetched from db [39m 
[32m2026-03-16 16:41:48 [info]  execution (353635420536834) starting...     [39m 
[32m2026-03-16 16:41:48 [info]  execution (353635420536834) run instruction [sql] for node (352865042890753)[39m workflowId=352865042890752
[34m2026-03-16 16:41:48 [debug] config of node                              [39m data={"dataSource":"main","sql":"UPDATE review_records rm\nSET \n    round = '{{$context.data.round}}',\n\n    total_issues = (SELECT count(*) FROM defects WHERE f_0ipjqjhd3dt = {{$context.data.f_0ipjqjhd3dt}}),\n    \n    eff_indep_issues = (SELECT count(*) FROM defects WHERE f_0ipjqjhd3dt = {{$context.data.f_0ipjqjhd3dt}} AND discovery_stage = '独立评审'),\n    \n    eff_meet_issues = (SELECT count(*) FROM defects WHERE f_0ipjqjhd3dt = {{$context.data.f_0ipjqjhd3dt}} AND discovery_stage = '会议评审'),\n    \n    eff_issue_hour = ROUND((CAST((SELECT count(*) FROM defects WHERE f_0ipjqjhd3dt = COALESCE({{$context.data.f_0ipjqjhd3dt}}, 0)) AS DECIMAL) / NULLIF((rm.workload_indep + rm.workload_joint), 0))::numeric, 2),\n    \n    eff_page_hour = ROUND((CAST(rm.page_count AS DECIMAL) / NULLIF((rm.workload_indep + rm.workload_joint), 0))::numeric, 2),\n\n    review_density = ROUND((CAST((SELECT count(*) FROM defects WHERE f_0ipjqjhd3dt = {{$context.data.f_0ipjqjhd3dt}}) AS DECIMAL) / NULLIF(rm.page_count, 0))::numeric, 2),\n    \n    is_standard = CASE \n        WHEN (CAST((SELECT count(*) FROM defects WHERE f_0ipjqjhd3dt = {{$context.data.f_0ipjqjhd3dt}}) AS DECIMAL) / NULLIF(rm.page_count, 0)) < 0.6 THEN '是' \n        ELSE '否' \n    END,\n    \n    fail_reason = CASE \n        WHEN (CAST((SELECT count(*) FROM defects WHERE f_0ipjqjhd3dt = {{$context.data.f_0ipjqjhd3dt}}) AS DECIMAL) / NULLIF(rm.page_count, 0)) >= 0.6 THEN '缺陷密度超过0.6，建议重新评审' \n        ELSE NULL \n    END\n\nWHERE rm.id = {{$context.data.f_0ipjqjhd3dt}}"} workflowId=352865042890752
[34m2026-03-16 16:41:48 [debug] job added to save list: {"result":[],"status":1,"nodeId":352865042890753,"nodeKey":"h0bsr2dvmfo","id":"13861151087557632","createdAt":"2026-03-16T08:41:48.850Z","updatedAt":"2026-03-16T08:41:48.850Z","executionId":353635420536834}[39m workflowId=352865042890752
[32m2026-03-16 16:41:48 [info]  execution (353635420536834) run instruction [sql] for node (352865042890753) finished as status: 1[39m workflowId=352865042890752
[34m2026-03-16 16:41:48 [debug] result of node                              [39m 
[34m2026-03-16 16:41:48 [debug] branch ended at node (352865042890753)      [39m 
[32m2026-03-16 16:41:48 [info]  execution (353635420536834) exiting with status 1[39m workflowId=352865042890752
[32m2026-03-16 16:41:48 [info]  execution (353635420536834) finished with status: 1[39m 
[34m2026-03-16 16:41:48 [debug] execution (353635420536834) details:        [39m execution={"createdAt":"2026-03-16T08:41:48.791Z","id":353635420536834,"updatedAt":"2026-03-16T08:41:48.852Z","key":"g9ogbwav55x","eventKey":"21835c1f-c331-4169-ae29-23355458cc76","context":{"data":{"createdAt":"2026-03-16T08:41:48.742Z","updatedAt":"2026-03-16T08:41:48.756Z","id":353635420536832,"defect":"导入大型文件时系统界面挂机","defect_rank":"level1","priority":"P1","defect_classification":"挂机","defect_status":"已关闭","label":["已修复","已关闭"],"round":"CC2026R2第二轮测试","discovery_stage":"独立评审","level_1_cause":"设计问题","f_jmazop48q5l":353633853964288,"f_0ipjqjhd3dt":456,"createdById":1,"updatedById":1,"gitlab_url":null,"specific_reason":null,"module":null,"repair_plan":null,"test_stage":null,"issue_id":null,"assignee":null,"feature_name":null,"issue_state":null,"repair_status":null,"level_2_cause":null,"module_ref":[{"id":353633864450048}]}},"status":1,"dispatched":true,"stack":null,"output":null,"manually":null,"workflowId":352865042890752}
[32m2026-03-16 16:43:51 [info]  new event triggered, now events: 2          [39m 
[34m2026-03-16 16:43:51 [debug] event data:                                 [39m context={"data":{"createdAt":"2026-03-16T08:43:51.217Z","updatedAt":"2026-03-16T08:43:51.230Z","id":353635678486528,"defect":"测试模块缺失数据","defect_rank":"level1","priority":"P1","defect_classification":"挂机","defect_status":"已关闭","label":["已修复","已关闭"],"level_1_cause":"设计问题","discovery_stage":"独立评审","round":"CC2026R2回归测试","f_jmazop48q5l":353633853964288,"f_0ipjqjhd3dt":456,"createdById":1,"updatedById":1,"gitlab_url":null,"specific_reason":null,"module":null,"repair_plan":null,"test_stage":null,"issue_id":null,"assignee":null,"feature_name":null,"issue_state":null,"repair_status":null,"level_2_cause":null,"module_ref":[{"id":353633864450048}]}}
[32m2026-03-16 16:43:51 [info]  new event is pending to be prepared after previous preparation is finished[39m 
[32m2026-03-16 16:43:51 [info]  preparing execution for event               [39m 
[32m2026-03-16 16:43:51 [info]  execution of workflow 352865042890752 created as 353635678486530[39m 
[32m2026-03-16 16:43:51 [info]  instance is not serving as worker or local pending list is not empty, sending execution (353635678486530) to queue[39m 
[32m2026-03-16 16:43:51 [info]  execution (353635678486530) fetched from db [39m 
[32m2026-03-16 16:43:51 [info]  execution (353635678486530) starting...     [39m 
[32m2026-03-16 16:43:51 [info]  execution (353635678486530) run instruction [sql] for node (352865042890753)[39m workflowId=352865042890752
[34m2026-03-16 16:43:51 [debug] config of node                              [39m data={"dataSource":"main","sql":"UPDATE review_records rm\nSET \n    round = '{{$context.data.round}}',\n\n    total_issues = (SELECT count(*) FROM defects WHERE f_0ipjqjhd3dt = {{$context.data.f_0ipjqjhd3dt}}),\n    \n    eff_indep_issues = (SELECT count(*) FROM defects WHERE f_0ipjqjhd3dt = {{$context.data.f_0ipjqjhd3dt}} AND discovery_stage = '独立评审'),\n    \n    eff_meet_issues = (SELECT count(*) FROM defects WHERE f_0ipjqjhd3dt = {{$context.data.f_0ipjqjhd3dt}} AND discovery_stage = '会议评审'),\n    \n    eff_issue_hour = ROUND((CAST((SELECT count(*) FROM defects WHERE f_0ipjqjhd3dt = COALESCE({{$context.data.f_0ipjqjhd3dt}}, 0)) AS DECIMAL) / NULLIF((rm.workload_indep + rm.workload_joint), 0))::numeric, 2),\n    \n    eff_page_hour = ROUND((CAST(rm.page_count AS DECIMAL) / NULLIF((rm.workload_indep + rm.workload_joint), 0))::numeric, 2),\n\n    review_density = ROUND((CAST((SELECT count(*) FROM defects WHERE f_0ipjqjhd3dt = {{$context.data.f_0ipjqjhd3dt}}) AS DECIMAL) / NULLIF(rm.page_count, 0))::numeric, 2),\n    \n    is_standard = CASE \n        WHEN (CAST((SELECT count(*) FROM defects WHERE f_0ipjqjhd3dt = {{$context.data.f_0ipjqjhd3dt}}) AS DECIMAL) / NULLIF(rm.page_count, 0)) < 0.6 THEN '是' \n        ELSE '否' \n    END,\n    \n    fail_reason = CASE \n        WHEN (CAST((SELECT count(*) FROM defects WHERE f_0ipjqjhd3dt = {{$context.data.f_0ipjqjhd3dt}}) AS DECIMAL) / NULLIF(rm.page_count, 0)) >= 0.6 THEN '缺陷密度超过0.6，建议重新评审' \n        ELSE NULL \n    END\n\nWHERE rm.id = {{$context.data.f_0ipjqjhd3dt}}"} workflowId=352865042890752
[34m2026-03-16 16:43:51 [debug] job added to save list: {"result":[],"status":1,"nodeId":352865042890753,"nodeKey":"h0bsr2dvmfo","id":"13861665091124224","createdAt":"2026-03-16T08:43:51.398Z","updatedAt":"2026-03-16T08:43:51.398Z","executionId":353635678486530}[39m workflowId=352865042890752
[32m2026-03-16 16:43:51 [info]  execution (353635678486530) run instruction [sql] for node (352865042890753) finished as status: 1[39m workflowId=352865042890752
[34m2026-03-16 16:43:51 [debug] result of node                              [39m 
[34m2026-03-16 16:43:51 [debug] branch ended at node (352865042890753)      [39m 
[32m2026-03-16 16:43:51 [info]  execution (353635678486530) exiting with status 1[39m workflowId=352865042890752
[32m2026-03-16 16:43:51 [info]  execution (353635678486530) finished with status: 1[39m 
[34m2026-03-16 16:43:51 [debug] execution (353635678486530) details:        [39m execution={"createdAt":"2026-03-16T08:43:51.271Z","id":353635678486530,"updatedAt":"2026-03-16T08:43:51.400Z","key":"g9ogbwav55x","eventKey":"38e42d79-c16c-4f0a-9e11-eb4b974aaa1c","context":{"data":{"createdAt":"2026-03-16T08:43:51.217Z","updatedAt":"2026-03-16T08:43:51.230Z","id":353635678486528,"defect":"测试模块缺失数据","defect_rank":"level1","priority":"P1","defect_classification":"挂机","defect_status":"已关闭","label":["已修复","已关闭"],"level_1_cause":"设计问题","discovery_stage":"独立评审","round":"CC2026R2回归测试","f_jmazop48q5l":353633853964288,"f_0ipjqjhd3dt":456,"createdById":1,"updatedById":1,"gitlab_url":null,"specific_reason":null,"module":null,"repair_plan":null,"test_stage":null,"issue_id":null,"assignee":null,"feature_name":null,"issue_state":null,"repair_status":null,"level_2_cause":null,"module_ref":[{"id":353633864450048}]}},"status":1,"dispatched":true,"stack":null,"output":null,"manually":null,"workflowId":352865042890752}
[32m2026-03-16 16:45:37 [info]  new event triggered, now events: 2          [39m 
[34m2026-03-16 16:45:37 [debug] event data:                                 [39m context={"data":{"createdAt":"2026-03-16T08:45:37.895Z","updatedAt":"2026-03-16T08:45:37.909Z","id":353635900784640,"defect":"测试模块缺失数据","defect_rank":"level1","priority":"P1","defect_classification":"其他","defect_status":"已关闭","label":["已修复","已关闭"],"round":"CC2026R2回归测试","discovery_stage":"独立评审","level_1_cause":"设计问题","f_jmazop48q5l":353633853964288,"f_0ipjqjhd3dt":456,"createdById":1,"updatedById":1,"gitlab_url":null,"specific_reason":null,"module":null,"repair_plan":null,"test_stage":null,"issue_id":null,"assignee":null,"feature_name":null,"issue_state":null,"repair_status":null,"level_2_cause":null,"module_ref":[{"id":353633864450048}]}}
[32m2026-03-16 16:45:37 [info]  new event is pending to be prepared after previous preparation is finished[39m 
[32m2026-03-16 16:45:37 [info]  preparing execution for event               [39m 
[32m2026-03-16 16:45:37 [info]  execution of workflow 352865042890752 created as 353635900784642[39m 
[32m2026-03-16 16:45:37 [info]  instance is not serving as worker or local pending list is not empty, sending execution (353635900784642) to queue[39m 
[32m2026-03-16 16:45:38 [info]  execution (353635900784642) fetched from db [39m 
[32m2026-03-16 16:45:38 [info]  execution (353635900784642) starting...     [39m 
[32m2026-03-16 16:45:38 [info]  execution (353635900784642) run instruction [sql] for node (352865042890753)[39m workflowId=352865042890752
[34m2026-03-16 16:45:38 [debug] config of node                              [39m data={"dataSource":"main","sql":"UPDATE review_records rm\nSET \n    round = '{{$context.data.round}}',\n\n    total_issues = (SELECT count(*) FROM defects WHERE f_0ipjqjhd3dt = {{$context.data.f_0ipjqjhd3dt}}),\n    \n    eff_indep_issues = (SELECT count(*) FROM defects WHERE f_0ipjqjhd3dt = {{$context.data.f_0ipjqjhd3dt}} AND discovery_stage = '独立评审'),\n    \n    eff_meet_issues = (SELECT count(*) FROM defects WHERE f_0ipjqjhd3dt = {{$context.data.f_0ipjqjhd3dt}} AND discovery_stage = '会议评审'),\n    \n    eff_issue_hour = ROUND((CAST((SELECT count(*) FROM defects WHERE f_0ipjqjhd3dt = COALESCE({{$context.data.f_0ipjqjhd3dt}}, 0)) AS DECIMAL) / NULLIF((rm.workload_indep + rm.workload_joint), 0))::numeric, 2),\n    \n    eff_page_hour = ROUND((CAST(rm.page_count AS DECIMAL) / NULLIF((rm.workload_indep + rm.workload_joint), 0))::numeric, 2),\n\n    review_density = ROUND((CAST((SELECT count(*) FROM defects WHERE f_0ipjqjhd3dt = {{$context.data.f_0ipjqjhd3dt}}) AS DECIMAL) / NULLIF(rm.page_count, 0))::numeric, 2),\n    \n    is_standard = CASE \n        WHEN (CAST((SELECT count(*) FROM defects WHERE f_0ipjqjhd3dt = {{$context.data.f_0ipjqjhd3dt}}) AS DECIMAL) / NULLIF(rm.page_count, 0)) < 0.6 THEN '是' \n        ELSE '否' \n    END,\n    \n    fail_reason = CASE \n        WHEN (CAST((SELECT count(*) FROM defects WHERE f_0ipjqjhd3dt = {{$context.data.f_0ipjqjhd3dt}}) AS DECIMAL) / NULLIF(rm.page_count, 0)) >= 0.6 THEN '缺陷密度超过0.6，建议重新评审' \n        ELSE NULL \n    END\n\nWHERE rm.id = {{$context.data.f_0ipjqjhd3dt}}"} workflowId=352865042890752
[34m2026-03-16 16:45:38 [debug] job added to save list: {"result":[],"status":1,"nodeId":352865042890753,"nodeKey":"h0bsr2dvmfo","id":"13862112518503424","createdAt":"2026-03-16T08:45:38.073Z","updatedAt":"2026-03-16T08:45:38.073Z","executionId":353635900784642}[39m workflowId=352865042890752
[32m2026-03-16 16:45:38 [info]  execution (353635900784642) run instruction [sql] for node (352865042890753) finished as status: 1[39m workflowId=352865042890752
[34m2026-03-16 16:45:38 [debug] result of node                              [39m 
[34m2026-03-16 16:45:38 [debug] branch ended at node (352865042890753)      [39m 
[32m2026-03-16 16:45:38 [info]  execution (353635900784642) exiting with status 1[39m workflowId=352865042890752
[32m2026-03-16 16:45:38 [info]  execution (353635900784642) finished with status: 1[39m 
[34m2026-03-16 16:45:38 [debug] execution (353635900784642) details:        [39m execution={"createdAt":"2026-03-16T08:45:37.951Z","id":353635900784642,"updatedAt":"2026-03-16T08:45:38.075Z","key":"g9ogbwav55x","eventKey":"69443710-6d81-4025-9380-c38563fe212a","context":{"data":{"createdAt":"2026-03-16T08:45:37.895Z","updatedAt":"2026-03-16T08:45:37.909Z","id":353635900784640,"defect":"测试模块缺失数据","defect_rank":"level1","priority":"P1","defect_classification":"其他","defect_status":"已关闭","label":["已修复","已关闭"],"round":"CC2026R2回归测试","discovery_stage":"独立评审","level_1_cause":"设计问题","f_jmazop48q5l":353633853964288,"f_0ipjqjhd3dt":456,"createdById":1,"updatedById":1,"gitlab_url":null,"specific_reason":null,"module":null,"repair_plan":null,"test_stage":null,"issue_id":null,"assignee":null,"feature_name":null,"issue_state":null,"repair_status":null,"level_2_cause":null,"module_ref":[{"id":353633864450048}]}},"status":1,"dispatched":true,"stack":null,"output":null,"manually":null,"workflowId":352865042890752}
[32m2026-03-16 16:50:49 [info]  new event triggered, now events: 2          [39m 
[34m2026-03-16 16:50:49 [debug] event data:                                 [39m context={"data":{"createdAt":"2026-03-16T08:50:49.026Z","updatedAt":"2026-03-16T08:50:49.037Z","id":353636555096064,"defect":"测试模块缺失数据","defect_rank":"level1","priority":"P1","defect_classification":"其他","defect_status":"已关闭","label":["已修复","已关闭"],"round":"CC2026R2第二轮测试","discovery_stage":"独立评审","level_1_cause":"设计问题","f_jmazop48q5l":353633853964288,"f_0ipjqjhd3dt":456,"createdById":1,"updatedById":1,"gitlab_url":null,"specific_reason":null,"module":null,"repair_plan":null,"test_stage":null,"issue_id":null,"assignee":null,"feature_name":null,"issue_state":null,"repair_status":null,"level_2_cause":null,"module_ref":[{"id":353633864450048}]}}
[32m2026-03-16 16:50:49 [info]  new event is pending to be prepared after previous preparation is finished[39m 
[32m2026-03-16 16:50:49 [info]  preparing execution for event               [39m 
[32m2026-03-16 16:50:49 [info]  execution of workflow 352865042890752 created as 353636555096066[39m 
[32m2026-03-16 16:50:49 [info]  instance is not serving as worker or local pending list is not empty, sending execution (353636555096066) to queue[39m 
[32m2026-03-16 16:50:49 [info]  execution (353636555096066) fetched from db [39m 
[32m2026-03-16 16:50:49 [info]  execution (353636555096066) starting...     [39m 
[32m2026-03-16 16:50:49 [info]  execution (353636555096066) run instruction [sql] for node (352865042890753)[39m workflowId=352865042890752
[34m2026-03-16 16:50:49 [debug] config of node                              [39m data={"dataSource":"main","sql":"UPDATE review_records rm\nSET \n    round = '{{$context.data.round}}',\n\n    total_issues = (SELECT count(*) FROM defects WHERE f_0ipjqjhd3dt = {{$context.data.f_0ipjqjhd3dt}}),\n    \n    eff_indep_issues = (SELECT count(*) FROM defects WHERE f_0ipjqjhd3dt = {{$context.data.f_0ipjqjhd3dt}} AND discovery_stage = '独立评审'),\n    \n    eff_meet_issues = (SELECT count(*) FROM defects WHERE f_0ipjqjhd3dt = {{$context.data.f_0ipjqjhd3dt}} AND discovery_stage = '会议评审'),\n    \n    eff_issue_hour = ROUND((CAST((SELECT count(*) FROM defects WHERE f_0ipjqjhd3dt = COALESCE({{$context.data.f_0ipjqjhd3dt}}, 0)) AS DECIMAL) / NULLIF((rm.workload_indep + rm.workload_joint), 0))::numeric, 2),\n    \n    eff_page_hour = ROUND((CAST(rm.page_count AS DECIMAL) / NULLIF((rm.workload_indep + rm.workload_joint), 0))::numeric, 2),\n\n    review_density = ROUND((CAST((SELECT count(*) FROM defects WHERE f_0ipjqjhd3dt = {{$context.data.f_0ipjqjhd3dt}}) AS DECIMAL) / NULLIF(rm.page_count, 0))::numeric, 2),\n    \n    is_standard = CASE \n        WHEN (CAST((SELECT count(*) FROM defects WHERE f_0ipjqjhd3dt = {{$context.data.f_0ipjqjhd3dt}}) AS DECIMAL) / NULLIF(rm.page_count, 0)) < 0.6 THEN '是' \n        ELSE '否' \n    END,\n    \n    fail_reason = CASE \n        WHEN (CAST((SELECT count(*) FROM defects WHERE f_0ipjqjhd3dt = {{$context.data.f_0ipjqjhd3dt}}) AS DECIMAL) / NULLIF(rm.page_count, 0)) >= 0.6 THEN '缺陷密度超过0.6，建议重新评审' \n        ELSE NULL \n    END\n\nWHERE rm.id = {{$context.data.f_0ipjqjhd3dt}}"} workflowId=352865042890752
[34m2026-03-16 16:50:49 [debug] job added to save list: {"result":[],"status":1,"nodeId":352865042890753,"nodeKey":"h0bsr2dvmfo","id":"13863417215482880","createdAt":"2026-03-16T08:50:49.137Z","updatedAt":"2026-03-16T08:50:49.137Z","executionId":353636555096066}[39m workflowId=352865042890752
[32m2026-03-16 16:50:49 [info]  execution (353636555096066) run instruction [sql] for node (352865042890753) finished as status: 1[39m workflowId=352865042890752
[34m2026-03-16 16:50:49 [debug] result of node                              [39m 
[34m2026-03-16 16:50:49 [debug] branch ended at node (352865042890753)      [39m 
[32m2026-03-16 16:50:49 [info]  execution (353636555096066) exiting with status 1[39m workflowId=352865042890752
[32m2026-03-16 16:50:49 [info]  execution (353636555096066) finished with status: 1[39m 
[34m2026-03-16 16:50:49 [debug] execution (353636555096066) details:        [39m execution={"createdAt":"2026-03-16T08:50:49.078Z","id":353636555096066,"updatedAt":"2026-03-16T08:50:49.138Z","key":"g9ogbwav55x","eventKey":"1fdd11ff-959f-42c1-b392-e84ac28b44a2","context":{"data":{"createdAt":"2026-03-16T08:50:49.026Z","updatedAt":"2026-03-16T08:50:49.037Z","id":353636555096064,"defect":"测试模块缺失数据","defect_rank":"level1","priority":"P1","defect_classification":"其他","defect_status":"已关闭","label":["已修复","已关闭"],"round":"CC2026R2第二轮测试","discovery_stage":"独立评审","level_1_cause":"设计问题","f_jmazop48q5l":353633853964288,"f_0ipjqjhd3dt":456,"createdById":1,"updatedById":1,"gitlab_url":null,"specific_reason":null,"module":null,"repair_plan":null,"test_stage":null,"issue_id":null,"assignee":null,"feature_name":null,"issue_state":null,"repair_status":null,"level_2_cause":null,"module_ref":[{"id":353633864450048}]}},"status":1,"dispatched":true,"stack":null,"output":null,"manually":null,"workflowId":352865042890752}
[32m2026-03-16 16:57:41 [info]  new event triggered, now events: 2          [39m 
[34m2026-03-16 16:57:41 [debug] event data:                                 [39m context={"data":{"createdAt":"2026-03-16T08:57:40.982Z","updatedAt":"2026-03-16T08:57:40.995Z","id":353637417025536,"defect":"测试模块缺失数据","defect_rank":"level1","priority":"P1","defect_classification":"其他","defect_status":"已关闭","label":["已修复","已关闭"],"round":"CC2026R2回归测试","discovery_stage":"独立评审","level_1_cause":"设计问题","f_jmazop48q5l":353633853964288,"f_0ipjqjhd3dt":456,"createdById":1,"updatedById":1,"gitlab_url":null,"specific_reason":null,"module":null,"repair_plan":null,"test_stage":null,"issue_id":null,"assignee":null,"feature_name":null,"issue_state":null,"repair_status":null,"level_2_cause":null,"module_ref":[{"id":353633864450048}]}}
[32m2026-03-16 16:57:41 [info]  new event is pending to be prepared after previous preparation is finished[39m 
[32m2026-03-16 16:57:41 [info]  preparing execution for event               [39m 
[32m2026-03-16 16:57:41 [info]  execution of workflow 352865042890752 created as 353637419122689[39m 
[32m2026-03-16 16:57:41 [info]  instance is not serving as worker or local pending list is not empty, sending execution (353637419122689) to queue[39m 
[32m2026-03-16 16:57:41 [info]  execution (353637419122689) fetched from db [39m 
[32m2026-03-16 16:57:41 [info]  execution (353637419122689) starting...     [39m 
[32m2026-03-16 16:57:41 [info]  execution (353637419122689) run instruction [sql] for node (352865042890753)[39m workflowId=352865042890752
[34m2026-03-16 16:57:41 [debug] config of node                              [39m data={"dataSource":"main","sql":"UPDATE review_records rm\nSET \n    round = '{{$context.data.round}}',\n\n    total_issues = (SELECT count(*) FROM defects WHERE f_0ipjqjhd3dt = {{$context.data.f_0ipjqjhd3dt}}),\n    \n    eff_indep_issues = (SELECT count(*) FROM defects WHERE f_0ipjqjhd3dt = {{$context.data.f_0ipjqjhd3dt}} AND discovery_stage = '独立评审'),\n    \n    eff_meet_issues = (SELECT count(*) FROM defects WHERE f_0ipjqjhd3dt = {{$context.data.f_0ipjqjhd3dt}} AND discovery_stage = '会议评审'),\n    \n    eff_issue_hour = ROUND((CAST((SELECT count(*) FROM defects WHERE f_0ipjqjhd3dt = COALESCE({{$context.data.f_0ipjqjhd3dt}}, 0)) AS DECIMAL) / NULLIF((rm.workload_indep + rm.workload_joint), 0))::numeric, 2),\n    \n    eff_page_hour = ROUND((CAST(rm.page_count AS DECIMAL) / NULLIF((rm.workload_indep + rm.workload_joint), 0))::numeric, 2),\n\n    review_density = ROUND((CAST((SELECT count(*) FROM defects WHERE f_0ipjqjhd3dt = {{$context.data.f_0ipjqjhd3dt}}) AS DECIMAL) / NULLIF(rm.page_count, 0))::numeric, 2),\n    \n    is_standard = CASE \n        WHEN (CAST((SELECT count(*) FROM defects WHERE f_0ipjqjhd3dt = {{$context.data.f_0ipjqjhd3dt}}) AS DECIMAL) / NULLIF(rm.page_count, 0)) < 0.6 THEN '是' \n        ELSE '否' \n    END,\n    \n    fail_reason = CASE \n        WHEN (CAST((SELECT count(*) FROM defects WHERE f_0ipjqjhd3dt = {{$context.data.f_0ipjqjhd3dt}}) AS DECIMAL) / NULLIF(rm.page_count, 0)) >= 0.6 THEN '缺陷密度超过0.6，建议重新评审' \n        ELSE NULL \n    END\n\nWHERE rm.id = {{$context.data.f_0ipjqjhd3dt}}"} workflowId=352865042890752
[34m2026-03-16 16:57:41 [debug] job added to save list: {"result":[],"status":1,"nodeId":352865042890753,"nodeKey":"h0bsr2dvmfo","id":"13865145377782784","createdAt":"2026-03-16T08:57:41.163Z","updatedAt":"2026-03-16T08:57:41.163Z","executionId":353637419122689}[39m workflowId=352865042890752
[32m2026-03-16 16:57:41 [info]  execution (353637419122689) run instruction [sql] for node (352865042890753) finished as status: 1[39m workflowId=352865042890752
[34m2026-03-16 16:57:41 [debug] result of node                              [39m 
[34m2026-03-16 16:57:41 [debug] branch ended at node (352865042890753)      [39m 
[32m2026-03-16 16:57:41 [info]  execution (353637419122689) exiting with status 1[39m workflowId=352865042890752
[32m2026-03-16 16:57:41 [info]  execution (353637419122689) finished with status: 1[39m 
[34m2026-03-16 16:57:41 [debug] execution (353637419122689) details:        [39m execution={"createdAt":"2026-03-16T08:57:41.028Z","id":353637419122689,"updatedAt":"2026-03-16T08:57:41.165Z","key":"g9ogbwav55x","eventKey":"695a6b2f-dcd4-4f5b-a63c-7a503940e48e","context":{"data":{"createdAt":"2026-03-16T08:57:40.982Z","updatedAt":"2026-03-16T08:57:40.995Z","id":353637417025536,"defect":"测试模块缺失数据","defect_rank":"level1","priority":"P1","defect_classification":"其他","defect_status":"已关闭","label":["已修复","已关闭"],"round":"CC2026R2回归测试","discovery_stage":"独立评审","level_1_cause":"设计问题","f_jmazop48q5l":353633853964288,"f_0ipjqjhd3dt":456,"createdById":1,"updatedById":1,"gitlab_url":null,"specific_reason":null,"module":null,"repair_plan":null,"test_stage":null,"issue_id":null,"assignee":null,"feature_name":null,"issue_state":null,"repair_status":null,"level_2_cause":null,"module_ref":[{"id":353633864450048}]}},"status":1,"dispatched":true,"stack":null,"output":null,"manually":null,"workflowId":352865042890752}
[32m2026-03-16 17:00:26 [info]  new event triggered, now events: 2          [39m 
[34m2026-03-16 17:00:26 [debug] event data:                                 [39m context={"data":{"createdAt":"2026-03-16T09:00:26.693Z","updatedAt":"2026-03-16T09:00:26.710Z","id":353637765152768,"defect":"测试模块缺失数据","defect_rank":"level1","priority":"P1","defect_classification":"其他","defect_status":"已关闭","label":["已修复","已关闭"],"round":"CC2026R2回归测试","discovery_stage":"独立评审","level_1_cause":"设计问题","f_jmazop48q5l":353633853964288,"f_0ipjqjhd3dt":456,"createdById":1,"updatedById":1,"gitlab_url":null,"specific_reason":null,"module":null,"repair_plan":null,"test_stage":null,"issue_id":null,"assignee":null,"feature_name":null,"issue_state":null,"repair_status":null,"level_2_cause":null,"module_ref":[{"id":353633864450048}]}}
[32m2026-03-16 17:00:26 [info]  new event is pending to be prepared after previous preparation is finished[39m 
[32m2026-03-16 17:00:26 [info]  preparing execution for event               [39m 
[32m2026-03-16 17:00:26 [info]  execution of workflow 352865042890752 created as 353637765152770[39m 
[32m2026-03-16 17:00:26 [info]  instance is not serving as worker or local pending list is not empty, sending execution (353637765152770) to queue[39m 
[32m2026-03-16 17:00:26 [info]  execution (353637765152770) fetched from db [39m 
[32m2026-03-16 17:00:26 [info]  execution (353637765152770) starting...     [39m 
[32m2026-03-16 17:00:26 [info]  execution (353637765152770) run instruction [sql] for node (352865042890753)[39m workflowId=352865042890752
[34m2026-03-16 17:00:26 [debug] config of node                              [39m data={"dataSource":"main","sql":"UPDATE review_records rm\nSET \n    round = '{{$context.data.round}}',\n\n    total_issues = (SELECT count(*) FROM defects WHERE f_0ipjqjhd3dt = {{$context.data.f_0ipjqjhd3dt}}),\n    \n    eff_indep_issues = (SELECT count(*) FROM defects WHERE f_0ipjqjhd3dt = {{$context.data.f_0ipjqjhd3dt}} AND discovery_stage = '独立评审'),\n    \n    eff_meet_issues = (SELECT count(*) FROM defects WHERE f_0ipjqjhd3dt = {{$context.data.f_0ipjqjhd3dt}} AND discovery_stage = '会议评审'),\n    \n    eff_issue_hour = ROUND((CAST((SELECT count(*) FROM defects WHERE f_0ipjqjhd3dt = COALESCE({{$context.data.f_0ipjqjhd3dt}}, 0)) AS DECIMAL) / NULLIF((rm.workload_indep + rm.workload_joint), 0))::numeric, 2),\n    \n    eff_page_hour = ROUND((CAST(rm.page_count AS DECIMAL) / NULLIF((rm.workload_indep + rm.workload_joint), 0))::numeric, 2),\n\n    review_density = ROUND((CAST((SELECT count(*) FROM defects WHERE f_0ipjqjhd3dt = {{$context.data.f_0ipjqjhd3dt}}) AS DECIMAL) / NULLIF(rm.page_count, 0))::numeric, 2),\n    \n    is_standard = CASE \n        WHEN (CAST((SELECT count(*) FROM defects WHERE f_0ipjqjhd3dt = {{$context.data.f_0ipjqjhd3dt}}) AS DECIMAL) / NULLIF(rm.page_count, 0)) < 0.6 THEN '是' \n        ELSE '否' \n    END,\n    \n    fail_reason = CASE \n        WHEN (CAST((SELECT count(*) FROM defects WHERE f_0ipjqjhd3dt = {{$context.data.f_0ipjqjhd3dt}}) AS DECIMAL) / NULLIF(rm.page_count, 0)) >= 0.6 THEN '缺陷密度超过0.6，建议重新评审' \n        ELSE NULL \n    END\n\nWHERE rm.id = {{$context.data.f_0ipjqjhd3dt}}"} workflowId=352865042890752
[34m2026-03-16 17:00:26 [debug] job added to save list: {"result":[],"status":1,"nodeId":352865042890753,"nodeKey":"h0bsr2dvmfo","id":"13865840399121408","createdAt":"2026-03-16T09:00:26.869Z","updatedAt":"2026-03-16T09:00:26.869Z","executionId":353637765152770}[39m workflowId=352865042890752
[32m2026-03-16 17:00:26 [info]  execution (353637765152770) run instruction [sql] for node (352865042890753) finished as status: 1[39m workflowId=352865042890752
[34m2026-03-16 17:00:26 [debug] result of node                              [39m 
[34m2026-03-16 17:00:26 [debug] branch ended at node (352865042890753)      [39m 
[32m2026-03-16 17:00:26 [info]  execution (353637765152770) exiting with status 1[39m workflowId=352865042890752
[32m2026-03-16 17:00:26 [info]  execution (353637765152770) finished with status: 1[39m 
[34m2026-03-16 17:00:26 [debug] execution (353637765152770) details:        [39m execution={"createdAt":"2026-03-16T09:00:26.735Z","id":353637765152770,"updatedAt":"2026-03-16T09:00:26.871Z","key":"g9ogbwav55x","eventKey":"d7e4b602-6217-4aa2-a143-f687e5563505","context":{"data":{"createdAt":"2026-03-16T09:00:26.693Z","updatedAt":"2026-03-16T09:00:26.710Z","id":353637765152768,"defect":"测试模块缺失数据","defect_rank":"level1","priority":"P1","defect_classification":"其他","defect_status":"已关闭","label":["已修复","已关闭"],"round":"CC2026R2回归测试","discovery_stage":"独立评审","level_1_cause":"设计问题","f_jmazop48q5l":353633853964288,"f_0ipjqjhd3dt":456,"createdById":1,"updatedById":1,"gitlab_url":null,"specific_reason":null,"module":null,"repair_plan":null,"test_stage":null,"issue_id":null,"assignee":null,"feature_name":null,"issue_state":null,"repair_status":null,"level_2_cause":null,"module_ref":[{"id":353633864450048}]}},"status":1,"dispatched":true,"stack":null,"output":null,"manually":null,"workflowId":352865042890752}
[32m2026-03-16 17:02:29 [info]  new event triggered, now events: 2          [39m 
[34m2026-03-16 17:02:29 [debug] event data:                                 [39m context={"data":{"createdAt":"2026-03-16T09:02:29.169Z","updatedAt":"2026-03-16T09:02:29.185Z","id":353638023102464,"defect":"导入大型文件时系统界面挂机","defect_rank":"level1","priority":"P1","defect_classification":"其他","defect_status":"已关闭","label":["已修复","已关闭"],"round":"CC2026R2回归测试","discovery_stage":"独立评审","level_1_cause":"设计问题","f_jmazop48q5l":353633853964288,"f_0ipjqjhd3dt":456,"createdById":1,"updatedById":1,"gitlab_url":null,"specific_reason":null,"module":null,"repair_plan":null,"test_stage":null,"issue_id":null,"assignee":null,"feature_name":null,"issue_state":null,"repair_status":null,"level_2_cause":null,"module_ref":[{"id":353633864450048}]}}
[32m2026-03-16 17:02:29 [info]  new event is pending to be prepared after previous preparation is finished[39m 
[32m2026-03-16 17:02:29 [info]  preparing execution for event               [39m 
[32m2026-03-16 17:02:29 [info]  execution of workflow 352865042890752 created as 353638023102466[39m 
[32m2026-03-16 17:02:29 [info]  instance is not serving as worker or local pending list is not empty, sending execution (353638023102466) to queue[39m 
[32m2026-03-16 17:02:29 [info]  execution (353638023102466) fetched from db [39m 
[32m2026-03-16 17:02:29 [info]  execution (353638023102466) starting...     [39m 
[32m2026-03-16 17:02:29 [info]  execution (353638023102466) run instruction [sql] for node (352865042890753)[39m workflowId=352865042890752
[34m2026-03-16 17:02:29 [debug] config of node                              [39m data={"dataSource":"main","sql":"UPDATE review_records rm\nSET \n    round = '{{$context.data.round}}',\n\n    total_issues = (SELECT count(*) FROM defects WHERE f_0ipjqjhd3dt = {{$context.data.f_0ipjqjhd3dt}}),\n    \n    eff_indep_issues = (SELECT count(*) FROM defects WHERE f_0ipjqjhd3dt = {{$context.data.f_0ipjqjhd3dt}} AND discovery_stage = '独立评审'),\n    \n    eff_meet_issues = (SELECT count(*) FROM defects WHERE f_0ipjqjhd3dt = {{$context.data.f_0ipjqjhd3dt}} AND discovery_stage = '会议评审'),\n    \n    eff_issue_hour = ROUND((CAST((SELECT count(*) FROM defects WHERE f_0ipjqjhd3dt = COALESCE({{$context.data.f_0ipjqjhd3dt}}, 0)) AS DECIMAL) / NULLIF((rm.workload_indep + rm.workload_joint), 0))::numeric, 2),\n    \n    eff_page_hour = ROUND((CAST(rm.page_count AS DECIMAL) / NULLIF((rm.workload_indep + rm.workload_joint), 0))::numeric, 2),\n\n    review_density = ROUND((CAST((SELECT count(*) FROM defects WHERE f_0ipjqjhd3dt = {{$context.data.f_0ipjqjhd3dt}}) AS DECIMAL) / NULLIF(rm.page_count, 0))::numeric, 2),\n    \n    is_standard = CASE \n        WHEN (CAST((SELECT count(*) FROM defects WHERE f_0ipjqjhd3dt = {{$context.data.f_0ipjqjhd3dt}}) AS DECIMAL) / NULLIF(rm.page_count, 0)) < 0.6 THEN '是' \n        ELSE '否' \n    END,\n    \n    fail_reason = CASE \n        WHEN (CAST((SELECT count(*) FROM defects WHERE f_0ipjqjhd3dt = {{$context.data.f_0ipjqjhd3dt}}) AS DECIMAL) / NULLIF(rm.page_count, 0)) >= 0.6 THEN '缺陷密度超过0.6，建议重新评审' \n        ELSE NULL \n    END\n\nWHERE rm.id = {{$context.data.f_0ipjqjhd3dt}}"} workflowId=352865042890752
[34m2026-03-16 17:02:29 [debug] job added to save list: {"result":[],"status":1,"nodeId":352865042890753,"nodeKey":"h0bsr2dvmfo","id":"13866354234915840","createdAt":"2026-03-16T09:02:29.377Z","updatedAt":"2026-03-16T09:02:29.377Z","executionId":353638023102466}[39m workflowId=352865042890752
[32m2026-03-16 17:02:29 [info]  execution (353638023102466) run instruction [sql] for node (352865042890753) finished as status: 1[39m workflowId=352865042890752
[34m2026-03-16 17:02:29 [debug] result of node                              [39m 
[34m2026-03-16 17:02:29 [debug] branch ended at node (352865042890753)      [39m 
[32m2026-03-16 17:02:29 [info]  execution (353638023102466) exiting with status 1[39m workflowId=352865042890752
[32m2026-03-16 17:02:29 [info]  execution (353638023102466) finished with status: 1[39m 
[34m2026-03-16 17:02:29 [debug] execution (353638023102466) details:        [39m execution={"createdAt":"2026-03-16T09:02:29.213Z","id":353638023102466,"updatedAt":"2026-03-16T09:02:29.382Z","key":"g9ogbwav55x","eventKey":"82e9ac6d-7e74-4e9a-b901-594dfc31d2f1","context":{"data":{"createdAt":"2026-03-16T09:02:29.169Z","updatedAt":"2026-03-16T09:02:29.185Z","id":353638023102464,"defect":"导入大型文件时系统界面挂机","defect_rank":"level1","priority":"P1","defect_classification":"其他","defect_status":"已关闭","label":["已修复","已关闭"],"round":"CC2026R2回归测试","discovery_stage":"独立评审","level_1_cause":"设计问题","f_jmazop48q5l":353633853964288,"f_0ipjqjhd3dt":456,"createdById":1,"updatedById":1,"gitlab_url":null,"specific_reason":null,"module":null,"repair_plan":null,"test_stage":null,"issue_id":null,"assignee":null,"feature_name":null,"issue_state":null,"repair_status":null,"level_2_cause":null,"module_ref":[{"id":353633864450048}]}},"status":1,"dispatched":true,"stack":null,"output":null,"manually":null,"workflowId":352865042890752}
[32m2026-03-16 17:03:11 [info]  new event triggered, now events: 2          [39m 
[34m2026-03-16 17:03:11 [debug] event data:                                 [39m context={"data":{"createdAt":"2026-03-16T09:03:11.111Z","updatedAt":"2026-03-16T09:03:11.129Z","id":353638111182848,"level_1_cause":"需求问题","discovery_stage":"独立评审","round":"CC2026R2回归测试","label":["已修复","已关闭"],"defect_status":"已关闭","defect_classification":"网退","priority":"P1","defect_rank":"level1","defect":"核心算法模块代码回退导致崩溃","f_jmazop48q5l":353633853964288,"f_0ipjqjhd3dt":456,"createdById":1,"updatedById":1,"gitlab_url":null,"specific_reason":null,"module":null,"repair_plan":null,"test_stage":null,"issue_id":null,"assignee":null,"feature_name":null,"issue_state":null,"repair_status":null,"level_2_cause":null,"module_ref":[{"id":353633864450048}]}}
[32m2026-03-16 17:03:11 [info]  new event is pending to be prepared after previous preparation is finished[39m 
[32m2026-03-16 17:03:11 [info]  preparing execution for event               [39m 
[32m2026-03-16 17:03:11 [info]  execution of workflow 352865042890752 created as 353638111182850[39m 
[32m2026-03-16 17:03:11 [info]  instance is not serving as worker or local pending list is not empty, sending execution (353638111182850) to queue[39m 
[32m2026-03-16 17:03:11 [info]  execution (353638111182850) fetched from db [39m 
[32m2026-03-16 17:03:11 [info]  execution (353638111182850) starting...     [39m 
[32m2026-03-16 17:03:11 [info]  execution (353638111182850) run instruction [sql] for node (352865042890753)[39m workflowId=352865042890752
[34m2026-03-16 17:03:11 [debug] config of node                              [39m data={"dataSource":"main","sql":"UPDATE review_records rm\nSET \n    round = '{{$context.data.round}}',\n\n    total_issues = (SELECT count(*) FROM defects WHERE f_0ipjqjhd3dt = {{$context.data.f_0ipjqjhd3dt}}),\n    \n    eff_indep_issues = (SELECT count(*) FROM defects WHERE f_0ipjqjhd3dt = {{$context.data.f_0ipjqjhd3dt}} AND discovery_stage = '独立评审'),\n    \n    eff_meet_issues = (SELECT count(*) FROM defects WHERE f_0ipjqjhd3dt = {{$context.data.f_0ipjqjhd3dt}} AND discovery_stage = '会议评审'),\n    \n    eff_issue_hour = ROUND((CAST((SELECT count(*) FROM defects WHERE f_0ipjqjhd3dt = COALESCE({{$context.data.f_0ipjqjhd3dt}}, 0)) AS DECIMAL) / NULLIF((rm.workload_indep + rm.workload_joint), 0))::numeric, 2),\n    \n    eff_page_hour = ROUND((CAST(rm.page_count AS DECIMAL) / NULLIF((rm.workload_indep + rm.workload_joint), 0))::numeric, 2),\n\n    review_density = ROUND((CAST((SELECT count(*) FROM defects WHERE f_0ipjqjhd3dt = {{$context.data.f_0ipjqjhd3dt}}) AS DECIMAL) / NULLIF(rm.page_count, 0))::numeric, 2),\n    \n    is_standard = CASE \n        WHEN (CAST((SELECT count(*) FROM defects WHERE f_0ipjqjhd3dt = {{$context.data.f_0ipjqjhd3dt}}) AS DECIMAL) / NULLIF(rm.page_count, 0)) < 0.6 THEN '是' \n        ELSE '否' \n    END,\n    \n    fail_reason = CASE \n        WHEN (CAST((SELECT count(*) FROM defects WHERE f_0ipjqjhd3dt = {{$context.data.f_0ipjqjhd3dt}}) AS DECIMAL) / NULLIF(rm.page_count, 0)) >= 0.6 THEN '缺陷密度超过0.6，建议重新评审' \n        ELSE NULL \n    END\n\nWHERE rm.id = {{$context.data.f_0ipjqjhd3dt}}"} workflowId=352865042890752
[34m2026-03-16 17:03:11 [debug] job added to save list: {"result":[],"status":1,"nodeId":352865042890753,"nodeKey":"h0bsr2dvmfo","id":"13866530114665472","createdAt":"2026-03-16T09:03:11.310Z","updatedAt":"2026-03-16T09:03:11.310Z","executionId":353638111182850}[39m workflowId=352865042890752
[32m2026-03-16 17:03:11 [info]  execution (353638111182850) run instruction [sql] for node (352865042890753) finished as status: 1[39m workflowId=352865042890752
[34m2026-03-16 17:03:11 [debug] result of node                              [39m 
[34m2026-03-16 17:03:11 [debug] branch ended at node (352865042890753)      [39m 
[32m2026-03-16 17:03:11 [info]  execution (353638111182850) exiting with status 1[39m workflowId=352865042890752
[32m2026-03-16 17:03:11 [info]  execution (353638111182850) finished with status: 1[39m 
[34m2026-03-16 17:03:11 [debug] execution (353638111182850) details:        [39m execution={"createdAt":"2026-03-16T09:03:11.168Z","id":353638111182850,"updatedAt":"2026-03-16T09:03:11.312Z","key":"g9ogbwav55x","eventKey":"0c0a87c4-1f05-4fcd-a5ae-a83788492161","context":{"data":{"createdAt":"2026-03-16T09:03:11.111Z","updatedAt":"2026-03-16T09:03:11.129Z","id":353638111182848,"level_1_cause":"需求问题","discovery_stage":"独立评审","round":"CC2026R2回归测试","label":["已修复","已关闭"],"defect_status":"已关闭","defect_classification":"网退","priority":"P1","defect_rank":"level1","defect":"核心算法模块代码回退导致崩溃","f_jmazop48q5l":353633853964288,"f_0ipjqjhd3dt":456,"createdById":1,"updatedById":1,"gitlab_url":null,"specific_reason":null,"module":null,"repair_plan":null,"test_stage":null,"issue_id":null,"assignee":null,"feature_name":null,"issue_state":null,"repair_status":null,"level_2_cause":null,"module_ref":[{"id":353633864450048}]}},"status":1,"dispatched":true,"stack":null,"output":null,"manually":null,"workflowId":352865042890752}
