[32m2026-03-19 09:40:36 [info]  new event triggered, now events: 2          [39m 
[34m2026-03-19 09:40:36 [debug] event data:                                 [39m context={"data":{"createdAt":"2026-03-19T01:40:36.506Z","updatedAt":"2026-03-19T01:40:36.562Z","id":354126003109888,"issue_id":"20225","level_2_cause":"需求遗漏","level_1_cause":"需求问题","round":"CC2026R2回归测试","defect_status":"已关闭","label":["已修复","已关闭"],"defect":"导入大型文件时系统界面挂机","defect_rank":"level1","priority":"P1","defect_classification":"挂机","f_0ipjqjhd3dt":456,"f_jmazop48q5l":353997147799552,"createdById":1,"updatedById":1,"gitlab_url":null,"discovery_stage":null,"specific_reason":null,"module":null,"repair_plan":null,"test_stage":null,"assignee":null,"feature_name":null,"issue_state":null,"repair_status":null,"module_ref":[{"id":353997158285312}]}}
[32m2026-03-19 09:40:36 [info]  new event is pending to be prepared after previous preparation is finished[39m 
[32m2026-03-19 09:40:36 [info]  preparing execution for event               [39m 
[32m2026-03-19 09:40:36 [info]  execution of workflow 352865042890752 created as 354126003109890[39m 
[32m2026-03-19 09:40:36 [info]  instance is not serving as worker or local pending list is not empty, sending execution (354126003109890) to queue[39m 
[32m2026-03-19 09:40:36 [info]  execution (354126003109890) fetched from db [39m 
[32m2026-03-19 09:40:36 [info]  execution (354126003109890) starting...     [39m 
[32m2026-03-19 09:40:36 [info]  execution (354126003109890) run instruction [sql] for node (352865042890753)[39m workflowId=352865042890752
[34m2026-03-19 09:40:36 [debug] config of node                              [39m data={"dataSource":"main","sql":"UPDATE review_records rm\nSET \n    round = '{{$context.data.round}}',\n\n    total_issues = (SELECT count(*) FROM defects WHERE f_0ipjqjhd3dt = {{$context.data.f_0ipjqjhd3dt}}),\n    \n    eff_indep_issues = (SELECT count(*) FROM defects WHERE f_0ipjqjhd3dt = {{$context.data.f_0ipjqjhd3dt}} AND discovery_stage = '独立评审'),\n    \n    eff_meet_issues = (SELECT count(*) FROM defects WHERE f_0ipjqjhd3dt = {{$context.data.f_0ipjqjhd3dt}} AND discovery_stage = '会议评审'),\n    \n    eff_issue_hour = ROUND((CAST((SELECT count(*) FROM defects WHERE f_0ipjqjhd3dt = COALESCE({{$context.data.f_0ipjqjhd3dt}}, 0)) AS DECIMAL) / NULLIF((rm.workload_indep + rm.workload_joint), 0))::numeric, 2),\n    \n    eff_page_hour = ROUND((CAST(rm.page_count AS DECIMAL) / NULLIF((rm.workload_indep + rm.workload_joint), 0))::numeric, 2),\n\n    review_density = ROUND((CAST((SELECT count(*) FROM defects WHERE f_0ipjqjhd3dt = {{$context.data.f_0ipjqjhd3dt}}) AS DECIMAL) / NULLIF(rm.page_count, 0))::numeric, 2),\n    \n    is_standard = CASE \n        WHEN (CAST((SELECT count(*) FROM defects WHERE f_0ipjqjhd3dt = {{$context.data.f_0ipjqjhd3dt}}) AS DECIMAL) / NULLIF(rm.page_count, 0)) < 0.6 THEN '是' \n        ELSE '否' \n    END,\n    \n    fail_reason = CASE \n        WHEN (CAST((SELECT count(*) FROM defects WHERE f_0ipjqjhd3dt = {{$context.data.f_0ipjqjhd3dt}}) AS DECIMAL) / NULLIF(rm.page_count, 0)) >= 0.6 THEN '缺陷密度超过0.6，建议重新评审' \n        ELSE NULL \n    END\n\nWHERE rm.id = {{$context.data.f_0ipjqjhd3dt}}"} workflowId=352865042890752
[34m2026-03-19 09:40:36 [debug] job added to save list: {"result":[],"status":1,"nodeId":352865042890753,"nodeKey":"h0bsr2dvmfo","id":"14842315797462016","createdAt":"2026-03-19T01:40:36.746Z","updatedAt":"2026-03-19T01:40:36.746Z","executionId":354126003109890}[39m workflowId=352865042890752
[32m2026-03-19 09:40:36 [info]  execution (354126003109890) run instruction [sql] for node (352865042890753) finished as status: 1[39m workflowId=352865042890752
[34m2026-03-19 09:40:36 [debug] result of node                              [39m 
[34m2026-03-19 09:40:36 [debug] branch ended at node (352865042890753)      [39m 
[32m2026-03-19 09:40:36 [info]  execution (354126003109890) exiting with status 1[39m workflowId=352865042890752
[32m2026-03-19 09:40:36 [info]  execution (354126003109890) finished with status: 1[39m 
[34m2026-03-19 09:40:36 [debug] execution (354126003109890) details:        [39m execution={"createdAt":"2026-03-19T01:40:36.634Z","id":354126003109890,"updatedAt":"2026-03-19T01:40:36.747Z","key":"g9ogbwav55x","eventKey":"a3fc5d3a-3a88-4a0b-86cf-656c545df10f","context":{"data":{"createdAt":"2026-03-19T01:40:36.506Z","updatedAt":"2026-03-19T01:40:36.562Z","id":354126003109888,"issue_id":"20225","level_2_cause":"需求遗漏","level_1_cause":"需求问题","round":"CC2026R2回归测试","defect_status":"已关闭","label":["已修复","已关闭"],"defect":"导入大型文件时系统界面挂机","defect_rank":"level1","priority":"P1","defect_classification":"挂机","f_0ipjqjhd3dt":456,"f_jmazop48q5l":353997147799552,"createdById":1,"updatedById":1,"gitlab_url":null,"discovery_stage":null,"specific_reason":null,"module":null,"repair_plan":null,"test_stage":null,"assignee":null,"feature_name":null,"issue_state":null,"repair_status":null,"module_ref":[{"id":353997158285312}]}},"status":1,"dispatched":true,"stack":null,"output":null,"manually":null,"workflowId":352865042890752}
[32m2026-03-19 11:15:33 [info]  toggle ON workflow 352865042890752          [39m workflowId=352865042890752
[32m2026-03-19 12:34:31 [info]  toggle ON workflow 352865042890752          [39m workflowId=352865042890752
[32m2026-03-19 12:37:06 [info]  toggle ON workflow 352865042890752          [39m workflowId=352865042890752
