[32m2026-02-27 17:19:40 [info]  toggle ON workflow 350559815663616          [39m workflowId=350559815663616
[32m2026-02-27 17:20:19 [info]  new event triggered, now events: 1          [39m 
[34m2026-02-27 17:20:19 [debug] event data:                                 [39m context={"data":{"createdAt":"2026-02-27T09:20:19.742Z","updatedAt":"2026-02-27T09:20:19.744Z","defect_classification":"其他","defect":"图纸错误","defect_rank":"level1","priority":"P1","id":350559968755712,"defect_status":"已关闭","module":null,"f_jmazop48q5l":350559920521216,"label":["已修复"],"createdById":1,"updatedById":1,"parent_summary":{"createdAt":"2026-02-27T09:19:56.905Z","updatedAt":"2026-02-27T09:19:56.907Z","owner_id":"nocobase","id":350559920521216,"total_count":null,"tested_count":null,"defect_count":null,"fixed_count":null,"pending_count":null,"loc":null,"kloc":0,"testing_rate":null,"fix_rate":null,"pending_rate":null,"defect_density":null,"total_defect":null,"module_type":"缺陷汇总","createdById":1,"updatedById":1},"module_ref":[{"createdAt":"2026-02-27T09:19:58.863Z","updatedAt":"2026-02-27T09:19:58.863Z","id":350559924715520,"module_name":"工程图","level_1_count":"0","level_2_count":null,"level_3_count":null,"level_1_fixed":null,"level_2_fixed":null,"level_3_fixed":null,"p1_total":null,"p1_fixed":null,"p2_total":null,"p2_fixed":null,"p3_total":null,"p3_fixed":null,"total_closed":null,"total_delayed":null,"level_1_rollback":null,"level_1_hang":null,"level_1_other":null,"p1_closed":null,"open_count":null,"retest_failed_count":null,"module_total":null,"suggested_count":null,"p2_fixed_rate":null,"p3_fixed_rate":null,"p1_fixed_rate":null,"level_2_fixed_rate":null,"total_fixed":null,"fixed_unupdated":null,"level_3_fixed_rate":null,"level_1_fixed_rate":null,"p1_close_rate":null,"new_issue_total":null,"new_issue_fixed":null,"total_fixed_rate":null,"total_close_rate":null,"createdById":1,"updatedById":1,"t_5yxbbcczpos":{"createdAt":"2026-02-27T09:20:19.746Z","updatedAt":"2026-02-27T09:20:19.746Z","module_id":350559924715520,"defect_id":350559968755712}},{"createdAt":"2026-02-27T09:20:00.832Z","updatedAt":"2026-02-27T09:20:00.832Z","id":350559928909824,"module_name":"草图","level_1_count":"0","level_2_count":null,"level_3_count":null,"level_1_fixed":null,"level_2_fixed":null,"level_3_fixed":null,"p1_total":null,"p1_fixed":null,"p2_total":null,"p2_fixed":null,"p3_total":null,"p3_fixed":null,"total_closed":null,"total_delayed":null,"level_1_rollback":null,"level_1_hang":null,"level_1_other":null,"p1_closed":null,"open_count":null,"retest_failed_count":null,"module_total":null,"suggested_count":null,"p2_fixed_rate":null,"p3_fixed_rate":null,"p1_fixed_rate":null,"level_2_fixed_rate":null,"total_fixed":null,"fixed_unupdated":null,"level_3_fixed_rate":null,"level_1_fixed_rate":null,"p1_close_rate":null,"new_issue_total":null,"new_issue_fixed":null,"total_fixed_rate":null,"total_close_rate":null,"createdById":1,"updatedById":1,"t_5yxbbcczpos":{"createdAt":"2026-02-27T09:20:19.746Z","updatedAt":"2026-02-27T09:20:19.746Z","module_id":350559928909824,"defect_id":350559968755712}}]}}
[32m2026-02-27 17:20:19 [info]  preparing execution for event               [39m 
[32m2026-02-27 17:20:19 [info]  execution of workflow 350559815663616 created as 350559968755713[39m 
[32m2026-02-27 17:20:19 [info]  local pending list is empty, adding execution (350559968755713) to pending list[39m 
[32m2026-02-27 17:20:19 [info]  pending execution (350559968755713) ready to process[39m 
[32m2026-02-27 17:20:19 [info]  execution (350559968755713) starting...     [39m 
[32m2026-02-27 17:20:19 [info]  execution (350559968755713) run instruction [parallel] for node (350559815663617)[39m workflowId=350559815663616
[34m2026-02-27 17:20:19 [debug] config of node                              [39m workflowId=350559815663616
[34m2026-02-27 17:20:19 [debug] job added to save list: {"status":0,"result":[null,null],"nodeId":350559815663617,"nodeKey":"chjc97mlb5y","upstreamId":null,"id":"7710250090124288","createdAt":"2026-02-27T09:20:19.774Z","updatedAt":"2026-02-27T09:20:19.774Z","executionId":350559968755713}[39m workflowId=350559815663616
[32m2026-02-27 17:20:19 [info]  execution (350559968755713) run instruction [aggregate] for node (350559815663642)[39m workflowId=350559815663616
[34m2026-02-27 17:20:19 [debug] config of node                              [39m data={"aggregator":"count","associated":true,"params":{"field":"id","filter":{"$and":[]}},"precision":2,"collection":"defects","association":{"name":"all_defects","associatedKey":"{{$context.data.parent_summary.id}}","associatedCollection":"collection_quality"}} workflowId=350559815663616
[34m2026-02-27 17:20:19 [debug] job added to save list: {"result":1,"status":1,"nodeId":350559815663642,"nodeKey":"ca6c1jxzwq5","id":"7710250098512896","createdAt":"2026-02-27T09:20:19.776Z","updatedAt":"2026-02-27T09:20:19.776Z","executionId":350559968755713}[39m workflowId=350559815663616
[32m2026-02-27 17:20:19 [info]  execution (350559968755713) run instruction [aggregate] for node (350559815663642) finished as status: 1[39m workflowId=350559815663616
[34m2026-02-27 17:20:19 [debug] result of node                              [39m data=1
[34m2026-02-27 17:20:19 [debug] run next node (350559815663643)             [39m 
[32m2026-02-27 17:20:19 [info]  execution (350559968755713) run instruction [update] for node (350559815663643)[39m workflowId=350559815663616
[34m2026-02-27 17:20:19 [debug] config of node                              [39m data={"usingAssignFormSchema":true,"assignFormSchema":{"_isJSONSchemaObject":true,"version":"2.0","name":"0mby4p7m0ow","type":"void","x-component":"Grid","x-initializer":"assignFieldValuesForm:configureFields","properties":{"2wbpfklshda":{"_isJSONSchemaObject":true,"version":"2.0","type":"void","x-component":"Grid.Row","properties":{"ibquc1d6wnd":{"_isJSONSchemaObject":true,"version":"2.0","type":"void","x-component":"Grid.Col","properties":{"total_defect":{"_isJSONSchemaObject":true,"version":"2.0","type":"string","name":"total_defect","x-toolbar":"FormItemSchemaToolbar","x-settings":"fieldSettings:FormItem","x-component":"AssignedField","x-decorator":"FormItem","x-collection-field":"collection_quality.total_defect"}},"name":"ibquc1d6wnd"}},"name":"2wbpfklshda"}}},"collection":"collection_quality","params":{"individualHooks":false,"filter":{"$and":[{"id":{"$eq":"{{$context.data.parent_summary.id}}"}}]},"values":{"total_defect":"{{$jobsMapByNodeKey.ca6c1jxzwq5}}"}}} workflowId=350559815663616
[34m2026-02-27 17:20:19 [debug] job added to save list: {"result":1,"status":1,"nodeId":350559815663643,"nodeKey":"9mun3sl2wtp","id":"7710250194981888","createdAt":"2026-02-27T09:20:19.799Z","updatedAt":"2026-02-27T09:20:19.799Z","executionId":350559968755713}[39m workflowId=350559815663616
[32m2026-02-27 17:20:19 [info]  execution (350559968755713) run instruction [update] for node (350559815663643) finished as status: 1[39m workflowId=350559815663616
[34m2026-02-27 17:20:19 [debug] result of node                              [39m data=1
[34m2026-02-27 17:20:19 [debug] branch ended at node (350559815663643)      [39m 
[34m2026-02-27 17:20:19 [debug] not on main, recall to parent entry node (350559815663643)})[39m workflowId=350559815663616
[32m2026-02-27 17:20:19 [info]  execution (350559968755713) resume instruction [parallel] for node (350559815663617)[39m workflowId=350559815663616
[34m2026-02-27 17:20:19 [debug] config of node                              [39m workflowId=350559815663616
[34m2026-02-27 17:20:19 [debug] job added to save list: {"status":0,"result":[1,null],"nodeId":350559815663617,"nodeKey":"chjc97mlb5y","upstreamId":null,"id":"7710250090124288","createdAt":"2026-02-27T09:20:19.774Z","updatedAt":"2026-02-27T09:20:19.801Z","executionId":350559968755713}[39m workflowId=350559815663616
[32m2026-02-27 17:20:19 [info]  execution (350559968755713) exiting with status 0[39m workflowId=350559815663616
[32m2026-02-27 17:20:19 [info]  execution (350559968755713) run instruction [loop] for node (350559815663652)[39m workflowId=350559815663616
[34m2026-02-27 17:20:19 [debug] config of node                              [39m data={"target":"{{$context.data.module_ref}}","condition":false,"exit":0} workflowId=350559815663616
[34m2026-02-27 17:20:19 [debug] job added to save list: {"status":0,"result":{"looped":0,"done":0},"nodeId":350559815663652,"nodeKey":"60k98hgp2i2","upstreamId":"7710250090124288","id":"7710250215953408","createdAt":"2026-02-27T09:20:19.804Z","updatedAt":"2026-02-27T09:20:19.804Z","executionId":350559968755713}[39m workflowId=350559815663616
[32m2026-02-27 17:20:19 [info]  execution (350559968755713) run instruction [aggregate] for node (350559815663630)[39m workflowId=350559815663616
[34m2026-02-27 17:20:19 [debug] config of node                              [39m data={"aggregator":"count","associated":false,"params":{"field":"id","filter":{"$and":[{"defect_rank":{"$eq":"level1"}},{"label":{"$noneOf":["功能屏蔽","已拒绝","建议"]}},{"module_ref":{"id":{"$eq":"{{$scopes.60k98hgp2i2.item.id}}"}}},{"$or":[{"defect_status":{"$ne":"已关闭"}},{"label":{"$noneOf":["申请否决","数据异常","设计如此"]}}]}]}},"precision":2,"collection":"defects"} workflowId=350559815663616
[34m2026-02-27 17:20:19 [debug] job added to save list: {"result":1,"status":1,"nodeId":350559815663630,"nodeKey":"h14qw1067vw","id":"7710250236924928","createdAt":"2026-02-27T09:20:19.809Z","updatedAt":"2026-02-27T09:20:19.809Z","executionId":350559968755713}[39m workflowId=350559815663616
[32m2026-02-27 17:20:19 [info]  execution (350559968755713) run instruction [aggregate] for node (350559815663630) finished as status: 1[39m workflowId=350559815663616
[34m2026-02-27 17:20:19 [debug] result of node                              [39m data=1
[34m2026-02-27 17:20:19 [debug] run next node (350559815663656)             [39m 
[32m2026-02-27 17:20:19 [info]  execution (350559968755713) run instruction [aggregate] for node (350559815663656)[39m workflowId=350559815663616
[34m2026-02-27 17:20:19 [debug] config of node                              [39m data={"aggregator":"count","associated":false,"params":{"field":"id","filter":{"$and":[{"defect_rank":{"$eq":"level1"}},{"label":{"$noneOf":["功能屏蔽","已拒绝","建议"]}},{"$or":[{"label":{"$anyOf":["已修复","待合并"]}},{"$and":[{"label":{"$anyOf":["未复现"]}},{"defect_status":{"$eq":"已关闭"}}]}]},{"module_ref":{"id":{"$eq":"{{$scopes.60k98hgp2i2.item.id}}"}}},{"$or":[{"defect_status":{"$ne":"已关闭"}},{"label":{"$noneOf":["申请否决","数据异常","设计如此"]}}]}]}},"precision":2,"collection":"defects"} workflowId=350559815663616
[34m2026-02-27 17:20:19 [debug] job added to save list: {"result":1,"status":1,"nodeId":350559815663656,"nodeKey":"cvcey3i9obe","id":"7710250257896448","createdAt":"2026-02-27T09:20:19.814Z","updatedAt":"2026-02-27T09:20:19.814Z","executionId":350559968755713}[39m workflowId=350559815663616
[32m2026-02-27 17:20:19 [info]  execution (350559968755713) run instruction [aggregate] for node (350559815663656) finished as status: 1[39m workflowId=350559815663616
[34m2026-02-27 17:20:19 [debug] result of node                              [39m data=1
[34m2026-02-27 17:20:19 [debug] run next node (350559815663647)             [39m 
[32m2026-02-27 17:20:19 [info]  execution (350559968755713) run instruction [aggregate] for node (350559815663647)[39m workflowId=350559815663616
[34m2026-02-27 17:20:19 [debug] config of node                              [39m data={"aggregator":"count","associated":false,"params":{"field":"id","filter":{"$and":[{"defect_rank":{"$eq":"level1"}},{"module_ref":{"id":{"$eq":"{{$scopes.60k98hgp2i2.item.id}}"}}},{"$or":[{"defect":{"$includes":"退"}},{"defect":{"$includes":"回退"}},{"defect":{"$includes":"倒退"}}]}]}},"precision":2,"collection":"defects"} workflowId=350559815663616
[34m2026-02-27 17:20:19 [debug] job added to save list: {"result":0,"status":1,"nodeId":350559815663647,"nodeKey":"9euqanxv5ca","id":"7710250274673664","createdAt":"2026-02-27T09:20:19.818Z","updatedAt":"2026-02-27T09:20:19.818Z","executionId":350559968755713}[39m workflowId=350559815663616
[32m2026-02-27 17:20:19 [info]  execution (350559968755713) run instruction [aggregate] for node (350559815663647) finished as status: 1[39m workflowId=350559815663616
[34m2026-02-27 17:20:19 [debug] result of node                              [39m 
[34m2026-02-27 17:20:19 [debug] run next node (350559815663625)             [39m 
[32m2026-02-27 17:20:19 [info]  execution (350559968755713) run instruction [aggregate] for node (350559815663625)[39m workflowId=350559815663616
[34m2026-02-27 17:20:19 [debug] config of node                              [39m data={"aggregator":"count","associated":false,"params":{"field":"id","filter":{"$and":[{"defect_rank":{"$eq":"level1"}},{"module_ref":{"id":{"$eq":"{{$scopes.60k98hgp2i2.item.id}}"}}},{"$or":[{"defect":{"$includes":"挂机"}}]}]}},"precision":2,"collection":"defects"} workflowId=350559815663616
[34m2026-02-27 17:20:19 [debug] job added to save list: {"result":0,"status":1,"nodeId":350559815663625,"nodeKey":"cjybahnz5qh","id":"7710250287256576","createdAt":"2026-02-27T09:20:19.821Z","updatedAt":"2026-02-27T09:20:19.821Z","executionId":350559968755713}[39m workflowId=350559815663616
[32m2026-02-27 17:20:19 [info]  execution (350559968755713) run instruction [aggregate] for node (350559815663625) finished as status: 1[39m workflowId=350559815663616
[34m2026-02-27 17:20:19 [debug] result of node                              [39m 
[34m2026-02-27 17:20:19 [debug] run next node (350559815663631)             [39m 
[32m2026-02-27 17:20:19 [info]  execution (350559968755713) run instruction [aggregate] for node (350559815663631)[39m workflowId=350559815663616
[34m2026-02-27 17:20:19 [debug] config of node                              [39m data={"aggregator":"count","associated":false,"params":{"field":"id","filter":{"$and":[{"defect_rank":{"$eq":"level1"}},{"defect":{"$notIncludes":"退"}},{"defect":{"$notIncludes":"回退"}},{"defect":{"$notIncludes":"倒退"}},{"defect":{"$notIncludes":"挂机"}},{"module_ref":{"id":{"$eq":"{{$scopes.60k98hgp2i2.item.id}}"}}}]}},"precision":2,"collection":"defects"} workflowId=350559815663616
[34m2026-02-27 17:20:19 [debug] job added to save list: {"result":1,"status":1,"nodeId":350559815663631,"nodeKey":"4lo6zk22j0o","id":"7710250308228096","createdAt":"2026-02-27T09:20:19.826Z","updatedAt":"2026-02-27T09:20:19.826Z","executionId":350559968755713}[39m workflowId=350559815663616
[32m2026-02-27 17:20:19 [info]  execution (350559968755713) run instruction [aggregate] for node (350559815663631) finished as status: 1[39m workflowId=350559815663616
[34m2026-02-27 17:20:19 [debug] result of node                              [39m data=1
[34m2026-02-27 17:20:19 [debug] run next node (350559815663655)             [39m 
[32m2026-02-27 17:20:19 [info]  execution (350559968755713) run instruction [aggregate] for node (350559815663655)[39m workflowId=350559815663616
[34m2026-02-27 17:20:19 [debug] config of node                              [39m data={"aggregator":"count","associated":false,"params":{"field":"id","filter":{"$and":[{"defect_rank":{"$eq":"level2"}},{"label":{"$noneOf":["功能屏蔽","已拒绝","建议"]}},{"module_ref":{"id":{"$eq":"{{$scopes.60k98hgp2i2.item.id}}"}}},{"$or":[{"defect_status":{"undefined":"已关闭"}},{"label":{"$noneOf":["申请否决","数据异常","设计如此"]}}]}]}},"precision":2,"collection":"defects"} workflowId=350559815663616
[31m2026-02-27 17:20:19 [error] execution (350559968755713) run instruction [aggregate] for node (350559815663655) failed: [39m workflowId=350559815663616
[34m2026-02-27 17:20:19 [debug] job added to save list: {"result":{"message":"Invalid value { undefined: '已关闭' }"},"status":-2,"nodeId":350559815663655,"nodeKey":"52k6055vnrg","id":"7710250383725568","createdAt":"2026-02-27T09:20:19.844Z","updatedAt":"2026-02-27T09:20:19.844Z","executionId":350559968755713}[39m workflowId=350559815663616
[32m2026-02-27 17:20:19 [info]  execution (350559968755713) run instruction [aggregate] for node (350559815663655) finished as status: -2[39m workflowId=350559815663616
[34m2026-02-27 17:20:19 [debug] result of node                              [39m data={"message":"Invalid value { undefined: '已关闭' }"}
[34m2026-02-27 17:20:19 [debug] branch ended at node (350559815663655)      [39m 
[34m2026-02-27 17:20:19 [debug] not on main, recall to parent entry node (350559815663655)})[39m workflowId=350559815663616
[32m2026-02-27 17:20:19 [info]  execution (350559968755713) resume instruction [loop] for node (350559815663652)[39m workflowId=350559815663616
[34m2026-02-27 17:20:19 [debug] config of node                              [39m data={"target":"{{$context.data.module_ref}}","condition":false,"exit":0} workflowId=350559815663616
[34m2026-02-27 17:20:19 [debug] job added to save list: {"status":-2,"result":{"looped":1,"done":0},"nodeId":350559815663652,"nodeKey":"60k98hgp2i2","upstreamId":"7710250090124288","id":"7710250215953408","createdAt":"2026-02-27T09:20:19.804Z","updatedAt":"2026-02-27T09:20:19.846Z","executionId":350559968755713}[39m workflowId=350559815663616
[32m2026-02-27 17:20:19 [info]  execution (350559968755713) run instruction [loop] for node (350559815663652) finished as status: -2[39m workflowId=350559815663616
[34m2026-02-27 17:20:19 [debug] result of node                              [39m data={"looped":1,"done":0}
[34m2026-02-27 17:20:19 [debug] branch ended at node (350559815663652)      [39m 
[34m2026-02-27 17:20:19 [debug] not on main, recall to parent entry node (350559815663652)})[39m workflowId=350559815663616
[32m2026-02-27 17:20:19 [info]  execution (350559968755713) resume instruction [parallel] for node (350559815663617)[39m workflowId=350559815663616
[34m2026-02-27 17:20:19 [debug] config of node                              [39m workflowId=350559815663616
[34m2026-02-27 17:20:19 [debug] job added to save list: {"status":-2,"result":[1,-2],"nodeId":350559815663617,"nodeKey":"chjc97mlb5y","upstreamId":null,"id":"7710250090124288","createdAt":"2026-02-27T09:20:19.774Z","updatedAt":"2026-02-27T09:20:19.801Z","executionId":350559968755713}[39m workflowId=350559815663616
[32m2026-02-27 17:20:19 [info]  execution (350559968755713) run instruction [parallel] for node (350559815663617) finished as status: -2[39m workflowId=350559815663616
[34m2026-02-27 17:20:19 [debug] result of node                              [39m data=[1,-2]
[34m2026-02-27 17:20:19 [debug] branch ended at node (350559815663617)      [39m 
[32m2026-02-27 17:20:19 [info]  execution (350559968755713) exiting with status -2[39m workflowId=350559815663616
[32m2026-02-27 17:20:19 [info]  execution (350559968755713) finished with status: -2[39m 
[34m2026-02-27 17:20:19 [debug] execution (350559968755713) details:        [39m execution={"createdAt":"2026-02-27T09:20:19.756Z","id":350559968755713,"updatedAt":"2026-02-27T09:20:19.852Z","key":"gljlkxparob","eventKey":"72d551de-05b5-44ed-9f51-0b5b8562ef10","context":{"data":{"createdAt":"2026-02-27T09:20:19.742Z","updatedAt":"2026-02-27T09:20:19.744Z","defect_classification":"其他","defect":"图纸错误","defect_rank":"level1","priority":"P1","id":350559968755712,"defect_status":"已关闭","module":null,"f_jmazop48q5l":350559920521216,"label":["已修复"],"createdById":1,"updatedById":1,"parent_summary":{"createdAt":"2026-02-27T09:19:56.905Z","updatedAt":"2026-02-27T09:19:56.907Z","owner_id":"nocobase","id":350559920521216,"total_count":null,"tested_count":null,"defect_count":null,"fixed_count":null,"pending_count":null,"loc":null,"kloc":0,"testing_rate":null,"fix_rate":null,"pending_rate":null,"defect_density":null,"total_defect":null,"module_type":"缺陷汇总","createdById":1,"updatedById":1},"module_ref":[{"createdAt":"2026-02-27T09:19:58.863Z","updatedAt":"2026-02-27T09:19:58.863Z","id":350559924715520,"module_name":"工程图","level_1_count":"0","level_2_count":null,"level_3_count":null,"level_1_fixed":null,"level_2_fixed":null,"level_3_fixed":null,"p1_total":null,"p1_fixed":null,"p2_total":null,"p2_fixed":null,"p3_total":null,"p3_fixed":null,"total_closed":null,"total_delayed":null,"level_1_rollback":null,"level_1_hang":null,"level_1_other":null,"p1_closed":null,"open_count":null,"retest_failed_count":null,"module_total":null,"suggested_count":null,"p2_fixed_rate":null,"p3_fixed_rate":null,"p1_fixed_rate":null,"level_2_fixed_rate":null,"total_fixed":null,"fixed_unupdated":null,"level_3_fixed_rate":null,"level_1_fixed_rate":null,"p1_close_rate":null,"new_issue_total":null,"new_issue_fixed":null,"total_fixed_rate":null,"total_close_rate":null,"createdById":1,"updatedById":1,"t_5yxbbcczpos":{"createdAt":"2026-02-27T09:20:19.746Z","updatedAt":"2026-02-27T09:20:19.746Z","module_id":350559924715520,"defect_id":350559968755712}},{"createdAt":"2026-02-27T09:20:00.832Z","updatedAt":"2026-02-27T09:20:00.832Z","id":350559928909824,"module_name":"草图","level_1_count":"0","level_2_count":null,"level_3_count":null,"level_1_fixed":null,"level_2_fixed":null,"level_3_fixed":null,"p1_total":null,"p1_fixed":null,"p2_total":null,"p2_fixed":null,"p3_total":null,"p3_fixed":null,"total_closed":null,"total_delayed":null,"level_1_rollback":null,"level_1_hang":null,"level_1_other":null,"p1_closed":null,"open_count":null,"retest_failed_count":null,"module_total":null,"suggested_count":null,"p2_fixed_rate":null,"p3_fixed_rate":null,"p1_fixed_rate":null,"level_2_fixed_rate":null,"total_fixed":null,"fixed_unupdated":null,"level_3_fixed_rate":null,"level_1_fixed_rate":null,"p1_close_rate":null,"new_issue_total":null,"new_issue_fixed":null,"total_fixed_rate":null,"total_close_rate":null,"createdById":1,"updatedById":1,"t_5yxbbcczpos":{"createdAt":"2026-02-27T09:20:19.746Z","updatedAt":"2026-02-27T09:20:19.746Z","module_id":350559928909824,"defect_id":350559968755712}}]}},"status":-2,"dispatched":true,"stack":null,"output":null,"manually":null,"workflowId":350559815663616}
[32m2026-02-27 17:21:18 [info]  toggle OFF workflow 350559815663616         [39m workflowId=350559815663616
[32m2026-02-27 17:21:18 [info]  toggle OFF workflow 350559815663616         [39m workflowId=350559815663616
