[32m2026-02-25 14:59:25 [info]  toggle ON workflow 350179335012352          [39m workflowId=350179335012352
[32m2026-02-25 15:00:39 [info]  new event triggered, now events: 1          [39m 
[34m2026-02-25 15:00:39 [debug] event data:                                 [39m context={"data":{"createdAt":"2026-02-25T07:00:39.539Z","updatedAt":"2026-02-25T07:00:39.545Z","defect":"图纸显示不全","defect_rank":"level1","priority":"P1","id":350180008198144,"f_jmazop48q5l":1,"createdById":1,"updatedById":1,"defect_classification":"其他","module":350174740152320,"label":["历史遗留"],"defect_status":"待修复","parent_summary":{"createdAt":"2026-02-24T07:24:40.416Z","updatedAt":"2026-02-25T06:59:45.824Z","owner_id":"nocobase","id":1,"total_count":null,"tested_count":null,"defect_count":null,"fixed_count":null,"pending_count":null,"loc":null,"kloc":0,"testing_rate":null,"fix_rate":null,"pending_rate":null,"defect_density":null,"total_defect":0,"module_type":"缺陷汇总","createdById":1,"updatedById":1}}}
[32m2026-02-25 15:00:39 [info]  preparing execution for event               [39m 
[32m2026-02-25 15:00:39 [info]  execution of workflow 350179335012352 created as 350180008198145[39m 
[32m2026-02-25 15:00:39 [info]  local pending list is empty, adding execution (350180008198145) to pending list[39m 
[32m2026-02-25 15:00:39 [info]  pending execution (350180008198145) ready to process[39m 
[32m2026-02-25 15:00:39 [info]  execution (350180008198145) starting...     [39m 
[32m2026-02-25 15:00:39 [info]  execution (350180008198145) run instruction [parallel] for node (350179335012355)[39m workflowId=350179335012352
[34m2026-02-25 15:00:39 [debug] config of node                              [39m workflowId=350179335012352
[34m2026-02-25 15:00:39 [debug] job added to save list: {"status":0,"result":[null,null],"nodeId":350179335012355,"nodeKey":"chjc97mlb5y","upstreamId":null,"id":"6950325269330944","createdAt":"2026-02-25T07:00:39.578Z","updatedAt":"2026-02-25T07:00:39.578Z","executionId":350180008198145}[39m workflowId=350179335012352
[32m2026-02-25 15:00:39 [info]  execution (350180008198145) run instruction [aggregate] for node (350179335012353)[39m workflowId=350179335012352
[34m2026-02-25 15:00:39 [debug] config of node                              [39m data={"aggregator":"count","associated":true,"params":{"field":"id","filter":{"$and":[]}},"precision":2,"collection":"defects","association":{"name":"all_defects","associatedKey":"{{$context.data.parent_summary.id}}","associatedCollection":"collection_quality"}} workflowId=350179335012352
[34m2026-02-25 15:00:39 [debug] job added to save list: {"result":1,"status":1,"nodeId":350179335012353,"nodeKey":"ca6c1jxzwq5","id":"6950325273525248","createdAt":"2026-02-25T07:00:39.579Z","updatedAt":"2026-02-25T07:00:39.579Z","executionId":350180008198145}[39m workflowId=350179335012352
[32m2026-02-25 15:00:39 [info]  execution (350180008198145) run instruction [aggregate] for node (350179335012353) finished as status: 1[39m workflowId=350179335012352
[34m2026-02-25 15:00:39 [debug] result of node                              [39m data=1
[34m2026-02-25 15:00:39 [debug] run next node (350179335012354)             [39m 
[32m2026-02-25 15:00:39 [info]  execution (350180008198145) run instruction [update] for node (350179335012354)[39m workflowId=350179335012352
[34m2026-02-25 15:00:39 [debug] config of node                              [39m data={"usingAssignFormSchema":true,"assignFormSchema":{"_isJSONSchemaObject":true,"version":"2.0","name":"0mby4p7m0ow","type":"void","x-component":"Grid","x-initializer":"assignFieldValuesForm:configureFields","properties":{"2wbpfklshda":{"_isJSONSchemaObject":true,"version":"2.0","type":"void","x-component":"Grid.Row","properties":{"ibquc1d6wnd":{"_isJSONSchemaObject":true,"version":"2.0","type":"void","x-component":"Grid.Col","properties":{"total_defect":{"_isJSONSchemaObject":true,"version":"2.0","type":"string","name":"total_defect","x-toolbar":"FormItemSchemaToolbar","x-settings":"fieldSettings:FormItem","x-component":"AssignedField","x-decorator":"FormItem","x-collection-field":"collection_quality.total_defect"}},"name":"ibquc1d6wnd"}},"name":"2wbpfklshda"}}},"collection":"collection_quality","params":{"individualHooks":false,"filter":{"$and":[{"id":{"$eq":"{{$context.data.parent_summary.id}}"}}]},"values":{"total_defect":"{{$jobsMapByNodeKey.ca6c1jxzwq5}}"}}} workflowId=350179335012352
[34m2026-02-25 15:00:39 [debug] job added to save list: {"result":1,"status":1,"nodeId":350179335012354,"nodeKey":"9mun3sl2wtp","id":"6950325315468288","createdAt":"2026-02-25T07:00:39.589Z","updatedAt":"2026-02-25T07:00:39.589Z","executionId":350180008198145}[39m workflowId=350179335012352
[32m2026-02-25 15:00:39 [info]  execution (350180008198145) run instruction [update] for node (350179335012354) finished as status: 1[39m workflowId=350179335012352
[34m2026-02-25 15:00:39 [debug] result of node                              [39m data=1
[34m2026-02-25 15:00:39 [debug] branch ended at node (350179335012354)      [39m 
[34m2026-02-25 15:00:39 [debug] not on main, recall to parent entry node (350179335012354)})[39m workflowId=350179335012352
[32m2026-02-25 15:00:39 [info]  execution (350180008198145) resume instruction [parallel] for node (350179335012355)[39m workflowId=350179335012352
[34m2026-02-25 15:00:39 [debug] config of node                              [39m workflowId=350179335012352
[34m2026-02-25 15:00:39 [debug] job added to save list: {"status":0,"result":[1,null],"nodeId":350179335012355,"nodeKey":"chjc97mlb5y","upstreamId":null,"id":"6950325269330944","createdAt":"2026-02-25T07:00:39.578Z","updatedAt":"2026-02-25T07:00:39.590Z","executionId":350180008198145}[39m workflowId=350179335012352
[32m2026-02-25 15:00:39 [info]  execution (350180008198145) exiting with status 0[39m workflowId=350179335012352
[32m2026-02-25 15:00:39 [info]  execution (350180008198145) run instruction [aggregate] for node (350179335012356)[39m workflowId=350179335012352
[34m2026-02-25 15:00:39 [debug] config of node                              [39m data={"aggregator":"count","associated":true,"params":{"field":"id","filter":{"$and":[{"defect_rank":{"$eq":"level1"}},{"label":{"$noneOf":["功能屏蔽","已拒绝","建议"]}}]}},"precision":2,"collection":"defects","association":{"name":"module_defects","associatedKey":"{{$context.data.module_ref.id}}","associatedCollection":"module_summaries"}} workflowId=350179335012352
[31m2026-02-25 15:00:39 [error] execution (350180008198145) run instruction [aggregate] for node (350179335012356) failed: [39m workflowId=350179335012352
[34m2026-02-25 15:00:39 [debug] job added to save list: {"result":{"message":"WHERE parameter \"module\" has invalid \"undefined\" value"},"status":-2,"nodeId":350179335012356,"nodeKey":"h14qw1067vw","id":"6950325340634112","createdAt":"2026-02-25T07:00:39.595Z","updatedAt":"2026-02-25T07:00:39.595Z","executionId":350180008198145}[39m workflowId=350179335012352
[32m2026-02-25 15:00:39 [info]  execution (350180008198145) run instruction [aggregate] for node (350179335012356) finished as status: -2[39m workflowId=350179335012352
[34m2026-02-25 15:00:39 [debug] result of node                              [39m data={"message":"WHERE parameter \"module\" has invalid \"undefined\" value"}
[34m2026-02-25 15:00:39 [debug] branch ended at node (350179335012356)      [39m 
[34m2026-02-25 15:00:39 [debug] not on main, recall to parent entry node (350179335012356)})[39m workflowId=350179335012352
[32m2026-02-25 15:00:39 [info]  execution (350180008198145) resume instruction [parallel] for node (350179335012355)[39m workflowId=350179335012352
[34m2026-02-25 15:00:39 [debug] config of node                              [39m workflowId=350179335012352
[34m2026-02-25 15:00:39 [debug] job added to save list: {"status":-2,"result":[1,-2],"nodeId":350179335012355,"nodeKey":"chjc97mlb5y","upstreamId":null,"id":"6950325269330944","createdAt":"2026-02-25T07:00:39.578Z","updatedAt":"2026-02-25T07:00:39.590Z","executionId":350180008198145}[39m workflowId=350179335012352
[32m2026-02-25 15:00:39 [info]  execution (350180008198145) run instruction [parallel] for node (350179335012355) finished as status: -2[39m workflowId=350179335012352
[34m2026-02-25 15:00:39 [debug] result of node                              [39m data=[1,-2]
[34m2026-02-25 15:00:39 [debug] branch ended at node (350179335012355)      [39m 
[32m2026-02-25 15:00:39 [info]  execution (350180008198145) exiting with status -2[39m workflowId=350179335012352
[32m2026-02-25 15:00:39 [info]  execution (350180008198145) finished with status: -2[39m 
[34m2026-02-25 15:00:39 [debug] execution (350180008198145) details:        [39m execution={"createdAt":"2026-02-25T07:00:39.554Z","id":350180008198145,"updatedAt":"2026-02-25T07:00:39.601Z","key":"gljlkxparob","eventKey":"3c48d9f5-cf74-498d-ad3c-7ab24c908616","context":{"data":{"createdAt":"2026-02-25T07:00:39.539Z","updatedAt":"2026-02-25T07:00:39.545Z","defect":"图纸显示不全","defect_rank":"level1","priority":"P1","id":350180008198144,"f_jmazop48q5l":1,"createdById":1,"updatedById":1,"defect_classification":"其他","module":350174740152320,"label":["历史遗留"],"defect_status":"待修复","parent_summary":{"createdAt":"2026-02-24T07:24:40.416Z","updatedAt":"2026-02-25T06:59:45.824Z","owner_id":"nocobase","id":1,"total_count":null,"tested_count":null,"defect_count":null,"fixed_count":null,"pending_count":null,"loc":null,"kloc":0,"testing_rate":null,"fix_rate":null,"pending_rate":null,"defect_density":null,"total_defect":0,"module_type":"缺陷汇总","createdById":1,"updatedById":1}}},"status":-2,"dispatched":true,"stack":null,"output":null,"manually":null,"workflowId":350179335012352}
[32m2026-02-25 15:01:03 [info]  new event triggered, now events: 1          [39m 
[34m2026-02-25 15:01:03 [debug] event data:                                 [39m context={"data":{"createdAt":"2026-02-25T07:01:03.797Z","updatedAt":"2026-02-25T07:01:03.804Z","defect":"图纸模糊","defect_rank":"level3","priority":"P3","id":350180058529792,"f_jmazop48q5l":2,"createdById":1,"updatedById":1,"defect_classification":"其他","module":350174740152320,"label":["历史遗留"],"defect_status":"待修复","parent_summary":{"createdAt":"2026-02-24T07:27:30.266Z","updatedAt":"2026-02-25T06:59:57.894Z","owner_id":"jason","id":2,"total_count":null,"tested_count":null,"defect_count":null,"fixed_count":null,"pending_count":null,"loc":null,"kloc":0,"testing_rate":null,"fix_rate":null,"pending_rate":null,"defect_density":null,"total_defect":0,"module_type":"缺陷汇总","createdById":1,"updatedById":1}}}
[32m2026-02-25 15:01:03 [info]  preparing execution for event               [39m 
[32m2026-02-25 15:01:03 [info]  execution of workflow 350179335012352 created as 350180058529793[39m 
[32m2026-02-25 15:01:03 [info]  local pending list is empty, adding execution (350180058529793) to pending list[39m 
[32m2026-02-25 15:01:03 [info]  pending execution (350180058529793) ready to process[39m 
[32m2026-02-25 15:01:03 [info]  execution (350180058529793) starting...     [39m 
[32m2026-02-25 15:01:03 [info]  execution (350180058529793) run instruction [parallel] for node (350179335012355)[39m workflowId=350179335012352
[34m2026-02-25 15:01:03 [debug] config of node                              [39m workflowId=350179335012352
[34m2026-02-25 15:01:03 [debug] job added to save list: {"status":0,"result":[null,null],"nodeId":350179335012355,"nodeKey":"chjc97mlb5y","upstreamId":null,"id":"6950427090254848","createdAt":"2026-02-25T07:01:03.854Z","updatedAt":"2026-02-25T07:01:03.854Z","executionId":350180058529793}[39m workflowId=350179335012352
[32m2026-02-25 15:01:03 [info]  execution (350180058529793) run instruction [aggregate] for node (350179335012353)[39m workflowId=350179335012352
[34m2026-02-25 15:01:03 [debug] config of node                              [39m data={"aggregator":"count","associated":true,"params":{"field":"id","filter":{"$and":[]}},"precision":2,"collection":"defects","association":{"name":"all_defects","associatedKey":"{{$context.data.parent_summary.id}}","associatedCollection":"collection_quality"}} workflowId=350179335012352
[34m2026-02-25 15:01:03 [debug] job added to save list: {"result":1,"status":1,"nodeId":350179335012353,"nodeKey":"ca6c1jxzwq5","id":"6950427102837760","createdAt":"2026-02-25T07:01:03.857Z","updatedAt":"2026-02-25T07:01:03.857Z","executionId":350180058529793}[39m workflowId=350179335012352
[32m2026-02-25 15:01:03 [info]  execution (350180058529793) run instruction [aggregate] for node (350179335012353) finished as status: 1[39m workflowId=350179335012352
[34m2026-02-25 15:01:03 [debug] result of node                              [39m data=1
[34m2026-02-25 15:01:03 [debug] run next node (350179335012354)             [39m 
[32m2026-02-25 15:01:03 [info]  execution (350180058529793) run instruction [update] for node (350179335012354)[39m workflowId=350179335012352
[34m2026-02-25 15:01:03 [debug] config of node                              [39m data={"usingAssignFormSchema":true,"assignFormSchema":{"_isJSONSchemaObject":true,"version":"2.0","name":"0mby4p7m0ow","type":"void","x-component":"Grid","x-initializer":"assignFieldValuesForm:configureFields","properties":{"2wbpfklshda":{"_isJSONSchemaObject":true,"version":"2.0","type":"void","x-component":"Grid.Row","properties":{"ibquc1d6wnd":{"_isJSONSchemaObject":true,"version":"2.0","type":"void","x-component":"Grid.Col","properties":{"total_defect":{"_isJSONSchemaObject":true,"version":"2.0","type":"string","name":"total_defect","x-toolbar":"FormItemSchemaToolbar","x-settings":"fieldSettings:FormItem","x-component":"AssignedField","x-decorator":"FormItem","x-collection-field":"collection_quality.total_defect"}},"name":"ibquc1d6wnd"}},"name":"2wbpfklshda"}}},"collection":"collection_quality","params":{"individualHooks":false,"filter":{"$and":[{"id":{"$eq":"{{$context.data.parent_summary.id}}"}}]},"values":{"total_defect":"{{$jobsMapByNodeKey.ca6c1jxzwq5}}"}}} workflowId=350179335012352
[34m2026-02-25 15:01:03 [debug] job added to save list: {"result":1,"status":1,"nodeId":350179335012354,"nodeKey":"9mun3sl2wtp","id":"6950427119614976","createdAt":"2026-02-25T07:01:03.861Z","updatedAt":"2026-02-25T07:01:03.861Z","executionId":350180058529793}[39m workflowId=350179335012352
[32m2026-02-25 15:01:03 [info]  execution (350180058529793) run instruction [update] for node (350179335012354) finished as status: 1[39m workflowId=350179335012352
[34m2026-02-25 15:01:03 [debug] result of node                              [39m data=1
[34m2026-02-25 15:01:03 [debug] branch ended at node (350179335012354)      [39m 
[34m2026-02-25 15:01:03 [debug] not on main, recall to parent entry node (350179335012354)})[39m workflowId=350179335012352
[32m2026-02-25 15:01:03 [info]  execution (350180058529793) resume instruction [parallel] for node (350179335012355)[39m workflowId=350179335012352
[34m2026-02-25 15:01:03 [debug] config of node                              [39m workflowId=350179335012352
[34m2026-02-25 15:01:03 [debug] job added to save list: {"status":0,"result":[1,null],"nodeId":350179335012355,"nodeKey":"chjc97mlb5y","upstreamId":null,"id":"6950427090254848","createdAt":"2026-02-25T07:01:03.854Z","updatedAt":"2026-02-25T07:01:03.863Z","executionId":350180058529793}[39m workflowId=350179335012352
[32m2026-02-25 15:01:03 [info]  execution (350180058529793) exiting with status 0[39m workflowId=350179335012352
[32m2026-02-25 15:01:03 [info]  execution (350180058529793) run instruction [aggregate] for node (350179335012356)[39m workflowId=350179335012352
[34m2026-02-25 15:01:03 [debug] config of node                              [39m data={"aggregator":"count","associated":true,"params":{"field":"id","filter":{"$and":[{"defect_rank":{"$eq":"level1"}},{"label":{"$noneOf":["功能屏蔽","已拒绝","建议"]}}]}},"precision":2,"collection":"defects","association":{"name":"module_defects","associatedKey":"{{$context.data.module_ref.id}}","associatedCollection":"module_summaries"}} workflowId=350179335012352
[31m2026-02-25 15:01:03 [error] execution (350180058529793) run instruction [aggregate] for node (350179335012356) failed: [39m workflowId=350179335012352
[34m2026-02-25 15:01:03 [debug] job added to save list: {"result":{"message":"WHERE parameter \"module\" has invalid \"undefined\" value"},"status":-2,"nodeId":350179335012356,"nodeKey":"h14qw1067vw","id":"6950427148975104","createdAt":"2026-02-25T07:01:03.868Z","updatedAt":"2026-02-25T07:01:03.868Z","executionId":350180058529793}[39m workflowId=350179335012352
[32m2026-02-25 15:01:03 [info]  execution (350180058529793) run instruction [aggregate] for node (350179335012356) finished as status: -2[39m workflowId=350179335012352
[34m2026-02-25 15:01:03 [debug] result of node                              [39m data={"message":"WHERE parameter \"module\" has invalid \"undefined\" value"}
[34m2026-02-25 15:01:03 [debug] branch ended at node (350179335012356)      [39m 
[34m2026-02-25 15:01:03 [debug] not on main, recall to parent entry node (350179335012356)})[39m workflowId=350179335012352
[32m2026-02-25 15:01:03 [info]  execution (350180058529793) resume instruction [parallel] for node (350179335012355)[39m workflowId=350179335012352
[34m2026-02-25 15:01:03 [debug] config of node                              [39m workflowId=350179335012352
[34m2026-02-25 15:01:03 [debug] job added to save list: {"status":-2,"result":[1,-2],"nodeId":350179335012355,"nodeKey":"chjc97mlb5y","upstreamId":null,"id":"6950427090254848","createdAt":"2026-02-25T07:01:03.854Z","updatedAt":"2026-02-25T07:01:03.863Z","executionId":350180058529793}[39m workflowId=350179335012352
[32m2026-02-25 15:01:03 [info]  execution (350180058529793) run instruction [parallel] for node (350179335012355) finished as status: -2[39m workflowId=350179335012352
[34m2026-02-25 15:01:03 [debug] result of node                              [39m data=[1,-2]
[34m2026-02-25 15:01:03 [debug] branch ended at node (350179335012355)      [39m 
[32m2026-02-25 15:01:03 [info]  execution (350180058529793) exiting with status -2[39m workflowId=350179335012352
[32m2026-02-25 15:01:03 [info]  execution (350180058529793) finished with status: -2[39m 
[34m2026-02-25 15:01:03 [debug] execution (350180058529793) details:        [39m execution={"createdAt":"2026-02-25T07:01:03.810Z","id":350180058529793,"updatedAt":"2026-02-25T07:01:03.873Z","key":"gljlkxparob","eventKey":"488380a4-862f-4d7c-ab38-5d23e33464d3","context":{"data":{"createdAt":"2026-02-25T07:01:03.797Z","updatedAt":"2026-02-25T07:01:03.804Z","defect":"图纸模糊","defect_rank":"level3","priority":"P3","id":350180058529792,"f_jmazop48q5l":2,"createdById":1,"updatedById":1,"defect_classification":"其他","module":350174740152320,"label":["历史遗留"],"defect_status":"待修复","parent_summary":{"createdAt":"2026-02-24T07:27:30.266Z","updatedAt":"2026-02-25T06:59:57.894Z","owner_id":"jason","id":2,"total_count":null,"tested_count":null,"defect_count":null,"fixed_count":null,"pending_count":null,"loc":null,"kloc":0,"testing_rate":null,"fix_rate":null,"pending_rate":null,"defect_density":null,"total_defect":0,"module_type":"缺陷汇总","createdById":1,"updatedById":1}}},"status":-2,"dispatched":true,"stack":null,"output":null,"manually":null,"workflowId":350179335012352}
[32m2026-02-25 15:01:25 [info]  new event triggered, now events: 1          [39m 
[34m2026-02-25 15:01:25 [debug] event data:                                 [39m context={"data":{"createdAt":"2026-02-25T07:01:25.228Z","updatedAt":"2026-02-25T07:01:25.232Z","defect":"图纸错误","defect_rank":"level1","priority":"P1","id":350180104667136,"f_jmazop48q5l":3,"createdById":1,"updatedById":1,"defect_classification":"其他","module":350174740152320,"label":["历史遗留","已修复"],"defect_status":"已修复","parent_summary":{"createdAt":"2026-02-24T07:27:36.161Z","updatedAt":"2026-02-25T07:00:02.468Z","owner_id":"nocobase","id":3,"total_count":null,"tested_count":null,"defect_count":null,"fixed_count":null,"pending_count":null,"loc":null,"kloc":0,"testing_rate":null,"fix_rate":null,"pending_rate":null,"defect_density":null,"total_defect":0,"module_type":"缺陷汇总","createdById":1,"updatedById":1}}}
[32m2026-02-25 15:01:25 [info]  preparing execution for event               [39m 
[32m2026-02-25 15:01:25 [info]  execution of workflow 350179335012352 created as 350180104667137[39m 
[32m2026-02-25 15:01:25 [info]  local pending list is empty, adding execution (350180104667137) to pending list[39m 
[32m2026-02-25 15:01:25 [info]  pending execution (350180104667137) ready to process[39m 
[32m2026-02-25 15:01:25 [info]  execution (350180104667137) starting...     [39m 
[32m2026-02-25 15:01:25 [info]  execution (350180104667137) run instruction [parallel] for node (350179335012355)[39m workflowId=350179335012352
[34m2026-02-25 15:01:25 [debug] config of node                              [39m workflowId=350179335012352
[34m2026-02-25 15:01:25 [debug] job added to save list: {"status":0,"result":[null,null],"nodeId":350179335012355,"nodeKey":"chjc97mlb5y","upstreamId":null,"id":"6950516949023744","createdAt":"2026-02-25T07:01:25.278Z","updatedAt":"2026-02-25T07:01:25.278Z","executionId":350180104667137}[39m workflowId=350179335012352
[32m2026-02-25 15:01:25 [info]  execution (350180104667137) run instruction [aggregate] for node (350179335012353)[39m workflowId=350179335012352
[34m2026-02-25 15:01:25 [debug] config of node                              [39m data={"aggregator":"count","associated":true,"params":{"field":"id","filter":{"$and":[]}},"precision":2,"collection":"defects","association":{"name":"all_defects","associatedKey":"{{$context.data.parent_summary.id}}","associatedCollection":"collection_quality"}} workflowId=350179335012352
[34m2026-02-25 15:01:25 [debug] job added to save list: {"result":1,"status":1,"nodeId":350179335012353,"nodeKey":"ca6c1jxzwq5","id":"6950516953218048","createdAt":"2026-02-25T07:01:25.279Z","updatedAt":"2026-02-25T07:01:25.279Z","executionId":350180104667137}[39m workflowId=350179335012352
[32m2026-02-25 15:01:25 [info]  execution (350180104667137) run instruction [aggregate] for node (350179335012353) finished as status: 1[39m workflowId=350179335012352
[34m2026-02-25 15:01:25 [debug] result of node                              [39m data=1
[34m2026-02-25 15:01:25 [debug] run next node (350179335012354)             [39m 
[32m2026-02-25 15:01:25 [info]  execution (350180104667137) run instruction [update] for node (350179335012354)[39m workflowId=350179335012352
[34m2026-02-25 15:01:25 [debug] config of node                              [39m data={"usingAssignFormSchema":true,"assignFormSchema":{"_isJSONSchemaObject":true,"version":"2.0","name":"0mby4p7m0ow","type":"void","x-component":"Grid","x-initializer":"assignFieldValuesForm:configureFields","properties":{"2wbpfklshda":{"_isJSONSchemaObject":true,"version":"2.0","type":"void","x-component":"Grid.Row","properties":{"ibquc1d6wnd":{"_isJSONSchemaObject":true,"version":"2.0","type":"void","x-component":"Grid.Col","properties":{"total_defect":{"_isJSONSchemaObject":true,"version":"2.0","type":"string","name":"total_defect","x-toolbar":"FormItemSchemaToolbar","x-settings":"fieldSettings:FormItem","x-component":"AssignedField","x-decorator":"FormItem","x-collection-field":"collection_quality.total_defect"}},"name":"ibquc1d6wnd"}},"name":"2wbpfklshda"}}},"collection":"collection_quality","params":{"individualHooks":false,"filter":{"$and":[{"id":{"$eq":"{{$context.data.parent_summary.id}}"}}]},"values":{"total_defect":"{{$jobsMapByNodeKey.ca6c1jxzwq5}}"}}} workflowId=350179335012352
[34m2026-02-25 15:01:25 [debug] job added to save list: {"result":1,"status":1,"nodeId":350179335012354,"nodeKey":"9mun3sl2wtp","id":"6950517003549696","createdAt":"2026-02-25T07:01:25.291Z","updatedAt":"2026-02-25T07:01:25.291Z","executionId":350180104667137}[39m workflowId=350179335012352
[32m2026-02-25 15:01:25 [info]  execution (350180104667137) run instruction [update] for node (350179335012354) finished as status: 1[39m workflowId=350179335012352
[34m2026-02-25 15:01:25 [debug] result of node                              [39m data=1
[34m2026-02-25 15:01:25 [debug] branch ended at node (350179335012354)      [39m 
[34m2026-02-25 15:01:25 [debug] not on main, recall to parent entry node (350179335012354)})[39m workflowId=350179335012352
[32m2026-02-25 15:01:25 [info]  execution (350180104667137) resume instruction [parallel] for node (350179335012355)[39m workflowId=350179335012352
[34m2026-02-25 15:01:25 [debug] config of node                              [39m workflowId=350179335012352
[34m2026-02-25 15:01:25 [debug] job added to save list: {"status":0,"result":[1,null],"nodeId":350179335012355,"nodeKey":"chjc97mlb5y","upstreamId":null,"id":"6950516949023744","createdAt":"2026-02-25T07:01:25.278Z","updatedAt":"2026-02-25T07:01:25.293Z","executionId":350180104667137}[39m workflowId=350179335012352
[32m2026-02-25 15:01:25 [info]  execution (350180104667137) exiting with status 0[39m workflowId=350179335012352
[32m2026-02-25 15:01:25 [info]  execution (350180104667137) run instruction [aggregate] for node (350179335012356)[39m workflowId=350179335012352
[34m2026-02-25 15:01:25 [debug] config of node                              [39m data={"aggregator":"count","associated":true,"params":{"field":"id","filter":{"$and":[{"defect_rank":{"$eq":"level1"}},{"label":{"$noneOf":["功能屏蔽","已拒绝","建议"]}}]}},"precision":2,"collection":"defects","association":{"name":"module_defects","associatedKey":"{{$context.data.module_ref.id}}","associatedCollection":"module_summaries"}} workflowId=350179335012352
[31m2026-02-25 15:01:25 [error] execution (350180104667137) run instruction [aggregate] for node (350179335012356) failed: [39m workflowId=350179335012352
[34m2026-02-25 15:01:25 [debug] job added to save list: {"result":{"message":"WHERE parameter \"module\" has invalid \"undefined\" value"},"status":-2,"nodeId":350179335012356,"nodeKey":"h14qw1067vw","id":"6950517028715520","createdAt":"2026-02-25T07:01:25.297Z","updatedAt":"2026-02-25T07:01:25.297Z","executionId":350180104667137}[39m workflowId=350179335012352
[32m2026-02-25 15:01:25 [info]  execution (350180104667137) run instruction [aggregate] for node (350179335012356) finished as status: -2[39m workflowId=350179335012352
[34m2026-02-25 15:01:25 [debug] result of node                              [39m data={"message":"WHERE parameter \"module\" has invalid \"undefined\" value"}
[34m2026-02-25 15:01:25 [debug] branch ended at node (350179335012356)      [39m 
[34m2026-02-25 15:01:25 [debug] not on main, recall to parent entry node (350179335012356)})[39m workflowId=350179335012352
[32m2026-02-25 15:01:25 [info]  execution (350180104667137) resume instruction [parallel] for node (350179335012355)[39m workflowId=350179335012352
[34m2026-02-25 15:01:25 [debug] config of node                              [39m workflowId=350179335012352
[34m2026-02-25 15:01:25 [debug] job added to save list: {"status":-2,"result":[1,-2],"nodeId":350179335012355,"nodeKey":"chjc97mlb5y","upstreamId":null,"id":"6950516949023744","createdAt":"2026-02-25T07:01:25.278Z","updatedAt":"2026-02-25T07:01:25.293Z","executionId":350180104667137}[39m workflowId=350179335012352
[32m2026-02-25 15:01:25 [info]  execution (350180104667137) run instruction [parallel] for node (350179335012355) finished as status: -2[39m workflowId=350179335012352
[34m2026-02-25 15:01:25 [debug] result of node                              [39m data=[1,-2]
[34m2026-02-25 15:01:25 [debug] branch ended at node (350179335012355)      [39m 
[32m2026-02-25 15:01:25 [info]  execution (350180104667137) exiting with status -2[39m workflowId=350179335012352
[32m2026-02-25 15:01:25 [info]  execution (350180104667137) finished with status: -2[39m 
[34m2026-02-25 15:01:25 [debug] execution (350180104667137) details:        [39m execution={"createdAt":"2026-02-25T07:01:25.241Z","id":350180104667137,"updatedAt":"2026-02-25T07:01:25.303Z","key":"gljlkxparob","eventKey":"e909d7b2-9fd3-4eff-9b73-0e0ccfff6563","context":{"data":{"createdAt":"2026-02-25T07:01:25.228Z","updatedAt":"2026-02-25T07:01:25.232Z","defect":"图纸错误","defect_rank":"level1","priority":"P1","id":350180104667136,"f_jmazop48q5l":3,"createdById":1,"updatedById":1,"defect_classification":"其他","module":350174740152320,"label":["历史遗留","已修复"],"defect_status":"已修复","parent_summary":{"createdAt":"2026-02-24T07:27:36.161Z","updatedAt":"2026-02-25T07:00:02.468Z","owner_id":"nocobase","id":3,"total_count":null,"tested_count":null,"defect_count":null,"fixed_count":null,"pending_count":null,"loc":null,"kloc":0,"testing_rate":null,"fix_rate":null,"pending_rate":null,"defect_density":null,"total_defect":0,"module_type":"缺陷汇总","createdById":1,"updatedById":1}}},"status":-2,"dispatched":true,"stack":null,"output":null,"manually":null,"workflowId":350179335012352}
[32m2026-02-25 15:01:48 [info]  new event triggered, now events: 1          [39m 
[34m2026-02-25 15:01:48 [debug] event data:                                 [39m context={"data":{"createdAt":"2026-02-25T07:01:48.932Z","updatedAt":"2026-02-25T07:01:48.937Z","defect":"图纸模糊","defect_rank":"level2","priority":"P2","id":350180152901632,"f_jmazop48q5l":4,"createdById":1,"updatedById":1,"defect_classification":"历史遗留","module":350174740152320,"label":["历史遗留"],"defect_status":"待修复","parent_summary":{"createdAt":"2026-02-24T07:28:00.761Z","updatedAt":"2026-02-25T06:32:47.610Z","owner_id":"jason","id":4,"total_count":null,"tested_count":null,"defect_count":null,"fixed_count":null,"pending_count":null,"loc":null,"kloc":0,"testing_rate":null,"fix_rate":null,"pending_rate":null,"defect_density":null,"total_defect":0,"module_type":"缺陷汇总","createdById":1,"updatedById":1}}}
[32m2026-02-25 15:01:48 [info]  preparing execution for event               [39m 
[32m2026-02-25 15:01:48 [info]  execution of workflow 350179335012352 created as 350180152901633[39m 
[32m2026-02-25 15:01:48 [info]  local pending list is empty, adding execution (350180152901633) to pending list[39m 
[32m2026-02-25 15:01:48 [info]  pending execution (350180152901633) ready to process[39m 
[32m2026-02-25 15:01:48 [info]  execution (350180152901633) starting...     [39m 
[32m2026-02-25 15:01:48 [info]  execution (350180152901633) run instruction [parallel] for node (350179335012355)[39m workflowId=350179335012352
[34m2026-02-25 15:01:48 [debug] config of node                              [39m workflowId=350179335012352
[34m2026-02-25 15:01:48 [debug] job added to save list: {"status":0,"result":[null,null],"nodeId":350179335012355,"nodeKey":"chjc97mlb5y","upstreamId":null,"id":"6950616257559552","createdAt":"2026-02-25T07:01:48.955Z","updatedAt":"2026-02-25T07:01:48.955Z","executionId":350180152901633}[39m workflowId=350179335012352
[32m2026-02-25 15:01:48 [info]  execution (350180152901633) run instruction [aggregate] for node (350179335012353)[39m workflowId=350179335012352
[34m2026-02-25 15:01:48 [debug] config of node                              [39m data={"aggregator":"count","associated":true,"params":{"field":"id","filter":{"$and":[]}},"precision":2,"collection":"defects","association":{"name":"all_defects","associatedKey":"{{$context.data.parent_summary.id}}","associatedCollection":"collection_quality"}} workflowId=350179335012352
[34m2026-02-25 15:01:48 [debug] job added to save list: {"result":1,"status":1,"nodeId":350179335012353,"nodeKey":"ca6c1jxzwq5","id":"6950616265948160","createdAt":"2026-02-25T07:01:48.957Z","updatedAt":"2026-02-25T07:01:48.957Z","executionId":350180152901633}[39m workflowId=350179335012352
[32m2026-02-25 15:01:48 [info]  execution (350180152901633) run instruction [aggregate] for node (350179335012353) finished as status: 1[39m workflowId=350179335012352
[34m2026-02-25 15:01:48 [debug] result of node                              [39m data=1
[34m2026-02-25 15:01:48 [debug] run next node (350179335012354)             [39m 
[32m2026-02-25 15:01:48 [info]  execution (350180152901633) run instruction [update] for node (350179335012354)[39m workflowId=350179335012352
[34m2026-02-25 15:01:48 [debug] config of node                              [39m data={"usingAssignFormSchema":true,"assignFormSchema":{"_isJSONSchemaObject":true,"version":"2.0","name":"0mby4p7m0ow","type":"void","x-component":"Grid","x-initializer":"assignFieldValuesForm:configureFields","properties":{"2wbpfklshda":{"_isJSONSchemaObject":true,"version":"2.0","type":"void","x-component":"Grid.Row","properties":{"ibquc1d6wnd":{"_isJSONSchemaObject":true,"version":"2.0","type":"void","x-component":"Grid.Col","properties":{"total_defect":{"_isJSONSchemaObject":true,"version":"2.0","type":"string","name":"total_defect","x-toolbar":"FormItemSchemaToolbar","x-settings":"fieldSettings:FormItem","x-component":"AssignedField","x-decorator":"FormItem","x-collection-field":"collection_quality.total_defect"}},"name":"ibquc1d6wnd"}},"name":"2wbpfklshda"}}},"collection":"collection_quality","params":{"individualHooks":false,"filter":{"$and":[{"id":{"$eq":"{{$context.data.parent_summary.id}}"}}]},"values":{"total_defect":"{{$jobsMapByNodeKey.ca6c1jxzwq5}}"}}} workflowId=350179335012352
[34m2026-02-25 15:01:48 [debug] job added to save list: {"result":1,"status":1,"nodeId":350179335012354,"nodeKey":"9mun3sl2wtp","id":"6950616278531072","createdAt":"2026-02-25T07:01:48.960Z","updatedAt":"2026-02-25T07:01:48.960Z","executionId":350180152901633}[39m workflowId=350179335012352
[32m2026-02-25 15:01:48 [info]  execution (350180152901633) run instruction [update] for node (350179335012354) finished as status: 1[39m workflowId=350179335012352
[34m2026-02-25 15:01:48 [debug] result of node                              [39m data=1
[34m2026-02-25 15:01:48 [debug] branch ended at node (350179335012354)      [39m 
[34m2026-02-25 15:01:48 [debug] not on main, recall to parent entry node (350179335012354)})[39m workflowId=350179335012352
[32m2026-02-25 15:01:48 [info]  execution (350180152901633) resume instruction [parallel] for node (350179335012355)[39m workflowId=350179335012352
[34m2026-02-25 15:01:48 [debug] config of node                              [39m workflowId=350179335012352
[34m2026-02-25 15:01:48 [debug] job added to save list: {"status":0,"result":[1,null],"nodeId":350179335012355,"nodeKey":"chjc97mlb5y","upstreamId":null,"id":"6950616257559552","createdAt":"2026-02-25T07:01:48.955Z","updatedAt":"2026-02-25T07:01:48.962Z","executionId":350180152901633}[39m workflowId=350179335012352
[32m2026-02-25 15:01:48 [info]  execution (350180152901633) exiting with status 0[39m workflowId=350179335012352
[32m2026-02-25 15:01:48 [info]  execution (350180152901633) run instruction [aggregate] for node (350179335012356)[39m workflowId=350179335012352
[34m2026-02-25 15:01:48 [debug] config of node                              [39m data={"aggregator":"count","associated":true,"params":{"field":"id","filter":{"$and":[{"defect_rank":{"$eq":"level1"}},{"label":{"$noneOf":["功能屏蔽","已拒绝","建议"]}}]}},"precision":2,"collection":"defects","association":{"name":"module_defects","associatedKey":"{{$context.data.module_ref.id}}","associatedCollection":"module_summaries"}} workflowId=350179335012352
[31m2026-02-25 15:01:48 [error] execution (350180152901633) run instruction [aggregate] for node (350179335012356) failed: [39m workflowId=350179335012352
[34m2026-02-25 15:01:48 [debug] job added to save list: {"result":{"message":"WHERE parameter \"module\" has invalid \"undefined\" value"},"status":-2,"nodeId":350179335012356,"nodeKey":"h14qw1067vw","id":"6950616299502592","createdAt":"2026-02-25T07:01:48.965Z","updatedAt":"2026-02-25T07:01:48.965Z","executionId":350180152901633}[39m workflowId=350179335012352
[32m2026-02-25 15:01:48 [info]  execution (350180152901633) run instruction [aggregate] for node (350179335012356) finished as status: -2[39m workflowId=350179335012352
[34m2026-02-25 15:01:48 [debug] result of node                              [39m data={"message":"WHERE parameter \"module\" has invalid \"undefined\" value"}
[34m2026-02-25 15:01:48 [debug] branch ended at node (350179335012356)      [39m 
[34m2026-02-25 15:01:48 [debug] not on main, recall to parent entry node (350179335012356)})[39m workflowId=350179335012352
[32m2026-02-25 15:01:48 [info]  execution (350180152901633) resume instruction [parallel] for node (350179335012355)[39m workflowId=350179335012352
[34m2026-02-25 15:01:48 [debug] config of node                              [39m workflowId=350179335012352
[34m2026-02-25 15:01:48 [debug] job added to save list: {"status":-2,"result":[1,-2],"nodeId":350179335012355,"nodeKey":"chjc97mlb5y","upstreamId":null,"id":"6950616257559552","createdAt":"2026-02-25T07:01:48.955Z","updatedAt":"2026-02-25T07:01:48.962Z","executionId":350180152901633}[39m workflowId=350179335012352
[32m2026-02-25 15:01:48 [info]  execution (350180152901633) run instruction [parallel] for node (350179335012355) finished as status: -2[39m workflowId=350179335012352
[34m2026-02-25 15:01:48 [debug] result of node                              [39m data=[1,-2]
[34m2026-02-25 15:01:48 [debug] branch ended at node (350179335012355)      [39m 
[32m2026-02-25 15:01:48 [info]  execution (350180152901633) exiting with status -2[39m workflowId=350179335012352
[32m2026-02-25 15:01:48 [info]  execution (350180152901633) finished with status: -2[39m 
[34m2026-02-25 15:01:48 [debug] execution (350180152901633) details:        [39m execution={"createdAt":"2026-02-25T07:01:48.945Z","id":350180152901633,"updatedAt":"2026-02-25T07:01:48.971Z","key":"gljlkxparob","eventKey":"8fd2ab15-da2f-453d-acb5-ed5d5ef71373","context":{"data":{"createdAt":"2026-02-25T07:01:48.932Z","updatedAt":"2026-02-25T07:01:48.937Z","defect":"图纸模糊","defect_rank":"level2","priority":"P2","id":350180152901632,"f_jmazop48q5l":4,"createdById":1,"updatedById":1,"defect_classification":"历史遗留","module":350174740152320,"label":["历史遗留"],"defect_status":"待修复","parent_summary":{"createdAt":"2026-02-24T07:28:00.761Z","updatedAt":"2026-02-25T06:32:47.610Z","owner_id":"jason","id":4,"total_count":null,"tested_count":null,"defect_count":null,"fixed_count":null,"pending_count":null,"loc":null,"kloc":0,"testing_rate":null,"fix_rate":null,"pending_rate":null,"defect_density":null,"total_defect":0,"module_type":"缺陷汇总","createdById":1,"updatedById":1}}},"status":-2,"dispatched":true,"stack":null,"output":null,"manually":null,"workflowId":350179335012352}
[32m2026-02-25 15:11:44 [info]  toggle OFF workflow 350179335012352         [39m workflowId=350179335012352
[32m2026-02-25 15:11:44 [info]  toggle OFF workflow 350179335012352         [39m workflowId=350179335012352
