[32m2026-03-16 16:50:18 [info]  toggle ON workflow 353636477501440          [39m workflowId=353636477501440
[32m2026-03-16 16:50:49 [info]  new event triggered, now events: 3          [39m 
[34m2026-03-16 16:50:49 [debug] event data:                                 [39m context={"data":{"createdAt":"2026-03-16T08:50:49.026Z","updatedAt":"2026-03-16T08:50:49.037Z","f_0ipjqjhd3dt":456,"f_jmazop48q5l":353633853964288,"defect_classification":"其他","defect_status":"已关闭","defect":"测试模块缺失数据","defect_rank":"level1","priority":"P1","id":353636555096064,"discovery_stage":"独立评审","specific_reason":null,"module":null,"repair_plan":null,"test_stage":null,"label":["已修复","已关闭"],"round":"CC2026R2第二轮测试","issue_id":null,"assignee":null,"feature_name":null,"issue_state":null,"repair_status":null,"gitlab_url":null,"createdById":1,"updatedById":1,"level_1_cause":"设计问题","level_2_cause":null,"__tableName":"defects","__schemaName":"public","review_ref":{"createdAt":"2026-03-12T02:54:53.337Z","updatedAt":"2026-03-16T07:54:54.815Z","module_id":null,"eff_issue_hour":0,"id":456,"eff_page_hour":0.36,"round":"CC2026R2回归测试","workload_indep":8,"page_count":5,"workload_joint":6,"total_issues":0,"eff_indep_issues":0,"eff_meet_issues":0,"review_density":0,"is_standard":"是","review_hours":null,"fail_reason":null,"createdById":1,"updatedById":1},"__collection":"defects"}}
[32m2026-03-16 16:50:49 [info]  new event is pending to be prepared after previous preparation is finished[39m 
[32m2026-03-16 16:50:49 [info]  preparing execution for event               [39m 
[32m2026-03-16 16:50:49 [info]  execution of workflow 353636477501440 created as 353636555096067[39m 
[32m2026-03-16 16:50:49 [info]  instance is not serving as worker or local pending list is not empty, sending execution (353636555096067) to queue[39m 
[32m2026-03-16 16:50:49 [info]  execution (353636555096067) fetched from db [39m 
[32m2026-03-16 16:50:49 [info]  execution (353636555096067) starting...     [39m 
[32m2026-03-16 16:50:49 [info]  execution (353636555096067) run instruction [sql] for node (353636477501441)[39m workflowId=353636477501440
[34m2026-03-16 16:50:49 [debug] config of node                              [39m data={"dataSource":"main","sql":"/* 临时调试：看看能不能查到数据 */\nSELECT \n    t1.\"id\", \n    t1.\"level_1_cause\", \n    t1.\"f_jmazop48q5l\" as module_id\nFROM \"defects\" AS t1\nWHERE t1.\"f_0ipjqjhd3dt\" = {{ $context.data.id }};"} workflowId=353636477501440
[34m2026-03-16 16:50:49 [debug] job added to save list: {"result":[],"status":1,"nodeId":353636477501441,"nodeKey":"if7j7gptm8l","id":"13863417270008832","createdAt":"2026-03-16T08:50:49.150Z","updatedAt":"2026-03-16T08:50:49.150Z","executionId":353636555096067}[39m workflowId=353636477501440
[32m2026-03-16 16:50:49 [info]  execution (353636555096067) run instruction [sql] for node (353636477501441) finished as status: 1[39m workflowId=353636477501440
[34m2026-03-16 16:50:49 [debug] result of node                              [39m 
[34m2026-03-16 16:50:49 [debug] branch ended at node (353636477501441)      [39m 
[32m2026-03-16 16:50:49 [info]  execution (353636555096067) exiting with status 1[39m workflowId=353636477501440
[32m2026-03-16 16:50:49 [info]  execution (353636555096067) finished with status: 1[39m 
[34m2026-03-16 16:50:49 [debug] execution (353636555096067) details:        [39m execution={"createdAt":"2026-03-16T08:50:49.082Z","id":353636555096067,"updatedAt":"2026-03-16T08:50:49.154Z","key":"8alcozhoboc","eventKey":"8eece26f-96bf-46b5-9560-e1492958b96b","context":{"data":{"createdAt":"2026-03-16T08:50:49.026Z","updatedAt":"2026-03-16T08:50:49.037Z","f_0ipjqjhd3dt":456,"f_jmazop48q5l":353633853964288,"defect_classification":"其他","defect_status":"已关闭","defect":"测试模块缺失数据","defect_rank":"level1","priority":"P1","id":353636555096064,"discovery_stage":"独立评审","specific_reason":null,"module":null,"repair_plan":null,"test_stage":null,"label":["已修复","已关闭"],"round":"CC2026R2第二轮测试","issue_id":null,"assignee":null,"feature_name":null,"issue_state":null,"repair_status":null,"gitlab_url":null,"createdById":1,"updatedById":1,"level_1_cause":"设计问题","level_2_cause":null,"__tableName":"defects","__schemaName":"public","review_ref":{"createdAt":"2026-03-12T02:54:53.337Z","updatedAt":"2026-03-16T07:54:54.815Z","module_id":null,"eff_issue_hour":0,"id":456,"eff_page_hour":0.36,"round":"CC2026R2回归测试","workload_indep":8,"page_count":5,"workload_joint":6,"total_issues":0,"eff_indep_issues":0,"eff_meet_issues":0,"review_density":0,"is_standard":"是","review_hours":null,"fail_reason":null,"createdById":1,"updatedById":1},"__collection":"defects"}},"status":1,"dispatched":true,"stack":null,"output":null,"manually":null,"workflowId":353636477501440}
[32m2026-03-16 16:57:03 [info]  toggle OFF workflow 353636477501440         [39m workflowId=353636477501440
[32m2026-03-16 16:57:03 [info]  toggle OFF workflow 353636477501440         [39m workflowId=353636477501440
