[32m2026-02-27 10:21:19 [info]  toggle OFF workflow 350382526627840         [39m workflowId=350382526627840
[32m2026-02-27 10:21:23 [info]  toggle ON workflow 350382526627840          [39m workflowId=350382526627840
[32m2026-02-27 10:24:59 [info]  new event triggered, now events: 1          [39m 
[34m2026-02-27 10:24:59 [debug] event data:                                 [39m context={"data":{"createdAt":"2026-02-27T02:24:59.878Z","updatedAt":"2026-02-27T02:24:59.889Z","defect_classification":"ńĮæķĆĆ","defect":"µĀĖÕ┐āń«Śµ│Ģµ©ĪÕØŚõ╗ŻńĀüÕø×ķĆĆÕ»╝Ķć┤Õ┤®µ║ā","defect_rank":"level1","priority":"P1","id":350507707727872,"defect_status":"ÕĘ▓Õģ│ķŚŁ","module":null,"f_jmazop48q5l":350382214152192,"label":["ÕĘ▓õ┐«ÕżŹ"],"createdById":1,"updatedById":1,"parent_summary":{"createdAt":"2026-02-26T09:47:39.714Z","updatedAt":"2026-02-27T02:14:13.140Z","owner_id":"nocobase","id":350382214152192,"total_count":null,"tested_count":null,"defect_count":null,"fixed_count":null,"pending_count":null,"loc":null,"kloc":0,"testing_rate":null,"fix_rate":null,"pending_rate":null,"defect_density":null,"total_defect":0,"module_type":"ń╝║ķÖĘµ▒ćµĆ╗","createdById":1,"updatedById":1}}}
[32m2026-02-27 10:24:59 [info]  preparing execution for event               [39m 
[32m2026-02-27 10:24:59 [info]  execution of workflow 350382526627840 created as 350507707727873[39m 
[32m2026-02-27 10:24:59 [info]  local pending list is empty, adding execution (350507707727873) to pending list[39m 
[32m2026-02-27 10:24:59 [info]  pending execution (350507707727873) ready to process[39m 
[32m2026-02-27 10:24:59 [info]  execution (350507707727873) starting...     [39m 
[32m2026-02-27 10:24:59 [info]  execution (350507707727873) run instruction [parallel] for node (350382526627843)[39m workflowId=350382526627840
[34m2026-02-27 10:24:59 [debug] config of node                              [39m workflowId=350382526627840
[34m2026-02-27 10:24:59 [debug] job added to save list: {"status":0,"result":[null,null],"nodeId":350382526627843,"nodeKey":"chjc97mlb5y","upstreamId":null,"id":"7605728718115840","createdAt":"2026-02-27T02:24:59.937Z","updatedAt":"2026-02-27T02:24:59.937Z","executionId":350507707727873}[39m workflowId=350382526627840
[32m2026-02-27 10:24:59 [info]  execution (350507707727873) run instruction [aggregate] for node (350382526627855)[39m workflowId=350382526627840
[34m2026-02-27 10:24:59 [debug] config of node                              [39m data={"aggregator":"count","associated":true,"params":{"field":"id","filter":{"$and":[]}},"precision":2,"collection":"defects","association":{"name":"all_defects","associatedKey":"{{$context.data.parent_summary.id}}","associatedCollection":"collection_quality"}} workflowId=350382526627840
[34m2026-02-27 10:24:59 [debug] job added to save list: {"result":1,"status":1,"nodeId":350382526627855,"nodeKey":"ca6c1jxzwq5","id":"7605728730698752","createdAt":"2026-02-27T02:24:59.940Z","updatedAt":"2026-02-27T02:24:59.940Z","executionId":350507707727873}[39m workflowId=350382526627840
[32m2026-02-27 10:24:59 [info]  execution (350507707727873) run instruction [aggregate] for node (350382526627855) finished as status: 1[39m workflowId=350382526627840
[34m2026-02-27 10:24:59 [debug] result of node                              [39m data=1
[34m2026-02-27 10:24:59 [debug] run next node (350382526627856)             [39m 
[32m2026-02-27 10:24:59 [info]  execution (350507707727873) run instruction [update] for node (350382526627856)[39m workflowId=350382526627840
[34m2026-02-27 10:24:59 [debug] config of node                              [39m data={"usingAssignFormSchema":true,"assignFormSchema":{"_isJSONSchemaObject":true,"version":"2.0","name":"0mby4p7m0ow","type":"void","x-component":"Grid","x-initializer":"assignFieldValuesForm:configureFields","properties":{"2wbpfklshda":{"_isJSONSchemaObject":true,"version":"2.0","type":"void","x-component":"Grid.Row","properties":{"ibquc1d6wnd":{"_isJSONSchemaObject":true,"version":"2.0","type":"void","x-component":"Grid.Col","properties":{"total_defect":{"_isJSONSchemaObject":true,"version":"2.0","type":"string","name":"total_defect","x-toolbar":"FormItemSchemaToolbar","x-settings":"fieldSettings:FormItem","x-component":"AssignedField","x-decorator":"FormItem","x-collection-field":"collection_quality.total_defect"}},"name":"ibquc1d6wnd"}},"name":"2wbpfklshda"}}},"collection":"collection_quality","params":{"individualHooks":false,"filter":{"$and":[{"id":{"$eq":"{{$context.data.parent_summary.id}}"}}]},"values":{"total_defect":"{{$jobsMapByNodeKey.ca6c1jxzwq5}}"}}} workflowId=350382526627840
[34m2026-02-27 10:24:59 [debug] job added to save list: {"result":1,"status":1,"nodeId":350382526627856,"nodeKey":"9mun3sl2wtp","id":"7605728747475968","createdAt":"2026-02-27T02:24:59.945Z","updatedAt":"2026-02-27T02:24:59.945Z","executionId":350507707727873}[39m workflowId=350382526627840
[32m2026-02-27 10:24:59 [info]  execution (350507707727873) run instruction [update] for node (350382526627856) finished as status: 1[39m workflowId=350382526627840
[34m2026-02-27 10:24:59 [debug] result of node                              [39m data=1
[34m2026-02-27 10:24:59 [debug] branch ended at node (350382526627856)      [39m 
[34m2026-02-27 10:24:59 [debug] not on main, recall to parent entry node (350382526627856)})[39m workflowId=350382526627840
[32m2026-02-27 10:24:59 [info]  execution (350507707727873) resume instruction [parallel] for node (350382526627843)[39m workflowId=350382526627840
[34m2026-02-27 10:24:59 [debug] config of node                              [39m workflowId=350382526627840
[34m2026-02-27 10:24:59 [debug] job added to save list: {"status":0,"result":[1,null],"nodeId":350382526627843,"nodeKey":"chjc97mlb5y","upstreamId":null,"id":"7605728718115840","createdAt":"2026-02-27T02:24:59.937Z","updatedAt":"2026-02-27T02:24:59.947Z","executionId":350507707727873}[39m workflowId=350382526627840
[32m2026-02-27 10:24:59 [info]  execution (350507707727873) exiting with status 0[39m workflowId=350382526627840
[32m2026-02-27 10:24:59 [info]  execution (350507707727873) run instruction [aggregate] for node (350382526627868)[39m workflowId=350382526627840
[34m2026-02-27 10:24:59 [debug] config of node                              [39m data={"aggregator":"count","associated":false,"params":{"field":"id","filter":{"$and":[{"defect_rank":{"$eq":"level1"}},{"label":{"$noneOf":["ÕŖ¤ĶāĮÕ▒ÅĶöĮ","ÕĘ▓µŗÆń╗Ø","Õ╗║Ķ««"]}},{"module":{"$eq":"{{$context.data.module}}"}},{"$or":[{"defect_status":{"$ne":"ÕĘ▓Õģ│ķŚŁ"}},{"label":{"$noneOf":["ńö│Ķ»ĘÕÉ”Õå│","µĢ░µŹ«Õ╝éÕĖĖ","Ķ«ŠĶ«ĪÕ”éµŁż"]}}]}]}},"precision":2,"collection":"defects"} workflowId=350382526627840
[34m2026-02-27 10:24:59 [debug] job added to save list: {"result":1,"status":1,"nodeId":350382526627868,"nodeKey":"h14qw1067vw","id":"7605728818779136","createdAt":"2026-02-27T02:24:59.961Z","updatedAt":"2026-02-27T02:24:59.961Z","executionId":350507707727873}[39m workflowId=350382526627840
[32m2026-02-27 10:24:59 [info]  execution (350507707727873) run instruction [aggregate] for node (350382526627868) finished as status: 1[39m workflowId=350382526627840
[34m2026-02-27 10:24:59 [debug] result of node                              [39m data=1
[34m2026-02-27 10:24:59 [debug] run next node (350382526627860)             [39m 
[32m2026-02-27 10:24:59 [info]  execution (350507707727873) run instruction [aggregate] for node (350382526627860)[39m workflowId=350382526627840
[34m2026-02-27 10:24:59 [debug] config of node                              [39m data={"aggregator":"count","associated":false,"params":{"field":"id","filter":{"$and":[{"defect_rank":{"$eq":"level1"}},{"label":{"$noneOf":["ÕŖ¤ĶāĮÕ▒ÅĶöĮ","ÕĘ▓µŗÆń╗Ø","Õ╗║Ķ««"]}},{"$or":[{"label":{"$anyOf":["ÕĘ▓õ┐«ÕżŹ","ÕŠģÕÉłÕ╣Č"]}},{"$and":[{"label":{"$anyOf":["µ£¬ÕżŹńÄ░"]}},{"defect_status":{"$eq":"ÕĘ▓Õģ│ķŚŁ"}}]}]},{"module":{"$eq":"{{$context.data.module}}"}},{"$or":[{"defect_status":{"$ne":"ÕĘ▓Õģ│ķŚŁ"}},{"label":{"$noneOf":["ńö│Ķ»ĘÕÉ”Õå│","µĢ░µŹ«Õ╝éÕĖĖ","Ķ«ŠĶ«ĪÕ”éµŁż"]}}]}]}},"precision":2,"collection":"defects"} workflowId=350382526627840
[34m2026-02-27 10:24:59 [debug] job added to save list: {"result":1,"status":1,"nodeId":350382526627860,"nodeKey":"cvcey3i9obe","id":"7605728835556352","createdAt":"2026-02-27T02:24:59.965Z","updatedAt":"2026-02-27T02:24:59.966Z","executionId":350507707727873}[39m workflowId=350382526627840
[32m2026-02-27 10:24:59 [info]  execution (350507707727873) run instruction [aggregate] for node (350382526627860) finished as status: 1[39m workflowId=350382526627840
[34m2026-02-27 10:24:59 [debug] result of node                              [39m data=1
[34m2026-02-27 10:24:59 [debug] run next node (350382526627862)             [39m 
[32m2026-02-27 10:24:59 [info]  execution (350507707727873) run instruction [aggregate] for node (350382526627862)[39m workflowId=350382526627840
[34m2026-02-27 10:24:59 [debug] config of node                              [39m data={"aggregator":"count","associated":false,"params":{"field":"id","filter":{"$and":[{"defect_rank":{"$eq":"level1"}},{"module":{"$eq":"{{$context.data.module}}"}},{"$or":[{"defect":{"$includes":"ķĆĆ"}},{"defect":{"$includes":"Õø×ķĆĆ"}},{"defect":{"$includes":"ÕĆÆķĆĆ"}}]}]}},"precision":2,"collection":"defects"} workflowId=350382526627840
[34m2026-02-27 10:24:59 [debug] job added to save list: {"result":1,"status":1,"nodeId":350382526627862,"nodeKey":"9euqanxv5ca","id":"7605728856527872","createdAt":"2026-02-27T02:24:59.970Z","updatedAt":"2026-02-27T02:24:59.970Z","executionId":350507707727873}[39m workflowId=350382526627840
[32m2026-02-27 10:24:59 [info]  execution (350507707727873) run instruction [aggregate] for node (350382526627862) finished as status: 1[39m workflowId=350382526627840
[34m2026-02-27 10:24:59 [debug] result of node                              [39m data=1
[34m2026-02-27 10:24:59 [debug] run next node (350382526627861)             [39m 
[32m2026-02-27 10:24:59 [info]  execution (350507707727873) run instruction [aggregate] for node (350382526627861)[39m workflowId=350382526627840
[34m2026-02-27 10:24:59 [debug] config of node                              [39m data={"aggregator":"count","associated":false,"params":{"field":"id","filter":{"$and":[{"defect_rank":{"$eq":"level1"}},{"module":{"$eq":"{{$context.data.module}}"}},{"$or":[{"defect":{"$includes":"µīéµ£║"}}]}]}},"precision":2,"collection":"defects"} workflowId=350382526627840
[34m2026-02-27 10:24:59 [debug] job added to save list: {"result":0,"status":1,"nodeId":350382526627861,"nodeKey":"cjybahnz5qh","id":"7605728869110784","createdAt":"2026-02-27T02:24:59.973Z","updatedAt":"2026-02-27T02:24:59.973Z","executionId":350507707727873}[39m workflowId=350382526627840
[32m2026-02-27 10:24:59 [info]  execution (350507707727873) run instruction [aggregate] for node (350382526627861) finished as status: 1[39m workflowId=350382526627840
[34m2026-02-27 10:24:59 [debug] result of node                              [39m 
[34m2026-02-27 10:24:59 [debug] run next node (350382526627867)             [39m 
[32m2026-02-27 10:24:59 [info]  execution (350507707727873) run instruction [aggregate] for node (350382526627867)[39m workflowId=350382526627840
[34m2026-02-27 10:24:59 [debug] config of node                              [39m data={"aggregator":"count","associated":false,"params":{"field":"id","filter":{"$and":[{"defect_rank":{"$eq":"level1"}},{"defect":{"$notIncludes":"ķĆĆ"}},{"defect":{"$notIncludes":"Õø×ķĆĆ"}},{"defect":{"$notIncludes":"ÕĆÆķĆĆ"}},{"defect":{"$notIncludes":"µīéµ£║"}},{"module":{"$eq":"{{$context.data.module}}"}}]}},"precision":2,"collection":"defects"} workflowId=350382526627840
[34m2026-02-27 10:24:59 [debug] job added to save list: {"result":0,"status":1,"nodeId":350382526627867,"nodeKey":"4lo6zk22j0o","id":"7605728890082304","createdAt":"2026-02-27T02:24:59.978Z","updatedAt":"2026-02-27T02:24:59.978Z","executionId":350507707727873}[39m workflowId=350382526627840
[32m2026-02-27 10:24:59 [info]  execution (350507707727873) run instruction [aggregate] for node (350382526627867) finished as status: 1[39m workflowId=350382526627840
[34m2026-02-27 10:24:59 [debug] result of node                              [39m 
[34m2026-02-27 10:24:59 [debug] run next node (350382526627878)             [39m 
[32m2026-02-27 10:24:59 [info]  execution (350507707727873) run instruction [aggregate] for node (350382526627878)[39m workflowId=350382526627840
[34m2026-02-27 10:24:59 [debug] config of node                              [39m data={"aggregator":"count","associated":false,"params":{"field":"id","filter":{"$and":[{"defect_rank":{"$eq":"level2"}},{"label":{"$noneOf":["ÕŖ¤ĶāĮÕ▒ÅĶöĮ","ÕĘ▓µŗÆń╗Ø","Õ╗║Ķ««"]}},{"module":{"$eq":"{{$context.data.module}}"}},{"$or":[{"defect_status":{}},{"label":{"$noneOf":["ńö│Ķ»ĘÕÉ”Õå│","µĢ░µŹ«Õ╝éÕĖĖ","Ķ«ŠĶ«ĪÕ”éµŁż"]}}]}]}},"precision":2,"collection":"defects"} workflowId=350382526627840
[31m2026-02-27 10:24:59 [error] execution (350507707727873) run instruction [aggregate] for node (350382526627878) failed: [39m workflowId=350382526627840
[34m2026-02-27 10:24:59 [debug] job added to save list: {"result":{"message":"Invalid value {}"},"status":-2,"nodeId":350382526627878,"nodeKey":"52k6055vnrg","id":"7605728911053824","createdAt":"2026-02-27T02:24:59.983Z","updatedAt":"2026-02-27T02:24:59.983Z","executionId":350507707727873}[39m workflowId=350382526627840
[32m2026-02-27 10:24:59 [info]  execution (350507707727873) run instruction [aggregate] for node (350382526627878) finished as status: -2[39m workflowId=350382526627840
[34m2026-02-27 10:24:59 [debug] result of node                              [39m data={"message":"Invalid value {}"}
[34m2026-02-27 10:24:59 [debug] branch ended at node (350382526627878)      [39m 
[34m2026-02-27 10:24:59 [debug] not on main, recall to parent entry node (350382526627878)})[39m workflowId=350382526627840
[32m2026-02-27 10:24:59 [info]  execution (350507707727873) resume instruction [parallel] for node (350382526627843)[39m workflowId=350382526627840
[34m2026-02-27 10:24:59 [debug] config of node                              [39m workflowId=350382526627840
[34m2026-02-27 10:24:59 [debug] job added to save list: {"status":-2,"result":[1,-2],"nodeId":350382526627843,"nodeKey":"chjc97mlb5y","upstreamId":null,"id":"7605728718115840","createdAt":"2026-02-27T02:24:59.937Z","updatedAt":"2026-02-27T02:24:59.947Z","executionId":350507707727873}[39m workflowId=350382526627840
[32m2026-02-27 10:24:59 [info]  execution (350507707727873) run instruction [parallel] for node (350382526627843) finished as status: -2[39m workflowId=350382526627840
[34m2026-02-27 10:24:59 [debug] result of node                              [39m data=[1,-2]
[34m2026-02-27 10:24:59 [debug] branch ended at node (350382526627843)      [39m 
[32m2026-02-27 10:25:00 [info]  execution (350507707727873) exiting with status -2[39m workflowId=350382526627840
[32m2026-02-27 10:25:00 [info]  execution (350507707727873) finished with status: -2[39m 
[34m2026-02-27 10:25:00 [debug] execution (350507707727873) details:        [39m execution={"createdAt":"2026-02-27T02:24:59.903Z","id":350507707727873,"updatedAt":"2026-02-27T02:25:00.001Z","key":"gljlkxparob","eventKey":"604f1224-5781-4030-b0c8-e117fea0734f","context":{"data":{"createdAt":"2026-02-27T02:24:59.878Z","updatedAt":"2026-02-27T02:24:59.889Z","defect_classification":"ńĮæķĆĆ","defect":"µĀĖÕ┐āń«Śµ│Ģµ©ĪÕØŚõ╗ŻńĀüÕø×ķĆĆÕ»╝Ķć┤Õ┤®µ║ā","defect_rank":"level1","priority":"P1","id":350507707727872,"defect_status":"ÕĘ▓Õģ│ķŚŁ","module":null,"f_jmazop48q5l":350382214152192,"label":["ÕĘ▓õ┐«ÕżŹ"],"createdById":1,"updatedById":1,"parent_summary":{"createdAt":"2026-02-26T09:47:39.714Z","updatedAt":"2026-02-27T02:14:13.140Z","owner_id":"nocobase","id":350382214152192,"total_count":null,"tested_count":null,"defect_count":null,"fixed_count":null,"pending_count":null,"loc":null,"kloc":0,"testing_rate":null,"fix_rate":null,"pending_rate":null,"defect_density":null,"total_defect":0,"module_type":"ń╝║ķÖĘµ▒ćµĆ╗","createdById":1,"updatedById":1}}},"status":-2,"dispatched":true,"stack":null,"output":null,"manually":null,"workflowId":350382526627840}
[32m2026-02-27 10:25:17 [info]  new event triggered, now events: 1          [39m 
[34m2026-02-27 10:25:17 [debug] event data:                                 [39m context={"data":{"createdAt":"2026-02-27T02:25:17.632Z","updatedAt":"2026-02-27T02:25:17.636Z","defect_classification":"µīéµ£║","defect":"Õ»╝ÕģźÕż¦Õ×ŗµ¢ćõ╗ČµŚČń│╗ń╗¤ńĢīķØóµīéµ£║","defect_rank":"level1","priority":"P1","id":350507745476608,"defect_status":"ÕĘ▓õ┐«ÕżŹ","module":null,"f_jmazop48q5l":350382214152192,"label":["ÕĘ▓õ┐«ÕżŹ","ÕŠģÕÉłÕ╣Č"],"createdById":1,"updatedById":1,"parent_summary":{"createdAt":"2026-02-26T09:47:39.714Z","updatedAt":"2026-02-27T02:24:59.943Z","owner_id":"nocobase","id":350382214152192,"total_count":null,"tested_count":null,"defect_count":null,"fixed_count":null,"pending_count":null,"loc":null,"kloc":0,"testing_rate":null,"fix_rate":null,"pending_rate":null,"defect_density":null,"total_defect":1,"module_type":"ń╝║ķÖĘµ▒ćµĆ╗","createdById":1,"updatedById":1}}}
[32m2026-02-27 10:25:17 [info]  preparing execution for event               [39m 
[32m2026-02-27 10:25:17 [info]  execution of workflow 350382526627840 created as 350507745476609[39m 
[32m2026-02-27 10:25:17 [info]  local pending list is empty, adding execution (350507745476609) to pending list[39m 
[32m2026-02-27 10:25:17 [info]  pending execution (350507745476609) ready to process[39m 
[32m2026-02-27 10:25:17 [info]  execution (350507745476609) starting...     [39m 
[32m2026-02-27 10:25:17 [info]  execution (350507745476609) run instruction [parallel] for node (350382526627843)[39m workflowId=350382526627840
[34m2026-02-27 10:25:17 [debug] config of node                              [39m workflowId=350382526627840
[34m2026-02-27 10:25:17 [debug] job added to save list: {"status":0,"result":[null,null],"nodeId":350382526627843,"nodeKey":"chjc97mlb5y","upstreamId":null,"id":"7605803120874496","createdAt":"2026-02-27T02:25:17.676Z","updatedAt":"2026-02-27T02:25:17.676Z","executionId":350507745476609}[39m workflowId=350382526627840
[32m2026-02-27 10:25:17 [info]  execution (350507745476609) run instruction [aggregate] for node (350382526627855)[39m workflowId=350382526627840
[34m2026-02-27 10:25:17 [debug] config of node                              [39m data={"aggregator":"count","associated":true,"params":{"field":"id","filter":{"$and":[]}},"precision":2,"collection":"defects","association":{"name":"all_defects","associatedKey":"{{$context.data.parent_summary.id}}","associatedCollection":"collection_quality"}} workflowId=350382526627840
[34m2026-02-27 10:25:17 [debug] job added to save list: {"result":2,"status":1,"nodeId":350382526627855,"nodeKey":"ca6c1jxzwq5","id":"7605803129263104","createdAt":"2026-02-27T02:25:17.678Z","updatedAt":"2026-02-27T02:25:17.678Z","executionId":350507745476609}[39m workflowId=350382526627840
[32m2026-02-27 10:25:17 [info]  execution (350507745476609) run instruction [aggregate] for node (350382526627855) finished as status: 1[39m workflowId=350382526627840
[34m2026-02-27 10:25:17 [debug] result of node                              [39m data=2
[34m2026-02-27 10:25:17 [debug] run next node (350382526627856)             [39m 
[32m2026-02-27 10:25:17 [info]  execution (350507745476609) run instruction [update] for node (350382526627856)[39m workflowId=350382526627840
[34m2026-02-27 10:25:17 [debug] config of node                              [39m data={"usingAssignFormSchema":true,"assignFormSchema":{"_isJSONSchemaObject":true,"version":"2.0","name":"0mby4p7m0ow","type":"void","x-component":"Grid","x-initializer":"assignFieldValuesForm:configureFields","properties":{"2wbpfklshda":{"_isJSONSchemaObject":true,"version":"2.0","type":"void","x-component":"Grid.Row","properties":{"ibquc1d6wnd":{"_isJSONSchemaObject":true,"version":"2.0","type":"void","x-component":"Grid.Col","properties":{"total_defect":{"_isJSONSchemaObject":true,"version":"2.0","type":"string","name":"total_defect","x-toolbar":"FormItemSchemaToolbar","x-settings":"fieldSettings:FormItem","x-component":"AssignedField","x-decorator":"FormItem","x-collection-field":"collection_quality.total_defect"}},"name":"ibquc1d6wnd"}},"name":"2wbpfklshda"}}},"collection":"collection_quality","params":{"individualHooks":false,"filter":{"$and":[{"id":{"$eq":"{{$context.data.parent_summary.id}}"}}]},"values":{"total_defect":"{{$jobsMapByNodeKey.ca6c1jxzwq5}}"}}} workflowId=350382526627840
[34m2026-02-27 10:25:17 [debug] job added to save list: {"result":1,"status":1,"nodeId":350382526627856,"nodeKey":"9mun3sl2wtp","id":"7605803179594752","createdAt":"2026-02-27T02:25:17.690Z","updatedAt":"2026-02-27T02:25:17.690Z","executionId":350507745476609}[39m workflowId=350382526627840
[32m2026-02-27 10:25:17 [info]  execution (350507745476609) run instruction [update] for node (350382526627856) finished as status: 1[39m workflowId=350382526627840
[34m2026-02-27 10:25:17 [debug] result of node                              [39m data=1
[34m2026-02-27 10:25:17 [debug] branch ended at node (350382526627856)      [39m 
[34m2026-02-27 10:25:17 [debug] not on main, recall to parent entry node (350382526627856)})[39m workflowId=350382526627840
[32m2026-02-27 10:25:17 [info]  execution (350507745476609) resume instruction [parallel] for node (350382526627843)[39m workflowId=350382526627840
[34m2026-02-27 10:25:17 [debug] config of node                              [39m workflowId=350382526627840
[34m2026-02-27 10:25:17 [debug] job added to save list: {"status":0,"result":[1,null],"nodeId":350382526627843,"nodeKey":"chjc97mlb5y","upstreamId":null,"id":"7605803120874496","createdAt":"2026-02-27T02:25:17.676Z","updatedAt":"2026-02-27T02:25:17.692Z","executionId":350507745476609}[39m workflowId=350382526627840
[32m2026-02-27 10:25:17 [info]  execution (350507745476609) exiting with status 0[39m workflowId=350382526627840
[32m2026-02-27 10:25:17 [info]  execution (350507745476609) run instruction [aggregate] for node (350382526627868)[39m workflowId=350382526627840
[34m2026-02-27 10:25:17 [debug] config of node                              [39m data={"aggregator":"count","associated":false,"params":{"field":"id","filter":{"$and":[{"defect_rank":{"$eq":"level1"}},{"label":{"$noneOf":["ÕŖ¤ĶāĮÕ▒ÅĶöĮ","ÕĘ▓µŗÆń╗Ø","Õ╗║Ķ««"]}},{"module":{"$eq":"{{$context.data.module}}"}},{"$or":[{"defect_status":{"$ne":"ÕĘ▓Õģ│ķŚŁ"}},{"label":{"$noneOf":["ńö│Ķ»ĘÕÉ”Õå│","µĢ░µŹ«Õ╝éÕĖĖ","Ķ«ŠĶ«ĪÕ”éµŁż"]}}]}]}},"precision":2,"collection":"defects"} workflowId=350382526627840
[34m2026-02-27 10:25:17 [debug] job added to save list: {"result":2,"status":1,"nodeId":350382526627868,"nodeKey":"h14qw1067vw","id":"7605803213149184","createdAt":"2026-02-27T02:25:17.698Z","updatedAt":"2026-02-27T02:25:17.698Z","executionId":350507745476609}[39m workflowId=350382526627840
[32m2026-02-27 10:25:17 [info]  execution (350507745476609) run instruction [aggregate] for node (350382526627868) finished as status: 1[39m workflowId=350382526627840
[34m2026-02-27 10:25:17 [debug] result of node                              [39m data=2
[34m2026-02-27 10:25:17 [debug] run next node (350382526627860)             [39m 
[32m2026-02-27 10:25:17 [info]  execution (350507745476609) run instruction [aggregate] for node (350382526627860)[39m workflowId=350382526627840
[34m2026-02-27 10:25:17 [debug] config of node                              [39m data={"aggregator":"count","associated":false,"params":{"field":"id","filter":{"$and":[{"defect_rank":{"$eq":"level1"}},{"label":{"$noneOf":["ÕŖ¤ĶāĮÕ▒ÅĶöĮ","ÕĘ▓µŗÆń╗Ø","Õ╗║Ķ««"]}},{"$or":[{"label":{"$anyOf":["ÕĘ▓õ┐«ÕżŹ","ÕŠģÕÉłÕ╣Č"]}},{"$and":[{"label":{"$anyOf":["µ£¬ÕżŹńÄ░"]}},{"defect_status":{"$eq":"ÕĘ▓Õģ│ķŚŁ"}}]}]},{"module":{"$eq":"{{$context.data.module}}"}},{"$or":[{"defect_status":{"$ne":"ÕĘ▓Õģ│ķŚŁ"}},{"label":{"$noneOf":["ńö│Ķ»ĘÕÉ”Õå│","µĢ░µŹ«Õ╝éÕĖĖ","Ķ«ŠĶ«ĪÕ”éµŁż"]}}]}]}},"precision":2,"collection":"defects"} workflowId=350382526627840
[34m2026-02-27 10:25:17 [debug] job added to save list: {"result":2,"status":1,"nodeId":350382526627860,"nodeKey":"cvcey3i9obe","id":"7605803234120704","createdAt":"2026-02-27T02:25:17.703Z","updatedAt":"2026-02-27T02:25:17.703Z","executionId":350507745476609}[39m workflowId=350382526627840
[32m2026-02-27 10:25:17 [info]  execution (350507745476609) run instruction [aggregate] for node (350382526627860) finished as status: 1[39m workflowId=350382526627840
[34m2026-02-27 10:25:17 [debug] result of node                              [39m data=2
[34m2026-02-27 10:25:17 [debug] run next node (350382526627862)             [39m 
[32m2026-02-27 10:25:17 [info]  execution (350507745476609) run instruction [aggregate] for node (350382526627862)[39m workflowId=350382526627840
[34m2026-02-27 10:25:17 [debug] config of node                              [39m data={"aggregator":"count","associated":false,"params":{"field":"id","filter":{"$and":[{"defect_rank":{"$eq":"level1"}},{"module":{"$eq":"{{$context.data.module}}"}},{"$or":[{"defect":{"$includes":"ķĆĆ"}},{"defect":{"$includes":"Õø×ķĆĆ"}},{"defect":{"$includes":"ÕĆÆķĆĆ"}}]}]}},"precision":2,"collection":"defects"} workflowId=350382526627840
[34m2026-02-27 10:25:17 [debug] job added to save list: {"result":1,"status":1,"nodeId":350382526627862,"nodeKey":"9euqanxv5ca","id":"7605803250897920","createdAt":"2026-02-27T02:25:17.707Z","updatedAt":"2026-02-27T02:25:17.707Z","executionId":350507745476609}[39m workflowId=350382526627840
[32m2026-02-27 10:25:17 [info]  execution (350507745476609) run instruction [aggregate] for node (350382526627862) finished as status: 1[39m workflowId=350382526627840
[34m2026-02-27 10:25:17 [debug] result of node                              [39m data=1
[34m2026-02-27 10:25:17 [debug] run next node (350382526627861)             [39m 
[32m2026-02-27 10:25:17 [info]  execution (350507745476609) run instruction [aggregate] for node (350382526627861)[39m workflowId=350382526627840
[34m2026-02-27 10:25:17 [debug] config of node                              [39m data={"aggregator":"count","associated":false,"params":{"field":"id","filter":{"$and":[{"defect_rank":{"$eq":"level1"}},{"module":{"$eq":"{{$context.data.module}}"}},{"$or":[{"defect":{"$includes":"µīéµ£║"}}]}]}},"precision":2,"collection":"defects"} workflowId=350382526627840
[34m2026-02-27 10:25:17 [debug] job added to save list: {"result":1,"status":1,"nodeId":350382526627861,"nodeKey":"cjybahnz5qh","id":"7605803263480832","createdAt":"2026-02-27T02:25:17.710Z","updatedAt":"2026-02-27T02:25:17.710Z","executionId":350507745476609}[39m workflowId=350382526627840
[32m2026-02-27 10:25:17 [info]  execution (350507745476609) run instruction [aggregate] for node (350382526627861) finished as status: 1[39m workflowId=350382526627840
[34m2026-02-27 10:25:17 [debug] result of node                              [39m data=1
[34m2026-02-27 10:25:17 [debug] run next node (350382526627867)             [39m 
[32m2026-02-27 10:25:17 [info]  execution (350507745476609) run instruction [aggregate] for node (350382526627867)[39m workflowId=350382526627840
[34m2026-02-27 10:25:17 [debug] config of node                              [39m data={"aggregator":"count","associated":false,"params":{"field":"id","filter":{"$and":[{"defect_rank":{"$eq":"level1"}},{"defect":{"$notIncludes":"ķĆĆ"}},{"defect":{"$notIncludes":"Õø×ķĆĆ"}},{"defect":{"$notIncludes":"ÕĆÆķĆĆ"}},{"defect":{"$notIncludes":"µīéµ£║"}},{"module":{"$eq":"{{$context.data.module}}"}}]}},"precision":2,"collection":"defects"} workflowId=350382526627840
[34m2026-02-27 10:25:17 [debug] job added to save list: {"result":0,"status":1,"nodeId":350382526627867,"nodeKey":"4lo6zk22j0o","id":"7605803276063744","createdAt":"2026-02-27T02:25:17.713Z","updatedAt":"2026-02-27T02:25:17.713Z","executionId":350507745476609}[39m workflowId=350382526627840
[32m2026-02-27 10:25:17 [info]  execution (350507745476609) run instruction [aggregate] for node (350382526627867) finished as status: 1[39m workflowId=350382526627840
[34m2026-02-27 10:25:17 [debug] result of node                              [39m 
[34m2026-02-27 10:25:17 [debug] run next node (350382526627878)             [39m 
[32m2026-02-27 10:25:17 [info]  execution (350507745476609) run instruction [aggregate] for node (350382526627878)[39m workflowId=350382526627840
[34m2026-02-27 10:25:17 [debug] config of node                              [39m data={"aggregator":"count","associated":false,"params":{"field":"id","filter":{"$and":[{"defect_rank":{"$eq":"level2"}},{"label":{"$noneOf":["ÕŖ¤ĶāĮÕ▒ÅĶöĮ","ÕĘ▓µŗÆń╗Ø","Õ╗║Ķ««"]}},{"module":{"$eq":"{{$context.data.module}}"}},{"$or":[{"defect_status":{}},{"label":{"$noneOf":["ńö│Ķ»ĘÕÉ”Õå│","µĢ░µŹ«Õ╝éÕĖĖ","Ķ«ŠĶ«ĪÕ”éµŁż"]}}]}]}},"precision":2,"collection":"defects"} workflowId=350382526627840
[31m2026-02-27 10:25:17 [error] execution (350507745476609) run instruction [aggregate] for node (350382526627878) failed: [39m workflowId=350382526627840
[34m2026-02-27 10:25:17 [debug] job added to save list: {"result":{"message":"Invalid value {}"},"status":-2,"nodeId":350382526627878,"nodeKey":"52k6055vnrg","id":"7605803288646656","createdAt":"2026-02-27T02:25:17.716Z","updatedAt":"2026-02-27T02:25:17.716Z","executionId":350507745476609}[39m workflowId=350382526627840
[32m2026-02-27 10:25:17 [info]  execution (350507745476609) run instruction [aggregate] for node (350382526627878) finished as status: -2[39m workflowId=350382526627840
[34m2026-02-27 10:25:17 [debug] result of node                              [39m data={"message":"Invalid value {}"}
[34m2026-02-27 10:25:17 [debug] branch ended at node (350382526627878)      [39m 
[34m2026-02-27 10:25:17 [debug] not on main, recall to parent entry node (350382526627878)})[39m workflowId=350382526627840
[32m2026-02-27 10:25:17 [info]  execution (350507745476609) resume instruction [parallel] for node (350382526627843)[39m workflowId=350382526627840
[34m2026-02-27 10:25:17 [debug] config of node                              [39m workflowId=350382526627840
[34m2026-02-27 10:25:17 [debug] job added to save list: {"status":-2,"result":[1,-2],"nodeId":350382526627843,"nodeKey":"chjc97mlb5y","upstreamId":null,"id":"7605803120874496","createdAt":"2026-02-27T02:25:17.676Z","updatedAt":"2026-02-27T02:25:17.692Z","executionId":350507745476609}[39m workflowId=350382526627840
[32m2026-02-27 10:25:17 [info]  execution (350507745476609) run instruction [parallel] for node (350382526627843) finished as status: -2[39m workflowId=350382526627840
[34m2026-02-27 10:25:17 [debug] result of node                              [39m data=[1,-2]
[34m2026-02-27 10:25:17 [debug] branch ended at node (350382526627843)      [39m 
[32m2026-02-27 10:25:17 [info]  execution (350507745476609) exiting with status -2[39m workflowId=350382526627840
[32m2026-02-27 10:25:17 [info]  execution (350507745476609) finished with status: -2[39m 
[34m2026-02-27 10:25:17 [debug] execution (350507745476609) details:        [39m execution={"createdAt":"2026-02-27T02:25:17.650Z","id":350507745476609,"updatedAt":"2026-02-27T02:25:17.724Z","key":"gljlkxparob","eventKey":"3ba3e88a-4e33-4094-a481-655897cb1628","context":{"data":{"createdAt":"2026-02-27T02:25:17.632Z","updatedAt":"2026-02-27T02:25:17.636Z","defect_classification":"µīéµ£║","defect":"Õ»╝ÕģźÕż¦Õ×ŗµ¢ćõ╗ČµŚČń│╗ń╗¤ńĢīķØóµīéµ£║","defect_rank":"level1","priority":"P1","id":350507745476608,"defect_status":"ÕĘ▓õ┐«ÕżŹ","module":null,"f_jmazop48q5l":350382214152192,"label":["ÕĘ▓õ┐«ÕżŹ","ÕŠģÕÉłÕ╣Č"],"createdById":1,"updatedById":1,"parent_summary":{"createdAt":"2026-02-26T09:47:39.714Z","updatedAt":"2026-02-27T02:24:59.943Z","owner_id":"nocobase","id":350382214152192,"total_count":null,"tested_count":null,"defect_count":null,"fixed_count":null,"pending_count":null,"loc":null,"kloc":0,"testing_rate":null,"fix_rate":null,"pending_rate":null,"defect_density":null,"total_defect":1,"module_type":"ń╝║ķÖĘµ▒ćµĆ╗","createdById":1,"updatedById":1}}},"status":-2,"dispatched":true,"stack":null,"output":null,"manually":null,"workflowId":350382526627840}
[32m2026-02-27 10:25:34 [info]  new event triggered, now events: 1          [39m 
[34m2026-02-27 10:25:34 [debug] event data:                                 [39m context={"data":{"createdAt":"2026-02-27T02:25:34.443Z","updatedAt":"2026-02-27T02:25:34.445Z","defect_classification":"ÕÄåÕÅ▓ķüŚńĢÖ","defect":"ÕøŠń║Ėµ©Īń│Ŗ","defect_rank":"level3","priority":"P3","id":350507781128192,"defect_status":"ÕŠģõ┐«ÕżŹ","module":null,"f_jmazop48q5l":350382214152192,"label":["ÕÄåÕÅ▓ķüŚńĢÖ","Õ╗Čµ£¤"],"createdById":1,"updatedById":1,"parent_summary":{"createdAt":"2026-02-26T09:47:39.714Z","updatedAt":"2026-02-27T02:25:17.681Z","owner_id":"nocobase","id":350382214152192,"total_count":null,"tested_count":null,"defect_count":null,"fixed_count":null,"pending_count":null,"loc":null,"kloc":0,"testing_rate":null,"fix_rate":null,"pending_rate":null,"defect_density":null,"total_defect":2,"module_type":"ń╝║ķÖĘµ▒ćµĆ╗","createdById":1,"updatedById":1}}}
[32m2026-02-27 10:25:34 [info]  preparing execution for event               [39m 
[32m2026-02-27 10:25:34 [info]  execution of workflow 350382526627840 created as 350507781128193[39m 
[32m2026-02-27 10:25:34 [info]  local pending list is empty, adding execution (350507781128193) to pending list[39m 
[32m2026-02-27 10:25:34 [info]  pending execution (350507781128193) ready to process[39m 
[32m2026-02-27 10:25:34 [info]  execution (350507781128193) starting...     [39m 
[32m2026-02-27 10:25:34 [info]  execution (350507781128193) run instruction [parallel] for node (350382526627843)[39m workflowId=350382526627840
[34m2026-02-27 10:25:34 [debug] config of node                              [39m workflowId=350382526627840
[34m2026-02-27 10:25:34 [debug] job added to save list: {"status":0,"result":[null,null],"nodeId":350382526627843,"nodeKey":"chjc97mlb5y","upstreamId":null,"id":"7605873576793088","createdAt":"2026-02-27T02:25:34.474Z","updatedAt":"2026-02-27T02:25:34.474Z","executionId":350507781128193}[39m workflowId=350382526627840
[32m2026-02-27 10:25:34 [info]  execution (350507781128193) run instruction [aggregate] for node (350382526627855)[39m workflowId=350382526627840
[34m2026-02-27 10:25:34 [debug] config of node                              [39m data={"aggregator":"count","associated":true,"params":{"field":"id","filter":{"$and":[]}},"precision":2,"collection":"defects","association":{"name":"all_defects","associatedKey":"{{$context.data.parent_summary.id}}","associatedCollection":"collection_quality"}} workflowId=350382526627840
[34m2026-02-27 10:25:34 [debug] job added to save list: {"result":3,"status":1,"nodeId":350382526627855,"nodeKey":"ca6c1jxzwq5","id":"7605873585181696","createdAt":"2026-02-27T02:25:34.476Z","updatedAt":"2026-02-27T02:25:34.476Z","executionId":350507781128193}[39m workflowId=350382526627840
[32m2026-02-27 10:25:34 [info]  execution (350507781128193) run instruction [aggregate] for node (350382526627855) finished as status: 1[39m workflowId=350382526627840
[34m2026-02-27 10:25:34 [debug] result of node                              [39m data=3
[34m2026-02-27 10:25:34 [debug] run next node (350382526627856)             [39m 
[32m2026-02-27 10:25:34 [info]  execution (350507781128193) run instruction [update] for node (350382526627856)[39m workflowId=350382526627840
[34m2026-02-27 10:25:34 [debug] config of node                              [39m data={"usingAssignFormSchema":true,"assignFormSchema":{"_isJSONSchemaObject":true,"version":"2.0","name":"0mby4p7m0ow","type":"void","x-component":"Grid","x-initializer":"assignFieldValuesForm:configureFields","properties":{"2wbpfklshda":{"_isJSONSchemaObject":true,"version":"2.0","type":"void","x-component":"Grid.Row","properties":{"ibquc1d6wnd":{"_isJSONSchemaObject":true,"version":"2.0","type":"void","x-component":"Grid.Col","properties":{"total_defect":{"_isJSONSchemaObject":true,"version":"2.0","type":"string","name":"total_defect","x-toolbar":"FormItemSchemaToolbar","x-settings":"fieldSettings:FormItem","x-component":"AssignedField","x-decorator":"FormItem","x-collection-field":"collection_quality.total_defect"}},"name":"ibquc1d6wnd"}},"name":"2wbpfklshda"}}},"collection":"collection_quality","params":{"individualHooks":false,"filter":{"$and":[{"id":{"$eq":"{{$context.data.parent_summary.id}}"}}]},"values":{"total_defect":"{{$jobsMapByNodeKey.ca6c1jxzwq5}}"}}} workflowId=350382526627840
[34m2026-02-27 10:25:34 [debug] job added to save list: {"result":1,"status":1,"nodeId":350382526627856,"nodeKey":"9mun3sl2wtp","id":"7605873606153216","createdAt":"2026-02-27T02:25:34.481Z","updatedAt":"2026-02-27T02:25:34.481Z","executionId":350507781128193}[39m workflowId=350382526627840
[32m2026-02-27 10:25:34 [info]  execution (350507781128193) run instruction [update] for node (350382526627856) finished as status: 1[39m workflowId=350382526627840
[34m2026-02-27 10:25:34 [debug] result of node                              [39m data=1
[34m2026-02-27 10:25:34 [debug] branch ended at node (350382526627856)      [39m 
[34m2026-02-27 10:25:34 [debug] not on main, recall to parent entry node (350382526627856)})[39m workflowId=350382526627840
[32m2026-02-27 10:25:34 [info]  execution (350507781128193) resume instruction [parallel] for node (350382526627843)[39m workflowId=350382526627840
[34m2026-02-27 10:25:34 [debug] config of node                              [39m workflowId=350382526627840
[34m2026-02-27 10:25:34 [debug] job added to save list: {"status":0,"result":[1,null],"nodeId":350382526627843,"nodeKey":"chjc97mlb5y","upstreamId":null,"id":"7605873576793088","createdAt":"2026-02-27T02:25:34.474Z","updatedAt":"2026-02-27T02:25:34.485Z","executionId":350507781128193}[39m workflowId=350382526627840
[32m2026-02-27 10:25:34 [info]  execution (350507781128193) exiting with status 0[39m workflowId=350382526627840
[32m2026-02-27 10:25:34 [info]  execution (350507781128193) run instruction [aggregate] for node (350382526627868)[39m workflowId=350382526627840
[34m2026-02-27 10:25:34 [debug] config of node                              [39m data={"aggregator":"count","associated":false,"params":{"field":"id","filter":{"$and":[{"defect_rank":{"$eq":"level1"}},{"label":{"$noneOf":["ÕŖ¤ĶāĮÕ▒ÅĶöĮ","ÕĘ▓µŗÆń╗Ø","Õ╗║Ķ««"]}},{"module":{"$eq":"{{$context.data.module}}"}},{"$or":[{"defect_status":{"$ne":"ÕĘ▓Õģ│ķŚŁ"}},{"label":{"$noneOf":["ńö│Ķ»ĘÕÉ”Õå│","µĢ░µŹ«Õ╝éÕĖĖ","Ķ«ŠĶ«ĪÕ”éµŁż"]}}]}]}},"precision":2,"collection":"defects"} workflowId=350382526627840
[34m2026-02-27 10:25:34 [debug] job added to save list: {"result":2,"status":1,"nodeId":350382526627868,"nodeKey":"h14qw1067vw","id":"7605873643901952","createdAt":"2026-02-27T02:25:34.490Z","updatedAt":"2026-02-27T02:25:34.490Z","executionId":350507781128193}[39m workflowId=350382526627840
[32m2026-02-27 10:25:34 [info]  execution (350507781128193) run instruction [aggregate] for node (350382526627868) finished as status: 1[39m workflowId=350382526627840
[34m2026-02-27 10:25:34 [debug] result of node                              [39m data=2
[34m2026-02-27 10:25:34 [debug] run next node (350382526627860)             [39m 
[32m2026-02-27 10:25:34 [info]  execution (350507781128193) run instruction [aggregate] for node (350382526627860)[39m workflowId=350382526627840
[34m2026-02-27 10:25:34 [debug] config of node                              [39m data={"aggregator":"count","associated":false,"params":{"field":"id","filter":{"$and":[{"defect_rank":{"$eq":"level1"}},{"label":{"$noneOf":["ÕŖ¤ĶāĮÕ▒ÅĶöĮ","ÕĘ▓µŗÆń╗Ø","Õ╗║Ķ««"]}},{"$or":[{"label":{"$anyOf":["ÕĘ▓õ┐«ÕżŹ","ÕŠģÕÉłÕ╣Č"]}},{"$and":[{"label":{"$anyOf":["µ£¬ÕżŹńÄ░"]}},{"defect_status":{"$eq":"ÕĘ▓Õģ│ķŚŁ"}}]}]},{"module":{"$eq":"{{$context.data.module}}"}},{"$or":[{"defect_status":{"$ne":"ÕĘ▓Õģ│ķŚŁ"}},{"label":{"$noneOf":["ńö│Ķ»ĘÕÉ”Õå│","µĢ░µŹ«Õ╝éÕĖĖ","Ķ«ŠĶ«ĪÕ”éµŁż"]}}]}]}},"precision":2,"collection":"defects"} workflowId=350382526627840
[34m2026-02-27 10:25:34 [debug] job added to save list: {"result":2,"status":1,"nodeId":350382526627860,"nodeKey":"cvcey3i9obe","id":"7605873660679168","createdAt":"2026-02-27T02:25:34.494Z","updatedAt":"2026-02-27T02:25:34.494Z","executionId":350507781128193}[39m workflowId=350382526627840
[32m2026-02-27 10:25:34 [info]  execution (350507781128193) run instruction [aggregate] for node (350382526627860) finished as status: 1[39m workflowId=350382526627840
[34m2026-02-27 10:25:34 [debug] result of node                              [39m data=2
[34m2026-02-27 10:25:34 [debug] run next node (350382526627862)             [39m 
[32m2026-02-27 10:25:34 [info]  execution (350507781128193) run instruction [aggregate] for node (350382526627862)[39m workflowId=350382526627840
[34m2026-02-27 10:25:34 [debug] config of node                              [39m data={"aggregator":"count","associated":false,"params":{"field":"id","filter":{"$and":[{"defect_rank":{"$eq":"level1"}},{"module":{"$eq":"{{$context.data.module}}"}},{"$or":[{"defect":{"$includes":"ķĆĆ"}},{"defect":{"$includes":"Õø×ķĆĆ"}},{"defect":{"$includes":"ÕĆÆķĆĆ"}}]}]}},"precision":2,"collection":"defects"} workflowId=350382526627840
[34m2026-02-27 10:25:34 [debug] job added to save list: {"result":1,"status":1,"nodeId":350382526627862,"nodeKey":"9euqanxv5ca","id":"7605873677456384","createdAt":"2026-02-27T02:25:34.498Z","updatedAt":"2026-02-27T02:25:34.498Z","executionId":350507781128193}[39m workflowId=350382526627840
[32m2026-02-27 10:25:34 [info]  execution (350507781128193) run instruction [aggregate] for node (350382526627862) finished as status: 1[39m workflowId=350382526627840
[34m2026-02-27 10:25:34 [debug] result of node                              [39m data=1
[34m2026-02-27 10:25:34 [debug] run next node (350382526627861)             [39m 
[32m2026-02-27 10:25:34 [info]  execution (350507781128193) run instruction [aggregate] for node (350382526627861)[39m workflowId=350382526627840
[34m2026-02-27 10:25:34 [debug] config of node                              [39m data={"aggregator":"count","associated":false,"params":{"field":"id","filter":{"$and":[{"defect_rank":{"$eq":"level1"}},{"module":{"$eq":"{{$context.data.module}}"}},{"$or":[{"defect":{"$includes":"µīéµ£║"}}]}]}},"precision":2,"collection":"defects"} workflowId=350382526627840
[34m2026-02-27 10:25:34 [debug] job added to save list: {"result":1,"status":1,"nodeId":350382526627861,"nodeKey":"cjybahnz5qh","id":"7605873698427904","createdAt":"2026-02-27T02:25:34.503Z","updatedAt":"2026-02-27T02:25:34.503Z","executionId":350507781128193}[39m workflowId=350382526627840
[32m2026-02-27 10:25:34 [info]  execution (350507781128193) run instruction [aggregate] for node (350382526627861) finished as status: 1[39m workflowId=350382526627840
[34m2026-02-27 10:25:34 [debug] result of node                              [39m data=1
[34m2026-02-27 10:25:34 [debug] run next node (350382526627867)             [39m 
[32m2026-02-27 10:25:34 [info]  execution (350507781128193) run instruction [aggregate] for node (350382526627867)[39m workflowId=350382526627840
[34m2026-02-27 10:25:34 [debug] config of node                              [39m data={"aggregator":"count","associated":false,"params":{"field":"id","filter":{"$and":[{"defect_rank":{"$eq":"level1"}},{"defect":{"$notIncludes":"ķĆĆ"}},{"defect":{"$notIncludes":"Õø×ķĆĆ"}},{"defect":{"$notIncludes":"ÕĆÆķĆĆ"}},{"defect":{"$notIncludes":"µīéµ£║"}},{"module":{"$eq":"{{$context.data.module}}"}}]}},"precision":2,"collection":"defects"} workflowId=350382526627840
[34m2026-02-27 10:25:34 [debug] job added to save list: {"result":0,"status":1,"nodeId":350382526627867,"nodeKey":"4lo6zk22j0o","id":"7605873711010816","createdAt":"2026-02-27T02:25:34.506Z","updatedAt":"2026-02-27T02:25:34.506Z","executionId":350507781128193}[39m workflowId=350382526627840
[32m2026-02-27 10:25:34 [info]  execution (350507781128193) run instruction [aggregate] for node (350382526627867) finished as status: 1[39m workflowId=350382526627840
[34m2026-02-27 10:25:34 [debug] result of node                              [39m 
[34m2026-02-27 10:25:34 [debug] run next node (350382526627878)             [39m 
[32m2026-02-27 10:25:34 [info]  execution (350507781128193) run instruction [aggregate] for node (350382526627878)[39m workflowId=350382526627840
[34m2026-02-27 10:25:34 [debug] config of node                              [39m data={"aggregator":"count","associated":false,"params":{"field":"id","filter":{"$and":[{"defect_rank":{"$eq":"level2"}},{"label":{"$noneOf":["ÕŖ¤ĶāĮÕ▒ÅĶöĮ","ÕĘ▓µŗÆń╗Ø","Õ╗║Ķ««"]}},{"module":{"$eq":"{{$context.data.module}}"}},{"$or":[{"defect_status":{}},{"label":{"$noneOf":["ńö│Ķ»ĘÕÉ”Õå│","µĢ░µŹ«Õ╝éÕĖĖ","Ķ«ŠĶ«ĪÕ”éµŁż"]}}]}]}},"precision":2,"collection":"defects"} workflowId=350382526627840
[31m2026-02-27 10:25:34 [error] execution (350507781128193) run instruction [aggregate] for node (350382526627878) failed: [39m workflowId=350382526627840
[34m2026-02-27 10:25:34 [debug] job added to save list: {"result":{"message":"Invalid value {}"},"status":-2,"nodeId":350382526627878,"nodeKey":"52k6055vnrg","id":"7605873723593728","createdAt":"2026-02-27T02:25:34.509Z","updatedAt":"2026-02-27T02:25:34.509Z","executionId":350507781128193}[39m workflowId=350382526627840
[32m2026-02-27 10:25:34 [info]  execution (350507781128193) run instruction [aggregate] for node (350382526627878) finished as status: -2[39m workflowId=350382526627840
[34m2026-02-27 10:25:34 [debug] result of node                              [39m data={"message":"Invalid value {}"}
[34m2026-02-27 10:25:34 [debug] branch ended at node (350382526627878)      [39m 
[34m2026-02-27 10:25:34 [debug] not on main, recall to parent entry node (350382526627878)})[39m workflowId=350382526627840
[32m2026-02-27 10:25:34 [info]  execution (350507781128193) resume instruction [parallel] for node (350382526627843)[39m workflowId=350382526627840
[34m2026-02-27 10:25:34 [debug] config of node                              [39m workflowId=350382526627840
[34m2026-02-27 10:25:34 [debug] job added to save list: {"status":-2,"result":[1,-2],"nodeId":350382526627843,"nodeKey":"chjc97mlb5y","upstreamId":null,"id":"7605873576793088","createdAt":"2026-02-27T02:25:34.474Z","updatedAt":"2026-02-27T02:25:34.485Z","executionId":350507781128193}[39m workflowId=350382526627840
[32m2026-02-27 10:25:34 [info]  execution (350507781128193) run instruction [parallel] for node (350382526627843) finished as status: -2[39m workflowId=350382526627840
[34m2026-02-27 10:25:34 [debug] result of node                              [39m data=[1,-2]
[34m2026-02-27 10:25:34 [debug] branch ended at node (350382526627843)      [39m 
[32m2026-02-27 10:25:34 [info]  execution (350507781128193) exiting with status -2[39m workflowId=350382526627840
[32m2026-02-27 10:25:34 [info]  execution (350507781128193) finished with status: -2[39m 
[34m2026-02-27 10:25:34 [debug] execution (350507781128193) details:        [39m execution={"createdAt":"2026-02-27T02:25:34.457Z","id":350507781128193,"updatedAt":"2026-02-27T02:25:34.515Z","key":"gljlkxparob","eventKey":"be229f9e-c49d-4c4a-9af9-edf799e50d7a","context":{"data":{"createdAt":"2026-02-27T02:25:34.443Z","updatedAt":"2026-02-27T02:25:34.445Z","defect_classification":"ÕÄåÕÅ▓ķüŚńĢÖ","defect":"ÕøŠń║Ėµ©Īń│Ŗ","defect_rank":"level3","priority":"P3","id":350507781128192,"defect_status":"ÕŠģõ┐«ÕżŹ","module":null,"f_jmazop48q5l":350382214152192,"label":["ÕÄåÕÅ▓ķüŚńĢÖ","Õ╗Čµ£¤"],"createdById":1,"updatedById":1,"parent_summary":{"createdAt":"2026-02-26T09:47:39.714Z","updatedAt":"2026-02-27T02:25:17.681Z","owner_id":"nocobase","id":350382214152192,"total_count":null,"tested_count":null,"defect_count":null,"fixed_count":null,"pending_count":null,"loc":null,"kloc":0,"testing_rate":null,"fix_rate":null,"pending_rate":null,"defect_density":null,"total_defect":2,"module_type":"ń╝║ķÖĘµ▒ćµĆ╗","createdById":1,"updatedById":1}}},"status":-2,"dispatched":true,"stack":null,"output":null,"manually":null,"workflowId":350382526627840}
[32m2026-02-27 10:26:46 [info]  toggle OFF workflow 350382526627840         [39m workflowId=350382526627840
[32m2026-02-27 10:26:46 [info]  toggle OFF workflow 350382526627840         [39m workflowId=350382526627840
