[32m2026-02-28 09:36:48 [info]  toggle ON workflow 350682480181248          [39m workflowId=350682480181248
[32m2026-02-28 09:37:34 [info]  new event triggered, now events: 1          [39m 
[34m2026-02-28 09:37:34 [debug] event data:                                 [39m context={"data":{"createdAt":"2026-02-28T01:37:26.411Z","updatedAt":"2026-02-28T01:37:26.414Z","defect_classification":"其他","defect":"图纸显示不全","defect_rank":"level1","priority":null,"id":350682918486016,"defect_status":"已关闭","module":null,"f_jmazop48q5l":350682878640128,"createdById":1,"updatedById":1,"label":["已修复"]}}
[32m2026-02-28 09:37:34 [info]  preparing execution for event               [39m 
[32m2026-02-28 09:37:34 [info]  execution of workflow 350682480181248 created as 350682935263232[39m 
[32m2026-02-28 09:37:34 [info]  local pending list is empty, adding execution (350682935263232) to pending list[39m 
[32m2026-02-28 09:37:34 [info]  pending execution (350682935263232) ready to process[39m 
[32m2026-02-28 09:37:34 [info]  execution (350682935263232) starting...     [39m 
[32m2026-02-28 09:37:34 [info]  execution (350682935263232) run instruction [query] for node (350682480181249)[39m workflowId=350682480181248
[34m2026-02-28 09:37:34 [debug] config of node                              [39m data={"multiple":true,"collection":"module_summaries","params":{"filter":{"$and":[]},"sort":[],"page":1,"pageSize":20,"appends":[]}} workflowId=350682480181248
[34m2026-02-28 09:37:34 [debug] job added to save list: {"result":[{"createdAt":"2026-02-28T01:37:08.864Z","updatedAt":"2026-02-28T01:37:26.603Z","id":350682880737280,"module_name":"工程图","level_1_count":"1","level_2_count":"0","level_3_count":"0","level_1_fixed":"1","level_2_fixed":"0","level_3_fixed":"0","p1_total":"0","p1_fixed":"0","p2_total":"0","p2_fixed":"0","p3_total":"0","p3_fixed":"0","total_closed":"1","total_delayed":"0","level_1_rollback":"0","level_1_hang":"0","level_1_other":"1","p1_closed":"0","open_count":"0","retest_failed_count":"0","module_total":"1","suggested_count":"0","p2_fixed_rate":null,"p3_fixed_rate":null,"p1_fixed_rate":null,"level_2_fixed_rate":null,"total_fixed":"1","fixed_unupdated":"0","level_3_fixed_rate":null,"level_1_fixed_rate":100,"p1_close_rate":null,"new_issue_total":"1","new_issue_fixed":"1","total_fixed_rate":100,"total_close_rate":100,"createdById":1,"updatedById":1},{"createdAt":"2026-02-28T01:37:11.225Z","updatedAt":"2026-02-28T01:37:26.713Z","id":350682887028736,"module_name":"草图","level_1_count":"1","level_2_count":"0","level_3_count":"0","level_1_fixed":"1","level_2_fixed":"0","level_3_fixed":"0","p1_total":"0","p1_fixed":"0","p2_total":"0","p2_fixed":"0","p3_total":"0","p3_fixed":"0","total_closed":"1","total_delayed":"0","level_1_rollback":"0","level_1_hang":"0","level_1_other":"1","p1_closed":"0","open_count":"0","retest_failed_count":"0","module_total":"1","suggested_count":"0","p2_fixed_rate":null,"p3_fixed_rate":null,"p1_fixed_rate":null,"level_2_fixed_rate":null,"total_fixed":"1","fixed_unupdated":"0","level_3_fixed_rate":null,"level_1_fixed_rate":100,"p1_close_rate":null,"new_issue_total":"1","new_issue_fixed":"1","total_fixed_rate":100,"total_close_rate":100,"createdById":1,"updatedById":1}],"status":1,"nodeId":350682480181249,"nodeKey":"xqb45m3d7w0","id":"7956183633646592","createdAt":"2026-02-28T01:37:34.900Z","updatedAt":"2026-02-28T01:37:34.900Z","executionId":350682935263232}[39m workflowId=350682480181248
[32m2026-02-28 09:37:34 [info]  execution (350682935263232) run instruction [query] for node (350682480181249) finished as status: 1[39m workflowId=350682480181248
[34m2026-02-28 09:37:34 [debug] result of node                              [39m data=[{"createdAt":"2026-02-28T01:37:08.864Z","updatedAt":"2026-02-28T01:37:26.603Z","id":350682880737280,"module_name":"工程图","level_1_count":"1","level_2_count":"0","level_3_count":"0","level_1_fixed":"1","level_2_fixed":"0","level_3_fixed":"0","p1_total":"0","p1_fixed":"0","p2_total":"0","p2_fixed":"0","p3_total":"0","p3_fixed":"0","total_closed":"1","total_delayed":"0","level_1_rollback":"0","level_1_hang":"0","level_1_other":"1","p1_closed":"0","open_count":"0","retest_failed_count":"0","module_total":"1","suggested_count":"0","p2_fixed_rate":null,"p3_fixed_rate":null,"p1_fixed_rate":null,"level_2_fixed_rate":null,"total_fixed":"1","fixed_unupdated":"0","level_3_fixed_rate":null,"level_1_fixed_rate":100,"p1_close_rate":null,"new_issue_total":"1","new_issue_fixed":"1","total_fixed_rate":100,"total_close_rate":100,"createdById":1,"updatedById":1},{"createdAt":"2026-02-28T01:37:11.225Z","updatedAt":"2026-02-28T01:37:26.713Z","id":350682887028736,"module_name":"草图","level_1_count":"1","level_2_count":"0","level_3_count":"0","level_1_fixed":"1","level_2_fixed":"0","level_3_fixed":"0","p1_total":"0","p1_fixed":"0","p2_total":"0","p2_fixed":"0","p3_total":"0","p3_fixed":"0","total_closed":"1","total_delayed":"0","level_1_rollback":"0","level_1_hang":"0","level_1_other":"1","p1_closed":"0","open_count":"0","retest_failed_count":"0","module_total":"1","suggested_count":"0","p2_fixed_rate":null,"p3_fixed_rate":null,"p1_fixed_rate":null,"level_2_fixed_rate":null,"total_fixed":"1","fixed_unupdated":"0","level_3_fixed_rate":null,"level_1_fixed_rate":100,"p1_close_rate":null,"new_issue_total":"1","new_issue_fixed":"1","total_fixed_rate":100,"total_close_rate":100,"createdById":1,"updatedById":1}]
[34m2026-02-28 09:37:34 [debug] run next node (350682480181250)             [39m 
[32m2026-02-28 09:37:34 [info]  execution (350682935263232) run instruction [loop] for node (350682480181250)[39m workflowId=350682480181248
[34m2026-02-28 09:37:34 [debug] config of node                              [39m data={"target":"{{$jobsMapByNodeKey.xqb45m3d7w0}}","condition":false,"exit":0} workflowId=350682480181248
[34m2026-02-28 09:37:34 [debug] job added to save list: {"status":0,"result":{"looped":0,"done":0},"nodeId":350682480181250,"nodeKey":"4gilbixctsb","upstreamId":"7956183633646592","id":"7956183642035200","createdAt":"2026-02-28T01:37:34.902Z","updatedAt":"2026-02-28T01:37:34.902Z","executionId":350682935263232}[39m workflowId=350682480181248
[32m2026-02-28 09:37:34 [info]  execution (350682935263232) run instruction [aggregate] for node (350682480181253)[39m workflowId=350682480181248
[34m2026-02-28 09:37:34 [debug] config of node                              [39m data={"aggregator":"count","associated":false,"params":{"field":"id","filter":{"$and":[{"defect_rank":{"$eq":"level1"}},{"label":{"$noneOf":["功能屏蔽","已拒绝","建议"]}},{"module_ref":{"id":{"$eq":"{{$scopes.4gilbixctsb.item.id}}"}}},{"$or":[{"defect_status":{"$ne":"已关闭"}},{"label":{"$noneOf":["申请否决","数据异常","设计如此"]}}]}]}},"precision":2,"collection":"defects"} workflowId=350682480181248
[34m2026-02-28 09:37:34 [debug] job added to save list: {"result":0,"status":1,"nodeId":350682480181253,"nodeKey":"4w8yvz144ck","id":"7956183654618112","createdAt":"2026-02-28T01:37:34.905Z","updatedAt":"2026-02-28T01:37:34.905Z","executionId":350682935263232}[39m workflowId=350682480181248
[32m2026-02-28 09:37:34 [info]  execution (350682935263232) run instruction [aggregate] for node (350682480181253) finished as status: 1[39m workflowId=350682480181248
[34m2026-02-28 09:37:34 [debug] result of node                              [39m 
[34m2026-02-28 09:37:34 [debug] run next node (350682480181254)             [39m 
[32m2026-02-28 09:37:34 [info]  execution (350682935263232) run instruction [aggregate] for node (350682480181254)[39m workflowId=350682480181248
[34m2026-02-28 09:37:34 [debug] config of node                              [39m data={"aggregator":"count","associated":false,"params":{"field":"id","filter":{"$and":[{"defect_rank":{"$eq":"level1"}},{"label":{"$noneOf":["功能屏蔽","已拒绝","建议"]}},{"$or":[{"label":{"$anyOf":["已修复","待合并"]}},{"$and":[{"label":{"$anyOf":["未复现"]}},{"defect_status":{"$eq":"已关闭"}}]}]},{"module_ref":{"id":{"$eq":"{{$scopes.4gilbixctsb.item.id}}"}}},{"$or":[{"defect_status":{"$ne":"已关闭"}},{"label":{"$noneOf":["申请否决","数据异常","设计如此"]}}]}]}},"precision":2,"collection":"defects"} workflowId=350682480181248
[34m2026-02-28 09:37:34 [debug] job added to save list: {"result":0,"status":1,"nodeId":350682480181254,"nodeKey":"kulk5djdvpv","id":"7956183675589632","createdAt":"2026-02-28T01:37:34.910Z","updatedAt":"2026-02-28T01:37:34.910Z","executionId":350682935263232}[39m workflowId=350682480181248
[32m2026-02-28 09:37:34 [info]  execution (350682935263232) run instruction [aggregate] for node (350682480181254) finished as status: 1[39m workflowId=350682480181248
[34m2026-02-28 09:37:34 [debug] result of node                              [39m 
[34m2026-02-28 09:37:34 [debug] run next node (350682480181255)             [39m 
[32m2026-02-28 09:37:34 [info]  execution (350682935263232) run instruction [aggregate] for node (350682480181255)[39m workflowId=350682480181248
[34m2026-02-28 09:37:34 [debug] config of node                              [39m data={"aggregator":"count","associated":false,"params":{"field":"id","filter":{"$and":[{"f_jmazop48q5l":{"$eq":"{{$scopes.4gilbixctsb.item.id}}"}}]}},"precision":2,"collection":"defects"} workflowId=350682480181248
[34m2026-02-28 09:37:34 [debug] job added to save list: {"result":0,"status":1,"nodeId":350682480181255,"nodeKey":"h2ekftbq9fi","id":"7956183683978240","createdAt":"2026-02-28T01:37:34.912Z","updatedAt":"2026-02-28T01:37:34.912Z","executionId":350682935263232}[39m workflowId=350682480181248
[32m2026-02-28 09:37:34 [info]  execution (350682935263232) run instruction [aggregate] for node (350682480181255) finished as status: 1[39m workflowId=350682480181248
[34m2026-02-28 09:37:34 [debug] result of node                              [39m 
[34m2026-02-28 09:37:34 [debug] run next node (350682480181252)             [39m 
[32m2026-02-28 09:37:34 [info]  execution (350682935263232) run instruction [update] for node (350682480181252)[39m workflowId=350682480181248
[34m2026-02-28 09:37:34 [debug] config of node                              [39m data={"usingAssignFormSchema":true,"assignFormSchema":{"_isJSONSchemaObject":true,"version":"2.0","name":"jyyremi03il","type":"void","x-component":"Grid","x-initializer":"assignFieldValuesForm:configureFields","properties":{"tu9fxkpcp21":{"_isJSONSchemaObject":true,"version":"2.0","type":"void","x-component":"Grid.Row","properties":{"abf9nd8110z":{"_isJSONSchemaObject":true,"version":"2.0","type":"void","x-component":"Grid.Col","properties":{"level_1_count":{"_isJSONSchemaObject":true,"version":"2.0","type":"string","name":"level_1_count","x-toolbar":"FormItemSchemaToolbar","x-settings":"fieldSettings:FormItem","x-component":"AssignedField","x-decorator":"FormItem","x-collection-field":"module_summaries.level_1_count"}},"name":"abf9nd8110z"}},"name":"tu9fxkpcp21"},"wzwaxbctt38":{"_isJSONSchemaObject":true,"version":"2.0","type":"void","x-component":"Grid.Row","properties":{"0b4nu6pji2k":{"_isJSONSchemaObject":true,"version":"2.0","type":"void","x-component":"Grid.Col","properties":{"level_1_fixed":{"_isJSONSchemaObject":true,"version":"2.0","type":"string","name":"level_1_fixed","x-toolbar":"FormItemSchemaToolbar","x-settings":"fieldSettings:FormItem","x-component":"AssignedField","x-decorator":"FormItem","x-collection-field":"module_summaries.level_1_fixed"}},"name":"0b4nu6pji2k"}},"name":"wzwaxbctt38"}}},"collection":"module_summaries","params":{"individualHooks":false,"filter":{"$and":[{"id":{"$eq":"{{$scopes.4gilbixctsb.item.id}}"}}]},"values":{"level_1_count":"{{$jobsMapByNodeKey.4w8yvz144ck}}","level_1_fixed":"{{$jobsMapByNodeKey.kulk5djdvpv}}"}}} workflowId=350682480181248
[34m2026-02-28 09:37:34 [debug] job added to save list: {"result":1,"status":1,"nodeId":350682480181252,"nodeKey":"8i18sx31ff1","id":"7956183713338368","createdAt":"2026-02-28T01:37:34.919Z","updatedAt":"2026-02-28T01:37:34.919Z","executionId":350682935263232}[39m workflowId=350682480181248
[32m2026-02-28 09:37:34 [info]  execution (350682935263232) run instruction [update] for node (350682480181252) finished as status: 1[39m workflowId=350682480181248
[34m2026-02-28 09:37:34 [debug] result of node                              [39m data=1
[34m2026-02-28 09:37:34 [debug] run next node (350682480181251)             [39m 
[32m2026-02-28 09:37:34 [info]  execution (350682935263232) run instruction [update] for node (350682480181251)[39m workflowId=350682480181248
[34m2026-02-28 09:37:34 [debug] config of node                              [39m data={"usingAssignFormSchema":true,"assignFormSchema":{},"collection":"collection_quality","params":{"individualHooks":false,"filter":{"$and":[{"id":{"$eq":"{{$context.data.f_jmazop48q5l}}"}}]},"values":{}}} workflowId=350682480181248
[34m2026-02-28 09:37:34 [debug] job added to save list: {"result":0,"status":1,"nodeId":350682480181251,"nodeKey":"8w8f01dhav8","id":"7956183755281408","createdAt":"2026-02-28T01:37:34.929Z","updatedAt":"2026-02-28T01:37:34.929Z","executionId":350682935263232}[39m workflowId=350682480181248
[32m2026-02-28 09:37:34 [info]  execution (350682935263232) run instruction [update] for node (350682480181251) finished as status: 1[39m workflowId=350682480181248
[34m2026-02-28 09:37:34 [debug] result of node                              [39m 
[34m2026-02-28 09:37:34 [debug] branch ended at node (350682480181251)      [39m 
[34m2026-02-28 09:37:34 [debug] not on main, recall to parent entry node (350682480181251)})[39m workflowId=350682480181248
[32m2026-02-28 09:37:34 [info]  execution (350682935263232) resume instruction [loop] for node (350682480181250)[39m workflowId=350682480181248
[34m2026-02-28 09:37:34 [debug] config of node                              [39m data={"target":"{{$jobsMapByNodeKey.xqb45m3d7w0}}","condition":false,"exit":0} workflowId=350682480181248
[34m2026-02-28 09:37:34 [debug] job added to save list: {"status":0,"result":{"looped":1,"done":1},"nodeId":350682480181250,"nodeKey":"4gilbixctsb","upstreamId":"7956183633646592","id":"7956183642035200","createdAt":"2026-02-28T01:37:34.902Z","updatedAt":"2026-02-28T01:37:34.931Z","executionId":350682935263232}[39m workflowId=350682480181248
[32m2026-02-28 09:37:34 [info]  execution (350682935263232) run instruction [aggregate] for node (350682480181253)[39m workflowId=350682480181248
[34m2026-02-28 09:37:34 [debug] config of node                              [39m data={"aggregator":"count","associated":false,"params":{"field":"id","filter":{"$and":[{"defect_rank":{"$eq":"level1"}},{"label":{"$noneOf":["功能屏蔽","已拒绝","建议"]}},{"module_ref":{"id":{"$eq":"{{$scopes.4gilbixctsb.item.id}}"}}},{"$or":[{"defect_status":{"$ne":"已关闭"}},{"label":{"$noneOf":["申请否决","数据异常","设计如此"]}}]}]}},"precision":2,"collection":"defects"} workflowId=350682480181248
[34m2026-02-28 09:37:34 [debug] job added to save list: {"result":0,"status":1,"nodeId":350682480181253,"nodeKey":"4w8yvz144ck","id":"7956183793030144","createdAt":"2026-02-28T01:37:34.938Z","updatedAt":"2026-02-28T01:37:34.938Z","executionId":350682935263232}[39m workflowId=350682480181248
[32m2026-02-28 09:37:34 [info]  execution (350682935263232) run instruction [aggregate] for node (350682480181253) finished as status: 1[39m workflowId=350682480181248
[34m2026-02-28 09:37:34 [debug] result of node                              [39m 
[34m2026-02-28 09:37:34 [debug] run next node (350682480181254)             [39m 
[32m2026-02-28 09:37:34 [info]  execution (350682935263232) run instruction [aggregate] for node (350682480181254)[39m workflowId=350682480181248
[34m2026-02-28 09:37:34 [debug] config of node                              [39m data={"aggregator":"count","associated":false,"params":{"field":"id","filter":{"$and":[{"defect_rank":{"$eq":"level1"}},{"label":{"$noneOf":["功能屏蔽","已拒绝","建议"]}},{"$or":[{"label":{"$anyOf":["已修复","待合并"]}},{"$and":[{"label":{"$anyOf":["未复现"]}},{"defect_status":{"$eq":"已关闭"}}]}]},{"module_ref":{"id":{"$eq":"{{$scopes.4gilbixctsb.item.id}}"}}},{"$or":[{"defect_status":{"$ne":"已关闭"}},{"label":{"$noneOf":["申请否决","数据异常","设计如此"]}}]}]}},"precision":2,"collection":"defects"} workflowId=350682480181248
[34m2026-02-28 09:37:34 [debug] job added to save list: {"result":0,"status":1,"nodeId":350682480181254,"nodeKey":"kulk5djdvpv","id":"7956183830778880","createdAt":"2026-02-28T01:37:34.947Z","updatedAt":"2026-02-28T01:37:34.947Z","executionId":350682935263232}[39m workflowId=350682480181248
[32m2026-02-28 09:37:34 [info]  execution (350682935263232) run instruction [aggregate] for node (350682480181254) finished as status: 1[39m workflowId=350682480181248
[34m2026-02-28 09:37:34 [debug] result of node                              [39m 
[34m2026-02-28 09:37:34 [debug] run next node (350682480181255)             [39m 
[32m2026-02-28 09:37:34 [info]  execution (350682935263232) run instruction [aggregate] for node (350682480181255)[39m workflowId=350682480181248
[34m2026-02-28 09:37:34 [debug] config of node                              [39m data={"aggregator":"count","associated":false,"params":{"field":"id","filter":{"$and":[{"f_jmazop48q5l":{"$eq":"{{$scopes.4gilbixctsb.item.id}}"}}]}},"precision":2,"collection":"defects"} workflowId=350682480181248
[34m2026-02-28 09:37:34 [debug] job added to save list: {"result":0,"status":1,"nodeId":350682480181255,"nodeKey":"h2ekftbq9fi","id":"7956183843361792","createdAt":"2026-02-28T01:37:34.950Z","updatedAt":"2026-02-28T01:37:34.950Z","executionId":350682935263232}[39m workflowId=350682480181248
[32m2026-02-28 09:37:34 [info]  execution (350682935263232) run instruction [aggregate] for node (350682480181255) finished as status: 1[39m workflowId=350682480181248
[34m2026-02-28 09:37:34 [debug] result of node                              [39m 
[34m2026-02-28 09:37:34 [debug] run next node (350682480181252)             [39m 
[32m2026-02-28 09:37:34 [info]  execution (350682935263232) run instruction [update] for node (350682480181252)[39m workflowId=350682480181248
[34m2026-02-28 09:37:34 [debug] config of node                              [39m data={"usingAssignFormSchema":true,"assignFormSchema":{"_isJSONSchemaObject":true,"version":"2.0","name":"jyyremi03il","type":"void","x-component":"Grid","x-initializer":"assignFieldValuesForm:configureFields","properties":{"tu9fxkpcp21":{"_isJSONSchemaObject":true,"version":"2.0","type":"void","x-component":"Grid.Row","properties":{"abf9nd8110z":{"_isJSONSchemaObject":true,"version":"2.0","type":"void","x-component":"Grid.Col","properties":{"level_1_count":{"_isJSONSchemaObject":true,"version":"2.0","type":"string","name":"level_1_count","x-toolbar":"FormItemSchemaToolbar","x-settings":"fieldSettings:FormItem","x-component":"AssignedField","x-decorator":"FormItem","x-collection-field":"module_summaries.level_1_count"}},"name":"abf9nd8110z"}},"name":"tu9fxkpcp21"},"wzwaxbctt38":{"_isJSONSchemaObject":true,"version":"2.0","type":"void","x-component":"Grid.Row","properties":{"0b4nu6pji2k":{"_isJSONSchemaObject":true,"version":"2.0","type":"void","x-component":"Grid.Col","properties":{"level_1_fixed":{"_isJSONSchemaObject":true,"version":"2.0","type":"string","name":"level_1_fixed","x-toolbar":"FormItemSchemaToolbar","x-settings":"fieldSettings:FormItem","x-component":"AssignedField","x-decorator":"FormItem","x-collection-field":"module_summaries.level_1_fixed"}},"name":"0b4nu6pji2k"}},"name":"wzwaxbctt38"}}},"collection":"module_summaries","params":{"individualHooks":false,"filter":{"$and":[{"id":{"$eq":"{{$scopes.4gilbixctsb.item.id}}"}}]},"values":{"level_1_count":"{{$jobsMapByNodeKey.4w8yvz144ck}}","level_1_fixed":"{{$jobsMapByNodeKey.kulk5djdvpv}}"}}} workflowId=350682480181248
[34m2026-02-28 09:37:34 [debug] job added to save list: {"result":1,"status":1,"nodeId":350682480181252,"nodeKey":"8i18sx31ff1","id":"7956183864333312","createdAt":"2026-02-28T01:37:34.955Z","updatedAt":"2026-02-28T01:37:34.955Z","executionId":350682935263232}[39m workflowId=350682480181248
[32m2026-02-28 09:37:34 [info]  execution (350682935263232) run instruction [update] for node (350682480181252) finished as status: 1[39m workflowId=350682480181248
[34m2026-02-28 09:37:34 [debug] result of node                              [39m data=1
[34m2026-02-28 09:37:34 [debug] run next node (350682480181251)             [39m 
[32m2026-02-28 09:37:34 [info]  execution (350682935263232) run instruction [update] for node (350682480181251)[39m workflowId=350682480181248
[34m2026-02-28 09:37:34 [debug] config of node                              [39m data={"usingAssignFormSchema":true,"assignFormSchema":{},"collection":"collection_quality","params":{"individualHooks":false,"filter":{"$and":[{"id":{"$eq":"{{$context.data.f_jmazop48q5l}}"}}]},"values":{}}} workflowId=350682480181248
[34m2026-02-28 09:37:34 [debug] job added to save list: {"result":0,"status":1,"nodeId":350682480181251,"nodeKey":"8w8f01dhav8","id":"7956183881110528","createdAt":"2026-02-28T01:37:34.959Z","updatedAt":"2026-02-28T01:37:34.959Z","executionId":350682935263232}[39m workflowId=350682480181248
[32m2026-02-28 09:37:34 [info]  execution (350682935263232) run instruction [update] for node (350682480181251) finished as status: 1[39m workflowId=350682480181248
[34m2026-02-28 09:37:34 [debug] result of node                              [39m 
[34m2026-02-28 09:37:34 [debug] branch ended at node (350682480181251)      [39m 
[34m2026-02-28 09:37:34 [debug] not on main, recall to parent entry node (350682480181251)})[39m workflowId=350682480181248
[32m2026-02-28 09:37:34 [info]  execution (350682935263232) resume instruction [loop] for node (350682480181250)[39m workflowId=350682480181248
[34m2026-02-28 09:37:34 [debug] config of node                              [39m data={"target":"{{$jobsMapByNodeKey.xqb45m3d7w0}}","condition":false,"exit":0} workflowId=350682480181248
[34m2026-02-28 09:37:34 [debug] job added to save list: {"status":0,"result":{"looped":2,"done":2},"nodeId":350682480181250,"nodeKey":"4gilbixctsb","upstreamId":"7956183633646592","id":"7956183642035200","createdAt":"2026-02-28T01:37:34.902Z","updatedAt":"2026-02-28T01:37:34.961Z","executionId":350682935263232}[39m workflowId=350682480181248
[34m2026-02-28 09:37:34 [debug] job added to save list: {"status":1,"result":{"looped":2,"done":2},"nodeId":350682480181250,"nodeKey":"4gilbixctsb","upstreamId":"7956183633646592","id":"7956183642035200","createdAt":"2026-02-28T01:37:34.902Z","updatedAt":"2026-02-28T01:37:34.961Z","executionId":350682935263232}[39m workflowId=350682480181248
[32m2026-02-28 09:37:34 [info]  execution (350682935263232) run instruction [loop] for node (350682480181250) finished as status: 1[39m workflowId=350682480181248
[34m2026-02-28 09:37:34 [debug] result of node                              [39m data={"looped":2,"done":2}
[34m2026-02-28 09:37:34 [debug] branch ended at node (350682480181250)      [39m 
[32m2026-02-28 09:37:34 [info]  execution (350682935263232) exiting with status 1[39m workflowId=350682480181248
[32m2026-02-28 09:37:34 [info]  execution (350682935263232) finished with status: 1[39m 
[34m2026-02-28 09:37:34 [debug] execution (350682935263232) details:        [39m execution={"createdAt":"2026-02-28T01:37:34.882Z","id":350682935263232,"updatedAt":"2026-02-28T01:37:34.965Z","key":"dgo5777xeg4","eventKey":"c1b5abfd-b204-4eb2-9744-6caf1f8cff63","context":{"data":{"createdAt":"2026-02-28T01:37:26.411Z","updatedAt":"2026-02-28T01:37:26.414Z","defect_classification":"其他","defect":"图纸显示不全","defect_rank":"level1","priority":null,"id":350682918486016,"defect_status":"已关闭","module":null,"f_jmazop48q5l":350682878640128,"createdById":1,"updatedById":1,"label":["已修复"]}},"status":1,"dispatched":true,"stack":null,"output":null,"manually":null,"workflowId":350682480181248}
[32m2026-02-28 09:44:40 [info]  toggle OFF workflow 350682480181248         [39m workflowId=350682480181248
[32m2026-02-28 09:44:40 [info]  toggle OFF workflow 350682480181248         [39m workflowId=350682480181248
