[32m2026-03-16 16:59:48 [info]  toggle ON workflow 353637668683776          [39m workflowId=353637668683776
[32m2026-03-16 17:00:26 [info]  new event triggered, now events: 3          [39m 
[34m2026-03-16 17:00:26 [debug] event data:                                 [39m context={"data":{"createdAt":"2026-03-16T09:00:26.693Z","updatedAt":"2026-03-16T09:00:26.710Z","f_0ipjqjhd3dt":456,"f_jmazop48q5l":353633853964288,"defect_classification":"其他","defect_status":"已关闭","defect":"测试模块缺失数据","defect_rank":"level1","priority":"P1","id":353637765152768,"discovery_stage":"独立评审","specific_reason":null,"module":null,"repair_plan":null,"test_stage":null,"label":["已修复","已关闭"],"round":"CC2026R2回归测试","issue_id":null,"assignee":null,"feature_name":null,"issue_state":null,"repair_status":null,"gitlab_url":null,"createdById":1,"updatedById":1,"level_1_cause":"设计问题","level_2_cause":null,"__tableName":"defects","__schemaName":"public","review_ref":{"createdAt":"2026-03-12T02:54:53.337Z","updatedAt":"2026-03-16T07:54:54.815Z","module_id":null,"eff_issue_hour":0,"id":456,"eff_page_hour":0.36,"round":"CC2026R2回归测试","workload_indep":8,"page_count":5,"workload_joint":6,"total_issues":0,"eff_indep_issues":0,"eff_meet_issues":0,"review_density":0,"is_standard":"是","review_hours":null,"fail_reason":null,"createdById":1,"updatedById":1},"__collection":"defects"}}
[32m2026-03-16 17:00:26 [info]  new event is pending to be prepared after previous preparation is finished[39m 
[32m2026-03-16 17:00:26 [info]  preparing execution for event               [39m 
[32m2026-03-16 17:00:26 [info]  execution of workflow 353637668683776 created as 353637765152771[39m 
[32m2026-03-16 17:00:26 [info]  instance is not serving as worker or local pending list is not empty, sending execution (353637765152771) to queue[39m 
[32m2026-03-16 17:00:26 [info]  execution (353637765152771) fetched from db [39m 
[32m2026-03-16 17:00:26 [info]  execution (353637765152771) starting...     [39m 
[32m2026-03-16 17:00:26 [info]  execution (353637765152771) run instruction [sql] for node (353637668683777)[39m workflowId=353637668683776
[34m2026-03-16 17:00:26 [debug] config of node                              [39m data={"dataSource":"main","sql":"/* 1. 清理汇总表旧数据 */\nDELETE FROM \"defects_reason\" \nWHERE \"review_id\" = 456; \n\n/* 2. 统计并重新插入（补充系统必填字段） */\nINSERT INTO \"defects_reason\" (\n    \"id\",                -- 👈 手动指定 ID\n    \"createdAt\",         -- 👈 创建时间\n    \"updatedAt\",         -- 👈 更新时间\n    \"review_id\",\n    \"module_id\",\n    \"count_requirement\", \n    \"count_design\", \n    \"count_coding\", \n    \"count_package\", \n    \"count_dependency\"\n)\nSELECT \n    -- 使用时间戳 + 随机数生成一个伪雪花 ID，防止冲突\n    (extract(epoch from now()) * 1000 + floor(random() * 1000))::bigint,\n    NOW(),               -- 当前时间\n    NOW(),               -- 当前时间\n    t1.\"f_0ipjqjhd3dt\", \n    t1.\"f_jmazop48q5l\", \n    SUM(CASE WHEN t1.\"level_1_cause\" = '需求问题' THEN 1 ELSE 0 END),\n    SUM(CASE WHEN t1.\"level_1_cause\" = '设计问题' THEN 1 ELSE 0 END),\n    SUM(CASE WHEN t1.\"level_1_cause\" = '编码规范' THEN 1 ELSE 0 END),\n    SUM(CASE WHEN t1.\"level_1_cause\" = '打包问题' THEN 1 ELSE 0 END),\n    SUM(CASE WHEN t1.\"level_1_cause\" = '依赖问题' THEN 1 ELSE 0 END)\nFROM \"defects\" AS t1\nWHERE t1.\"f_0ipjqjhd3dt\" = 456 \nGROUP BY t1.\"f_jmazop48q5l\", t1.\"f_0ipjqjhd3dt\";"} workflowId=353637668683776
[34m2026-03-16 17:00:26 [debug] job added to save list: {"result":[],"status":1,"nodeId":353637668683777,"nodeKey":"if7j7gptm8l","id":"13865840520756224","createdAt":"2026-03-16T09:00:26.898Z","updatedAt":"2026-03-16T09:00:26.898Z","executionId":353637765152771}[39m workflowId=353637668683776
[32m2026-03-16 17:00:26 [info]  execution (353637765152771) run instruction [sql] for node (353637668683777) finished as status: 1[39m workflowId=353637668683776
[34m2026-03-16 17:00:26 [debug] result of node                              [39m 
[34m2026-03-16 17:00:26 [debug] branch ended at node (353637668683777)      [39m 
[32m2026-03-16 17:00:26 [info]  execution (353637765152771) exiting with status 1[39m workflowId=353637668683776
[32m2026-03-16 17:00:26 [info]  execution (353637765152771) finished with status: 1[39m 
[34m2026-03-16 17:00:26 [debug] execution (353637765152771) details:        [39m execution={"createdAt":"2026-03-16T09:00:26.742Z","id":353637765152771,"updatedAt":"2026-03-16T09:00:26.901Z","key":"8alcozhoboc","eventKey":"d97dbdd4-ffb0-4397-9324-55bbc2bcb427","context":{"data":{"createdAt":"2026-03-16T09:00:26.693Z","updatedAt":"2026-03-16T09:00:26.710Z","f_0ipjqjhd3dt":456,"f_jmazop48q5l":353633853964288,"defect_classification":"其他","defect_status":"已关闭","defect":"测试模块缺失数据","defect_rank":"level1","priority":"P1","id":353637765152768,"discovery_stage":"独立评审","specific_reason":null,"module":null,"repair_plan":null,"test_stage":null,"label":["已修复","已关闭"],"round":"CC2026R2回归测试","issue_id":null,"assignee":null,"feature_name":null,"issue_state":null,"repair_status":null,"gitlab_url":null,"createdById":1,"updatedById":1,"level_1_cause":"设计问题","level_2_cause":null,"__tableName":"defects","__schemaName":"public","review_ref":{"createdAt":"2026-03-12T02:54:53.337Z","updatedAt":"2026-03-16T07:54:54.815Z","module_id":null,"eff_issue_hour":0,"id":456,"eff_page_hour":0.36,"round":"CC2026R2回归测试","workload_indep":8,"page_count":5,"workload_joint":6,"total_issues":0,"eff_indep_issues":0,"eff_meet_issues":0,"review_density":0,"is_standard":"是","review_hours":null,"fail_reason":null,"createdById":1,"updatedById":1},"__collection":"defects"}},"status":1,"dispatched":true,"stack":null,"output":null,"manually":null,"workflowId":353637668683776}
[32m2026-03-16 17:01:54 [info]  toggle OFF workflow 353637668683776         [39m workflowId=353637668683776
[32m2026-03-16 17:01:54 [info]  toggle OFF workflow 353637668683776         [39m workflowId=353637668683776
