[32m2026-03-12 09:39:30 [info]  toggle ON workflow 352857470074880          [39m workflowId=352857470074880
[32m2026-03-12 09:42:32 [info]  toggle OFF workflow 352857470074880         [39m workflowId=352857470074880
[32m2026-03-12 09:42:32 [info]  toggle ON workflow 352857470074880          [39m workflowId=352857470074880
[32m2026-03-12 09:59:37 [info]  new event triggered, now events: 1          [39m 
[34m2026-03-12 09:59:37 [debug] event data:                                 [39m context={"data":{"createdAt":"2026-03-12T01:57:00.380Z","updatedAt":"2026-03-12T01:57:00.380Z","id":123456,"createdById":1,"updatedById":1,"round":null,"page_count":5,"total_issues":null,"review_density":null,"is_standard":"否","review_hours":null,"eff_issue_hour":null,"eff_page_hour":0.25,"workload_indep":10,"workload_joint":10,"eff_indep_issues":null,"eff_meet_issues":null,"module_id":null,"fail_reason":null}}
[32m2026-03-12 09:59:37 [info]  preparing execution for event               [39m 
[32m2026-03-12 09:59:37 [info]  execution of workflow 352857470074880 created as 352860036988928[39m 
[32m2026-03-12 09:59:37 [info]  local pending list is empty, adding execution (352860036988928) to pending list[39m 
[32m2026-03-12 09:59:37 [info]  pending execution (352860036988928) ready to process[39m 
[32m2026-03-12 09:59:37 [info]  execution (352860036988928) starting...     [39m 
[32m2026-03-12 09:59:37 [info]  execution (352860036988928) run instruction [sql] for node (352857470074881)[39m workflowId=352857470074880
[34m2026-03-12 09:59:37 [debug] config of node                              [39m data={"dataSource":"main","sql":"UPDATE review_records\nSET \n    review_density = ROUND((CAST(total_issues AS DECIMAL) / NULLIF(page_count, 0))::numeric, 2),\n    \n    eff_issue_hour = ROUND((CAST(total_issues AS DECIMAL) / NULLIF((workload_indep + workload_joint), 0))::numeric, 2),\n    \n    eff_page_hour = ROUND((CAST(page_count AS DECIMAL) / NULLIF((workload_indep + workload_joint), 0))::numeric, 2),\n\n    is_standard = CASE \n        WHEN (CAST(total_issues AS DECIMAL) / NULLIF(page_count, 0)) < 0.6 THEN '是' \n        ELSE '否' \n    END,\n    fail_reason = CASE \n        WHEN (CAST(total_issues AS DECIMAL) / NULLIF(page_count, 0)) >= 0.6 THEN '缺陷密度超过0.6，建议重新评审' \n        ELSE NULL \n    END\nWHERE id = {{$context.data.id}}"} workflowId=352857470074880
[34m2026-03-12 09:59:37 [debug] job added to save list: {"result":[],"status":1,"nodeId":352857470074881,"nodeKey":"jwi6xvyzw44","id":"12310386200022016","createdAt":"2026-03-12T01:59:37.689Z","updatedAt":"2026-03-12T01:59:37.689Z","executionId":352860036988928}[39m workflowId=352857470074880
[32m2026-03-12 09:59:37 [info]  execution (352860036988928) run instruction [sql] for node (352857470074881) finished as status: 1[39m workflowId=352857470074880
[34m2026-03-12 09:59:37 [debug] result of node                              [39m 
[34m2026-03-12 09:59:37 [debug] branch ended at node (352857470074881)      [39m 
[32m2026-03-12 09:59:37 [info]  execution (352860036988928) exiting with status 1[39m workflowId=352857470074880
[32m2026-03-12 09:59:37 [info]  execution (352860036988928) finished with status: 1[39m 
[34m2026-03-12 09:59:37 [debug] execution (352860036988928) details:        [39m execution={"createdAt":"2026-03-12T01:59:37.673Z","id":352860036988928,"updatedAt":"2026-03-12T01:59:37.706Z","key":"yxiy1zdgd14","eventKey":"8e335fac-cb34-4b3f-99de-2f2afa463d53","context":{"data":{"createdAt":"2026-03-12T01:57:00.380Z","updatedAt":"2026-03-12T01:57:00.380Z","id":123456,"createdById":1,"updatedById":1,"round":null,"page_count":5,"total_issues":null,"review_density":null,"is_standard":"否","review_hours":null,"eff_issue_hour":null,"eff_page_hour":0.25,"workload_indep":10,"workload_joint":10,"eff_indep_issues":null,"eff_meet_issues":null,"module_id":null,"fail_reason":null}},"status":1,"dispatched":true,"stack":null,"output":null,"manually":null,"workflowId":352857470074880}
[32m2026-03-12 10:13:25 [info]  new event triggered, now events: 1          [39m 
[34m2026-03-12 10:13:25 [debug] event data:                                 [39m context={"data":{"createdAt":"2026-03-12T02:00:12.227Z","updatedAt":"2026-03-12T02:00:12.227Z","id":123,"createdById":1,"updatedById":1,"round":null,"page_count":5,"total_issues":null,"review_density":null,"is_standard":"否","review_hours":null,"eff_issue_hour":null,"eff_page_hour":0.25,"workload_indep":10,"workload_joint":10,"eff_indep_issues":null,"eff_meet_issues":null,"module_id":null,"fail_reason":null}}
[32m2026-03-12 10:13:25 [info]  preparing execution for event               [39m 
[32m2026-03-12 10:13:25 [info]  execution of workflow 352857470074880 created as 352861773430784[39m 
[32m2026-03-12 10:13:25 [info]  local pending list is empty, adding execution (352861773430784) to pending list[39m 
[32m2026-03-12 10:13:25 [info]  pending execution (352861773430784) ready to process[39m 
[32m2026-03-12 10:13:25 [info]  execution (352861773430784) starting...     [39m 
[32m2026-03-12 10:13:25 [info]  execution (352861773430784) run instruction [sql] for node (352857470074881)[39m workflowId=352857470074880
[34m2026-03-12 10:13:25 [debug] config of node                              [39m data={"dataSource":"main","sql":"UPDATE review_records\nSET \n    review_density = ROUND((CAST(total_issues AS DECIMAL) / NULLIF(page_count, 0))::numeric, 2),\n    \n    eff_issue_hour = ROUND((CAST(total_issues AS DECIMAL) / NULLIF((workload_indep + workload_joint), 0))::numeric, 2),\n    \n    eff_page_hour = ROUND((CAST(page_count AS DECIMAL) / NULLIF((workload_indep + workload_joint), 0))::numeric, 2),\n\n    is_standard = CASE \n        WHEN (CAST(total_issues AS DECIMAL) / NULLIF(page_count, 0)) < 0.6 THEN '是' \n        ELSE '否' \n    END,\n    fail_reason = CASE \n        WHEN (CAST(total_issues AS DECIMAL) / NULLIF(page_count, 0)) >= 0.6 THEN '缺陷密度超过0.6，建议重新评审' \n        ELSE NULL \n    END\nWHERE id = {{$context.data.id}}"} workflowId=352857470074880
[34m2026-03-12 10:13:25 [debug] job added to save list: {"result":[],"status":1,"nodeId":352857470074881,"nodeKey":"jwi6xvyzw44","id":"12313858173570048","createdAt":"2026-03-12T02:13:25.472Z","updatedAt":"2026-03-12T02:13:25.472Z","executionId":352861773430784}[39m workflowId=352857470074880
[32m2026-03-12 10:13:25 [info]  execution (352861773430784) run instruction [sql] for node (352857470074881) finished as status: 1[39m workflowId=352857470074880
[34m2026-03-12 10:13:25 [debug] result of node                              [39m 
[34m2026-03-12 10:13:25 [debug] branch ended at node (352857470074881)      [39m 
[32m2026-03-12 10:13:25 [info]  execution (352861773430784) exiting with status 1[39m workflowId=352857470074880
[32m2026-03-12 10:13:25 [info]  execution (352861773430784) finished with status: 1[39m 
[34m2026-03-12 10:13:25 [debug] execution (352861773430784) details:        [39m execution={"createdAt":"2026-03-12T02:13:25.417Z","id":352861773430784,"updatedAt":"2026-03-12T02:13:25.485Z","key":"yxiy1zdgd14","eventKey":"2b22d964-c94c-460f-85e7-dfaceec424ba","context":{"data":{"createdAt":"2026-03-12T02:00:12.227Z","updatedAt":"2026-03-12T02:00:12.227Z","id":123,"createdById":1,"updatedById":1,"round":null,"page_count":5,"total_issues":null,"review_density":null,"is_standard":"否","review_hours":null,"eff_issue_hour":null,"eff_page_hour":0.25,"workload_indep":10,"workload_joint":10,"eff_indep_issues":null,"eff_meet_issues":null,"module_id":null,"fail_reason":null}},"status":1,"dispatched":true,"stack":null,"output":null,"manually":null,"workflowId":352857470074880}
[32m2026-03-12 10:19:02 [info]  new event triggered, now events: 1          [39m 
[34m2026-03-12 10:19:02 [debug] event data:                                 [39m context={"data":{"createdAt":"2026-03-12T02:13:35.947Z","updatedAt":"2026-03-12T02:13:35.947Z","id":123,"createdById":1,"updatedById":1,"round":"CC2026R2第二轮测试","page_count":5,"total_issues":1,"review_density":0.2,"is_standard":"是","review_hours":null,"eff_issue_hour":null,"eff_page_hour":0.25,"workload_indep":10,"workload_joint":10,"eff_indep_issues":0,"eff_meet_issues":0,"module_id":null,"fail_reason":null}}
[32m2026-03-12 10:19:02 [info]  preparing execution for event               [39m 
[32m2026-03-12 10:19:02 [info]  execution of workflow 352857470074880 created as 352862480171008[39m 
[32m2026-03-12 10:19:02 [info]  local pending list is empty, adding execution (352862480171008) to pending list[39m 
[32m2026-03-12 10:19:02 [info]  pending execution (352862480171008) ready to process[39m 
[32m2026-03-12 10:19:02 [info]  execution (352862480171008) starting...     [39m 
[32m2026-03-12 10:19:02 [info]  execution (352862480171008) run instruction [sql] for node (352857470074881)[39m workflowId=352857470074880
[34m2026-03-12 10:19:02 [debug] config of node                              [39m data={"dataSource":"main","sql":"UPDATE review_records\nSET \n    review_density = ROUND((CAST(total_issues AS DECIMAL) / NULLIF(page_count, 0))::numeric, 2),\n    \n    eff_issue_hour = ROUND((CAST(total_issues AS DECIMAL) / NULLIF((workload_indep + workload_joint), 0))::numeric, 2),\n    \n    eff_page_hour = ROUND((CAST(page_count AS DECIMAL) / NULLIF((workload_indep + workload_joint), 0))::numeric, 2),\n\n    is_standard = CASE \n        WHEN (CAST(total_issues AS DECIMAL) / NULLIF(page_count, 0)) < 0.6 THEN '是' \n        ELSE '否' \n    END,\n    fail_reason = CASE \n        WHEN (CAST(total_issues AS DECIMAL) / NULLIF(page_count, 0)) >= 0.6 THEN '缺陷密度超过0.6，建议重新评审' \n        ELSE NULL \n    END\nWHERE id = {{$context.data.id}}"} workflowId=352857470074880
[34m2026-03-12 10:19:02 [debug] job added to save list: {"result":[],"status":1,"nodeId":352857470074881,"nodeKey":"jwi6xvyzw44","id":"12315269854661632","createdAt":"2026-03-12T02:19:02.043Z","updatedAt":"2026-03-12T02:19:02.043Z","executionId":352862480171008}[39m workflowId=352857470074880
[32m2026-03-12 10:19:02 [info]  execution (352862480171008) run instruction [sql] for node (352857470074881) finished as status: 1[39m workflowId=352857470074880
[34m2026-03-12 10:19:02 [debug] result of node                              [39m 
[34m2026-03-12 10:19:02 [debug] branch ended at node (352857470074881)      [39m 
[32m2026-03-12 10:19:02 [info]  execution (352862480171008) exiting with status 1[39m workflowId=352857470074880
[32m2026-03-12 10:19:02 [info]  execution (352862480171008) finished with status: 1[39m 
[34m2026-03-12 10:19:02 [debug] execution (352862480171008) details:        [39m execution={"createdAt":"2026-03-12T02:19:02.010Z","id":352862480171008,"updatedAt":"2026-03-12T02:19:02.060Z","key":"yxiy1zdgd14","eventKey":"7ca22eb1-192e-406a-a902-8c8ffc13b07c","context":{"data":{"createdAt":"2026-03-12T02:13:35.947Z","updatedAt":"2026-03-12T02:13:35.947Z","id":123,"createdById":1,"updatedById":1,"round":"CC2026R2第二轮测试","page_count":5,"total_issues":1,"review_density":0.2,"is_standard":"是","review_hours":null,"eff_issue_hour":null,"eff_page_hour":0.25,"workload_indep":10,"workload_joint":10,"eff_indep_issues":0,"eff_meet_issues":0,"module_id":null,"fail_reason":null}},"status":1,"dispatched":true,"stack":null,"output":null,"manually":null,"workflowId":352857470074880}
[32m2026-03-12 10:48:56 [info]  new event triggered, now events: 1          [39m 
[34m2026-03-12 10:48:56 [debug] event data:                                 [39m context={"data":{"createdAt":"2026-03-12T02:20:27.003Z","updatedAt":"2026-03-12T02:20:27.003Z","id":123,"createdById":1,"updatedById":1,"round":"CC2026R2第二轮测试","page_count":5,"total_issues":1,"review_density":0.2,"is_standard":"是","review_hours":null,"eff_issue_hour":null,"eff_page_hour":0.31,"workload_indep":8,"workload_joint":8,"eff_indep_issues":1,"eff_meet_issues":0,"module_id":null,"fail_reason":null}}
[32m2026-03-12 10:48:56 [info]  preparing execution for event               [39m 
[32m2026-03-12 10:48:56 [info]  execution of workflow 352857470074880 created as 352866242461696[39m 
[32m2026-03-12 10:48:56 [info]  local pending list is empty, adding execution (352866242461696) to pending list[39m 
[32m2026-03-12 10:48:56 [info]  pending execution (352866242461696) ready to process[39m 
[32m2026-03-12 10:48:56 [info]  execution (352866242461696) starting...     [39m 
[32m2026-03-12 10:48:56 [info]  execution (352866242461696) run instruction [sql] for node (352857470074881)[39m workflowId=352857470074880
[34m2026-03-12 10:48:56 [debug] config of node                              [39m data={"dataSource":"main","sql":"UPDATE review_records\nSET \n    review_density = ROUND((CAST(total_issues AS DECIMAL) / NULLIF(page_count, 0))::numeric, 2),\n    \n    eff_issue_hour = ROUND((CAST(total_issues AS DECIMAL) / NULLIF((workload_indep + workload_joint), 0))::numeric, 2),\n    \n    eff_page_hour = ROUND((CAST(page_count AS DECIMAL) / NULLIF((workload_indep + workload_joint), 0))::numeric, 2),\n\n    is_standard = CASE \n        WHEN (CAST(total_issues AS DECIMAL) / NULLIF(page_count, 0)) < 0.6 THEN '是' \n        ELSE '否' \n    END,\n    fail_reason = CASE \n        WHEN (CAST(total_issues AS DECIMAL) / NULLIF(page_count, 0)) >= 0.6 THEN '缺陷密度超过0.6，建议重新评审' \n        ELSE NULL \n    END\nWHERE id = {{$context.data.id}}"} workflowId=352857470074880
[34m2026-03-12 10:48:56 [debug] job added to save list: {"result":[],"status":1,"nodeId":352857470074881,"nodeKey":"jwi6xvyzw44","id":"12322795501390848","createdAt":"2026-03-12T02:48:56.297Z","updatedAt":"2026-03-12T02:48:56.297Z","executionId":352866242461696}[39m workflowId=352857470074880
[32m2026-03-12 10:48:56 [info]  execution (352866242461696) run instruction [sql] for node (352857470074881) finished as status: 1[39m workflowId=352857470074880
[34m2026-03-12 10:48:56 [debug] result of node                              [39m 
[34m2026-03-12 10:48:56 [debug] branch ended at node (352857470074881)      [39m 
[32m2026-03-12 10:48:56 [info]  execution (352866242461696) exiting with status 1[39m workflowId=352857470074880
[32m2026-03-12 10:48:56 [info]  execution (352866242461696) finished with status: 1[39m 
[34m2026-03-12 10:48:56 [debug] execution (352866242461696) details:        [39m execution={"createdAt":"2026-03-12T02:48:56.261Z","id":352866242461696,"updatedAt":"2026-03-12T02:48:56.315Z","key":"yxiy1zdgd14","eventKey":"c6dd6bfc-6654-4ca4-9452-8508aa6d254d","context":{"data":{"createdAt":"2026-03-12T02:20:27.003Z","updatedAt":"2026-03-12T02:20:27.003Z","id":123,"createdById":1,"updatedById":1,"round":"CC2026R2第二轮测试","page_count":5,"total_issues":1,"review_density":0.2,"is_standard":"是","review_hours":null,"eff_issue_hour":null,"eff_page_hour":0.31,"workload_indep":8,"workload_joint":8,"eff_indep_issues":1,"eff_meet_issues":0,"module_id":null,"fail_reason":null}},"status":1,"dispatched":true,"stack":null,"output":null,"manually":null,"workflowId":352857470074880}
[32m2026-03-12 10:54:07 [info]  new event triggered, now events: 1          [39m 
[34m2026-03-12 10:54:07 [debug] event data:                                 [39m context={"data":{"createdAt":"2026-03-12T02:49:07.608Z","updatedAt":"2026-03-12T02:50:56.747Z","id":123,"createdById":1,"updatedById":1,"round":"CC2026R2第二轮测试","page_count":6,"total_issues":1,"review_density":0.17,"is_standard":"是","review_hours":null,"eff_issue_hour":0.08,"eff_page_hour":0.46,"workload_indep":8,"workload_joint":5,"eff_indep_issues":1,"eff_meet_issues":0,"module_id":null,"fail_reason":null}}
[32m2026-03-12 10:54:07 [info]  new event triggered, now events: 2          [39m 
[34m2026-03-12 10:54:07 [debug] event data:                                 [39m context={"data":{"createdAt":"2026-03-12T02:52:01.839Z","updatedAt":"2026-03-12T02:52:01.842Z","id":666,"createdById":1,"updatedById":1,"round":null,"page_count":2,"total_issues":null,"review_density":null,"is_standard":"否","review_hours":null,"eff_issue_hour":null,"eff_page_hour":0.18,"workload_indep":6,"workload_joint":5,"eff_indep_issues":null,"eff_meet_issues":null,"module_id":352866510897152,"fail_reason":null}}
[32m2026-03-12 10:54:07 [info]  new event is pending to be prepared after previous preparation is finished[39m 
[32m2026-03-12 10:54:07 [info]  preparing execution for event               [39m 
[32m2026-03-12 10:54:07 [info]  execution of workflow 352857470074880 created as 352866894675968[39m 
[32m2026-03-12 10:54:07 [info]  local pending list is empty, adding execution (352866894675968) to pending list[39m 
[32m2026-03-12 10:54:07 [info]  preparing execution for event               [39m 
[32m2026-03-12 10:54:07 [info]  execution of workflow 352857470074880 created as 352866894675969[39m 
[32m2026-03-12 10:54:07 [info]  instance is not serving as worker or local pending list is not empty, sending execution (352866894675969) to queue[39m 
[32m2026-03-12 10:54:07 [info]  pending execution (352866894675968) ready to process[39m 
[32m2026-03-12 10:54:07 [info]  execution (352866894675968) starting...     [39m 
[32m2026-03-12 10:54:07 [info]  execution (352866894675968) run instruction [sql] for node (352857470074881)[39m workflowId=352857470074880
[34m2026-03-12 10:54:07 [debug] config of node                              [39m data={"dataSource":"main","sql":"UPDATE review_records\nSET \n    review_density = ROUND((CAST(total_issues AS DECIMAL) / NULLIF(page_count, 0))::numeric, 2),\n    \n    eff_issue_hour = ROUND((CAST(total_issues AS DECIMAL) / NULLIF((workload_indep + workload_joint), 0))::numeric, 2),\n    \n    eff_page_hour = ROUND((CAST(page_count AS DECIMAL) / NULLIF((workload_indep + workload_joint), 0))::numeric, 2),\n\n    is_standard = CASE \n        WHEN (CAST(total_issues AS DECIMAL) / NULLIF(page_count, 0)) < 0.6 THEN '是' \n        ELSE '否' \n    END,\n    fail_reason = CASE \n        WHEN (CAST(total_issues AS DECIMAL) / NULLIF(page_count, 0)) >= 0.6 THEN '缺陷密度超过0.6，建议重新评审' \n        ELSE NULL \n    END\nWHERE id = {{$context.data.id}}"} workflowId=352857470074880
[34m2026-03-12 10:54:07 [debug] job added to save list: {"result":[],"status":1,"nodeId":352857470074881,"nodeKey":"jwi6xvyzw44","id":"12324102098390016","createdAt":"2026-03-12T02:54:07.814Z","updatedAt":"2026-03-12T02:54:07.814Z","executionId":352866894675968}[39m workflowId=352857470074880
[32m2026-03-12 10:54:07 [info]  execution (352866894675968) run instruction [sql] for node (352857470074881) finished as status: 1[39m workflowId=352857470074880
[34m2026-03-12 10:54:07 [debug] result of node                              [39m 
[34m2026-03-12 10:54:07 [debug] branch ended at node (352857470074881)      [39m 
[32m2026-03-12 10:54:07 [info]  execution (352866894675968) exiting with status 1[39m workflowId=352857470074880
[32m2026-03-12 10:54:07 [info]  execution (352866894675968) finished with status: 1[39m 
[34m2026-03-12 10:54:07 [debug] execution (352866894675968) details:        [39m execution={"createdAt":"2026-03-12T02:54:07.786Z","id":352866894675968,"updatedAt":"2026-03-12T02:54:07.823Z","key":"yxiy1zdgd14","eventKey":"761d4544-2b05-4b55-afff-0e8c401f1725","context":{"data":{"createdAt":"2026-03-12T02:49:07.608Z","updatedAt":"2026-03-12T02:50:56.747Z","id":123,"createdById":1,"updatedById":1,"round":"CC2026R2第二轮测试","page_count":6,"total_issues":1,"review_density":0.17,"is_standard":"是","review_hours":null,"eff_issue_hour":0.08,"eff_page_hour":0.46,"workload_indep":8,"workload_joint":5,"eff_indep_issues":1,"eff_meet_issues":0,"module_id":null,"fail_reason":null}},"status":1,"dispatched":true,"stack":null,"output":null,"manually":null,"workflowId":352857470074880}
[32m2026-03-12 10:54:07 [info]  execution (352866894675969) fetched from db [39m 
[32m2026-03-12 10:54:07 [info]  execution (352866894675969) starting...     [39m 
[32m2026-03-12 10:54:07 [info]  execution (352866894675969) run instruction [sql] for node (352857470074881)[39m workflowId=352857470074880
[34m2026-03-12 10:54:07 [debug] config of node                              [39m data={"dataSource":"main","sql":"UPDATE review_records\nSET \n    review_density = ROUND((CAST(total_issues AS DECIMAL) / NULLIF(page_count, 0))::numeric, 2),\n    \n    eff_issue_hour = ROUND((CAST(total_issues AS DECIMAL) / NULLIF((workload_indep + workload_joint), 0))::numeric, 2),\n    \n    eff_page_hour = ROUND((CAST(page_count AS DECIMAL) / NULLIF((workload_indep + workload_joint), 0))::numeric, 2),\n\n    is_standard = CASE \n        WHEN (CAST(total_issues AS DECIMAL) / NULLIF(page_count, 0)) < 0.6 THEN '是' \n        ELSE '否' \n    END,\n    fail_reason = CASE \n        WHEN (CAST(total_issues AS DECIMAL) / NULLIF(page_count, 0)) >= 0.6 THEN '缺陷密度超过0.6，建议重新评审' \n        ELSE NULL \n    END\nWHERE id = {{$context.data.id}}"} workflowId=352857470074880
[34m2026-03-12 10:54:07 [debug] job added to save list: {"result":[],"status":1,"nodeId":352857470074881,"nodeKey":"jwi6xvyzw44","id":"12324102190664704","createdAt":"2026-03-12T02:54:07.836Z","updatedAt":"2026-03-12T02:54:07.836Z","executionId":352866894675969}[39m workflowId=352857470074880
[32m2026-03-12 10:54:07 [info]  execution (352866894675969) run instruction [sql] for node (352857470074881) finished as status: 1[39m workflowId=352857470074880
[34m2026-03-12 10:54:07 [debug] result of node                              [39m 
[34m2026-03-12 10:54:07 [debug] branch ended at node (352857470074881)      [39m 
[32m2026-03-12 10:54:07 [info]  execution (352866894675969) exiting with status 1[39m workflowId=352857470074880
[32m2026-03-12 10:54:07 [info]  execution (352866894675969) finished with status: 1[39m 
[34m2026-03-12 10:54:07 [debug] execution (352866894675969) details:        [39m execution={"createdAt":"2026-03-12T02:54:07.801Z","id":352866894675969,"updatedAt":"2026-03-12T02:54:07.838Z","key":"yxiy1zdgd14","eventKey":"ce6cfd15-ac15-4c53-8c91-725c0f02aed4","context":{"data":{"createdAt":"2026-03-12T02:52:01.839Z","updatedAt":"2026-03-12T02:52:01.842Z","id":666,"createdById":1,"updatedById":1,"round":null,"page_count":2,"total_issues":null,"review_density":null,"is_standard":"否","review_hours":null,"eff_issue_hour":null,"eff_page_hour":0.18,"workload_indep":6,"workload_joint":5,"eff_indep_issues":null,"eff_meet_issues":null,"module_id":352866510897152,"fail_reason":null}},"status":1,"dispatched":true,"stack":null,"output":null,"manually":null,"workflowId":352857470074880}
