[32m2026-03-12 09:16:51 [info]  toggle ON workflow 352854645211136          [39m workflowId=352854645211136
[32m2026-03-12 09:19:12 [info]  new event triggered, now events: 2          [39m 
[34m2026-03-12 09:19:12 [debug] event data:                                 [39m context={"data":{"createdAt":"2026-03-12T01:19:12.189Z","updatedAt":"2026-03-12T01:19:12.208Z","id":352854951395328,"defect":"жөӢиҜ•жЁЎеқ—зјәеӨұж•°жҚ®","defect_rank":"level1","priority":"P1","defect_classification":"е…¶д»–","defect_status":"е·Іе…ій—ӯ","label":["е·Ідҝ®еӨҚ","е·Іе…ій—ӯ"],"round":"CC2026R2з¬¬дәҢиҪ®жөӢиҜ•","f_jmazop48q5l":352854882189312,"f_0ipjqjhd3dt":1,"createdById":1,"updatedById":1,"gitlab_url":null,"module":null,"feature_name":null,"repair_status":null,"level_1_cause":null,"specific_reason":null,"repair_plan":null,"test_stage":null,"level_2_cause":null,"issue_id":null,"assignee":null,"issue_state":null,"module_ref":[{"id":352854896869376},{"id":352854905257984}]}}
[32m2026-03-12 09:19:12 [info]  new event is pending to be prepared after previous preparation is finished[39m 
[32m2026-03-12 09:19:12 [info]  preparing execution for event               [39m 
[32m2026-03-12 09:19:12 [info]  execution of workflow 352854645211136 created as 352854951395330[39m 
[32m2026-03-12 09:19:12 [info]  instance is not serving as worker or local pending list is not empty, sending execution (352854951395330) to queue[39m 
[32m2026-03-12 09:19:12 [info]  execution (352854951395330) fetched from db [39m 
[32m2026-03-12 09:19:12 [info]  execution (352854951395330) starting...     [39m 
[32m2026-03-12 09:19:12 [info]  execution (352854951395330) run instruction [sql] for node (352854645211137)[39m workflowId=352854645211136
[34m2026-03-12 09:19:12 [debug] config of node                              [39m data={"dataSource":"main","sql":"UPDATE review_records rm\nSET \n    total_issues = (\n        SELECT count(*) \n        FROM defects \n        WHERE f_0ipjqjhd3dt = {{$context.data.f_0ipjqjhd3dt}}\n    ),\n    \n    review_density = ROUND(\n        CAST((SELECT count(*) FROM defects WHERE f_0ipjqjhd3dt = {{$context.data.f_0ipjqjhd3dt}}) AS DECIMAL) \n        / NULLIF(rm.page_count, 0), 2\n    ),\n    \n    is_standard = CASE \n        WHEN (CAST((SELECT count(*) FROM defects WHERE f_0ipjqjhd3dt = {{$context.data.f_0ipjqjhd3dt}}) AS DECIMAL) / NULLIF(rm.page_count, 0)) < 0.6 THEN 'жҳҜ' \n        ELSE 'еҗҰ' \n    END\nWHERE rm.id = {{$context.data.f_0ipjqjhd3dt}};"} workflowId=352854645211136
[34m2026-03-12 09:19:12 [debug] job added to save list: {"result":[],"status":1,"nodeId":352854645211137,"nodeKey":"h0bsr2dvmfo","id":"12300214102658048","createdAt":"2026-03-12T01:19:12.472Z","updatedAt":"2026-03-12T01:19:12.472Z","executionId":352854951395330}[39m workflowId=352854645211136
[32m2026-03-12 09:19:12 [info]  execution (352854951395330) run instruction [sql] for node (352854645211137) finished as status: 1[39m workflowId=352854645211136
[34m2026-03-12 09:19:12 [debug] result of node                              [39m 
[34m2026-03-12 09:19:12 [debug] branch ended at node (352854645211137)      [39m 
[32m2026-03-12 09:19:12 [info]  execution (352854951395330) exiting with status 1[39m workflowId=352854645211136
[32m2026-03-12 09:19:12 [info]  execution (352854951395330) finished with status: 1[39m 
[34m2026-03-12 09:19:12 [debug] execution (352854951395330) details:        [39m execution={"createdAt":"2026-03-12T01:19:12.232Z","id":352854951395330,"updatedAt":"2026-03-12T01:19:12.474Z","key":"g9ogbwav55x","eventKey":"2f9b5f36-bbb0-4e7e-86e4-efcfd9b8e6b6","context":{"data":{"createdAt":"2026-03-12T01:19:12.189Z","updatedAt":"2026-03-12T01:19:12.208Z","id":352854951395328,"defect":"жөӢиҜ•жЁЎеқ—зјәеӨұж•°жҚ®","defect_rank":"level1","priority":"P1","defect_classification":"е…¶д»–","defect_status":"е·Іе…ій—ӯ","label":["е·Ідҝ®еӨҚ","е·Іе…ій—ӯ"],"round":"CC2026R2з¬¬дәҢиҪ®жөӢиҜ•","f_jmazop48q5l":352854882189312,"f_0ipjqjhd3dt":1,"createdById":1,"updatedById":1,"gitlab_url":null,"module":null,"feature_name":null,"repair_status":null,"level_1_cause":null,"specific_reason":null,"repair_plan":null,"test_stage":null,"level_2_cause":null,"issue_id":null,"assignee":null,"issue_state":null,"module_ref":[{"id":352854896869376},{"id":352854905257984}]}},"status":1,"dispatched":true,"stack":null,"output":null,"manually":null,"workflowId":352854645211136}
[32m2026-03-12 09:25:02 [info]  new event triggered, now events: 2          [39m 
[34m2026-03-12 09:25:02 [debug] event data:                                 [39m context={"data":{"createdAt":"2026-03-12T01:25:02.431Z","updatedAt":"2026-03-12T01:25:02.449Z","id":352855685398528,"round":"CC2026R2з¬¬дәҢиҪ®жөӢиҜ•","label":["е·Іе…ій—ӯ","е·ІжӢ’з»қ"],"defect_status":"е·Іе…ій—ӯ","defect_classification":"е…¶д»–","priority":"P1","defect_rank":"level1","defect":"жөӢиҜ•жЁЎеқ—зјәеӨұж•°жҚ®","f_jmazop48q5l":352855622483968,"f_0ipjqjhd3dt":1111,"createdById":1,"updatedById":1,"gitlab_url":null,"module":null,"feature_name":null,"repair_status":null,"level_1_cause":null,"specific_reason":null,"repair_plan":null,"test_stage":null,"level_2_cause":null,"issue_id":null,"assignee":null,"issue_state":null,"module_ref":[{"id":352855628775424},{"id":352855635066880}]}}
[32m2026-03-12 09:25:02 [info]  new event is pending to be prepared after previous preparation is finished[39m 
[32m2026-03-12 09:25:02 [info]  preparing execution for event               [39m 
[32m2026-03-12 09:25:02 [info]  execution of workflow 352854645211136 created as 352855685398530[39m 
[32m2026-03-12 09:25:02 [info]  instance is not serving as worker or local pending list is not empty, sending execution (352855685398530) to queue[39m 
[32m2026-03-12 09:25:02 [info]  execution (352855685398530) fetched from db [39m 
[32m2026-03-12 09:25:02 [info]  execution (352855685398530) starting...     [39m 
[32m2026-03-12 09:25:02 [info]  execution (352855685398530) run instruction [sql] for node (352854645211137)[39m workflowId=352854645211136
[34m2026-03-12 09:25:02 [debug] config of node                              [39m data={"dataSource":"main","sql":"UPDATE review_records rm\nSET \n    total_issues = (\n        SELECT count(*) \n        FROM defects \n        WHERE f_0ipjqjhd3dt = {{$context.data.f_0ipjqjhd3dt}}\n    ),\n    \n    review_density = ROUND(\n        CAST((SELECT count(*) FROM defects WHERE f_0ipjqjhd3dt = {{$context.data.f_0ipjqjhd3dt}}) AS DECIMAL) \n        / NULLIF(rm.page_count, 0), 2\n    ),\n    \n    is_standard = CASE \n        WHEN (CAST((SELECT count(*) FROM defects WHERE f_0ipjqjhd3dt = {{$context.data.f_0ipjqjhd3dt}}) AS DECIMAL) / NULLIF(rm.page_count, 0)) < 0.6 THEN 'жҳҜ' \n        ELSE 'еҗҰ' \n    END\nWHERE rm.id = {{$context.data.f_0ipjqjhd3dt}};"} workflowId=352854645211136
[34m2026-03-12 09:25:02 [debug] job added to save list: {"result":[],"status":1,"nodeId":352854645211137,"nodeKey":"h0bsr2dvmfo","id":"12301683023416320","createdAt":"2026-03-12T01:25:02.690Z","updatedAt":"2026-03-12T01:25:02.690Z","executionId":352855685398530}[39m workflowId=352854645211136
[32m2026-03-12 09:25:02 [info]  execution (352855685398530) run instruction [sql] for node (352854645211137) finished as status: 1[39m workflowId=352854645211136
[34m2026-03-12 09:25:02 [debug] result of node                              [39m 
[34m2026-03-12 09:25:02 [debug] branch ended at node (352854645211137)      [39m 
[32m2026-03-12 09:25:02 [info]  execution (352855685398530) exiting with status 1[39m workflowId=352854645211136
[32m2026-03-12 09:25:02 [info]  execution (352855685398530) finished with status: 1[39m 
[34m2026-03-12 09:25:02 [debug] execution (352855685398530) details:        [39m execution={"createdAt":"2026-03-12T01:25:02.491Z","id":352855685398530,"updatedAt":"2026-03-12T01:25:02.692Z","key":"g9ogbwav55x","eventKey":"f236d99c-df4f-4c55-acf2-de18d0747709","context":{"data":{"createdAt":"2026-03-12T01:25:02.431Z","updatedAt":"2026-03-12T01:25:02.449Z","id":352855685398528,"round":"CC2026R2з¬¬дәҢиҪ®жөӢиҜ•","label":["е·Іе…ій—ӯ","е·ІжӢ’з»қ"],"defect_status":"е·Іе…ій—ӯ","defect_classification":"е…¶д»–","priority":"P1","defect_rank":"level1","defect":"жөӢиҜ•жЁЎеқ—зјәеӨұж•°жҚ®","f_jmazop48q5l":352855622483968,"f_0ipjqjhd3dt":1111,"createdById":1,"updatedById":1,"gitlab_url":null,"module":null,"feature_name":null,"repair_status":null,"level_1_cause":null,"specific_reason":null,"repair_plan":null,"test_stage":null,"level_2_cause":null,"issue_id":null,"assignee":null,"issue_state":null,"module_ref":[{"id":352855628775424},{"id":352855635066880}]}},"status":1,"dispatched":true,"stack":null,"output":null,"manually":null,"workflowId":352854645211136}
[32m2026-03-12 09:25:44 [info]  new event triggered, now events: 2          [39m 
[34m2026-03-12 09:25:44 [debug] event data:                                 [39m context={"data":{"createdAt":"2026-03-12T01:25:44.663Z","updatedAt":"2026-03-12T01:25:44.681Z","id":352855773478912,"priority":"P1","defect_rank":"level1","defect":"жөӢиҜ•жЁЎеқ—зјәеӨұж•°жҚ®","defect_classification":"е…¶д»–","defect_status":"е·Іе…ій—ӯ","label":["е·Ідҝ®еӨҚ","е·Іе…ій—ӯ"],"round":"CC2026R2з¬¬дәҢиҪ®жөӢиҜ•","f_jmazop48q5l":352855622483968,"f_0ipjqjhd3dt":1111,"createdById":1,"updatedById":1,"gitlab_url":null,"module":null,"feature_name":null,"repair_status":null,"level_1_cause":null,"specific_reason":null,"repair_plan":null,"test_stage":null,"level_2_cause":null,"issue_id":null,"assignee":null,"issue_state":null,"module_ref":[{"id":352855628775424},{"id":352855635066880}]}}
[32m2026-03-12 09:25:44 [info]  new event is pending to be prepared after previous preparation is finished[39m 
[32m2026-03-12 09:25:44 [info]  preparing execution for event               [39m 
[32m2026-03-12 09:25:44 [info]  execution of workflow 352854645211136 created as 352855773478914[39m 
[32m2026-03-12 09:25:44 [info]  instance is not serving as worker or local pending list is not empty, sending execution (352855773478914) to queue[39m 
[32m2026-03-12 09:25:44 [info]  execution (352855773478914) fetched from db [39m 
[32m2026-03-12 09:25:44 [info]  execution (352855773478914) starting...     [39m 
[32m2026-03-12 09:25:44 [info]  execution (352855773478914) run instruction [sql] for node (352854645211137)[39m workflowId=352854645211136
[34m2026-03-12 09:25:44 [debug] config of node                              [39m data={"dataSource":"main","sql":"UPDATE review_records rm\nSET \n    total_issues = (\n        SELECT count(*) \n        FROM defects \n        WHERE f_0ipjqjhd3dt = {{$context.data.f_0ipjqjhd3dt}}\n    ),\n    \n    review_density = ROUND(\n        CAST((SELECT count(*) FROM defects WHERE f_0ipjqjhd3dt = {{$context.data.f_0ipjqjhd3dt}}) AS DECIMAL) \n        / NULLIF(rm.page_count, 0), 2\n    ),\n    \n    is_standard = CASE \n        WHEN (CAST((SELECT count(*) FROM defects WHERE f_0ipjqjhd3dt = {{$context.data.f_0ipjqjhd3dt}}) AS DECIMAL) / NULLIF(rm.page_count, 0)) < 0.6 THEN 'жҳҜ' \n        ELSE 'еҗҰ' \n    END\nWHERE rm.id = {{$context.data.f_0ipjqjhd3dt}};"} workflowId=352854645211136
[34m2026-03-12 09:25:44 [debug] job added to save list: {"result":[],"status":1,"nodeId":352854645211137,"nodeKey":"h0bsr2dvmfo","id":"12301860090153984","createdAt":"2026-03-12T01:25:44.906Z","updatedAt":"2026-03-12T01:25:44.906Z","executionId":352855773478914}[39m workflowId=352854645211136
[32m2026-03-12 09:25:44 [info]  execution (352855773478914) run instruction [sql] for node (352854645211137) finished as status: 1[39m workflowId=352854645211136
[34m2026-03-12 09:25:44 [debug] result of node                              [39m 
[34m2026-03-12 09:25:44 [debug] branch ended at node (352854645211137)      [39m 
[32m2026-03-12 09:25:44 [info]  execution (352855773478914) exiting with status 1[39m workflowId=352854645211136
[32m2026-03-12 09:25:44 [info]  execution (352855773478914) finished with status: 1[39m 
[34m2026-03-12 09:25:44 [debug] execution (352855773478914) details:        [39m execution={"createdAt":"2026-03-12T01:25:44.704Z","id":352855773478914,"updatedAt":"2026-03-12T01:25:44.911Z","key":"g9ogbwav55x","eventKey":"59d4c0bd-53d4-424a-a784-eb95158dd73b","context":{"data":{"createdAt":"2026-03-12T01:25:44.663Z","updatedAt":"2026-03-12T01:25:44.681Z","id":352855773478912,"priority":"P1","defect_rank":"level1","defect":"жөӢиҜ•жЁЎеқ—зјәеӨұж•°жҚ®","defect_classification":"е…¶д»–","defect_status":"е·Іе…ій—ӯ","label":["е·Ідҝ®еӨҚ","е·Іе…ій—ӯ"],"round":"CC2026R2з¬¬дәҢиҪ®жөӢиҜ•","f_jmazop48q5l":352855622483968,"f_0ipjqjhd3dt":1111,"createdById":1,"updatedById":1,"gitlab_url":null,"module":null,"feature_name":null,"repair_status":null,"level_1_cause":null,"specific_reason":null,"repair_plan":null,"test_stage":null,"level_2_cause":null,"issue_id":null,"assignee":null,"issue_state":null,"module_ref":[{"id":352855628775424},{"id":352855635066880}]}},"status":1,"dispatched":true,"stack":null,"output":null,"manually":null,"workflowId":352854645211136}
[32m2026-03-12 09:30:47 [info]  new event triggered, now events: 2          [39m 
[34m2026-03-12 09:30:47 [debug] event data:                                 [39m context={"data":{"createdAt":"2026-03-12T01:30:47.305Z","updatedAt":"2026-03-12T01:30:47.330Z","id":352856408915968,"round":"CC2026R2з¬¬дәҢиҪ®жөӢиҜ•","label":["е·Ідҝ®еӨҚ","е·Іе…ій—ӯ"],"defect_status":"е·Іе…ій—ӯ","defect_classification":"е…¶д»–","priority":"P1","defect_rank":"level1","defect":"жөӢиҜ•жЁЎеқ—зјәеӨұж•°жҚ®","f_jmazop48q5l":352856352292864,"f_0ipjqjhd3dt":1111,"createdById":1,"updatedById":1,"gitlab_url":null,"module":null,"feature_name":null,"repair_status":null,"level_1_cause":null,"specific_reason":null,"repair_plan":null,"test_stage":null,"level_2_cause":null,"issue_id":null,"assignee":null,"issue_state":null,"module_ref":[{"id":352856358584320},{"id":352856364875776}]}}
[32m2026-03-12 09:30:47 [info]  new event is pending to be prepared after previous preparation is finished[39m 
[32m2026-03-12 09:30:47 [info]  preparing execution for event               [39m 
[32m2026-03-12 09:30:47 [info]  execution of workflow 352854645211136 created as 352856408915970[39m 
[32m2026-03-12 09:30:47 [info]  instance is not serving as worker or local pending list is not empty, sending execution (352856408915970) to queue[39m 
[32m2026-03-12 09:30:47 [info]  execution (352856408915970) fetched from db [39m 
[32m2026-03-12 09:30:47 [info]  execution (352856408915970) starting...     [39m 
[32m2026-03-12 09:30:47 [info]  execution (352856408915970) run instruction [sql] for node (352854645211137)[39m workflowId=352854645211136
[34m2026-03-12 09:30:47 [debug] config of node                              [39m data={"dataSource":"main","sql":"UPDATE review_records rm\nSET \n    total_issues = (\n        SELECT count(*) \n        FROM defects \n        WHERE f_0ipjqjhd3dt = {{$context.data.f_0ipjqjhd3dt}}\n    ),\n    \n    review_density = ROUND(\n        CAST((SELECT count(*) FROM defects WHERE f_0ipjqjhd3dt = {{$context.data.f_0ipjqjhd3dt}}) AS DECIMAL) \n        / NULLIF(rm.page_count, 0), 2\n    ),\n    \n    is_standard = CASE \n        WHEN (CAST((SELECT count(*) FROM defects WHERE f_0ipjqjhd3dt = {{$context.data.f_0ipjqjhd3dt}}) AS DECIMAL) / NULLIF(rm.page_count, 0)) < 0.6 THEN 'жҳҜ' \n        ELSE 'еҗҰ' \n    END\nWHERE rm.id = {{$context.data.f_0ipjqjhd3dt}};"} workflowId=352854645211136
[34m2026-03-12 09:30:47 [debug] job added to save list: {"result":[],"status":1,"nodeId":352854645211137,"nodeKey":"h0bsr2dvmfo","id":"12303129638865920","createdAt":"2026-03-12T01:30:47.590Z","updatedAt":"2026-03-12T01:30:47.590Z","executionId":352856408915970}[39m workflowId=352854645211136
[32m2026-03-12 09:30:47 [info]  execution (352856408915970) run instruction [sql] for node (352854645211137) finished as status: 1[39m workflowId=352854645211136
[34m2026-03-12 09:30:47 [debug] result of node                              [39m 
[34m2026-03-12 09:30:47 [debug] branch ended at node (352854645211137)      [39m 
[32m2026-03-12 09:30:47 [info]  execution (352856408915970) exiting with status 1[39m workflowId=352854645211136
[32m2026-03-12 09:30:47 [info]  execution (352856408915970) finished with status: 1[39m 
[34m2026-03-12 09:30:47 [debug] execution (352856408915970) details:        [39m execution={"createdAt":"2026-03-12T01:30:47.355Z","id":352856408915970,"updatedAt":"2026-03-12T01:30:47.592Z","key":"g9ogbwav55x","eventKey":"4a47fdd8-0ac9-4558-8ef1-e2bc1e5c1e39","context":{"data":{"createdAt":"2026-03-12T01:30:47.305Z","updatedAt":"2026-03-12T01:30:47.330Z","id":352856408915968,"round":"CC2026R2з¬¬дәҢиҪ®жөӢиҜ•","label":["е·Ідҝ®еӨҚ","е·Іе…ій—ӯ"],"defect_status":"е·Іе…ій—ӯ","defect_classification":"е…¶д»–","priority":"P1","defect_rank":"level1","defect":"жөӢиҜ•жЁЎеқ—зјәеӨұж•°жҚ®","f_jmazop48q5l":352856352292864,"f_0ipjqjhd3dt":1111,"createdById":1,"updatedById":1,"gitlab_url":null,"module":null,"feature_name":null,"repair_status":null,"level_1_cause":null,"specific_reason":null,"repair_plan":null,"test_stage":null,"level_2_cause":null,"issue_id":null,"assignee":null,"issue_state":null,"module_ref":[{"id":352856358584320},{"id":352856364875776}]}},"status":1,"dispatched":true,"stack":null,"output":null,"manually":null,"workflowId":352854645211136}
[32m2026-03-12 09:39:02 [info]  toggle OFF workflow 352854645211136         [39m workflowId=352854645211136
[32m2026-03-12 09:39:02 [info]  toggle OFF workflow 352854645211136         [39m workflowId=352854645211136
