[32m2026-03-03 14:21:14 [info]  toggle ON workflow 351261187178496          [39m workflowId=351261187178496
[32m2026-03-03 14:46:28 [info]  toggle OFF workflow 351261187178496         [39m workflowId=351261187178496
[32m2026-03-03 14:46:28 [info]  toggle ON workflow 351261187178496          [39m workflowId=351261187178496
[32m2026-03-03 14:48:01 [info]  new event triggered, now events: 1          [39m 
[34m2026-03-03 14:48:01 [debug] event data:                                 [39m context={"data":{"createdAt":"2026-03-03T06:48:01.541Z","updatedAt":"2026-03-03T06:48:01.544Z","f_jmazop48q5l":351263181570048,"defect_classification":"网退","defect_status":"已关闭","defect":"核心算法模块代码回退导致崩溃","defect_rank":"level1","priority":"P1","id":351265580711936,"module":null,"label":["已修复","已关闭"],"createdById":1,"updatedById":1,"round":"CC2026R2第二轮测试","__tableName":"defects","__schemaName":"public","parent_summary":{"createdAt":"2026-03-03T06:28:57.937Z","updatedAt":"2026-03-03T06:28:57.941Z","owner_id":"nocobase","id":351263181570048,"total_count":null,"tested_count":null,"defect_count":null,"fixed_count":null,"pending_count":null,"loc":null,"kloc":0,"testing_rate":null,"fix_rate":null,"pending_rate":null,"defect_density":null,"total_defect":null,"module_type":"缺陷汇总","createdById":1,"updatedById":1},"module_ref":[{"createdAt":"2026-03-03T06:47:34.707Z","updatedAt":"2026-03-03T06:47:34.707Z","module_defect_proportion":null,"id":351265524088832,"module_name":"工程图","level_1_count":"0","level_2_count":null,"level_3_count":null,"level_1_fixed":null,"level_2_fixed":null,"level_3_fixed":null,"p1_total":null,"p1_fixed":null,"p2_total":null,"p2_fixed":null,"p3_total":null,"p3_fixed":null,"total_closed":null,"total_delayed":null,"level_1_rollback":null,"level_1_hang":null,"level_1_other":null,"p1_closed":null,"open_count":null,"retest_failed_count":null,"module_total":null,"suggested_count":null,"p2_fixed_rate":null,"p3_fixed_rate":null,"p1_fixed_rate":null,"level_2_fixed_rate":null,"total_fixed":null,"fixed_unupdated":null,"level_3_fixed_rate":null,"level_1_fixed_rate":null,"p1_close_rate":null,"new_issue_total":null,"new_issue_fixed":null,"total_fixed_rate":null,"total_close_rate":null,"createdById":1,"updatedById":1,"round":"CC2026R2第二轮测试","f_73p2zudc8re":null,"t_5yxbbcczpos":{"createdAt":"2026-03-03T06:48:01.550Z","updatedAt":"2026-03-03T06:48:01.550Z","module_id":351265524088832,"defect_id":351265580711936}},{"createdAt":"2026-03-03T06:47:40.349Z","updatedAt":"2026-03-03T06:47:40.349Z","module_defect_proportion":null,"id":351265536671744,"module_name":"草图","level_1_count":"0","level_2_count":null,"level_3_count":null,"level_1_fixed":null,"level_2_fixed":null,"level_3_fixed":null,"p1_total":null,"p1_fixed":null,"p2_total":null,"p2_fixed":null,"p3_total":null,"p3_fixed":null,"total_closed":null,"total_delayed":null,"level_1_rollback":null,"level_1_hang":null,"level_1_other":null,"p1_closed":null,"open_count":null,"retest_failed_count":null,"module_total":null,"suggested_count":null,"p2_fixed_rate":null,"p3_fixed_rate":null,"p1_fixed_rate":null,"level_2_fixed_rate":null,"total_fixed":null,"fixed_unupdated":null,"level_3_fixed_rate":null,"level_1_fixed_rate":null,"p1_close_rate":null,"new_issue_total":null,"new_issue_fixed":null,"total_fixed_rate":null,"total_close_rate":null,"createdById":1,"updatedById":1,"round":"CC2026R2第二轮测试","f_73p2zudc8re":null,"t_5yxbbcczpos":{"createdAt":"2026-03-03T06:48:01.550Z","updatedAt":"2026-03-03T06:48:01.550Z","module_id":351265536671744,"defect_id":351265580711936}}],"__collection":"defects"}}
[32m2026-03-03 14:48:01 [info]  preparing execution for event               [39m 
[32m2026-03-03 14:48:01 [info]  execution of workflow 351261187178496 created as 351265580711937[39m 
[32m2026-03-03 14:48:01 [info]  local pending list is empty, adding execution (351265580711937) to pending list[39m 
[32m2026-03-03 14:48:01 [info]  pending execution (351265580711937) ready to process[39m 
[32m2026-03-03 14:48:01 [info]  execution (351265580711937) starting...     [39m 
[32m2026-03-03 14:48:01 [info]  execution (351265580711937) run instruction [query] for node (351261187178535)[39m workflowId=351261187178496
[34m2026-03-03 14:48:01 [debug] config of node                              [39m data={"multiple":true,"collection":"module_summaries","params":{"filter":{"$and":[{"id":{"$eq":"{{$context.data.f_jmazop48q5l}}"}},{"round":{"$eq":"{{$context.data.round}}"}}]},"sort":[],"page":1,"pageSize":20,"appends":[]}} workflowId=351261187178496
[34m2026-03-03 14:48:01 [debug] job added to save list: {"result":[],"status":1,"nodeId":351261187178535,"nodeKey":"nf44eok9nnt","id":"9121473264356352","createdAt":"2026-03-03T06:48:01.598Z","updatedAt":"2026-03-03T06:48:01.598Z","executionId":351265580711937}[39m workflowId=351261187178496
[32m2026-03-03 14:48:01 [info]  execution (351265580711937) run instruction [query] for node (351261187178535) finished as status: 1[39m workflowId=351261187178496
[34m2026-03-03 14:48:01 [debug] result of node                              [39m 
[34m2026-03-03 14:48:01 [debug] run next node (351265134018560)             [39m 
[32m2026-03-03 14:48:01 [info]  execution (351265580711937) run instruction [multi-conditions] for node (351265134018560)[39m workflowId=351261187178496
[34m2026-03-03 14:48:01 [debug] config of node                              [39m data={"conditions":[{"uid":"1ng9fxan72f","engine":"basic","calculation":{"group":{"type":"and","calculations":[{"calculator":"notEqual","operands":["{{$context.data.id}}",null]}]}},"title":"匹配到汇总行"}],"continueOnNoMatch":false,"rejectOnFalse":true} workflowId=351261187178496
[34m2026-03-03 14:48:01 [debug] job added to save list: {"status":0,"result":null,"meta":{"conditions":[]},"nodeId":351265134018560,"nodeKey":"9escwsk220e","upstreamId":"9121473264356352","id":"9121473268550656","createdAt":"2026-03-03T06:48:01.599Z","updatedAt":"2026-03-03T06:48:01.599Z","executionId":351265580711937}[39m workflowId=351261187178496
[32m2026-03-03 14:48:01 [info]  execution (351265580711937) run instruction [sql] for node (351261187178537)[39m workflowId=351261187178496
[34m2026-03-03 14:48:01 [debug] config of node                              [39m data={"dataSource":"main","sql":"SELECT \n    COUNT(id) AS project_total_count \nFROM defects \nWHERE (NOT (label ?| ARRAY['功能屏蔽','已拒绝','建议','申请否决','数据异常','设计如此','需求']) OR label IS NULL)\nAND defect_status != '无需修复'\nAND f_jmazop48q5l = {{$context.data.f_jmazop48q5l}};"} workflowId=351261187178496
[34m2026-03-03 14:48:01 [debug] job added to save list: {"result":[{"project_total_count":1}],"status":1,"nodeId":351261187178537,"nodeKey":"4oowzbkwxg4","id":"9121473289522176","createdAt":"2026-03-03T06:48:01.604Z","updatedAt":"2026-03-03T06:48:01.604Z","executionId":351265580711937}[39m workflowId=351261187178496
[32m2026-03-03 14:48:01 [info]  execution (351265580711937) run instruction [sql] for node (351261187178537) finished as status: 1[39m workflowId=351261187178496
[34m2026-03-03 14:48:01 [debug] result of node                              [39m data=[{"project_total_count":1}]
[34m2026-03-03 14:48:01 [debug] run next node (351261187178538)             [39m 
[32m2026-03-03 14:48:01 [info]  execution (351265580711937) run instruction [parallel] for node (351261187178538)[39m workflowId=351261187178496
[34m2026-03-03 14:48:01 [debug] config of node                              [39m workflowId=351261187178496
[34m2026-03-03 14:48:01 [debug] job added to save list: {"status":0,"result":[null,null],"nodeId":351261187178538,"nodeKey":"h7o8c0lt9sn","upstreamId":"9121473289522176","id":"9121473293716480","createdAt":"2026-03-03T06:48:01.605Z","updatedAt":"2026-03-03T06:48:01.605Z","executionId":351265580711937}[39m workflowId=351261187178496
[32m2026-03-03 14:48:01 [info]  execution (351265580711937) run instruction [loop] for node (351261187178497)[39m workflowId=351261187178496
[34m2026-03-03 14:48:01 [debug] config of node                              [39m data={"target":"{{$jobsMapByNodeKey.nf44eok9nnt}}","condition":false,"exit":0} workflowId=351261187178496
[34m2026-03-03 14:48:01 [debug] job added to save list: {"status":1,"result":{"looped":0,"done":0},"nodeId":351261187178497,"nodeKey":"60k98hgp2i2","id":"9121473297910784","createdAt":"2026-03-03T06:48:01.606Z","updatedAt":"2026-03-03T06:48:01.606Z","executionId":351265580711937}[39m workflowId=351261187178496
[32m2026-03-03 14:48:01 [info]  execution (351265580711937) run instruction [loop] for node (351261187178497) finished as status: 1[39m workflowId=351261187178496
[34m2026-03-03 14:48:01 [debug] result of node                              [39m data={"looped":0,"done":0}
[34m2026-03-03 14:48:01 [debug] branch ended at node (351261187178497)      [39m 
[34m2026-03-03 14:48:01 [debug] not on main, recall to parent entry node (351261187178497)})[39m workflowId=351261187178496
[32m2026-03-03 14:48:01 [info]  execution (351265580711937) resume instruction [parallel] for node (351261187178538)[39m workflowId=351261187178496
[34m2026-03-03 14:48:01 [debug] config of node                              [39m workflowId=351261187178496
[34m2026-03-03 14:48:01 [debug] job added to save list: {"status":0,"result":[1,null],"nodeId":351261187178538,"nodeKey":"h7o8c0lt9sn","upstreamId":"9121473289522176","id":"9121473293716480","createdAt":"2026-03-03T06:48:01.605Z","updatedAt":"2026-03-03T06:48:01.606Z","executionId":351265580711937}[39m workflowId=351261187178496
[32m2026-03-03 14:48:01 [info]  execution (351265580711937) exiting with status 0[39m workflowId=351261187178496
[32m2026-03-03 14:48:01 [info]  execution (351265580711937) run instruction [sql] for node (351261187178539)[39m workflowId=351261187178496
[34m2026-03-03 14:48:01 [debug] config of node                              [39m data={"dataSource":"main","sql":"SELECT \n    COUNT(id) AS module_total \nFROM defects \nWHERE f_jmazop48q5l = {{$context.data.f_jmazop48q5l}};"} workflowId=351261187178496
[34m2026-03-03 14:48:01 [debug] job added to save list: {"result":[{"module_total":1}],"status":1,"nodeId":351261187178539,"nodeKey":"hllf1jj2xg8","id":"9121473348242432","createdAt":"2026-03-03T06:48:01.618Z","updatedAt":"2026-03-03T06:48:01.618Z","executionId":351265580711937}[39m workflowId=351261187178496
[32m2026-03-03 14:48:01 [info]  execution (351265580711937) run instruction [sql] for node (351261187178539) finished as status: 1[39m workflowId=351261187178496
[34m2026-03-03 14:48:01 [debug] result of node                              [39m data=[{"module_total":1}]
[34m2026-03-03 14:48:01 [debug] run next node (351261187178540)             [39m 
[32m2026-03-03 14:48:01 [info]  execution (351265580711937) run instruction [calculation] for node (351261187178540)[39m workflowId=351261187178496
[34m2026-03-03 14:48:01 [debug] config of node                              [39m data={"engine":"formula.js","expression":"{{$jobsMapByNodeKey.hllf1jj2xg8}}[0].module_total"} workflowId=351261187178496
[34m2026-03-03 14:48:01 [debug] job added to save list: {"result":1,"status":1,"nodeId":351261187178540,"nodeKey":"4ocwze6yczu","id":"9121473356631040","createdAt":"2026-03-03T06:48:01.620Z","updatedAt":"2026-03-03T06:48:01.620Z","executionId":351265580711937}[39m workflowId=351261187178496
[32m2026-03-03 14:48:01 [info]  execution (351265580711937) run instruction [calculation] for node (351261187178540) finished as status: 1[39m workflowId=351261187178496
[34m2026-03-03 14:48:01 [debug] result of node                              [39m data=1
[34m2026-03-03 14:48:01 [debug] run next node (351261187178541)             [39m 
[32m2026-03-03 14:48:01 [info]  execution (351265580711937) run instruction [update] for node (351261187178541)[39m workflowId=351261187178496
[34m2026-03-03 14:48:01 [debug] config of node                              [39m data={"usingAssignFormSchema":true,"assignFormSchema":{"_isJSONSchemaObject":true,"version":"2.0","name":"qexipvwzumy","type":"void","x-component":"Grid","x-initializer":"assignFieldValuesForm:configureFields","properties":{"n7b4arddkok":{"_isJSONSchemaObject":true,"version":"2.0","type":"void","x-component":"Grid.Row","properties":{"r2dg0ythkzy":{"_isJSONSchemaObject":true,"version":"2.0","type":"void","x-component":"Grid.Col","properties":{"total_defect":{"_isJSONSchemaObject":true,"version":"2.0","type":"string","name":"total_defect","x-toolbar":"FormItemSchemaToolbar","x-settings":"fieldSettings:FormItem","x-component":"AssignedField","x-decorator":"FormItem","x-collection-field":"collection_quality.total_defect"}},"name":"r2dg0ythkzy"}},"name":"n7b4arddkok"}}},"collection":"collection_quality","params":{"individualHooks":false,"filter":{"$and":[{"id":{"$eq":"{{$context.data.f_jmazop48q5l}}"}}]},"values":{"total_defect":"{{$jobsMapByNodeKey.4ocwze6yczu}}"}}} workflowId=351261187178496
[34m2026-03-03 14:48:01 [debug] job added to save list: {"result":1,"status":1,"nodeId":351261187178541,"nodeKey":"esqynjgri0f","id":"9121473377602560","createdAt":"2026-03-03T06:48:01.625Z","updatedAt":"2026-03-03T06:48:01.625Z","executionId":351265580711937}[39m workflowId=351261187178496
[32m2026-03-03 14:48:01 [info]  execution (351265580711937) run instruction [update] for node (351261187178541) finished as status: 1[39m workflowId=351261187178496
[34m2026-03-03 14:48:01 [debug] result of node                              [39m data=1
[34m2026-03-03 14:48:01 [debug] branch ended at node (351261187178541)      [39m 
[34m2026-03-03 14:48:01 [debug] not on main, recall to parent entry node (351261187178541)})[39m workflowId=351261187178496
[32m2026-03-03 14:48:01 [info]  execution (351265580711937) resume instruction [parallel] for node (351261187178538)[39m workflowId=351261187178496
[34m2026-03-03 14:48:01 [debug] config of node                              [39m workflowId=351261187178496
[34m2026-03-03 14:48:01 [debug] job added to save list: {"status":1,"result":[1,1],"nodeId":351261187178538,"nodeKey":"h7o8c0lt9sn","upstreamId":"9121473289522176","id":"9121473293716480","createdAt":"2026-03-03T06:48:01.605Z","updatedAt":"2026-03-03T06:48:01.606Z","executionId":351265580711937}[39m workflowId=351261187178496
[32m2026-03-03 14:48:01 [info]  execution (351265580711937) run instruction [parallel] for node (351261187178538) finished as status: 1[39m workflowId=351261187178496
[34m2026-03-03 14:48:01 [debug] result of node                              [39m data=[1,1]
[34m2026-03-03 14:48:01 [debug] branch ended at node (351261187178538)      [39m 
[34m2026-03-03 14:48:01 [debug] not on main, recall to parent entry node (351261187178538)})[39m workflowId=351261187178496
[32m2026-03-03 14:48:01 [info]  execution (351265580711937) resume instruction [multi-conditions] for node (351265134018560)[39m workflowId=351261187178496
[34m2026-03-03 14:48:01 [debug] config of node                              [39m data={"conditions":[{"uid":"1ng9fxan72f","engine":"basic","calculation":{"group":{"type":"and","calculations":[{"calculator":"notEqual","operands":["{{$context.data.id}}",null]}]}},"title":"匹配到汇总行"}],"continueOnNoMatch":false,"rejectOnFalse":true} workflowId=351261187178496
[34m2026-03-03 14:48:01 [debug] job added to save list: {"status":1,"result":true,"meta":{"conditions":[true]},"nodeId":351265134018560,"nodeKey":"9escwsk220e","upstreamId":"9121473264356352","id":"9121473268550656","createdAt":"2026-03-03T06:48:01.599Z","updatedAt":"2026-03-03T06:48:01.599Z","executionId":351265580711937}[39m workflowId=351261187178496
[32m2026-03-03 14:48:01 [info]  execution (351265580711937) run instruction [multi-conditions] for node (351265134018560) finished as status: 1[39m workflowId=351261187178496
[34m2026-03-03 14:48:01 [debug] result of node                              [39m data=true
[34m2026-03-03 14:48:01 [debug] branch ended at node (351265134018560)      [39m 
[32m2026-03-03 14:48:01 [info]  execution (351265580711937) exiting with status 1[39m workflowId=351261187178496
[32m2026-03-03 14:48:01 [info]  execution (351265580711937) finished with status: 1[39m 
[34m2026-03-03 14:48:01 [debug] execution (351265580711937) details:        [39m execution={"createdAt":"2026-03-03T06:48:01.565Z","id":351265580711937,"updatedAt":"2026-03-03T06:48:01.632Z","key":"c4ir4f0lyfq","eventKey":"18bd7511-b1c8-49bc-b5b0-ba42ba3887db","context":{"data":{"createdAt":"2026-03-03T06:48:01.541Z","updatedAt":"2026-03-03T06:48:01.544Z","f_jmazop48q5l":351263181570048,"defect_classification":"网退","defect_status":"已关闭","defect":"核心算法模块代码回退导致崩溃","defect_rank":"level1","priority":"P1","id":351265580711936,"module":null,"label":["已修复","已关闭"],"createdById":1,"updatedById":1,"round":"CC2026R2第二轮测试","__tableName":"defects","__schemaName":"public","parent_summary":{"createdAt":"2026-03-03T06:28:57.937Z","updatedAt":"2026-03-03T06:28:57.941Z","owner_id":"nocobase","id":351263181570048,"total_count":null,"tested_count":null,"defect_count":null,"fixed_count":null,"pending_count":null,"loc":null,"kloc":0,"testing_rate":null,"fix_rate":null,"pending_rate":null,"defect_density":null,"total_defect":null,"module_type":"缺陷汇总","createdById":1,"updatedById":1},"module_ref":[{"createdAt":"2026-03-03T06:47:34.707Z","updatedAt":"2026-03-03T06:47:34.707Z","module_defect_proportion":null,"id":351265524088832,"module_name":"工程图","level_1_count":"0","level_2_count":null,"level_3_count":null,"level_1_fixed":null,"level_2_fixed":null,"level_3_fixed":null,"p1_total":null,"p1_fixed":null,"p2_total":null,"p2_fixed":null,"p3_total":null,"p3_fixed":null,"total_closed":null,"total_delayed":null,"level_1_rollback":null,"level_1_hang":null,"level_1_other":null,"p1_closed":null,"open_count":null,"retest_failed_count":null,"module_total":null,"suggested_count":null,"p2_fixed_rate":null,"p3_fixed_rate":null,"p1_fixed_rate":null,"level_2_fixed_rate":null,"total_fixed":null,"fixed_unupdated":null,"level_3_fixed_rate":null,"level_1_fixed_rate":null,"p1_close_rate":null,"new_issue_total":null,"new_issue_fixed":null,"total_fixed_rate":null,"total_close_rate":null,"createdById":1,"updatedById":1,"round":"CC2026R2第二轮测试","f_73p2zudc8re":null,"t_5yxbbcczpos":{"createdAt":"2026-03-03T06:48:01.550Z","updatedAt":"2026-03-03T06:48:01.550Z","module_id":351265524088832,"defect_id":351265580711936}},{"createdAt":"2026-03-03T06:47:40.349Z","updatedAt":"2026-03-03T06:47:40.349Z","module_defect_proportion":null,"id":351265536671744,"module_name":"草图","level_1_count":"0","level_2_count":null,"level_3_count":null,"level_1_fixed":null,"level_2_fixed":null,"level_3_fixed":null,"p1_total":null,"p1_fixed":null,"p2_total":null,"p2_fixed":null,"p3_total":null,"p3_fixed":null,"total_closed":null,"total_delayed":null,"level_1_rollback":null,"level_1_hang":null,"level_1_other":null,"p1_closed":null,"open_count":null,"retest_failed_count":null,"module_total":null,"suggested_count":null,"p2_fixed_rate":null,"p3_fixed_rate":null,"p1_fixed_rate":null,"level_2_fixed_rate":null,"total_fixed":null,"fixed_unupdated":null,"level_3_fixed_rate":null,"level_1_fixed_rate":null,"p1_close_rate":null,"new_issue_total":null,"new_issue_fixed":null,"total_fixed_rate":null,"total_close_rate":null,"createdById":1,"updatedById":1,"round":"CC2026R2第二轮测试","f_73p2zudc8re":null,"t_5yxbbcczpos":{"createdAt":"2026-03-03T06:48:01.550Z","updatedAt":"2026-03-03T06:48:01.550Z","module_id":351265536671744,"defect_id":351265580711936}}],"__collection":"defects"}},"status":1,"dispatched":true,"stack":null,"output":null,"manually":null,"workflowId":351261187178496}
[32m2026-03-03 14:51:01 [info]  toggle OFF workflow 351261187178496         [39m workflowId=351261187178496
[32m2026-03-03 14:51:01 [info]  toggle OFF workflow 351261187178496         [39m workflowId=351261187178496
