[32m2026-02-25 16:49:49 [info]  toggle ON workflow 350193371250688          [39m workflowId=350193371250688
[32m2026-02-25 16:50:57 [info]  new event triggered, now events: 1          [39m 
[34m2026-02-25 16:50:57 [debug] event data:                                 [39m context={"data":{"createdAt":"2026-02-25T08:50:47.806Z","updatedAt":"2026-02-25T08:50:47.826Z","defect":"图纸错误","defect_rank":"level1","priority":"P1","id":350193866178560,"f_jmazop48q5l":350193782292480,"createdById":1,"updatedById":1,"defect_classification":"历史遗留","module":350193773903872,"label":["历史遗留","已修复"],"defect_status":"已修复"}}
[32m2026-02-25 16:50:57 [info]  preparing execution for event               [39m 
[32m2026-02-25 16:50:57 [info]  execution of workflow 350193371250688 created as 350193887150080[39m 
[32m2026-02-25 16:50:57 [info]  local pending list is empty, adding execution (350193887150080) to pending list[39m 
[32m2026-02-25 16:50:57 [info]  pending execution (350193887150080) ready to process[39m 
[32m2026-02-25 16:50:57 [info]  execution (350193887150080) starting...     [39m 
[32m2026-02-25 16:50:57 [info]  execution (350193887150080) run instruction [aggregate] for node (350193371250689)[39m workflowId=350193371250688
[34m2026-02-25 16:50:57 [debug] config of node                              [39m data={"aggregator":"count","associated":false,"params":{"field":"id","filter":{"$and":[{"module":{"$eq":"{{$context.data.module}}"}}]}},"precision":2,"collection":"defects"} workflowId=350193371250688
[34m2026-02-25 16:50:57 [debug] job added to save list: {"result":0,"status":1,"nodeId":350193371250689,"nodeKey":"hz1h8xku8st","id":"6978083160620032","createdAt":"2026-02-25T08:50:57.575Z","updatedAt":"2026-02-25T08:50:57.575Z","executionId":350193887150080}[39m workflowId=350193371250688
[32m2026-02-25 16:50:57 [info]  execution (350193887150080) run instruction [aggregate] for node (350193371250689) finished as status: 1[39m workflowId=350193371250688
[34m2026-02-25 16:50:57 [debug] result of node                              [39m 
[34m2026-02-25 16:50:57 [debug] run next node (350193371250694)             [39m 
[32m2026-02-25 16:50:57 [info]  execution (350193887150080) run instruction [aggregate] for node (350193371250694)[39m workflowId=350193371250688
[34m2026-02-25 16:50:57 [debug] config of node                              [39m data={"aggregator":"count","associated":false,"params":{"field":"id","filter":{"$and":[{"defect_rank":{"$eq":"level1"}},{"label":{"$noneOf":["功能屏蔽","已拒绝","建议"]}},{"module":{"$eq":"{{$context.data.module}}"}}]}},"precision":2,"collection":"defects"} workflowId=350193371250688
[34m2026-02-25 16:50:57 [debug] job added to save list: {"result":0,"status":1,"nodeId":350193371250694,"nodeKey":"h14qw1067vw","id":"6978083169008640","createdAt":"2026-02-25T08:50:57.577Z","updatedAt":"2026-02-25T08:50:57.577Z","executionId":350193887150080}[39m workflowId=350193371250688
[32m2026-02-25 16:50:57 [info]  execution (350193887150080) run instruction [aggregate] for node (350193371250694) finished as status: 1[39m workflowId=350193371250688
[34m2026-02-25 16:50:57 [debug] result of node                              [39m 
[34m2026-02-25 16:50:57 [debug] run next node (350193371250695)             [39m 
[32m2026-02-25 16:50:57 [info]  execution (350193887150080) run instruction [aggregate] for node (350193371250695)[39m workflowId=350193371250688
[34m2026-02-25 16:50:57 [debug] config of node                              [39m data={"aggregator":"count","associated":false,"params":{"field":"id","filter":{"$and":[{"defect_rank":{"$eq":"level1"}},{"label":{"$noneOf":["功能屏蔽","已拒绝","建议"]}},{"$or":[{"label":{"$anyOf":["已修复","待合并"]}},{"$and":[{"label":{"$anyOf":["未复现"]}},{"defect_status":{"$eq":"已关闭"}}]}]},{"module":{"$eq":"{{$context.data.module}}"}}]}},"precision":2,"collection":"defects"} workflowId=350193371250688
[34m2026-02-25 16:50:57 [debug] job added to save list: {"result":0,"status":1,"nodeId":350193371250695,"nodeKey":"cvcey3i9obe","id":"6978083177397248","createdAt":"2026-02-25T08:50:57.579Z","updatedAt":"2026-02-25T08:50:57.579Z","executionId":350193887150080}[39m workflowId=350193371250688
[32m2026-02-25 16:50:57 [info]  execution (350193887150080) run instruction [aggregate] for node (350193371250695) finished as status: 1[39m workflowId=350193371250688
[34m2026-02-25 16:50:57 [debug] result of node                              [39m 
[34m2026-02-25 16:50:57 [debug] run next node (350193371250693)             [39m 
[32m2026-02-25 16:50:57 [info]  execution (350193887150080) run instruction [aggregate] for node (350193371250693)[39m workflowId=350193371250688
[34m2026-02-25 16:50:57 [debug] config of node                              [39m data={"aggregator":"count","associated":false,"params":{"field":"id","filter":{"$and":[{"defect_rank":{"$eq":"level2"}},{"label":{"$noneOf":["功能屏蔽","已拒绝","建议"]}},{"module":{"$eq":"{{$context.data.module}}"}}]}},"precision":2,"collection":"defects"} workflowId=350193371250688
[34m2026-02-25 16:50:57 [debug] job added to save list: {"result":0,"status":1,"nodeId":350193371250693,"nodeKey":"52k6055vnrg","id":"6978083189980160","createdAt":"2026-02-25T08:50:57.582Z","updatedAt":"2026-02-25T08:50:57.582Z","executionId":350193887150080}[39m workflowId=350193371250688
[32m2026-02-25 16:50:57 [info]  execution (350193887150080) run instruction [aggregate] for node (350193371250693) finished as status: 1[39m workflowId=350193371250688
[34m2026-02-25 16:50:57 [debug] result of node                              [39m 
[34m2026-02-25 16:50:57 [debug] run next node (350193371250696)             [39m 
[32m2026-02-25 16:50:57 [info]  execution (350193887150080) run instruction [aggregate] for node (350193371250696)[39m workflowId=350193371250688
[34m2026-02-25 16:50:57 [debug] config of node                              [39m data={"aggregator":"count","associated":false,"params":{"field":"id","filter":{"$and":[{"defect_rank":{"$eq":"level2"}},{"label":{"$noneOf":["功能屏蔽","已拒绝","建议"]}},{"$or":[{"label":{"$anyOf":["已修复","待合并"]}},{"$and":[{"label":{"$anyOf":["未复现"]}},{"defect_status":{"$eq":"已关闭"}}]}]},{"module":{"$eq":"{{$context.data.module}}"}}]}},"precision":2,"collection":"defects"} workflowId=350193371250688
[34m2026-02-25 16:50:57 [debug] job added to save list: {"result":0,"status":1,"nodeId":350193371250696,"nodeKey":"1fpxh7sjq4k","id":"6978083206757376","createdAt":"2026-02-25T08:50:57.586Z","updatedAt":"2026-02-25T08:50:57.586Z","executionId":350193887150080}[39m workflowId=350193371250688
[32m2026-02-25 16:50:57 [info]  execution (350193887150080) run instruction [aggregate] for node (350193371250696) finished as status: 1[39m workflowId=350193371250688
[34m2026-02-25 16:50:57 [debug] result of node                              [39m 
[34m2026-02-25 16:50:57 [debug] run next node (350193371250692)             [39m 
[32m2026-02-25 16:50:57 [info]  execution (350193887150080) run instruction [aggregate] for node (350193371250692)[39m workflowId=350193371250688
[34m2026-02-25 16:50:57 [debug] config of node                              [39m data={"aggregator":"count","associated":false,"params":{"field":"id","filter":{"$and":[{"defect_rank":{"$eq":"level3"}},{"label":{"$noneOf":["功能屏蔽","已拒绝","建议"]}},{"module":{"$eq":"{{$context.data.module}}"}}]}},"precision":2,"collection":"defects"} workflowId=350193371250688
[34m2026-02-25 16:50:57 [debug] job added to save list: {"result":0,"status":1,"nodeId":350193371250692,"nodeKey":"t5m287ao4ea","id":"6978083223534592","createdAt":"2026-02-25T08:50:57.590Z","updatedAt":"2026-02-25T08:50:57.590Z","executionId":350193887150080}[39m workflowId=350193371250688
[32m2026-02-25 16:50:57 [info]  execution (350193887150080) run instruction [aggregate] for node (350193371250692) finished as status: 1[39m workflowId=350193371250688
[34m2026-02-25 16:50:57 [debug] result of node                              [39m 
[34m2026-02-25 16:50:57 [debug] run next node (350193371250691)             [39m 
[32m2026-02-25 16:50:57 [info]  execution (350193887150080) run instruction [aggregate] for node (350193371250691)[39m workflowId=350193371250688
[34m2026-02-25 16:50:57 [debug] config of node                              [39m data={"aggregator":"count","associated":false,"params":{"field":"id","filter":{"$and":[{"defect_rank":{"$eq":"level3"}},{"label":{"$noneOf":["功能屏蔽","已拒绝","建议"]}},{"$or":[{"label":{"$anyOf":["待合并","已修复"]}},{"$and":[{"label":{"$anyOf":["未复现"]}},{"defect_status":{"$eq":"已关闭"}}]}]},{"module":{"$eq":"{{$context.data.module}}"}}]}},"precision":2,"collection":"defects"} workflowId=350193371250688
[34m2026-02-25 16:50:57 [debug] job added to save list: {"result":0,"status":1,"nodeId":350193371250691,"nodeKey":"je6ex9hwdlz","id":"6978083248700416","createdAt":"2026-02-25T08:50:57.596Z","updatedAt":"2026-02-25T08:50:57.596Z","executionId":350193887150080}[39m workflowId=350193371250688
[32m2026-02-25 16:50:57 [info]  execution (350193887150080) run instruction [aggregate] for node (350193371250691) finished as status: 1[39m workflowId=350193371250688
[34m2026-02-25 16:50:57 [debug] result of node                              [39m 
[34m2026-02-25 16:50:57 [debug] run next node (350193371250697)             [39m 
[32m2026-02-25 16:50:57 [info]  execution (350193887150080) run instruction [update] for node (350193371250697)[39m workflowId=350193371250688
[34m2026-02-25 16:50:57 [debug] config of node                              [39m data={"usingAssignFormSchema":true,"assignFormSchema":{"_isJSONSchemaObject":true,"version":"2.0","name":"z36wx6jbrw9","type":"void","x-component":"Grid","x-initializer":"assignFieldValuesForm:configureFields","properties":{"i1v4kp5ixw1":{"_isJSONSchemaObject":true,"version":"2.0","type":"void","x-component":"Grid.Row","properties":{"m57in1bxqre":{"_isJSONSchemaObject":true,"version":"2.0","type":"void","x-component":"Grid.Col","properties":{"level_1_count":{"_isJSONSchemaObject":true,"version":"2.0","type":"string","name":"level_1_count","x-toolbar":"FormItemSchemaToolbar","x-settings":"fieldSettings:FormItem","x-component":"AssignedField","x-decorator":"FormItem","x-collection-field":"module_summaries.level_1_count"}},"name":"m57in1bxqre"}},"name":"i1v4kp5ixw1"},"28tkyaas4rv":{"_isJSONSchemaObject":true,"version":"2.0","type":"void","x-component":"Grid.Row","properties":{"aubadkxorcs":{"_isJSONSchemaObject":true,"version":"2.0","type":"void","x-component":"Grid.Col","properties":{"level_1_fixed":{"_isJSONSchemaObject":true,"version":"2.0","type":"string","name":"level_1_fixed","x-toolbar":"FormItemSchemaToolbar","x-settings":"fieldSettings:FormItem","x-component":"AssignedField","x-decorator":"FormItem","x-collection-field":"module_summaries.level_1_fixed"}},"name":"aubadkxorcs"}},"name":"28tkyaas4rv"},"87dzfrypjv5":{"_isJSONSchemaObject":true,"version":"2.0","type":"void","x-component":"Grid.Row","properties":{"00u2e0hze8y":{"_isJSONSchemaObject":true,"version":"2.0","type":"void","x-component":"Grid.Col","properties":{"level_2_count":{"_isJSONSchemaObject":true,"version":"2.0","type":"string","name":"level_2_count","x-toolbar":"FormItemSchemaToolbar","x-settings":"fieldSettings:FormItem","x-component":"AssignedField","x-decorator":"FormItem","x-collection-field":"module_summaries.level_2_count"}},"name":"00u2e0hze8y"}},"name":"87dzfrypjv5"},"sr9fb2g83wa":{"_isJSONSchemaObject":true,"version":"2.0","type":"void","x-component":"Grid.Row","properties":{"mctr2nubczg":{"_isJSONSchemaObject":true,"version":"2.0","type":"void","x-component":"Grid.Col","properties":{"level_2_fixed":{"_isJSONSchemaObject":true,"version":"2.0","type":"string","name":"level_2_fixed","x-toolbar":"FormItemSchemaToolbar","x-settings":"fieldSettings:FormItem","x-component":"AssignedField","x-decorator":"FormItem","x-collection-field":"module_summaries.level_2_fixed"}},"name":"mctr2nubczg"}},"name":"sr9fb2g83wa"},"robhdmi5xfc":{"_isJSONSchemaObject":true,"version":"2.0","type":"void","x-component":"Grid.Row","properties":{"d7pyy4ts79k":{"_isJSONSchemaObject":true,"version":"2.0","type":"void","x-component":"Grid.Col","properties":{"level_3_count":{"_isJSONSchemaObject":true,"version":"2.0","type":"string","name":"level_3_count","x-toolbar":"FormItemSchemaToolbar","x-settings":"fieldSettings:FormItem","x-component":"AssignedField","x-decorator":"FormItem","x-collection-field":"module_summaries.level_3_count"}},"name":"d7pyy4ts79k"}},"name":"robhdmi5xfc"},"9ykwa93dd5w":{"_isJSONSchemaObject":true,"version":"2.0","type":"void","x-component":"Grid.Row","properties":{"0nkrxq50w1f":{"_isJSONSchemaObject":true,"version":"2.0","type":"void","x-component":"Grid.Col","properties":{"level_3_fixed":{"_isJSONSchemaObject":true,"version":"2.0","type":"string","name":"level_3_fixed","x-toolbar":"FormItemSchemaToolbar","x-settings":"fieldSettings:FormItem","x-component":"AssignedField","x-decorator":"FormItem","x-collection-field":"module_summaries.level_3_fixed"}},"name":"0nkrxq50w1f"}},"name":"9ykwa93dd5w"}}},"collection":"module_summaries","params":{"individualHooks":false,"filter":{"$and":[{"id":{"$eq":"{{$context.data.module}}"}}]},"values":{"level_1_count":"{{$jobsMapByNodeKey.h14qw1067vw}}","level_1_fixed":"{{$jobsMapByNodeKey.cvcey3i9obe}}","level_2_count":"{{$jobsMapByNodeKey.52k6055vnrg}}","level_2_fixed":"{{$jobsMapByNodeKey.1fpxh7sjq4k}}","level_3_count":"{{$jobsMapByNodeKey.t5m287ao4ea}}","level_3_fixed":"{{$jobsMapByNodeKey.je6ex9hwdlz}}"}}} workflowId=350193371250688
[34m2026-02-25 16:50:57 [debug] job added to save list: {"result":1,"status":1,"nodeId":350193371250697,"nodeKey":"iz8nj3ykg09","id":"6978083282254848","createdAt":"2026-02-25T08:50:57.604Z","updatedAt":"2026-02-25T08:50:57.604Z","executionId":350193887150080}[39m workflowId=350193371250688
[32m2026-02-25 16:50:57 [info]  execution (350193887150080) run instruction [update] for node (350193371250697) finished as status: 1[39m workflowId=350193371250688
[34m2026-02-25 16:50:57 [debug] result of node                              [39m data=1
[34m2026-02-25 16:50:57 [debug] run next node (350193371250690)             [39m 
[32m2026-02-25 16:50:57 [info]  execution (350193887150080) run instruction [update] for node (350193371250690)[39m workflowId=350193371250688
[34m2026-02-25 16:50:57 [debug] config of node                              [39m data={"usingAssignFormSchema":true,"assignFormSchema":{"_isJSONSchemaObject":true,"version":"2.0","name":"dxm873y6jcb","type":"void","x-component":"Grid","x-initializer":"assignFieldValuesForm:configureFields","properties":{"5d2et6fg71w":{"_isJSONSchemaObject":true,"version":"2.0","type":"void","x-component":"Grid.Row","properties":{"t12b4mcfwmq":{"_isJSONSchemaObject":true,"version":"2.0","type":"void","x-component":"Grid.Col","properties":{"total_defect":{"_isJSONSchemaObject":true,"version":"2.0","type":"string","name":"total_defect","x-toolbar":"FormItemSchemaToolbar","x-settings":"fieldSettings:FormItem","x-component":"AssignedField","x-decorator":"FormItem","x-collection-field":"collection_quality.total_defect"}},"name":"t12b4mcfwmq"}},"name":"5d2et6fg71w"}}},"collection":"collection_quality","params":{"individualHooks":false,"filter":{"$and":[{"all_defects":{"module":{"$eq":"{{$context.data.module}}"}}}]},"values":{"total_defect":"{{$jobsMapByNodeKey.hz1h8xku8st}}"}}} workflowId=350193371250688
[34m2026-02-25 16:50:57 [debug] job added to save list: {"result":0,"status":1,"nodeId":350193371250690,"nodeKey":"gm3gklarhf7","id":"6978083320003584","createdAt":"2026-02-25T08:50:57.613Z","updatedAt":"2026-02-25T08:50:57.613Z","executionId":350193887150080}[39m workflowId=350193371250688
[32m2026-02-25 16:50:57 [info]  execution (350193887150080) run instruction [update] for node (350193371250690) finished as status: 1[39m workflowId=350193371250688
[34m2026-02-25 16:50:57 [debug] result of node                              [39m 
[34m2026-02-25 16:50:57 [debug] branch ended at node (350193371250690)      [39m 
[32m2026-02-25 16:50:57 [info]  execution (350193887150080) exiting with status 1[39m workflowId=350193371250688
[32m2026-02-25 16:50:57 [info]  execution (350193887150080) finished with status: 1[39m 
[34m2026-02-25 16:50:57 [debug] execution (350193887150080) details:        [39m execution={"createdAt":"2026-02-25T08:50:57.562Z","id":350193887150080,"updatedAt":"2026-02-25T08:50:57.623Z","key":"y5dhtirx5t1","eventKey":"f4af2c3d-3b1e-4977-b82e-a044c7aa204b","context":{"data":{"createdAt":"2026-02-25T08:50:47.806Z","updatedAt":"2026-02-25T08:50:47.826Z","defect":"图纸错误","defect_rank":"level1","priority":"P1","id":350193866178560,"f_jmazop48q5l":350193782292480,"createdById":1,"updatedById":1,"defect_classification":"历史遗留","module":350193773903872,"label":["历史遗留","已修复"],"defect_status":"已修复"}},"status":1,"dispatched":true,"stack":null,"output":null,"manually":null,"workflowId":350193371250688}
[32m2026-02-25 17:04:31 [info]  toggle OFF workflow 350193371250688         [39m workflowId=350193371250688
[32m2026-02-25 17:04:31 [info]  toggle OFF workflow 350193371250688         [39m workflowId=350193371250688
