[32m2026-02-27 10:49:03 [info]  toggle ON workflow 350510698266624          [39m workflowId=350510698266624
[32m2026-02-27 10:49:41 [info]  new event triggered, now events: 1          [39m 
[34m2026-02-27 10:49:41 [debug] event data:                                 [39m context={"data":{"createdAt":"2026-02-27T02:49:41.663Z","updatedAt":"2026-02-27T02:49:41.666Z","defect_classification":"历史遗留","defect":"图纸显示不全","defect_rank":"level1","priority":"P1","id":350510815707136,"defect_status":"已关闭","module":null,"f_jmazop48q5l":350510771666944,"label":["历史遗留","已修复"],"createdById":1,"updatedById":1,"parent_summary":{"createdAt":"2026-02-27T02:49:20.996Z","updatedAt":"2026-02-27T02:49:20.998Z","owner_id":"nocobase","id":350510771666944,"total_count":null,"tested_count":null,"defect_count":null,"fixed_count":null,"pending_count":null,"loc":null,"kloc":0,"testing_rate":null,"fix_rate":null,"pending_rate":null,"defect_density":null,"total_defect":null,"module_type":"缺陷汇总","createdById":1,"updatedById":1}}}
[32m2026-02-27 10:49:41 [info]  preparing execution for event               [39m 
[32m2026-02-27 10:49:41 [info]  execution of workflow 350510698266624 created as 350510815707137[39m 
[32m2026-02-27 10:49:41 [info]  local pending list is empty, adding execution (350510815707137) to pending list[39m 
[32m2026-02-27 10:49:41 [info]  pending execution (350510815707137) ready to process[39m 
[32m2026-02-27 10:49:41 [info]  execution (350510815707137) starting...     [39m 
[32m2026-02-27 10:49:41 [info]  execution (350510815707137) run instruction [parallel] for node (350510698266630)[39m workflowId=350510698266624
[34m2026-02-27 10:49:41 [debug] config of node                              [39m workflowId=350510698266624
[34m2026-02-27 10:49:41 [debug] job added to save list: {"status":0,"result":[null,null],"nodeId":350510698266630,"nodeKey":"chjc97mlb5y","upstreamId":null,"id":"7611943703565312","createdAt":"2026-02-27T02:49:41.705Z","updatedAt":"2026-02-27T02:49:41.705Z","executionId":350510815707137}[39m workflowId=350510698266624
[32m2026-02-27 10:49:41 [info]  execution (350510815707137) run instruction [aggregate] for node (350510698266632)[39m workflowId=350510698266624
[34m2026-02-27 10:49:41 [debug] config of node                              [39m data={"aggregator":"count","associated":true,"params":{"field":"id","filter":{"$and":[]}},"precision":2,"collection":"defects","association":{"name":"all_defects","associatedKey":"{{$context.data.parent_summary.id}}","associatedCollection":"collection_quality"}} workflowId=350510698266624
[34m2026-02-27 10:49:41 [debug] job added to save list: {"result":1,"status":1,"nodeId":350510698266632,"nodeKey":"ca6c1jxzwq5","id":"7611943716148224","createdAt":"2026-02-27T02:49:41.708Z","updatedAt":"2026-02-27T02:49:41.708Z","executionId":350510815707137}[39m workflowId=350510698266624
[32m2026-02-27 10:49:41 [info]  execution (350510815707137) run instruction [aggregate] for node (350510698266632) finished as status: 1[39m workflowId=350510698266624
[34m2026-02-27 10:49:41 [debug] result of node                              [39m data=1
[34m2026-02-27 10:49:41 [debug] run next node (350510698266625)             [39m 
[32m2026-02-27 10:49:41 [info]  execution (350510815707137) run instruction [update] for node (350510698266625)[39m workflowId=350510698266624
[34m2026-02-27 10:49:41 [debug] config of node                              [39m data={"usingAssignFormSchema":true,"assignFormSchema":{"_isJSONSchemaObject":true,"version":"2.0","name":"0mby4p7m0ow","type":"void","x-component":"Grid","x-initializer":"assignFieldValuesForm:configureFields","properties":{"2wbpfklshda":{"_isJSONSchemaObject":true,"version":"2.0","type":"void","x-component":"Grid.Row","properties":{"ibquc1d6wnd":{"_isJSONSchemaObject":true,"version":"2.0","type":"void","x-component":"Grid.Col","properties":{"total_defect":{"_isJSONSchemaObject":true,"version":"2.0","type":"string","name":"total_defect","x-toolbar":"FormItemSchemaToolbar","x-settings":"fieldSettings:FormItem","x-component":"AssignedField","x-decorator":"FormItem","x-collection-field":"collection_quality.total_defect"}},"name":"ibquc1d6wnd"}},"name":"2wbpfklshda"}}},"collection":"collection_quality","params":{"individualHooks":false,"filter":{"$and":[{"id":{"$eq":"{{$context.data.parent_summary.id}}"}}]},"values":{"total_defect":"{{$jobsMapByNodeKey.ca6c1jxzwq5}}"}}} workflowId=350510698266624
[34m2026-02-27 10:49:41 [debug] job added to save list: {"result":1,"status":1,"nodeId":350510698266625,"nodeKey":"9mun3sl2wtp","id":"7611943749702656","createdAt":"2026-02-27T02:49:41.716Z","updatedAt":"2026-02-27T02:49:41.716Z","executionId":350510815707137}[39m workflowId=350510698266624
[32m2026-02-27 10:49:41 [info]  execution (350510815707137) run instruction [update] for node (350510698266625) finished as status: 1[39m workflowId=350510698266624
[34m2026-02-27 10:49:41 [debug] result of node                              [39m data=1
[34m2026-02-27 10:49:41 [debug] branch ended at node (350510698266625)      [39m 
[34m2026-02-27 10:49:41 [debug] not on main, recall to parent entry node (350510698266625)})[39m workflowId=350510698266624
[32m2026-02-27 10:49:41 [info]  execution (350510815707137) resume instruction [parallel] for node (350510698266630)[39m workflowId=350510698266624
[34m2026-02-27 10:49:41 [debug] config of node                              [39m workflowId=350510698266624
[34m2026-02-27 10:49:41 [debug] job added to save list: {"status":0,"result":[1,null],"nodeId":350510698266630,"nodeKey":"chjc97mlb5y","upstreamId":null,"id":"7611943703565312","createdAt":"2026-02-27T02:49:41.705Z","updatedAt":"2026-02-27T02:49:41.717Z","executionId":350510815707137}[39m workflowId=350510698266624
[32m2026-02-27 10:49:41 [info]  execution (350510815707137) exiting with status 0[39m workflowId=350510698266624
[32m2026-02-27 10:49:41 [info]  execution (350510815707137) run instruction [aggregate] for node (350510698266633)[39m workflowId=350510698266624
[34m2026-02-27 10:49:41 [debug] config of node                              [39m data={"aggregator":"count","associated":false,"params":{"field":"id","filter":{"$and":[{"defect_rank":{"$eq":"level1"}},{"label":{"$noneOf":["功能屏蔽","已拒绝","建议"]}},{"module":{"$eq":"{{$context.data.parent_summary.id}}"}},{"$or":[{"defect_status":{"$ne":"已关闭"}},{"label":{"$noneOf":["申请否决","数据异常","设计如此"]}}]}]}},"precision":2,"collection":"defects"} workflowId=350510698266624
[34m2026-02-27 10:49:41 [debug] job added to save list: {"result":0,"status":1,"nodeId":350510698266633,"nodeKey":"h14qw1067vw","id":"7611943774868480","createdAt":"2026-02-27T02:49:41.722Z","updatedAt":"2026-02-27T02:49:41.722Z","executionId":350510815707137}[39m workflowId=350510698266624
[32m2026-02-27 10:49:41 [info]  execution (350510815707137) run instruction [aggregate] for node (350510698266633) finished as status: 1[39m workflowId=350510698266624
[34m2026-02-27 10:49:41 [debug] result of node                              [39m 
[34m2026-02-27 10:49:41 [debug] run next node (350510698266628)             [39m 
[32m2026-02-27 10:49:41 [info]  execution (350510815707137) run instruction [aggregate] for node (350510698266628)[39m workflowId=350510698266624
[34m2026-02-27 10:49:41 [debug] config of node                              [39m data={"aggregator":"count","associated":false,"params":{"field":"id","filter":{"$and":[{"defect_rank":{"$eq":"level1"}},{"label":{"$noneOf":["功能屏蔽","已拒绝","建议"]}},{"$or":[{"label":{"$anyOf":["已修复","待合并"]}},{"$and":[{"label":{"$anyOf":["未复现"]}},{"defect_status":{"$eq":"已关闭"}}]}]},{"module_ref":{"id":{"$eq":"{{$context.data.parent_summary.id}}"}}},{"$or":[{"defect_status":{"$ne":"已关闭"}},{"label":{"$noneOf":["申请否决","数据异常","设计如此"]}}]}]}},"precision":2,"collection":"defects"} workflowId=350510698266624
[34m2026-02-27 10:49:41 [debug] job added to save list: {"result":0,"status":1,"nodeId":350510698266628,"nodeKey":"cvcey3i9obe","id":"7611943795840000","createdAt":"2026-02-27T02:49:41.727Z","updatedAt":"2026-02-27T02:49:41.727Z","executionId":350510815707137}[39m workflowId=350510698266624
[32m2026-02-27 10:49:41 [info]  execution (350510815707137) run instruction [aggregate] for node (350510698266628) finished as status: 1[39m workflowId=350510698266624
[34m2026-02-27 10:49:41 [debug] result of node                              [39m 
[34m2026-02-27 10:49:41 [debug] run next node (350510698266626)             [39m 
[32m2026-02-27 10:49:41 [info]  execution (350510815707137) run instruction [aggregate] for node (350510698266626)[39m workflowId=350510698266624
[34m2026-02-27 10:49:41 [debug] config of node                              [39m data={"aggregator":"count","associated":false,"params":{"field":"id","filter":{"$and":[{"defect_rank":{"$eq":"level1"}},{"module_ref":{"id":{"$eq":"{{$context.data.parent_summary.id}}"}}},{"$or":[{"defect":{"$includes":"退"}},{"defect":{"$includes":"回退"}},{"defect":{"$includes":"倒退"}}]}]}},"precision":2,"collection":"defects"} workflowId=350510698266624
[34m2026-02-27 10:49:41 [debug] job added to save list: {"result":0,"status":1,"nodeId":350510698266626,"nodeKey":"9euqanxv5ca","id":"7611943808422912","createdAt":"2026-02-27T02:49:41.730Z","updatedAt":"2026-02-27T02:49:41.730Z","executionId":350510815707137}[39m workflowId=350510698266624
[32m2026-02-27 10:49:41 [info]  execution (350510815707137) run instruction [aggregate] for node (350510698266626) finished as status: 1[39m workflowId=350510698266624
[34m2026-02-27 10:49:41 [debug] result of node                              [39m 
[34m2026-02-27 10:49:41 [debug] run next node (350510698266631)             [39m 
[32m2026-02-27 10:49:41 [info]  execution (350510815707137) run instruction [aggregate] for node (350510698266631)[39m workflowId=350510698266624
[34m2026-02-27 10:49:41 [debug] config of node                              [39m data={"aggregator":"count","associated":false,"params":{"field":"id","filter":{"$and":[{"defect_rank":{"$eq":"level1"}},{"module_ref":{"id":{"$eq":"{{$context.data.parent_summary.id}}"}}},{"$or":[{"defect":{"$includes":"挂机"}}]}]}},"precision":2,"collection":"defects"} workflowId=350510698266624
[34m2026-02-27 10:49:41 [debug] job added to save list: {"result":0,"status":1,"nodeId":350510698266631,"nodeKey":"cjybahnz5qh","id":"7611943825200128","createdAt":"2026-02-27T02:49:41.734Z","updatedAt":"2026-02-27T02:49:41.734Z","executionId":350510815707137}[39m workflowId=350510698266624
[32m2026-02-27 10:49:41 [info]  execution (350510815707137) run instruction [aggregate] for node (350510698266631) finished as status: 1[39m workflowId=350510698266624
[34m2026-02-27 10:49:41 [debug] result of node                              [39m 
[34m2026-02-27 10:49:41 [debug] run next node (350510698266627)             [39m 
[32m2026-02-27 10:49:41 [info]  execution (350510815707137) run instruction [aggregate] for node (350510698266627)[39m workflowId=350510698266624
[34m2026-02-27 10:49:41 [debug] config of node                              [39m data={"aggregator":"count","associated":false,"params":{"field":"id","filter":{"$and":[{"defect_rank":{"$eq":"level1"}},{"defect":{"$notIncludes":"退"}},{"defect":{"$notIncludes":"回退"}},{"defect":{"$notIncludes":"倒退"}},{"defect":{"$notIncludes":"挂机"}},{"module_ref":{"id":{"$eq":"{{$context.data.parent_summary.id}}"}}}]}},"precision":2,"collection":"defects"} workflowId=350510698266624
[34m2026-02-27 10:49:41 [debug] job added to save list: {"result":0,"status":1,"nodeId":350510698266627,"nodeKey":"4lo6zk22j0o","id":"7611943837783040","createdAt":"2026-02-27T02:49:41.737Z","updatedAt":"2026-02-27T02:49:41.737Z","executionId":350510815707137}[39m workflowId=350510698266624
[32m2026-02-27 10:49:41 [info]  execution (350510815707137) run instruction [aggregate] for node (350510698266627) finished as status: 1[39m workflowId=350510698266624
[34m2026-02-27 10:49:41 [debug] result of node                              [39m 
[34m2026-02-27 10:49:41 [debug] run next node (350510698266629)             [39m 
[32m2026-02-27 10:49:41 [info]  execution (350510815707137) run instruction [update] for node (350510698266629)[39m workflowId=350510698266624
[34m2026-02-27 10:49:41 [debug] config of node                              [39m data={"usingAssignFormSchema":true,"assignFormSchema":{"_isJSONSchemaObject":true,"version":"2.0","name":"z36wx6jbrw9","type":"void","x-component":"Grid","x-initializer":"assignFieldValuesForm:configureFields","properties":{"i1v4kp5ixw1":{"_isJSONSchemaObject":true,"version":"2.0","type":"void","x-component":"Grid.Row","properties":{"m57in1bxqre":{"_isJSONSchemaObject":true,"version":"2.0","type":"void","x-component":"Grid.Col","properties":{"level_1_count":{"_isJSONSchemaObject":true,"version":"2.0","type":"string","name":"level_1_count","x-toolbar":"FormItemSchemaToolbar","x-settings":"fieldSettings:FormItem","x-component":"AssignedField","x-decorator":"FormItem","x-collection-field":"module_summaries.level_1_count"}},"name":"m57in1bxqre"}},"name":"i1v4kp5ixw1"},"28tkyaas4rv":{"_isJSONSchemaObject":true,"version":"2.0","type":"void","x-component":"Grid.Row","properties":{"aubadkxorcs":{"_isJSONSchemaObject":true,"version":"2.0","type":"void","x-component":"Grid.Col","properties":{"level_1_fixed":{"_isJSONSchemaObject":true,"version":"2.0","type":"string","name":"level_1_fixed","x-toolbar":"FormItemSchemaToolbar","x-settings":"fieldSettings:FormItem","x-component":"AssignedField","x-decorator":"FormItem","x-collection-field":"module_summaries.level_1_fixed"}},"name":"aubadkxorcs"}},"name":"28tkyaas4rv"},"fu8kv0w5z47":{"_isJSONSchemaObject":true,"version":"2.0","type":"void","x-component":"Grid.Row","properties":{"1x2em2n84pv":{"_isJSONSchemaObject":true,"version":"2.0","type":"void","x-component":"Grid.Col","properties":{"level_1_rollback":{"_isJSONSchemaObject":true,"version":"2.0","type":"string","name":"level_1_rollback","x-toolbar":"FormItemSchemaToolbar","x-settings":"fieldSettings:FormItem","x-component":"AssignedField","x-decorator":"FormItem","x-collection-field":"module_summaries.level_1_rollback"}},"name":"1x2em2n84pv"}},"name":"fu8kv0w5z47"},"fn94zey6970":{"_isJSONSchemaObject":true,"version":"2.0","type":"void","x-component":"Grid.Row","properties":{"tau5pd0qijj":{"_isJSONSchemaObject":true,"version":"2.0","type":"void","x-component":"Grid.Col","properties":{"level_1_hang":{"_isJSONSchemaObject":true,"version":"2.0","type":"string","name":"level_1_hang","x-toolbar":"FormItemSchemaToolbar","x-settings":"fieldSettings:FormItem","x-component":"AssignedField","x-decorator":"FormItem","x-collection-field":"module_summaries.level_1_hang"}},"name":"tau5pd0qijj"}},"name":"fn94zey6970"},"55otefoyoa5":{"_isJSONSchemaObject":true,"version":"2.0","type":"void","x-component":"Grid.Row","properties":{"zk7n0j78ve2":{"_isJSONSchemaObject":true,"version":"2.0","type":"void","x-component":"Grid.Col","properties":{"level_1_other":{"_isJSONSchemaObject":true,"version":"2.0","type":"string","name":"level_1_other","x-toolbar":"FormItemSchemaToolbar","x-settings":"fieldSettings:FormItem","x-component":"AssignedField","x-decorator":"FormItem","x-collection-field":"module_summaries.level_1_other"}},"name":"zk7n0j78ve2"}},"name":"55otefoyoa5"}}},"collection":"module_summaries","params":{"individualHooks":false,"filter":{"$and":[{"id":{"$eq":"{{$context.data.parent_summary.id}}"}}]},"values":{"level_1_count":"{{$jobsMapByNodeKey.h14qw1067vw}}","level_1_fixed":"{{$jobsMapByNodeKey.cvcey3i9obe}}","level_1_rollback":"{{$jobsMapByNodeKey.9euqanxv5ca}}","level_1_hang":"{{$jobsMapByNodeKey.cjybahnz5qh}}","level_1_other":"{{$jobsMapByNodeKey.4lo6zk22j0o}}"}}} workflowId=350510698266624
[34m2026-02-27 10:49:41 [debug] job added to save list: {"result":0,"status":1,"nodeId":350510698266629,"nodeKey":"iz8nj3ykg09","id":"7611943858754560","createdAt":"2026-02-27T02:49:41.742Z","updatedAt":"2026-02-27T02:49:41.742Z","executionId":350510815707137}[39m workflowId=350510698266624
[32m2026-02-27 10:49:41 [info]  execution (350510815707137) run instruction [update] for node (350510698266629) finished as status: 1[39m workflowId=350510698266624
[34m2026-02-27 10:49:41 [debug] result of node                              [39m 
[34m2026-02-27 10:49:41 [debug] branch ended at node (350510698266629)      [39m 
[34m2026-02-27 10:49:41 [debug] not on main, recall to parent entry node (350510698266629)})[39m workflowId=350510698266624
[32m2026-02-27 10:49:41 [info]  execution (350510815707137) resume instruction [parallel] for node (350510698266630)[39m workflowId=350510698266624
[34m2026-02-27 10:49:41 [debug] config of node                              [39m workflowId=350510698266624
[34m2026-02-27 10:49:41 [debug] job added to save list: {"status":1,"result":[1,1],"nodeId":350510698266630,"nodeKey":"chjc97mlb5y","upstreamId":null,"id":"7611943703565312","createdAt":"2026-02-27T02:49:41.705Z","updatedAt":"2026-02-27T02:49:41.717Z","executionId":350510815707137}[39m workflowId=350510698266624
[32m2026-02-27 10:49:41 [info]  execution (350510815707137) run instruction [parallel] for node (350510698266630) finished as status: 1[39m workflowId=350510698266624
[34m2026-02-27 10:49:41 [debug] result of node                              [39m data=[1,1]
[34m2026-02-27 10:49:41 [debug] branch ended at node (350510698266630)      [39m 
[32m2026-02-27 10:49:41 [info]  execution (350510815707137) exiting with status 1[39m workflowId=350510698266624
[32m2026-02-27 10:49:41 [info]  execution (350510815707137) finished with status: 1[39m 
[34m2026-02-27 10:49:41 [debug] execution (350510815707137) details:        [39m execution={"createdAt":"2026-02-27T02:49:41.685Z","id":350510815707137,"updatedAt":"2026-02-27T02:49:41.746Z","key":"f3xyuzoxb0b","eventKey":"767283d3-1895-442b-a0d6-3564872d8d1b","context":{"data":{"createdAt":"2026-02-27T02:49:41.663Z","updatedAt":"2026-02-27T02:49:41.666Z","defect_classification":"历史遗留","defect":"图纸显示不全","defect_rank":"level1","priority":"P1","id":350510815707136,"defect_status":"已关闭","module":null,"f_jmazop48q5l":350510771666944,"label":["历史遗留","已修复"],"createdById":1,"updatedById":1,"parent_summary":{"createdAt":"2026-02-27T02:49:20.996Z","updatedAt":"2026-02-27T02:49:20.998Z","owner_id":"nocobase","id":350510771666944,"total_count":null,"tested_count":null,"defect_count":null,"fixed_count":null,"pending_count":null,"loc":null,"kloc":0,"testing_rate":null,"fix_rate":null,"pending_rate":null,"defect_density":null,"total_defect":null,"module_type":"缺陷汇总","createdById":1,"updatedById":1}}},"status":1,"dispatched":true,"stack":null,"output":null,"manually":null,"workflowId":350510698266624}
[32m2026-02-27 10:49:58 [info]  new event triggered, now events: 1          [39m 
[34m2026-02-27 10:49:58 [debug] event data:                                 [39m context={"data":{"createdAt":"2026-02-27T02:49:58.615Z","updatedAt":"2026-02-27T02:49:58.618Z","defect_classification":"其他","defect":"图纸错误","defect_rank":"level1","priority":"P1","id":350510851358720,"defect_status":"已关闭","module":null,"f_jmazop48q5l":350510771666944,"label":["已修复"],"createdById":1,"updatedById":1,"parent_summary":{"createdAt":"2026-02-27T02:49:20.996Z","updatedAt":"2026-02-27T02:49:41.711Z","owner_id":"nocobase","id":350510771666944,"total_count":null,"tested_count":null,"defect_count":null,"fixed_count":null,"pending_count":null,"loc":null,"kloc":0,"testing_rate":null,"fix_rate":null,"pending_rate":null,"defect_density":null,"total_defect":1,"module_type":"缺陷汇总","createdById":1,"updatedById":1}}}
[32m2026-02-27 10:49:58 [info]  preparing execution for event               [39m 
[32m2026-02-27 10:49:58 [info]  execution of workflow 350510698266624 created as 350510851358721[39m 
[32m2026-02-27 10:49:58 [info]  local pending list is empty, adding execution (350510851358721) to pending list[39m 
[32m2026-02-27 10:49:58 [info]  pending execution (350510851358721) ready to process[39m 
[32m2026-02-27 10:49:58 [info]  execution (350510851358721) starting...     [39m 
[32m2026-02-27 10:49:58 [info]  execution (350510851358721) run instruction [parallel] for node (350510698266630)[39m workflowId=350510698266624
[34m2026-02-27 10:49:58 [debug] config of node                              [39m workflowId=350510698266624
[34m2026-02-27 10:49:58 [debug] job added to save list: {"status":0,"result":[null,null],"nodeId":350510698266630,"nodeKey":"chjc97mlb5y","upstreamId":null,"id":"7612014864126976","createdAt":"2026-02-27T02:49:58.671Z","updatedAt":"2026-02-27T02:49:58.671Z","executionId":350510851358721}[39m workflowId=350510698266624
[32m2026-02-27 10:49:58 [info]  execution (350510851358721) run instruction [aggregate] for node (350510698266632)[39m workflowId=350510698266624
[34m2026-02-27 10:49:58 [debug] config of node                              [39m data={"aggregator":"count","associated":true,"params":{"field":"id","filter":{"$and":[]}},"precision":2,"collection":"defects","association":{"name":"all_defects","associatedKey":"{{$context.data.parent_summary.id}}","associatedCollection":"collection_quality"}} workflowId=350510698266624
[34m2026-02-27 10:49:58 [debug] job added to save list: {"result":2,"status":1,"nodeId":350510698266632,"nodeKey":"ca6c1jxzwq5","id":"7612014872515584","createdAt":"2026-02-27T02:49:58.673Z","updatedAt":"2026-02-27T02:49:58.673Z","executionId":350510851358721}[39m workflowId=350510698266624
[32m2026-02-27 10:49:58 [info]  execution (350510851358721) run instruction [aggregate] for node (350510698266632) finished as status: 1[39m workflowId=350510698266624
[34m2026-02-27 10:49:58 [debug] result of node                              [39m data=2
[34m2026-02-27 10:49:58 [debug] run next node (350510698266625)             [39m 
[32m2026-02-27 10:49:58 [info]  execution (350510851358721) run instruction [update] for node (350510698266625)[39m workflowId=350510698266624
[34m2026-02-27 10:49:58 [debug] config of node                              [39m data={"usingAssignFormSchema":true,"assignFormSchema":{"_isJSONSchemaObject":true,"version":"2.0","name":"0mby4p7m0ow","type":"void","x-component":"Grid","x-initializer":"assignFieldValuesForm:configureFields","properties":{"2wbpfklshda":{"_isJSONSchemaObject":true,"version":"2.0","type":"void","x-component":"Grid.Row","properties":{"ibquc1d6wnd":{"_isJSONSchemaObject":true,"version":"2.0","type":"void","x-component":"Grid.Col","properties":{"total_defect":{"_isJSONSchemaObject":true,"version":"2.0","type":"string","name":"total_defect","x-toolbar":"FormItemSchemaToolbar","x-settings":"fieldSettings:FormItem","x-component":"AssignedField","x-decorator":"FormItem","x-collection-field":"collection_quality.total_defect"}},"name":"ibquc1d6wnd"}},"name":"2wbpfklshda"}}},"collection":"collection_quality","params":{"individualHooks":false,"filter":{"$and":[{"id":{"$eq":"{{$context.data.parent_summary.id}}"}}]},"values":{"total_defect":"{{$jobsMapByNodeKey.ca6c1jxzwq5}}"}}} workflowId=350510698266624
[34m2026-02-27 10:49:58 [debug] job added to save list: {"result":1,"status":1,"nodeId":350510698266625,"nodeKey":"9mun3sl2wtp","id":"7612014914458624","createdAt":"2026-02-27T02:49:58.683Z","updatedAt":"2026-02-27T02:49:58.683Z","executionId":350510851358721}[39m workflowId=350510698266624
[32m2026-02-27 10:49:58 [info]  execution (350510851358721) run instruction [update] for node (350510698266625) finished as status: 1[39m workflowId=350510698266624
[34m2026-02-27 10:49:58 [debug] result of node                              [39m data=1
[34m2026-02-27 10:49:58 [debug] branch ended at node (350510698266625)      [39m 
[34m2026-02-27 10:49:58 [debug] not on main, recall to parent entry node (350510698266625)})[39m workflowId=350510698266624
[32m2026-02-27 10:49:58 [info]  execution (350510851358721) resume instruction [parallel] for node (350510698266630)[39m workflowId=350510698266624
[34m2026-02-27 10:49:58 [debug] config of node                              [39m workflowId=350510698266624
[34m2026-02-27 10:49:58 [debug] job added to save list: {"status":0,"result":[1,null],"nodeId":350510698266630,"nodeKey":"chjc97mlb5y","upstreamId":null,"id":"7612014864126976","createdAt":"2026-02-27T02:49:58.671Z","updatedAt":"2026-02-27T02:49:58.684Z","executionId":350510851358721}[39m workflowId=350510698266624
[32m2026-02-27 10:49:58 [info]  execution (350510851358721) exiting with status 0[39m workflowId=350510698266624
[32m2026-02-27 10:49:58 [info]  execution (350510851358721) run instruction [aggregate] for node (350510698266633)[39m workflowId=350510698266624
[34m2026-02-27 10:49:58 [debug] config of node                              [39m data={"aggregator":"count","associated":false,"params":{"field":"id","filter":{"$and":[{"defect_rank":{"$eq":"level1"}},{"label":{"$noneOf":["功能屏蔽","已拒绝","建议"]}},{"module":{"$eq":"{{$context.data.parent_summary.id}}"}},{"$or":[{"defect_status":{"$ne":"已关闭"}},{"label":{"$noneOf":["申请否决","数据异常","设计如此"]}}]}]}},"precision":2,"collection":"defects"} workflowId=350510698266624
[34m2026-02-27 10:49:58 [debug] job added to save list: {"result":0,"status":1,"nodeId":350510698266633,"nodeKey":"h14qw1067vw","id":"7612014943818752","createdAt":"2026-02-27T02:49:58.690Z","updatedAt":"2026-02-27T02:49:58.690Z","executionId":350510851358721}[39m workflowId=350510698266624
[32m2026-02-27 10:49:58 [info]  execution (350510851358721) run instruction [aggregate] for node (350510698266633) finished as status: 1[39m workflowId=350510698266624
[34m2026-02-27 10:49:58 [debug] result of node                              [39m 
[34m2026-02-27 10:49:58 [debug] run next node (350510698266628)             [39m 
[32m2026-02-27 10:49:58 [info]  execution (350510851358721) run instruction [aggregate] for node (350510698266628)[39m workflowId=350510698266624
[34m2026-02-27 10:49:58 [debug] config of node                              [39m data={"aggregator":"count","associated":false,"params":{"field":"id","filter":{"$and":[{"defect_rank":{"$eq":"level1"}},{"label":{"$noneOf":["功能屏蔽","已拒绝","建议"]}},{"$or":[{"label":{"$anyOf":["已修复","待合并"]}},{"$and":[{"label":{"$anyOf":["未复现"]}},{"defect_status":{"$eq":"已关闭"}}]}]},{"module_ref":{"id":{"$eq":"{{$context.data.parent_summary.id}}"}}},{"$or":[{"defect_status":{"$ne":"已关闭"}},{"label":{"$noneOf":["申请否决","数据异常","设计如此"]}}]}]}},"precision":2,"collection":"defects"} workflowId=350510698266624
[34m2026-02-27 10:49:58 [debug] job added to save list: {"result":0,"status":1,"nodeId":350510698266628,"nodeKey":"cvcey3i9obe","id":"7612014960595968","createdAt":"2026-02-27T02:49:58.694Z","updatedAt":"2026-02-27T02:49:58.694Z","executionId":350510851358721}[39m workflowId=350510698266624
[32m2026-02-27 10:49:58 [info]  execution (350510851358721) run instruction [aggregate] for node (350510698266628) finished as status: 1[39m workflowId=350510698266624
[34m2026-02-27 10:49:58 [debug] result of node                              [39m 
[34m2026-02-27 10:49:58 [debug] run next node (350510698266626)             [39m 
[32m2026-02-27 10:49:58 [info]  execution (350510851358721) run instruction [aggregate] for node (350510698266626)[39m workflowId=350510698266624
[34m2026-02-27 10:49:58 [debug] config of node                              [39m data={"aggregator":"count","associated":false,"params":{"field":"id","filter":{"$and":[{"defect_rank":{"$eq":"level1"}},{"module_ref":{"id":{"$eq":"{{$context.data.parent_summary.id}}"}}},{"$or":[{"defect":{"$includes":"退"}},{"defect":{"$includes":"回退"}},{"defect":{"$includes":"倒退"}}]}]}},"precision":2,"collection":"defects"} workflowId=350510698266624
[34m2026-02-27 10:49:58 [debug] job added to save list: {"result":0,"status":1,"nodeId":350510698266626,"nodeKey":"9euqanxv5ca","id":"7612014981567488","createdAt":"2026-02-27T02:49:58.699Z","updatedAt":"2026-02-27T02:49:58.699Z","executionId":350510851358721}[39m workflowId=350510698266624
[32m2026-02-27 10:49:58 [info]  execution (350510851358721) run instruction [aggregate] for node (350510698266626) finished as status: 1[39m workflowId=350510698266624
[34m2026-02-27 10:49:58 [debug] result of node                              [39m 
[34m2026-02-27 10:49:58 [debug] run next node (350510698266631)             [39m 
[32m2026-02-27 10:49:58 [info]  execution (350510851358721) run instruction [aggregate] for node (350510698266631)[39m workflowId=350510698266624
[34m2026-02-27 10:49:58 [debug] config of node                              [39m data={"aggregator":"count","associated":false,"params":{"field":"id","filter":{"$and":[{"defect_rank":{"$eq":"level1"}},{"module_ref":{"id":{"$eq":"{{$context.data.parent_summary.id}}"}}},{"$or":[{"defect":{"$includes":"挂机"}}]}]}},"precision":2,"collection":"defects"} workflowId=350510698266624
[34m2026-02-27 10:49:58 [debug] job added to save list: {"result":0,"status":1,"nodeId":350510698266631,"nodeKey":"cjybahnz5qh","id":"7612014994150400","createdAt":"2026-02-27T02:49:58.702Z","updatedAt":"2026-02-27T02:49:58.702Z","executionId":350510851358721}[39m workflowId=350510698266624
[32m2026-02-27 10:49:58 [info]  execution (350510851358721) run instruction [aggregate] for node (350510698266631) finished as status: 1[39m workflowId=350510698266624
[34m2026-02-27 10:49:58 [debug] result of node                              [39m 
[34m2026-02-27 10:49:58 [debug] run next node (350510698266627)             [39m 
[32m2026-02-27 10:49:58 [info]  execution (350510851358721) run instruction [aggregate] for node (350510698266627)[39m workflowId=350510698266624
[34m2026-02-27 10:49:58 [debug] config of node                              [39m data={"aggregator":"count","associated":false,"params":{"field":"id","filter":{"$and":[{"defect_rank":{"$eq":"level1"}},{"defect":{"$notIncludes":"退"}},{"defect":{"$notIncludes":"回退"}},{"defect":{"$notIncludes":"倒退"}},{"defect":{"$notIncludes":"挂机"}},{"module_ref":{"id":{"$eq":"{{$context.data.parent_summary.id}}"}}}]}},"precision":2,"collection":"defects"} workflowId=350510698266624
[34m2026-02-27 10:49:58 [debug] job added to save list: {"result":0,"status":1,"nodeId":350510698266627,"nodeKey":"4lo6zk22j0o","id":"7612015006733312","createdAt":"2026-02-27T02:49:58.705Z","updatedAt":"2026-02-27T02:49:58.705Z","executionId":350510851358721}[39m workflowId=350510698266624
[32m2026-02-27 10:49:58 [info]  execution (350510851358721) run instruction [aggregate] for node (350510698266627) finished as status: 1[39m workflowId=350510698266624
[34m2026-02-27 10:49:58 [debug] result of node                              [39m 
[34m2026-02-27 10:49:58 [debug] run next node (350510698266629)             [39m 
[32m2026-02-27 10:49:58 [info]  execution (350510851358721) run instruction [update] for node (350510698266629)[39m workflowId=350510698266624
[34m2026-02-27 10:49:58 [debug] config of node                              [39m data={"usingAssignFormSchema":true,"assignFormSchema":{"_isJSONSchemaObject":true,"version":"2.0","name":"z36wx6jbrw9","type":"void","x-component":"Grid","x-initializer":"assignFieldValuesForm:configureFields","properties":{"i1v4kp5ixw1":{"_isJSONSchemaObject":true,"version":"2.0","type":"void","x-component":"Grid.Row","properties":{"m57in1bxqre":{"_isJSONSchemaObject":true,"version":"2.0","type":"void","x-component":"Grid.Col","properties":{"level_1_count":{"_isJSONSchemaObject":true,"version":"2.0","type":"string","name":"level_1_count","x-toolbar":"FormItemSchemaToolbar","x-settings":"fieldSettings:FormItem","x-component":"AssignedField","x-decorator":"FormItem","x-collection-field":"module_summaries.level_1_count"}},"name":"m57in1bxqre"}},"name":"i1v4kp5ixw1"},"28tkyaas4rv":{"_isJSONSchemaObject":true,"version":"2.0","type":"void","x-component":"Grid.Row","properties":{"aubadkxorcs":{"_isJSONSchemaObject":true,"version":"2.0","type":"void","x-component":"Grid.Col","properties":{"level_1_fixed":{"_isJSONSchemaObject":true,"version":"2.0","type":"string","name":"level_1_fixed","x-toolbar":"FormItemSchemaToolbar","x-settings":"fieldSettings:FormItem","x-component":"AssignedField","x-decorator":"FormItem","x-collection-field":"module_summaries.level_1_fixed"}},"name":"aubadkxorcs"}},"name":"28tkyaas4rv"},"fu8kv0w5z47":{"_isJSONSchemaObject":true,"version":"2.0","type":"void","x-component":"Grid.Row","properties":{"1x2em2n84pv":{"_isJSONSchemaObject":true,"version":"2.0","type":"void","x-component":"Grid.Col","properties":{"level_1_rollback":{"_isJSONSchemaObject":true,"version":"2.0","type":"string","name":"level_1_rollback","x-toolbar":"FormItemSchemaToolbar","x-settings":"fieldSettings:FormItem","x-component":"AssignedField","x-decorator":"FormItem","x-collection-field":"module_summaries.level_1_rollback"}},"name":"1x2em2n84pv"}},"name":"fu8kv0w5z47"},"fn94zey6970":{"_isJSONSchemaObject":true,"version":"2.0","type":"void","x-component":"Grid.Row","properties":{"tau5pd0qijj":{"_isJSONSchemaObject":true,"version":"2.0","type":"void","x-component":"Grid.Col","properties":{"level_1_hang":{"_isJSONSchemaObject":true,"version":"2.0","type":"string","name":"level_1_hang","x-toolbar":"FormItemSchemaToolbar","x-settings":"fieldSettings:FormItem","x-component":"AssignedField","x-decorator":"FormItem","x-collection-field":"module_summaries.level_1_hang"}},"name":"tau5pd0qijj"}},"name":"fn94zey6970"},"55otefoyoa5":{"_isJSONSchemaObject":true,"version":"2.0","type":"void","x-component":"Grid.Row","properties":{"zk7n0j78ve2":{"_isJSONSchemaObject":true,"version":"2.0","type":"void","x-component":"Grid.Col","properties":{"level_1_other":{"_isJSONSchemaObject":true,"version":"2.0","type":"string","name":"level_1_other","x-toolbar":"FormItemSchemaToolbar","x-settings":"fieldSettings:FormItem","x-component":"AssignedField","x-decorator":"FormItem","x-collection-field":"module_summaries.level_1_other"}},"name":"zk7n0j78ve2"}},"name":"55otefoyoa5"}}},"collection":"module_summaries","params":{"individualHooks":false,"filter":{"$and":[{"id":{"$eq":"{{$context.data.parent_summary.id}}"}}]},"values":{"level_1_count":"{{$jobsMapByNodeKey.h14qw1067vw}}","level_1_fixed":"{{$jobsMapByNodeKey.cvcey3i9obe}}","level_1_rollback":"{{$jobsMapByNodeKey.9euqanxv5ca}}","level_1_hang":"{{$jobsMapByNodeKey.cjybahnz5qh}}","level_1_other":"{{$jobsMapByNodeKey.4lo6zk22j0o}}"}}} workflowId=350510698266624
[34m2026-02-27 10:49:58 [debug] job added to save list: {"result":0,"status":1,"nodeId":350510698266629,"nodeKey":"iz8nj3ykg09","id":"7612015019316224","createdAt":"2026-02-27T02:49:58.708Z","updatedAt":"2026-02-27T02:49:58.708Z","executionId":350510851358721}[39m workflowId=350510698266624
[32m2026-02-27 10:49:58 [info]  execution (350510851358721) run instruction [update] for node (350510698266629) finished as status: 1[39m workflowId=350510698266624
[34m2026-02-27 10:49:58 [debug] result of node                              [39m 
[34m2026-02-27 10:49:58 [debug] branch ended at node (350510698266629)      [39m 
[34m2026-02-27 10:49:58 [debug] not on main, recall to parent entry node (350510698266629)})[39m workflowId=350510698266624
[32m2026-02-27 10:49:58 [info]  execution (350510851358721) resume instruction [parallel] for node (350510698266630)[39m workflowId=350510698266624
[34m2026-02-27 10:49:58 [debug] config of node                              [39m workflowId=350510698266624
[34m2026-02-27 10:49:58 [debug] job added to save list: {"status":1,"result":[1,1],"nodeId":350510698266630,"nodeKey":"chjc97mlb5y","upstreamId":null,"id":"7612014864126976","createdAt":"2026-02-27T02:49:58.671Z","updatedAt":"2026-02-27T02:49:58.684Z","executionId":350510851358721}[39m workflowId=350510698266624
[32m2026-02-27 10:49:58 [info]  execution (350510851358721) run instruction [parallel] for node (350510698266630) finished as status: 1[39m workflowId=350510698266624
[34m2026-02-27 10:49:58 [debug] result of node                              [39m data=[1,1]
[34m2026-02-27 10:49:58 [debug] branch ended at node (350510698266630)      [39m 
[32m2026-02-27 10:49:58 [info]  execution (350510851358721) exiting with status 1[39m workflowId=350510698266624
[32m2026-02-27 10:49:58 [info]  execution (350510851358721) finished with status: 1[39m 
[34m2026-02-27 10:49:58 [debug] execution (350510851358721) details:        [39m execution={"createdAt":"2026-02-27T02:49:58.632Z","id":350510851358721,"updatedAt":"2026-02-27T02:49:58.713Z","key":"f3xyuzoxb0b","eventKey":"05dfbffd-b54c-4c67-891d-763661ff1fcd","context":{"data":{"createdAt":"2026-02-27T02:49:58.615Z","updatedAt":"2026-02-27T02:49:58.618Z","defect_classification":"其他","defect":"图纸错误","defect_rank":"level1","priority":"P1","id":350510851358720,"defect_status":"已关闭","module":null,"f_jmazop48q5l":350510771666944,"label":["已修复"],"createdById":1,"updatedById":1,"parent_summary":{"createdAt":"2026-02-27T02:49:20.996Z","updatedAt":"2026-02-27T02:49:41.711Z","owner_id":"nocobase","id":350510771666944,"total_count":null,"tested_count":null,"defect_count":null,"fixed_count":null,"pending_count":null,"loc":null,"kloc":0,"testing_rate":null,"fix_rate":null,"pending_rate":null,"defect_density":null,"total_defect":1,"module_type":"缺陷汇总","createdById":1,"updatedById":1}}},"status":1,"dispatched":true,"stack":null,"output":null,"manually":null,"workflowId":350510698266624}
[32m2026-02-27 10:51:08 [info]  toggle OFF workflow 350510698266624         [39m workflowId=350510698266624
[32m2026-02-27 10:51:08 [info]  toggle OFF workflow 350510698266624         [39m workflowId=350510698266624
