[32m2026-02-27 11:33:15 [info]  toggle ON workflow 350515892912128          [39m workflowId=350515892912128
[32m2026-02-27 11:34:07 [info]  new event triggered, now events: 1          [39m 
[34m2026-02-27 11:34:07 [debug] event data:                                 [39m context={"data":{"createdAt":"2026-02-27T03:34:07.101Z","updatedAt":"2026-02-27T03:34:07.104Z","defect_classification":"其他","defect":"图纸显示不全","defect_rank":"level1","priority":"P1","id":350516406714368,"defect_status":"已关闭","module":null,"f_jmazop48q5l":350516358479872,"label":["已修复"],"createdById":1,"updatedById":1,"parent_summary":{"createdAt":"2026-02-27T03:33:44.197Z","updatedAt":"2026-02-27T03:33:44.199Z","owner_id":"nocobase","id":350516358479872,"total_count":null,"tested_count":null,"defect_count":null,"fixed_count":null,"pending_count":null,"loc":null,"kloc":0,"testing_rate":null,"fix_rate":null,"pending_rate":null,"defect_density":null,"total_defect":null,"module_type":"缺陷汇总","createdById":1,"updatedById":1}}}
[32m2026-02-27 11:34:07 [info]  preparing execution for event               [39m 
[32m2026-02-27 11:34:07 [info]  execution of workflow 350515892912128 created as 350516406714369[39m 
[32m2026-02-27 11:34:07 [info]  local pending list is empty, adding execution (350516406714369) to pending list[39m 
[32m2026-02-27 11:34:07 [info]  pending execution (350516406714369) ready to process[39m 
[32m2026-02-27 11:34:07 [info]  execution (350516406714369) starting...     [39m 
[32m2026-02-27 11:34:07 [info]  execution (350516406714369) run instruction [parallel] for node (350515892912129)[39m workflowId=350515892912128
[34m2026-02-27 11:34:07 [debug] config of node                              [39m workflowId=350515892912128
[34m2026-02-27 11:34:07 [debug] job added to save list: {"status":0,"result":[null,null],"nodeId":350515892912129,"nodeKey":"chjc97mlb5y","upstreamId":null,"id":"7623123432133632","createdAt":"2026-02-27T03:34:07.160Z","updatedAt":"2026-02-27T03:34:07.160Z","executionId":350516406714369}[39m workflowId=350515892912128
[32m2026-02-27 11:34:07 [info]  execution (350516406714369) run instruction [aggregate] for node (350515892912137)[39m workflowId=350515892912128
[34m2026-02-27 11:34:07 [debug] config of node                              [39m data={"aggregator":"count","associated":true,"params":{"field":"id","filter":{"$and":[]}},"precision":2,"collection":"defects","association":{"name":"all_defects","associatedKey":"{{$context.data.parent_summary.id}}","associatedCollection":"collection_quality"}} workflowId=350515892912128
[34m2026-02-27 11:34:07 [debug] job added to save list: {"result":1,"status":1,"nodeId":350515892912137,"nodeKey":"ca6c1jxzwq5","id":"7623123440522240","createdAt":"2026-02-27T03:34:07.162Z","updatedAt":"2026-02-27T03:34:07.162Z","executionId":350516406714369}[39m workflowId=350515892912128
[32m2026-02-27 11:34:07 [info]  execution (350516406714369) run instruction [aggregate] for node (350515892912137) finished as status: 1[39m workflowId=350515892912128
[34m2026-02-27 11:34:07 [debug] result of node                              [39m data=1
[34m2026-02-27 11:34:07 [debug] run next node (350515892912132)             [39m 
[32m2026-02-27 11:34:07 [info]  execution (350516406714369) run instruction [update] for node (350515892912132)[39m workflowId=350515892912128
[34m2026-02-27 11:34:07 [debug] config of node                              [39m data={"usingAssignFormSchema":true,"assignFormSchema":{"_isJSONSchemaObject":true,"version":"2.0","name":"0mby4p7m0ow","type":"void","x-component":"Grid","x-initializer":"assignFieldValuesForm:configureFields","properties":{"2wbpfklshda":{"_isJSONSchemaObject":true,"version":"2.0","type":"void","x-component":"Grid.Row","properties":{"ibquc1d6wnd":{"_isJSONSchemaObject":true,"version":"2.0","type":"void","x-component":"Grid.Col","properties":{"total_defect":{"_isJSONSchemaObject":true,"version":"2.0","type":"string","name":"total_defect","x-toolbar":"FormItemSchemaToolbar","x-settings":"fieldSettings:FormItem","x-component":"AssignedField","x-decorator":"FormItem","x-collection-field":"collection_quality.total_defect"}},"name":"ibquc1d6wnd"}},"name":"2wbpfklshda"}}},"collection":"collection_quality","params":{"individualHooks":false,"filter":{"$and":[{"id":{"$eq":"{{$context.data.parent_summary.id}}"}}]},"values":{"total_defect":"{{$jobsMapByNodeKey.ca6c1jxzwq5}}"}}} workflowId=350515892912128
[34m2026-02-27 11:34:07 [debug] job added to save list: {"result":1,"status":1,"nodeId":350515892912132,"nodeKey":"9mun3sl2wtp","id":"7623123474076672","createdAt":"2026-02-27T03:34:07.170Z","updatedAt":"2026-02-27T03:34:07.170Z","executionId":350516406714369}[39m workflowId=350515892912128
[32m2026-02-27 11:34:07 [info]  execution (350516406714369) run instruction [update] for node (350515892912132) finished as status: 1[39m workflowId=350515892912128
[34m2026-02-27 11:34:07 [debug] result of node                              [39m data=1
[34m2026-02-27 11:34:07 [debug] branch ended at node (350515892912132)      [39m 
[34m2026-02-27 11:34:07 [debug] not on main, recall to parent entry node (350515892912132)})[39m workflowId=350515892912128
[32m2026-02-27 11:34:07 [info]  execution (350516406714369) resume instruction [parallel] for node (350515892912129)[39m workflowId=350515892912128
[34m2026-02-27 11:34:07 [debug] config of node                              [39m workflowId=350515892912128
[34m2026-02-27 11:34:07 [debug] job added to save list: {"status":0,"result":[1,null],"nodeId":350515892912129,"nodeKey":"chjc97mlb5y","upstreamId":null,"id":"7623123432133632","createdAt":"2026-02-27T03:34:07.160Z","updatedAt":"2026-02-27T03:34:07.172Z","executionId":350516406714369}[39m workflowId=350515892912128
[32m2026-02-27 11:34:07 [info]  execution (350516406714369) exiting with status 0[39m workflowId=350515892912128
[32m2026-02-27 11:34:07 [info]  execution (350516406714369) run instruction [loop] for node (350516270399488)[39m workflowId=350515892912128
[34m2026-02-27 11:34:07 [debug] config of node                              [39m data={"target":1,"condition":false,"exit":0} workflowId=350515892912128
[34m2026-02-27 11:34:07 [debug] job added to save list: {"status":0,"result":{"looped":0,"done":0},"nodeId":350516270399488,"nodeKey":"mk8brck5e5d","upstreamId":"7623123432133632","id":"7623123495048192","createdAt":"2026-02-27T03:34:07.175Z","updatedAt":"2026-02-27T03:34:07.175Z","executionId":350516406714369}[39m workflowId=350515892912128
[32m2026-02-27 11:34:07 [info]  execution (350516406714369) run instruction [aggregate] for node (350515892912138)[39m workflowId=350515892912128
[34m2026-02-27 11:34:07 [debug] config of node                              [39m data={"aggregator":"count","associated":false,"params":{"field":"id","filter":{"$and":[{"defect_rank":{"$eq":"level1"}},{"label":{"$noneOf":["功能屏蔽","已拒绝","建议"]}},{"module":{"$eq":"{{$context.data.module}}"}},{"$or":[{"defect_status":{"$ne":"已关闭"}},{"label":{"$noneOf":["申请否决","数据异常","设计如此"]}}]}]}},"precision":2,"collection":"defects"} workflowId=350515892912128
[34m2026-02-27 11:34:07 [debug] job added to save list: {"result":1,"status":1,"nodeId":350515892912138,"nodeKey":"h14qw1067vw","id":"7623123507631104","createdAt":"2026-02-27T03:34:07.178Z","updatedAt":"2026-02-27T03:34:07.178Z","executionId":350516406714369}[39m workflowId=350515892912128
[32m2026-02-27 11:34:07 [info]  execution (350516406714369) run instruction [aggregate] for node (350515892912138) finished as status: 1[39m workflowId=350515892912128
[34m2026-02-27 11:34:07 [debug] result of node                              [39m data=1
[34m2026-02-27 11:34:07 [debug] run next node (350515892912135)             [39m 
[32m2026-02-27 11:34:07 [info]  execution (350516406714369) run instruction [aggregate] for node (350515892912135)[39m workflowId=350515892912128
[34m2026-02-27 11:34:07 [debug] config of node                              [39m data={"aggregator":"count","associated":false,"params":{"field":"id","filter":{"$and":[{"defect_rank":{"$eq":"level1"}},{"label":{"$noneOf":["功能屏蔽","已拒绝","建议"]}},{"$or":[{"label":{"$anyOf":["已修复","待合并"]}},{"$and":[{"label":{"$anyOf":["未复现"]}},{"defect_status":{"$eq":"已关闭"}}]}]},{"module":{"$eq":"{{$context.data.module}}"}},{"$or":[{"defect_status":{"$ne":"已关闭"}},{"label":{"$noneOf":["申请否决","数据异常","设计如此"]}}]}]}},"precision":2,"collection":"defects"} workflowId=350515892912128
[34m2026-02-27 11:34:07 [debug] job added to save list: {"result":1,"status":1,"nodeId":350515892912135,"nodeKey":"cvcey3i9obe","id":"7623123532796928","createdAt":"2026-02-27T03:34:07.184Z","updatedAt":"2026-02-27T03:34:07.184Z","executionId":350516406714369}[39m workflowId=350515892912128
[32m2026-02-27 11:34:07 [info]  execution (350516406714369) run instruction [aggregate] for node (350515892912135) finished as status: 1[39m workflowId=350515892912128
[34m2026-02-27 11:34:07 [debug] result of node                              [39m data=1
[34m2026-02-27 11:34:07 [debug] run next node (350515892912130)             [39m 
[32m2026-02-27 11:34:07 [info]  execution (350516406714369) run instruction [aggregate] for node (350515892912130)[39m workflowId=350515892912128
[34m2026-02-27 11:34:07 [debug] config of node                              [39m data={"aggregator":"count","associated":false,"params":{"field":"id","filter":{"$and":[{"defect_rank":{"$eq":"level1"}},{"module":{"$eq":"{{$context.data.module}}"}},{"$or":[{"defect":{"$includes":"退"}},{"defect":{"$includes":"回退"}},{"defect":{"$includes":"倒退"}}]}]}},"precision":2,"collection":"defects"} workflowId=350515892912128
[34m2026-02-27 11:34:07 [debug] job added to save list: {"result":0,"status":1,"nodeId":350515892912130,"nodeKey":"9euqanxv5ca","id":"7623123549574144","createdAt":"2026-02-27T03:34:07.188Z","updatedAt":"2026-02-27T03:34:07.188Z","executionId":350516406714369}[39m workflowId=350515892912128
[32m2026-02-27 11:34:07 [info]  execution (350516406714369) run instruction [aggregate] for node (350515892912130) finished as status: 1[39m workflowId=350515892912128
[34m2026-02-27 11:34:07 [debug] result of node                              [39m 
[34m2026-02-27 11:34:07 [debug] run next node (350515892912131)             [39m 
[32m2026-02-27 11:34:07 [info]  execution (350516406714369) run instruction [aggregate] for node (350515892912131)[39m workflowId=350515892912128
[34m2026-02-27 11:34:07 [debug] config of node                              [39m data={"aggregator":"count","associated":false,"params":{"field":"id","filter":{"$and":[{"defect_rank":{"$eq":"level1"}},{"module":{"$eq":"{{$context.data.module}}"}},{"$or":[{"defect":{"$includes":"挂机"}}]}]}},"precision":2,"collection":"defects"} workflowId=350515892912128
[34m2026-02-27 11:34:07 [debug] job added to save list: {"result":0,"status":1,"nodeId":350515892912131,"nodeKey":"cjybahnz5qh","id":"7623123562157056","createdAt":"2026-02-27T03:34:07.191Z","updatedAt":"2026-02-27T03:34:07.191Z","executionId":350516406714369}[39m workflowId=350515892912128
[32m2026-02-27 11:34:07 [info]  execution (350516406714369) run instruction [aggregate] for node (350515892912131) finished as status: 1[39m workflowId=350515892912128
[34m2026-02-27 11:34:07 [debug] result of node                              [39m 
[34m2026-02-27 11:34:07 [debug] run next node (350515892912133)             [39m 
[32m2026-02-27 11:34:07 [info]  execution (350516406714369) run instruction [aggregate] for node (350515892912133)[39m workflowId=350515892912128
[34m2026-02-27 11:34:07 [debug] config of node                              [39m data={"aggregator":"count","associated":false,"params":{"field":"id","filter":{"$and":[{"defect_rank":{"$eq":"level1"}},{"defect":{"$notIncludes":"退"}},{"defect":{"$notIncludes":"回退"}},{"defect":{"$notIncludes":"倒退"}},{"defect":{"$notIncludes":"挂机"}},{"module":{"$eq":"{{$context.data.module}}"}}]}},"precision":2,"collection":"defects"} workflowId=350515892912128
[34m2026-02-27 11:34:07 [debug] job added to save list: {"result":1,"status":1,"nodeId":350515892912133,"nodeKey":"4lo6zk22j0o","id":"7623123574739968","createdAt":"2026-02-27T03:34:07.194Z","updatedAt":"2026-02-27T03:34:07.194Z","executionId":350516406714369}[39m workflowId=350515892912128
[32m2026-02-27 11:34:07 [info]  execution (350516406714369) run instruction [aggregate] for node (350515892912133) finished as status: 1[39m workflowId=350515892912128
[34m2026-02-27 11:34:07 [debug] result of node                              [39m data=1
[34m2026-02-27 11:34:07 [debug] run next node (350515892912136)             [39m 
[32m2026-02-27 11:34:07 [info]  execution (350516406714369) run instruction [update] for node (350515892912136)[39m workflowId=350515892912128
[34m2026-02-27 11:34:07 [debug] config of node                              [39m data={"usingAssignFormSchema":true,"assignFormSchema":{"_isJSONSchemaObject":true,"version":"2.0","name":"z36wx6jbrw9","type":"void","x-component":"Grid","x-initializer":"assignFieldValuesForm:configureFields","properties":{"i1v4kp5ixw1":{"_isJSONSchemaObject":true,"version":"2.0","type":"void","x-component":"Grid.Row","properties":{"m57in1bxqre":{"_isJSONSchemaObject":true,"version":"2.0","type":"void","x-component":"Grid.Col","properties":{"level_1_count":{"_isJSONSchemaObject":true,"version":"2.0","type":"string","name":"level_1_count","x-toolbar":"FormItemSchemaToolbar","x-settings":"fieldSettings:FormItem","x-component":"AssignedField","x-decorator":"FormItem","x-collection-field":"module_summaries.level_1_count"}},"name":"m57in1bxqre"}},"name":"i1v4kp5ixw1"},"28tkyaas4rv":{"_isJSONSchemaObject":true,"version":"2.0","type":"void","x-component":"Grid.Row","properties":{"aubadkxorcs":{"_isJSONSchemaObject":true,"version":"2.0","type":"void","x-component":"Grid.Col","properties":{"level_1_fixed":{"_isJSONSchemaObject":true,"version":"2.0","type":"string","name":"level_1_fixed","x-toolbar":"FormItemSchemaToolbar","x-settings":"fieldSettings:FormItem","x-component":"AssignedField","x-decorator":"FormItem","x-collection-field":"module_summaries.level_1_fixed"}},"name":"aubadkxorcs"}},"name":"28tkyaas4rv"},"fu8kv0w5z47":{"_isJSONSchemaObject":true,"version":"2.0","type":"void","x-component":"Grid.Row","properties":{"1x2em2n84pv":{"_isJSONSchemaObject":true,"version":"2.0","type":"void","x-component":"Grid.Col","properties":{"level_1_rollback":{"_isJSONSchemaObject":true,"version":"2.0","type":"string","name":"level_1_rollback","x-toolbar":"FormItemSchemaToolbar","x-settings":"fieldSettings:FormItem","x-component":"AssignedField","x-decorator":"FormItem","x-collection-field":"module_summaries.level_1_rollback"}},"name":"1x2em2n84pv"}},"name":"fu8kv0w5z47"},"fn94zey6970":{"_isJSONSchemaObject":true,"version":"2.0","type":"void","x-component":"Grid.Row","properties":{"tau5pd0qijj":{"_isJSONSchemaObject":true,"version":"2.0","type":"void","x-component":"Grid.Col","properties":{"level_1_hang":{"_isJSONSchemaObject":true,"version":"2.0","type":"string","name":"level_1_hang","x-toolbar":"FormItemSchemaToolbar","x-settings":"fieldSettings:FormItem","x-component":"AssignedField","x-decorator":"FormItem","x-collection-field":"module_summaries.level_1_hang"}},"name":"tau5pd0qijj"}},"name":"fn94zey6970"},"55otefoyoa5":{"_isJSONSchemaObject":true,"version":"2.0","type":"void","x-component":"Grid.Row","properties":{"zk7n0j78ve2":{"_isJSONSchemaObject":true,"version":"2.0","type":"void","x-component":"Grid.Col","properties":{"level_1_other":{"_isJSONSchemaObject":true,"version":"2.0","type":"string","name":"level_1_other","x-toolbar":"FormItemSchemaToolbar","x-settings":"fieldSettings:FormItem","x-component":"AssignedField","x-decorator":"FormItem","x-collection-field":"module_summaries.level_1_other"}},"name":"zk7n0j78ve2"}},"name":"55otefoyoa5"}}},"collection":"module_summaries","params":{"individualHooks":false,"filter":{"$and":[{"id":{"$eq":"{{$context.data.module}}"}}]},"values":{"level_1_count":"{{$jobsMapByNodeKey.h14qw1067vw}}","level_1_fixed":"{{$jobsMapByNodeKey.cvcey3i9obe}}","level_1_rollback":"{{$jobsMapByNodeKey.9euqanxv5ca}}","level_1_hang":"{{$jobsMapByNodeKey.cjybahnz5qh}}","level_1_other":"{{$jobsMapByNodeKey.4lo6zk22j0o}}"}}} workflowId=350515892912128
[34m2026-02-27 11:34:07 [debug] job added to save list: {"result":0,"status":1,"nodeId":350515892912136,"nodeKey":"iz8nj3ykg09","id":"7623123595711488","createdAt":"2026-02-27T03:34:07.199Z","updatedAt":"2026-02-27T03:34:07.199Z","executionId":350516406714369}[39m workflowId=350515892912128
[32m2026-02-27 11:34:07 [info]  execution (350516406714369) run instruction [update] for node (350515892912136) finished as status: 1[39m workflowId=350515892912128
[34m2026-02-27 11:34:07 [debug] result of node                              [39m 
[34m2026-02-27 11:34:07 [debug] branch ended at node (350515892912136)      [39m 
[34m2026-02-27 11:34:07 [debug] not on main, recall to parent entry node (350515892912136)})[39m workflowId=350515892912128
[32m2026-02-27 11:34:07 [info]  execution (350516406714369) resume instruction [loop] for node (350516270399488)[39m workflowId=350515892912128
[34m2026-02-27 11:34:07 [debug] config of node                              [39m data={"target":1,"condition":false,"exit":0} workflowId=350515892912128
[34m2026-02-27 11:34:07 [debug] job added to save list: {"status":0,"result":{"looped":1,"done":1},"nodeId":350516270399488,"nodeKey":"mk8brck5e5d","upstreamId":"7623123432133632","id":"7623123495048192","createdAt":"2026-02-27T03:34:07.175Z","updatedAt":"2026-02-27T03:34:07.201Z","executionId":350516406714369}[39m workflowId=350515892912128
[34m2026-02-27 11:34:07 [debug] job added to save list: {"status":1,"result":{"looped":1,"done":1},"nodeId":350516270399488,"nodeKey":"mk8brck5e5d","upstreamId":"7623123432133632","id":"7623123495048192","createdAt":"2026-02-27T03:34:07.175Z","updatedAt":"2026-02-27T03:34:07.201Z","executionId":350516406714369}[39m workflowId=350515892912128
[32m2026-02-27 11:34:07 [info]  execution (350516406714369) run instruction [loop] for node (350516270399488) finished as status: 1[39m workflowId=350515892912128
[34m2026-02-27 11:34:07 [debug] result of node                              [39m data={"looped":1,"done":1}
[34m2026-02-27 11:34:07 [debug] branch ended at node (350516270399488)      [39m 
[34m2026-02-27 11:34:07 [debug] not on main, recall to parent entry node (350516270399488)})[39m workflowId=350515892912128
[32m2026-02-27 11:34:07 [info]  execution (350516406714369) resume instruction [parallel] for node (350515892912129)[39m workflowId=350515892912128
[34m2026-02-27 11:34:07 [debug] config of node                              [39m workflowId=350515892912128
[34m2026-02-27 11:34:07 [debug] job added to save list: {"status":1,"result":[1,1],"nodeId":350515892912129,"nodeKey":"chjc97mlb5y","upstreamId":null,"id":"7623123432133632","createdAt":"2026-02-27T03:34:07.160Z","updatedAt":"2026-02-27T03:34:07.172Z","executionId":350516406714369}[39m workflowId=350515892912128
[32m2026-02-27 11:34:07 [info]  execution (350516406714369) run instruction [parallel] for node (350515892912129) finished as status: 1[39m workflowId=350515892912128
[34m2026-02-27 11:34:07 [debug] result of node                              [39m data=[1,1]
[34m2026-02-27 11:34:07 [debug] branch ended at node (350515892912129)      [39m 
[32m2026-02-27 11:34:07 [info]  execution (350516406714369) exiting with status 1[39m workflowId=350515892912128
[32m2026-02-27 11:34:07 [info]  execution (350516406714369) finished with status: 1[39m 
[34m2026-02-27 11:34:07 [debug] execution (350516406714369) details:        [39m execution={"createdAt":"2026-02-27T03:34:07.121Z","id":350516406714369,"updatedAt":"2026-02-27T03:34:07.206Z","key":"f3xyuzoxb0b","eventKey":"8ca61843-d834-4f6f-926b-cd4eefb14e48","context":{"data":{"createdAt":"2026-02-27T03:34:07.101Z","updatedAt":"2026-02-27T03:34:07.104Z","defect_classification":"其他","defect":"图纸显示不全","defect_rank":"level1","priority":"P1","id":350516406714368,"defect_status":"已关闭","module":null,"f_jmazop48q5l":350516358479872,"label":["已修复"],"createdById":1,"updatedById":1,"parent_summary":{"createdAt":"2026-02-27T03:33:44.197Z","updatedAt":"2026-02-27T03:33:44.199Z","owner_id":"nocobase","id":350516358479872,"total_count":null,"tested_count":null,"defect_count":null,"fixed_count":null,"pending_count":null,"loc":null,"kloc":0,"testing_rate":null,"fix_rate":null,"pending_rate":null,"defect_density":null,"total_defect":null,"module_type":"缺陷汇总","createdById":1,"updatedById":1}}},"status":1,"dispatched":true,"stack":null,"output":null,"manually":null,"workflowId":350515892912128}
[32m2026-02-27 11:39:00 [info]  toggle OFF workflow 350515892912128         [39m workflowId=350515892912128
[32m2026-02-27 11:39:00 [info]  toggle OFF workflow 350515892912128         [39m workflowId=350515892912128
