[32m2026-02-27 17:05:10 [info]  toggle OFF workflow 350558037278720         [39m workflowId=350558037278720
[32m2026-02-27 17:05:29 [info]  toggle ON workflow 350558037278720          [39m workflowId=350558037278720
[32m2026-02-27 17:12:57 [info]  toggle OFF workflow 350558037278720         [39m workflowId=350558037278720
[32m2026-02-27 17:12:58 [info]  toggle ON workflow 350558037278720          [39m workflowId=350558037278720
[32m2026-02-27 17:13:52 [info]  new event triggered, now events: 1          [39m 
[34m2026-02-27 17:13:52 [debug] event data:                                 [39m context={"data":{"createdAt":"2026-02-27T09:13:52.774Z","updatedAt":"2026-02-27T09:13:52.777Z","defect_classification":"历史遗留","defect":"图纸显示不全","defect_rank":"level2","priority":"P2","id":350559157157888,"defect_status":"已关闭","module":null,"f_jmazop48q5l":350559098437632,"label":["历史遗留","已修复"],"createdById":1,"updatedById":1,"parent_summary":{"createdAt":"2026-02-27T09:13:24.381Z","updatedAt":"2026-02-27T09:13:24.384Z","owner_id":"nocobase","id":350559098437632,"total_count":null,"tested_count":null,"defect_count":null,"fixed_count":null,"pending_count":null,"loc":null,"kloc":0,"testing_rate":null,"fix_rate":null,"pending_rate":null,"defect_density":null,"total_defect":null,"module_type":"缺陷汇总","createdById":1,"updatedById":1},"module_ref":[{"createdAt":"2026-02-27T09:13:26.446Z","updatedAt":"2026-02-27T09:13:26.446Z","id":350559102631936,"module_name":"工程图","level_1_count":"0","level_2_count":null,"level_3_count":null,"level_1_fixed":null,"level_2_fixed":null,"level_3_fixed":null,"p1_total":null,"p1_fixed":null,"p2_total":null,"p2_fixed":null,"p3_total":null,"p3_fixed":null,"total_closed":null,"total_delayed":null,"level_1_rollback":null,"level_1_hang":null,"level_1_other":null,"p1_closed":null,"open_count":null,"retest_failed_count":null,"module_total":null,"suggested_count":null,"p2_fixed_rate":null,"p3_fixed_rate":null,"p1_fixed_rate":null,"level_2_fixed_rate":null,"total_fixed":null,"fixed_unupdated":null,"level_3_fixed_rate":null,"level_1_fixed_rate":null,"p1_close_rate":null,"new_issue_total":null,"new_issue_fixed":null,"total_fixed_rate":null,"total_close_rate":null,"createdById":1,"updatedById":1,"t_5yxbbcczpos":{"createdAt":"2026-02-27T09:13:52.780Z","updatedAt":"2026-02-27T09:13:52.780Z","module_id":350559102631936,"defect_id":350559157157888}},{"createdAt":"2026-02-27T09:13:28.821Z","updatedAt":"2026-02-27T09:13:28.821Z","id":350559106826240,"module_name":"草图","level_1_count":"0","level_2_count":null,"level_3_count":null,"level_1_fixed":null,"level_2_fixed":null,"level_3_fixed":null,"p1_total":null,"p1_fixed":null,"p2_total":null,"p2_fixed":null,"p3_total":null,"p3_fixed":null,"total_closed":null,"total_delayed":null,"level_1_rollback":null,"level_1_hang":null,"level_1_other":null,"p1_closed":null,"open_count":null,"retest_failed_count":null,"module_total":null,"suggested_count":null,"p2_fixed_rate":null,"p3_fixed_rate":null,"p1_fixed_rate":null,"level_2_fixed_rate":null,"total_fixed":null,"fixed_unupdated":null,"level_3_fixed_rate":null,"level_1_fixed_rate":null,"p1_close_rate":null,"new_issue_total":null,"new_issue_fixed":null,"total_fixed_rate":null,"total_close_rate":null,"createdById":1,"updatedById":1,"t_5yxbbcczpos":{"createdAt":"2026-02-27T09:13:52.780Z","updatedAt":"2026-02-27T09:13:52.780Z","module_id":350559106826240,"defect_id":350559157157888}}]}}
[32m2026-02-27 17:13:52 [info]  preparing execution for event               [39m 
[32m2026-02-27 17:13:52 [info]  execution of workflow 350558037278720 created as 350559157157889[39m 
[32m2026-02-27 17:13:52 [info]  local pending list is empty, adding execution (350559157157889) to pending list[39m 
[32m2026-02-27 17:13:52 [info]  pending execution (350559157157889) ready to process[39m 
[32m2026-02-27 17:13:52 [info]  execution (350559157157889) starting...     [39m 
[32m2026-02-27 17:13:52 [info]  execution (350559157157889) run instruction [parallel] for node (350558037278721)[39m workflowId=350558037278720
[34m2026-02-27 17:13:52 [debug] config of node                              [39m workflowId=350558037278720
[34m2026-02-27 17:13:52 [debug] job added to save list: {"status":0,"result":[null,null],"nodeId":350558037278721,"nodeKey":"chjc97mlb5y","upstreamId":null,"id":"7708627116774400","createdAt":"2026-02-27T09:13:52.827Z","updatedAt":"2026-02-27T09:13:52.827Z","executionId":350559157157889}[39m workflowId=350558037278720
[32m2026-02-27 17:13:52 [info]  execution (350559157157889) run instruction [aggregate] for node (350558037278737)[39m workflowId=350558037278720
[34m2026-02-27 17:13:52 [debug] config of node                              [39m data={"aggregator":"count","associated":true,"params":{"field":"id","filter":{"$and":[]}},"precision":2,"collection":"defects","association":{"name":"all_defects","associatedKey":"{{$context.data.parent_summary.id}}","associatedCollection":"collection_quality"}} workflowId=350558037278720
[34m2026-02-27 17:13:52 [debug] job added to save list: {"result":1,"status":1,"nodeId":350558037278737,"nodeKey":"ca6c1jxzwq5","id":"7708627125163008","createdAt":"2026-02-27T09:13:52.829Z","updatedAt":"2026-02-27T09:13:52.829Z","executionId":350559157157889}[39m workflowId=350558037278720
[32m2026-02-27 17:13:52 [info]  execution (350559157157889) run instruction [aggregate] for node (350558037278737) finished as status: 1[39m workflowId=350558037278720
[34m2026-02-27 17:13:52 [debug] result of node                              [39m data=1
[34m2026-02-27 17:13:52 [debug] run next node (350558037278738)             [39m 
[32m2026-02-27 17:13:52 [info]  execution (350559157157889) run instruction [update] for node (350558037278738)[39m workflowId=350558037278720
[34m2026-02-27 17:13:52 [debug] config of node                              [39m data={"usingAssignFormSchema":true,"assignFormSchema":{"_isJSONSchemaObject":true,"version":"2.0","name":"0mby4p7m0ow","type":"void","x-component":"Grid","x-initializer":"assignFieldValuesForm:configureFields","properties":{"2wbpfklshda":{"_isJSONSchemaObject":true,"version":"2.0","type":"void","x-component":"Grid.Row","properties":{"ibquc1d6wnd":{"_isJSONSchemaObject":true,"version":"2.0","type":"void","x-component":"Grid.Col","properties":{"total_defect":{"_isJSONSchemaObject":true,"version":"2.0","type":"string","name":"total_defect","x-toolbar":"FormItemSchemaToolbar","x-settings":"fieldSettings:FormItem","x-component":"AssignedField","x-decorator":"FormItem","x-collection-field":"collection_quality.total_defect"}},"name":"ibquc1d6wnd"}},"name":"2wbpfklshda"}}},"collection":"collection_quality","params":{"individualHooks":false,"filter":{"$and":[{"id":{"$eq":"{{$context.data.parent_summary.id}}"}}]},"values":{"total_defect":"{{$jobsMapByNodeKey.ca6c1jxzwq5}}"}}} workflowId=350558037278720
[34m2026-02-27 17:13:52 [debug] job added to save list: {"result":1,"status":1,"nodeId":350558037278738,"nodeKey":"9mun3sl2wtp","id":"7708627154523136","createdAt":"2026-02-27T09:13:52.836Z","updatedAt":"2026-02-27T09:13:52.836Z","executionId":350559157157889}[39m workflowId=350558037278720
[32m2026-02-27 17:13:52 [info]  execution (350559157157889) run instruction [update] for node (350558037278738) finished as status: 1[39m workflowId=350558037278720
[34m2026-02-27 17:13:52 [debug] result of node                              [39m data=1
[34m2026-02-27 17:13:52 [debug] branch ended at node (350558037278738)      [39m 
[34m2026-02-27 17:13:52 [debug] not on main, recall to parent entry node (350558037278738)})[39m workflowId=350558037278720
[32m2026-02-27 17:13:52 [info]  execution (350559157157889) resume instruction [parallel] for node (350558037278721)[39m workflowId=350558037278720
[34m2026-02-27 17:13:52 [debug] config of node                              [39m workflowId=350558037278720
[34m2026-02-27 17:13:52 [debug] job added to save list: {"status":0,"result":[1,null],"nodeId":350558037278721,"nodeKey":"chjc97mlb5y","upstreamId":null,"id":"7708627116774400","createdAt":"2026-02-27T09:13:52.827Z","updatedAt":"2026-02-27T09:13:52.838Z","executionId":350559157157889}[39m workflowId=350558037278720
[32m2026-02-27 17:13:52 [info]  execution (350559157157889) exiting with status 0[39m workflowId=350558037278720
[32m2026-02-27 17:13:52 [info]  execution (350559157157889) run instruction [loop] for node (350558072930304)[39m workflowId=350558037278720
[34m2026-02-27 17:13:52 [debug] config of node                              [39m data={"target":"{{$context.data.module_ref}}","condition":false,"exit":0} workflowId=350558037278720
[34m2026-02-27 17:13:52 [debug] job added to save list: {"status":0,"result":{"looped":0,"done":0},"nodeId":350558072930304,"nodeKey":"60k98hgp2i2","upstreamId":"7708627116774400","id":"7708627175494656","createdAt":"2026-02-27T09:13:52.842Z","updatedAt":"2026-02-27T09:13:52.842Z","executionId":350559157157889}[39m workflowId=350558037278720
[32m2026-02-27 17:13:52 [info]  execution (350559157157889) run instruction [aggregate] for node (350558037278749)[39m workflowId=350558037278720
[34m2026-02-27 17:13:52 [debug] config of node                              [39m data={"aggregator":"count","associated":false,"params":{"field":"id","filter":{"$and":[{"defect_rank":{"$eq":"level1"}},{"label":{"$noneOf":["功能屏蔽","已拒绝","建议"]}},{"module_ref":{"id":{"$eq":"{{$scopes.60k98hgp2i2.item.id}}"}}},{"$or":[{"defect_status":{"$ne":"已关闭"}},{"label":{"$noneOf":["申请否决","数据异常","设计如此"]}}]}]}},"precision":2,"collection":"defects"} workflowId=350558037278720
[34m2026-02-27 17:13:52 [debug] job added to save list: {"result":0,"status":1,"nodeId":350558037278749,"nodeKey":"h14qw1067vw","id":"7708627192271872","createdAt":"2026-02-27T09:13:52.845Z","updatedAt":"2026-02-27T09:13:52.845Z","executionId":350559157157889}[39m workflowId=350558037278720
[32m2026-02-27 17:13:52 [info]  execution (350559157157889) run instruction [aggregate] for node (350558037278749) finished as status: 1[39m workflowId=350558037278720
[34m2026-02-27 17:13:52 [debug] result of node                              [39m 
[34m2026-02-27 17:13:52 [debug] run next node (350558037278742)             [39m 
[32m2026-02-27 17:13:52 [info]  execution (350559157157889) run instruction [aggregate] for node (350558037278742)[39m workflowId=350558037278720
[34m2026-02-27 17:13:52 [debug] config of node                              [39m data={"aggregator":"count","associated":false,"params":{"field":"id","filter":{"$and":[{"defect_rank":{"$eq":"level1"}},{"label":{"$noneOf":["功能屏蔽","已拒绝","建议"]}},{"$or":[{"label":{"$anyOf":["已修复","待合并"]}},{"$and":[{"label":{"$anyOf":["未复现"]}},{"defect_status":{"$eq":"已关闭"}}]}]},{"module_ref":{"id":{"$eq":"{{$scopes.60k98hgp2i2.item.id}}"}}},{"$or":[{"defect_status":{"$ne":"已关闭"}},{"label":{"$noneOf":["申请否决","数据异常","设计如此"]}}]}]}},"precision":2,"collection":"defects"} workflowId=350558037278720
[34m2026-02-27 17:13:52 [debug] job added to save list: {"result":0,"status":1,"nodeId":350558037278742,"nodeKey":"cvcey3i9obe","id":"7708627225826304","createdAt":"2026-02-27T09:13:52.853Z","updatedAt":"2026-02-27T09:13:52.853Z","executionId":350559157157889}[39m workflowId=350558037278720
[32m2026-02-27 17:13:52 [info]  execution (350559157157889) run instruction [aggregate] for node (350558037278742) finished as status: 1[39m workflowId=350558037278720
[34m2026-02-27 17:13:52 [debug] result of node                              [39m 
[34m2026-02-27 17:13:52 [debug] run next node (350558037278743)             [39m 
[32m2026-02-27 17:13:52 [info]  execution (350559157157889) run instruction [aggregate] for node (350558037278743)[39m workflowId=350558037278720
[34m2026-02-27 17:13:52 [debug] config of node                              [39m data={"aggregator":"count","associated":false,"params":{"field":"id","filter":{"$and":[{"defect_rank":{"$eq":"level1"}},{"module_ref":{"id":{"$eq":"{{$scopes.60k98hgp2i2.item.id}}"}}},{"$or":[{"defect":{"$includes":"退"}},{"defect":{"$includes":"回退"}},{"defect":{"$includes":"倒退"}}]}]}},"precision":2,"collection":"defects"} workflowId=350558037278720
[34m2026-02-27 17:13:52 [debug] job added to save list: {"result":0,"status":1,"nodeId":350558037278743,"nodeKey":"9euqanxv5ca","id":"7708627246797824","createdAt":"2026-02-27T09:13:52.858Z","updatedAt":"2026-02-27T09:13:52.858Z","executionId":350559157157889}[39m workflowId=350558037278720
[32m2026-02-27 17:13:52 [info]  execution (350559157157889) run instruction [aggregate] for node (350558037278743) finished as status: 1[39m workflowId=350558037278720
[34m2026-02-27 17:13:52 [debug] result of node                              [39m 
[34m2026-02-27 17:13:52 [debug] run next node (350558037278724)             [39m 
[32m2026-02-27 17:13:52 [info]  execution (350559157157889) run instruction [aggregate] for node (350558037278724)[39m workflowId=350558037278720
[34m2026-02-27 17:13:52 [debug] config of node                              [39m data={"aggregator":"count","associated":false,"params":{"field":"id","filter":{"$and":[{"defect_rank":{"$eq":"level1"}},{"module_ref":{"id":{"$eq":"{{$scopes.60k98hgp2i2.item.id}}"}}},{"$or":[{"defect":{"$includes":"挂机"}}]}]}},"precision":2,"collection":"defects"} workflowId=350558037278720
[34m2026-02-27 17:13:52 [debug] job added to save list: {"result":0,"status":1,"nodeId":350558037278724,"nodeKey":"cjybahnz5qh","id":"7708627263575040","createdAt":"2026-02-27T09:13:52.862Z","updatedAt":"2026-02-27T09:13:52.862Z","executionId":350559157157889}[39m workflowId=350558037278720
[32m2026-02-27 17:13:52 [info]  execution (350559157157889) run instruction [aggregate] for node (350558037278724) finished as status: 1[39m workflowId=350558037278720
[34m2026-02-27 17:13:52 [debug] result of node                              [39m 
[34m2026-02-27 17:13:52 [debug] run next node (350558037278748)             [39m 
[32m2026-02-27 17:13:52 [info]  execution (350559157157889) run instruction [aggregate] for node (350558037278748)[39m workflowId=350558037278720
[34m2026-02-27 17:13:52 [debug] config of node                              [39m data={"aggregator":"count","associated":false,"params":{"field":"id","filter":{"$and":[{"defect_rank":{"$eq":"level1"}},{"defect":{"$notIncludes":"退"}},{"defect":{"$notIncludes":"回退"}},{"defect":{"$notIncludes":"倒退"}},{"defect":{"$notIncludes":"挂机"}},{"module_ref":{"id":{"$eq":"{{$scopes.60k98hgp2i2.item.id}}"}}}]}},"precision":2,"collection":"defects"} workflowId=350558037278720
[34m2026-02-27 17:13:52 [debug] job added to save list: {"result":0,"status":1,"nodeId":350558037278748,"nodeKey":"4lo6zk22j0o","id":"7708627288740864","createdAt":"2026-02-27T09:13:52.868Z","updatedAt":"2026-02-27T09:13:52.868Z","executionId":350559157157889}[39m workflowId=350558037278720
[32m2026-02-27 17:13:52 [info]  execution (350559157157889) run instruction [aggregate] for node (350558037278748) finished as status: 1[39m workflowId=350558037278720
[34m2026-02-27 17:13:52 [debug] result of node                              [39m 
[34m2026-02-27 17:13:52 [debug] run next node (350558037278758)             [39m 
[32m2026-02-27 17:13:52 [info]  execution (350559157157889) run instruction [aggregate] for node (350558037278758)[39m workflowId=350558037278720
[34m2026-02-27 17:13:52 [debug] config of node                              [39m data={"aggregator":"count","associated":false,"params":{"field":"id","filter":{"$and":[{"defect_rank":{"$eq":"level2"}},{"label":{"$noneOf":["功能屏蔽","已拒绝","建议"]}},{"module_ref":{"id":{"$eq":"{{$scopes.60k98hgp2i2.item.id}}"}}},{"$or":[{"defect_status":{}},{"label":{"$noneOf":["申请否决","数据异常","设计如此"]}}]}]}},"precision":2,"collection":"defects"} workflowId=350558037278720
[31m2026-02-27 17:13:52 [error] execution (350559157157889) run instruction [aggregate] for node (350558037278758) failed: [39m workflowId=350558037278720
[34m2026-02-27 17:13:52 [debug] job added to save list: {"result":{"message":"Invalid value {}"},"status":-2,"nodeId":350558037278758,"nodeKey":"52k6055vnrg","id":"7708627309712384","createdAt":"2026-02-27T09:13:52.873Z","updatedAt":"2026-02-27T09:13:52.873Z","executionId":350559157157889}[39m workflowId=350558037278720
[32m2026-02-27 17:13:52 [info]  execution (350559157157889) run instruction [aggregate] for node (350558037278758) finished as status: -2[39m workflowId=350558037278720
[34m2026-02-27 17:13:52 [debug] result of node                              [39m data={"message":"Invalid value {}"}
[34m2026-02-27 17:13:52 [debug] branch ended at node (350558037278758)      [39m 
[34m2026-02-27 17:13:52 [debug] not on main, recall to parent entry node (350558037278758)})[39m workflowId=350558037278720
[32m2026-02-27 17:13:52 [info]  execution (350559157157889) resume instruction [loop] for node (350558072930304)[39m workflowId=350558037278720
[34m2026-02-27 17:13:52 [debug] config of node                              [39m data={"target":"{{$context.data.module_ref}}","condition":false,"exit":0} workflowId=350558037278720
[34m2026-02-27 17:13:52 [debug] job added to save list: {"status":-2,"result":{"looped":1,"done":0},"nodeId":350558072930304,"nodeKey":"60k98hgp2i2","upstreamId":"7708627116774400","id":"7708627175494656","createdAt":"2026-02-27T09:13:52.842Z","updatedAt":"2026-02-27T09:13:52.874Z","executionId":350559157157889}[39m workflowId=350558037278720
[32m2026-02-27 17:13:52 [info]  execution (350559157157889) run instruction [loop] for node (350558072930304) finished as status: -2[39m workflowId=350558037278720
[34m2026-02-27 17:13:52 [debug] result of node                              [39m data={"looped":1,"done":0}
[34m2026-02-27 17:13:52 [debug] branch ended at node (350558072930304)      [39m 
[34m2026-02-27 17:13:52 [debug] not on main, recall to parent entry node (350558072930304)})[39m workflowId=350558037278720
[32m2026-02-27 17:13:52 [info]  execution (350559157157889) resume instruction [parallel] for node (350558037278721)[39m workflowId=350558037278720
[34m2026-02-27 17:13:52 [debug] config of node                              [39m workflowId=350558037278720
[34m2026-02-27 17:13:52 [debug] job added to save list: {"status":-2,"result":[1,-2],"nodeId":350558037278721,"nodeKey":"chjc97mlb5y","upstreamId":null,"id":"7708627116774400","createdAt":"2026-02-27T09:13:52.827Z","updatedAt":"2026-02-27T09:13:52.838Z","executionId":350559157157889}[39m workflowId=350558037278720
[32m2026-02-27 17:13:52 [info]  execution (350559157157889) run instruction [parallel] for node (350558037278721) finished as status: -2[39m workflowId=350558037278720
[34m2026-02-27 17:13:52 [debug] result of node                              [39m data=[1,-2]
[34m2026-02-27 17:13:52 [debug] branch ended at node (350558037278721)      [39m 
[32m2026-02-27 17:13:52 [info]  execution (350559157157889) exiting with status -2[39m workflowId=350558037278720
[32m2026-02-27 17:13:52 [info]  execution (350559157157889) finished with status: -2[39m 
[34m2026-02-27 17:13:52 [debug] execution (350559157157889) details:        [39m execution={"createdAt":"2026-02-27T09:13:52.793Z","id":350559157157889,"updatedAt":"2026-02-27T09:13:52.881Z","key":"gljlkxparob","eventKey":"faf236e1-c3d8-434c-8d7b-9037e247e6de","context":{"data":{"createdAt":"2026-02-27T09:13:52.774Z","updatedAt":"2026-02-27T09:13:52.777Z","defect_classification":"历史遗留","defect":"图纸显示不全","defect_rank":"level2","priority":"P2","id":350559157157888,"defect_status":"已关闭","module":null,"f_jmazop48q5l":350559098437632,"label":["历史遗留","已修复"],"createdById":1,"updatedById":1,"parent_summary":{"createdAt":"2026-02-27T09:13:24.381Z","updatedAt":"2026-02-27T09:13:24.384Z","owner_id":"nocobase","id":350559098437632,"total_count":null,"tested_count":null,"defect_count":null,"fixed_count":null,"pending_count":null,"loc":null,"kloc":0,"testing_rate":null,"fix_rate":null,"pending_rate":null,"defect_density":null,"total_defect":null,"module_type":"缺陷汇总","createdById":1,"updatedById":1},"module_ref":[{"createdAt":"2026-02-27T09:13:26.446Z","updatedAt":"2026-02-27T09:13:26.446Z","id":350559102631936,"module_name":"工程图","level_1_count":"0","level_2_count":null,"level_3_count":null,"level_1_fixed":null,"level_2_fixed":null,"level_3_fixed":null,"p1_total":null,"p1_fixed":null,"p2_total":null,"p2_fixed":null,"p3_total":null,"p3_fixed":null,"total_closed":null,"total_delayed":null,"level_1_rollback":null,"level_1_hang":null,"level_1_other":null,"p1_closed":null,"open_count":null,"retest_failed_count":null,"module_total":null,"suggested_count":null,"p2_fixed_rate":null,"p3_fixed_rate":null,"p1_fixed_rate":null,"level_2_fixed_rate":null,"total_fixed":null,"fixed_unupdated":null,"level_3_fixed_rate":null,"level_1_fixed_rate":null,"p1_close_rate":null,"new_issue_total":null,"new_issue_fixed":null,"total_fixed_rate":null,"total_close_rate":null,"createdById":1,"updatedById":1,"t_5yxbbcczpos":{"createdAt":"2026-02-27T09:13:52.780Z","updatedAt":"2026-02-27T09:13:52.780Z","module_id":350559102631936,"defect_id":350559157157888}},{"createdAt":"2026-02-27T09:13:28.821Z","updatedAt":"2026-02-27T09:13:28.821Z","id":350559106826240,"module_name":"草图","level_1_count":"0","level_2_count":null,"level_3_count":null,"level_1_fixed":null,"level_2_fixed":null,"level_3_fixed":null,"p1_total":null,"p1_fixed":null,"p2_total":null,"p2_fixed":null,"p3_total":null,"p3_fixed":null,"total_closed":null,"total_delayed":null,"level_1_rollback":null,"level_1_hang":null,"level_1_other":null,"p1_closed":null,"open_count":null,"retest_failed_count":null,"module_total":null,"suggested_count":null,"p2_fixed_rate":null,"p3_fixed_rate":null,"p1_fixed_rate":null,"level_2_fixed_rate":null,"total_fixed":null,"fixed_unupdated":null,"level_3_fixed_rate":null,"level_1_fixed_rate":null,"p1_close_rate":null,"new_issue_total":null,"new_issue_fixed":null,"total_fixed_rate":null,"total_close_rate":null,"createdById":1,"updatedById":1,"t_5yxbbcczpos":{"createdAt":"2026-02-27T09:13:52.780Z","updatedAt":"2026-02-27T09:13:52.780Z","module_id":350559106826240,"defect_id":350559157157888}}]}},"status":-2,"dispatched":true,"stack":null,"output":null,"manually":null,"workflowId":350558037278720}
[32m2026-02-27 17:14:11 [info]  new event triggered, now events: 1          [39m 
[34m2026-02-27 17:14:11 [debug] event data:                                 [39m context={"data":{"createdAt":"2026-02-27T09:14:11.886Z","updatedAt":"2026-02-27T09:14:11.889Z","defect_classification":"网退","defect":"核心算法模块代码回退导致崩溃","defect_rank":"level1","priority":"P1","id":350559197003776,"defect_status":"已修复","module":null,"f_jmazop48q5l":350559098437632,"label":["已修复"],"createdById":1,"updatedById":1,"parent_summary":{"createdAt":"2026-02-27T09:13:24.381Z","updatedAt":"2026-02-27T09:13:52.831Z","owner_id":"nocobase","id":350559098437632,"total_count":null,"tested_count":null,"defect_count":null,"fixed_count":null,"pending_count":null,"loc":null,"kloc":0,"testing_rate":null,"fix_rate":null,"pending_rate":null,"defect_density":null,"total_defect":1,"module_type":"缺陷汇总","createdById":1,"updatedById":1},"module_ref":[{"createdAt":"2026-02-27T09:13:26.446Z","updatedAt":"2026-02-27T09:13:26.446Z","id":350559102631936,"module_name":"工程图","level_1_count":"0","level_2_count":null,"level_3_count":null,"level_1_fixed":null,"level_2_fixed":null,"level_3_fixed":null,"p1_total":null,"p1_fixed":null,"p2_total":null,"p2_fixed":null,"p3_total":null,"p3_fixed":null,"total_closed":null,"total_delayed":null,"level_1_rollback":null,"level_1_hang":null,"level_1_other":null,"p1_closed":null,"open_count":null,"retest_failed_count":null,"module_total":null,"suggested_count":null,"p2_fixed_rate":null,"p3_fixed_rate":null,"p1_fixed_rate":null,"level_2_fixed_rate":null,"total_fixed":null,"fixed_unupdated":null,"level_3_fixed_rate":null,"level_1_fixed_rate":null,"p1_close_rate":null,"new_issue_total":null,"new_issue_fixed":null,"total_fixed_rate":null,"total_close_rate":null,"createdById":1,"updatedById":1,"t_5yxbbcczpos":{"createdAt":"2026-02-27T09:14:11.893Z","updatedAt":"2026-02-27T09:14:11.893Z","module_id":350559102631936,"defect_id":350559197003776}}]}}
[32m2026-02-27 17:14:11 [info]  preparing execution for event               [39m 
[32m2026-02-27 17:14:11 [info]  execution of workflow 350558037278720 created as 350559197003777[39m 
[32m2026-02-27 17:14:11 [info]  local pending list is empty, adding execution (350559197003777) to pending list[39m 
[32m2026-02-27 17:14:11 [info]  pending execution (350559197003777) ready to process[39m 
[32m2026-02-27 17:14:11 [info]  execution (350559197003777) starting...     [39m 
[32m2026-02-27 17:14:11 [info]  execution (350559197003777) run instruction [parallel] for node (350558037278721)[39m workflowId=350558037278720
[34m2026-02-27 17:14:11 [debug] config of node                              [39m workflowId=350558037278720
[34m2026-02-27 17:14:11 [debug] job added to save list: {"status":0,"result":[null,null],"nodeId":350558037278721,"nodeKey":"chjc97mlb5y","upstreamId":null,"id":"7708707198620672","createdAt":"2026-02-27T09:14:11.920Z","updatedAt":"2026-02-27T09:14:11.920Z","executionId":350559197003777}[39m workflowId=350558037278720
[32m2026-02-27 17:14:11 [info]  execution (350559197003777) run instruction [aggregate] for node (350558037278737)[39m workflowId=350558037278720
[34m2026-02-27 17:14:11 [debug] config of node                              [39m data={"aggregator":"count","associated":true,"params":{"field":"id","filter":{"$and":[]}},"precision":2,"collection":"defects","association":{"name":"all_defects","associatedKey":"{{$context.data.parent_summary.id}}","associatedCollection":"collection_quality"}} workflowId=350558037278720
[34m2026-02-27 17:14:11 [debug] job added to save list: {"result":2,"status":1,"nodeId":350558037278737,"nodeKey":"ca6c1jxzwq5","id":"7708707207009280","createdAt":"2026-02-27T09:14:11.922Z","updatedAt":"2026-02-27T09:14:11.922Z","executionId":350559197003777}[39m workflowId=350558037278720
[32m2026-02-27 17:14:11 [info]  execution (350559197003777) run instruction [aggregate] for node (350558037278737) finished as status: 1[39m workflowId=350558037278720
[34m2026-02-27 17:14:11 [debug] result of node                              [39m data=2
[34m2026-02-27 17:14:11 [debug] run next node (350558037278738)             [39m 
[32m2026-02-27 17:14:11 [info]  execution (350559197003777) run instruction [update] for node (350558037278738)[39m workflowId=350558037278720
[34m2026-02-27 17:14:11 [debug] config of node                              [39m data={"usingAssignFormSchema":true,"assignFormSchema":{"_isJSONSchemaObject":true,"version":"2.0","name":"0mby4p7m0ow","type":"void","x-component":"Grid","x-initializer":"assignFieldValuesForm:configureFields","properties":{"2wbpfklshda":{"_isJSONSchemaObject":true,"version":"2.0","type":"void","x-component":"Grid.Row","properties":{"ibquc1d6wnd":{"_isJSONSchemaObject":true,"version":"2.0","type":"void","x-component":"Grid.Col","properties":{"total_defect":{"_isJSONSchemaObject":true,"version":"2.0","type":"string","name":"total_defect","x-toolbar":"FormItemSchemaToolbar","x-settings":"fieldSettings:FormItem","x-component":"AssignedField","x-decorator":"FormItem","x-collection-field":"collection_quality.total_defect"}},"name":"ibquc1d6wnd"}},"name":"2wbpfklshda"}}},"collection":"collection_quality","params":{"individualHooks":false,"filter":{"$and":[{"id":{"$eq":"{{$context.data.parent_summary.id}}"}}]},"values":{"total_defect":"{{$jobsMapByNodeKey.ca6c1jxzwq5}}"}}} workflowId=350558037278720
[34m2026-02-27 17:14:11 [debug] job added to save list: {"result":1,"status":1,"nodeId":350558037278738,"nodeKey":"9mun3sl2wtp","id":"7708707269923840","createdAt":"2026-02-27T09:14:11.937Z","updatedAt":"2026-02-27T09:14:11.937Z","executionId":350559197003777}[39m workflowId=350558037278720
[32m2026-02-27 17:14:11 [info]  execution (350559197003777) run instruction [update] for node (350558037278738) finished as status: 1[39m workflowId=350558037278720
[34m2026-02-27 17:14:11 [debug] result of node                              [39m data=1
[34m2026-02-27 17:14:11 [debug] branch ended at node (350558037278738)      [39m 
[34m2026-02-27 17:14:11 [debug] not on main, recall to parent entry node (350558037278738)})[39m workflowId=350558037278720
[32m2026-02-27 17:14:11 [info]  execution (350559197003777) resume instruction [parallel] for node (350558037278721)[39m workflowId=350558037278720
[34m2026-02-27 17:14:11 [debug] config of node                              [39m workflowId=350558037278720
[34m2026-02-27 17:14:11 [debug] job added to save list: {"status":0,"result":[1,null],"nodeId":350558037278721,"nodeKey":"chjc97mlb5y","upstreamId":null,"id":"7708707198620672","createdAt":"2026-02-27T09:14:11.920Z","updatedAt":"2026-02-27T09:14:11.939Z","executionId":350559197003777}[39m workflowId=350558037278720
[32m2026-02-27 17:14:11 [info]  execution (350559197003777) exiting with status 0[39m workflowId=350558037278720
[32m2026-02-27 17:14:11 [info]  execution (350559197003777) run instruction [loop] for node (350558072930304)[39m workflowId=350558037278720
[34m2026-02-27 17:14:11 [debug] config of node                              [39m data={"target":"{{$context.data.module_ref}}","condition":false,"exit":0} workflowId=350558037278720
[34m2026-02-27 17:14:11 [debug] job added to save list: {"status":0,"result":{"looped":0,"done":0},"nodeId":350558072930304,"nodeKey":"60k98hgp2i2","upstreamId":"7708707198620672","id":"7708707290895360","createdAt":"2026-02-27T09:14:11.942Z","updatedAt":"2026-02-27T09:14:11.942Z","executionId":350559197003777}[39m workflowId=350558037278720
[32m2026-02-27 17:14:11 [info]  execution (350559197003777) run instruction [aggregate] for node (350558037278749)[39m workflowId=350558037278720
[34m2026-02-27 17:14:11 [debug] config of node                              [39m data={"aggregator":"count","associated":false,"params":{"field":"id","filter":{"$and":[{"defect_rank":{"$eq":"level1"}},{"label":{"$noneOf":["功能屏蔽","已拒绝","建议"]}},{"module_ref":{"id":{"$eq":"{{$scopes.60k98hgp2i2.item.id}}"}}},{"$or":[{"defect_status":{"$ne":"已关闭"}},{"label":{"$noneOf":["申请否决","数据异常","设计如此"]}}]}]}},"precision":2,"collection":"defects"} workflowId=350558037278720
[34m2026-02-27 17:14:11 [debug] job added to save list: {"result":1,"status":1,"nodeId":350558037278749,"nodeKey":"h14qw1067vw","id":"7708707307672576","createdAt":"2026-02-27T09:14:11.946Z","updatedAt":"2026-02-27T09:14:11.946Z","executionId":350559197003777}[39m workflowId=350558037278720
[32m2026-02-27 17:14:11 [info]  execution (350559197003777) run instruction [aggregate] for node (350558037278749) finished as status: 1[39m workflowId=350558037278720
[34m2026-02-27 17:14:11 [debug] result of node                              [39m data=1
[34m2026-02-27 17:14:11 [debug] run next node (350558037278742)             [39m 
[32m2026-02-27 17:14:11 [info]  execution (350559197003777) run instruction [aggregate] for node (350558037278742)[39m workflowId=350558037278720
[34m2026-02-27 17:14:11 [debug] config of node                              [39m data={"aggregator":"count","associated":false,"params":{"field":"id","filter":{"$and":[{"defect_rank":{"$eq":"level1"}},{"label":{"$noneOf":["功能屏蔽","已拒绝","建议"]}},{"$or":[{"label":{"$anyOf":["已修复","待合并"]}},{"$and":[{"label":{"$anyOf":["未复现"]}},{"defect_status":{"$eq":"已关闭"}}]}]},{"module_ref":{"id":{"$eq":"{{$scopes.60k98hgp2i2.item.id}}"}}},{"$or":[{"defect_status":{"$ne":"已关闭"}},{"label":{"$noneOf":["申请否决","数据异常","设计如此"]}}]}]}},"precision":2,"collection":"defects"} workflowId=350558037278720
[34m2026-02-27 17:14:11 [debug] job added to save list: {"result":1,"status":1,"nodeId":350558037278742,"nodeKey":"cvcey3i9obe","id":"7708707332838400","createdAt":"2026-02-27T09:14:11.952Z","updatedAt":"2026-02-27T09:14:11.952Z","executionId":350559197003777}[39m workflowId=350558037278720
[32m2026-02-27 17:14:11 [info]  execution (350559197003777) run instruction [aggregate] for node (350558037278742) finished as status: 1[39m workflowId=350558037278720
[34m2026-02-27 17:14:11 [debug] result of node                              [39m data=1
[34m2026-02-27 17:14:11 [debug] run next node (350558037278743)             [39m 
[32m2026-02-27 17:14:11 [info]  execution (350559197003777) run instruction [aggregate] for node (350558037278743)[39m workflowId=350558037278720
[34m2026-02-27 17:14:11 [debug] config of node                              [39m data={"aggregator":"count","associated":false,"params":{"field":"id","filter":{"$and":[{"defect_rank":{"$eq":"level1"}},{"module_ref":{"id":{"$eq":"{{$scopes.60k98hgp2i2.item.id}}"}}},{"$or":[{"defect":{"$includes":"退"}},{"defect":{"$includes":"回退"}},{"defect":{"$includes":"倒退"}}]}]}},"precision":2,"collection":"defects"} workflowId=350558037278720
[34m2026-02-27 17:14:11 [debug] job added to save list: {"result":1,"status":1,"nodeId":350558037278743,"nodeKey":"9euqanxv5ca","id":"7708707349615616","createdAt":"2026-02-27T09:14:11.956Z","updatedAt":"2026-02-27T09:14:11.956Z","executionId":350559197003777}[39m workflowId=350558037278720
[32m2026-02-27 17:14:11 [info]  execution (350559197003777) run instruction [aggregate] for node (350558037278743) finished as status: 1[39m workflowId=350558037278720
[34m2026-02-27 17:14:11 [debug] result of node                              [39m data=1
[34m2026-02-27 17:14:11 [debug] run next node (350558037278724)             [39m 
[32m2026-02-27 17:14:11 [info]  execution (350559197003777) run instruction [aggregate] for node (350558037278724)[39m workflowId=350558037278720
[34m2026-02-27 17:14:11 [debug] config of node                              [39m data={"aggregator":"count","associated":false,"params":{"field":"id","filter":{"$and":[{"defect_rank":{"$eq":"level1"}},{"module_ref":{"id":{"$eq":"{{$scopes.60k98hgp2i2.item.id}}"}}},{"$or":[{"defect":{"$includes":"挂机"}}]}]}},"precision":2,"collection":"defects"} workflowId=350558037278720
[34m2026-02-27 17:14:11 [debug] job added to save list: {"result":0,"status":1,"nodeId":350558037278724,"nodeKey":"cjybahnz5qh","id":"7708707362198528","createdAt":"2026-02-27T09:14:11.959Z","updatedAt":"2026-02-27T09:14:11.959Z","executionId":350559197003777}[39m workflowId=350558037278720
[32m2026-02-27 17:14:11 [info]  execution (350559197003777) run instruction [aggregate] for node (350558037278724) finished as status: 1[39m workflowId=350558037278720
[34m2026-02-27 17:14:11 [debug] result of node                              [39m 
[34m2026-02-27 17:14:11 [debug] run next node (350558037278748)             [39m 
[32m2026-02-27 17:14:11 [info]  execution (350559197003777) run instruction [aggregate] for node (350558037278748)[39m workflowId=350558037278720
[34m2026-02-27 17:14:11 [debug] config of node                              [39m data={"aggregator":"count","associated":false,"params":{"field":"id","filter":{"$and":[{"defect_rank":{"$eq":"level1"}},{"defect":{"$notIncludes":"退"}},{"defect":{"$notIncludes":"回退"}},{"defect":{"$notIncludes":"倒退"}},{"defect":{"$notIncludes":"挂机"}},{"module_ref":{"id":{"$eq":"{{$scopes.60k98hgp2i2.item.id}}"}}}]}},"precision":2,"collection":"defects"} workflowId=350558037278720
[34m2026-02-27 17:14:11 [debug] job added to save list: {"result":0,"status":1,"nodeId":350558037278748,"nodeKey":"4lo6zk22j0o","id":"7708707378975744","createdAt":"2026-02-27T09:14:11.963Z","updatedAt":"2026-02-27T09:14:11.963Z","executionId":350559197003777}[39m workflowId=350558037278720
[32m2026-02-27 17:14:11 [info]  execution (350559197003777) run instruction [aggregate] for node (350558037278748) finished as status: 1[39m workflowId=350558037278720
[34m2026-02-27 17:14:11 [debug] result of node                              [39m 
[34m2026-02-27 17:14:11 [debug] run next node (350558037278758)             [39m 
[32m2026-02-27 17:14:11 [info]  execution (350559197003777) run instruction [aggregate] for node (350558037278758)[39m workflowId=350558037278720
[34m2026-02-27 17:14:11 [debug] config of node                              [39m data={"aggregator":"count","associated":false,"params":{"field":"id","filter":{"$and":[{"defect_rank":{"$eq":"level2"}},{"label":{"$noneOf":["功能屏蔽","已拒绝","建议"]}},{"module_ref":{"id":{"$eq":"{{$scopes.60k98hgp2i2.item.id}}"}}},{"$or":[{"defect_status":{}},{"label":{"$noneOf":["申请否决","数据异常","设计如此"]}}]}]}},"precision":2,"collection":"defects"} workflowId=350558037278720
[31m2026-02-27 17:14:11 [error] execution (350559197003777) run instruction [aggregate] for node (350558037278758) failed: [39m workflowId=350558037278720
[34m2026-02-27 17:14:11 [debug] job added to save list: {"result":{"message":"Invalid value {}"},"status":-2,"nodeId":350558037278758,"nodeKey":"52k6055vnrg","id":"7708707391558656","createdAt":"2026-02-27T09:14:11.966Z","updatedAt":"2026-02-27T09:14:11.966Z","executionId":350559197003777}[39m workflowId=350558037278720
[32m2026-02-27 17:14:11 [info]  execution (350559197003777) run instruction [aggregate] for node (350558037278758) finished as status: -2[39m workflowId=350558037278720
[34m2026-02-27 17:14:11 [debug] result of node                              [39m data={"message":"Invalid value {}"}
[34m2026-02-27 17:14:11 [debug] branch ended at node (350558037278758)      [39m 
[34m2026-02-27 17:14:11 [debug] not on main, recall to parent entry node (350558037278758)})[39m workflowId=350558037278720
[32m2026-02-27 17:14:11 [info]  execution (350559197003777) resume instruction [loop] for node (350558072930304)[39m workflowId=350558037278720
[34m2026-02-27 17:14:11 [debug] config of node                              [39m data={"target":"{{$context.data.module_ref}}","condition":false,"exit":0} workflowId=350558037278720
[34m2026-02-27 17:14:11 [debug] job added to save list: {"status":-2,"result":{"looped":1,"done":0},"nodeId":350558072930304,"nodeKey":"60k98hgp2i2","upstreamId":"7708707198620672","id":"7708707290895360","createdAt":"2026-02-27T09:14:11.942Z","updatedAt":"2026-02-27T09:14:11.967Z","executionId":350559197003777}[39m workflowId=350558037278720
[32m2026-02-27 17:14:11 [info]  execution (350559197003777) run instruction [loop] for node (350558072930304) finished as status: -2[39m workflowId=350558037278720
[34m2026-02-27 17:14:11 [debug] result of node                              [39m data={"looped":1,"done":0}
[34m2026-02-27 17:14:11 [debug] branch ended at node (350558072930304)      [39m 
[34m2026-02-27 17:14:11 [debug] not on main, recall to parent entry node (350558072930304)})[39m workflowId=350558037278720
[32m2026-02-27 17:14:11 [info]  execution (350559197003777) resume instruction [parallel] for node (350558037278721)[39m workflowId=350558037278720
[34m2026-02-27 17:14:11 [debug] config of node                              [39m workflowId=350558037278720
[34m2026-02-27 17:14:11 [debug] job added to save list: {"status":-2,"result":[1,-2],"nodeId":350558037278721,"nodeKey":"chjc97mlb5y","upstreamId":null,"id":"7708707198620672","createdAt":"2026-02-27T09:14:11.920Z","updatedAt":"2026-02-27T09:14:11.939Z","executionId":350559197003777}[39m workflowId=350558037278720
[32m2026-02-27 17:14:11 [info]  execution (350559197003777) run instruction [parallel] for node (350558037278721) finished as status: -2[39m workflowId=350558037278720
[34m2026-02-27 17:14:11 [debug] result of node                              [39m data=[1,-2]
[34m2026-02-27 17:14:11 [debug] branch ended at node (350558037278721)      [39m 
[32m2026-02-27 17:14:11 [info]  execution (350559197003777) exiting with status -2[39m workflowId=350558037278720
[32m2026-02-27 17:14:11 [info]  execution (350559197003777) finished with status: -2[39m 
[34m2026-02-27 17:14:11 [debug] execution (350559197003777) details:        [39m execution={"createdAt":"2026-02-27T09:14:11.904Z","id":350559197003777,"updatedAt":"2026-02-27T09:14:11.973Z","key":"gljlkxparob","eventKey":"45c5a5b3-cfd7-4a9e-85f9-9c0a82c18f0b","context":{"data":{"createdAt":"2026-02-27T09:14:11.886Z","updatedAt":"2026-02-27T09:14:11.889Z","defect_classification":"网退","defect":"核心算法模块代码回退导致崩溃","defect_rank":"level1","priority":"P1","id":350559197003776,"defect_status":"已修复","module":null,"f_jmazop48q5l":350559098437632,"label":["已修复"],"createdById":1,"updatedById":1,"parent_summary":{"createdAt":"2026-02-27T09:13:24.381Z","updatedAt":"2026-02-27T09:13:52.831Z","owner_id":"nocobase","id":350559098437632,"total_count":null,"tested_count":null,"defect_count":null,"fixed_count":null,"pending_count":null,"loc":null,"kloc":0,"testing_rate":null,"fix_rate":null,"pending_rate":null,"defect_density":null,"total_defect":1,"module_type":"缺陷汇总","createdById":1,"updatedById":1},"module_ref":[{"createdAt":"2026-02-27T09:13:26.446Z","updatedAt":"2026-02-27T09:13:26.446Z","id":350559102631936,"module_name":"工程图","level_1_count":"0","level_2_count":null,"level_3_count":null,"level_1_fixed":null,"level_2_fixed":null,"level_3_fixed":null,"p1_total":null,"p1_fixed":null,"p2_total":null,"p2_fixed":null,"p3_total":null,"p3_fixed":null,"total_closed":null,"total_delayed":null,"level_1_rollback":null,"level_1_hang":null,"level_1_other":null,"p1_closed":null,"open_count":null,"retest_failed_count":null,"module_total":null,"suggested_count":null,"p2_fixed_rate":null,"p3_fixed_rate":null,"p1_fixed_rate":null,"level_2_fixed_rate":null,"total_fixed":null,"fixed_unupdated":null,"level_3_fixed_rate":null,"level_1_fixed_rate":null,"p1_close_rate":null,"new_issue_total":null,"new_issue_fixed":null,"total_fixed_rate":null,"total_close_rate":null,"createdById":1,"updatedById":1,"t_5yxbbcczpos":{"createdAt":"2026-02-27T09:14:11.893Z","updatedAt":"2026-02-27T09:14:11.893Z","module_id":350559102631936,"defect_id":350559197003776}}]}},"status":-2,"dispatched":true,"stack":null,"output":null,"manually":null,"workflowId":350558037278720}
[32m2026-02-27 17:14:31 [info]  new event triggered, now events: 1          [39m 
[34m2026-02-27 17:14:31 [debug] event data:                                 [39m context={"data":{"createdAt":"2026-02-27T09:14:31.717Z","updatedAt":"2026-02-27T09:14:31.720Z","defect_classification":"挂机","defect":"导入大型文件时系统界面挂机","defect_rank":"level1","priority":"P1","id":350559238946816,"defect_status":"待修复","module":null,"f_jmazop48q5l":350559098437632,"label":["延期"],"createdById":1,"updatedById":1,"parent_summary":{"createdAt":"2026-02-27T09:13:24.381Z","updatedAt":"2026-02-27T09:14:11.925Z","owner_id":"nocobase","id":350559098437632,"total_count":null,"tested_count":null,"defect_count":null,"fixed_count":null,"pending_count":null,"loc":null,"kloc":0,"testing_rate":null,"fix_rate":null,"pending_rate":null,"defect_density":null,"total_defect":2,"module_type":"缺陷汇总","createdById":1,"updatedById":1},"module_ref":[{"createdAt":"2026-02-27T09:13:26.446Z","updatedAt":"2026-02-27T09:13:26.446Z","id":350559102631936,"module_name":"工程图","level_1_count":"0","level_2_count":null,"level_3_count":null,"level_1_fixed":null,"level_2_fixed":null,"level_3_fixed":null,"p1_total":null,"p1_fixed":null,"p2_total":null,"p2_fixed":null,"p3_total":null,"p3_fixed":null,"total_closed":null,"total_delayed":null,"level_1_rollback":null,"level_1_hang":null,"level_1_other":null,"p1_closed":null,"open_count":null,"retest_failed_count":null,"module_total":null,"suggested_count":null,"p2_fixed_rate":null,"p3_fixed_rate":null,"p1_fixed_rate":null,"level_2_fixed_rate":null,"total_fixed":null,"fixed_unupdated":null,"level_3_fixed_rate":null,"level_1_fixed_rate":null,"p1_close_rate":null,"new_issue_total":null,"new_issue_fixed":null,"total_fixed_rate":null,"total_close_rate":null,"createdById":1,"updatedById":1,"t_5yxbbcczpos":{"createdAt":"2026-02-27T09:14:31.725Z","updatedAt":"2026-02-27T09:14:31.725Z","module_id":350559102631936,"defect_id":350559238946816}}]}}
[32m2026-02-27 17:14:31 [info]  preparing execution for event               [39m 
[32m2026-02-27 17:14:31 [info]  execution of workflow 350558037278720 created as 350559238946817[39m 
[32m2026-02-27 17:14:31 [info]  local pending list is empty, adding execution (350559238946817) to pending list[39m 
[32m2026-02-27 17:14:31 [info]  pending execution (350559238946817) ready to process[39m 
[32m2026-02-27 17:14:31 [info]  execution (350559238946817) starting...     [39m 
[32m2026-02-27 17:14:31 [info]  execution (350559238946817) run instruction [parallel] for node (350558037278721)[39m workflowId=350558037278720
[34m2026-02-27 17:14:31 [debug] config of node                              [39m workflowId=350558037278720
[34m2026-02-27 17:14:31 [debug] job added to save list: {"status":0,"result":[null,null],"nodeId":350558037278721,"nodeKey":"chjc97mlb5y","upstreamId":null,"id":"7708790451360768","createdAt":"2026-02-27T09:14:31.769Z","updatedAt":"2026-02-27T09:14:31.769Z","executionId":350559238946817}[39m workflowId=350558037278720
[32m2026-02-27 17:14:31 [info]  execution (350559238946817) run instruction [aggregate] for node (350558037278737)[39m workflowId=350558037278720
[34m2026-02-27 17:14:31 [debug] config of node                              [39m data={"aggregator":"count","associated":true,"params":{"field":"id","filter":{"$and":[]}},"precision":2,"collection":"defects","association":{"name":"all_defects","associatedKey":"{{$context.data.parent_summary.id}}","associatedCollection":"collection_quality"}} workflowId=350558037278720
[34m2026-02-27 17:14:31 [debug] job added to save list: {"result":3,"status":1,"nodeId":350558037278737,"nodeKey":"ca6c1jxzwq5","id":"7708790459749376","createdAt":"2026-02-27T09:14:31.771Z","updatedAt":"2026-02-27T09:14:31.771Z","executionId":350559238946817}[39m workflowId=350558037278720
[32m2026-02-27 17:14:31 [info]  execution (350559238946817) run instruction [aggregate] for node (350558037278737) finished as status: 1[39m workflowId=350558037278720
[34m2026-02-27 17:14:31 [debug] result of node                              [39m data=3
[34m2026-02-27 17:14:31 [debug] run next node (350558037278738)             [39m 
[32m2026-02-27 17:14:31 [info]  execution (350559238946817) run instruction [update] for node (350558037278738)[39m workflowId=350558037278720
[34m2026-02-27 17:14:31 [debug] config of node                              [39m data={"usingAssignFormSchema":true,"assignFormSchema":{"_isJSONSchemaObject":true,"version":"2.0","name":"0mby4p7m0ow","type":"void","x-component":"Grid","x-initializer":"assignFieldValuesForm:configureFields","properties":{"2wbpfklshda":{"_isJSONSchemaObject":true,"version":"2.0","type":"void","x-component":"Grid.Row","properties":{"ibquc1d6wnd":{"_isJSONSchemaObject":true,"version":"2.0","type":"void","x-component":"Grid.Col","properties":{"total_defect":{"_isJSONSchemaObject":true,"version":"2.0","type":"string","name":"total_defect","x-toolbar":"FormItemSchemaToolbar","x-settings":"fieldSettings:FormItem","x-component":"AssignedField","x-decorator":"FormItem","x-collection-field":"collection_quality.total_defect"}},"name":"ibquc1d6wnd"}},"name":"2wbpfklshda"}}},"collection":"collection_quality","params":{"individualHooks":false,"filter":{"$and":[{"id":{"$eq":"{{$context.data.parent_summary.id}}"}}]},"values":{"total_defect":"{{$jobsMapByNodeKey.ca6c1jxzwq5}}"}}} workflowId=350558037278720
[34m2026-02-27 17:14:31 [debug] job added to save list: {"result":1,"status":1,"nodeId":350558037278738,"nodeKey":"9mun3sl2wtp","id":"7708790505886720","createdAt":"2026-02-27T09:14:31.782Z","updatedAt":"2026-02-27T09:14:31.782Z","executionId":350559238946817}[39m workflowId=350558037278720
[32m2026-02-27 17:14:31 [info]  execution (350559238946817) run instruction [update] for node (350558037278738) finished as status: 1[39m workflowId=350558037278720
[34m2026-02-27 17:14:31 [debug] result of node                              [39m data=1
[34m2026-02-27 17:14:31 [debug] branch ended at node (350558037278738)      [39m 
[34m2026-02-27 17:14:31 [debug] not on main, recall to parent entry node (350558037278738)})[39m workflowId=350558037278720
[32m2026-02-27 17:14:31 [info]  execution (350559238946817) resume instruction [parallel] for node (350558037278721)[39m workflowId=350558037278720
[34m2026-02-27 17:14:31 [debug] config of node                              [39m workflowId=350558037278720
[34m2026-02-27 17:14:31 [debug] job added to save list: {"status":0,"result":[1,null],"nodeId":350558037278721,"nodeKey":"chjc97mlb5y","upstreamId":null,"id":"7708790451360768","createdAt":"2026-02-27T09:14:31.769Z","updatedAt":"2026-02-27T09:14:31.784Z","executionId":350559238946817}[39m workflowId=350558037278720
[32m2026-02-27 17:14:31 [info]  execution (350559238946817) exiting with status 0[39m workflowId=350558037278720
[32m2026-02-27 17:14:31 [info]  execution (350559238946817) run instruction [loop] for node (350558072930304)[39m workflowId=350558037278720
[34m2026-02-27 17:14:31 [debug] config of node                              [39m data={"target":"{{$context.data.module_ref}}","condition":false,"exit":0} workflowId=350558037278720
[34m2026-02-27 17:14:31 [debug] job added to save list: {"status":0,"result":{"looped":0,"done":0},"nodeId":350558072930304,"nodeKey":"60k98hgp2i2","upstreamId":"7708790451360768","id":"7708790522663936","createdAt":"2026-02-27T09:14:31.786Z","updatedAt":"2026-02-27T09:14:31.786Z","executionId":350559238946817}[39m workflowId=350558037278720
[32m2026-02-27 17:14:31 [info]  execution (350559238946817) run instruction [aggregate] for node (350558037278749)[39m workflowId=350558037278720
[34m2026-02-27 17:14:31 [debug] config of node                              [39m data={"aggregator":"count","associated":false,"params":{"field":"id","filter":{"$and":[{"defect_rank":{"$eq":"level1"}},{"label":{"$noneOf":["功能屏蔽","已拒绝","建议"]}},{"module_ref":{"id":{"$eq":"{{$scopes.60k98hgp2i2.item.id}}"}}},{"$or":[{"defect_status":{"$ne":"已关闭"}},{"label":{"$noneOf":["申请否决","数据异常","设计如此"]}}]}]}},"precision":2,"collection":"defects"} workflowId=350558037278720
[34m2026-02-27 17:14:31 [debug] job added to save list: {"result":2,"status":1,"nodeId":350558037278749,"nodeKey":"h14qw1067vw","id":"7708790535246848","createdAt":"2026-02-27T09:14:31.789Z","updatedAt":"2026-02-27T09:14:31.789Z","executionId":350559238946817}[39m workflowId=350558037278720
[32m2026-02-27 17:14:31 [info]  execution (350559238946817) run instruction [aggregate] for node (350558037278749) finished as status: 1[39m workflowId=350558037278720
[34m2026-02-27 17:14:31 [debug] result of node                              [39m data=2
[34m2026-02-27 17:14:31 [debug] run next node (350558037278742)             [39m 
[32m2026-02-27 17:14:31 [info]  execution (350559238946817) run instruction [aggregate] for node (350558037278742)[39m workflowId=350558037278720
[34m2026-02-27 17:14:31 [debug] config of node                              [39m data={"aggregator":"count","associated":false,"params":{"field":"id","filter":{"$and":[{"defect_rank":{"$eq":"level1"}},{"label":{"$noneOf":["功能屏蔽","已拒绝","建议"]}},{"$or":[{"label":{"$anyOf":["已修复","待合并"]}},{"$and":[{"label":{"$anyOf":["未复现"]}},{"defect_status":{"$eq":"已关闭"}}]}]},{"module_ref":{"id":{"$eq":"{{$scopes.60k98hgp2i2.item.id}}"}}},{"$or":[{"defect_status":{"$ne":"已关闭"}},{"label":{"$noneOf":["申请否决","数据异常","设计如此"]}}]}]}},"precision":2,"collection":"defects"} workflowId=350558037278720
[34m2026-02-27 17:14:31 [debug] job added to save list: {"result":1,"status":1,"nodeId":350558037278742,"nodeKey":"cvcey3i9obe","id":"7708790556218368","createdAt":"2026-02-27T09:14:31.794Z","updatedAt":"2026-02-27T09:14:31.794Z","executionId":350559238946817}[39m workflowId=350558037278720
[32m2026-02-27 17:14:31 [info]  execution (350559238946817) run instruction [aggregate] for node (350558037278742) finished as status: 1[39m workflowId=350558037278720
[34m2026-02-27 17:14:31 [debug] result of node                              [39m data=1
[34m2026-02-27 17:14:31 [debug] run next node (350558037278743)             [39m 
[32m2026-02-27 17:14:31 [info]  execution (350559238946817) run instruction [aggregate] for node (350558037278743)[39m workflowId=350558037278720
[34m2026-02-27 17:14:31 [debug] config of node                              [39m data={"aggregator":"count","associated":false,"params":{"field":"id","filter":{"$and":[{"defect_rank":{"$eq":"level1"}},{"module_ref":{"id":{"$eq":"{{$scopes.60k98hgp2i2.item.id}}"}}},{"$or":[{"defect":{"$includes":"退"}},{"defect":{"$includes":"回退"}},{"defect":{"$includes":"倒退"}}]}]}},"precision":2,"collection":"defects"} workflowId=350558037278720
[34m2026-02-27 17:14:31 [debug] job added to save list: {"result":1,"status":1,"nodeId":350558037278743,"nodeKey":"9euqanxv5ca","id":"7708790568801280","createdAt":"2026-02-27T09:14:31.797Z","updatedAt":"2026-02-27T09:14:31.797Z","executionId":350559238946817}[39m workflowId=350558037278720
[32m2026-02-27 17:14:31 [info]  execution (350559238946817) run instruction [aggregate] for node (350558037278743) finished as status: 1[39m workflowId=350558037278720
[34m2026-02-27 17:14:31 [debug] result of node                              [39m data=1
[34m2026-02-27 17:14:31 [debug] run next node (350558037278724)             [39m 
[32m2026-02-27 17:14:31 [info]  execution (350559238946817) run instruction [aggregate] for node (350558037278724)[39m workflowId=350558037278720
[34m2026-02-27 17:14:31 [debug] config of node                              [39m data={"aggregator":"count","associated":false,"params":{"field":"id","filter":{"$and":[{"defect_rank":{"$eq":"level1"}},{"module_ref":{"id":{"$eq":"{{$scopes.60k98hgp2i2.item.id}}"}}},{"$or":[{"defect":{"$includes":"挂机"}}]}]}},"precision":2,"collection":"defects"} workflowId=350558037278720
[34m2026-02-27 17:14:31 [debug] job added to save list: {"result":1,"status":1,"nodeId":350558037278724,"nodeKey":"cjybahnz5qh","id":"7708790581384192","createdAt":"2026-02-27T09:14:31.800Z","updatedAt":"2026-02-27T09:14:31.800Z","executionId":350559238946817}[39m workflowId=350558037278720
[32m2026-02-27 17:14:31 [info]  execution (350559238946817) run instruction [aggregate] for node (350558037278724) finished as status: 1[39m workflowId=350558037278720
[34m2026-02-27 17:14:31 [debug] result of node                              [39m data=1
[34m2026-02-27 17:14:31 [debug] run next node (350558037278748)             [39m 
[32m2026-02-27 17:14:31 [info]  execution (350559238946817) run instruction [aggregate] for node (350558037278748)[39m workflowId=350558037278720
[34m2026-02-27 17:14:31 [debug] config of node                              [39m data={"aggregator":"count","associated":false,"params":{"field":"id","filter":{"$and":[{"defect_rank":{"$eq":"level1"}},{"defect":{"$notIncludes":"退"}},{"defect":{"$notIncludes":"回退"}},{"defect":{"$notIncludes":"倒退"}},{"defect":{"$notIncludes":"挂机"}},{"module_ref":{"id":{"$eq":"{{$scopes.60k98hgp2i2.item.id}}"}}}]}},"precision":2,"collection":"defects"} workflowId=350558037278720
[34m2026-02-27 17:14:31 [debug] job added to save list: {"result":0,"status":1,"nodeId":350558037278748,"nodeKey":"4lo6zk22j0o","id":"7708790602355712","createdAt":"2026-02-27T09:14:31.805Z","updatedAt":"2026-02-27T09:14:31.805Z","executionId":350559238946817}[39m workflowId=350558037278720
[32m2026-02-27 17:14:31 [info]  execution (350559238946817) run instruction [aggregate] for node (350558037278748) finished as status: 1[39m workflowId=350558037278720
[34m2026-02-27 17:14:31 [debug] result of node                              [39m 
[34m2026-02-27 17:14:31 [debug] run next node (350558037278758)             [39m 
[32m2026-02-27 17:14:31 [info]  execution (350559238946817) run instruction [aggregate] for node (350558037278758)[39m workflowId=350558037278720
[34m2026-02-27 17:14:31 [debug] config of node                              [39m data={"aggregator":"count","associated":false,"params":{"field":"id","filter":{"$and":[{"defect_rank":{"$eq":"level2"}},{"label":{"$noneOf":["功能屏蔽","已拒绝","建议"]}},{"module_ref":{"id":{"$eq":"{{$scopes.60k98hgp2i2.item.id}}"}}},{"$or":[{"defect_status":{}},{"label":{"$noneOf":["申请否决","数据异常","设计如此"]}}]}]}},"precision":2,"collection":"defects"} workflowId=350558037278720
[31m2026-02-27 17:14:31 [error] execution (350559238946817) run instruction [aggregate] for node (350558037278758) failed: [39m workflowId=350558037278720
[34m2026-02-27 17:14:31 [debug] job added to save list: {"result":{"message":"Invalid value {}"},"status":-2,"nodeId":350558037278758,"nodeKey":"52k6055vnrg","id":"7708790619132928","createdAt":"2026-02-27T09:14:31.809Z","updatedAt":"2026-02-27T09:14:31.809Z","executionId":350559238946817}[39m workflowId=350558037278720
[32m2026-02-27 17:14:31 [info]  execution (350559238946817) run instruction [aggregate] for node (350558037278758) finished as status: -2[39m workflowId=350558037278720
[34m2026-02-27 17:14:31 [debug] result of node                              [39m data={"message":"Invalid value {}"}
[34m2026-02-27 17:14:31 [debug] branch ended at node (350558037278758)      [39m 
[34m2026-02-27 17:14:31 [debug] not on main, recall to parent entry node (350558037278758)})[39m workflowId=350558037278720
[32m2026-02-27 17:14:31 [info]  execution (350559238946817) resume instruction [loop] for node (350558072930304)[39m workflowId=350558037278720
[34m2026-02-27 17:14:31 [debug] config of node                              [39m data={"target":"{{$context.data.module_ref}}","condition":false,"exit":0} workflowId=350558037278720
[34m2026-02-27 17:14:31 [debug] job added to save list: {"status":-2,"result":{"looped":1,"done":0},"nodeId":350558072930304,"nodeKey":"60k98hgp2i2","upstreamId":"7708790451360768","id":"7708790522663936","createdAt":"2026-02-27T09:14:31.786Z","updatedAt":"2026-02-27T09:14:31.811Z","executionId":350559238946817}[39m workflowId=350558037278720
[32m2026-02-27 17:14:31 [info]  execution (350559238946817) run instruction [loop] for node (350558072930304) finished as status: -2[39m workflowId=350558037278720
[34m2026-02-27 17:14:31 [debug] result of node                              [39m data={"looped":1,"done":0}
[34m2026-02-27 17:14:31 [debug] branch ended at node (350558072930304)      [39m 
[34m2026-02-27 17:14:31 [debug] not on main, recall to parent entry node (350558072930304)})[39m workflowId=350558037278720
[32m2026-02-27 17:14:31 [info]  execution (350559238946817) resume instruction [parallel] for node (350558037278721)[39m workflowId=350558037278720
[34m2026-02-27 17:14:31 [debug] config of node                              [39m workflowId=350558037278720
[34m2026-02-27 17:14:31 [debug] job added to save list: {"status":-2,"result":[1,-2],"nodeId":350558037278721,"nodeKey":"chjc97mlb5y","upstreamId":null,"id":"7708790451360768","createdAt":"2026-02-27T09:14:31.769Z","updatedAt":"2026-02-27T09:14:31.784Z","executionId":350559238946817}[39m workflowId=350558037278720
[32m2026-02-27 17:14:31 [info]  execution (350559238946817) run instruction [parallel] for node (350558037278721) finished as status: -2[39m workflowId=350558037278720
[34m2026-02-27 17:14:31 [debug] result of node                              [39m data=[1,-2]
[34m2026-02-27 17:14:31 [debug] branch ended at node (350558037278721)      [39m 
[32m2026-02-27 17:14:31 [info]  execution (350559238946817) exiting with status -2[39m workflowId=350558037278720
[32m2026-02-27 17:14:31 [info]  execution (350559238946817) finished with status: -2[39m 
[34m2026-02-27 17:14:31 [debug] execution (350559238946817) details:        [39m execution={"createdAt":"2026-02-27T09:14:31.736Z","id":350559238946817,"updatedAt":"2026-02-27T09:14:31.819Z","key":"gljlkxparob","eventKey":"e5b0ee85-4179-449c-80a6-20f7ef8cfb8b","context":{"data":{"createdAt":"2026-02-27T09:14:31.717Z","updatedAt":"2026-02-27T09:14:31.720Z","defect_classification":"挂机","defect":"导入大型文件时系统界面挂机","defect_rank":"level1","priority":"P1","id":350559238946816,"defect_status":"待修复","module":null,"f_jmazop48q5l":350559098437632,"label":["延期"],"createdById":1,"updatedById":1,"parent_summary":{"createdAt":"2026-02-27T09:13:24.381Z","updatedAt":"2026-02-27T09:14:11.925Z","owner_id":"nocobase","id":350559098437632,"total_count":null,"tested_count":null,"defect_count":null,"fixed_count":null,"pending_count":null,"loc":null,"kloc":0,"testing_rate":null,"fix_rate":null,"pending_rate":null,"defect_density":null,"total_defect":2,"module_type":"缺陷汇总","createdById":1,"updatedById":1},"module_ref":[{"createdAt":"2026-02-27T09:13:26.446Z","updatedAt":"2026-02-27T09:13:26.446Z","id":350559102631936,"module_name":"工程图","level_1_count":"0","level_2_count":null,"level_3_count":null,"level_1_fixed":null,"level_2_fixed":null,"level_3_fixed":null,"p1_total":null,"p1_fixed":null,"p2_total":null,"p2_fixed":null,"p3_total":null,"p3_fixed":null,"total_closed":null,"total_delayed":null,"level_1_rollback":null,"level_1_hang":null,"level_1_other":null,"p1_closed":null,"open_count":null,"retest_failed_count":null,"module_total":null,"suggested_count":null,"p2_fixed_rate":null,"p3_fixed_rate":null,"p1_fixed_rate":null,"level_2_fixed_rate":null,"total_fixed":null,"fixed_unupdated":null,"level_3_fixed_rate":null,"level_1_fixed_rate":null,"p1_close_rate":null,"new_issue_total":null,"new_issue_fixed":null,"total_fixed_rate":null,"total_close_rate":null,"createdById":1,"updatedById":1,"t_5yxbbcczpos":{"createdAt":"2026-02-27T09:14:31.725Z","updatedAt":"2026-02-27T09:14:31.725Z","module_id":350559102631936,"defect_id":350559238946816}}]}},"status":-2,"dispatched":true,"stack":null,"output":null,"manually":null,"workflowId":350558037278720}
[32m2026-02-27 17:14:58 [info]  new event triggered, now events: 1          [39m 
[34m2026-02-27 17:14:58 [debug] event data:                                 [39m context={"data":{"createdAt":"2026-02-27T09:14:58.581Z","updatedAt":"2026-02-27T09:14:58.586Z","defect_classification":"其他","defect":"图纸错误","defect_rank":"level1","priority":"P1","id":350559295569920,"defect_status":"待修复","module":null,"f_jmazop48q5l":350559098437632,"label":["延期"],"createdById":1,"updatedById":1,"parent_summary":{"createdAt":"2026-02-27T09:13:24.381Z","updatedAt":"2026-02-27T09:14:31.773Z","owner_id":"nocobase","id":350559098437632,"total_count":null,"tested_count":null,"defect_count":null,"fixed_count":null,"pending_count":null,"loc":null,"kloc":0,"testing_rate":null,"fix_rate":null,"pending_rate":null,"defect_density":null,"total_defect":3,"module_type":"缺陷汇总","createdById":1,"updatedById":1},"module_ref":[{"createdAt":"2026-02-27T09:13:26.446Z","updatedAt":"2026-02-27T09:13:26.446Z","id":350559102631936,"module_name":"工程图","level_1_count":"0","level_2_count":null,"level_3_count":null,"level_1_fixed":null,"level_2_fixed":null,"level_3_fixed":null,"p1_total":null,"p1_fixed":null,"p2_total":null,"p2_fixed":null,"p3_total":null,"p3_fixed":null,"total_closed":null,"total_delayed":null,"level_1_rollback":null,"level_1_hang":null,"level_1_other":null,"p1_closed":null,"open_count":null,"retest_failed_count":null,"module_total":null,"suggested_count":null,"p2_fixed_rate":null,"p3_fixed_rate":null,"p1_fixed_rate":null,"level_2_fixed_rate":null,"total_fixed":null,"fixed_unupdated":null,"level_3_fixed_rate":null,"level_1_fixed_rate":null,"p1_close_rate":null,"new_issue_total":null,"new_issue_fixed":null,"total_fixed_rate":null,"total_close_rate":null,"createdById":1,"updatedById":1,"t_5yxbbcczpos":{"createdAt":"2026-02-27T09:14:58.591Z","updatedAt":"2026-02-27T09:14:58.591Z","module_id":350559102631936,"defect_id":350559295569920}},{"createdAt":"2026-02-27T09:13:28.821Z","updatedAt":"2026-02-27T09:13:28.821Z","id":350559106826240,"module_name":"草图","level_1_count":"0","level_2_count":null,"level_3_count":null,"level_1_fixed":null,"level_2_fixed":null,"level_3_fixed":null,"p1_total":null,"p1_fixed":null,"p2_total":null,"p2_fixed":null,"p3_total":null,"p3_fixed":null,"total_closed":null,"total_delayed":null,"level_1_rollback":null,"level_1_hang":null,"level_1_other":null,"p1_closed":null,"open_count":null,"retest_failed_count":null,"module_total":null,"suggested_count":null,"p2_fixed_rate":null,"p3_fixed_rate":null,"p1_fixed_rate":null,"level_2_fixed_rate":null,"total_fixed":null,"fixed_unupdated":null,"level_3_fixed_rate":null,"level_1_fixed_rate":null,"p1_close_rate":null,"new_issue_total":null,"new_issue_fixed":null,"total_fixed_rate":null,"total_close_rate":null,"createdById":1,"updatedById":1,"t_5yxbbcczpos":{"createdAt":"2026-02-27T09:14:58.591Z","updatedAt":"2026-02-27T09:14:58.591Z","module_id":350559106826240,"defect_id":350559295569920}}]}}
[32m2026-02-27 17:14:58 [info]  preparing execution for event               [39m 
[32m2026-02-27 17:14:58 [info]  execution of workflow 350558037278720 created as 350559295569921[39m 
[32m2026-02-27 17:14:58 [info]  local pending list is empty, adding execution (350559295569921) to pending list[39m 
[32m2026-02-27 17:14:58 [info]  pending execution (350559295569921) ready to process[39m 
[32m2026-02-27 17:14:58 [info]  execution (350559295569921) starting...     [39m 
[32m2026-02-27 17:14:58 [info]  execution (350559295569921) run instruction [parallel] for node (350558037278721)[39m workflowId=350558037278720
[34m2026-02-27 17:14:58 [debug] config of node                              [39m workflowId=350558037278720
[34m2026-02-27 17:14:58 [debug] job added to save list: {"status":0,"result":[null,null],"nodeId":350558037278721,"nodeKey":"chjc97mlb5y","upstreamId":null,"id":"7708903076811776","createdAt":"2026-02-27T09:14:58.621Z","updatedAt":"2026-02-27T09:14:58.621Z","executionId":350559295569921}[39m workflowId=350558037278720
[32m2026-02-27 17:14:58 [info]  execution (350559295569921) run instruction [aggregate] for node (350558037278737)[39m workflowId=350558037278720
[34m2026-02-27 17:14:58 [debug] config of node                              [39m data={"aggregator":"count","associated":true,"params":{"field":"id","filter":{"$and":[]}},"precision":2,"collection":"defects","association":{"name":"all_defects","associatedKey":"{{$context.data.parent_summary.id}}","associatedCollection":"collection_quality"}} workflowId=350558037278720
[34m2026-02-27 17:14:58 [debug] job added to save list: {"result":4,"status":1,"nodeId":350558037278737,"nodeKey":"ca6c1jxzwq5","id":"7708903085200384","createdAt":"2026-02-27T09:14:58.623Z","updatedAt":"2026-02-27T09:14:58.623Z","executionId":350559295569921}[39m workflowId=350558037278720
[32m2026-02-27 17:14:58 [info]  execution (350559295569921) run instruction [aggregate] for node (350558037278737) finished as status: 1[39m workflowId=350558037278720
[34m2026-02-27 17:14:58 [debug] result of node                              [39m data=4
[34m2026-02-27 17:14:58 [debug] run next node (350558037278738)             [39m 
[32m2026-02-27 17:14:58 [info]  execution (350559295569921) run instruction [update] for node (350558037278738)[39m workflowId=350558037278720
[34m2026-02-27 17:14:58 [debug] config of node                              [39m data={"usingAssignFormSchema":true,"assignFormSchema":{"_isJSONSchemaObject":true,"version":"2.0","name":"0mby4p7m0ow","type":"void","x-component":"Grid","x-initializer":"assignFieldValuesForm:configureFields","properties":{"2wbpfklshda":{"_isJSONSchemaObject":true,"version":"2.0","type":"void","x-component":"Grid.Row","properties":{"ibquc1d6wnd":{"_isJSONSchemaObject":true,"version":"2.0","type":"void","x-component":"Grid.Col","properties":{"total_defect":{"_isJSONSchemaObject":true,"version":"2.0","type":"string","name":"total_defect","x-toolbar":"FormItemSchemaToolbar","x-settings":"fieldSettings:FormItem","x-component":"AssignedField","x-decorator":"FormItem","x-collection-field":"collection_quality.total_defect"}},"name":"ibquc1d6wnd"}},"name":"2wbpfklshda"}}},"collection":"collection_quality","params":{"individualHooks":false,"filter":{"$and":[{"id":{"$eq":"{{$context.data.parent_summary.id}}"}}]},"values":{"total_defect":"{{$jobsMapByNodeKey.ca6c1jxzwq5}}"}}} workflowId=350558037278720
[34m2026-02-27 17:14:58 [debug] job added to save list: {"result":1,"status":1,"nodeId":350558037278738,"nodeKey":"9mun3sl2wtp","id":"7708903152309248","createdAt":"2026-02-27T09:14:58.639Z","updatedAt":"2026-02-27T09:14:58.639Z","executionId":350559295569921}[39m workflowId=350558037278720
[32m2026-02-27 17:14:58 [info]  execution (350559295569921) run instruction [update] for node (350558037278738) finished as status: 1[39m workflowId=350558037278720
[34m2026-02-27 17:14:58 [debug] result of node                              [39m data=1
[34m2026-02-27 17:14:58 [debug] branch ended at node (350558037278738)      [39m 
[34m2026-02-27 17:14:58 [debug] not on main, recall to parent entry node (350558037278738)})[39m workflowId=350558037278720
[32m2026-02-27 17:14:58 [info]  execution (350559295569921) resume instruction [parallel] for node (350558037278721)[39m workflowId=350558037278720
[34m2026-02-27 17:14:58 [debug] config of node                              [39m workflowId=350558037278720
[34m2026-02-27 17:14:58 [debug] job added to save list: {"status":0,"result":[1,null],"nodeId":350558037278721,"nodeKey":"chjc97mlb5y","upstreamId":null,"id":"7708903076811776","createdAt":"2026-02-27T09:14:58.621Z","updatedAt":"2026-02-27T09:14:58.640Z","executionId":350559295569921}[39m workflowId=350558037278720
[32m2026-02-27 17:14:58 [info]  execution (350559295569921) exiting with status 0[39m workflowId=350558037278720
[32m2026-02-27 17:14:58 [info]  execution (350559295569921) run instruction [loop] for node (350558072930304)[39m workflowId=350558037278720
[34m2026-02-27 17:14:58 [debug] config of node                              [39m data={"target":"{{$context.data.module_ref}}","condition":false,"exit":0} workflowId=350558037278720
[34m2026-02-27 17:14:58 [debug] job added to save list: {"status":0,"result":{"looped":0,"done":0},"nodeId":350558072930304,"nodeKey":"60k98hgp2i2","upstreamId":"7708903076811776","id":"7708903169086464","createdAt":"2026-02-27T09:14:58.643Z","updatedAt":"2026-02-27T09:14:58.643Z","executionId":350559295569921}[39m workflowId=350558037278720
[32m2026-02-27 17:14:58 [info]  execution (350559295569921) run instruction [aggregate] for node (350558037278749)[39m workflowId=350558037278720
[34m2026-02-27 17:14:58 [debug] config of node                              [39m data={"aggregator":"count","associated":false,"params":{"field":"id","filter":{"$and":[{"defect_rank":{"$eq":"level1"}},{"label":{"$noneOf":["功能屏蔽","已拒绝","建议"]}},{"module_ref":{"id":{"$eq":"{{$scopes.60k98hgp2i2.item.id}}"}}},{"$or":[{"defect_status":{"$ne":"已关闭"}},{"label":{"$noneOf":["申请否决","数据异常","设计如此"]}}]}]}},"precision":2,"collection":"defects"} workflowId=350558037278720
[34m2026-02-27 17:14:58 [debug] job added to save list: {"result":3,"status":1,"nodeId":350558037278749,"nodeKey":"h14qw1067vw","id":"7708903181669376","createdAt":"2026-02-27T09:14:58.646Z","updatedAt":"2026-02-27T09:14:58.646Z","executionId":350559295569921}[39m workflowId=350558037278720
[32m2026-02-27 17:14:58 [info]  execution (350559295569921) run instruction [aggregate] for node (350558037278749) finished as status: 1[39m workflowId=350558037278720
[34m2026-02-27 17:14:58 [debug] result of node                              [39m data=3
[34m2026-02-27 17:14:58 [debug] run next node (350558037278742)             [39m 
[32m2026-02-27 17:14:58 [info]  execution (350559295569921) run instruction [aggregate] for node (350558037278742)[39m workflowId=350558037278720
[34m2026-02-27 17:14:58 [debug] config of node                              [39m data={"aggregator":"count","associated":false,"params":{"field":"id","filter":{"$and":[{"defect_rank":{"$eq":"level1"}},{"label":{"$noneOf":["功能屏蔽","已拒绝","建议"]}},{"$or":[{"label":{"$anyOf":["已修复","待合并"]}},{"$and":[{"label":{"$anyOf":["未复现"]}},{"defect_status":{"$eq":"已关闭"}}]}]},{"module_ref":{"id":{"$eq":"{{$scopes.60k98hgp2i2.item.id}}"}}},{"$or":[{"defect_status":{"$ne":"已关闭"}},{"label":{"$noneOf":["申请否决","数据异常","设计如此"]}}]}]}},"precision":2,"collection":"defects"} workflowId=350558037278720
[34m2026-02-27 17:14:58 [debug] job added to save list: {"result":1,"status":1,"nodeId":350558037278742,"nodeKey":"cvcey3i9obe","id":"7708903206835200","createdAt":"2026-02-27T09:14:58.652Z","updatedAt":"2026-02-27T09:14:58.652Z","executionId":350559295569921}[39m workflowId=350558037278720
[32m2026-02-27 17:14:58 [info]  execution (350559295569921) run instruction [aggregate] for node (350558037278742) finished as status: 1[39m workflowId=350558037278720
[34m2026-02-27 17:14:58 [debug] result of node                              [39m data=1
[34m2026-02-27 17:14:58 [debug] run next node (350558037278743)             [39m 
[32m2026-02-27 17:14:58 [info]  execution (350559295569921) run instruction [aggregate] for node (350558037278743)[39m workflowId=350558037278720
[34m2026-02-27 17:14:58 [debug] config of node                              [39m data={"aggregator":"count","associated":false,"params":{"field":"id","filter":{"$and":[{"defect_rank":{"$eq":"level1"}},{"module_ref":{"id":{"$eq":"{{$scopes.60k98hgp2i2.item.id}}"}}},{"$or":[{"defect":{"$includes":"退"}},{"defect":{"$includes":"回退"}},{"defect":{"$includes":"倒退"}}]}]}},"precision":2,"collection":"defects"} workflowId=350558037278720
[34m2026-02-27 17:14:58 [debug] job added to save list: {"result":1,"status":1,"nodeId":350558037278743,"nodeKey":"9euqanxv5ca","id":"7708903223612416","createdAt":"2026-02-27T09:14:58.656Z","updatedAt":"2026-02-27T09:14:58.656Z","executionId":350559295569921}[39m workflowId=350558037278720
[32m2026-02-27 17:14:58 [info]  execution (350559295569921) run instruction [aggregate] for node (350558037278743) finished as status: 1[39m workflowId=350558037278720
[34m2026-02-27 17:14:58 [debug] result of node                              [39m data=1
[34m2026-02-27 17:14:58 [debug] run next node (350558037278724)             [39m 
[32m2026-02-27 17:14:58 [info]  execution (350559295569921) run instruction [aggregate] for node (350558037278724)[39m workflowId=350558037278720
[34m2026-02-27 17:14:58 [debug] config of node                              [39m data={"aggregator":"count","associated":false,"params":{"field":"id","filter":{"$and":[{"defect_rank":{"$eq":"level1"}},{"module_ref":{"id":{"$eq":"{{$scopes.60k98hgp2i2.item.id}}"}}},{"$or":[{"defect":{"$includes":"挂机"}}]}]}},"precision":2,"collection":"defects"} workflowId=350558037278720
[34m2026-02-27 17:14:58 [debug] job added to save list: {"result":1,"status":1,"nodeId":350558037278724,"nodeKey":"cjybahnz5qh","id":"7708903240389632","createdAt":"2026-02-27T09:14:58.660Z","updatedAt":"2026-02-27T09:14:58.660Z","executionId":350559295569921}[39m workflowId=350558037278720
[32m2026-02-27 17:14:58 [info]  execution (350559295569921) run instruction [aggregate] for node (350558037278724) finished as status: 1[39m workflowId=350558037278720
[34m2026-02-27 17:14:58 [debug] result of node                              [39m data=1
[34m2026-02-27 17:14:58 [debug] run next node (350558037278748)             [39m 
[32m2026-02-27 17:14:58 [info]  execution (350559295569921) run instruction [aggregate] for node (350558037278748)[39m workflowId=350558037278720
[34m2026-02-27 17:14:58 [debug] config of node                              [39m data={"aggregator":"count","associated":false,"params":{"field":"id","filter":{"$and":[{"defect_rank":{"$eq":"level1"}},{"defect":{"$notIncludes":"退"}},{"defect":{"$notIncludes":"回退"}},{"defect":{"$notIncludes":"倒退"}},{"defect":{"$notIncludes":"挂机"}},{"module_ref":{"id":{"$eq":"{{$scopes.60k98hgp2i2.item.id}}"}}}]}},"precision":2,"collection":"defects"} workflowId=350558037278720
[34m2026-02-27 17:14:58 [debug] job added to save list: {"result":1,"status":1,"nodeId":350558037278748,"nodeKey":"4lo6zk22j0o","id":"7708903261361152","createdAt":"2026-02-27T09:14:58.665Z","updatedAt":"2026-02-27T09:14:58.665Z","executionId":350559295569921}[39m workflowId=350558037278720
[32m2026-02-27 17:14:58 [info]  execution (350559295569921) run instruction [aggregate] for node (350558037278748) finished as status: 1[39m workflowId=350558037278720
[34m2026-02-27 17:14:58 [debug] result of node                              [39m data=1
[34m2026-02-27 17:14:58 [debug] run next node (350558037278758)             [39m 
[32m2026-02-27 17:14:58 [info]  execution (350559295569921) run instruction [aggregate] for node (350558037278758)[39m workflowId=350558037278720
[34m2026-02-27 17:14:58 [debug] config of node                              [39m data={"aggregator":"count","associated":false,"params":{"field":"id","filter":{"$and":[{"defect_rank":{"$eq":"level2"}},{"label":{"$noneOf":["功能屏蔽","已拒绝","建议"]}},{"module_ref":{"id":{"$eq":"{{$scopes.60k98hgp2i2.item.id}}"}}},{"$or":[{"defect_status":{}},{"label":{"$noneOf":["申请否决","数据异常","设计如此"]}}]}]}},"precision":2,"collection":"defects"} workflowId=350558037278720
[31m2026-02-27 17:14:58 [error] execution (350559295569921) run instruction [aggregate] for node (350558037278758) failed: [39m workflowId=350558037278720
[34m2026-02-27 17:14:58 [debug] job added to save list: {"result":{"message":"Invalid value {}"},"status":-2,"nodeId":350558037278758,"nodeKey":"52k6055vnrg","id":"7708903278138368","createdAt":"2026-02-27T09:14:58.669Z","updatedAt":"2026-02-27T09:14:58.669Z","executionId":350559295569921}[39m workflowId=350558037278720
[32m2026-02-27 17:14:58 [info]  execution (350559295569921) run instruction [aggregate] for node (350558037278758) finished as status: -2[39m workflowId=350558037278720
[34m2026-02-27 17:14:58 [debug] result of node                              [39m data={"message":"Invalid value {}"}
[34m2026-02-27 17:14:58 [debug] branch ended at node (350558037278758)      [39m 
[34m2026-02-27 17:14:58 [debug] not on main, recall to parent entry node (350558037278758)})[39m workflowId=350558037278720
[32m2026-02-27 17:14:58 [info]  execution (350559295569921) resume instruction [loop] for node (350558072930304)[39m workflowId=350558037278720
[34m2026-02-27 17:14:58 [debug] config of node                              [39m data={"target":"{{$context.data.module_ref}}","condition":false,"exit":0} workflowId=350558037278720
[34m2026-02-27 17:14:58 [debug] job added to save list: {"status":-2,"result":{"looped":1,"done":0},"nodeId":350558072930304,"nodeKey":"60k98hgp2i2","upstreamId":"7708903076811776","id":"7708903169086464","createdAt":"2026-02-27T09:14:58.643Z","updatedAt":"2026-02-27T09:14:58.671Z","executionId":350559295569921}[39m workflowId=350558037278720
[32m2026-02-27 17:14:58 [info]  execution (350559295569921) run instruction [loop] for node (350558072930304) finished as status: -2[39m workflowId=350558037278720
[34m2026-02-27 17:14:58 [debug] result of node                              [39m data={"looped":1,"done":0}
[34m2026-02-27 17:14:58 [debug] branch ended at node (350558072930304)      [39m 
[34m2026-02-27 17:14:58 [debug] not on main, recall to parent entry node (350558072930304)})[39m workflowId=350558037278720
[32m2026-02-27 17:14:58 [info]  execution (350559295569921) resume instruction [parallel] for node (350558037278721)[39m workflowId=350558037278720
[34m2026-02-27 17:14:58 [debug] config of node                              [39m workflowId=350558037278720
[34m2026-02-27 17:14:58 [debug] job added to save list: {"status":-2,"result":[1,-2],"nodeId":350558037278721,"nodeKey":"chjc97mlb5y","upstreamId":null,"id":"7708903076811776","createdAt":"2026-02-27T09:14:58.621Z","updatedAt":"2026-02-27T09:14:58.640Z","executionId":350559295569921}[39m workflowId=350558037278720
[32m2026-02-27 17:14:58 [info]  execution (350559295569921) run instruction [parallel] for node (350558037278721) finished as status: -2[39m workflowId=350558037278720
[34m2026-02-27 17:14:58 [debug] result of node                              [39m data=[1,-2]
[34m2026-02-27 17:14:58 [debug] branch ended at node (350558037278721)      [39m 
[32m2026-02-27 17:14:58 [info]  execution (350559295569921) exiting with status -2[39m workflowId=350558037278720
[32m2026-02-27 17:14:58 [info]  execution (350559295569921) finished with status: -2[39m 
[34m2026-02-27 17:14:58 [debug] execution (350559295569921) details:        [39m execution={"createdAt":"2026-02-27T09:14:58.604Z","id":350559295569921,"updatedAt":"2026-02-27T09:14:58.676Z","key":"gljlkxparob","eventKey":"2e3c4f26-72f3-4691-b2c5-d068cc831ca5","context":{"data":{"createdAt":"2026-02-27T09:14:58.581Z","updatedAt":"2026-02-27T09:14:58.586Z","defect_classification":"其他","defect":"图纸错误","defect_rank":"level1","priority":"P1","id":350559295569920,"defect_status":"待修复","module":null,"f_jmazop48q5l":350559098437632,"label":["延期"],"createdById":1,"updatedById":1,"parent_summary":{"createdAt":"2026-02-27T09:13:24.381Z","updatedAt":"2026-02-27T09:14:31.773Z","owner_id":"nocobase","id":350559098437632,"total_count":null,"tested_count":null,"defect_count":null,"fixed_count":null,"pending_count":null,"loc":null,"kloc":0,"testing_rate":null,"fix_rate":null,"pending_rate":null,"defect_density":null,"total_defect":3,"module_type":"缺陷汇总","createdById":1,"updatedById":1},"module_ref":[{"createdAt":"2026-02-27T09:13:26.446Z","updatedAt":"2026-02-27T09:13:26.446Z","id":350559102631936,"module_name":"工程图","level_1_count":"0","level_2_count":null,"level_3_count":null,"level_1_fixed":null,"level_2_fixed":null,"level_3_fixed":null,"p1_total":null,"p1_fixed":null,"p2_total":null,"p2_fixed":null,"p3_total":null,"p3_fixed":null,"total_closed":null,"total_delayed":null,"level_1_rollback":null,"level_1_hang":null,"level_1_other":null,"p1_closed":null,"open_count":null,"retest_failed_count":null,"module_total":null,"suggested_count":null,"p2_fixed_rate":null,"p3_fixed_rate":null,"p1_fixed_rate":null,"level_2_fixed_rate":null,"total_fixed":null,"fixed_unupdated":null,"level_3_fixed_rate":null,"level_1_fixed_rate":null,"p1_close_rate":null,"new_issue_total":null,"new_issue_fixed":null,"total_fixed_rate":null,"total_close_rate":null,"createdById":1,"updatedById":1,"t_5yxbbcczpos":{"createdAt":"2026-02-27T09:14:58.591Z","updatedAt":"2026-02-27T09:14:58.591Z","module_id":350559102631936,"defect_id":350559295569920}},{"createdAt":"2026-02-27T09:13:28.821Z","updatedAt":"2026-02-27T09:13:28.821Z","id":350559106826240,"module_name":"草图","level_1_count":"0","level_2_count":null,"level_3_count":null,"level_1_fixed":null,"level_2_fixed":null,"level_3_fixed":null,"p1_total":null,"p1_fixed":null,"p2_total":null,"p2_fixed":null,"p3_total":null,"p3_fixed":null,"total_closed":null,"total_delayed":null,"level_1_rollback":null,"level_1_hang":null,"level_1_other":null,"p1_closed":null,"open_count":null,"retest_failed_count":null,"module_total":null,"suggested_count":null,"p2_fixed_rate":null,"p3_fixed_rate":null,"p1_fixed_rate":null,"level_2_fixed_rate":null,"total_fixed":null,"fixed_unupdated":null,"level_3_fixed_rate":null,"level_1_fixed_rate":null,"p1_close_rate":null,"new_issue_total":null,"new_issue_fixed":null,"total_fixed_rate":null,"total_close_rate":null,"createdById":1,"updatedById":1,"t_5yxbbcczpos":{"createdAt":"2026-02-27T09:14:58.591Z","updatedAt":"2026-02-27T09:14:58.591Z","module_id":350559106826240,"defect_id":350559295569920}}]}},"status":-2,"dispatched":true,"stack":null,"output":null,"manually":null,"workflowId":350558037278720}
[32m2026-02-27 17:19:40 [info]  toggle OFF workflow 350558037278720         [39m workflowId=350558037278720
[32m2026-02-27 17:19:40 [info]  toggle OFF workflow 350558037278720         [39m workflowId=350558037278720
