[32m2026-03-16 16:29:08 [info]  toggle ON workflow 353633807826944          [39m workflowId=353633807826944
[32m2026-03-16 16:29:44 [info]  new event triggered, now events: 3          [39m 
[34m2026-03-16 16:29:44 [debug] event data:                                 [39m context={"data":{"createdAt":"2026-03-16T08:29:44.107Z","updatedAt":"2026-03-16T08:29:44.119Z","f_0ipjqjhd3dt":456,"f_jmazop48q5l":353633853964288,"level_1_cause":null,"defect_classification":"其他","defect_status":"已关闭","level_2_cause":null,"defect":"测试模块缺失数据","defect_rank":"level1","priority":"P1","id":353633902198784,"discovery_stage":"独立评审","specific_reason":null,"module":null,"repair_plan":null,"test_stage":null,"label":["已修复","已关闭"],"round":"CC2026R2回归测试","issue_id":null,"assignee":null,"feature_name":null,"issue_state":null,"repair_status":null,"gitlab_url":null,"createdById":1,"updatedById":1,"__tableName":"defects","__schemaName":"public","review_ref":{"createdAt":"2026-03-12T02:54:53.337Z","updatedAt":"2026-03-16T07:54:54.815Z","module_id":null,"eff_issue_hour":0,"id":456,"eff_page_hour":0.36,"round":"CC2026R2回归测试","workload_indep":8,"page_count":5,"workload_joint":6,"total_issues":0,"eff_indep_issues":0,"eff_meet_issues":0,"review_density":0,"is_standard":"是","review_hours":null,"fail_reason":null,"createdById":1,"updatedById":1},"__collection":"defects"}}
[32m2026-03-16 16:29:44 [info]  new event is pending to be prepared after previous preparation is finished[39m 
[32m2026-03-16 16:29:44 [info]  preparing execution for event               [39m 
[32m2026-03-16 16:29:44 [info]  execution of workflow 353633807826944 created as 353633902198787[39m 
[32m2026-03-16 16:29:44 [info]  instance is not serving as worker or local pending list is not empty, sending execution (353633902198787) to queue[39m 
[32m2026-03-16 16:29:44 [info]  execution (353633902198787) fetched from db [39m 
[32m2026-03-16 16:29:44 [info]  execution (353633902198787) starting...     [39m 
[32m2026-03-16 16:29:44 [info]  execution (353633902198787) run instruction [sql] for node (353633807826945)[39m workflowId=353633807826944
[34m2026-03-16 16:29:44 [debug] config of node                              [39m data={"dataSource":"main","sql":"/* 1. 清理汇总表旧数据 */\nDELETE FROM \"defects_reason\" \nWHERE \"review_id\" = {{ $context.data.id }};\n\n/* 2. 重新统计并插入 */\nINSERT INTO \"defects_reason\" (\n    \"review_id\",\n    \"module_id\",\n    \"count_requirement\", \n    \"count_design\", \n    \"count_coding\", \n    \"count_package\", \n    \"count_dependency\"\n)\nSELECT \n    '{{ $context.data.id }}'::bigint,\n    t1.\"f_jmazop48q5l\",                -- 👈 根据 JSON，这才是模块的外键名\n    SUM(CASE WHEN t1.\"level_1_cause\" = '需求问题' THEN 1 ELSE 0 END),\n    SUM(CASE WHEN t1.\"level_1_cause\" = '设计问题' THEN 1 ELSE 0 END),\n    SUM(CASE WHEN t1.\"level_1_cause\" = '编码规范' THEN 1 ELSE 0 END),\n    SUM(CASE WHEN t1.\"level_1_cause\" = '打包问题' THEN 1 ELSE 0 END),\n    SUM(CASE WHEN t1.\"level_1_cause\" = '依赖问题' THEN 1 ELSE 0 END)\nFROM \"defects\" AS t1\nWHERE t1.\"f_0ipjqjhd3dt\" = {{ $context.data.id }} -- 👈 根据 JSON，这是评审外键\nGROUP BY t1.\"f_jmazop48q5l\";"} workflowId=353633807826944
[34m2026-03-16 16:29:44 [debug] job added to save list: {"result":[],"status":1,"nodeId":353633807826945,"nodeKey":"if7j7gptm8l","id":"13858112125565952","createdAt":"2026-03-16T08:29:44.305Z","updatedAt":"2026-03-16T08:29:44.305Z","executionId":353633902198787}[39m workflowId=353633807826944
[32m2026-03-16 16:29:44 [info]  execution (353633902198787) run instruction [sql] for node (353633807826945) finished as status: 1[39m workflowId=353633807826944
[34m2026-03-16 16:29:44 [debug] result of node                              [39m 
[34m2026-03-16 16:29:44 [debug] branch ended at node (353633807826945)      [39m 
[32m2026-03-16 16:29:44 [info]  execution (353633902198787) exiting with status 1[39m workflowId=353633807826944
[32m2026-03-16 16:29:44 [info]  execution (353633902198787) finished with status: 1[39m 
[34m2026-03-16 16:29:44 [debug] execution (353633902198787) details:        [39m execution={"createdAt":"2026-03-16T08:29:44.147Z","id":353633902198787,"updatedAt":"2026-03-16T08:29:44.307Z","key":"8way4v31o8w","eventKey":"f3cb8784-dfd5-4158-8109-5af6216a049b","context":{"data":{"createdAt":"2026-03-16T08:29:44.107Z","updatedAt":"2026-03-16T08:29:44.119Z","f_0ipjqjhd3dt":456,"f_jmazop48q5l":353633853964288,"level_1_cause":null,"defect_classification":"其他","defect_status":"已关闭","level_2_cause":null,"defect":"测试模块缺失数据","defect_rank":"level1","priority":"P1","id":353633902198784,"discovery_stage":"独立评审","specific_reason":null,"module":null,"repair_plan":null,"test_stage":null,"label":["已修复","已关闭"],"round":"CC2026R2回归测试","issue_id":null,"assignee":null,"feature_name":null,"issue_state":null,"repair_status":null,"gitlab_url":null,"createdById":1,"updatedById":1,"__tableName":"defects","__schemaName":"public","review_ref":{"createdAt":"2026-03-12T02:54:53.337Z","updatedAt":"2026-03-16T07:54:54.815Z","module_id":null,"eff_issue_hour":0,"id":456,"eff_page_hour":0.36,"round":"CC2026R2回归测试","workload_indep":8,"page_count":5,"workload_joint":6,"total_issues":0,"eff_indep_issues":0,"eff_meet_issues":0,"review_density":0,"is_standard":"是","review_hours":null,"fail_reason":null,"createdById":1,"updatedById":1},"__collection":"defects"}},"status":1,"dispatched":true,"stack":null,"output":null,"manually":null,"workflowId":353633807826944}
[32m2026-03-16 16:38:38 [info]  new event triggered, now events: 3          [39m 
[34m2026-03-16 16:38:38 [debug] event data:                                 [39m context={"data":{"createdAt":"2026-03-16T08:38:38.557Z","updatedAt":"2026-03-16T08:38:38.574Z","f_0ipjqjhd3dt":456,"f_jmazop48q5l":353633853964288,"defect_classification":"其他","defect_status":"已关闭","defect":"测试模块缺失数据","defect_rank":"level1","priority":"P1","id":353635022077952,"discovery_stage":"独立评审","specific_reason":null,"module":null,"repair_plan":null,"test_stage":null,"label":["已修复","已关闭"],"round":"CC2026R2回归测试","issue_id":null,"assignee":null,"feature_name":null,"issue_state":null,"repair_status":null,"gitlab_url":null,"createdById":1,"updatedById":1,"level_1_cause":"设计问题","level_2_cause":null,"__tableName":"defects","__schemaName":"public","review_ref":{"createdAt":"2026-03-12T02:54:53.337Z","updatedAt":"2026-03-16T07:54:54.815Z","module_id":null,"eff_issue_hour":0,"id":456,"eff_page_hour":0.36,"round":"CC2026R2回归测试","workload_indep":8,"page_count":5,"workload_joint":6,"total_issues":0,"eff_indep_issues":0,"eff_meet_issues":0,"review_density":0,"is_standard":"是","review_hours":null,"fail_reason":null,"createdById":1,"updatedById":1},"__collection":"defects"}}
[32m2026-03-16 16:38:38 [info]  new event is pending to be prepared after previous preparation is finished[39m 
[32m2026-03-16 16:38:38 [info]  preparing execution for event               [39m 
[32m2026-03-16 16:38:38 [info]  execution of workflow 353633807826944 created as 353635022077955[39m 
[32m2026-03-16 16:38:38 [info]  instance is not serving as worker or local pending list is not empty, sending execution (353635022077955) to queue[39m 
[32m2026-03-16 16:38:38 [info]  execution (353635022077955) fetched from db [39m 
[32m2026-03-16 16:38:38 [info]  execution (353635022077955) starting...     [39m 
[32m2026-03-16 16:38:38 [info]  execution (353635022077955) run instruction [sql] for node (353633807826945)[39m workflowId=353633807826944
[34m2026-03-16 16:38:38 [debug] config of node                              [39m data={"dataSource":"main","sql":"/* 1. 清理汇总表旧数据 */\nDELETE FROM \"defects_reason\" \nWHERE \"review_id\" = {{ $context.data.id }};\n\n/* 2. 重新统计并插入 */\nINSERT INTO \"defects_reason\" (\n    \"review_id\",\n    \"module_id\",\n    \"count_requirement\", \n    \"count_design\", \n    \"count_coding\", \n    \"count_package\", \n    \"count_dependency\"\n)\nSELECT \n    '{{ $context.data.id }}'::bigint,\n    t1.\"f_jmazop48q5l\",                -- 👈 根据 JSON，这才是模块的外键名\n    SUM(CASE WHEN t1.\"level_1_cause\" = '需求问题' THEN 1 ELSE 0 END),\n    SUM(CASE WHEN t1.\"level_1_cause\" = '设计问题' THEN 1 ELSE 0 END),\n    SUM(CASE WHEN t1.\"level_1_cause\" = '编码规范' THEN 1 ELSE 0 END),\n    SUM(CASE WHEN t1.\"level_1_cause\" = '打包问题' THEN 1 ELSE 0 END),\n    SUM(CASE WHEN t1.\"level_1_cause\" = '依赖问题' THEN 1 ELSE 0 END)\nFROM \"defects\" AS t1\nWHERE t1.\"f_0ipjqjhd3dt\" = {{ $context.data.id }} -- 👈 根据 JSON，这是评审外键\nGROUP BY t1.\"f_jmazop48q5l\";"} workflowId=353633807826944
[34m2026-03-16 16:38:38 [debug] job added to save list: {"result":[],"status":1,"nodeId":353633807826945,"nodeKey":"if7j7gptm8l","id":"13860353750367232","createdAt":"2026-03-16T08:38:38.750Z","updatedAt":"2026-03-16T08:38:38.750Z","executionId":353635022077955}[39m workflowId=353633807826944
[32m2026-03-16 16:38:38 [info]  execution (353635022077955) run instruction [sql] for node (353633807826945) finished as status: 1[39m workflowId=353633807826944
[34m2026-03-16 16:38:38 [debug] result of node                              [39m 
[34m2026-03-16 16:38:38 [debug] branch ended at node (353633807826945)      [39m 
[32m2026-03-16 16:38:38 [info]  execution (353635022077955) exiting with status 1[39m workflowId=353633807826944
[32m2026-03-16 16:38:38 [info]  execution (353635022077955) finished with status: 1[39m 
[34m2026-03-16 16:38:38 [debug] execution (353635022077955) details:        [39m execution={"createdAt":"2026-03-16T08:38:38.604Z","id":353635022077955,"updatedAt":"2026-03-16T08:38:38.752Z","key":"8way4v31o8w","eventKey":"9cac1ae8-01a8-4b1f-8bd4-39ab0f5d16ec","context":{"data":{"createdAt":"2026-03-16T08:38:38.557Z","updatedAt":"2026-03-16T08:38:38.574Z","f_0ipjqjhd3dt":456,"f_jmazop48q5l":353633853964288,"defect_classification":"其他","defect_status":"已关闭","defect":"测试模块缺失数据","defect_rank":"level1","priority":"P1","id":353635022077952,"discovery_stage":"独立评审","specific_reason":null,"module":null,"repair_plan":null,"test_stage":null,"label":["已修复","已关闭"],"round":"CC2026R2回归测试","issue_id":null,"assignee":null,"feature_name":null,"issue_state":null,"repair_status":null,"gitlab_url":null,"createdById":1,"updatedById":1,"level_1_cause":"设计问题","level_2_cause":null,"__tableName":"defects","__schemaName":"public","review_ref":{"createdAt":"2026-03-12T02:54:53.337Z","updatedAt":"2026-03-16T07:54:54.815Z","module_id":null,"eff_issue_hour":0,"id":456,"eff_page_hour":0.36,"round":"CC2026R2回归测试","workload_indep":8,"page_count":5,"workload_joint":6,"total_issues":0,"eff_indep_issues":0,"eff_meet_issues":0,"review_density":0,"is_standard":"是","review_hours":null,"fail_reason":null,"createdById":1,"updatedById":1},"__collection":"defects"}},"status":1,"dispatched":true,"stack":null,"output":null,"manually":null,"workflowId":353633807826944}
[32m2026-03-16 16:41:04 [info]  toggle OFF workflow 353633807826944         [39m workflowId=353633807826944
[32m2026-03-16 16:43:16 [info]  toggle ON workflow 353633807826944          [39m workflowId=353633807826944
[32m2026-03-16 16:43:51 [info]  new event triggered, now events: 3          [39m 
[34m2026-03-16 16:43:51 [debug] event data:                                 [39m context={"data":{"createdAt":"2026-03-16T08:43:51.217Z","updatedAt":"2026-03-16T08:43:51.230Z","f_0ipjqjhd3dt":456,"f_jmazop48q5l":353633853964288,"defect_classification":"挂机","defect_status":"已关闭","defect":"测试模块缺失数据","defect_rank":"level1","priority":"P1","id":353635678486528,"discovery_stage":"独立评审","specific_reason":null,"module":null,"repair_plan":null,"test_stage":null,"label":["已修复","已关闭"],"round":"CC2026R2回归测试","issue_id":null,"assignee":null,"feature_name":null,"issue_state":null,"repair_status":null,"gitlab_url":null,"createdById":1,"updatedById":1,"level_1_cause":"设计问题","level_2_cause":null,"__tableName":"defects","__schemaName":"public","review_ref":{"createdAt":"2026-03-12T02:54:53.337Z","updatedAt":"2026-03-16T07:54:54.815Z","module_id":null,"eff_issue_hour":0,"id":456,"eff_page_hour":0.36,"round":"CC2026R2第二轮测试","workload_indep":8,"page_count":5,"workload_joint":6,"total_issues":0,"eff_indep_issues":0,"eff_meet_issues":0,"review_density":0,"is_standard":"是","review_hours":null,"fail_reason":null,"createdById":1,"updatedById":1},"__collection":"defects"}}
[32m2026-03-16 16:43:51 [info]  new event is pending to be prepared after previous preparation is finished[39m 
[32m2026-03-16 16:43:51 [info]  preparing execution for event               [39m 
[32m2026-03-16 16:43:51 [info]  execution of workflow 353633807826944 created as 353635678486531[39m 
[32m2026-03-16 16:43:51 [info]  instance is not serving as worker or local pending list is not empty, sending execution (353635678486531) to queue[39m 
[32m2026-03-16 16:43:51 [info]  execution (353635678486531) fetched from db [39m 
[32m2026-03-16 16:43:51 [info]  execution (353635678486531) starting...     [39m 
[32m2026-03-16 16:43:51 [info]  execution (353635678486531) run instruction [sql] for node (353633807826945)[39m workflowId=353633807826944
[34m2026-03-16 16:43:51 [debug] config of node                              [39m data={"dataSource":"main","sql":"/* 1. 清理汇总表旧数据 */\nDELETE FROM \"defects_reason\" \nWHERE \"review_id\" = {{ $context.data.id }};\n\n/* 2. 重新统计并插入 */\nINSERT INTO \"defects_reason\" (\n    \"review_id\",\n    \"module_id\",\n    \"count_requirement\", \n    \"count_design\", \n    \"count_coding\", \n    \"count_package\", \n    \"count_dependency\"\n)\nSELECT \n    '{{ $context.data.id }}'::bigint,\n    t1.\"f_jmazop48q5l\",                -- 👈 根据 JSON，这才是模块的外键名\n    SUM(CASE WHEN t1.\"level_1_cause\" = '需求问题' THEN 1 ELSE 0 END),\n    SUM(CASE WHEN t1.\"level_1_cause\" = '设计问题' THEN 1 ELSE 0 END),\n    SUM(CASE WHEN t1.\"level_1_cause\" = '编码规范' THEN 1 ELSE 0 END),\n    SUM(CASE WHEN t1.\"level_1_cause\" = '打包问题' THEN 1 ELSE 0 END),\n    SUM(CASE WHEN t1.\"level_1_cause\" = '依赖问题' THEN 1 ELSE 0 END)\nFROM \"defects\" AS t1\nWHERE t1.\"f_0ipjqjhd3dt\" = {{ $context.data.id }} -- 👈 根据 JSON，这是评审外键\nGROUP BY t1.\"f_jmazop48q5l\";"} workflowId=353633807826944
[34m2026-03-16 16:43:51 [debug] job added to save list: {"result":[],"status":1,"nodeId":353633807826945,"nodeKey":"if7j7gptm8l","id":"13861665154038784","createdAt":"2026-03-16T08:43:51.413Z","updatedAt":"2026-03-16T08:43:51.413Z","executionId":353635678486531}[39m workflowId=353633807826944
[32m2026-03-16 16:43:51 [info]  execution (353635678486531) run instruction [sql] for node (353633807826945) finished as status: 1[39m workflowId=353633807826944
[34m2026-03-16 16:43:51 [debug] result of node                              [39m 
[34m2026-03-16 16:43:51 [debug] branch ended at node (353633807826945)      [39m 
[32m2026-03-16 16:43:51 [info]  execution (353635678486531) exiting with status 1[39m workflowId=353633807826944
[32m2026-03-16 16:43:51 [info]  execution (353635678486531) finished with status: 1[39m 
[34m2026-03-16 16:43:51 [debug] execution (353635678486531) details:        [39m execution={"createdAt":"2026-03-16T08:43:51.276Z","id":353635678486531,"updatedAt":"2026-03-16T08:43:51.415Z","key":"8way4v31o8w","eventKey":"9f6a772c-81e3-48ba-a857-424a8ff2cfda","context":{"data":{"createdAt":"2026-03-16T08:43:51.217Z","updatedAt":"2026-03-16T08:43:51.230Z","f_0ipjqjhd3dt":456,"f_jmazop48q5l":353633853964288,"defect_classification":"挂机","defect_status":"已关闭","defect":"测试模块缺失数据","defect_rank":"level1","priority":"P1","id":353635678486528,"discovery_stage":"独立评审","specific_reason":null,"module":null,"repair_plan":null,"test_stage":null,"label":["已修复","已关闭"],"round":"CC2026R2回归测试","issue_id":null,"assignee":null,"feature_name":null,"issue_state":null,"repair_status":null,"gitlab_url":null,"createdById":1,"updatedById":1,"level_1_cause":"设计问题","level_2_cause":null,"__tableName":"defects","__schemaName":"public","review_ref":{"createdAt":"2026-03-12T02:54:53.337Z","updatedAt":"2026-03-16T07:54:54.815Z","module_id":null,"eff_issue_hour":0,"id":456,"eff_page_hour":0.36,"round":"CC2026R2第二轮测试","workload_indep":8,"page_count":5,"workload_joint":6,"total_issues":0,"eff_indep_issues":0,"eff_meet_issues":0,"review_density":0,"is_standard":"是","review_hours":null,"fail_reason":null,"createdById":1,"updatedById":1},"__collection":"defects"}},"status":1,"dispatched":true,"stack":null,"output":null,"manually":null,"workflowId":353633807826944}
[32m2026-03-16 16:44:57 [info]  toggle OFF workflow 353633807826944         [39m workflowId=353633807826944
[32m2026-03-16 17:03:32 [info]  toggle OFF workflow 353633807826944         [39m workflowId=353633807826944
