[32m2026-03-12 09:42:12 [info]  toggle ON workflow 352857520406528          [39m workflowId=352857520406528
[32m2026-03-12 09:45:33 [info]  toggle OFF workflow 352857520406528         [39m workflowId=352857520406528
[32m2026-03-12 09:45:34 [info]  toggle ON workflow 352857520406528          [39m workflowId=352857520406528
[32m2026-03-12 09:57:00 [info]  new event triggered, now events: 1          [39m 
[34m2026-03-12 09:57:00 [debug] event data:                                 [39m context={"data":{"createdAt":"2026-03-12T01:57:00.380Z","updatedAt":"2026-03-12T01:57:00.380Z","id":123456,"workload_indep":10,"workload_joint":10,"page_count":5,"createdById":1,"updatedById":1,"round":null,"total_issues":null,"review_density":null,"is_standard":null,"review_hours":null,"eff_issue_hour":null,"eff_page_hour":null,"eff_indep_issues":null,"eff_meet_issues":null,"module_id":null,"fail_reason":null}}
[32m2026-03-12 09:57:00 [info]  preparing execution for event               [39m 
[32m2026-03-12 09:57:00 [info]  execution of workflow 352857520406528 created as 352859707736064[39m 
[32m2026-03-12 09:57:00 [info]  local pending list is empty, adding execution (352859707736064) to pending list[39m 
[32m2026-03-12 09:57:00 [info]  pending execution (352859707736064) ready to process[39m 
[32m2026-03-12 09:57:00 [info]  execution (352859707736064) starting...     [39m 
[32m2026-03-12 09:57:00 [info]  execution (352859707736064) run instruction [sql] for node (352857520406529)[39m workflowId=352857520406528
[34m2026-03-12 09:57:00 [debug] config of node                              [39m data={"dataSource":"main","sql":"UPDATE review_records\nSET \n    review_density = ROUND((CAST(total_issues AS DECIMAL) / NULLIF(page_count, 0))::numeric, 2),\n    \n    eff_issue_hour = ROUND((CAST(total_issues AS DECIMAL) / NULLIF((workload_indep + workload_joint), 0))::numeric, 2),\n    \n    eff_page_hour = ROUND((CAST(page_count AS DECIMAL) / NULLIF((workload_indep + workload_joint), 0))::numeric, 2),\n\n    is_standard = CASE \n        WHEN (CAST(total_issues AS DECIMAL) / NULLIF(page_count, 0)) < 0.6 THEN '是' \n        ELSE '否' \n    END,\n    fail_reason = CASE \n        WHEN (CAST(total_issues AS DECIMAL) / NULLIF(page_count, 0)) >= 0.6 THEN '缺陷密度超过0.6，建议重新评审' \n        ELSE NULL \n    END\nWHERE id = {{$context.data.id}}"} workflowId=352857520406528
[34m2026-03-12 09:57:00 [debug] job added to save list: {"result":[],"status":1,"nodeId":352857520406529,"nodeKey":"wvi1kzhvqip","id":"12309726696049664","createdAt":"2026-03-12T01:57:00.451Z","updatedAt":"2026-03-12T01:57:00.451Z","executionId":352859707736064}[39m workflowId=352857520406528
[32m2026-03-12 09:57:00 [info]  execution (352859707736064) run instruction [sql] for node (352857520406529) finished as status: 1[39m workflowId=352857520406528
[34m2026-03-12 09:57:00 [debug] result of node                              [39m 
[34m2026-03-12 09:57:00 [debug] branch ended at node (352857520406529)      [39m 
[32m2026-03-12 09:57:00 [info]  execution (352859707736064) exiting with status 1[39m workflowId=352857520406528
[32m2026-03-12 09:57:00 [info]  execution (352859707736064) finished with status: 1[39m 
[34m2026-03-12 09:57:00 [debug] execution (352859707736064) details:        [39m execution={"createdAt":"2026-03-12T01:57:00.387Z","id":352859707736064,"updatedAt":"2026-03-12T01:57:00.462Z","key":"pts569f08vs","eventKey":"12da63c1-2c04-44b0-ad60-8f57f5ecf861","context":{"data":{"createdAt":"2026-03-12T01:57:00.380Z","updatedAt":"2026-03-12T01:57:00.380Z","id":123456,"workload_indep":10,"workload_joint":10,"page_count":5,"createdById":1,"updatedById":1,"round":null,"total_issues":null,"review_density":null,"is_standard":null,"review_hours":null,"eff_issue_hour":null,"eff_page_hour":null,"eff_indep_issues":null,"eff_meet_issues":null,"module_id":null,"fail_reason":null}},"status":1,"dispatched":true,"stack":null,"output":null,"manually":null,"workflowId":352857520406528}
[32m2026-03-12 10:00:12 [info]  new event triggered, now events: 1          [39m 
[34m2026-03-12 10:00:12 [debug] event data:                                 [39m context={"data":{"createdAt":"2026-03-12T02:00:12.227Z","updatedAt":"2026-03-12T02:00:12.227Z","id":123,"workload_indep":10,"workload_joint":10,"page_count":5,"createdById":1,"updatedById":1,"round":null,"total_issues":null,"review_density":null,"is_standard":null,"review_hours":null,"eff_issue_hour":null,"eff_page_hour":null,"eff_indep_issues":null,"eff_meet_issues":null,"module_id":null,"fail_reason":null}}
[32m2026-03-12 10:00:12 [info]  preparing execution for event               [39m 
[32m2026-03-12 10:00:12 [info]  execution of workflow 352857520406528 created as 352860110389248[39m 
[32m2026-03-12 10:00:12 [info]  local pending list is empty, adding execution (352860110389248) to pending list[39m 
[32m2026-03-12 10:00:12 [info]  pending execution (352860110389248) ready to process[39m 
[32m2026-03-12 10:00:12 [info]  execution (352860110389248) starting...     [39m 
[32m2026-03-12 10:00:12 [info]  execution (352860110389248) run instruction [sql] for node (352857520406529)[39m workflowId=352857520406528
[34m2026-03-12 10:00:12 [debug] config of node                              [39m data={"dataSource":"main","sql":"UPDATE review_records\nSET \n    review_density = ROUND((CAST(total_issues AS DECIMAL) / NULLIF(page_count, 0))::numeric, 2),\n    \n    eff_issue_hour = ROUND((CAST(total_issues AS DECIMAL) / NULLIF((workload_indep + workload_joint), 0))::numeric, 2),\n    \n    eff_page_hour = ROUND((CAST(page_count AS DECIMAL) / NULLIF((workload_indep + workload_joint), 0))::numeric, 2),\n\n    is_standard = CASE \n        WHEN (CAST(total_issues AS DECIMAL) / NULLIF(page_count, 0)) < 0.6 THEN '是' \n        ELSE '否' \n    END,\n    fail_reason = CASE \n        WHEN (CAST(total_issues AS DECIMAL) / NULLIF(page_count, 0)) >= 0.6 THEN '缺陷密度超过0.6，建议重新评审' \n        ELSE NULL \n    END\nWHERE id = {{$context.data.id}}"} workflowId=352857520406528
[34m2026-03-12 10:00:12 [debug] job added to save list: {"result":[],"status":1,"nodeId":352857520406529,"nodeKey":"wvi1kzhvqip","id":"12310531192916992","createdAt":"2026-03-12T02:00:12.258Z","updatedAt":"2026-03-12T02:00:12.258Z","executionId":352860110389248}[39m workflowId=352857520406528
[32m2026-03-12 10:00:12 [info]  execution (352860110389248) run instruction [sql] for node (352857520406529) finished as status: 1[39m workflowId=352857520406528
[34m2026-03-12 10:00:12 [debug] result of node                              [39m 
[34m2026-03-12 10:00:12 [debug] branch ended at node (352857520406529)      [39m 
[32m2026-03-12 10:00:12 [info]  execution (352860110389248) exiting with status 1[39m workflowId=352857520406528
[32m2026-03-12 10:00:12 [info]  execution (352860110389248) finished with status: 1[39m 
[34m2026-03-12 10:00:12 [debug] execution (352860110389248) details:        [39m execution={"createdAt":"2026-03-12T02:00:12.232Z","id":352860110389248,"updatedAt":"2026-03-12T02:00:12.264Z","key":"pts569f08vs","eventKey":"6eced1cb-b6f0-46ee-874a-999e53ee067d","context":{"data":{"createdAt":"2026-03-12T02:00:12.227Z","updatedAt":"2026-03-12T02:00:12.227Z","id":123,"workload_indep":10,"workload_joint":10,"page_count":5,"createdById":1,"updatedById":1,"round":null,"total_issues":null,"review_density":null,"is_standard":null,"review_hours":null,"eff_issue_hour":null,"eff_page_hour":null,"eff_indep_issues":null,"eff_meet_issues":null,"module_id":null,"fail_reason":null}},"status":1,"dispatched":true,"stack":null,"output":null,"manually":null,"workflowId":352857520406528}
[32m2026-03-12 10:13:35 [info]  new event triggered, now events: 1          [39m 
[34m2026-03-12 10:13:35 [debug] event data:                                 [39m context={"data":{"createdAt":"2026-03-12T02:13:35.947Z","updatedAt":"2026-03-12T02:13:35.947Z","id":123,"workload_indep":10,"workload_joint":10,"page_count":5,"createdById":1,"updatedById":1,"round":null,"total_issues":null,"review_density":null,"is_standard":null,"review_hours":null,"eff_issue_hour":null,"eff_page_hour":null,"eff_indep_issues":null,"eff_meet_issues":null,"module_id":null,"fail_reason":null}}
[32m2026-03-12 10:13:35 [info]  preparing execution for event               [39m 
[32m2026-03-12 10:13:35 [info]  execution of workflow 352857520406528 created as 352861794402304[39m 
[32m2026-03-12 10:13:35 [info]  local pending list is empty, adding execution (352861794402304) to pending list[39m 
[32m2026-03-12 10:13:35 [info]  pending execution (352861794402304) ready to process[39m 
[32m2026-03-12 10:13:35 [info]  execution (352861794402304) starting...     [39m 
[32m2026-03-12 10:13:35 [info]  execution (352861794402304) run instruction [sql] for node (352857520406529)[39m workflowId=352857520406528
[34m2026-03-12 10:13:35 [debug] config of node                              [39m data={"dataSource":"main","sql":"UPDATE review_records\nSET \n    review_density = ROUND((CAST(total_issues AS DECIMAL) / NULLIF(page_count, 0))::numeric, 2),\n    \n    eff_issue_hour = ROUND((CAST(total_issues AS DECIMAL) / NULLIF((workload_indep + workload_joint), 0))::numeric, 2),\n    \n    eff_page_hour = ROUND((CAST(page_count AS DECIMAL) / NULLIF((workload_indep + workload_joint), 0))::numeric, 2),\n\n    is_standard = CASE \n        WHEN (CAST(total_issues AS DECIMAL) / NULLIF(page_count, 0)) < 0.6 THEN '是' \n        ELSE '否' \n    END,\n    fail_reason = CASE \n        WHEN (CAST(total_issues AS DECIMAL) / NULLIF(page_count, 0)) >= 0.6 THEN '缺陷密度超过0.6，建议重新评审' \n        ELSE NULL \n    END\nWHERE id = {{$context.data.id}}"} workflowId=352857520406528
[34m2026-03-12 10:13:35 [debug] job added to save list: {"result":[],"status":1,"nodeId":352857520406529,"nodeKey":"wvi1kzhvqip","id":"12313902259899392","createdAt":"2026-03-12T02:13:35.983Z","updatedAt":"2026-03-12T02:13:35.983Z","executionId":352861794402304}[39m workflowId=352857520406528
[32m2026-03-12 10:13:35 [info]  execution (352861794402304) run instruction [sql] for node (352857520406529) finished as status: 1[39m workflowId=352857520406528
[34m2026-03-12 10:13:35 [debug] result of node                              [39m 
[34m2026-03-12 10:13:35 [debug] branch ended at node (352857520406529)      [39m 
[32m2026-03-12 10:13:35 [info]  execution (352861794402304) exiting with status 1[39m workflowId=352857520406528
[32m2026-03-12 10:13:35 [info]  execution (352861794402304) finished with status: 1[39m 
[34m2026-03-12 10:13:35 [debug] execution (352861794402304) details:        [39m execution={"createdAt":"2026-03-12T02:13:35.954Z","id":352861794402304,"updatedAt":"2026-03-12T02:13:35.986Z","key":"pts569f08vs","eventKey":"c7c0d107-6fde-438d-b189-3249f42db38a","context":{"data":{"createdAt":"2026-03-12T02:13:35.947Z","updatedAt":"2026-03-12T02:13:35.947Z","id":123,"workload_indep":10,"workload_joint":10,"page_count":5,"createdById":1,"updatedById":1,"round":null,"total_issues":null,"review_density":null,"is_standard":null,"review_hours":null,"eff_issue_hour":null,"eff_page_hour":null,"eff_indep_issues":null,"eff_meet_issues":null,"module_id":null,"fail_reason":null}},"status":1,"dispatched":true,"stack":null,"output":null,"manually":null,"workflowId":352857520406528}
[32m2026-03-12 10:20:27 [info]  new event triggered, now events: 1          [39m 
[34m2026-03-12 10:20:27 [debug] event data:                                 [39m context={"data":{"createdAt":"2026-03-12T02:20:27.003Z","updatedAt":"2026-03-12T02:20:27.003Z","id":123,"workload_indep":8,"workload_joint":8,"page_count":5,"createdById":1,"updatedById":1,"round":null,"total_issues":null,"review_density":null,"is_standard":null,"review_hours":null,"eff_issue_hour":null,"eff_page_hour":null,"eff_indep_issues":null,"eff_meet_issues":null,"module_id":null,"fail_reason":null}}
[32m2026-03-12 10:20:27 [info]  preparing execution for event               [39m 
[32m2026-03-12 10:20:27 [info]  execution of workflow 352857520406528 created as 352862658428928[39m 
[32m2026-03-12 10:20:27 [info]  local pending list is empty, adding execution (352862658428928) to pending list[39m 
[32m2026-03-12 10:20:27 [info]  pending execution (352862658428928) ready to process[39m 
[32m2026-03-12 10:20:27 [info]  execution (352862658428928) starting...     [39m 
[32m2026-03-12 10:20:27 [info]  execution (352862658428928) run instruction [sql] for node (352857520406529)[39m workflowId=352857520406528
[34m2026-03-12 10:20:27 [debug] config of node                              [39m data={"dataSource":"main","sql":"UPDATE review_records\nSET \n    review_density = ROUND((CAST(total_issues AS DECIMAL) / NULLIF(page_count, 0))::numeric, 2),\n    \n    eff_issue_hour = ROUND((CAST(total_issues AS DECIMAL) / NULLIF((workload_indep + workload_joint), 0))::numeric, 2),\n    \n    eff_page_hour = ROUND((CAST(page_count AS DECIMAL) / NULLIF((workload_indep + workload_joint), 0))::numeric, 2),\n\n    is_standard = CASE \n        WHEN (CAST(total_issues AS DECIMAL) / NULLIF(page_count, 0)) < 0.6 THEN '是' \n        ELSE '否' \n    END,\n    fail_reason = CASE \n        WHEN (CAST(total_issues AS DECIMAL) / NULLIF(page_count, 0)) >= 0.6 THEN '缺陷密度超过0.6，建议重新评审' \n        ELSE NULL \n    END\nWHERE id = {{$context.data.id}}"} workflowId=352857520406528
[34m2026-03-12 10:20:27 [debug] job added to save list: {"result":[],"status":1,"nodeId":352857520406529,"nodeKey":"wvi1kzhvqip","id":"12315626425027584","createdAt":"2026-03-12T02:20:27.056Z","updatedAt":"2026-03-12T02:20:27.056Z","executionId":352862658428928}[39m workflowId=352857520406528
[32m2026-03-12 10:20:27 [info]  execution (352862658428928) run instruction [sql] for node (352857520406529) finished as status: 1[39m workflowId=352857520406528
[34m2026-03-12 10:20:27 [debug] result of node                              [39m 
[34m2026-03-12 10:20:27 [debug] branch ended at node (352857520406529)      [39m 
[32m2026-03-12 10:20:27 [info]  execution (352862658428928) exiting with status 1[39m workflowId=352857520406528
[32m2026-03-12 10:20:27 [info]  execution (352862658428928) finished with status: 1[39m 
[34m2026-03-12 10:20:27 [debug] execution (352862658428928) details:        [39m execution={"createdAt":"2026-03-12T02:20:27.008Z","id":352862658428928,"updatedAt":"2026-03-12T02:20:27.059Z","key":"pts569f08vs","eventKey":"6cc9fd7a-b0ae-48d9-ba13-cfb8099dec06","context":{"data":{"createdAt":"2026-03-12T02:20:27.003Z","updatedAt":"2026-03-12T02:20:27.003Z","id":123,"workload_indep":8,"workload_joint":8,"page_count":5,"createdById":1,"updatedById":1,"round":null,"total_issues":null,"review_density":null,"is_standard":null,"review_hours":null,"eff_issue_hour":null,"eff_page_hour":null,"eff_indep_issues":null,"eff_meet_issues":null,"module_id":null,"fail_reason":null}},"status":1,"dispatched":true,"stack":null,"output":null,"manually":null,"workflowId":352857520406528}
[32m2026-03-12 10:49:07 [info]  new event triggered, now events: 1          [39m 
[34m2026-03-12 10:49:07 [debug] event data:                                 [39m context={"data":{"createdAt":"2026-03-12T02:49:07.608Z","updatedAt":"2026-03-12T02:49:07.613Z","id":123,"workload_indep":8,"workload_joint":5,"page_count":6,"module_id":352862614388736,"createdById":1,"updatedById":1,"round":null,"total_issues":null,"review_density":null,"is_standard":null,"review_hours":null,"eff_issue_hour":null,"eff_page_hour":null,"eff_indep_issues":null,"eff_meet_issues":null,"fail_reason":null}}
[32m2026-03-12 10:49:07 [info]  preparing execution for event               [39m 
[32m2026-03-12 10:49:07 [info]  execution of workflow 352857520406528 created as 352866265530368[39m 
[32m2026-03-12 10:49:07 [info]  local pending list is empty, adding execution (352866265530368) to pending list[39m 
[32m2026-03-12 10:49:07 [info]  pending execution (352866265530368) ready to process[39m 
[32m2026-03-12 10:49:07 [info]  execution (352866265530368) starting...     [39m 
[32m2026-03-12 10:49:07 [info]  execution (352866265530368) run instruction [sql] for node (352857520406529)[39m workflowId=352857520406528
[34m2026-03-12 10:49:07 [debug] config of node                              [39m data={"dataSource":"main","sql":"UPDATE review_records\nSET \n    review_density = ROUND((CAST(total_issues AS DECIMAL) / NULLIF(page_count, 0))::numeric, 2),\n    \n    eff_issue_hour = ROUND((CAST(total_issues AS DECIMAL) / NULLIF((workload_indep + workload_joint), 0))::numeric, 2),\n    \n    eff_page_hour = ROUND((CAST(page_count AS DECIMAL) / NULLIF((workload_indep + workload_joint), 0))::numeric, 2),\n\n    is_standard = CASE \n        WHEN (CAST(total_issues AS DECIMAL) / NULLIF(page_count, 0)) < 0.6 THEN '是' \n        ELSE '否' \n    END,\n    fail_reason = CASE \n        WHEN (CAST(total_issues AS DECIMAL) / NULLIF(page_count, 0)) >= 0.6 THEN '缺陷密度超过0.6，建议重新评审' \n        ELSE NULL \n    END\nWHERE id = {{$context.data.id}}"} workflowId=352857520406528
[34m2026-03-12 10:49:07 [debug] job added to save list: {"result":[],"status":1,"nodeId":352857520406529,"nodeKey":"wvi1kzhvqip","id":"12322843148684288","createdAt":"2026-03-12T02:49:07.657Z","updatedAt":"2026-03-12T02:49:07.657Z","executionId":352866265530368}[39m workflowId=352857520406528
[32m2026-03-12 10:49:07 [info]  execution (352866265530368) run instruction [sql] for node (352857520406529) finished as status: 1[39m workflowId=352857520406528
[34m2026-03-12 10:49:07 [debug] result of node                              [39m 
[34m2026-03-12 10:49:07 [debug] branch ended at node (352857520406529)      [39m 
[32m2026-03-12 10:49:07 [info]  execution (352866265530368) exiting with status 1[39m workflowId=352857520406528
[32m2026-03-12 10:49:07 [info]  execution (352866265530368) finished with status: 1[39m 
[34m2026-03-12 10:49:07 [debug] execution (352866265530368) details:        [39m execution={"createdAt":"2026-03-12T02:49:07.619Z","id":352866265530368,"updatedAt":"2026-03-12T02:49:07.661Z","key":"pts569f08vs","eventKey":"f05b7ec2-bb84-4fe6-b058-c0319759b047","context":{"data":{"createdAt":"2026-03-12T02:49:07.608Z","updatedAt":"2026-03-12T02:49:07.613Z","id":123,"workload_indep":8,"workload_joint":5,"page_count":6,"module_id":352862614388736,"createdById":1,"updatedById":1,"round":null,"total_issues":null,"review_density":null,"is_standard":null,"review_hours":null,"eff_issue_hour":null,"eff_page_hour":null,"eff_indep_issues":null,"eff_meet_issues":null,"fail_reason":null}},"status":1,"dispatched":true,"stack":null,"output":null,"manually":null,"workflowId":352857520406528}
[32m2026-03-12 10:52:01 [info]  new event triggered, now events: 1          [39m 
[34m2026-03-12 10:52:01 [debug] event data:                                 [39m context={"data":{"createdAt":"2026-03-12T02:52:01.839Z","updatedAt":"2026-03-12T02:52:01.842Z","page_count":2,"workload_joint":5,"workload_indep":6,"id":666,"module_id":352866510897152,"createdById":1,"updatedById":1,"round":null,"total_issues":null,"review_density":null,"is_standard":null,"review_hours":null,"eff_issue_hour":null,"eff_page_hour":null,"eff_indep_issues":null,"eff_meet_issues":null,"fail_reason":null}}
[32m2026-03-12 10:52:01 [info]  preparing execution for event               [39m 
[32m2026-03-12 10:52:01 [info]  execution of workflow 352857520406528 created as 352866630434816[39m 
[32m2026-03-12 10:52:01 [info]  local pending list is empty, adding execution (352866630434816) to pending list[39m 
[32m2026-03-12 10:52:01 [info]  pending execution (352866630434816) ready to process[39m 
[32m2026-03-12 10:52:01 [info]  execution (352866630434816) starting...     [39m 
[32m2026-03-12 10:52:01 [info]  execution (352866630434816) run instruction [sql] for node (352857520406529)[39m workflowId=352857520406528
[34m2026-03-12 10:52:01 [debug] config of node                              [39m data={"dataSource":"main","sql":"UPDATE review_records\nSET \n    review_density = ROUND((CAST(total_issues AS DECIMAL) / NULLIF(page_count, 0))::numeric, 2),\n    \n    eff_issue_hour = ROUND((CAST(total_issues AS DECIMAL) / NULLIF((workload_indep + workload_joint), 0))::numeric, 2),\n    \n    eff_page_hour = ROUND((CAST(page_count AS DECIMAL) / NULLIF((workload_indep + workload_joint), 0))::numeric, 2),\n\n    is_standard = CASE \n        WHEN (CAST(total_issues AS DECIMAL) / NULLIF(page_count, 0)) < 0.6 THEN '是' \n        ELSE '否' \n    END,\n    fail_reason = CASE \n        WHEN (CAST(total_issues AS DECIMAL) / NULLIF(page_count, 0)) >= 0.6 THEN '缺陷密度超过0.6，建议重新评审' \n        ELSE NULL \n    END\nWHERE id = {{$context.data.id}}"} workflowId=352857520406528
[34m2026-03-12 10:52:01 [debug] job added to save list: {"result":[],"status":1,"nodeId":352857520406529,"nodeKey":"wvi1kzhvqip","id":"12323573980990464","createdAt":"2026-03-12T02:52:01.901Z","updatedAt":"2026-03-12T02:52:01.901Z","executionId":352866630434816}[39m workflowId=352857520406528
[32m2026-03-12 10:52:01 [info]  execution (352866630434816) run instruction [sql] for node (352857520406529) finished as status: 1[39m workflowId=352857520406528
[34m2026-03-12 10:52:01 [debug] result of node                              [39m 
[34m2026-03-12 10:52:01 [debug] branch ended at node (352857520406529)      [39m 
[32m2026-03-12 10:52:01 [info]  execution (352866630434816) exiting with status 1[39m workflowId=352857520406528
[32m2026-03-12 10:52:01 [info]  execution (352866630434816) finished with status: 1[39m 
[34m2026-03-12 10:52:01 [debug] execution (352866630434816) details:        [39m execution={"createdAt":"2026-03-12T02:52:01.847Z","id":352866630434816,"updatedAt":"2026-03-12T02:52:01.903Z","key":"pts569f08vs","eventKey":"19151d06-e4c0-4f76-829c-e456fe6b5c23","context":{"data":{"createdAt":"2026-03-12T02:52:01.839Z","updatedAt":"2026-03-12T02:52:01.842Z","page_count":2,"workload_joint":5,"workload_indep":6,"id":666,"module_id":352866510897152,"createdById":1,"updatedById":1,"round":null,"total_issues":null,"review_density":null,"is_standard":null,"review_hours":null,"eff_issue_hour":null,"eff_page_hour":null,"eff_indep_issues":null,"eff_meet_issues":null,"fail_reason":null}},"status":1,"dispatched":true,"stack":null,"output":null,"manually":null,"workflowId":352857520406528}
[32m2026-03-12 10:54:53 [info]  new event triggered, now events: 1          [39m 
[34m2026-03-12 10:54:53 [debug] event data:                                 [39m context={"data":{"createdAt":"2026-03-12T02:54:53.337Z","updatedAt":"2026-03-12T02:54:53.339Z","page_count":5,"workload_joint":6,"workload_indep":8,"id":456,"module_id":352866957590528,"createdById":1,"updatedById":1,"round":null,"total_issues":null,"review_density":null,"is_standard":null,"review_hours":null,"eff_issue_hour":null,"eff_page_hour":null,"eff_indep_issues":null,"eff_meet_issues":null,"fail_reason":null}}
[32m2026-03-12 10:54:53 [info]  preparing execution for event               [39m 
[32m2026-03-12 10:54:53 [info]  execution of workflow 352857520406528 created as 352866991144960[39m 
[32m2026-03-12 10:54:53 [info]  local pending list is empty, adding execution (352866991144960) to pending list[39m 
[32m2026-03-12 10:54:53 [info]  pending execution (352866991144960) ready to process[39m 
[32m2026-03-12 10:54:53 [info]  execution (352866991144960) starting...     [39m 
[32m2026-03-12 10:54:53 [info]  execution (352866991144960) run instruction [sql] for node (352857520406529)[39m workflowId=352857520406528
[34m2026-03-12 10:54:53 [debug] config of node                              [39m data={"dataSource":"main","sql":"UPDATE review_records\nSET \n    review_density = ROUND((CAST(total_issues AS DECIMAL) / NULLIF(page_count, 0))::numeric, 2),\n    \n    eff_issue_hour = ROUND((CAST(total_issues AS DECIMAL) / NULLIF((workload_indep + workload_joint), 0))::numeric, 2),\n    \n    eff_page_hour = ROUND((CAST(page_count AS DECIMAL) / NULLIF((workload_indep + workload_joint), 0))::numeric, 2),\n\n    is_standard = CASE \n        WHEN (CAST(total_issues AS DECIMAL) / NULLIF(page_count, 0)) < 0.6 THEN '是' \n        ELSE '否' \n    END,\n    fail_reason = CASE \n        WHEN (CAST(total_issues AS DECIMAL) / NULLIF(page_count, 0)) >= 0.6 THEN '缺陷密度超过0.6，建议重新评审' \n        ELSE NULL \n    END\nWHERE id = {{$context.data.id}}"} workflowId=352857520406528
[34m2026-03-12 10:54:53 [debug] job added to save list: {"result":[],"status":1,"nodeId":352857520406529,"nodeKey":"wvi1kzhvqip","id":"12324293174103040","createdAt":"2026-03-12T02:54:53.370Z","updatedAt":"2026-03-12T02:54:53.370Z","executionId":352866991144960}[39m workflowId=352857520406528
[32m2026-03-12 10:54:53 [info]  execution (352866991144960) run instruction [sql] for node (352857520406529) finished as status: 1[39m workflowId=352857520406528
[34m2026-03-12 10:54:53 [debug] result of node                              [39m 
[34m2026-03-12 10:54:53 [debug] branch ended at node (352857520406529)      [39m 
[32m2026-03-12 10:54:53 [info]  execution (352866991144960) exiting with status 1[39m workflowId=352857520406528
[32m2026-03-12 10:54:53 [info]  execution (352866991144960) finished with status: 1[39m 
[34m2026-03-12 10:54:53 [debug] execution (352866991144960) details:        [39m execution={"createdAt":"2026-03-12T02:54:53.343Z","id":352866991144960,"updatedAt":"2026-03-12T02:54:53.373Z","key":"pts569f08vs","eventKey":"57509e5f-bbd0-4afc-a117-5df7c0d20b79","context":{"data":{"createdAt":"2026-03-12T02:54:53.337Z","updatedAt":"2026-03-12T02:54:53.339Z","page_count":5,"workload_joint":6,"workload_indep":8,"id":456,"module_id":352866957590528,"createdById":1,"updatedById":1,"round":null,"total_issues":null,"review_density":null,"is_standard":null,"review_hours":null,"eff_issue_hour":null,"eff_page_hour":null,"eff_indep_issues":null,"eff_meet_issues":null,"fail_reason":null}},"status":1,"dispatched":true,"stack":null,"output":null,"manually":null,"workflowId":352857520406528}
