[32m2026-02-25 16:45:51 [info]  toggle ON workflow 350193094426624          [39m workflowId=350193094426624
[32m2026-02-25 16:46:34 [info]  new event triggered, now events: 1          [39m 
[34m2026-02-25 16:46:34 [debug] event data:                                 [39m context={"data":{"createdAt":"2026-02-25T08:46:23.470Z","updatedAt":"2026-02-25T08:46:23.479Z","defect":"图纸错误","defect_rank":"level1","priority":"P1","id":350193312530432,"f_jmazop48q5l":350193276878848,"createdById":1,"updatedById":1,"defect_classification":"历史遗留","module":350193270587392,"label":["历史遗留","已修复"],"defect_status":"已修复"}}
[32m2026-02-25 16:46:34 [info]  preparing execution for event               [39m 
[32m2026-02-25 16:46:34 [info]  execution of workflow 350193094426624 created as 350193335599104[39m 
[32m2026-02-25 16:46:34 [info]  local pending list is empty, adding execution (350193335599104) to pending list[39m 
[32m2026-02-25 16:46:34 [info]  pending execution (350193335599104) ready to process[39m 
[32m2026-02-25 16:46:34 [info]  execution (350193335599104) starting...     [39m 
[32m2026-02-25 16:46:34 [info]  execution (350193335599104) run instruction [aggregate] for node (350193094426625)[39m workflowId=350193094426624
[34m2026-02-25 16:46:34 [debug] config of node                              [39m data={"aggregator":"count","associated":false,"params":{"field":"id","filter":{"$and":[{"module":{"$eq":"{{$context.data.module}}"}}]}},"precision":2,"collection":"defects"} workflowId=350193094426624
[34m2026-02-25 16:46:34 [debug] job added to save list: {"result":0,"status":1,"nodeId":350193094426625,"nodeKey":"hz1h8xku8st","id":"6976980838808576","createdAt":"2026-02-25T08:46:34.761Z","updatedAt":"2026-02-25T08:46:34.761Z","executionId":350193335599104}[39m workflowId=350193094426624
[32m2026-02-25 16:46:34 [info]  execution (350193335599104) run instruction [aggregate] for node (350193094426625) finished as status: 1[39m workflowId=350193094426624
[34m2026-02-25 16:46:34 [debug] result of node                              [39m 
[34m2026-02-25 16:46:34 [debug] run next node (350193094426630)             [39m 
[32m2026-02-25 16:46:34 [info]  execution (350193335599104) run instruction [aggregate] for node (350193094426630)[39m workflowId=350193094426624
[34m2026-02-25 16:46:34 [debug] config of node                              [39m data={"aggregator":"count","associated":false,"params":{"field":"id","filter":{"$and":[{"defect_rank":{"$eq":"level1"}},{"label":{"$noneOf":["功能屏蔽","已拒绝","建议"]}},{"module":{"$eq":"{{$context.data.module}}"}}]}},"precision":2,"collection":"defects"} workflowId=350193094426624
[34m2026-02-25 16:46:34 [debug] job added to save list: {"result":0,"status":1,"nodeId":350193094426630,"nodeKey":"h14qw1067vw","id":"6976980851391488","createdAt":"2026-02-25T08:46:34.764Z","updatedAt":"2026-02-25T08:46:34.764Z","executionId":350193335599104}[39m workflowId=350193094426624
[32m2026-02-25 16:46:34 [info]  execution (350193335599104) run instruction [aggregate] for node (350193094426630) finished as status: 1[39m workflowId=350193094426624
[34m2026-02-25 16:46:34 [debug] result of node                              [39m 
[34m2026-02-25 16:46:34 [debug] run next node (350193094426631)             [39m 
[32m2026-02-25 16:46:34 [info]  execution (350193335599104) run instruction [aggregate] for node (350193094426631)[39m workflowId=350193094426624
[34m2026-02-25 16:46:34 [debug] config of node                              [39m data={"aggregator":"count","associated":false,"params":{"field":"id","filter":{"$and":[{"defect_rank":{"$eq":"level1"}},{"label":{"$noneOf":["功能屏蔽","已拒绝","建议"]}},{"$or":[{"label":{"$anyOf":["已修复","待合并"]}},{"$and":[{"label":{"$anyOf":["未复现"]}},{"defect_status":{"$eq":"已关闭"}}]}]},{"module":{"$eq":"{{$context.data.module}}"}}]}},"precision":2,"collection":"defects"} workflowId=350193094426624
[34m2026-02-25 16:46:34 [debug] job added to save list: {"result":0,"status":1,"nodeId":350193094426631,"nodeKey":"cvcey3i9obe","id":"6976980868168704","createdAt":"2026-02-25T08:46:34.768Z","updatedAt":"2026-02-25T08:46:34.768Z","executionId":350193335599104}[39m workflowId=350193094426624
[32m2026-02-25 16:46:34 [info]  execution (350193335599104) run instruction [aggregate] for node (350193094426631) finished as status: 1[39m workflowId=350193094426624
[34m2026-02-25 16:46:34 [debug] result of node                              [39m 
[34m2026-02-25 16:46:34 [debug] run next node (350193094426629)             [39m 
[32m2026-02-25 16:46:34 [info]  execution (350193335599104) run instruction [aggregate] for node (350193094426629)[39m workflowId=350193094426624
[34m2026-02-25 16:46:34 [debug] config of node                              [39m data={"aggregator":"count","associated":false,"params":{"field":"id","filter":{"$and":[{"defect_rank":{"$eq":"level2"}},{"label":{"$noneOf":["功能屏蔽","已拒绝","建议"]}},{"module":{"$eq":"{{$context.data.module}}"}}]}},"precision":2,"collection":"defects"} workflowId=350193094426624
[34m2026-02-25 16:46:34 [debug] job added to save list: {"result":0,"status":1,"nodeId":350193094426629,"nodeKey":"52k6055vnrg","id":"6976980880751616","createdAt":"2026-02-25T08:46:34.771Z","updatedAt":"2026-02-25T08:46:34.771Z","executionId":350193335599104}[39m workflowId=350193094426624
[32m2026-02-25 16:46:34 [info]  execution (350193335599104) run instruction [aggregate] for node (350193094426629) finished as status: 1[39m workflowId=350193094426624
[34m2026-02-25 16:46:34 [debug] result of node                              [39m 
[34m2026-02-25 16:46:34 [debug] run next node (350193094426632)             [39m 
[32m2026-02-25 16:46:34 [info]  execution (350193335599104) run instruction [aggregate] for node (350193094426632)[39m workflowId=350193094426624
[34m2026-02-25 16:46:34 [debug] config of node                              [39m data={"aggregator":"count","associated":false,"params":{"field":"id","filter":{"$and":[{"defect_rank":{"$eq":"level2"}},{"label":{"$noneOf":["功能屏蔽","已拒绝","建议"]}},{"$or":[{"label":{"$anyOf":["已修复","待合并"]}},{"$and":[{"label":{"$anyOf":["未复现"]}},{"defect_status":{"$eq":"已关闭"}}]}]},{"module":{"$eq":"{{$context.data.module}}"}}]}},"precision":2,"collection":"defects"} workflowId=350193094426624
[34m2026-02-25 16:46:34 [debug] job added to save list: {"result":0,"status":1,"nodeId":350193094426632,"nodeKey":"1fpxh7sjq4k","id":"6976980905917440","createdAt":"2026-02-25T08:46:34.777Z","updatedAt":"2026-02-25T08:46:34.777Z","executionId":350193335599104}[39m workflowId=350193094426624
[32m2026-02-25 16:46:34 [info]  execution (350193335599104) run instruction [aggregate] for node (350193094426632) finished as status: 1[39m workflowId=350193094426624
[34m2026-02-25 16:46:34 [debug] result of node                              [39m 
[34m2026-02-25 16:46:34 [debug] run next node (350193094426628)             [39m 
[32m2026-02-25 16:46:34 [info]  execution (350193335599104) run instruction [aggregate] for node (350193094426628)[39m workflowId=350193094426624
[34m2026-02-25 16:46:34 [debug] config of node                              [39m data={"aggregator":"count","associated":false,"params":{"field":"id","filter":{"$and":[{"defect_rank":{"$eq":"level3"}},{"label":{"$noneOf":["功能屏蔽","已拒绝","建议"]}},{"module":{"$eq":"{{$context.data.module}}"}}]}},"precision":2,"collection":"defects"} workflowId=350193094426624
[34m2026-02-25 16:46:34 [debug] job added to save list: {"result":0,"status":1,"nodeId":350193094426628,"nodeKey":"t5m287ao4ea","id":"6976980922694656","createdAt":"2026-02-25T08:46:34.781Z","updatedAt":"2026-02-25T08:46:34.781Z","executionId":350193335599104}[39m workflowId=350193094426624
[32m2026-02-25 16:46:34 [info]  execution (350193335599104) run instruction [aggregate] for node (350193094426628) finished as status: 1[39m workflowId=350193094426624
[34m2026-02-25 16:46:34 [debug] result of node                              [39m 
[34m2026-02-25 16:46:34 [debug] run next node (350193094426627)             [39m 
[32m2026-02-25 16:46:34 [info]  execution (350193335599104) run instruction [aggregate] for node (350193094426627)[39m workflowId=350193094426624
[34m2026-02-25 16:46:34 [debug] config of node                              [39m data={"aggregator":"count","associated":false,"params":{"field":"id","filter":{"$and":[{"defect_rank":{"$eq":"level3"}},{"label":{"$noneOf":["功能屏蔽","已拒绝","建议"]}},{"$or":[{"label":{"$anyOf":["待合并","已修复"]}},{"$and":[{"label":{"$anyOf":["未复现"]}},{"defect_status":{"$eq":"已关闭"}}]}]},{"module":{"$eq":"{{$context.data.module}}"}}]}},"precision":2,"collection":"defects"} workflowId=350193094426624
[34m2026-02-25 16:46:34 [debug] job added to save list: {"result":0,"status":1,"nodeId":350193094426627,"nodeKey":"je6ex9hwdlz","id":"6976980977220608","createdAt":"2026-02-25T08:46:34.794Z","updatedAt":"2026-02-25T08:46:34.794Z","executionId":350193335599104}[39m workflowId=350193094426624
[32m2026-02-25 16:46:34 [info]  execution (350193335599104) run instruction [aggregate] for node (350193094426627) finished as status: 1[39m workflowId=350193094426624
[34m2026-02-25 16:46:34 [debug] result of node                              [39m 
[34m2026-02-25 16:46:34 [debug] run next node (350193094426633)             [39m 
[32m2026-02-25 16:46:34 [info]  execution (350193335599104) run instruction [update] for node (350193094426633)[39m workflowId=350193094426624
[34m2026-02-25 16:46:34 [debug] config of node                              [39m data={"usingAssignFormSchema":true,"assignFormSchema":{"_isJSONSchemaObject":true,"version":"2.0","name":"z36wx6jbrw9","type":"void","x-component":"Grid","x-initializer":"assignFieldValuesForm:configureFields","properties":{"i1v4kp5ixw1":{"_isJSONSchemaObject":true,"version":"2.0","type":"void","x-component":"Grid.Row","properties":{"m57in1bxqre":{"_isJSONSchemaObject":true,"version":"2.0","type":"void","x-component":"Grid.Col","properties":{"level_1_count":{"_isJSONSchemaObject":true,"version":"2.0","type":"string","name":"level_1_count","x-toolbar":"FormItemSchemaToolbar","x-settings":"fieldSettings:FormItem","x-component":"AssignedField","x-decorator":"FormItem","x-collection-field":"module_summaries.level_1_count"}},"name":"m57in1bxqre"}},"name":"i1v4kp5ixw1"},"28tkyaas4rv":{"_isJSONSchemaObject":true,"version":"2.0","type":"void","x-component":"Grid.Row","properties":{"aubadkxorcs":{"_isJSONSchemaObject":true,"version":"2.0","type":"void","x-component":"Grid.Col","properties":{"level_1_fixed":{"_isJSONSchemaObject":true,"version":"2.0","type":"string","name":"level_1_fixed","x-toolbar":"FormItemSchemaToolbar","x-settings":"fieldSettings:FormItem","x-component":"AssignedField","x-decorator":"FormItem","x-collection-field":"module_summaries.level_1_fixed"}},"name":"aubadkxorcs"}},"name":"28tkyaas4rv"},"87dzfrypjv5":{"_isJSONSchemaObject":true,"version":"2.0","type":"void","x-component":"Grid.Row","properties":{"00u2e0hze8y":{"_isJSONSchemaObject":true,"version":"2.0","type":"void","x-component":"Grid.Col","properties":{"level_2_count":{"_isJSONSchemaObject":true,"version":"2.0","type":"string","name":"level_2_count","x-toolbar":"FormItemSchemaToolbar","x-settings":"fieldSettings:FormItem","x-component":"AssignedField","x-decorator":"FormItem","x-collection-field":"module_summaries.level_2_count"}},"name":"00u2e0hze8y"}},"name":"87dzfrypjv5"},"sr9fb2g83wa":{"_isJSONSchemaObject":true,"version":"2.0","type":"void","x-component":"Grid.Row","properties":{"mctr2nubczg":{"_isJSONSchemaObject":true,"version":"2.0","type":"void","x-component":"Grid.Col","properties":{"level_2_fixed":{"_isJSONSchemaObject":true,"version":"2.0","type":"string","name":"level_2_fixed","x-toolbar":"FormItemSchemaToolbar","x-settings":"fieldSettings:FormItem","x-component":"AssignedField","x-decorator":"FormItem","x-collection-field":"module_summaries.level_2_fixed"}},"name":"mctr2nubczg"}},"name":"sr9fb2g83wa"},"robhdmi5xfc":{"_isJSONSchemaObject":true,"version":"2.0","type":"void","x-component":"Grid.Row","properties":{"d7pyy4ts79k":{"_isJSONSchemaObject":true,"version":"2.0","type":"void","x-component":"Grid.Col","properties":{"level_3_count":{"_isJSONSchemaObject":true,"version":"2.0","type":"string","name":"level_3_count","x-toolbar":"FormItemSchemaToolbar","x-settings":"fieldSettings:FormItem","x-component":"AssignedField","x-decorator":"FormItem","x-collection-field":"module_summaries.level_3_count"}},"name":"d7pyy4ts79k"}},"name":"robhdmi5xfc"},"9ykwa93dd5w":{"_isJSONSchemaObject":true,"version":"2.0","type":"void","x-component":"Grid.Row","properties":{"0nkrxq50w1f":{"_isJSONSchemaObject":true,"version":"2.0","type":"void","x-component":"Grid.Col","properties":{"level_3_fixed":{"_isJSONSchemaObject":true,"version":"2.0","type":"string","name":"level_3_fixed","x-toolbar":"FormItemSchemaToolbar","x-settings":"fieldSettings:FormItem","x-component":"AssignedField","x-decorator":"FormItem","x-collection-field":"module_summaries.level_3_fixed"}},"name":"0nkrxq50w1f"}},"name":"9ykwa93dd5w"}}},"collection":"module_summaries","params":{"individualHooks":false,"filter":{"$and":[{"id":{"$eq":"{{$context.data.module}}"}}]},"values":{"level_1_count":"{{$jobsMapByNodeKey.h14qw1067vw}}","level_1_fixed":"{{$jobsMapByNodeKey.cvcey3i9obe}}","level_2_count":"{{$jobsMapByNodeKey.52k6055vnrg}}","level_2_fixed":"{{$jobsMapByNodeKey.1fpxh7sjq4k}}","level_3_count":"{{$jobsMapByNodeKey.t5m287ao4ea}}","level_3_fixed":"{{$jobsMapByNodeKey.je6ex9hwdlz}}"}}} workflowId=350193094426624
[34m2026-02-25 16:46:34 [debug] job added to save list: {"result":1,"status":1,"nodeId":350193094426633,"nodeKey":"iz8nj3ykg09","id":"6976981019163648","createdAt":"2026-02-25T08:46:34.804Z","updatedAt":"2026-02-25T08:46:34.804Z","executionId":350193335599104}[39m workflowId=350193094426624
[32m2026-02-25 16:46:34 [info]  execution (350193335599104) run instruction [update] for node (350193094426633) finished as status: 1[39m workflowId=350193094426624
[34m2026-02-25 16:46:34 [debug] result of node                              [39m data=1
[34m2026-02-25 16:46:34 [debug] run next node (350193094426626)             [39m 
[32m2026-02-25 16:46:34 [info]  execution (350193335599104) run instruction [update] for node (350193094426626)[39m workflowId=350193094426624
[34m2026-02-25 16:46:34 [debug] config of node                              [39m data={"usingAssignFormSchema":true,"assignFormSchema":{"_isJSONSchemaObject":true,"version":"2.0","name":"dxm873y6jcb","type":"void","x-component":"Grid","x-initializer":"assignFieldValuesForm:configureFields","properties":{"5d2et6fg71w":{"_isJSONSchemaObject":true,"version":"2.0","type":"void","x-component":"Grid.Row","properties":{"t12b4mcfwmq":{"_isJSONSchemaObject":true,"version":"2.0","type":"void","x-component":"Grid.Col","properties":{"total_defect":{"_isJSONSchemaObject":true,"version":"2.0","type":"string","name":"total_defect","x-toolbar":"FormItemSchemaToolbar","x-settings":"fieldSettings:FormItem","x-component":"AssignedField","x-decorator":"FormItem","x-collection-field":"collection_quality.total_defect"}},"name":"t12b4mcfwmq"}},"name":"5d2et6fg71w"}}},"collection":"collection_quality","params":{"individualHooks":false,"filter":{"$and":[{"all_defects":{"module_ref":{"id":{"$eq":"{{$context.data.module}}"}}}}]},"values":{"total_defect":"{{$jobsMapByNodeKey.hz1h8xku8st}}"}}} workflowId=350193094426624
[34m2026-02-25 16:46:34 [debug] job added to save list: {"result":0,"status":1,"nodeId":350193094426626,"nodeKey":"gm3gklarhf7","id":"6976981061106688","createdAt":"2026-02-25T08:46:34.814Z","updatedAt":"2026-02-25T08:46:34.814Z","executionId":350193335599104}[39m workflowId=350193094426624
[32m2026-02-25 16:46:34 [info]  execution (350193335599104) run instruction [update] for node (350193094426626) finished as status: 1[39m workflowId=350193094426624
[34m2026-02-25 16:46:34 [debug] result of node                              [39m 
[34m2026-02-25 16:46:34 [debug] branch ended at node (350193094426626)      [39m 
[32m2026-02-25 16:46:34 [info]  execution (350193335599104) exiting with status 1[39m workflowId=350193094426624
[32m2026-02-25 16:46:34 [info]  execution (350193335599104) finished with status: 1[39m 
[34m2026-02-25 16:46:34 [debug] execution (350193335599104) details:        [39m execution={"createdAt":"2026-02-25T08:46:34.744Z","id":350193335599104,"updatedAt":"2026-02-25T08:46:34.825Z","key":"y5dhtirx5t1","eventKey":"96f36ea5-9295-4839-a6dc-61901c8a25a9","context":{"data":{"createdAt":"2026-02-25T08:46:23.470Z","updatedAt":"2026-02-25T08:46:23.479Z","defect":"图纸错误","defect_rank":"level1","priority":"P1","id":350193312530432,"f_jmazop48q5l":350193276878848,"createdById":1,"updatedById":1,"defect_classification":"历史遗留","module":350193270587392,"label":["历史遗留","已修复"],"defect_status":"已修复"}},"status":1,"dispatched":true,"stack":null,"output":null,"manually":null,"workflowId":350193094426624}
[32m2026-02-25 16:49:49 [info]  toggle OFF workflow 350193094426624         [39m workflowId=350193094426624
[32m2026-02-25 16:49:49 [info]  toggle OFF workflow 350193094426624         [39m workflowId=350193094426624
