[32m2026-02-26 14:06:00 [info]  toggle ON workflow 350354241683456          [39m workflowId=350354241683456
[32m2026-02-26 14:08:07 [info]  new event triggered, now events: 1          [39m 
[34m2026-02-26 14:08:07 [debug] event data:                                 [39m context={"data":{"createdAt":"2026-02-26T06:08:07.799Z","updatedAt":"2026-02-26T06:08:07.805Z","defect":"核心算法模块代码回退导致崩溃","defect_rank":"level1","priority":"P1","id":350354591907840,"f_jmazop48q5l":350354539479040,"createdById":1,"updatedById":1,"defect_classification":"网退","module":350354539479041,"defect_status":"已修复","label":["已修复"],"parent_summary":{"createdAt":"2026-02-26T06:07:42.152Z","updatedAt":"2026-02-26T06:07:42.156Z","owner_id":"nocobase","id":350354539479040,"total_count":null,"tested_count":null,"defect_count":null,"fixed_count":null,"pending_count":null,"loc":null,"kloc":0,"testing_rate":null,"fix_rate":null,"pending_rate":null,"defect_density":null,"total_defect":null,"module_type":"缺陷汇总","createdById":1,"updatedById":1}}}
[32m2026-02-26 14:08:07 [info]  preparing execution for event               [39m 
[32m2026-02-26 14:08:07 [info]  execution of workflow 350354241683456 created as 350354591907841[39m 
[32m2026-02-26 14:08:07 [info]  local pending list is empty, adding execution (350354591907841) to pending list[39m 
[32m2026-02-26 14:08:07 [info]  pending execution (350354591907841) ready to process[39m 
[32m2026-02-26 14:08:07 [info]  execution (350354591907841) starting...     [39m 
[32m2026-02-26 14:08:07 [info]  execution (350354591907841) run instruction [parallel] for node (350354241683457)[39m workflowId=350354241683456
[34m2026-02-26 14:08:07 [debug] config of node                              [39m workflowId=350354241683456
[34m2026-02-26 14:08:07 [debug] job added to save list: {"status":0,"result":[null,null],"nodeId":350354241683457,"nodeKey":"chjc97mlb5y","upstreamId":null,"id":"7299493779241984","createdAt":"2026-02-26T06:08:07.838Z","updatedAt":"2026-02-26T06:08:07.838Z","executionId":350354591907841}[39m workflowId=350354241683456
[32m2026-02-26 14:08:07 [info]  execution (350354591907841) run instruction [aggregate] for node (350354241683461)[39m workflowId=350354241683456
[34m2026-02-26 14:08:07 [debug] config of node                              [39m data={"aggregator":"count","associated":true,"params":{"field":"id","filter":{"$and":[]}},"precision":2,"collection":"defects","association":{"name":"all_defects","associatedKey":"{{$context.data.parent_summary.id}}","associatedCollection":"collection_quality"}} workflowId=350354241683456
[34m2026-02-26 14:08:07 [debug] job added to save list: {"result":1,"status":1,"nodeId":350354241683461,"nodeKey":"ca6c1jxzwq5","id":"7299493783436288","createdAt":"2026-02-26T06:08:07.839Z","updatedAt":"2026-02-26T06:08:07.839Z","executionId":350354591907841}[39m workflowId=350354241683456
[32m2026-02-26 14:08:07 [info]  execution (350354591907841) run instruction [aggregate] for node (350354241683461) finished as status: 1[39m workflowId=350354241683456
[34m2026-02-26 14:08:07 [debug] result of node                              [39m data=1
[34m2026-02-26 14:08:07 [debug] run next node (350354241683462)             [39m 
[32m2026-02-26 14:08:07 [info]  execution (350354591907841) run instruction [update] for node (350354241683462)[39m workflowId=350354241683456
[34m2026-02-26 14:08:07 [debug] config of node                              [39m data={"usingAssignFormSchema":true,"assignFormSchema":{"_isJSONSchemaObject":true,"version":"2.0","name":"0mby4p7m0ow","type":"void","x-component":"Grid","x-initializer":"assignFieldValuesForm:configureFields","properties":{"2wbpfklshda":{"_isJSONSchemaObject":true,"version":"2.0","type":"void","x-component":"Grid.Row","properties":{"ibquc1d6wnd":{"_isJSONSchemaObject":true,"version":"2.0","type":"void","x-component":"Grid.Col","properties":{"total_defect":{"_isJSONSchemaObject":true,"version":"2.0","type":"string","name":"total_defect","x-toolbar":"FormItemSchemaToolbar","x-settings":"fieldSettings:FormItem","x-component":"AssignedField","x-decorator":"FormItem","x-collection-field":"collection_quality.total_defect"}},"name":"ibquc1d6wnd"}},"name":"2wbpfklshda"}}},"collection":"collection_quality","params":{"individualHooks":false,"filter":{"$and":[{"id":{"$eq":"{{$context.data.parent_summary.id}}"}}]},"values":{"total_defect":"{{$jobsMapByNodeKey.ca6c1jxzwq5}}"}}} workflowId=350354241683456
[34m2026-02-26 14:08:07 [debug] job added to save list: {"result":1,"status":1,"nodeId":350354241683462,"nodeKey":"9mun3sl2wtp","id":"7299493800213504","createdAt":"2026-02-26T06:08:07.843Z","updatedAt":"2026-02-26T06:08:07.843Z","executionId":350354591907841}[39m workflowId=350354241683456
[32m2026-02-26 14:08:07 [info]  execution (350354591907841) run instruction [update] for node (350354241683462) finished as status: 1[39m workflowId=350354241683456
[34m2026-02-26 14:08:07 [debug] result of node                              [39m data=1
[34m2026-02-26 14:08:07 [debug] branch ended at node (350354241683462)      [39m 
[34m2026-02-26 14:08:07 [debug] not on main, recall to parent entry node (350354241683462)})[39m workflowId=350354241683456
[32m2026-02-26 14:08:07 [info]  execution (350354591907841) resume instruction [parallel] for node (350354241683457)[39m workflowId=350354241683456
[34m2026-02-26 14:08:07 [debug] config of node                              [39m workflowId=350354241683456
[34m2026-02-26 14:08:07 [debug] job added to save list: {"status":0,"result":[1,null],"nodeId":350354241683457,"nodeKey":"chjc97mlb5y","upstreamId":null,"id":"7299493779241984","createdAt":"2026-02-26T06:08:07.838Z","updatedAt":"2026-02-26T06:08:07.844Z","executionId":350354591907841}[39m workflowId=350354241683456
[32m2026-02-26 14:08:07 [info]  execution (350354591907841) exiting with status 0[39m workflowId=350354241683456
[32m2026-02-26 14:08:07 [info]  execution (350354591907841) run instruction [aggregate] for node (350354241683476)[39m workflowId=350354241683456
[34m2026-02-26 14:08:07 [debug] config of node                              [39m data={"aggregator":"count","associated":false,"params":{"field":"id","filter":{"$and":[{"defect_rank":{"$eq":"level1"}},{"label":{"$noneOf":["功能屏蔽","已拒绝","建议"]}},{"module":{"$eq":"{{$context.data.module}}"}}]}},"precision":2,"collection":"defects"} workflowId=350354241683456
[34m2026-02-26 14:08:07 [debug] job added to save list: {"result":1,"status":1,"nodeId":350354241683476,"nodeKey":"h14qw1067vw","id":"7299493829573632","createdAt":"2026-02-26T06:08:07.850Z","updatedAt":"2026-02-26T06:08:07.850Z","executionId":350354591907841}[39m workflowId=350354241683456
[32m2026-02-26 14:08:07 [info]  execution (350354591907841) run instruction [aggregate] for node (350354241683476) finished as status: 1[39m workflowId=350354241683456
[34m2026-02-26 14:08:07 [debug] result of node                              [39m data=1
[34m2026-02-26 14:08:07 [debug] run next node (350354241683467)             [39m 
[32m2026-02-26 14:08:07 [info]  execution (350354591907841) run instruction [aggregate] for node (350354241683467)[39m workflowId=350354241683456
[34m2026-02-26 14:08:07 [debug] config of node                              [39m data={"aggregator":"count","associated":false,"params":{"field":"id","filter":{"$and":[{"defect_rank":{"$eq":"level1"}},{"label":{"$noneOf":["功能屏蔽","已拒绝","建议"]}},{"$or":[{"label":{"$anyOf":["已修复","待合并"]}},{"$and":[{"label":{"$anyOf":["未复现"]}},{"defect_status":{"$eq":"已关闭"}}]}]},{"module":{"$eq":"{{$context.data.module}}"}}]}},"precision":2,"collection":"defects"} workflowId=350354241683456
[34m2026-02-26 14:08:07 [debug] job added to save list: {"result":1,"status":1,"nodeId":350354241683467,"nodeKey":"cvcey3i9obe","id":"7299493837962240","createdAt":"2026-02-26T06:08:07.852Z","updatedAt":"2026-02-26T06:08:07.852Z","executionId":350354591907841}[39m workflowId=350354241683456
[32m2026-02-26 14:08:07 [info]  execution (350354591907841) run instruction [aggregate] for node (350354241683467) finished as status: 1[39m workflowId=350354241683456
[34m2026-02-26 14:08:07 [debug] result of node                              [39m data=1
[34m2026-02-26 14:08:07 [debug] run next node (350354241683469)             [39m 
[32m2026-02-26 14:08:07 [info]  execution (350354591907841) run instruction [aggregate] for node (350354241683469)[39m workflowId=350354241683456
[34m2026-02-26 14:08:07 [debug] config of node                              [39m data={"aggregator":"count","associated":false,"params":{"field":"id","filter":{"$and":[{"defect_rank":{"$eq":"level1"}},{"module":{"$eq":"{{$context.data.module}}"}},{"$or":[{"defect":{"$includes":"退"}},{"defect":{"$includes":"回退"}},{"defect":{"$includes":"倒退"}}]}]}},"precision":2,"collection":"defects"} workflowId=350354241683456
[34m2026-02-26 14:08:07 [debug] job added to save list: {"result":1,"status":1,"nodeId":350354241683469,"nodeKey":"9euqanxv5ca","id":"7299493850545152","createdAt":"2026-02-26T06:08:07.855Z","updatedAt":"2026-02-26T06:08:07.855Z","executionId":350354591907841}[39m workflowId=350354241683456
[32m2026-02-26 14:08:07 [info]  execution (350354591907841) run instruction [aggregate] for node (350354241683469) finished as status: 1[39m workflowId=350354241683456
[34m2026-02-26 14:08:07 [debug] result of node                              [39m data=1
[34m2026-02-26 14:08:07 [debug] run next node (350354241683468)             [39m 
[32m2026-02-26 14:08:07 [info]  execution (350354591907841) run instruction [aggregate] for node (350354241683468)[39m workflowId=350354241683456
[34m2026-02-26 14:08:07 [debug] config of node                              [39m data={"aggregator":"count","associated":false,"params":{"field":"id","filter":{"$and":[{"defect_rank":{"$eq":"level1"}},{"module":{"$eq":"{{$context.data.module}}"}},{"$or":[{"defect":{"$includes":"挂机"}}]}]}},"precision":2,"collection":"defects"} workflowId=350354241683456
[34m2026-02-26 14:08:07 [debug] job added to save list: {"result":0,"status":1,"nodeId":350354241683468,"nodeKey":"cjybahnz5qh","id":"7299493858933760","createdAt":"2026-02-26T06:08:07.857Z","updatedAt":"2026-02-26T06:08:07.857Z","executionId":350354591907841}[39m workflowId=350354241683456
[32m2026-02-26 14:08:07 [info]  execution (350354591907841) run instruction [aggregate] for node (350354241683468) finished as status: 1[39m workflowId=350354241683456
[34m2026-02-26 14:08:07 [debug] result of node                              [39m 
[34m2026-02-26 14:08:07 [debug] run next node (350354241683475)             [39m 
[32m2026-02-26 14:08:07 [info]  execution (350354591907841) run instruction [aggregate] for node (350354241683475)[39m workflowId=350354241683456
[34m2026-02-26 14:08:07 [debug] config of node                              [39m data={"aggregator":"count","associated":false,"params":{"field":"id","filter":{"$and":[{"defect_rank":{"$eq":"level1"}},{"defect":{"$notIncludes":"退"}},{"defect":{"$notIncludes":"回退"}},{"defect":{"$notIncludes":"倒退"}},{"defect":{"$notIncludes":"挂机"}},{"module":{"$eq":"{{$context.data.module}}"}}]}},"precision":2,"collection":"defects"} workflowId=350354241683456
[34m2026-02-26 14:08:07 [debug] job added to save list: {"result":0,"status":1,"nodeId":350354241683475,"nodeKey":"4lo6zk22j0o","id":"7299493863128064","createdAt":"2026-02-26T06:08:07.858Z","updatedAt":"2026-02-26T06:08:07.858Z","executionId":350354591907841}[39m workflowId=350354241683456
[32m2026-02-26 14:08:07 [info]  execution (350354591907841) run instruction [aggregate] for node (350354241683475) finished as status: 1[39m workflowId=350354241683456
[34m2026-02-26 14:08:07 [debug] result of node                              [39m 
[34m2026-02-26 14:08:07 [debug] run next node (350354241683471)             [39m 
[32m2026-02-26 14:08:07 [info]  execution (350354591907841) run instruction [aggregate] for node (350354241683471)[39m workflowId=350354241683456
[34m2026-02-26 14:08:07 [debug] config of node                              [39m data={"aggregator":"count","associated":false,"params":{"field":"id","filter":{"$and":[{"defect_rank":{"$eq":"level2"}},{"label":{"$noneOf":["功能屏蔽","已拒绝","建议"]}},{"module":{"$eq":"{{$context.data.module}}"}}]}},"precision":2,"collection":"defects"} workflowId=350354241683456
[34m2026-02-26 14:08:07 [debug] job added to save list: {"result":0,"status":1,"nodeId":350354241683471,"nodeKey":"52k6055vnrg","id":"7299493871516672","createdAt":"2026-02-26T06:08:07.860Z","updatedAt":"2026-02-26T06:08:07.860Z","executionId":350354591907841}[39m workflowId=350354241683456
[32m2026-02-26 14:08:07 [info]  execution (350354591907841) run instruction [aggregate] for node (350354241683471) finished as status: 1[39m workflowId=350354241683456
[34m2026-02-26 14:08:07 [debug] result of node                              [39m 
[34m2026-02-26 14:08:07 [debug] run next node (350354241683465)             [39m 
[32m2026-02-26 14:08:07 [info]  execution (350354591907841) run instruction [aggregate] for node (350354241683465)[39m workflowId=350354241683456
[34m2026-02-26 14:08:07 [debug] config of node                              [39m data={"aggregator":"count","associated":false,"params":{"field":"id","filter":{"$and":[{"defect_rank":{"$eq":"level2"}},{"label":{"$noneOf":["功能屏蔽","已拒绝","建议"]}},{"$or":[{"label":{"$anyOf":["已修复","待合并"]}},{"$and":[{"label":{"$anyOf":["未复现"]}},{"defect_status":{"$eq":"已关闭"}}]}]},{"module":{"$eq":"{{$context.data.module}}"}}]}},"precision":2,"collection":"defects"} workflowId=350354241683456
[34m2026-02-26 14:08:07 [debug] job added to save list: {"result":0,"status":1,"nodeId":350354241683465,"nodeKey":"1fpxh7sjq4k","id":"7299493884099584","createdAt":"2026-02-26T06:08:07.863Z","updatedAt":"2026-02-26T06:08:07.863Z","executionId":350354591907841}[39m workflowId=350354241683456
[32m2026-02-26 14:08:07 [info]  execution (350354591907841) run instruction [aggregate] for node (350354241683465) finished as status: 1[39m workflowId=350354241683456
[34m2026-02-26 14:08:07 [debug] result of node                              [39m 
[34m2026-02-26 14:08:07 [debug] run next node (350354241683466)             [39m 
[32m2026-02-26 14:08:07 [info]  execution (350354591907841) run instruction [aggregate] for node (350354241683466)[39m workflowId=350354241683456
[34m2026-02-26 14:08:07 [debug] config of node                              [39m data={"aggregator":"count","associated":false,"params":{"field":"id","filter":{"$and":[{"defect_rank":{"$eq":"level3"}},{"label":{"$noneOf":["功能屏蔽","已拒绝","建议"]}},{"module":{"$eq":"{{$context.data.module}}"}}]}},"precision":2,"collection":"defects"} workflowId=350354241683456
[34m2026-02-26 14:08:07 [debug] job added to save list: {"result":0,"status":1,"nodeId":350354241683466,"nodeKey":"t5m287ao4ea","id":"7299493896682496","createdAt":"2026-02-26T06:08:07.866Z","updatedAt":"2026-02-26T06:08:07.866Z","executionId":350354591907841}[39m workflowId=350354241683456
[32m2026-02-26 14:08:07 [info]  execution (350354591907841) run instruction [aggregate] for node (350354241683466) finished as status: 1[39m workflowId=350354241683456
[34m2026-02-26 14:08:07 [debug] result of node                              [39m 
[34m2026-02-26 14:08:07 [debug] run next node (350354241683472)             [39m 
[32m2026-02-26 14:08:07 [info]  execution (350354591907841) run instruction [aggregate] for node (350354241683472)[39m workflowId=350354241683456
[34m2026-02-26 14:08:07 [debug] config of node                              [39m data={"aggregator":"count","associated":false,"params":{"field":"id","filter":{"$and":[{"defect_rank":{"$eq":"level3"}},{"label":{"$noneOf":["功能屏蔽","已拒绝","建议"]}},{"$or":[{"label":{"$anyOf":["待合并","已修复"]}},{"$and":[{"label":{"$anyOf":["未复现"]}},{"defect_status":{"$eq":"已关闭"}}]}]},{"module":{"$eq":"{{$context.data.module}}"}}]}},"precision":2,"collection":"defects"} workflowId=350354241683456
[34m2026-02-26 14:08:07 [debug] job added to save list: {"result":0,"status":1,"nodeId":350354241683472,"nodeKey":"je6ex9hwdlz","id":"7299493913459712","createdAt":"2026-02-26T06:08:07.870Z","updatedAt":"2026-02-26T06:08:07.870Z","executionId":350354591907841}[39m workflowId=350354241683456
[32m2026-02-26 14:08:07 [info]  execution (350354591907841) run instruction [aggregate] for node (350354241683472) finished as status: 1[39m workflowId=350354241683456
[34m2026-02-26 14:08:07 [debug] result of node                              [39m 
[34m2026-02-26 14:08:07 [debug] run next node (350354241683458)             [39m 
[32m2026-02-26 14:08:07 [info]  execution (350354591907841) run instruction [aggregate] for node (350354241683458)[39m workflowId=350354241683456
[34m2026-02-26 14:08:07 [debug] config of node                              [39m data={"aggregator":"count","associated":false,"params":{"field":"id","filter":{"$and":[{"priority":{"$eq":"P1"}},{"module":{"$eq":"{{$context.data.module}}"}}]}},"precision":2,"collection":"defects"} workflowId=350354241683456
[34m2026-02-26 14:08:07 [debug] job added to save list: {"result":1,"status":1,"nodeId":350354241683458,"nodeKey":"m7boio3foa4","id":"7299493917654016","createdAt":"2026-02-26T06:08:07.871Z","updatedAt":"2026-02-26T06:08:07.871Z","executionId":350354591907841}[39m workflowId=350354241683456
[32m2026-02-26 14:08:07 [info]  execution (350354591907841) run instruction [aggregate] for node (350354241683458) finished as status: 1[39m workflowId=350354241683456
[34m2026-02-26 14:08:07 [debug] result of node                              [39m data=1
[34m2026-02-26 14:08:07 [debug] run next node (350354241683473)             [39m 
[32m2026-02-26 14:08:07 [info]  execution (350354591907841) run instruction [aggregate] for node (350354241683473)[39m workflowId=350354241683456
[34m2026-02-26 14:08:07 [debug] config of node                              [39m data={"aggregator":"count","associated":false,"params":{"field":"id","filter":{"$and":[{"priority":{"$eq":"P1"}},{"module":{"$eq":"{{$context.data.module}}"}},{"label":{"$noneOf":["功能屏蔽","已拒绝","建议"]}},{"$or":[{"label":{"$anyOf":["待合并","已修复"]}},{"$and":[{"label":{"$anyOf":["未复现"]}},{"defect_status":{"$eq":"已关闭"}}]}]}]}},"precision":2,"collection":"defects"} workflowId=350354241683456
[34m2026-02-26 14:08:07 [debug] job added to save list: {"result":1,"status":1,"nodeId":350354241683473,"nodeKey":"ctxa7y3htwk","id":"7299493930236928","createdAt":"2026-02-26T06:08:07.874Z","updatedAt":"2026-02-26T06:08:07.874Z","executionId":350354591907841}[39m workflowId=350354241683456
[32m2026-02-26 14:08:07 [info]  execution (350354591907841) run instruction [aggregate] for node (350354241683473) finished as status: 1[39m workflowId=350354241683456
[34m2026-02-26 14:08:07 [debug] result of node                              [39m data=1
[34m2026-02-26 14:08:07 [debug] run next node (350354241683463)             [39m 
[32m2026-02-26 14:08:07 [info]  execution (350354591907841) run instruction [aggregate] for node (350354241683463)[39m workflowId=350354241683456
[34m2026-02-26 14:08:07 [debug] config of node                              [39m data={"aggregator":"count","associated":false,"params":{"field":"id","filter":{"$and":[{"priority":{"$eq":"P2"}},{"module":{"$eq":"{{$context.data.module}}"}}]}},"precision":2,"collection":"defects"} workflowId=350354241683456
[34m2026-02-26 14:08:07 [debug] job added to save list: {"result":0,"status":1,"nodeId":350354241683463,"nodeKey":"n5qz0yvi8a8","id":"7299493934431232","createdAt":"2026-02-26T06:08:07.875Z","updatedAt":"2026-02-26T06:08:07.875Z","executionId":350354591907841}[39m workflowId=350354241683456
[32m2026-02-26 14:08:07 [info]  execution (350354591907841) run instruction [aggregate] for node (350354241683463) finished as status: 1[39m workflowId=350354241683456
[34m2026-02-26 14:08:07 [debug] result of node                              [39m 
[34m2026-02-26 14:08:07 [debug] run next node (350354241683474)             [39m 
[32m2026-02-26 14:08:07 [info]  execution (350354591907841) run instruction [aggregate] for node (350354241683474)[39m workflowId=350354241683456
[34m2026-02-26 14:08:07 [debug] config of node                              [39m data={"aggregator":"count","associated":false,"params":{"field":"id","filter":{"$and":[{"priority":{"$eq":"P2"}},{"label":{"$noneOf":["功能屏蔽","已拒绝","建议"]}},{"module":{"$eq":"{{$context.data.module}}"}},{"$or":[{"label":{"$anyOf":["待合并","已修复"]}},{"$and":[{"label":{"$anyOf":["未复现"]}},{"defect_status":{"$eq":"已关闭"}}]}]}]}},"precision":2,"collection":"defects"} workflowId=350354241683456
[34m2026-02-26 14:08:07 [debug] job added to save list: {"result":0,"status":1,"nodeId":350354241683474,"nodeKey":"m5m10pctczr","id":"7299493942819840","createdAt":"2026-02-26T06:08:07.877Z","updatedAt":"2026-02-26T06:08:07.877Z","executionId":350354591907841}[39m workflowId=350354241683456
[32m2026-02-26 14:08:07 [info]  execution (350354591907841) run instruction [aggregate] for node (350354241683474) finished as status: 1[39m workflowId=350354241683456
[34m2026-02-26 14:08:07 [debug] result of node                              [39m 
[34m2026-02-26 14:08:07 [debug] run next node (350354241683460)             [39m 
[32m2026-02-26 14:08:07 [info]  execution (350354591907841) run instruction [aggregate] for node (350354241683460)[39m workflowId=350354241683456
[34m2026-02-26 14:08:07 [debug] config of node                              [39m data={"aggregator":"count","associated":false,"params":{"field":"id","filter":{"$and":[{"priority":{"$eq":"P3"}},{"module":{"$eq":"{{$context.data.module}}"}}]}},"precision":2,"collection":"defects"} workflowId=350354241683456
[34m2026-02-26 14:08:07 [debug] job added to save list: {"result":0,"status":1,"nodeId":350354241683460,"nodeKey":"86wyre6po8b","id":"7299493951208448","createdAt":"2026-02-26T06:08:07.879Z","updatedAt":"2026-02-26T06:08:07.879Z","executionId":350354591907841}[39m workflowId=350354241683456
[32m2026-02-26 14:08:07 [info]  execution (350354591907841) run instruction [aggregate] for node (350354241683460) finished as status: 1[39m workflowId=350354241683456
[34m2026-02-26 14:08:07 [debug] result of node                              [39m 
[34m2026-02-26 14:08:07 [debug] run next node (350354241683478)             [39m 
[32m2026-02-26 14:08:07 [info]  execution (350354591907841) run instruction [aggregate] for node (350354241683478)[39m workflowId=350354241683456
[34m2026-02-26 14:08:07 [debug] config of node                              [39m data={"aggregator":"count","associated":false,"params":{"field":"id","filter":{"$and":[{"priority":{"$eq":"P3"}},{"label":{"$noneOf":["功能屏蔽","已拒绝","建议"]}},{"module":{"$eq":"{{$context.data.module}}"}},{"$or":[{"label":{"$anyOf":["待合并","已修复"]}},{"$and":[{"label":{"$anyOf":["未复现"]}},{"defect_status":{"$eq":"已关闭"}}]}]}]}},"precision":2,"collection":"defects"} workflowId=350354241683456
[34m2026-02-26 14:08:07 [debug] job added to save list: {"result":0,"status":1,"nodeId":350354241683478,"nodeKey":"4tftrde6ftb","id":"7299493963791360","createdAt":"2026-02-26T06:08:07.882Z","updatedAt":"2026-02-26T06:08:07.882Z","executionId":350354591907841}[39m workflowId=350354241683456
[32m2026-02-26 14:08:07 [info]  execution (350354591907841) run instruction [aggregate] for node (350354241683478) finished as status: 1[39m workflowId=350354241683456
[34m2026-02-26 14:08:07 [debug] result of node                              [39m 
[34m2026-02-26 14:08:07 [debug] run next node (350354241683459)             [39m 
[32m2026-02-26 14:08:07 [info]  execution (350354591907841) run instruction [aggregate] for node (350354241683459)[39m workflowId=350354241683456
[34m2026-02-26 14:08:07 [debug] config of node                              [39m data={"aggregator":"count","associated":false,"params":{"field":"id","filter":{"$and":[{"defect_status":{"$eq":"已关闭"}},{"priority":{"$eq":"P1"}},{"module":{"$eq":"{{$context.data.module}}"}}]}},"precision":2,"collection":"defects"} workflowId=350354241683456
[34m2026-02-26 14:08:07 [debug] job added to save list: {"result":0,"status":1,"nodeId":350354241683459,"nodeKey":"3szdlncazck","id":"7299493967985664","createdAt":"2026-02-26T06:08:07.883Z","updatedAt":"2026-02-26T06:08:07.883Z","executionId":350354591907841}[39m workflowId=350354241683456
[32m2026-02-26 14:08:07 [info]  execution (350354591907841) run instruction [aggregate] for node (350354241683459) finished as status: 1[39m workflowId=350354241683456
[34m2026-02-26 14:08:07 [debug] result of node                              [39m 
[34m2026-02-26 14:08:07 [debug] run next node (350354241683477)             [39m 
[32m2026-02-26 14:08:07 [info]  execution (350354591907841) run instruction [aggregate] for node (350354241683477)[39m workflowId=350354241683456
[34m2026-02-26 14:08:07 [debug] config of node                              [39m data={"aggregator":"count","associated":false,"params":{"field":"id","filter":{"$and":[{"defect_status":{"$eq":"已关闭"}},{"module":{"$eq":"{{$context.data.module}}"}}]}},"precision":2,"collection":"defects"} workflowId=350354241683456
[34m2026-02-26 14:08:07 [debug] job added to save list: {"result":0,"status":1,"nodeId":350354241683477,"nodeKey":"aj31qog7bx4","id":"7299493976374272","createdAt":"2026-02-26T06:08:07.885Z","updatedAt":"2026-02-26T06:08:07.885Z","executionId":350354591907841}[39m workflowId=350354241683456
[32m2026-02-26 14:08:07 [info]  execution (350354591907841) run instruction [aggregate] for node (350354241683477) finished as status: 1[39m workflowId=350354241683456
[34m2026-02-26 14:08:07 [debug] result of node                              [39m 
[34m2026-02-26 14:08:07 [debug] run next node (350354241683479)             [39m 
[32m2026-02-26 14:08:07 [info]  execution (350354591907841) run instruction [aggregate] for node (350354241683479)[39m workflowId=350354241683456
[34m2026-02-26 14:08:07 [debug] config of node                              [39m data={"aggregator":"count","associated":false,"params":{"field":"id","filter":{"$and":[{"label":{"$anyOf":["延期"]}},{"module":{"$eq":"{{$context.data.module}}"}}]}},"precision":2,"collection":"defects"} workflowId=350354241683456
[34m2026-02-26 14:08:07 [debug] job added to save list: {"result":0,"status":1,"nodeId":350354241683479,"nodeKey":"3f305ii7n0l","id":"7299493980568576","createdAt":"2026-02-26T06:08:07.887Z","updatedAt":"2026-02-26T06:08:07.887Z","executionId":350354591907841}[39m workflowId=350354241683456
[32m2026-02-26 14:08:07 [info]  execution (350354591907841) run instruction [aggregate] for node (350354241683479) finished as status: 1[39m workflowId=350354241683456
[34m2026-02-26 14:08:07 [debug] result of node                              [39m 
[34m2026-02-26 14:08:07 [debug] run next node (350354241683480)             [39m 
[32m2026-02-26 14:08:07 [info]  execution (350354591907841) run instruction [aggregate] for node (350354241683480)[39m workflowId=350354241683456
[34m2026-02-26 14:08:07 [debug] config of node                              [39m data={"aggregator":"count","associated":false,"params":{"field":"id","filter":{"$and":[{"defect_status":{"$ne":"已关闭"}},{"label":{"$noneOf":["功能屏蔽","已拒绝","建议"]}},{"module":{"$eq":"{{$context.data.module}}"}}]}},"precision":2,"collection":"defects"} workflowId=350354241683456
[34m2026-02-26 14:08:07 [debug] job added to save list: {"result":1,"status":1,"nodeId":350354241683480,"nodeKey":"d60x92jthmx","id":"7299493993151488","createdAt":"2026-02-26T06:08:07.889Z","updatedAt":"2026-02-26T06:08:07.889Z","executionId":350354591907841}[39m workflowId=350354241683456
[32m2026-02-26 14:08:07 [info]  execution (350354591907841) run instruction [aggregate] for node (350354241683480) finished as status: 1[39m workflowId=350354241683456
[34m2026-02-26 14:08:07 [debug] result of node                              [39m data=1
[34m2026-02-26 14:08:07 [debug] run next node (350354241683464)             [39m 
[32m2026-02-26 14:08:07 [info]  execution (350354591907841) run instruction [aggregate] for node (350354241683464)[39m workflowId=350354241683456
[34m2026-02-26 14:08:07 [debug] config of node                              [39m data={"aggregator":"count","associated":false,"params":{"field":"id","filter":{"$and":[{"label":{"$anyOf":["复测未通过"]}},{"module":{"$eq":"{{$context.data.module}}"}}]}},"precision":2,"collection":"defects"} workflowId=350354241683456
[34m2026-02-26 14:08:07 [debug] job added to save list: {"result":0,"status":1,"nodeId":350354241683464,"nodeKey":"iofdvp5yr94","id":"7299493997345792","createdAt":"2026-02-26T06:08:07.890Z","updatedAt":"2026-02-26T06:08:07.890Z","executionId":350354591907841}[39m workflowId=350354241683456
[32m2026-02-26 14:08:07 [info]  execution (350354591907841) run instruction [aggregate] for node (350354241683464) finished as status: 1[39m workflowId=350354241683456
[34m2026-02-26 14:08:07 [debug] result of node                              [39m 
[34m2026-02-26 14:08:07 [debug] run next node (350354241683481)             [39m 
[32m2026-02-26 14:08:07 [info]  execution (350354591907841) run instruction [aggregate] for node (350354241683481)[39m workflowId=350354241683456
[34m2026-02-26 14:08:07 [debug] config of node                              [39m data={"aggregator":"count","associated":false,"params":{"field":"id","filter":{"$and":[{"module":{"$eq":"{{$context.data.module}}"}}]}},"precision":2,"collection":"defects"} workflowId=350354241683456
[34m2026-02-26 14:08:07 [debug] job added to save list: {"result":1,"status":1,"nodeId":350354241683481,"nodeKey":"zzewef9k4c5","id":"7299494005734400","createdAt":"2026-02-26T06:08:07.892Z","updatedAt":"2026-02-26T06:08:07.892Z","executionId":350354591907841}[39m workflowId=350354241683456
[32m2026-02-26 14:08:07 [info]  execution (350354591907841) run instruction [aggregate] for node (350354241683481) finished as status: 1[39m workflowId=350354241683456
[34m2026-02-26 14:08:07 [debug] result of node                              [39m data=1
[34m2026-02-26 14:08:07 [debug] run next node (350354241683482)             [39m 
[32m2026-02-26 14:08:07 [info]  execution (350354591907841) run instruction [aggregate] for node (350354241683482)[39m workflowId=350354241683456
[34m2026-02-26 14:08:07 [debug] config of node                              [39m data={"aggregator":"count","associated":false,"params":{"field":"id","filter":{"$and":[{"label":{"$anyOf":["建议"]}},{"module":{"$eq":"{{$context.data.module}}"}}]}},"precision":2,"collection":"defects"} workflowId=350354241683456
[34m2026-02-26 14:08:07 [debug] job added to save list: {"result":0,"status":1,"nodeId":350354241683482,"nodeKey":"aaj3raugpgh","id":"7299494009928704","createdAt":"2026-02-26T06:08:07.893Z","updatedAt":"2026-02-26T06:08:07.893Z","executionId":350354591907841}[39m workflowId=350354241683456
[32m2026-02-26 14:08:07 [info]  execution (350354591907841) run instruction [aggregate] for node (350354241683482) finished as status: 1[39m workflowId=350354241683456
[34m2026-02-26 14:08:07 [debug] result of node                              [39m 
[34m2026-02-26 14:08:07 [debug] run next node (350354241683483)             [39m 
[32m2026-02-26 14:08:07 [info]  execution (350354591907841) run instruction [calculation] for node (350354241683483)[39m workflowId=350354241683456
[34m2026-02-26 14:08:07 [debug] config of node                              [39m data={"engine":"formula.js","expression":"IF({{$jobsMapByNodeKey.m7boio3foa4}})> 0, ({{$jobsMapByNodeKey.ctxa7y3htwk}}/{{$jobsMapByNodeKey.m7boio3foa4}}) * 100"} workflowId=350354241683456
[34m2026-02-26 14:08:07 [debug] job added to save list: {"result":100,"status":1,"nodeId":350354241683483,"nodeKey":"0koj1eg6sb8","id":"7299494014123008","createdAt":"2026-02-26T06:08:07.894Z","updatedAt":"2026-02-26T06:08:07.894Z","executionId":350354591907841}[39m workflowId=350354241683456
[32m2026-02-26 14:08:07 [info]  execution (350354591907841) run instruction [calculation] for node (350354241683483) finished as status: 1[39m workflowId=350354241683456
[34m2026-02-26 14:08:07 [debug] result of node                              [39m data=100
[34m2026-02-26 14:08:07 [debug] run next node (350354241683470)             [39m 
[32m2026-02-26 14:08:07 [info]  execution (350354591907841) run instruction [update] for node (350354241683470)[39m workflowId=350354241683456
[34m2026-02-26 14:08:07 [debug] config of node                              [39m data={"usingAssignFormSchema":true,"assignFormSchema":{"_isJSONSchemaObject":true,"version":"2.0","name":"z36wx6jbrw9","type":"void","x-component":"Grid","x-initializer":"assignFieldValuesForm:configureFields","properties":{"i1v4kp5ixw1":{"_isJSONSchemaObject":true,"version":"2.0","type":"void","x-component":"Grid.Row","properties":{"m57in1bxqre":{"_isJSONSchemaObject":true,"version":"2.0","type":"void","x-component":"Grid.Col","properties":{"level_1_count":{"_isJSONSchemaObject":true,"version":"2.0","type":"string","name":"level_1_count","x-toolbar":"FormItemSchemaToolbar","x-settings":"fieldSettings:FormItem","x-component":"AssignedField","x-decorator":"FormItem","x-collection-field":"module_summaries.level_1_count"}},"name":"m57in1bxqre"}},"name":"i1v4kp5ixw1"},"28tkyaas4rv":{"_isJSONSchemaObject":true,"version":"2.0","type":"void","x-component":"Grid.Row","properties":{"aubadkxorcs":{"_isJSONSchemaObject":true,"version":"2.0","type":"void","x-component":"Grid.Col","properties":{"level_1_fixed":{"_isJSONSchemaObject":true,"version":"2.0","type":"string","name":"level_1_fixed","x-toolbar":"FormItemSchemaToolbar","x-settings":"fieldSettings:FormItem","x-component":"AssignedField","x-decorator":"FormItem","x-collection-field":"module_summaries.level_1_fixed"}},"name":"aubadkxorcs"}},"name":"28tkyaas4rv"},"87dzfrypjv5":{"_isJSONSchemaObject":true,"version":"2.0","type":"void","x-component":"Grid.Row","properties":{"00u2e0hze8y":{"_isJSONSchemaObject":true,"version":"2.0","type":"void","x-component":"Grid.Col","properties":{"level_2_count":{"_isJSONSchemaObject":true,"version":"2.0","type":"string","name":"level_2_count","x-toolbar":"FormItemSchemaToolbar","x-settings":"fieldSettings:FormItem","x-component":"AssignedField","x-decorator":"FormItem","x-collection-field":"module_summaries.level_2_count"}},"name":"00u2e0hze8y"}},"name":"87dzfrypjv5"},"sr9fb2g83wa":{"_isJSONSchemaObject":true,"version":"2.0","type":"void","x-component":"Grid.Row","properties":{"mctr2nubczg":{"_isJSONSchemaObject":true,"version":"2.0","type":"void","x-component":"Grid.Col","properties":{"level_2_fixed":{"_isJSONSchemaObject":true,"version":"2.0","type":"string","name":"level_2_fixed","x-toolbar":"FormItemSchemaToolbar","x-settings":"fieldSettings:FormItem","x-component":"AssignedField","x-decorator":"FormItem","x-collection-field":"module_summaries.level_2_fixed"}},"name":"mctr2nubczg"}},"name":"sr9fb2g83wa"},"robhdmi5xfc":{"_isJSONSchemaObject":true,"version":"2.0","type":"void","x-component":"Grid.Row","properties":{"d7pyy4ts79k":{"_isJSONSchemaObject":true,"version":"2.0","type":"void","x-component":"Grid.Col","properties":{"level_3_count":{"_isJSONSchemaObject":true,"version":"2.0","type":"string","name":"level_3_count","x-toolbar":"FormItemSchemaToolbar","x-settings":"fieldSettings:FormItem","x-component":"AssignedField","x-decorator":"FormItem","x-collection-field":"module_summaries.level_3_count"}},"name":"d7pyy4ts79k"}},"name":"robhdmi5xfc"},"9ykwa93dd5w":{"_isJSONSchemaObject":true,"version":"2.0","type":"void","x-component":"Grid.Row","properties":{"0nkrxq50w1f":{"_isJSONSchemaObject":true,"version":"2.0","type":"void","x-component":"Grid.Col","properties":{"level_3_fixed":{"_isJSONSchemaObject":true,"version":"2.0","type":"string","name":"level_3_fixed","x-toolbar":"FormItemSchemaToolbar","x-settings":"fieldSettings:FormItem","x-component":"AssignedField","x-decorator":"FormItem","x-collection-field":"module_summaries.level_3_fixed"}},"name":"0nkrxq50w1f"}},"name":"9ykwa93dd5w"},"m2wrz7jm9vz":{"_isJSONSchemaObject":true,"version":"2.0","type":"void","x-component":"Grid.Row","properties":{"hfp2a2oyka1":{"_isJSONSchemaObject":true,"version":"2.0","type":"void","x-component":"Grid.Col","properties":{"level_1_rollback":{"_isJSONSchemaObject":true,"version":"2.0","type":"string","name":"level_1_rollback","x-toolbar":"FormItemSchemaToolbar","x-settings":"fieldSettings:FormItem","x-component":"AssignedField","x-decorator":"FormItem","x-collection-field":"module_summaries.level_1_rollback"}},"name":"hfp2a2oyka1"}},"name":"m2wrz7jm9vz"},"llra5xvheol":{"_isJSONSchemaObject":true,"version":"2.0","type":"void","x-component":"Grid.Row","properties":{"hxtzevu58gt":{"_isJSONSchemaObject":true,"version":"2.0","type":"void","x-component":"Grid.Col","properties":{"level_1_hang":{"_isJSONSchemaObject":true,"version":"2.0","type":"string","name":"level_1_hang","x-toolbar":"FormItemSchemaToolbar","x-settings":"fieldSettings:FormItem","x-component":"AssignedField","x-decorator":"FormItem","x-collection-field":"module_summaries.level_1_hang"}},"name":"hxtzevu58gt"}},"name":"llra5xvheol"},"55xmmpvuyqt":{"_isJSONSchemaObject":true,"version":"2.0","type":"void","x-component":"Grid.Row","properties":{"6khukz0hpsa":{"_isJSONSchemaObject":true,"version":"2.0","type":"void","x-component":"Grid.Col","properties":{"level_1_other":{"_isJSONSchemaObject":true,"version":"2.0","type":"string","name":"level_1_other","x-toolbar":"FormItemSchemaToolbar","x-settings":"fieldSettings:FormItem","x-component":"AssignedField","x-decorator":"FormItem","x-collection-field":"module_summaries.level_1_other"}},"name":"6khukz0hpsa"}},"name":"55xmmpvuyqt"},"rsmtss1h01p":{"_isJSONSchemaObject":true,"version":"2.0","type":"void","x-component":"Grid.Row","properties":{"cpv1idb5asq":{"_isJSONSchemaObject":true,"version":"2.0","type":"void","x-component":"Grid.Col","properties":{"p1_total":{"_isJSONSchemaObject":true,"version":"2.0","type":"string","name":"p1_total","x-toolbar":"FormItemSchemaToolbar","x-settings":"fieldSettings:FormItem","x-component":"AssignedField","x-decorator":"FormItem","x-collection-field":"module_summaries.p1_total"}},"name":"cpv1idb5asq"}},"name":"rsmtss1h01p"},"7qkvh5xh818":{"_isJSONSchemaObject":true,"version":"2.0","type":"void","x-component":"Grid.Row","properties":{"6nw4mwneztc":{"_isJSONSchemaObject":true,"version":"2.0","type":"void","x-component":"Grid.Col","properties":{"p1_fixed":{"_isJSONSchemaObject":true,"version":"2.0","type":"string","name":"p1_fixed","x-toolbar":"FormItemSchemaToolbar","x-settings":"fieldSettings:FormItem","x-component":"AssignedField","x-decorator":"FormItem","x-collection-field":"module_summaries.p1_fixed"}},"name":"6nw4mwneztc"}},"name":"7qkvh5xh818"},"b58wgiucl7e":{"_isJSONSchemaObject":true,"version":"2.0","type":"void","x-component":"Grid.Row","properties":{"zj0a2jvc6z9":{"_isJSONSchemaObject":true,"version":"2.0","type":"void","x-component":"Grid.Col","properties":{"p2_total":{"_isJSONSchemaObject":true,"version":"2.0","type":"string","name":"p2_total","x-toolbar":"FormItemSchemaToolbar","x-settings":"fieldSettings:FormItem","x-component":"AssignedField","x-decorator":"FormItem","x-collection-field":"module_summaries.p2_total"}},"name":"zj0a2jvc6z9"}},"name":"b58wgiucl7e"},"nro02cwc7bk":{"_isJSONSchemaObject":true,"version":"2.0","type":"void","x-component":"Grid.Row","properties":{"1ux17z77emh":{"_isJSONSchemaObject":true,"version":"2.0","type":"void","x-component":"Grid.Col","properties":{"p2_fixed":{"_isJSONSchemaObject":true,"version":"2.0","type":"string","name":"p2_fixed","x-toolbar":"FormItemSchemaToolbar","x-settings":"fieldSettings:FormItem","x-component":"AssignedField","x-decorator":"FormItem","x-collection-field":"module_summaries.p2_fixed"}},"name":"1ux17z77emh"}},"name":"nro02cwc7bk"},"a8dmvlrnvb7":{"_isJSONSchemaObject":true,"version":"2.0","type":"void","x-component":"Grid.Row","properties":{"vlqd92jptvw":{"_isJSONSchemaObject":true,"version":"2.0","type":"void","x-component":"Grid.Col","properties":{"p3_total":{"_isJSONSchemaObject":true,"version":"2.0","type":"string","name":"p3_total","x-toolbar":"FormItemSchemaToolbar","x-settings":"fieldSettings:FormItem","x-component":"AssignedField","x-decorator":"FormItem","x-collection-field":"module_summaries.p3_total"}},"name":"vlqd92jptvw"}},"name":"a8dmvlrnvb7"},"pe6kuknysf3":{"_isJSONSchemaObject":true,"version":"2.0","type":"void","x-component":"Grid.Row","properties":{"5oyb34njzsh":{"_isJSONSchemaObject":true,"version":"2.0","type":"void","x-component":"Grid.Col","properties":{"p3_fixed":{"_isJSONSchemaObject":true,"version":"2.0","type":"string","name":"p3_fixed","x-toolbar":"FormItemSchemaToolbar","x-settings":"fieldSettings:FormItem","x-component":"AssignedField","x-decorator":"FormItem","x-collection-field":"module_summaries.p3_fixed"}},"name":"5oyb34njzsh"}},"name":"pe6kuknysf3"},"waamhtv7n4r":{"_isJSONSchemaObject":true,"version":"2.0","type":"void","x-component":"Grid.Row","properties":{"pdixjg4jtwt":{"_isJSONSchemaObject":true,"version":"2.0","type":"void","x-component":"Grid.Col","properties":{"total_closed":{"_isJSONSchemaObject":true,"version":"2.0","type":"string","name":"total_closed","x-toolbar":"FormItemSchemaToolbar","x-settings":"fieldSettings:FormItem","x-component":"AssignedField","x-decorator":"FormItem","x-collection-field":"module_summaries.total_closed"}},"name":"pdixjg4jtwt"}},"name":"waamhtv7n4r"},"o3ju99g7tpn":{"_isJSONSchemaObject":true,"version":"2.0","type":"void","x-component":"Grid.Row","properties":{"vv5cbr6n0r5":{"_isJSONSchemaObject":true,"version":"2.0","type":"void","x-component":"Grid.Col","properties":{"total_delayed":{"_isJSONSchemaObject":true,"version":"2.0","type":"string","name":"total_delayed","x-toolbar":"FormItemSchemaToolbar","x-settings":"fieldSettings:FormItem","x-component":"AssignedField","x-decorator":"FormItem","x-collection-field":"module_summaries.total_delayed"}},"name":"vv5cbr6n0r5"}},"name":"o3ju99g7tpn"},"0ww2fk3j4bh":{"_isJSONSchemaObject":true,"version":"2.0","type":"void","x-component":"Grid.Row","properties":{"bbtvb9ylfl3":{"_isJSONSchemaObject":true,"version":"2.0","type":"void","x-component":"Grid.Col","properties":{"p1_closed":{"_isJSONSchemaObject":true,"version":"2.0","type":"string","name":"p1_closed","x-toolbar":"FormItemSchemaToolbar","x-settings":"fieldSettings:FormItem","x-component":"AssignedField","x-decorator":"FormItem","x-collection-field":"module_summaries.p1_closed"}},"name":"bbtvb9ylfl3"}},"name":"0ww2fk3j4bh"},"2jfygzvc1fb":{"_isJSONSchemaObject":true,"version":"2.0","type":"void","x-component":"Grid.Row","properties":{"sp1nds1997r":{"_isJSONSchemaObject":true,"version":"2.0","type":"void","x-component":"Grid.Col","properties":{"open_count":{"_isJSONSchemaObject":true,"version":"2.0","type":"string","name":"open_count","x-toolbar":"FormItemSchemaToolbar","x-settings":"fieldSettings:FormItem","x-component":"AssignedField","x-decorator":"FormItem","x-collection-field":"module_summaries.open_count"}},"name":"sp1nds1997r"}},"name":"2jfygzvc1fb"},"3ej00lz953w":{"_isJSONSchemaObject":true,"version":"2.0","type":"void","x-component":"Grid.Row","properties":{"cszm23qznik":{"_isJSONSchemaObject":true,"version":"2.0","type":"void","x-component":"Grid.Col","properties":{"retest_failed_count":{"_isJSONSchemaObject":true,"version":"2.0","type":"string","name":"retest_failed_count","x-toolbar":"FormItemSchemaToolbar","x-settings":"fieldSettings:FormItem","x-component":"AssignedField","x-decorator":"FormItem","x-collection-field":"module_summaries.retest_failed_count"}},"name":"cszm23qznik"}},"name":"3ej00lz953w"},"15e9xtl3qs1":{"_isJSONSchemaObject":true,"version":"2.0","type":"void","x-component":"Grid.Row","properties":{"k1jpdb6h9ka":{"_isJSONSchemaObject":true,"version":"2.0","type":"void","x-component":"Grid.Col","properties":{"module_total":{"_isJSONSchemaObject":true,"version":"2.0","type":"string","name":"module_total","x-toolbar":"FormItemSchemaToolbar","x-settings":"fieldSettings:FormItem","x-component":"AssignedField","x-decorator":"FormItem","x-collection-field":"module_summaries.module_total"}},"name":"k1jpdb6h9ka"}},"name":"15e9xtl3qs1"},"izho92ic2cs":{"_isJSONSchemaObject":true,"version":"2.0","type":"void","x-component":"Grid.Row","properties":{"awvbzytdfsu":{"_isJSONSchemaObject":true,"version":"2.0","type":"void","x-component":"Grid.Col","properties":{"suggested_count":{"_isJSONSchemaObject":true,"version":"2.0","type":"string","name":"suggested_count","x-toolbar":"FormItemSchemaToolbar","x-settings":"fieldSettings:FormItem","x-component":"AssignedField","x-decorator":"FormItem","x-collection-field":"module_summaries.suggested_count"}},"name":"awvbzytdfsu"}},"name":"izho92ic2cs"},"yu07e8qcotw":{"_isJSONSchemaObject":true,"version":"2.0","type":"void","x-component":"Grid.Row","properties":{"lxrxphdvhys":{"_isJSONSchemaObject":true,"version":"2.0","type":"void","x-component":"Grid.Col","properties":{"p1_fixed_rate":{"_isJSONSchemaObject":true,"version":"2.0","type":"string","name":"p1_fixed_rate","x-toolbar":"FormItemSchemaToolbar","x-settings":"fieldSettings:FormItem","x-component":"AssignedField","x-decorator":"FormItem","x-collection-field":"module_summaries.p1_fixed_rate"}},"name":"lxrxphdvhys"}},"name":"yu07e8qcotw"}}},"collection":"module_summaries","params":{"individualHooks":false,"filter":{"$and":[{"id":{"$eq":"{{$context.data.module}}"}}]},"values":{"level_1_count":"{{$jobsMapByNodeKey.h14qw1067vw}}","level_1_fixed":"{{$jobsMapByNodeKey.cvcey3i9obe}}","level_2_count":"{{$jobsMapByNodeKey.52k6055vnrg}}","level_2_fixed":"{{$jobsMapByNodeKey.1fpxh7sjq4k}}","level_3_count":"{{$jobsMapByNodeKey.t5m287ao4ea}}","level_3_fixed":"{{$jobsMapByNodeKey.je6ex9hwdlz}}","level_1_rollback":"{{$jobsMapByNodeKey.9euqanxv5ca}}","level_1_hang":"{{$jobsMapByNodeKey.cjybahnz5qh}}","level_1_other":"{{$jobsMapByNodeKey.4lo6zk22j0o}}","p1_total":"{{$jobsMapByNodeKey.m7boio3foa4}}","p1_fixed":"{{$jobsMapByNodeKey.ctxa7y3htwk}}","p2_total":"{{$jobsMapByNodeKey.n5qz0yvi8a8}}","p2_fixed":"{{$jobsMapByNodeKey.m5m10pctczr}}","p3_total":"{{$jobsMapByNodeKey.86wyre6po8b}}","p3_fixed":"{{$jobsMapByNodeKey.4tftrde6ftb}}","total_closed":"{{$jobsMapByNodeKey.aj31qog7bx4}}","total_delayed":"{{$jobsMapByNodeKey.3f305ii7n0l}}","p1_closed":"{{$jobsMapByNodeKey.3szdlncazck}}","open_count":"{{$jobsMapByNodeKey.d60x92jthmx}}","retest_failed_count":"{{$jobsMapByNodeKey.iofdvp5yr94}}","module_total":"{{$jobsMapByNodeKey.zzewef9k4c5}}","suggested_count":"{{$jobsMapByNodeKey.aaj3raugpgh}}","p1_fixed_rate":"{{$jobsMapByNodeKey.0koj1eg6sb8}}"}}} workflowId=350354241683456
[34m2026-02-26 14:08:07 [debug] job added to save list: {"result":1,"status":1,"nodeId":350354241683470,"nodeKey":"iz8nj3ykg09","id":"7299494043483136","createdAt":"2026-02-26T06:08:07.901Z","updatedAt":"2026-02-26T06:08:07.901Z","executionId":350354591907841}[39m workflowId=350354241683456
[32m2026-02-26 14:08:07 [info]  execution (350354591907841) run instruction [update] for node (350354241683470) finished as status: 1[39m workflowId=350354241683456
[34m2026-02-26 14:08:07 [debug] result of node                              [39m data=1
[34m2026-02-26 14:08:07 [debug] branch ended at node (350354241683470)      [39m 
[34m2026-02-26 14:08:07 [debug] not on main, recall to parent entry node (350354241683470)})[39m workflowId=350354241683456
[32m2026-02-26 14:08:07 [info]  execution (350354591907841) resume instruction [parallel] for node (350354241683457)[39m workflowId=350354241683456
[34m2026-02-26 14:08:07 [debug] config of node                              [39m workflowId=350354241683456
[34m2026-02-26 14:08:07 [debug] job added to save list: {"status":1,"result":[1,1],"nodeId":350354241683457,"nodeKey":"chjc97mlb5y","upstreamId":null,"id":"7299493779241984","createdAt":"2026-02-26T06:08:07.838Z","updatedAt":"2026-02-26T06:08:07.844Z","executionId":350354591907841}[39m workflowId=350354241683456
[32m2026-02-26 14:08:07 [info]  execution (350354591907841) run instruction [parallel] for node (350354241683457) finished as status: 1[39m workflowId=350354241683456
[34m2026-02-26 14:08:07 [debug] result of node                              [39m data=[1,1]
[34m2026-02-26 14:08:07 [debug] branch ended at node (350354241683457)      [39m 
[32m2026-02-26 14:08:07 [info]  execution (350354591907841) exiting with status 1[39m workflowId=350354241683456
[32m2026-02-26 14:08:07 [info]  execution (350354591907841) finished with status: 1[39m 
[34m2026-02-26 14:08:07 [debug] execution (350354591907841) details:        [39m execution={"createdAt":"2026-02-26T06:08:07.811Z","id":350354591907841,"updatedAt":"2026-02-26T06:08:07.907Z","key":"gljlkxparob","eventKey":"c933a071-5f03-4280-8cd0-b8d3cf8a19dc","context":{"data":{"createdAt":"2026-02-26T06:08:07.799Z","updatedAt":"2026-02-26T06:08:07.805Z","defect":"核心算法模块代码回退导致崩溃","defect_rank":"level1","priority":"P1","id":350354591907840,"f_jmazop48q5l":350354539479040,"createdById":1,"updatedById":1,"defect_classification":"网退","module":350354539479041,"defect_status":"已修复","label":["已修复"],"parent_summary":{"createdAt":"2026-02-26T06:07:42.152Z","updatedAt":"2026-02-26T06:07:42.156Z","owner_id":"nocobase","id":350354539479040,"total_count":null,"tested_count":null,"defect_count":null,"fixed_count":null,"pending_count":null,"loc":null,"kloc":0,"testing_rate":null,"fix_rate":null,"pending_rate":null,"defect_density":null,"total_defect":null,"module_type":"缺陷汇总","createdById":1,"updatedById":1}}},"status":1,"dispatched":true,"stack":null,"output":null,"manually":null,"workflowId":350354241683456}
[32m2026-02-26 14:10:37 [info]  new event triggered, now events: 1          [39m 
[34m2026-02-26 14:10:37 [debug] event data:                                 [39m context={"data":{"createdAt":"2026-02-26T06:10:37.648Z","updatedAt":"2026-02-26T06:10:37.654Z","defect":"图纸模糊","defect_rank":"level1","priority":"P1","id":350354906480640,"f_jmazop48q5l":350354539479040,"createdById":1,"updatedById":1,"defect_classification":"历史遗留","module":350354539479041,"defect_status":"待修复","label":["延期"],"parent_summary":{"createdAt":"2026-02-26T06:07:42.152Z","updatedAt":"2026-02-26T06:08:52.914Z","owner_id":"nocobase","id":350354539479040,"total_count":null,"tested_count":null,"defect_count":null,"fixed_count":null,"pending_count":null,"loc":null,"kloc":0,"testing_rate":null,"fix_rate":null,"pending_rate":null,"defect_density":null,"total_defect":0,"module_type":"缺陷汇总","createdById":1,"updatedById":1}}}
[32m2026-02-26 14:10:37 [info]  preparing execution for event               [39m 
[32m2026-02-26 14:10:37 [info]  execution of workflow 350354241683456 created as 350354906480641[39m 
[32m2026-02-26 14:10:37 [info]  local pending list is empty, adding execution (350354906480641) to pending list[39m 
[32m2026-02-26 14:10:37 [info]  pending execution (350354906480641) ready to process[39m 
[32m2026-02-26 14:10:37 [info]  execution (350354906480641) starting...     [39m 
[32m2026-02-26 14:10:37 [info]  execution (350354906480641) run instruction [parallel] for node (350354241683457)[39m workflowId=350354241683456
[34m2026-02-26 14:10:37 [debug] config of node                              [39m workflowId=350354241683456
[34m2026-02-26 14:10:37 [debug] job added to save list: {"status":0,"result":[null,null],"nodeId":350354241683457,"nodeKey":"chjc97mlb5y","upstreamId":null,"id":"7300122333445120","createdAt":"2026-02-26T06:10:37.697Z","updatedAt":"2026-02-26T06:10:37.697Z","executionId":350354906480641}[39m workflowId=350354241683456
[32m2026-02-26 14:10:37 [info]  execution (350354906480641) run instruction [aggregate] for node (350354241683461)[39m workflowId=350354241683456
[34m2026-02-26 14:10:37 [debug] config of node                              [39m data={"aggregator":"count","associated":true,"params":{"field":"id","filter":{"$and":[]}},"precision":2,"collection":"defects","association":{"name":"all_defects","associatedKey":"{{$context.data.parent_summary.id}}","associatedCollection":"collection_quality"}} workflowId=350354241683456
[34m2026-02-26 14:10:37 [debug] job added to save list: {"result":1,"status":1,"nodeId":350354241683461,"nodeKey":"ca6c1jxzwq5","id":"7300122337639424","createdAt":"2026-02-26T06:10:37.698Z","updatedAt":"2026-02-26T06:10:37.698Z","executionId":350354906480641}[39m workflowId=350354241683456
[32m2026-02-26 14:10:37 [info]  execution (350354906480641) run instruction [aggregate] for node (350354241683461) finished as status: 1[39m workflowId=350354241683456
[34m2026-02-26 14:10:37 [debug] result of node                              [39m data=1
[34m2026-02-26 14:10:37 [debug] run next node (350354241683462)             [39m 
[32m2026-02-26 14:10:37 [info]  execution (350354906480641) run instruction [update] for node (350354241683462)[39m workflowId=350354241683456
[34m2026-02-26 14:10:37 [debug] config of node                              [39m data={"usingAssignFormSchema":true,"assignFormSchema":{"_isJSONSchemaObject":true,"version":"2.0","name":"0mby4p7m0ow","type":"void","x-component":"Grid","x-initializer":"assignFieldValuesForm:configureFields","properties":{"2wbpfklshda":{"_isJSONSchemaObject":true,"version":"2.0","type":"void","x-component":"Grid.Row","properties":{"ibquc1d6wnd":{"_isJSONSchemaObject":true,"version":"2.0","type":"void","x-component":"Grid.Col","properties":{"total_defect":{"_isJSONSchemaObject":true,"version":"2.0","type":"string","name":"total_defect","x-toolbar":"FormItemSchemaToolbar","x-settings":"fieldSettings:FormItem","x-component":"AssignedField","x-decorator":"FormItem","x-collection-field":"collection_quality.total_defect"}},"name":"ibquc1d6wnd"}},"name":"2wbpfklshda"}}},"collection":"collection_quality","params":{"individualHooks":false,"filter":{"$and":[{"id":{"$eq":"{{$context.data.parent_summary.id}}"}}]},"values":{"total_defect":"{{$jobsMapByNodeKey.ca6c1jxzwq5}}"}}} workflowId=350354241683456
[34m2026-02-26 14:10:37 [debug] job added to save list: {"result":1,"status":1,"nodeId":350354241683462,"nodeKey":"9mun3sl2wtp","id":"7300122383776768","createdAt":"2026-02-26T06:10:37.709Z","updatedAt":"2026-02-26T06:10:37.709Z","executionId":350354906480641}[39m workflowId=350354241683456
[32m2026-02-26 14:10:37 [info]  execution (350354906480641) run instruction [update] for node (350354241683462) finished as status: 1[39m workflowId=350354241683456
[34m2026-02-26 14:10:37 [debug] result of node                              [39m data=1
[34m2026-02-26 14:10:37 [debug] branch ended at node (350354241683462)      [39m 
[34m2026-02-26 14:10:37 [debug] not on main, recall to parent entry node (350354241683462)})[39m workflowId=350354241683456
[32m2026-02-26 14:10:37 [info]  execution (350354906480641) resume instruction [parallel] for node (350354241683457)[39m workflowId=350354241683456
[34m2026-02-26 14:10:37 [debug] config of node                              [39m workflowId=350354241683456
[34m2026-02-26 14:10:37 [debug] job added to save list: {"status":0,"result":[1,null],"nodeId":350354241683457,"nodeKey":"chjc97mlb5y","upstreamId":null,"id":"7300122333445120","createdAt":"2026-02-26T06:10:37.697Z","updatedAt":"2026-02-26T06:10:37.711Z","executionId":350354906480641}[39m workflowId=350354241683456
[32m2026-02-26 14:10:37 [info]  execution (350354906480641) exiting with status 0[39m workflowId=350354241683456
[32m2026-02-26 14:10:37 [info]  execution (350354906480641) run instruction [aggregate] for node (350354241683476)[39m workflowId=350354241683456
[34m2026-02-26 14:10:37 [debug] config of node                              [39m data={"aggregator":"count","associated":false,"params":{"field":"id","filter":{"$and":[{"defect_rank":{"$eq":"level1"}},{"label":{"$noneOf":["功能屏蔽","已拒绝","建议"]}},{"module":{"$eq":"{{$context.data.module}}"}}]}},"precision":2,"collection":"defects"} workflowId=350354241683456
[34m2026-02-26 14:10:37 [debug] job added to save list: {"result":1,"status":1,"nodeId":350354241683476,"nodeKey":"h14qw1067vw","id":"7300122442497024","createdAt":"2026-02-26T06:10:37.723Z","updatedAt":"2026-02-26T06:10:37.723Z","executionId":350354906480641}[39m workflowId=350354241683456
[32m2026-02-26 14:10:37 [info]  execution (350354906480641) run instruction [aggregate] for node (350354241683476) finished as status: 1[39m workflowId=350354241683456
[34m2026-02-26 14:10:37 [debug] result of node                              [39m data=1
[34m2026-02-26 14:10:37 [debug] run next node (350354241683467)             [39m 
[32m2026-02-26 14:10:37 [info]  execution (350354906480641) run instruction [aggregate] for node (350354241683467)[39m workflowId=350354241683456
[34m2026-02-26 14:10:37 [debug] config of node                              [39m data={"aggregator":"count","associated":false,"params":{"field":"id","filter":{"$and":[{"defect_rank":{"$eq":"level1"}},{"label":{"$noneOf":["功能屏蔽","已拒绝","建议"]}},{"$or":[{"label":{"$anyOf":["已修复","待合并"]}},{"$and":[{"label":{"$anyOf":["未复现"]}},{"defect_status":{"$eq":"已关闭"}}]}]},{"module":{"$eq":"{{$context.data.module}}"}}]}},"precision":2,"collection":"defects"} workflowId=350354241683456
[34m2026-02-26 14:10:37 [debug] job added to save list: {"result":0,"status":1,"nodeId":350354241683467,"nodeKey":"cvcey3i9obe","id":"7300122455079936","createdAt":"2026-02-26T06:10:37.726Z","updatedAt":"2026-02-26T06:10:37.726Z","executionId":350354906480641}[39m workflowId=350354241683456
[32m2026-02-26 14:10:37 [info]  execution (350354906480641) run instruction [aggregate] for node (350354241683467) finished as status: 1[39m workflowId=350354241683456
[34m2026-02-26 14:10:37 [debug] result of node                              [39m 
[34m2026-02-26 14:10:37 [debug] run next node (350354241683469)             [39m 
[32m2026-02-26 14:10:37 [info]  execution (350354906480641) run instruction [aggregate] for node (350354241683469)[39m workflowId=350354241683456
[34m2026-02-26 14:10:37 [debug] config of node                              [39m data={"aggregator":"count","associated":false,"params":{"field":"id","filter":{"$and":[{"defect_rank":{"$eq":"level1"}},{"module":{"$eq":"{{$context.data.module}}"}},{"$or":[{"defect":{"$includes":"退"}},{"defect":{"$includes":"回退"}},{"defect":{"$includes":"倒退"}}]}]}},"precision":2,"collection":"defects"} workflowId=350354241683456
[34m2026-02-26 14:10:37 [debug] job added to save list: {"result":0,"status":1,"nodeId":350354241683469,"nodeKey":"9euqanxv5ca","id":"7300122467662848","createdAt":"2026-02-26T06:10:37.729Z","updatedAt":"2026-02-26T06:10:37.729Z","executionId":350354906480641}[39m workflowId=350354241683456
[32m2026-02-26 14:10:37 [info]  execution (350354906480641) run instruction [aggregate] for node (350354241683469) finished as status: 1[39m workflowId=350354241683456
[34m2026-02-26 14:10:37 [debug] result of node                              [39m 
[34m2026-02-26 14:10:37 [debug] run next node (350354241683468)             [39m 
[32m2026-02-26 14:10:37 [info]  execution (350354906480641) run instruction [aggregate] for node (350354241683468)[39m workflowId=350354241683456
[34m2026-02-26 14:10:37 [debug] config of node                              [39m data={"aggregator":"count","associated":false,"params":{"field":"id","filter":{"$and":[{"defect_rank":{"$eq":"level1"}},{"module":{"$eq":"{{$context.data.module}}"}},{"$or":[{"defect":{"$includes":"挂机"}}]}]}},"precision":2,"collection":"defects"} workflowId=350354241683456
[34m2026-02-26 14:10:37 [debug] job added to save list: {"result":0,"status":1,"nodeId":350354241683468,"nodeKey":"cjybahnz5qh","id":"7300122476051456","createdAt":"2026-02-26T06:10:37.731Z","updatedAt":"2026-02-26T06:10:37.731Z","executionId":350354906480641}[39m workflowId=350354241683456
[32m2026-02-26 14:10:37 [info]  execution (350354906480641) run instruction [aggregate] for node (350354241683468) finished as status: 1[39m workflowId=350354241683456
[34m2026-02-26 14:10:37 [debug] result of node                              [39m 
[34m2026-02-26 14:10:37 [debug] run next node (350354241683475)             [39m 
[32m2026-02-26 14:10:37 [info]  execution (350354906480641) run instruction [aggregate] for node (350354241683475)[39m workflowId=350354241683456
[34m2026-02-26 14:10:37 [debug] config of node                              [39m data={"aggregator":"count","associated":false,"params":{"field":"id","filter":{"$and":[{"defect_rank":{"$eq":"level1"}},{"defect":{"$notIncludes":"退"}},{"defect":{"$notIncludes":"回退"}},{"defect":{"$notIncludes":"倒退"}},{"defect":{"$notIncludes":"挂机"}},{"module":{"$eq":"{{$context.data.module}}"}}]}},"precision":2,"collection":"defects"} workflowId=350354241683456
[34m2026-02-26 14:10:37 [debug] job added to save list: {"result":1,"status":1,"nodeId":350354241683475,"nodeKey":"4lo6zk22j0o","id":"7300122484440064","createdAt":"2026-02-26T06:10:37.733Z","updatedAt":"2026-02-26T06:10:37.733Z","executionId":350354906480641}[39m workflowId=350354241683456
[32m2026-02-26 14:10:37 [info]  execution (350354906480641) run instruction [aggregate] for node (350354241683475) finished as status: 1[39m workflowId=350354241683456
[34m2026-02-26 14:10:37 [debug] result of node                              [39m data=1
[34m2026-02-26 14:10:37 [debug] run next node (350354241683471)             [39m 
[32m2026-02-26 14:10:37 [info]  execution (350354906480641) run instruction [aggregate] for node (350354241683471)[39m workflowId=350354241683456
[34m2026-02-26 14:10:37 [debug] config of node                              [39m data={"aggregator":"count","associated":false,"params":{"field":"id","filter":{"$and":[{"defect_rank":{"$eq":"level2"}},{"label":{"$noneOf":["功能屏蔽","已拒绝","建议"]}},{"module":{"$eq":"{{$context.data.module}}"}}]}},"precision":2,"collection":"defects"} workflowId=350354241683456
[34m2026-02-26 14:10:37 [debug] job added to save list: {"result":0,"status":1,"nodeId":350354241683471,"nodeKey":"52k6055vnrg","id":"7300122492828672","createdAt":"2026-02-26T06:10:37.735Z","updatedAt":"2026-02-26T06:10:37.735Z","executionId":350354906480641}[39m workflowId=350354241683456
[32m2026-02-26 14:10:37 [info]  execution (350354906480641) run instruction [aggregate] for node (350354241683471) finished as status: 1[39m workflowId=350354241683456
[34m2026-02-26 14:10:37 [debug] result of node                              [39m 
[34m2026-02-26 14:10:37 [debug] run next node (350354241683465)             [39m 
[32m2026-02-26 14:10:37 [info]  execution (350354906480641) run instruction [aggregate] for node (350354241683465)[39m workflowId=350354241683456
[34m2026-02-26 14:10:37 [debug] config of node                              [39m data={"aggregator":"count","associated":false,"params":{"field":"id","filter":{"$and":[{"defect_rank":{"$eq":"level2"}},{"label":{"$noneOf":["功能屏蔽","已拒绝","建议"]}},{"$or":[{"label":{"$anyOf":["已修复","待合并"]}},{"$and":[{"label":{"$anyOf":["未复现"]}},{"defect_status":{"$eq":"已关闭"}}]}]},{"module":{"$eq":"{{$context.data.module}}"}}]}},"precision":2,"collection":"defects"} workflowId=350354241683456
[34m2026-02-26 14:10:37 [debug] job added to save list: {"result":0,"status":1,"nodeId":350354241683465,"nodeKey":"1fpxh7sjq4k","id":"7300122505411584","createdAt":"2026-02-26T06:10:37.738Z","updatedAt":"2026-02-26T06:10:37.738Z","executionId":350354906480641}[39m workflowId=350354241683456
[32m2026-02-26 14:10:37 [info]  execution (350354906480641) run instruction [aggregate] for node (350354241683465) finished as status: 1[39m workflowId=350354241683456
[34m2026-02-26 14:10:37 [debug] result of node                              [39m 
[34m2026-02-26 14:10:37 [debug] run next node (350354241683466)             [39m 
[32m2026-02-26 14:10:37 [info]  execution (350354906480641) run instruction [aggregate] for node (350354241683466)[39m workflowId=350354241683456
[34m2026-02-26 14:10:37 [debug] config of node                              [39m data={"aggregator":"count","associated":false,"params":{"field":"id","filter":{"$and":[{"defect_rank":{"$eq":"level3"}},{"label":{"$noneOf":["功能屏蔽","已拒绝","建议"]}},{"module":{"$eq":"{{$context.data.module}}"}}]}},"precision":2,"collection":"defects"} workflowId=350354241683456
[34m2026-02-26 14:10:37 [debug] job added to save list: {"result":0,"status":1,"nodeId":350354241683466,"nodeKey":"t5m287ao4ea","id":"7300122509605888","createdAt":"2026-02-26T06:10:37.739Z","updatedAt":"2026-02-26T06:10:37.739Z","executionId":350354906480641}[39m workflowId=350354241683456
[32m2026-02-26 14:10:37 [info]  execution (350354906480641) run instruction [aggregate] for node (350354241683466) finished as status: 1[39m workflowId=350354241683456
[34m2026-02-26 14:10:37 [debug] result of node                              [39m 
[34m2026-02-26 14:10:37 [debug] run next node (350354241683472)             [39m 
[32m2026-02-26 14:10:37 [info]  execution (350354906480641) run instruction [aggregate] for node (350354241683472)[39m workflowId=350354241683456
[34m2026-02-26 14:10:37 [debug] config of node                              [39m data={"aggregator":"count","associated":false,"params":{"field":"id","filter":{"$and":[{"defect_rank":{"$eq":"level3"}},{"label":{"$noneOf":["功能屏蔽","已拒绝","建议"]}},{"$or":[{"label":{"$anyOf":["待合并","已修复"]}},{"$and":[{"label":{"$anyOf":["未复现"]}},{"defect_status":{"$eq":"已关闭"}}]}]},{"module":{"$eq":"{{$context.data.module}}"}}]}},"precision":2,"collection":"defects"} workflowId=350354241683456
[34m2026-02-26 14:10:37 [debug] job added to save list: {"result":0,"status":1,"nodeId":350354241683472,"nodeKey":"je6ex9hwdlz","id":"7300122522188800","createdAt":"2026-02-26T06:10:37.742Z","updatedAt":"2026-02-26T06:10:37.742Z","executionId":350354906480641}[39m workflowId=350354241683456
[32m2026-02-26 14:10:37 [info]  execution (350354906480641) run instruction [aggregate] for node (350354241683472) finished as status: 1[39m workflowId=350354241683456
[34m2026-02-26 14:10:37 [debug] result of node                              [39m 
[34m2026-02-26 14:10:37 [debug] run next node (350354241683458)             [39m 
[32m2026-02-26 14:10:37 [info]  execution (350354906480641) run instruction [aggregate] for node (350354241683458)[39m workflowId=350354241683456
[34m2026-02-26 14:10:37 [debug] config of node                              [39m data={"aggregator":"count","associated":false,"params":{"field":"id","filter":{"$and":[{"priority":{"$eq":"P1"}},{"module":{"$eq":"{{$context.data.module}}"}}]}},"precision":2,"collection":"defects"} workflowId=350354241683456
[34m2026-02-26 14:10:37 [debug] job added to save list: {"result":1,"status":1,"nodeId":350354241683458,"nodeKey":"m7boio3foa4","id":"7300122526383104","createdAt":"2026-02-26T06:10:37.743Z","updatedAt":"2026-02-26T06:10:37.743Z","executionId":350354906480641}[39m workflowId=350354241683456
[32m2026-02-26 14:10:37 [info]  execution (350354906480641) run instruction [aggregate] for node (350354241683458) finished as status: 1[39m workflowId=350354241683456
[34m2026-02-26 14:10:37 [debug] result of node                              [39m data=1
[34m2026-02-26 14:10:37 [debug] run next node (350354241683473)             [39m 
[32m2026-02-26 14:10:37 [info]  execution (350354906480641) run instruction [aggregate] for node (350354241683473)[39m workflowId=350354241683456
[34m2026-02-26 14:10:37 [debug] config of node                              [39m data={"aggregator":"count","associated":false,"params":{"field":"id","filter":{"$and":[{"priority":{"$eq":"P1"}},{"module":{"$eq":"{{$context.data.module}}"}},{"label":{"$noneOf":["功能屏蔽","已拒绝","建议"]}},{"$or":[{"label":{"$anyOf":["待合并","已修复"]}},{"$and":[{"label":{"$anyOf":["未复现"]}},{"defect_status":{"$eq":"已关闭"}}]}]}]}},"precision":2,"collection":"defects"} workflowId=350354241683456
[34m2026-02-26 14:10:37 [debug] job added to save list: {"result":0,"status":1,"nodeId":350354241683473,"nodeKey":"ctxa7y3htwk","id":"7300122547354624","createdAt":"2026-02-26T06:10:37.748Z","updatedAt":"2026-02-26T06:10:37.748Z","executionId":350354906480641}[39m workflowId=350354241683456
[32m2026-02-26 14:10:37 [info]  execution (350354906480641) run instruction [aggregate] for node (350354241683473) finished as status: 1[39m workflowId=350354241683456
[34m2026-02-26 14:10:37 [debug] result of node                              [39m 
[34m2026-02-26 14:10:37 [debug] run next node (350354241683463)             [39m 
[32m2026-02-26 14:10:37 [info]  execution (350354906480641) run instruction [aggregate] for node (350354241683463)[39m workflowId=350354241683456
[34m2026-02-26 14:10:37 [debug] config of node                              [39m data={"aggregator":"count","associated":false,"params":{"field":"id","filter":{"$and":[{"priority":{"$eq":"P2"}},{"module":{"$eq":"{{$context.data.module}}"}}]}},"precision":2,"collection":"defects"} workflowId=350354241683456
[34m2026-02-26 14:10:37 [debug] job added to save list: {"result":0,"status":1,"nodeId":350354241683463,"nodeKey":"n5qz0yvi8a8","id":"7300122555743232","createdAt":"2026-02-26T06:10:37.750Z","updatedAt":"2026-02-26T06:10:37.750Z","executionId":350354906480641}[39m workflowId=350354241683456
[32m2026-02-26 14:10:37 [info]  execution (350354906480641) run instruction [aggregate] for node (350354241683463) finished as status: 1[39m workflowId=350354241683456
[34m2026-02-26 14:10:37 [debug] result of node                              [39m 
[34m2026-02-26 14:10:37 [debug] run next node (350354241683474)             [39m 
[32m2026-02-26 14:10:37 [info]  execution (350354906480641) run instruction [aggregate] for node (350354241683474)[39m workflowId=350354241683456
[34m2026-02-26 14:10:37 [debug] config of node                              [39m data={"aggregator":"count","associated":false,"params":{"field":"id","filter":{"$and":[{"priority":{"$eq":"P2"}},{"label":{"$noneOf":["功能屏蔽","已拒绝","建议"]}},{"module":{"$eq":"{{$context.data.module}}"}},{"$or":[{"label":{"$anyOf":["待合并","已修复"]}},{"$and":[{"label":{"$anyOf":["未复现"]}},{"defect_status":{"$eq":"已关闭"}}]}]}]}},"precision":2,"collection":"defects"} workflowId=350354241683456
[34m2026-02-26 14:10:37 [debug] job added to save list: {"result":0,"status":1,"nodeId":350354241683474,"nodeKey":"m5m10pctczr","id":"7300122564131840","createdAt":"2026-02-26T06:10:37.752Z","updatedAt":"2026-02-26T06:10:37.752Z","executionId":350354906480641}[39m workflowId=350354241683456
[32m2026-02-26 14:10:37 [info]  execution (350354906480641) run instruction [aggregate] for node (350354241683474) finished as status: 1[39m workflowId=350354241683456
[34m2026-02-26 14:10:37 [debug] result of node                              [39m 
[34m2026-02-26 14:10:37 [debug] run next node (350354241683460)             [39m 
[32m2026-02-26 14:10:37 [info]  execution (350354906480641) run instruction [aggregate] for node (350354241683460)[39m workflowId=350354241683456
[34m2026-02-26 14:10:37 [debug] config of node                              [39m data={"aggregator":"count","associated":false,"params":{"field":"id","filter":{"$and":[{"priority":{"$eq":"P3"}},{"module":{"$eq":"{{$context.data.module}}"}}]}},"precision":2,"collection":"defects"} workflowId=350354241683456
[34m2026-02-26 14:10:37 [debug] job added to save list: {"result":0,"status":1,"nodeId":350354241683460,"nodeKey":"86wyre6po8b","id":"7300122576714752","createdAt":"2026-02-26T06:10:37.755Z","updatedAt":"2026-02-26T06:10:37.755Z","executionId":350354906480641}[39m workflowId=350354241683456
[32m2026-02-26 14:10:37 [info]  execution (350354906480641) run instruction [aggregate] for node (350354241683460) finished as status: 1[39m workflowId=350354241683456
[34m2026-02-26 14:10:37 [debug] result of node                              [39m 
[34m2026-02-26 14:10:37 [debug] run next node (350354241683478)             [39m 
[32m2026-02-26 14:10:37 [info]  execution (350354906480641) run instruction [aggregate] for node (350354241683478)[39m workflowId=350354241683456
[34m2026-02-26 14:10:37 [debug] config of node                              [39m data={"aggregator":"count","associated":false,"params":{"field":"id","filter":{"$and":[{"priority":{"$eq":"P3"}},{"label":{"$noneOf":["功能屏蔽","已拒绝","建议"]}},{"module":{"$eq":"{{$context.data.module}}"}},{"$or":[{"label":{"$anyOf":["待合并","已修复"]}},{"$and":[{"label":{"$anyOf":["未复现"]}},{"defect_status":{"$eq":"已关闭"}}]}]}]}},"precision":2,"collection":"defects"} workflowId=350354241683456
[34m2026-02-26 14:10:37 [debug] job added to save list: {"result":0,"status":1,"nodeId":350354241683478,"nodeKey":"4tftrde6ftb","id":"7300122589297664","createdAt":"2026-02-26T06:10:37.758Z","updatedAt":"2026-02-26T06:10:37.758Z","executionId":350354906480641}[39m workflowId=350354241683456
[32m2026-02-26 14:10:37 [info]  execution (350354906480641) run instruction [aggregate] for node (350354241683478) finished as status: 1[39m workflowId=350354241683456
[34m2026-02-26 14:10:37 [debug] result of node                              [39m 
[34m2026-02-26 14:10:37 [debug] run next node (350354241683459)             [39m 
[32m2026-02-26 14:10:37 [info]  execution (350354906480641) run instruction [aggregate] for node (350354241683459)[39m workflowId=350354241683456
[34m2026-02-26 14:10:37 [debug] config of node                              [39m data={"aggregator":"count","associated":false,"params":{"field":"id","filter":{"$and":[{"defect_status":{"$eq":"已关闭"}},{"priority":{"$eq":"P1"}},{"module":{"$eq":"{{$context.data.module}}"}}]}},"precision":2,"collection":"defects"} workflowId=350354241683456
[34m2026-02-26 14:10:37 [debug] job added to save list: {"result":0,"status":1,"nodeId":350354241683459,"nodeKey":"3szdlncazck","id":"7300122597686272","createdAt":"2026-02-26T06:10:37.760Z","updatedAt":"2026-02-26T06:10:37.760Z","executionId":350354906480641}[39m workflowId=350354241683456
[32m2026-02-26 14:10:37 [info]  execution (350354906480641) run instruction [aggregate] for node (350354241683459) finished as status: 1[39m workflowId=350354241683456
[34m2026-02-26 14:10:37 [debug] result of node                              [39m 
[34m2026-02-26 14:10:37 [debug] run next node (350354241683477)             [39m 
[32m2026-02-26 14:10:37 [info]  execution (350354906480641) run instruction [aggregate] for node (350354241683477)[39m workflowId=350354241683456
[34m2026-02-26 14:10:37 [debug] config of node                              [39m data={"aggregator":"count","associated":false,"params":{"field":"id","filter":{"$and":[{"defect_status":{"$eq":"已关闭"}},{"module":{"$eq":"{{$context.data.module}}"}}]}},"precision":2,"collection":"defects"} workflowId=350354241683456
[34m2026-02-26 14:10:37 [debug] job added to save list: {"result":0,"status":1,"nodeId":350354241683477,"nodeKey":"aj31qog7bx4","id":"7300122614463488","createdAt":"2026-02-26T06:10:37.764Z","updatedAt":"2026-02-26T06:10:37.764Z","executionId":350354906480641}[39m workflowId=350354241683456
[32m2026-02-26 14:10:37 [info]  execution (350354906480641) run instruction [aggregate] for node (350354241683477) finished as status: 1[39m workflowId=350354241683456
[34m2026-02-26 14:10:37 [debug] result of node                              [39m 
[34m2026-02-26 14:10:37 [debug] run next node (350354241683479)             [39m 
[32m2026-02-26 14:10:37 [info]  execution (350354906480641) run instruction [aggregate] for node (350354241683479)[39m workflowId=350354241683456
[34m2026-02-26 14:10:37 [debug] config of node                              [39m data={"aggregator":"count","associated":false,"params":{"field":"id","filter":{"$and":[{"label":{"$anyOf":["延期"]}},{"module":{"$eq":"{{$context.data.module}}"}}]}},"precision":2,"collection":"defects"} workflowId=350354241683456
[34m2026-02-26 14:10:37 [debug] job added to save list: {"result":1,"status":1,"nodeId":350354241683479,"nodeKey":"3f305ii7n0l","id":"7300122639629312","createdAt":"2026-02-26T06:10:37.770Z","updatedAt":"2026-02-26T06:10:37.770Z","executionId":350354906480641}[39m workflowId=350354241683456
[32m2026-02-26 14:10:37 [info]  execution (350354906480641) run instruction [aggregate] for node (350354241683479) finished as status: 1[39m workflowId=350354241683456
[34m2026-02-26 14:10:37 [debug] result of node                              [39m data=1
[34m2026-02-26 14:10:37 [debug] run next node (350354241683480)             [39m 
[32m2026-02-26 14:10:37 [info]  execution (350354906480641) run instruction [aggregate] for node (350354241683480)[39m workflowId=350354241683456
[34m2026-02-26 14:10:37 [debug] config of node                              [39m data={"aggregator":"count","associated":false,"params":{"field":"id","filter":{"$and":[{"defect_status":{"$ne":"已关闭"}},{"label":{"$noneOf":["功能屏蔽","已拒绝","建议"]}},{"module":{"$eq":"{{$context.data.module}}"}}]}},"precision":2,"collection":"defects"} workflowId=350354241683456
[34m2026-02-26 14:10:37 [debug] job added to save list: {"result":1,"status":1,"nodeId":350354241683480,"nodeKey":"d60x92jthmx","id":"7300122648017920","createdAt":"2026-02-26T06:10:37.772Z","updatedAt":"2026-02-26T06:10:37.772Z","executionId":350354906480641}[39m workflowId=350354241683456
[32m2026-02-26 14:10:37 [info]  execution (350354906480641) run instruction [aggregate] for node (350354241683480) finished as status: 1[39m workflowId=350354241683456
[34m2026-02-26 14:10:37 [debug] result of node                              [39m data=1
[34m2026-02-26 14:10:37 [debug] run next node (350354241683464)             [39m 
[32m2026-02-26 14:10:37 [info]  execution (350354906480641) run instruction [aggregate] for node (350354241683464)[39m workflowId=350354241683456
[34m2026-02-26 14:10:37 [debug] config of node                              [39m data={"aggregator":"count","associated":false,"params":{"field":"id","filter":{"$and":[{"label":{"$anyOf":["复测未通过"]}},{"module":{"$eq":"{{$context.data.module}}"}}]}},"precision":2,"collection":"defects"} workflowId=350354241683456
[34m2026-02-26 14:10:37 [debug] job added to save list: {"result":0,"status":1,"nodeId":350354241683464,"nodeKey":"iofdvp5yr94","id":"7300122664795136","createdAt":"2026-02-26T06:10:37.776Z","updatedAt":"2026-02-26T06:10:37.776Z","executionId":350354906480641}[39m workflowId=350354241683456
[32m2026-02-26 14:10:37 [info]  execution (350354906480641) run instruction [aggregate] for node (350354241683464) finished as status: 1[39m workflowId=350354241683456
[34m2026-02-26 14:10:37 [debug] result of node                              [39m 
[34m2026-02-26 14:10:37 [debug] run next node (350354241683481)             [39m 
[32m2026-02-26 14:10:37 [info]  execution (350354906480641) run instruction [aggregate] for node (350354241683481)[39m workflowId=350354241683456
[34m2026-02-26 14:10:37 [debug] config of node                              [39m data={"aggregator":"count","associated":false,"params":{"field":"id","filter":{"$and":[{"module":{"$eq":"{{$context.data.module}}"}}]}},"precision":2,"collection":"defects"} workflowId=350354241683456
[34m2026-02-26 14:10:37 [debug] job added to save list: {"result":1,"status":1,"nodeId":350354241683481,"nodeKey":"zzewef9k4c5","id":"7300122677378048","createdAt":"2026-02-26T06:10:37.779Z","updatedAt":"2026-02-26T06:10:37.779Z","executionId":350354906480641}[39m workflowId=350354241683456
[32m2026-02-26 14:10:37 [info]  execution (350354906480641) run instruction [aggregate] for node (350354241683481) finished as status: 1[39m workflowId=350354241683456
[34m2026-02-26 14:10:37 [debug] result of node                              [39m data=1
[34m2026-02-26 14:10:37 [debug] run next node (350354241683482)             [39m 
[32m2026-02-26 14:10:37 [info]  execution (350354906480641) run instruction [aggregate] for node (350354241683482)[39m workflowId=350354241683456
[34m2026-02-26 14:10:37 [debug] config of node                              [39m data={"aggregator":"count","associated":false,"params":{"field":"id","filter":{"$and":[{"label":{"$anyOf":["建议"]}},{"module":{"$eq":"{{$context.data.module}}"}}]}},"precision":2,"collection":"defects"} workflowId=350354241683456
[34m2026-02-26 14:10:37 [debug] job added to save list: {"result":0,"status":1,"nodeId":350354241683482,"nodeKey":"aaj3raugpgh","id":"7300122689960960","createdAt":"2026-02-26T06:10:37.782Z","updatedAt":"2026-02-26T06:10:37.782Z","executionId":350354906480641}[39m workflowId=350354241683456
[32m2026-02-26 14:10:37 [info]  execution (350354906480641) run instruction [aggregate] for node (350354241683482) finished as status: 1[39m workflowId=350354241683456
[34m2026-02-26 14:10:37 [debug] result of node                              [39m 
[34m2026-02-26 14:10:37 [debug] run next node (350354241683483)             [39m 
[32m2026-02-26 14:10:37 [info]  execution (350354906480641) run instruction [calculation] for node (350354241683483)[39m workflowId=350354241683456
[34m2026-02-26 14:10:37 [debug] config of node                              [39m data={"engine":"formula.js","expression":"IF({{$jobsMapByNodeKey.m7boio3foa4}})> 0, ({{$jobsMapByNodeKey.ctxa7y3htwk}}/{{$jobsMapByNodeKey.m7boio3foa4}}) * 100"} workflowId=350354241683456
[34m2026-02-26 14:10:37 [debug] job added to save list: {"result":0,"status":1,"nodeId":350354241683483,"nodeKey":"0koj1eg6sb8","id":"7300122698349568","createdAt":"2026-02-26T06:10:37.784Z","updatedAt":"2026-02-26T06:10:37.784Z","executionId":350354906480641}[39m workflowId=350354241683456
[32m2026-02-26 14:10:37 [info]  execution (350354906480641) run instruction [calculation] for node (350354241683483) finished as status: 1[39m workflowId=350354241683456
[34m2026-02-26 14:10:37 [debug] result of node                              [39m 
[34m2026-02-26 14:10:37 [debug] run next node (350354241683470)             [39m 
[32m2026-02-26 14:10:37 [info]  execution (350354906480641) run instruction [update] for node (350354241683470)[39m workflowId=350354241683456
[34m2026-02-26 14:10:37 [debug] config of node                              [39m data={"usingAssignFormSchema":true,"assignFormSchema":{"_isJSONSchemaObject":true,"version":"2.0","name":"z36wx6jbrw9","type":"void","x-component":"Grid","x-initializer":"assignFieldValuesForm:configureFields","properties":{"i1v4kp5ixw1":{"_isJSONSchemaObject":true,"version":"2.0","type":"void","x-component":"Grid.Row","properties":{"m57in1bxqre":{"_isJSONSchemaObject":true,"version":"2.0","type":"void","x-component":"Grid.Col","properties":{"level_1_count":{"_isJSONSchemaObject":true,"version":"2.0","type":"string","name":"level_1_count","x-toolbar":"FormItemSchemaToolbar","x-settings":"fieldSettings:FormItem","x-component":"AssignedField","x-decorator":"FormItem","x-collection-field":"module_summaries.level_1_count"}},"name":"m57in1bxqre"}},"name":"i1v4kp5ixw1"},"28tkyaas4rv":{"_isJSONSchemaObject":true,"version":"2.0","type":"void","x-component":"Grid.Row","properties":{"aubadkxorcs":{"_isJSONSchemaObject":true,"version":"2.0","type":"void","x-component":"Grid.Col","properties":{"level_1_fixed":{"_isJSONSchemaObject":true,"version":"2.0","type":"string","name":"level_1_fixed","x-toolbar":"FormItemSchemaToolbar","x-settings":"fieldSettings:FormItem","x-component":"AssignedField","x-decorator":"FormItem","x-collection-field":"module_summaries.level_1_fixed"}},"name":"aubadkxorcs"}},"name":"28tkyaas4rv"},"87dzfrypjv5":{"_isJSONSchemaObject":true,"version":"2.0","type":"void","x-component":"Grid.Row","properties":{"00u2e0hze8y":{"_isJSONSchemaObject":true,"version":"2.0","type":"void","x-component":"Grid.Col","properties":{"level_2_count":{"_isJSONSchemaObject":true,"version":"2.0","type":"string","name":"level_2_count","x-toolbar":"FormItemSchemaToolbar","x-settings":"fieldSettings:FormItem","x-component":"AssignedField","x-decorator":"FormItem","x-collection-field":"module_summaries.level_2_count"}},"name":"00u2e0hze8y"}},"name":"87dzfrypjv5"},"sr9fb2g83wa":{"_isJSONSchemaObject":true,"version":"2.0","type":"void","x-component":"Grid.Row","properties":{"mctr2nubczg":{"_isJSONSchemaObject":true,"version":"2.0","type":"void","x-component":"Grid.Col","properties":{"level_2_fixed":{"_isJSONSchemaObject":true,"version":"2.0","type":"string","name":"level_2_fixed","x-toolbar":"FormItemSchemaToolbar","x-settings":"fieldSettings:FormItem","x-component":"AssignedField","x-decorator":"FormItem","x-collection-field":"module_summaries.level_2_fixed"}},"name":"mctr2nubczg"}},"name":"sr9fb2g83wa"},"robhdmi5xfc":{"_isJSONSchemaObject":true,"version":"2.0","type":"void","x-component":"Grid.Row","properties":{"d7pyy4ts79k":{"_isJSONSchemaObject":true,"version":"2.0","type":"void","x-component":"Grid.Col","properties":{"level_3_count":{"_isJSONSchemaObject":true,"version":"2.0","type":"string","name":"level_3_count","x-toolbar":"FormItemSchemaToolbar","x-settings":"fieldSettings:FormItem","x-component":"AssignedField","x-decorator":"FormItem","x-collection-field":"module_summaries.level_3_count"}},"name":"d7pyy4ts79k"}},"name":"robhdmi5xfc"},"9ykwa93dd5w":{"_isJSONSchemaObject":true,"version":"2.0","type":"void","x-component":"Grid.Row","properties":{"0nkrxq50w1f":{"_isJSONSchemaObject":true,"version":"2.0","type":"void","x-component":"Grid.Col","properties":{"level_3_fixed":{"_isJSONSchemaObject":true,"version":"2.0","type":"string","name":"level_3_fixed","x-toolbar":"FormItemSchemaToolbar","x-settings":"fieldSettings:FormItem","x-component":"AssignedField","x-decorator":"FormItem","x-collection-field":"module_summaries.level_3_fixed"}},"name":"0nkrxq50w1f"}},"name":"9ykwa93dd5w"},"m2wrz7jm9vz":{"_isJSONSchemaObject":true,"version":"2.0","type":"void","x-component":"Grid.Row","properties":{"hfp2a2oyka1":{"_isJSONSchemaObject":true,"version":"2.0","type":"void","x-component":"Grid.Col","properties":{"level_1_rollback":{"_isJSONSchemaObject":true,"version":"2.0","type":"string","name":"level_1_rollback","x-toolbar":"FormItemSchemaToolbar","x-settings":"fieldSettings:FormItem","x-component":"AssignedField","x-decorator":"FormItem","x-collection-field":"module_summaries.level_1_rollback"}},"name":"hfp2a2oyka1"}},"name":"m2wrz7jm9vz"},"llra5xvheol":{"_isJSONSchemaObject":true,"version":"2.0","type":"void","x-component":"Grid.Row","properties":{"hxtzevu58gt":{"_isJSONSchemaObject":true,"version":"2.0","type":"void","x-component":"Grid.Col","properties":{"level_1_hang":{"_isJSONSchemaObject":true,"version":"2.0","type":"string","name":"level_1_hang","x-toolbar":"FormItemSchemaToolbar","x-settings":"fieldSettings:FormItem","x-component":"AssignedField","x-decorator":"FormItem","x-collection-field":"module_summaries.level_1_hang"}},"name":"hxtzevu58gt"}},"name":"llra5xvheol"},"55xmmpvuyqt":{"_isJSONSchemaObject":true,"version":"2.0","type":"void","x-component":"Grid.Row","properties":{"6khukz0hpsa":{"_isJSONSchemaObject":true,"version":"2.0","type":"void","x-component":"Grid.Col","properties":{"level_1_other":{"_isJSONSchemaObject":true,"version":"2.0","type":"string","name":"level_1_other","x-toolbar":"FormItemSchemaToolbar","x-settings":"fieldSettings:FormItem","x-component":"AssignedField","x-decorator":"FormItem","x-collection-field":"module_summaries.level_1_other"}},"name":"6khukz0hpsa"}},"name":"55xmmpvuyqt"},"rsmtss1h01p":{"_isJSONSchemaObject":true,"version":"2.0","type":"void","x-component":"Grid.Row","properties":{"cpv1idb5asq":{"_isJSONSchemaObject":true,"version":"2.0","type":"void","x-component":"Grid.Col","properties":{"p1_total":{"_isJSONSchemaObject":true,"version":"2.0","type":"string","name":"p1_total","x-toolbar":"FormItemSchemaToolbar","x-settings":"fieldSettings:FormItem","x-component":"AssignedField","x-decorator":"FormItem","x-collection-field":"module_summaries.p1_total"}},"name":"cpv1idb5asq"}},"name":"rsmtss1h01p"},"7qkvh5xh818":{"_isJSONSchemaObject":true,"version":"2.0","type":"void","x-component":"Grid.Row","properties":{"6nw4mwneztc":{"_isJSONSchemaObject":true,"version":"2.0","type":"void","x-component":"Grid.Col","properties":{"p1_fixed":{"_isJSONSchemaObject":true,"version":"2.0","type":"string","name":"p1_fixed","x-toolbar":"FormItemSchemaToolbar","x-settings":"fieldSettings:FormItem","x-component":"AssignedField","x-decorator":"FormItem","x-collection-field":"module_summaries.p1_fixed"}},"name":"6nw4mwneztc"}},"name":"7qkvh5xh818"},"b58wgiucl7e":{"_isJSONSchemaObject":true,"version":"2.0","type":"void","x-component":"Grid.Row","properties":{"zj0a2jvc6z9":{"_isJSONSchemaObject":true,"version":"2.0","type":"void","x-component":"Grid.Col","properties":{"p2_total":{"_isJSONSchemaObject":true,"version":"2.0","type":"string","name":"p2_total","x-toolbar":"FormItemSchemaToolbar","x-settings":"fieldSettings:FormItem","x-component":"AssignedField","x-decorator":"FormItem","x-collection-field":"module_summaries.p2_total"}},"name":"zj0a2jvc6z9"}},"name":"b58wgiucl7e"},"nro02cwc7bk":{"_isJSONSchemaObject":true,"version":"2.0","type":"void","x-component":"Grid.Row","properties":{"1ux17z77emh":{"_isJSONSchemaObject":true,"version":"2.0","type":"void","x-component":"Grid.Col","properties":{"p2_fixed":{"_isJSONSchemaObject":true,"version":"2.0","type":"string","name":"p2_fixed","x-toolbar":"FormItemSchemaToolbar","x-settings":"fieldSettings:FormItem","x-component":"AssignedField","x-decorator":"FormItem","x-collection-field":"module_summaries.p2_fixed"}},"name":"1ux17z77emh"}},"name":"nro02cwc7bk"},"a8dmvlrnvb7":{"_isJSONSchemaObject":true,"version":"2.0","type":"void","x-component":"Grid.Row","properties":{"vlqd92jptvw":{"_isJSONSchemaObject":true,"version":"2.0","type":"void","x-component":"Grid.Col","properties":{"p3_total":{"_isJSONSchemaObject":true,"version":"2.0","type":"string","name":"p3_total","x-toolbar":"FormItemSchemaToolbar","x-settings":"fieldSettings:FormItem","x-component":"AssignedField","x-decorator":"FormItem","x-collection-field":"module_summaries.p3_total"}},"name":"vlqd92jptvw"}},"name":"a8dmvlrnvb7"},"pe6kuknysf3":{"_isJSONSchemaObject":true,"version":"2.0","type":"void","x-component":"Grid.Row","properties":{"5oyb34njzsh":{"_isJSONSchemaObject":true,"version":"2.0","type":"void","x-component":"Grid.Col","properties":{"p3_fixed":{"_isJSONSchemaObject":true,"version":"2.0","type":"string","name":"p3_fixed","x-toolbar":"FormItemSchemaToolbar","x-settings":"fieldSettings:FormItem","x-component":"AssignedField","x-decorator":"FormItem","x-collection-field":"module_summaries.p3_fixed"}},"name":"5oyb34njzsh"}},"name":"pe6kuknysf3"},"waamhtv7n4r":{"_isJSONSchemaObject":true,"version":"2.0","type":"void","x-component":"Grid.Row","properties":{"pdixjg4jtwt":{"_isJSONSchemaObject":true,"version":"2.0","type":"void","x-component":"Grid.Col","properties":{"total_closed":{"_isJSONSchemaObject":true,"version":"2.0","type":"string","name":"total_closed","x-toolbar":"FormItemSchemaToolbar","x-settings":"fieldSettings:FormItem","x-component":"AssignedField","x-decorator":"FormItem","x-collection-field":"module_summaries.total_closed"}},"name":"pdixjg4jtwt"}},"name":"waamhtv7n4r"},"o3ju99g7tpn":{"_isJSONSchemaObject":true,"version":"2.0","type":"void","x-component":"Grid.Row","properties":{"vv5cbr6n0r5":{"_isJSONSchemaObject":true,"version":"2.0","type":"void","x-component":"Grid.Col","properties":{"total_delayed":{"_isJSONSchemaObject":true,"version":"2.0","type":"string","name":"total_delayed","x-toolbar":"FormItemSchemaToolbar","x-settings":"fieldSettings:FormItem","x-component":"AssignedField","x-decorator":"FormItem","x-collection-field":"module_summaries.total_delayed"}},"name":"vv5cbr6n0r5"}},"name":"o3ju99g7tpn"},"0ww2fk3j4bh":{"_isJSONSchemaObject":true,"version":"2.0","type":"void","x-component":"Grid.Row","properties":{"bbtvb9ylfl3":{"_isJSONSchemaObject":true,"version":"2.0","type":"void","x-component":"Grid.Col","properties":{"p1_closed":{"_isJSONSchemaObject":true,"version":"2.0","type":"string","name":"p1_closed","x-toolbar":"FormItemSchemaToolbar","x-settings":"fieldSettings:FormItem","x-component":"AssignedField","x-decorator":"FormItem","x-collection-field":"module_summaries.p1_closed"}},"name":"bbtvb9ylfl3"}},"name":"0ww2fk3j4bh"},"2jfygzvc1fb":{"_isJSONSchemaObject":true,"version":"2.0","type":"void","x-component":"Grid.Row","properties":{"sp1nds1997r":{"_isJSONSchemaObject":true,"version":"2.0","type":"void","x-component":"Grid.Col","properties":{"open_count":{"_isJSONSchemaObject":true,"version":"2.0","type":"string","name":"open_count","x-toolbar":"FormItemSchemaToolbar","x-settings":"fieldSettings:FormItem","x-component":"AssignedField","x-decorator":"FormItem","x-collection-field":"module_summaries.open_count"}},"name":"sp1nds1997r"}},"name":"2jfygzvc1fb"},"3ej00lz953w":{"_isJSONSchemaObject":true,"version":"2.0","type":"void","x-component":"Grid.Row","properties":{"cszm23qznik":{"_isJSONSchemaObject":true,"version":"2.0","type":"void","x-component":"Grid.Col","properties":{"retest_failed_count":{"_isJSONSchemaObject":true,"version":"2.0","type":"string","name":"retest_failed_count","x-toolbar":"FormItemSchemaToolbar","x-settings":"fieldSettings:FormItem","x-component":"AssignedField","x-decorator":"FormItem","x-collection-field":"module_summaries.retest_failed_count"}},"name":"cszm23qznik"}},"name":"3ej00lz953w"},"15e9xtl3qs1":{"_isJSONSchemaObject":true,"version":"2.0","type":"void","x-component":"Grid.Row","properties":{"k1jpdb6h9ka":{"_isJSONSchemaObject":true,"version":"2.0","type":"void","x-component":"Grid.Col","properties":{"module_total":{"_isJSONSchemaObject":true,"version":"2.0","type":"string","name":"module_total","x-toolbar":"FormItemSchemaToolbar","x-settings":"fieldSettings:FormItem","x-component":"AssignedField","x-decorator":"FormItem","x-collection-field":"module_summaries.module_total"}},"name":"k1jpdb6h9ka"}},"name":"15e9xtl3qs1"},"izho92ic2cs":{"_isJSONSchemaObject":true,"version":"2.0","type":"void","x-component":"Grid.Row","properties":{"awvbzytdfsu":{"_isJSONSchemaObject":true,"version":"2.0","type":"void","x-component":"Grid.Col","properties":{"suggested_count":{"_isJSONSchemaObject":true,"version":"2.0","type":"string","name":"suggested_count","x-toolbar":"FormItemSchemaToolbar","x-settings":"fieldSettings:FormItem","x-component":"AssignedField","x-decorator":"FormItem","x-collection-field":"module_summaries.suggested_count"}},"name":"awvbzytdfsu"}},"name":"izho92ic2cs"},"yu07e8qcotw":{"_isJSONSchemaObject":true,"version":"2.0","type":"void","x-component":"Grid.Row","properties":{"lxrxphdvhys":{"_isJSONSchemaObject":true,"version":"2.0","type":"void","x-component":"Grid.Col","properties":{"p1_fixed_rate":{"_isJSONSchemaObject":true,"version":"2.0","type":"string","name":"p1_fixed_rate","x-toolbar":"FormItemSchemaToolbar","x-settings":"fieldSettings:FormItem","x-component":"AssignedField","x-decorator":"FormItem","x-collection-field":"module_summaries.p1_fixed_rate"}},"name":"lxrxphdvhys"}},"name":"yu07e8qcotw"}}},"collection":"module_summaries","params":{"individualHooks":false,"filter":{"$and":[{"id":{"$eq":"{{$context.data.module}}"}}]},"values":{"level_1_count":"{{$jobsMapByNodeKey.h14qw1067vw}}","level_1_fixed":"{{$jobsMapByNodeKey.cvcey3i9obe}}","level_2_count":"{{$jobsMapByNodeKey.52k6055vnrg}}","level_2_fixed":"{{$jobsMapByNodeKey.1fpxh7sjq4k}}","level_3_count":"{{$jobsMapByNodeKey.t5m287ao4ea}}","level_3_fixed":"{{$jobsMapByNodeKey.je6ex9hwdlz}}","level_1_rollback":"{{$jobsMapByNodeKey.9euqanxv5ca}}","level_1_hang":"{{$jobsMapByNodeKey.cjybahnz5qh}}","level_1_other":"{{$jobsMapByNodeKey.4lo6zk22j0o}}","p1_total":"{{$jobsMapByNodeKey.m7boio3foa4}}","p1_fixed":"{{$jobsMapByNodeKey.ctxa7y3htwk}}","p2_total":"{{$jobsMapByNodeKey.n5qz0yvi8a8}}","p2_fixed":"{{$jobsMapByNodeKey.m5m10pctczr}}","p3_total":"{{$jobsMapByNodeKey.86wyre6po8b}}","p3_fixed":"{{$jobsMapByNodeKey.4tftrde6ftb}}","total_closed":"{{$jobsMapByNodeKey.aj31qog7bx4}}","total_delayed":"{{$jobsMapByNodeKey.3f305ii7n0l}}","p1_closed":"{{$jobsMapByNodeKey.3szdlncazck}}","open_count":"{{$jobsMapByNodeKey.d60x92jthmx}}","retest_failed_count":"{{$jobsMapByNodeKey.iofdvp5yr94}}","module_total":"{{$jobsMapByNodeKey.zzewef9k4c5}}","suggested_count":"{{$jobsMapByNodeKey.aaj3raugpgh}}","p1_fixed_rate":"{{$jobsMapByNodeKey.0koj1eg6sb8}}"}}} workflowId=350354241683456
[34m2026-02-26 14:10:37 [debug] job added to save list: {"result":1,"status":1,"nodeId":350354241683470,"nodeKey":"iz8nj3ykg09","id":"7300122731904000","createdAt":"2026-02-26T06:10:37.792Z","updatedAt":"2026-02-26T06:10:37.792Z","executionId":350354906480641}[39m workflowId=350354241683456
[32m2026-02-26 14:10:37 [info]  execution (350354906480641) run instruction [update] for node (350354241683470) finished as status: 1[39m workflowId=350354241683456
[34m2026-02-26 14:10:37 [debug] result of node                              [39m data=1
[34m2026-02-26 14:10:37 [debug] branch ended at node (350354241683470)      [39m 
[34m2026-02-26 14:10:37 [debug] not on main, recall to parent entry node (350354241683470)})[39m workflowId=350354241683456
[32m2026-02-26 14:10:37 [info]  execution (350354906480641) resume instruction [parallel] for node (350354241683457)[39m workflowId=350354241683456
[34m2026-02-26 14:10:37 [debug] config of node                              [39m workflowId=350354241683456
[34m2026-02-26 14:10:37 [debug] job added to save list: {"status":1,"result":[1,1],"nodeId":350354241683457,"nodeKey":"chjc97mlb5y","upstreamId":null,"id":"7300122333445120","createdAt":"2026-02-26T06:10:37.697Z","updatedAt":"2026-02-26T06:10:37.711Z","executionId":350354906480641}[39m workflowId=350354241683456
[32m2026-02-26 14:10:37 [info]  execution (350354906480641) run instruction [parallel] for node (350354241683457) finished as status: 1[39m workflowId=350354241683456
[34m2026-02-26 14:10:37 [debug] result of node                              [39m data=[1,1]
[34m2026-02-26 14:10:37 [debug] branch ended at node (350354241683457)      [39m 
[32m2026-02-26 14:10:37 [info]  execution (350354906480641) exiting with status 1[39m workflowId=350354241683456
[32m2026-02-26 14:10:37 [info]  execution (350354906480641) finished with status: 1[39m 
[34m2026-02-26 14:10:37 [debug] execution (350354906480641) details:        [39m execution={"createdAt":"2026-02-26T06:10:37.659Z","id":350354906480641,"updatedAt":"2026-02-26T06:10:37.815Z","key":"gljlkxparob","eventKey":"c57fcc08-db41-4c62-8b73-9b4954332391","context":{"data":{"createdAt":"2026-02-26T06:10:37.648Z","updatedAt":"2026-02-26T06:10:37.654Z","defect":"图纸模糊","defect_rank":"level1","priority":"P1","id":350354906480640,"f_jmazop48q5l":350354539479040,"createdById":1,"updatedById":1,"defect_classification":"历史遗留","module":350354539479041,"defect_status":"待修复","label":["延期"],"parent_summary":{"createdAt":"2026-02-26T06:07:42.152Z","updatedAt":"2026-02-26T06:08:52.914Z","owner_id":"nocobase","id":350354539479040,"total_count":null,"tested_count":null,"defect_count":null,"fixed_count":null,"pending_count":null,"loc":null,"kloc":0,"testing_rate":null,"fix_rate":null,"pending_rate":null,"defect_density":null,"total_defect":0,"module_type":"缺陷汇总","createdById":1,"updatedById":1}}},"status":1,"dispatched":true,"stack":null,"output":null,"manually":null,"workflowId":350354241683456}
[32m2026-02-26 14:24:10 [info]  toggle OFF workflow 350354241683456         [39m workflowId=350354241683456
[32m2026-02-26 14:24:10 [info]  toggle OFF workflow 350354241683456         [39m workflowId=350354241683456
