[32m2026-02-28 09:47:15 [info]  toggle ON workflow 350684080308224          [39m workflowId=350684080308224
[32m2026-02-28 09:48:02 [info]  new event triggered, now events: 1          [39m 
[34m2026-02-28 09:48:02 [debug] event data:                                 [39m context={"data":{"createdAt":"2026-02-28T01:47:53.267Z","updatedAt":"2026-02-28T01:47:53.270Z","defect_classification":"其他","defect":"图纸显示不全","defect_rank":"level1","priority":null,"id":350684233400320,"defect_status":"待修复","module":null,"f_jmazop48q5l":350684176777216,"createdById":1,"updatedById":1,"label":["延期"]}}
[32m2026-02-28 09:48:02 [info]  preparing execution for event               [39m 
[32m2026-02-28 09:48:02 [info]  execution of workflow 350684080308224 created as 350684252274688[39m 
[32m2026-02-28 09:48:02 [info]  local pending list is empty, adding execution (350684252274688) to pending list[39m 
[32m2026-02-28 09:48:02 [info]  pending execution (350684252274688) ready to process[39m 
[32m2026-02-28 09:48:02 [info]  execution (350684252274688) starting...     [39m 
[32m2026-02-28 09:48:02 [info]  execution (350684252274688) run instruction [query] for node (350684080308227)[39m workflowId=350684080308224
[34m2026-02-28 09:48:02 [debug] config of node                              [39m data={"multiple":true,"collection":"module_summaries","params":{"filter":{"$and":[]},"sort":[],"page":1,"pageSize":20,"appends":[]}} workflowId=350684080308224
[34m2026-02-28 09:48:02 [debug] job added to save list: {"result":[{"createdAt":"2026-02-28T01:47:29.066Z","updatedAt":"2026-02-28T01:47:53.478Z","id":350684183068672,"module_name":"工程图","level_1_count":"1","level_2_count":"0","level_3_count":"0","level_1_fixed":"0","level_2_fixed":"0","level_3_fixed":"0","p1_total":"0","p1_fixed":"0","p2_total":"0","p2_fixed":"0","p3_total":"0","p3_fixed":"0","total_closed":"0","total_delayed":"1","level_1_rollback":"0","level_1_hang":"0","level_1_other":"1","p1_closed":"0","open_count":"1","retest_failed_count":"0","module_total":"1","suggested_count":"0","p2_fixed_rate":null,"p3_fixed_rate":null,"p1_fixed_rate":null,"level_2_fixed_rate":null,"total_fixed":"0","fixed_unupdated":"0","level_3_fixed_rate":null,"level_1_fixed_rate":0,"p1_close_rate":null,"new_issue_total":"1","new_issue_fixed":"0","total_fixed_rate":0,"total_close_rate":0,"createdById":1,"updatedById":1},{"createdAt":"2026-02-28T01:47:34.141Z","updatedAt":"2026-02-28T01:47:53.594Z","id":350684193554432,"module_name":"草图","level_1_count":"1","level_2_count":"0","level_3_count":"0","level_1_fixed":"0","level_2_fixed":"0","level_3_fixed":"0","p1_total":"0","p1_fixed":"0","p2_total":"0","p2_fixed":"0","p3_total":"0","p3_fixed":"0","total_closed":"0","total_delayed":"1","level_1_rollback":"0","level_1_hang":"0","level_1_other":"1","p1_closed":"0","open_count":"1","retest_failed_count":"0","module_total":"1","suggested_count":"0","p2_fixed_rate":null,"p3_fixed_rate":null,"p1_fixed_rate":null,"level_2_fixed_rate":null,"total_fixed":"0","fixed_unupdated":"0","level_3_fixed_rate":null,"level_1_fixed_rate":0,"p1_close_rate":null,"new_issue_total":"1","new_issue_fixed":"0","total_fixed_rate":0,"total_close_rate":0,"createdById":1,"updatedById":1}],"status":1,"nodeId":350684080308227,"nodeKey":"xqb45m3d7w0","id":"7958817337791488","createdAt":"2026-02-28T01:48:02.824Z","updatedAt":"2026-02-28T01:48:02.824Z","executionId":350684252274688}[39m workflowId=350684080308224
[32m2026-02-28 09:48:02 [info]  execution (350684252274688) run instruction [query] for node (350684080308227) finished as status: 1[39m workflowId=350684080308224
[34m2026-02-28 09:48:02 [debug] result of node                              [39m data=[{"createdAt":"2026-02-28T01:47:29.066Z","updatedAt":"2026-02-28T01:47:53.478Z","id":350684183068672,"module_name":"工程图","level_1_count":"1","level_2_count":"0","level_3_count":"0","level_1_fixed":"0","level_2_fixed":"0","level_3_fixed":"0","p1_total":"0","p1_fixed":"0","p2_total":"0","p2_fixed":"0","p3_total":"0","p3_fixed":"0","total_closed":"0","total_delayed":"1","level_1_rollback":"0","level_1_hang":"0","level_1_other":"1","p1_closed":"0","open_count":"1","retest_failed_count":"0","module_total":"1","suggested_count":"0","p2_fixed_rate":null,"p3_fixed_rate":null,"p1_fixed_rate":null,"level_2_fixed_rate":null,"total_fixed":"0","fixed_unupdated":"0","level_3_fixed_rate":null,"level_1_fixed_rate":0,"p1_close_rate":null,"new_issue_total":"1","new_issue_fixed":"0","total_fixed_rate":0,"total_close_rate":0,"createdById":1,"updatedById":1},{"createdAt":"2026-02-28T01:47:34.141Z","updatedAt":"2026-02-28T01:47:53.594Z","id":350684193554432,"module_name":"草图","level_1_count":"1","level_2_count":"0","level_3_count":"0","level_1_fixed":"0","level_2_fixed":"0","level_3_fixed":"0","p1_total":"0","p1_fixed":"0","p2_total":"0","p2_fixed":"0","p3_total":"0","p3_fixed":"0","total_closed":"0","total_delayed":"1","level_1_rollback":"0","level_1_hang":"0","level_1_other":"1","p1_closed":"0","open_count":"1","retest_failed_count":"0","module_total":"1","suggested_count":"0","p2_fixed_rate":null,"p3_fixed_rate":null,"p1_fixed_rate":null,"level_2_fixed_rate":null,"total_fixed":"0","fixed_unupdated":"0","level_3_fixed_rate":null,"level_1_fixed_rate":0,"p1_close_rate":null,"new_issue_total":"1","new_issue_fixed":"0","total_fixed_rate":0,"total_close_rate":0,"createdById":1,"updatedById":1}]
[34m2026-02-28 09:48:02 [debug] run next node (350684080308225)             [39m 
[32m2026-02-28 09:48:02 [info]  execution (350684252274688) run instruction [loop] for node (350684080308225)[39m workflowId=350684080308224
[34m2026-02-28 09:48:02 [debug] config of node                              [39m data={"target":"{{$jobsMapByNodeKey.xqb45m3d7w0}}","condition":false,"exit":0} workflowId=350684080308224
[34m2026-02-28 09:48:02 [debug] job added to save list: {"status":0,"result":{"looped":0,"done":0},"nodeId":350684080308225,"nodeKey":"4gilbixctsb","upstreamId":"7958817337791488","id":"7958817346180096","createdAt":"2026-02-28T01:48:02.826Z","updatedAt":"2026-02-28T01:48:02.826Z","executionId":350684252274688}[39m workflowId=350684080308224
[32m2026-02-28 09:48:02 [info]  execution (350684252274688) run instruction [aggregate] for node (350684080308229)[39m workflowId=350684080308224
[34m2026-02-28 09:48:02 [debug] config of node                              [39m data={"aggregator":"count","associated":false,"params":{"field":"id","filter":{"$and":[{"defect_rank":{"$eq":"level1"}},{"label":{"$noneOf":["功能屏蔽","已拒绝","建议"]}},{"module_ref":{"id":{"$eq":"{{$scopes.4gilbixctsb.item.id}}"}}},{"$or":[{"defect_status":{"$ne":"已关闭"}},{"label":{"$noneOf":["申请否决","数据异常","设计如此"]}}]}]}},"precision":2,"collection":"defects"} workflowId=350684080308224
[34m2026-02-28 09:48:02 [debug] job added to save list: {"result":0,"status":1,"nodeId":350684080308229,"nodeKey":"4w8yvz144ck","id":"7958817362957312","createdAt":"2026-02-28T01:48:02.830Z","updatedAt":"2026-02-28T01:48:02.830Z","executionId":350684252274688}[39m workflowId=350684080308224
[32m2026-02-28 09:48:02 [info]  execution (350684252274688) run instruction [aggregate] for node (350684080308229) finished as status: 1[39m workflowId=350684080308224
[34m2026-02-28 09:48:02 [debug] result of node                              [39m 
[34m2026-02-28 09:48:02 [debug] run next node (350684080308230)             [39m 
[32m2026-02-28 09:48:02 [info]  execution (350684252274688) run instruction [aggregate] for node (350684080308230)[39m workflowId=350684080308224
[34m2026-02-28 09:48:02 [debug] config of node                              [39m data={"aggregator":"count","associated":false,"params":{"field":"id","filter":{"$and":[{"defect_rank":{"$eq":"level1"}},{"label":{"$noneOf":["功能屏蔽","已拒绝","建议"]}},{"$or":[{"label":{"$anyOf":["已修复","待合并"]}},{"$and":[{"label":{"$anyOf":["未复现"]}},{"defect_status":{"$eq":"已关闭"}}]}]},{"module_ref":{"id":{"$eq":"{{$scopes.4gilbixctsb.item.id}}"}}},{"$or":[{"defect_status":{"$ne":"已关闭"}},{"label":{"$noneOf":["申请否决","数据异常","设计如此"]}}]}]}},"precision":2,"collection":"defects"} workflowId=350684080308224
[34m2026-02-28 09:48:02 [debug] job added to save list: {"result":0,"status":1,"nodeId":350684080308230,"nodeKey":"kulk5djdvpv","id":"7958817383928832","createdAt":"2026-02-28T01:48:02.835Z","updatedAt":"2026-02-28T01:48:02.835Z","executionId":350684252274688}[39m workflowId=350684080308224
[32m2026-02-28 09:48:02 [info]  execution (350684252274688) run instruction [aggregate] for node (350684080308230) finished as status: 1[39m workflowId=350684080308224
[34m2026-02-28 09:48:02 [debug] result of node                              [39m 
[34m2026-02-28 09:48:02 [debug] run next node (350684080308231)             [39m 
[32m2026-02-28 09:48:02 [info]  execution (350684252274688) run instruction [aggregate] for node (350684080308231)[39m workflowId=350684080308224
[34m2026-02-28 09:48:02 [debug] config of node                              [39m data={"aggregator":"count","associated":false,"params":{"field":"id","filter":{"$and":[{"f_jmazop48q5l":{"$eq":"{{$scopes.4gilbixctsb.item.id}}"}}]}},"precision":2,"collection":"defects"} workflowId=350684080308224
[34m2026-02-28 09:48:02 [debug] job added to save list: {"result":0,"status":1,"nodeId":350684080308231,"nodeKey":"h2ekftbq9fi","id":"7958817396511744","createdAt":"2026-02-28T01:48:02.838Z","updatedAt":"2026-02-28T01:48:02.838Z","executionId":350684252274688}[39m workflowId=350684080308224
[32m2026-02-28 09:48:02 [info]  execution (350684252274688) run instruction [aggregate] for node (350684080308231) finished as status: 1[39m workflowId=350684080308224
[34m2026-02-28 09:48:02 [debug] result of node                              [39m 
[34m2026-02-28 09:48:02 [debug] run next node (350684080308228)             [39m 
[32m2026-02-28 09:48:02 [info]  execution (350684252274688) run instruction [update] for node (350684080308228)[39m workflowId=350684080308224
[34m2026-02-28 09:48:02 [debug] config of node                              [39m data={"usingAssignFormSchema":true,"assignFormSchema":{"_isJSONSchemaObject":true,"version":"2.0","name":"jyyremi03il","type":"void","x-component":"Grid","x-initializer":"assignFieldValuesForm:configureFields","properties":{"tu9fxkpcp21":{"_isJSONSchemaObject":true,"version":"2.0","type":"void","x-component":"Grid.Row","properties":{"abf9nd8110z":{"_isJSONSchemaObject":true,"version":"2.0","type":"void","x-component":"Grid.Col","properties":{"level_1_count":{"_isJSONSchemaObject":true,"version":"2.0","type":"string","name":"level_1_count","x-toolbar":"FormItemSchemaToolbar","x-settings":"fieldSettings:FormItem","x-component":"AssignedField","x-decorator":"FormItem","x-collection-field":"module_summaries.level_1_count"}},"name":"abf9nd8110z"}},"name":"tu9fxkpcp21"},"wzwaxbctt38":{"_isJSONSchemaObject":true,"version":"2.0","type":"void","x-component":"Grid.Row","properties":{"0b4nu6pji2k":{"_isJSONSchemaObject":true,"version":"2.0","type":"void","x-component":"Grid.Col","properties":{"level_1_fixed":{"_isJSONSchemaObject":true,"version":"2.0","type":"string","name":"level_1_fixed","x-toolbar":"FormItemSchemaToolbar","x-settings":"fieldSettings:FormItem","x-component":"AssignedField","x-decorator":"FormItem","x-collection-field":"module_summaries.level_1_fixed"}},"name":"0b4nu6pji2k"}},"name":"wzwaxbctt38"}}},"collection":"module_summaries","params":{"individualHooks":false,"filter":{"$and":[{"id":{"$eq":"{{$scopes.4gilbixctsb.item.id}}"}}]},"values":{"level_1_count":"{{$jobsMapByNodeKey.4w8yvz144ck}}","level_1_fixed":"{{$jobsMapByNodeKey.kulk5djdvpv}}"}}} workflowId=350684080308224
[34m2026-02-28 09:48:02 [debug] job added to save list: {"result":1,"status":1,"nodeId":350684080308228,"nodeKey":"8i18sx31ff1","id":"7958817438454784","createdAt":"2026-02-28T01:48:02.848Z","updatedAt":"2026-02-28T01:48:02.848Z","executionId":350684252274688}[39m workflowId=350684080308224
[32m2026-02-28 09:48:02 [info]  execution (350684252274688) run instruction [update] for node (350684080308228) finished as status: 1[39m workflowId=350684080308224
[34m2026-02-28 09:48:02 [debug] result of node                              [39m data=1
[34m2026-02-28 09:48:02 [debug] run next node (350684080308226)             [39m 
[32m2026-02-28 09:48:02 [info]  execution (350684252274688) run instruction [update] for node (350684080308226)[39m workflowId=350684080308224
[34m2026-02-28 09:48:02 [debug] config of node                              [39m data={"usingAssignFormSchema":true,"assignFormSchema":{"_isJSONSchemaObject":true,"version":"2.0","name":"di3fhm8a919","type":"void","x-component":"Grid","x-initializer":"assignFieldValuesForm:configureFields","properties":{"gurgivk3fas":{"_isJSONSchemaObject":true,"version":"2.0","type":"void","x-component":"Grid.Row","properties":{"ira5e8uf78u":{"_isJSONSchemaObject":true,"version":"2.0","type":"void","x-component":"Grid.Col","properties":{"total_defect":{"_isJSONSchemaObject":true,"version":"2.0","type":"string","name":"total_defect","x-toolbar":"FormItemSchemaToolbar","x-settings":"fieldSettings:FormItem","x-component":"AssignedField","x-decorator":"FormItem","x-collection-field":"collection_quality.total_defect"}},"name":"ira5e8uf78u"}},"name":"gurgivk3fas"}}},"collection":"collection_quality","params":{"individualHooks":false,"filter":{"$and":[{"id":{"$eq":"{{$context.data.f_jmazop48q5l}}"}}]},"values":{"total_defect":"{{$jobsMapByNodeKey.h2ekftbq9fi}}"}}} workflowId=350684080308224
[34m2026-02-28 09:48:02 [debug] job added to save list: {"result":1,"status":1,"nodeId":350684080308226,"nodeKey":"8w8f01dhav8","id":"7958817480397824","createdAt":"2026-02-28T01:48:02.858Z","updatedAt":"2026-02-28T01:48:02.858Z","executionId":350684252274688}[39m workflowId=350684080308224
[32m2026-02-28 09:48:02 [info]  execution (350684252274688) run instruction [update] for node (350684080308226) finished as status: 1[39m workflowId=350684080308224
[34m2026-02-28 09:48:02 [debug] result of node                              [39m data=1
[34m2026-02-28 09:48:02 [debug] branch ended at node (350684080308226)      [39m 
[34m2026-02-28 09:48:02 [debug] not on main, recall to parent entry node (350684080308226)})[39m workflowId=350684080308224
[32m2026-02-28 09:48:02 [info]  execution (350684252274688) resume instruction [loop] for node (350684080308225)[39m workflowId=350684080308224
[34m2026-02-28 09:48:02 [debug] config of node                              [39m data={"target":"{{$jobsMapByNodeKey.xqb45m3d7w0}}","condition":false,"exit":0} workflowId=350684080308224
[34m2026-02-28 09:48:02 [debug] job added to save list: {"status":0,"result":{"looped":1,"done":1},"nodeId":350684080308225,"nodeKey":"4gilbixctsb","upstreamId":"7958817337791488","id":"7958817346180096","createdAt":"2026-02-28T01:48:02.826Z","updatedAt":"2026-02-28T01:48:02.860Z","executionId":350684252274688}[39m workflowId=350684080308224
[32m2026-02-28 09:48:02 [info]  execution (350684252274688) run instruction [aggregate] for node (350684080308229)[39m workflowId=350684080308224
[34m2026-02-28 09:48:02 [debug] config of node                              [39m data={"aggregator":"count","associated":false,"params":{"field":"id","filter":{"$and":[{"defect_rank":{"$eq":"level1"}},{"label":{"$noneOf":["功能屏蔽","已拒绝","建议"]}},{"module_ref":{"id":{"$eq":"{{$scopes.4gilbixctsb.item.id}}"}}},{"$or":[{"defect_status":{"$ne":"已关闭"}},{"label":{"$noneOf":["申请否决","数据异常","设计如此"]}}]}]}},"precision":2,"collection":"defects"} workflowId=350684080308224
[34m2026-02-28 09:48:02 [debug] job added to save list: {"result":0,"status":1,"nodeId":350684080308229,"nodeKey":"4w8yvz144ck","id":"7958817509757952","createdAt":"2026-02-28T01:48:02.865Z","updatedAt":"2026-02-28T01:48:02.865Z","executionId":350684252274688}[39m workflowId=350684080308224
[32m2026-02-28 09:48:02 [info]  execution (350684252274688) run instruction [aggregate] for node (350684080308229) finished as status: 1[39m workflowId=350684080308224
[34m2026-02-28 09:48:02 [debug] result of node                              [39m 
[34m2026-02-28 09:48:02 [debug] run next node (350684080308230)             [39m 
[32m2026-02-28 09:48:02 [info]  execution (350684252274688) run instruction [aggregate] for node (350684080308230)[39m workflowId=350684080308224
[34m2026-02-28 09:48:02 [debug] config of node                              [39m data={"aggregator":"count","associated":false,"params":{"field":"id","filter":{"$and":[{"defect_rank":{"$eq":"level1"}},{"label":{"$noneOf":["功能屏蔽","已拒绝","建议"]}},{"$or":[{"label":{"$anyOf":["已修复","待合并"]}},{"$and":[{"label":{"$anyOf":["未复现"]}},{"defect_status":{"$eq":"已关闭"}}]}]},{"module_ref":{"id":{"$eq":"{{$scopes.4gilbixctsb.item.id}}"}}},{"$or":[{"defect_status":{"$ne":"已关闭"}},{"label":{"$noneOf":["申请否决","数据异常","设计如此"]}}]}]}},"precision":2,"collection":"defects"} workflowId=350684080308224
[34m2026-02-28 09:48:02 [debug] job added to save list: {"result":0,"status":1,"nodeId":350684080308230,"nodeKey":"kulk5djdvpv","id":"7958817551700992","createdAt":"2026-02-28T01:48:02.875Z","updatedAt":"2026-02-28T01:48:02.875Z","executionId":350684252274688}[39m workflowId=350684080308224
[32m2026-02-28 09:48:02 [info]  execution (350684252274688) run instruction [aggregate] for node (350684080308230) finished as status: 1[39m workflowId=350684080308224
[34m2026-02-28 09:48:02 [debug] result of node                              [39m 
[34m2026-02-28 09:48:02 [debug] run next node (350684080308231)             [39m 
[32m2026-02-28 09:48:02 [info]  execution (350684252274688) run instruction [aggregate] for node (350684080308231)[39m workflowId=350684080308224
[34m2026-02-28 09:48:02 [debug] config of node                              [39m data={"aggregator":"count","associated":false,"params":{"field":"id","filter":{"$and":[{"f_jmazop48q5l":{"$eq":"{{$scopes.4gilbixctsb.item.id}}"}}]}},"precision":2,"collection":"defects"} workflowId=350684080308224
[34m2026-02-28 09:48:02 [debug] job added to save list: {"result":0,"status":1,"nodeId":350684080308231,"nodeKey":"h2ekftbq9fi","id":"7958817564283904","createdAt":"2026-02-28T01:48:02.878Z","updatedAt":"2026-02-28T01:48:02.878Z","executionId":350684252274688}[39m workflowId=350684080308224
[32m2026-02-28 09:48:02 [info]  execution (350684252274688) run instruction [aggregate] for node (350684080308231) finished as status: 1[39m workflowId=350684080308224
[34m2026-02-28 09:48:02 [debug] result of node                              [39m 
[34m2026-02-28 09:48:02 [debug] run next node (350684080308228)             [39m 
[32m2026-02-28 09:48:02 [info]  execution (350684252274688) run instruction [update] for node (350684080308228)[39m workflowId=350684080308224
[34m2026-02-28 09:48:02 [debug] config of node                              [39m data={"usingAssignFormSchema":true,"assignFormSchema":{"_isJSONSchemaObject":true,"version":"2.0","name":"jyyremi03il","type":"void","x-component":"Grid","x-initializer":"assignFieldValuesForm:configureFields","properties":{"tu9fxkpcp21":{"_isJSONSchemaObject":true,"version":"2.0","type":"void","x-component":"Grid.Row","properties":{"abf9nd8110z":{"_isJSONSchemaObject":true,"version":"2.0","type":"void","x-component":"Grid.Col","properties":{"level_1_count":{"_isJSONSchemaObject":true,"version":"2.0","type":"string","name":"level_1_count","x-toolbar":"FormItemSchemaToolbar","x-settings":"fieldSettings:FormItem","x-component":"AssignedField","x-decorator":"FormItem","x-collection-field":"module_summaries.level_1_count"}},"name":"abf9nd8110z"}},"name":"tu9fxkpcp21"},"wzwaxbctt38":{"_isJSONSchemaObject":true,"version":"2.0","type":"void","x-component":"Grid.Row","properties":{"0b4nu6pji2k":{"_isJSONSchemaObject":true,"version":"2.0","type":"void","x-component":"Grid.Col","properties":{"level_1_fixed":{"_isJSONSchemaObject":true,"version":"2.0","type":"string","name":"level_1_fixed","x-toolbar":"FormItemSchemaToolbar","x-settings":"fieldSettings:FormItem","x-component":"AssignedField","x-decorator":"FormItem","x-collection-field":"module_summaries.level_1_fixed"}},"name":"0b4nu6pji2k"}},"name":"wzwaxbctt38"}}},"collection":"module_summaries","params":{"individualHooks":false,"filter":{"$and":[{"id":{"$eq":"{{$scopes.4gilbixctsb.item.id}}"}}]},"values":{"level_1_count":"{{$jobsMapByNodeKey.4w8yvz144ck}}","level_1_fixed":"{{$jobsMapByNodeKey.kulk5djdvpv}}"}}} workflowId=350684080308224
[34m2026-02-28 09:48:02 [debug] job added to save list: {"result":1,"status":1,"nodeId":350684080308228,"nodeKey":"8i18sx31ff1","id":"7958817593644032","createdAt":"2026-02-28T01:48:02.885Z","updatedAt":"2026-02-28T01:48:02.885Z","executionId":350684252274688}[39m workflowId=350684080308224
[32m2026-02-28 09:48:02 [info]  execution (350684252274688) run instruction [update] for node (350684080308228) finished as status: 1[39m workflowId=350684080308224
[34m2026-02-28 09:48:02 [debug] result of node                              [39m data=1
[34m2026-02-28 09:48:02 [debug] run next node (350684080308226)             [39m 
[32m2026-02-28 09:48:02 [info]  execution (350684252274688) run instruction [update] for node (350684080308226)[39m workflowId=350684080308224
[34m2026-02-28 09:48:02 [debug] config of node                              [39m data={"usingAssignFormSchema":true,"assignFormSchema":{"_isJSONSchemaObject":true,"version":"2.0","name":"di3fhm8a919","type":"void","x-component":"Grid","x-initializer":"assignFieldValuesForm:configureFields","properties":{"gurgivk3fas":{"_isJSONSchemaObject":true,"version":"2.0","type":"void","x-component":"Grid.Row","properties":{"ira5e8uf78u":{"_isJSONSchemaObject":true,"version":"2.0","type":"void","x-component":"Grid.Col","properties":{"total_defect":{"_isJSONSchemaObject":true,"version":"2.0","type":"string","name":"total_defect","x-toolbar":"FormItemSchemaToolbar","x-settings":"fieldSettings:FormItem","x-component":"AssignedField","x-decorator":"FormItem","x-collection-field":"collection_quality.total_defect"}},"name":"ira5e8uf78u"}},"name":"gurgivk3fas"}}},"collection":"collection_quality","params":{"individualHooks":false,"filter":{"$and":[{"id":{"$eq":"{{$context.data.f_jmazop48q5l}}"}}]},"values":{"total_defect":"{{$jobsMapByNodeKey.h2ekftbq9fi}}"}}} workflowId=350684080308224
[34m2026-02-28 09:48:02 [debug] job added to save list: {"result":1,"status":1,"nodeId":350684080308226,"nodeKey":"8w8f01dhav8","id":"7958817610421248","createdAt":"2026-02-28T01:48:02.889Z","updatedAt":"2026-02-28T01:48:02.889Z","executionId":350684252274688}[39m workflowId=350684080308224
[32m2026-02-28 09:48:02 [info]  execution (350684252274688) run instruction [update] for node (350684080308226) finished as status: 1[39m workflowId=350684080308224
[34m2026-02-28 09:48:02 [debug] result of node                              [39m data=1
[34m2026-02-28 09:48:02 [debug] branch ended at node (350684080308226)      [39m 
[34m2026-02-28 09:48:02 [debug] not on main, recall to parent entry node (350684080308226)})[39m workflowId=350684080308224
[32m2026-02-28 09:48:02 [info]  execution (350684252274688) resume instruction [loop] for node (350684080308225)[39m workflowId=350684080308224
[34m2026-02-28 09:48:02 [debug] config of node                              [39m data={"target":"{{$jobsMapByNodeKey.xqb45m3d7w0}}","condition":false,"exit":0} workflowId=350684080308224
[34m2026-02-28 09:48:02 [debug] job added to save list: {"status":0,"result":{"looped":2,"done":2},"nodeId":350684080308225,"nodeKey":"4gilbixctsb","upstreamId":"7958817337791488","id":"7958817346180096","createdAt":"2026-02-28T01:48:02.826Z","updatedAt":"2026-02-28T01:48:02.891Z","executionId":350684252274688}[39m workflowId=350684080308224
[34m2026-02-28 09:48:02 [debug] job added to save list: {"status":1,"result":{"looped":2,"done":2},"nodeId":350684080308225,"nodeKey":"4gilbixctsb","upstreamId":"7958817337791488","id":"7958817346180096","createdAt":"2026-02-28T01:48:02.826Z","updatedAt":"2026-02-28T01:48:02.891Z","executionId":350684252274688}[39m workflowId=350684080308224
[32m2026-02-28 09:48:02 [info]  execution (350684252274688) run instruction [loop] for node (350684080308225) finished as status: 1[39m workflowId=350684080308224
[34m2026-02-28 09:48:02 [debug] result of node                              [39m data={"looped":2,"done":2}
[34m2026-02-28 09:48:02 [debug] branch ended at node (350684080308225)      [39m 
[32m2026-02-28 09:48:02 [info]  execution (350684252274688) exiting with status 1[39m workflowId=350684080308224
[32m2026-02-28 09:48:02 [info]  execution (350684252274688) finished with status: 1[39m 
[34m2026-02-28 09:48:02 [debug] execution (350684252274688) details:        [39m execution={"createdAt":"2026-02-28T01:48:02.811Z","id":350684252274688,"updatedAt":"2026-02-28T01:48:02.896Z","key":"dgo5777xeg4","eventKey":"435c77bd-e8e3-44a0-9406-1c7111227853","context":{"data":{"createdAt":"2026-02-28T01:47:53.267Z","updatedAt":"2026-02-28T01:47:53.270Z","defect_classification":"其他","defect":"图纸显示不全","defect_rank":"level1","priority":null,"id":350684233400320,"defect_status":"待修复","module":null,"f_jmazop48q5l":350684176777216,"createdById":1,"updatedById":1,"label":["延期"]}},"status":1,"dispatched":true,"stack":null,"output":null,"manually":null,"workflowId":350684080308224}
[32m2026-02-28 09:57:54 [info]  new event triggered, now events: 1          [39m 
[34m2026-02-28 09:57:54 [debug] event data:                                 [39m context={"data":{"createdAt":"2026-02-28T01:57:25.071Z","updatedAt":"2026-02-28T01:57:25.073Z","defect_classification":"其他","defect":"图纸模糊","defect_rank":"level3","priority":"P3","id":350685432971264,"defect_status":"待修复","module":null,"f_jmazop48q5l":350685315530752,"createdById":1,"updatedById":1,"label":["延期"]}}
[32m2026-02-28 09:57:54 [info]  new event triggered, now events: 2          [39m 
[34m2026-02-28 09:57:54 [debug] event data:                                 [39m context={"data":{"createdAt":"2026-02-28T01:57:38.518Z","updatedAt":"2026-02-28T01:57:38.521Z","defect_classification":"其他","defect":"图纸显示不全","defect_rank":"level2","priority":"P2","id":350685460234240,"defect_status":"待修复","module":null,"f_jmazop48q5l":350685315530752,"createdById":1,"updatedById":1,"label":["延期"]}}
[32m2026-02-28 09:57:54 [info]  new event is pending to be prepared after previous preparation is finished[39m 
[32m2026-02-28 09:57:54 [info]  preparing execution for event               [39m 
[32m2026-02-28 09:57:54 [info]  execution of workflow 350684080308224 created as 350685493788672[39m 
[32m2026-02-28 09:57:54 [info]  local pending list is empty, adding execution (350685493788672) to pending list[39m 
[32m2026-02-28 09:57:54 [info]  preparing execution for event               [39m 
[32m2026-02-28 09:57:54 [info]  execution of workflow 350684080308224 created as 350685493788673[39m 
[32m2026-02-28 09:57:54 [info]  instance is not serving as worker or local pending list is not empty, sending execution (350685493788673) to queue[39m 
[32m2026-02-28 09:57:54 [info]  pending execution (350685493788672) ready to process[39m 
[32m2026-02-28 09:57:54 [info]  execution (350685493788672) starting...     [39m 
[32m2026-02-28 09:57:54 [info]  execution (350685493788672) run instruction [query] for node (350684080308227)[39m workflowId=350684080308224
[34m2026-02-28 09:57:54 [debug] config of node                              [39m data={"multiple":true,"collection":"module_summaries","params":{"filter":{"$and":[]},"sort":[],"page":1,"pageSize":20,"appends":[]}} workflowId=350684080308224
[34m2026-02-28 09:57:54 [debug] job added to save list: {"result":[{"createdAt":"2026-02-28T01:56:31.774Z","updatedAt":"2026-02-28T01:57:38.689Z","id":350685319725056,"module_name":"工程图","level_1_count":"2","level_2_count":"1","level_3_count":"1","level_1_fixed":"2","level_2_fixed":"0","level_3_fixed":"0","p1_total":"2","p1_fixed":"2","p2_total":"1","p2_fixed":"0","p3_total":"1","p3_fixed":"0","total_closed":"2","total_delayed":"2","level_1_rollback":"1","level_1_hang":"0","level_1_other":"1","p1_closed":"2","open_count":"2","retest_failed_count":"0","module_total":"4","suggested_count":"0","p2_fixed_rate":0,"p3_fixed_rate":0,"p1_fixed_rate":100,"level_2_fixed_rate":0,"total_fixed":"2","fixed_unupdated":"0","level_3_fixed_rate":0,"level_1_fixed_rate":100,"p1_close_rate":100,"new_issue_total":"4","new_issue_fixed":"2","total_fixed_rate":50,"total_close_rate":50,"createdById":1,"updatedById":1},{"createdAt":"2026-02-28T01:56:33.446Z","updatedAt":"2026-02-28T01:57:38.805Z","id":350685323919360,"module_name":"草图","level_1_count":"1","level_2_count":"1","level_3_count":"1","level_1_fixed":"1","level_2_fixed":"0","level_3_fixed":"0","p1_total":"1","p1_fixed":"1","p2_total":"1","p2_fixed":"0","p3_total":"1","p3_fixed":"0","total_closed":"1","total_delayed":"2","level_1_rollback":"0","level_1_hang":"0","level_1_other":"1","p1_closed":"1","open_count":"2","retest_failed_count":"0","module_total":"3","suggested_count":"0","p2_fixed_rate":0,"p3_fixed_rate":0,"p1_fixed_rate":100,"level_2_fixed_rate":0,"total_fixed":"1","fixed_unupdated":"0","level_3_fixed_rate":0,"level_1_fixed_rate":100,"p1_close_rate":100,"new_issue_total":"3","new_issue_fixed":"1","total_fixed_rate":33.333333333,"total_close_rate":33.333333333,"createdById":1,"updatedById":1}],"status":1,"nodeId":350684080308227,"nodeKey":"xqb45m3d7w0","id":"7961298616734720","createdAt":"2026-02-28T01:57:54.407Z","updatedAt":"2026-02-28T01:57:54.407Z","executionId":350685493788672}[39m workflowId=350684080308224
[32m2026-02-28 09:57:54 [info]  execution (350685493788672) run instruction [query] for node (350684080308227) finished as status: 1[39m workflowId=350684080308224
[34m2026-02-28 09:57:54 [debug] result of node                              [39m data=[{"createdAt":"2026-02-28T01:56:31.774Z","updatedAt":"2026-02-28T01:57:38.689Z","id":350685319725056,"module_name":"工程图","level_1_count":"2","level_2_count":"1","level_3_count":"1","level_1_fixed":"2","level_2_fixed":"0","level_3_fixed":"0","p1_total":"2","p1_fixed":"2","p2_total":"1","p2_fixed":"0","p3_total":"1","p3_fixed":"0","total_closed":"2","total_delayed":"2","level_1_rollback":"1","level_1_hang":"0","level_1_other":"1","p1_closed":"2","open_count":"2","retest_failed_count":"0","module_total":"4","suggested_count":"0","p2_fixed_rate":0,"p3_fixed_rate":0,"p1_fixed_rate":100,"level_2_fixed_rate":0,"total_fixed":"2","fixed_unupdated":"0","level_3_fixed_rate":0,"level_1_fixed_rate":100,"p1_close_rate":100,"new_issue_total":"4","new_issue_fixed":"2","total_fixed_rate":50,"total_close_rate":50,"createdById":1,"updatedById":1},{"createdAt":"2026-02-28T01:56:33.446Z","updatedAt":"2026-02-28T01:57:38.805Z","id":350685323919360,"module_name":"草图","level_1_count":"1","level_2_count":"1","level_3_count":"1","level_1_fixed":"1","level_2_fixed":"0","level_3_fixed":"0","p1_total":"1","p1_fixed":"1","p2_total":"1","p2_fixed":"0","p3_total":"1","p3_fixed":"0","total_closed":"1","total_delayed":"2","level_1_rollback":"0","level_1_hang":"0","level_1_other":"1","p1_closed":"1","open_count":"2","retest_failed_count":"0","module_total":"3","suggested_count":"0","p2_fixed_rate":0,"p3_fixed_rate":0,"p1_fixed_rate":100,"level_2_fixed_rate":0,"total_fixed":"1","fixed_unupdated":"0","level_3_fixed_rate":0,"level_1_fixed_rate":100,"p1_close_rate":100,"new_issue_total":"3","new_issue_fixed":"1","total_fixed_rate":33.333333333,"total_close_rate":33.333333333,"createdById":1,"updatedById":1}]
[34m2026-02-28 09:57:54 [debug] run next node (350684080308225)             [39m 
[32m2026-02-28 09:57:54 [info]  execution (350685493788672) run instruction [loop] for node (350684080308225)[39m workflowId=350684080308224
[34m2026-02-28 09:57:54 [debug] config of node                              [39m data={"target":"{{$jobsMapByNodeKey.xqb45m3d7w0}}","condition":false,"exit":0} workflowId=350684080308224
[34m2026-02-28 09:57:54 [debug] job added to save list: {"status":0,"result":{"looped":0,"done":0},"nodeId":350684080308225,"nodeKey":"4gilbixctsb","upstreamId":"7961298616734720","id":"7961298629317632","createdAt":"2026-02-28T01:57:54.410Z","updatedAt":"2026-02-28T01:57:54.410Z","executionId":350685493788672}[39m workflowId=350684080308224
[32m2026-02-28 09:57:54 [info]  execution (350685493788672) run instruction [aggregate] for node (350684080308229)[39m workflowId=350684080308224
[34m2026-02-28 09:57:54 [debug] config of node                              [39m data={"aggregator":"count","associated":false,"params":{"field":"id","filter":{"$and":[{"defect_rank":{"$eq":"level1"}},{"label":{"$noneOf":["功能屏蔽","已拒绝","建议"]}},{"module_ref":{"id":{"$eq":"{{$scopes.4gilbixctsb.item.id}}"}}},{"$or":[{"defect_status":{"$ne":"已关闭"}},{"label":{"$noneOf":["申请否决","数据异常","设计如此"]}}]}]}},"precision":2,"collection":"defects"} workflowId=350684080308224
[34m2026-02-28 09:57:54 [debug] job added to save list: {"result":2,"status":1,"nodeId":350684080308229,"nodeKey":"4w8yvz144ck","id":"7961298646094848","createdAt":"2026-02-28T01:57:54.414Z","updatedAt":"2026-02-28T01:57:54.414Z","executionId":350685493788672}[39m workflowId=350684080308224
[32m2026-02-28 09:57:54 [info]  execution (350685493788672) run instruction [aggregate] for node (350684080308229) finished as status: 1[39m workflowId=350684080308224
[34m2026-02-28 09:57:54 [debug] result of node                              [39m data=2
[34m2026-02-28 09:57:54 [debug] run next node (350684080308230)             [39m 
[32m2026-02-28 09:57:54 [info]  execution (350685493788672) run instruction [aggregate] for node (350684080308230)[39m workflowId=350684080308224
[34m2026-02-28 09:57:54 [debug] config of node                              [39m data={"aggregator":"count","associated":false,"params":{"field":"id","filter":{"$and":[{"defect_rank":{"$eq":"level1"}},{"label":{"$noneOf":["功能屏蔽","已拒绝","建议"]}},{"$or":[{"label":{"$anyOf":["已修复","待合并"]}},{"$and":[{"label":{"$anyOf":["未复现"]}},{"defect_status":{"$eq":"已关闭"}}]}]},{"module_ref":{"id":{"$eq":"{{$scopes.4gilbixctsb.item.id}}"}}},{"$or":[{"defect_status":{"$ne":"已关闭"}},{"label":{"$noneOf":["申请否决","数据异常","设计如此"]}}]}]}},"precision":2,"collection":"defects"} workflowId=350684080308224
[34m2026-02-28 09:57:54 [debug] job added to save list: {"result":2,"status":1,"nodeId":350684080308230,"nodeKey":"kulk5djdvpv","id":"7961298662872064","createdAt":"2026-02-28T01:57:54.418Z","updatedAt":"2026-02-28T01:57:54.418Z","executionId":350685493788672}[39m workflowId=350684080308224
[32m2026-02-28 09:57:54 [info]  execution (350685493788672) run instruction [aggregate] for node (350684080308230) finished as status: 1[39m workflowId=350684080308224
[34m2026-02-28 09:57:54 [debug] result of node                              [39m data=2
[34m2026-02-28 09:57:54 [debug] run next node (350684080308231)             [39m 
[32m2026-02-28 09:57:54 [info]  execution (350685493788672) run instruction [aggregate] for node (350684080308231)[39m workflowId=350684080308224
[34m2026-02-28 09:57:54 [debug] config of node                              [39m data={"aggregator":"count","associated":false,"params":{"field":"id","filter":{"$and":[{"f_jmazop48q5l":{"$eq":"{{$scopes.4gilbixctsb.item.id}}"}}]}},"precision":2,"collection":"defects"} workflowId=350684080308224
[34m2026-02-28 09:57:54 [debug] job added to save list: {"result":0,"status":1,"nodeId":350684080308231,"nodeKey":"h2ekftbq9fi","id":"7961298675454976","createdAt":"2026-02-28T01:57:54.421Z","updatedAt":"2026-02-28T01:57:54.421Z","executionId":350685493788672}[39m workflowId=350684080308224
[32m2026-02-28 09:57:54 [info]  execution (350685493788672) run instruction [aggregate] for node (350684080308231) finished as status: 1[39m workflowId=350684080308224
[34m2026-02-28 09:57:54 [debug] result of node                              [39m 
[34m2026-02-28 09:57:54 [debug] run next node (350684080308228)             [39m 
[32m2026-02-28 09:57:54 [info]  execution (350685493788672) run instruction [update] for node (350684080308228)[39m workflowId=350684080308224
[34m2026-02-28 09:57:54 [debug] config of node                              [39m data={"usingAssignFormSchema":true,"assignFormSchema":{"_isJSONSchemaObject":true,"version":"2.0","name":"jyyremi03il","type":"void","x-component":"Grid","x-initializer":"assignFieldValuesForm:configureFields","properties":{"tu9fxkpcp21":{"_isJSONSchemaObject":true,"version":"2.0","type":"void","x-component":"Grid.Row","properties":{"abf9nd8110z":{"_isJSONSchemaObject":true,"version":"2.0","type":"void","x-component":"Grid.Col","properties":{"level_1_count":{"_isJSONSchemaObject":true,"version":"2.0","type":"string","name":"level_1_count","x-toolbar":"FormItemSchemaToolbar","x-settings":"fieldSettings:FormItem","x-component":"AssignedField","x-decorator":"FormItem","x-collection-field":"module_summaries.level_1_count"}},"name":"abf9nd8110z"}},"name":"tu9fxkpcp21"},"wzwaxbctt38":{"_isJSONSchemaObject":true,"version":"2.0","type":"void","x-component":"Grid.Row","properties":{"0b4nu6pji2k":{"_isJSONSchemaObject":true,"version":"2.0","type":"void","x-component":"Grid.Col","properties":{"level_1_fixed":{"_isJSONSchemaObject":true,"version":"2.0","type":"string","name":"level_1_fixed","x-toolbar":"FormItemSchemaToolbar","x-settings":"fieldSettings:FormItem","x-component":"AssignedField","x-decorator":"FormItem","x-collection-field":"module_summaries.level_1_fixed"}},"name":"0b4nu6pji2k"}},"name":"wzwaxbctt38"}}},"collection":"module_summaries","params":{"individualHooks":false,"filter":{"$and":[{"id":{"$eq":"{{$scopes.4gilbixctsb.item.id}}"}}]},"values":{"level_1_count":"{{$jobsMapByNodeKey.4w8yvz144ck}}","level_1_fixed":"{{$jobsMapByNodeKey.kulk5djdvpv}}"}}} workflowId=350684080308224
[34m2026-02-28 09:57:54 [debug] job added to save list: {"result":1,"status":1,"nodeId":350684080308228,"nodeKey":"8i18sx31ff1","id":"7961298696426496","createdAt":"2026-02-28T01:57:54.426Z","updatedAt":"2026-02-28T01:57:54.426Z","executionId":350685493788672}[39m workflowId=350684080308224
[32m2026-02-28 09:57:54 [info]  execution (350685493788672) run instruction [update] for node (350684080308228) finished as status: 1[39m workflowId=350684080308224
[34m2026-02-28 09:57:54 [debug] result of node                              [39m data=1
[34m2026-02-28 09:57:54 [debug] run next node (350684080308226)             [39m 
[32m2026-02-28 09:57:54 [info]  execution (350685493788672) run instruction [update] for node (350684080308226)[39m workflowId=350684080308224
[34m2026-02-28 09:57:54 [debug] config of node                              [39m data={"usingAssignFormSchema":true,"assignFormSchema":{"_isJSONSchemaObject":true,"version":"2.0","name":"di3fhm8a919","type":"void","x-component":"Grid","x-initializer":"assignFieldValuesForm:configureFields","properties":{"gurgivk3fas":{"_isJSONSchemaObject":true,"version":"2.0","type":"void","x-component":"Grid.Row","properties":{"ira5e8uf78u":{"_isJSONSchemaObject":true,"version":"2.0","type":"void","x-component":"Grid.Col","properties":{"total_defect":{"_isJSONSchemaObject":true,"version":"2.0","type":"string","name":"total_defect","x-toolbar":"FormItemSchemaToolbar","x-settings":"fieldSettings:FormItem","x-component":"AssignedField","x-decorator":"FormItem","x-collection-field":"collection_quality.total_defect"}},"name":"ira5e8uf78u"}},"name":"gurgivk3fas"}}},"collection":"collection_quality","params":{"individualHooks":false,"filter":{"$and":[{"id":{"$eq":"{{$context.data.f_jmazop48q5l}}"}}]},"values":{"total_defect":"{{$jobsMapByNodeKey.h2ekftbq9fi}}"}}} workflowId=350684080308224
[34m2026-02-28 09:57:54 [debug] job added to save list: {"result":1,"status":1,"nodeId":350684080308226,"nodeKey":"8w8f01dhav8","id":"7961298709009408","createdAt":"2026-02-28T01:57:54.429Z","updatedAt":"2026-02-28T01:57:54.429Z","executionId":350685493788672}[39m workflowId=350684080308224
[32m2026-02-28 09:57:54 [info]  execution (350685493788672) run instruction [update] for node (350684080308226) finished as status: 1[39m workflowId=350684080308224
[34m2026-02-28 09:57:54 [debug] result of node                              [39m data=1
[34m2026-02-28 09:57:54 [debug] branch ended at node (350684080308226)      [39m 
[34m2026-02-28 09:57:54 [debug] not on main, recall to parent entry node (350684080308226)})[39m workflowId=350684080308224
[32m2026-02-28 09:57:54 [info]  execution (350685493788672) resume instruction [loop] for node (350684080308225)[39m workflowId=350684080308224
[34m2026-02-28 09:57:54 [debug] config of node                              [39m data={"target":"{{$jobsMapByNodeKey.xqb45m3d7w0}}","condition":false,"exit":0} workflowId=350684080308224
[34m2026-02-28 09:57:54 [debug] job added to save list: {"status":0,"result":{"looped":1,"done":1},"nodeId":350684080308225,"nodeKey":"4gilbixctsb","upstreamId":"7961298616734720","id":"7961298629317632","createdAt":"2026-02-28T01:57:54.410Z","updatedAt":"2026-02-28T01:57:54.430Z","executionId":350685493788672}[39m workflowId=350684080308224
[32m2026-02-28 09:57:54 [info]  execution (350685493788672) run instruction [aggregate] for node (350684080308229)[39m workflowId=350684080308224
[34m2026-02-28 09:57:54 [debug] config of node                              [39m data={"aggregator":"count","associated":false,"params":{"field":"id","filter":{"$and":[{"defect_rank":{"$eq":"level1"}},{"label":{"$noneOf":["功能屏蔽","已拒绝","建议"]}},{"module_ref":{"id":{"$eq":"{{$scopes.4gilbixctsb.item.id}}"}}},{"$or":[{"defect_status":{"$ne":"已关闭"}},{"label":{"$noneOf":["申请否决","数据异常","设计如此"]}}]}]}},"precision":2,"collection":"defects"} workflowId=350684080308224
[34m2026-02-28 09:57:54 [debug] job added to save list: {"result":1,"status":1,"nodeId":350684080308229,"nodeKey":"4w8yvz144ck","id":"7961298725786624","createdAt":"2026-02-28T01:57:54.433Z","updatedAt":"2026-02-28T01:57:54.433Z","executionId":350685493788672}[39m workflowId=350684080308224
[32m2026-02-28 09:57:54 [info]  execution (350685493788672) run instruction [aggregate] for node (350684080308229) finished as status: 1[39m workflowId=350684080308224
[34m2026-02-28 09:57:54 [debug] result of node                              [39m data=1
[34m2026-02-28 09:57:54 [debug] run next node (350684080308230)             [39m 
[32m2026-02-28 09:57:54 [info]  execution (350685493788672) run instruction [aggregate] for node (350684080308230)[39m workflowId=350684080308224
[34m2026-02-28 09:57:54 [debug] config of node                              [39m data={"aggregator":"count","associated":false,"params":{"field":"id","filter":{"$and":[{"defect_rank":{"$eq":"level1"}},{"label":{"$noneOf":["功能屏蔽","已拒绝","建议"]}},{"$or":[{"label":{"$anyOf":["已修复","待合并"]}},{"$and":[{"label":{"$anyOf":["未复现"]}},{"defect_status":{"$eq":"已关闭"}}]}]},{"module_ref":{"id":{"$eq":"{{$scopes.4gilbixctsb.item.id}}"}}},{"$or":[{"defect_status":{"$ne":"已关闭"}},{"label":{"$noneOf":["申请否决","数据异常","设计如此"]}}]}]}},"precision":2,"collection":"defects"} workflowId=350684080308224
[34m2026-02-28 09:57:54 [debug] job added to save list: {"result":1,"status":1,"nodeId":350684080308230,"nodeKey":"kulk5djdvpv","id":"7961298746758144","createdAt":"2026-02-28T01:57:54.438Z","updatedAt":"2026-02-28T01:57:54.438Z","executionId":350685493788672}[39m workflowId=350684080308224
[32m2026-02-28 09:57:54 [info]  execution (350685493788672) run instruction [aggregate] for node (350684080308230) finished as status: 1[39m workflowId=350684080308224
[34m2026-02-28 09:57:54 [debug] result of node                              [39m data=1
[34m2026-02-28 09:57:54 [debug] run next node (350684080308231)             [39m 
[32m2026-02-28 09:57:54 [info]  execution (350685493788672) run instruction [aggregate] for node (350684080308231)[39m workflowId=350684080308224
[34m2026-02-28 09:57:54 [debug] config of node                              [39m data={"aggregator":"count","associated":false,"params":{"field":"id","filter":{"$and":[{"f_jmazop48q5l":{"$eq":"{{$scopes.4gilbixctsb.item.id}}"}}]}},"precision":2,"collection":"defects"} workflowId=350684080308224
[34m2026-02-28 09:57:54 [debug] job added to save list: {"result":0,"status":1,"nodeId":350684080308231,"nodeKey":"h2ekftbq9fi","id":"7961298755146752","createdAt":"2026-02-28T01:57:54.440Z","updatedAt":"2026-02-28T01:57:54.440Z","executionId":350685493788672}[39m workflowId=350684080308224
[32m2026-02-28 09:57:54 [info]  execution (350685493788672) run instruction [aggregate] for node (350684080308231) finished as status: 1[39m workflowId=350684080308224
[34m2026-02-28 09:57:54 [debug] result of node                              [39m 
[34m2026-02-28 09:57:54 [debug] run next node (350684080308228)             [39m 
[32m2026-02-28 09:57:54 [info]  execution (350685493788672) run instruction [update] for node (350684080308228)[39m workflowId=350684080308224
[34m2026-02-28 09:57:54 [debug] config of node                              [39m data={"usingAssignFormSchema":true,"assignFormSchema":{"_isJSONSchemaObject":true,"version":"2.0","name":"jyyremi03il","type":"void","x-component":"Grid","x-initializer":"assignFieldValuesForm:configureFields","properties":{"tu9fxkpcp21":{"_isJSONSchemaObject":true,"version":"2.0","type":"void","x-component":"Grid.Row","properties":{"abf9nd8110z":{"_isJSONSchemaObject":true,"version":"2.0","type":"void","x-component":"Grid.Col","properties":{"level_1_count":{"_isJSONSchemaObject":true,"version":"2.0","type":"string","name":"level_1_count","x-toolbar":"FormItemSchemaToolbar","x-settings":"fieldSettings:FormItem","x-component":"AssignedField","x-decorator":"FormItem","x-collection-field":"module_summaries.level_1_count"}},"name":"abf9nd8110z"}},"name":"tu9fxkpcp21"},"wzwaxbctt38":{"_isJSONSchemaObject":true,"version":"2.0","type":"void","x-component":"Grid.Row","properties":{"0b4nu6pji2k":{"_isJSONSchemaObject":true,"version":"2.0","type":"void","x-component":"Grid.Col","properties":{"level_1_fixed":{"_isJSONSchemaObject":true,"version":"2.0","type":"string","name":"level_1_fixed","x-toolbar":"FormItemSchemaToolbar","x-settings":"fieldSettings:FormItem","x-component":"AssignedField","x-decorator":"FormItem","x-collection-field":"module_summaries.level_1_fixed"}},"name":"0b4nu6pji2k"}},"name":"wzwaxbctt38"}}},"collection":"module_summaries","params":{"individualHooks":false,"filter":{"$and":[{"id":{"$eq":"{{$scopes.4gilbixctsb.item.id}}"}}]},"values":{"level_1_count":"{{$jobsMapByNodeKey.4w8yvz144ck}}","level_1_fixed":"{{$jobsMapByNodeKey.kulk5djdvpv}}"}}} workflowId=350684080308224
[34m2026-02-28 09:57:54 [debug] job added to save list: {"result":1,"status":1,"nodeId":350684080308228,"nodeKey":"8i18sx31ff1","id":"7961298788701184","createdAt":"2026-02-28T01:57:54.448Z","updatedAt":"2026-02-28T01:57:54.448Z","executionId":350685493788672}[39m workflowId=350684080308224
[32m2026-02-28 09:57:54 [info]  execution (350685493788672) run instruction [update] for node (350684080308228) finished as status: 1[39m workflowId=350684080308224
[34m2026-02-28 09:57:54 [debug] result of node                              [39m data=1
[34m2026-02-28 09:57:54 [debug] run next node (350684080308226)             [39m 
[32m2026-02-28 09:57:54 [info]  execution (350685493788672) run instruction [update] for node (350684080308226)[39m workflowId=350684080308224
[34m2026-02-28 09:57:54 [debug] config of node                              [39m data={"usingAssignFormSchema":true,"assignFormSchema":{"_isJSONSchemaObject":true,"version":"2.0","name":"di3fhm8a919","type":"void","x-component":"Grid","x-initializer":"assignFieldValuesForm:configureFields","properties":{"gurgivk3fas":{"_isJSONSchemaObject":true,"version":"2.0","type":"void","x-component":"Grid.Row","properties":{"ira5e8uf78u":{"_isJSONSchemaObject":true,"version":"2.0","type":"void","x-component":"Grid.Col","properties":{"total_defect":{"_isJSONSchemaObject":true,"version":"2.0","type":"string","name":"total_defect","x-toolbar":"FormItemSchemaToolbar","x-settings":"fieldSettings:FormItem","x-component":"AssignedField","x-decorator":"FormItem","x-collection-field":"collection_quality.total_defect"}},"name":"ira5e8uf78u"}},"name":"gurgivk3fas"}}},"collection":"collection_quality","params":{"individualHooks":false,"filter":{"$and":[{"id":{"$eq":"{{$context.data.f_jmazop48q5l}}"}}]},"values":{"total_defect":"{{$jobsMapByNodeKey.h2ekftbq9fi}}"}}} workflowId=350684080308224
[34m2026-02-28 09:57:54 [debug] job added to save list: {"result":1,"status":1,"nodeId":350684080308226,"nodeKey":"8w8f01dhav8","id":"7961298801284096","createdAt":"2026-02-28T01:57:54.451Z","updatedAt":"2026-02-28T01:57:54.451Z","executionId":350685493788672}[39m workflowId=350684080308224
[32m2026-02-28 09:57:54 [info]  execution (350685493788672) run instruction [update] for node (350684080308226) finished as status: 1[39m workflowId=350684080308224
[34m2026-02-28 09:57:54 [debug] result of node                              [39m data=1
[34m2026-02-28 09:57:54 [debug] branch ended at node (350684080308226)      [39m 
[34m2026-02-28 09:57:54 [debug] not on main, recall to parent entry node (350684080308226)})[39m workflowId=350684080308224
[32m2026-02-28 09:57:54 [info]  execution (350685493788672) resume instruction [loop] for node (350684080308225)[39m workflowId=350684080308224
[34m2026-02-28 09:57:54 [debug] config of node                              [39m data={"target":"{{$jobsMapByNodeKey.xqb45m3d7w0}}","condition":false,"exit":0} workflowId=350684080308224
[34m2026-02-28 09:57:54 [debug] job added to save list: {"status":0,"result":{"looped":2,"done":2},"nodeId":350684080308225,"nodeKey":"4gilbixctsb","upstreamId":"7961298616734720","id":"7961298629317632","createdAt":"2026-02-28T01:57:54.410Z","updatedAt":"2026-02-28T01:57:54.453Z","executionId":350685493788672}[39m workflowId=350684080308224
[34m2026-02-28 09:57:54 [debug] job added to save list: {"status":1,"result":{"looped":2,"done":2},"nodeId":350684080308225,"nodeKey":"4gilbixctsb","upstreamId":"7961298616734720","id":"7961298629317632","createdAt":"2026-02-28T01:57:54.410Z","updatedAt":"2026-02-28T01:57:54.453Z","executionId":350685493788672}[39m workflowId=350684080308224
[32m2026-02-28 09:57:54 [info]  execution (350685493788672) run instruction [loop] for node (350684080308225) finished as status: 1[39m workflowId=350684080308224
[34m2026-02-28 09:57:54 [debug] result of node                              [39m data={"looped":2,"done":2}
[34m2026-02-28 09:57:54 [debug] branch ended at node (350684080308225)      [39m 
[32m2026-02-28 09:57:54 [info]  execution (350685493788672) exiting with status 1[39m workflowId=350684080308224
[32m2026-02-28 09:57:54 [info]  execution (350685493788672) finished with status: 1[39m 
[34m2026-02-28 09:57:54 [debug] execution (350685493788672) details:        [39m execution={"createdAt":"2026-02-28T01:57:54.342Z","id":350685493788672,"updatedAt":"2026-02-28T01:57:54.457Z","key":"dgo5777xeg4","eventKey":"5cdfffa3-dcac-4f1f-94a2-692615ca3f34","context":{"data":{"createdAt":"2026-02-28T01:57:25.071Z","updatedAt":"2026-02-28T01:57:25.073Z","defect_classification":"其他","defect":"图纸模糊","defect_rank":"level3","priority":"P3","id":350685432971264,"defect_status":"待修复","module":null,"f_jmazop48q5l":350685315530752,"createdById":1,"updatedById":1,"label":["延期"]}},"status":1,"dispatched":true,"stack":null,"output":null,"manually":null,"workflowId":350684080308224}
[32m2026-02-28 09:57:54 [info]  execution (350685493788673) fetched from db [39m 
[32m2026-02-28 09:57:54 [info]  execution (350685493788673) starting...     [39m 
[32m2026-02-28 09:57:54 [info]  execution (350685493788673) run instruction [query] for node (350684080308227)[39m workflowId=350684080308224
[34m2026-02-28 09:57:54 [debug] config of node                              [39m data={"multiple":true,"collection":"module_summaries","params":{"filter":{"$and":[]},"sort":[],"page":1,"pageSize":20,"appends":[]}} workflowId=350684080308224
[34m2026-02-28 09:57:54 [debug] job added to save list: {"result":[{"createdAt":"2026-02-28T01:56:31.774Z","updatedAt":"2026-02-28T01:57:54.424Z","id":350685319725056,"module_name":"工程图","level_1_count":"2","level_2_count":"1","level_3_count":"1","level_1_fixed":"2","level_2_fixed":"0","level_3_fixed":"0","p1_total":"2","p1_fixed":"2","p2_total":"1","p2_fixed":"0","p3_total":"1","p3_fixed":"0","total_closed":"2","total_delayed":"2","level_1_rollback":"1","level_1_hang":"0","level_1_other":"1","p1_closed":"2","open_count":"2","retest_failed_count":"0","module_total":"4","suggested_count":"0","p2_fixed_rate":0,"p3_fixed_rate":0,"p1_fixed_rate":100,"level_2_fixed_rate":0,"total_fixed":"2","fixed_unupdated":"0","level_3_fixed_rate":0,"level_1_fixed_rate":100,"p1_close_rate":100,"new_issue_total":"4","new_issue_fixed":"2","total_fixed_rate":50,"total_close_rate":50,"createdById":1,"updatedById":1},{"createdAt":"2026-02-28T01:56:33.446Z","updatedAt":"2026-02-28T01:57:54.442Z","id":350685323919360,"module_name":"草图","level_1_count":"1","level_2_count":"1","level_3_count":"1","level_1_fixed":"1","level_2_fixed":"0","level_3_fixed":"0","p1_total":"1","p1_fixed":"1","p2_total":"1","p2_fixed":"0","p3_total":"1","p3_fixed":"0","total_closed":"1","total_delayed":"2","level_1_rollback":"0","level_1_hang":"0","level_1_other":"1","p1_closed":"1","open_count":"2","retest_failed_count":"0","module_total":"3","suggested_count":"0","p2_fixed_rate":0,"p3_fixed_rate":0,"p1_fixed_rate":100,"level_2_fixed_rate":0,"total_fixed":"1","fixed_unupdated":"0","level_3_fixed_rate":0,"level_1_fixed_rate":100,"p1_close_rate":100,"new_issue_total":"3","new_issue_fixed":"1","total_fixed_rate":33.333333333,"total_close_rate":33.333333333,"createdById":1,"updatedById":1}],"status":1,"nodeId":350684080308227,"nodeKey":"xqb45m3d7w0","id":"7961298864198656","createdAt":"2026-02-28T01:57:54.466Z","updatedAt":"2026-02-28T01:57:54.466Z","executionId":350685493788673}[39m workflowId=350684080308224
[32m2026-02-28 09:57:54 [info]  execution (350685493788673) run instruction [query] for node (350684080308227) finished as status: 1[39m workflowId=350684080308224
[34m2026-02-28 09:57:54 [debug] result of node                              [39m data=[{"createdAt":"2026-02-28T01:56:31.774Z","updatedAt":"2026-02-28T01:57:54.424Z","id":350685319725056,"module_name":"工程图","level_1_count":"2","level_2_count":"1","level_3_count":"1","level_1_fixed":"2","level_2_fixed":"0","level_3_fixed":"0","p1_total":"2","p1_fixed":"2","p2_total":"1","p2_fixed":"0","p3_total":"1","p3_fixed":"0","total_closed":"2","total_delayed":"2","level_1_rollback":"1","level_1_hang":"0","level_1_other":"1","p1_closed":"2","open_count":"2","retest_failed_count":"0","module_total":"4","suggested_count":"0","p2_fixed_rate":0,"p3_fixed_rate":0,"p1_fixed_rate":100,"level_2_fixed_rate":0,"total_fixed":"2","fixed_unupdated":"0","level_3_fixed_rate":0,"level_1_fixed_rate":100,"p1_close_rate":100,"new_issue_total":"4","new_issue_fixed":"2","total_fixed_rate":50,"total_close_rate":50,"createdById":1,"updatedById":1},{"createdAt":"2026-02-28T01:56:33.446Z","updatedAt":"2026-02-28T01:57:54.442Z","id":350685323919360,"module_name":"草图","level_1_count":"1","level_2_count":"1","level_3_count":"1","level_1_fixed":"1","level_2_fixed":"0","level_3_fixed":"0","p1_total":"1","p1_fixed":"1","p2_total":"1","p2_fixed":"0","p3_total":"1","p3_fixed":"0","total_closed":"1","total_delayed":"2","level_1_rollback":"0","level_1_hang":"0","level_1_other":"1","p1_closed":"1","open_count":"2","retest_failed_count":"0","module_total":"3","suggested_count":"0","p2_fixed_rate":0,"p3_fixed_rate":0,"p1_fixed_rate":100,"level_2_fixed_rate":0,"total_fixed":"1","fixed_unupdated":"0","level_3_fixed_rate":0,"level_1_fixed_rate":100,"p1_close_rate":100,"new_issue_total":"3","new_issue_fixed":"1","total_fixed_rate":33.333333333,"total_close_rate":33.333333333,"createdById":1,"updatedById":1}]
[34m2026-02-28 09:57:54 [debug] run next node (350684080308225)             [39m 
[32m2026-02-28 09:57:54 [info]  execution (350685493788673) run instruction [loop] for node (350684080308225)[39m workflowId=350684080308224
[34m2026-02-28 09:57:54 [debug] config of node                              [39m data={"target":"{{$jobsMapByNodeKey.xqb45m3d7w0}}","condition":false,"exit":0} workflowId=350684080308224
[34m2026-02-28 09:57:54 [debug] job added to save list: {"status":0,"result":{"looped":0,"done":0},"nodeId":350684080308225,"nodeKey":"4gilbixctsb","upstreamId":"7961298864198656","id":"7961298876781568","createdAt":"2026-02-28T01:57:54.469Z","updatedAt":"2026-02-28T01:57:54.469Z","executionId":350685493788673}[39m workflowId=350684080308224
[32m2026-02-28 09:57:54 [info]  execution (350685493788673) run instruction [aggregate] for node (350684080308229)[39m workflowId=350684080308224
[34m2026-02-28 09:57:54 [debug] config of node                              [39m data={"aggregator":"count","associated":false,"params":{"field":"id","filter":{"$and":[{"defect_rank":{"$eq":"level1"}},{"label":{"$noneOf":["功能屏蔽","已拒绝","建议"]}},{"module_ref":{"id":{"$eq":"{{$scopes.4gilbixctsb.item.id}}"}}},{"$or":[{"defect_status":{"$ne":"已关闭"}},{"label":{"$noneOf":["申请否决","数据异常","设计如此"]}}]}]}},"precision":2,"collection":"defects"} workflowId=350684080308224
[34m2026-02-28 09:57:54 [debug] job added to save list: {"result":2,"status":1,"nodeId":350684080308229,"nodeKey":"4w8yvz144ck","id":"7961298893558784","createdAt":"2026-02-28T01:57:54.473Z","updatedAt":"2026-02-28T01:57:54.473Z","executionId":350685493788673}[39m workflowId=350684080308224
[32m2026-02-28 09:57:54 [info]  execution (350685493788673) run instruction [aggregate] for node (350684080308229) finished as status: 1[39m workflowId=350684080308224
[34m2026-02-28 09:57:54 [debug] result of node                              [39m data=2
[34m2026-02-28 09:57:54 [debug] run next node (350684080308230)             [39m 
[32m2026-02-28 09:57:54 [info]  execution (350685493788673) run instruction [aggregate] for node (350684080308230)[39m workflowId=350684080308224
[34m2026-02-28 09:57:54 [debug] config of node                              [39m data={"aggregator":"count","associated":false,"params":{"field":"id","filter":{"$and":[{"defect_rank":{"$eq":"level1"}},{"label":{"$noneOf":["功能屏蔽","已拒绝","建议"]}},{"$or":[{"label":{"$anyOf":["已修复","待合并"]}},{"$and":[{"label":{"$anyOf":["未复现"]}},{"defect_status":{"$eq":"已关闭"}}]}]},{"module_ref":{"id":{"$eq":"{{$scopes.4gilbixctsb.item.id}}"}}},{"$or":[{"defect_status":{"$ne":"已关闭"}},{"label":{"$noneOf":["申请否决","数据异常","设计如此"]}}]}]}},"precision":2,"collection":"defects"} workflowId=350684080308224
[34m2026-02-28 09:57:54 [debug] job added to save list: {"result":2,"status":1,"nodeId":350684080308230,"nodeKey":"kulk5djdvpv","id":"7961298918724608","createdAt":"2026-02-28T01:57:54.479Z","updatedAt":"2026-02-28T01:57:54.479Z","executionId":350685493788673}[39m workflowId=350684080308224
[32m2026-02-28 09:57:54 [info]  execution (350685493788673) run instruction [aggregate] for node (350684080308230) finished as status: 1[39m workflowId=350684080308224
[34m2026-02-28 09:57:54 [debug] result of node                              [39m data=2
[34m2026-02-28 09:57:54 [debug] run next node (350684080308231)             [39m 
[32m2026-02-28 09:57:54 [info]  execution (350685493788673) run instruction [aggregate] for node (350684080308231)[39m workflowId=350684080308224
[34m2026-02-28 09:57:54 [debug] config of node                              [39m data={"aggregator":"count","associated":false,"params":{"field":"id","filter":{"$and":[{"f_jmazop48q5l":{"$eq":"{{$scopes.4gilbixctsb.item.id}}"}}]}},"precision":2,"collection":"defects"} workflowId=350684080308224
[34m2026-02-28 09:57:54 [debug] job added to save list: {"result":0,"status":1,"nodeId":350684080308231,"nodeKey":"h2ekftbq9fi","id":"7961298931307520","createdAt":"2026-02-28T01:57:54.482Z","updatedAt":"2026-02-28T01:57:54.482Z","executionId":350685493788673}[39m workflowId=350684080308224
[32m2026-02-28 09:57:54 [info]  execution (350685493788673) run instruction [aggregate] for node (350684080308231) finished as status: 1[39m workflowId=350684080308224
[34m2026-02-28 09:57:54 [debug] result of node                              [39m 
[34m2026-02-28 09:57:54 [debug] run next node (350684080308228)             [39m 
[32m2026-02-28 09:57:54 [info]  execution (350685493788673) run instruction [update] for node (350684080308228)[39m workflowId=350684080308224
[34m2026-02-28 09:57:54 [debug] config of node                              [39m data={"usingAssignFormSchema":true,"assignFormSchema":{"_isJSONSchemaObject":true,"version":"2.0","name":"jyyremi03il","type":"void","x-component":"Grid","x-initializer":"assignFieldValuesForm:configureFields","properties":{"tu9fxkpcp21":{"_isJSONSchemaObject":true,"version":"2.0","type":"void","x-component":"Grid.Row","properties":{"abf9nd8110z":{"_isJSONSchemaObject":true,"version":"2.0","type":"void","x-component":"Grid.Col","properties":{"level_1_count":{"_isJSONSchemaObject":true,"version":"2.0","type":"string","name":"level_1_count","x-toolbar":"FormItemSchemaToolbar","x-settings":"fieldSettings:FormItem","x-component":"AssignedField","x-decorator":"FormItem","x-collection-field":"module_summaries.level_1_count"}},"name":"abf9nd8110z"}},"name":"tu9fxkpcp21"},"wzwaxbctt38":{"_isJSONSchemaObject":true,"version":"2.0","type":"void","x-component":"Grid.Row","properties":{"0b4nu6pji2k":{"_isJSONSchemaObject":true,"version":"2.0","type":"void","x-component":"Grid.Col","properties":{"level_1_fixed":{"_isJSONSchemaObject":true,"version":"2.0","type":"string","name":"level_1_fixed","x-toolbar":"FormItemSchemaToolbar","x-settings":"fieldSettings:FormItem","x-component":"AssignedField","x-decorator":"FormItem","x-collection-field":"module_summaries.level_1_fixed"}},"name":"0b4nu6pji2k"}},"name":"wzwaxbctt38"}}},"collection":"module_summaries","params":{"individualHooks":false,"filter":{"$and":[{"id":{"$eq":"{{$scopes.4gilbixctsb.item.id}}"}}]},"values":{"level_1_count":"{{$jobsMapByNodeKey.4w8yvz144ck}}","level_1_fixed":"{{$jobsMapByNodeKey.kulk5djdvpv}}"}}} workflowId=350684080308224
[34m2026-02-28 09:57:54 [debug] job added to save list: {"result":1,"status":1,"nodeId":350684080308228,"nodeKey":"8i18sx31ff1","id":"7961298952279040","createdAt":"2026-02-28T01:57:54.487Z","updatedAt":"2026-02-28T01:57:54.487Z","executionId":350685493788673}[39m workflowId=350684080308224
[32m2026-02-28 09:57:54 [info]  execution (350685493788673) run instruction [update] for node (350684080308228) finished as status: 1[39m workflowId=350684080308224
[34m2026-02-28 09:57:54 [debug] result of node                              [39m data=1
[34m2026-02-28 09:57:54 [debug] run next node (350684080308226)             [39m 
[32m2026-02-28 09:57:54 [info]  execution (350685493788673) run instruction [update] for node (350684080308226)[39m workflowId=350684080308224
[34m2026-02-28 09:57:54 [debug] config of node                              [39m data={"usingAssignFormSchema":true,"assignFormSchema":{"_isJSONSchemaObject":true,"version":"2.0","name":"di3fhm8a919","type":"void","x-component":"Grid","x-initializer":"assignFieldValuesForm:configureFields","properties":{"gurgivk3fas":{"_isJSONSchemaObject":true,"version":"2.0","type":"void","x-component":"Grid.Row","properties":{"ira5e8uf78u":{"_isJSONSchemaObject":true,"version":"2.0","type":"void","x-component":"Grid.Col","properties":{"total_defect":{"_isJSONSchemaObject":true,"version":"2.0","type":"string","name":"total_defect","x-toolbar":"FormItemSchemaToolbar","x-settings":"fieldSettings:FormItem","x-component":"AssignedField","x-decorator":"FormItem","x-collection-field":"collection_quality.total_defect"}},"name":"ira5e8uf78u"}},"name":"gurgivk3fas"}}},"collection":"collection_quality","params":{"individualHooks":false,"filter":{"$and":[{"id":{"$eq":"{{$context.data.f_jmazop48q5l}}"}}]},"values":{"total_defect":"{{$jobsMapByNodeKey.h2ekftbq9fi}}"}}} workflowId=350684080308224
[34m2026-02-28 09:57:54 [debug] job added to save list: {"result":1,"status":1,"nodeId":350684080308226,"nodeKey":"8w8f01dhav8","id":"7961298964861952","createdAt":"2026-02-28T01:57:54.490Z","updatedAt":"2026-02-28T01:57:54.490Z","executionId":350685493788673}[39m workflowId=350684080308224
[32m2026-02-28 09:57:54 [info]  execution (350685493788673) run instruction [update] for node (350684080308226) finished as status: 1[39m workflowId=350684080308224
[34m2026-02-28 09:57:54 [debug] result of node                              [39m data=1
[34m2026-02-28 09:57:54 [debug] branch ended at node (350684080308226)      [39m 
[34m2026-02-28 09:57:54 [debug] not on main, recall to parent entry node (350684080308226)})[39m workflowId=350684080308224
[32m2026-02-28 09:57:54 [info]  execution (350685493788673) resume instruction [loop] for node (350684080308225)[39m workflowId=350684080308224
[34m2026-02-28 09:57:54 [debug] config of node                              [39m data={"target":"{{$jobsMapByNodeKey.xqb45m3d7w0}}","condition":false,"exit":0} workflowId=350684080308224
[34m2026-02-28 09:57:54 [debug] job added to save list: {"status":0,"result":{"looped":1,"done":1},"nodeId":350684080308225,"nodeKey":"4gilbixctsb","upstreamId":"7961298864198656","id":"7961298876781568","createdAt":"2026-02-28T01:57:54.469Z","updatedAt":"2026-02-28T01:57:54.491Z","executionId":350685493788673}[39m workflowId=350684080308224
[32m2026-02-28 09:57:54 [info]  execution (350685493788673) run instruction [aggregate] for node (350684080308229)[39m workflowId=350684080308224
[34m2026-02-28 09:57:54 [debug] config of node                              [39m data={"aggregator":"count","associated":false,"params":{"field":"id","filter":{"$and":[{"defect_rank":{"$eq":"level1"}},{"label":{"$noneOf":["功能屏蔽","已拒绝","建议"]}},{"module_ref":{"id":{"$eq":"{{$scopes.4gilbixctsb.item.id}}"}}},{"$or":[{"defect_status":{"$ne":"已关闭"}},{"label":{"$noneOf":["申请否决","数据异常","设计如此"]}}]}]}},"precision":2,"collection":"defects"} workflowId=350684080308224
[34m2026-02-28 09:57:54 [debug] job added to save list: {"result":1,"status":1,"nodeId":350684080308229,"nodeKey":"4w8yvz144ck","id":"7961298981639168","createdAt":"2026-02-28T01:57:54.494Z","updatedAt":"2026-02-28T01:57:54.494Z","executionId":350685493788673}[39m workflowId=350684080308224
[32m2026-02-28 09:57:54 [info]  execution (350685493788673) run instruction [aggregate] for node (350684080308229) finished as status: 1[39m workflowId=350684080308224
[34m2026-02-28 09:57:54 [debug] result of node                              [39m data=1
[34m2026-02-28 09:57:54 [debug] run next node (350684080308230)             [39m 
[32m2026-02-28 09:57:54 [info]  execution (350685493788673) run instruction [aggregate] for node (350684080308230)[39m workflowId=350684080308224
[34m2026-02-28 09:57:54 [debug] config of node                              [39m data={"aggregator":"count","associated":false,"params":{"field":"id","filter":{"$and":[{"defect_rank":{"$eq":"level1"}},{"label":{"$noneOf":["功能屏蔽","已拒绝","建议"]}},{"$or":[{"label":{"$anyOf":["已修复","待合并"]}},{"$and":[{"label":{"$anyOf":["未复现"]}},{"defect_status":{"$eq":"已关闭"}}]}]},{"module_ref":{"id":{"$eq":"{{$scopes.4gilbixctsb.item.id}}"}}},{"$or":[{"defect_status":{"$ne":"已关闭"}},{"label":{"$noneOf":["申请否决","数据异常","设计如此"]}}]}]}},"precision":2,"collection":"defects"} workflowId=350684080308224
[34m2026-02-28 09:57:54 [debug] job added to save list: {"result":1,"status":1,"nodeId":350684080308230,"nodeKey":"kulk5djdvpv","id":"7961298998416384","createdAt":"2026-02-28T01:57:54.498Z","updatedAt":"2026-02-28T01:57:54.498Z","executionId":350685493788673}[39m workflowId=350684080308224
[32m2026-02-28 09:57:54 [info]  execution (350685493788673) run instruction [aggregate] for node (350684080308230) finished as status: 1[39m workflowId=350684080308224
[34m2026-02-28 09:57:54 [debug] result of node                              [39m data=1
[34m2026-02-28 09:57:54 [debug] run next node (350684080308231)             [39m 
[32m2026-02-28 09:57:54 [info]  execution (350685493788673) run instruction [aggregate] for node (350684080308231)[39m workflowId=350684080308224
[34m2026-02-28 09:57:54 [debug] config of node                              [39m data={"aggregator":"count","associated":false,"params":{"field":"id","filter":{"$and":[{"f_jmazop48q5l":{"$eq":"{{$scopes.4gilbixctsb.item.id}}"}}]}},"precision":2,"collection":"defects"} workflowId=350684080308224
[34m2026-02-28 09:57:54 [debug] job added to save list: {"result":0,"status":1,"nodeId":350684080308231,"nodeKey":"h2ekftbq9fi","id":"7961299006804992","createdAt":"2026-02-28T01:57:54.500Z","updatedAt":"2026-02-28T01:57:54.500Z","executionId":350685493788673}[39m workflowId=350684080308224
[32m2026-02-28 09:57:54 [info]  execution (350685493788673) run instruction [aggregate] for node (350684080308231) finished as status: 1[39m workflowId=350684080308224
[34m2026-02-28 09:57:54 [debug] result of node                              [39m 
[34m2026-02-28 09:57:54 [debug] run next node (350684080308228)             [39m 
[32m2026-02-28 09:57:54 [info]  execution (350685493788673) run instruction [update] for node (350684080308228)[39m workflowId=350684080308224
[34m2026-02-28 09:57:54 [debug] config of node                              [39m data={"usingAssignFormSchema":true,"assignFormSchema":{"_isJSONSchemaObject":true,"version":"2.0","name":"jyyremi03il","type":"void","x-component":"Grid","x-initializer":"assignFieldValuesForm:configureFields","properties":{"tu9fxkpcp21":{"_isJSONSchemaObject":true,"version":"2.0","type":"void","x-component":"Grid.Row","properties":{"abf9nd8110z":{"_isJSONSchemaObject":true,"version":"2.0","type":"void","x-component":"Grid.Col","properties":{"level_1_count":{"_isJSONSchemaObject":true,"version":"2.0","type":"string","name":"level_1_count","x-toolbar":"FormItemSchemaToolbar","x-settings":"fieldSettings:FormItem","x-component":"AssignedField","x-decorator":"FormItem","x-collection-field":"module_summaries.level_1_count"}},"name":"abf9nd8110z"}},"name":"tu9fxkpcp21"},"wzwaxbctt38":{"_isJSONSchemaObject":true,"version":"2.0","type":"void","x-component":"Grid.Row","properties":{"0b4nu6pji2k":{"_isJSONSchemaObject":true,"version":"2.0","type":"void","x-component":"Grid.Col","properties":{"level_1_fixed":{"_isJSONSchemaObject":true,"version":"2.0","type":"string","name":"level_1_fixed","x-toolbar":"FormItemSchemaToolbar","x-settings":"fieldSettings:FormItem","x-component":"AssignedField","x-decorator":"FormItem","x-collection-field":"module_summaries.level_1_fixed"}},"name":"0b4nu6pji2k"}},"name":"wzwaxbctt38"}}},"collection":"module_summaries","params":{"individualHooks":false,"filter":{"$and":[{"id":{"$eq":"{{$scopes.4gilbixctsb.item.id}}"}}]},"values":{"level_1_count":"{{$jobsMapByNodeKey.4w8yvz144ck}}","level_1_fixed":"{{$jobsMapByNodeKey.kulk5djdvpv}}"}}} workflowId=350684080308224
[34m2026-02-28 09:57:54 [debug] job added to save list: {"result":1,"status":1,"nodeId":350684080308228,"nodeKey":"8i18sx31ff1","id":"7961299040359424","createdAt":"2026-02-28T01:57:54.508Z","updatedAt":"2026-02-28T01:57:54.508Z","executionId":350685493788673}[39m workflowId=350684080308224
[32m2026-02-28 09:57:54 [info]  execution (350685493788673) run instruction [update] for node (350684080308228) finished as status: 1[39m workflowId=350684080308224
[34m2026-02-28 09:57:54 [debug] result of node                              [39m data=1
[34m2026-02-28 09:57:54 [debug] run next node (350684080308226)             [39m 
[32m2026-02-28 09:57:54 [info]  execution (350685493788673) run instruction [update] for node (350684080308226)[39m workflowId=350684080308224
[34m2026-02-28 09:57:54 [debug] config of node                              [39m data={"usingAssignFormSchema":true,"assignFormSchema":{"_isJSONSchemaObject":true,"version":"2.0","name":"di3fhm8a919","type":"void","x-component":"Grid","x-initializer":"assignFieldValuesForm:configureFields","properties":{"gurgivk3fas":{"_isJSONSchemaObject":true,"version":"2.0","type":"void","x-component":"Grid.Row","properties":{"ira5e8uf78u":{"_isJSONSchemaObject":true,"version":"2.0","type":"void","x-component":"Grid.Col","properties":{"total_defect":{"_isJSONSchemaObject":true,"version":"2.0","type":"string","name":"total_defect","x-toolbar":"FormItemSchemaToolbar","x-settings":"fieldSettings:FormItem","x-component":"AssignedField","x-decorator":"FormItem","x-collection-field":"collection_quality.total_defect"}},"name":"ira5e8uf78u"}},"name":"gurgivk3fas"}}},"collection":"collection_quality","params":{"individualHooks":false,"filter":{"$and":[{"id":{"$eq":"{{$context.data.f_jmazop48q5l}}"}}]},"values":{"total_defect":"{{$jobsMapByNodeKey.h2ekftbq9fi}}"}}} workflowId=350684080308224
[34m2026-02-28 09:57:54 [debug] job added to save list: {"result":1,"status":1,"nodeId":350684080308226,"nodeKey":"8w8f01dhav8","id":"7961299057136640","createdAt":"2026-02-28T01:57:54.512Z","updatedAt":"2026-02-28T01:57:54.512Z","executionId":350685493788673}[39m workflowId=350684080308224
[32m2026-02-28 09:57:54 [info]  execution (350685493788673) run instruction [update] for node (350684080308226) finished as status: 1[39m workflowId=350684080308224
[34m2026-02-28 09:57:54 [debug] result of node                              [39m data=1
[34m2026-02-28 09:57:54 [debug] branch ended at node (350684080308226)      [39m 
[34m2026-02-28 09:57:54 [debug] not on main, recall to parent entry node (350684080308226)})[39m workflowId=350684080308224
[32m2026-02-28 09:57:54 [info]  execution (350685493788673) resume instruction [loop] for node (350684080308225)[39m workflowId=350684080308224
[34m2026-02-28 09:57:54 [debug] config of node                              [39m data={"target":"{{$jobsMapByNodeKey.xqb45m3d7w0}}","condition":false,"exit":0} workflowId=350684080308224
[34m2026-02-28 09:57:54 [debug] job added to save list: {"status":0,"result":{"looped":2,"done":2},"nodeId":350684080308225,"nodeKey":"4gilbixctsb","upstreamId":"7961298864198656","id":"7961298876781568","createdAt":"2026-02-28T01:57:54.469Z","updatedAt":"2026-02-28T01:57:54.514Z","executionId":350685493788673}[39m workflowId=350684080308224
[34m2026-02-28 09:57:54 [debug] job added to save list: {"status":1,"result":{"looped":2,"done":2},"nodeId":350684080308225,"nodeKey":"4gilbixctsb","upstreamId":"7961298864198656","id":"7961298876781568","createdAt":"2026-02-28T01:57:54.469Z","updatedAt":"2026-02-28T01:57:54.514Z","executionId":350685493788673}[39m workflowId=350684080308224
[32m2026-02-28 09:57:54 [info]  execution (350685493788673) run instruction [loop] for node (350684080308225) finished as status: 1[39m workflowId=350684080308224
[34m2026-02-28 09:57:54 [debug] result of node                              [39m data={"looped":2,"done":2}
[34m2026-02-28 09:57:54 [debug] branch ended at node (350684080308225)      [39m 
[32m2026-02-28 09:57:54 [info]  execution (350685493788673) exiting with status 1[39m workflowId=350684080308224
[32m2026-02-28 09:57:54 [info]  execution (350685493788673) finished with status: 1[39m 
[34m2026-02-28 09:57:54 [debug] execution (350685493788673) details:        [39m execution={"createdAt":"2026-02-28T01:57:54.346Z","id":350685493788673,"updatedAt":"2026-02-28T01:57:54.518Z","key":"dgo5777xeg4","eventKey":"dbf07fdb-9eb0-4608-911a-bb3bf7ded3d1","context":{"data":{"createdAt":"2026-02-28T01:57:38.518Z","updatedAt":"2026-02-28T01:57:38.521Z","defect_classification":"其他","defect":"图纸显示不全","defect_rank":"level2","priority":"P2","id":350685460234240,"defect_status":"待修复","module":null,"f_jmazop48q5l":350685315530752,"createdById":1,"updatedById":1,"label":["延期"]}},"status":1,"dispatched":true,"stack":null,"output":null,"manually":null,"workflowId":350684080308224}
[32m2026-02-28 10:01:07 [info]  toggle OFF workflow 350684080308224         [39m workflowId=350684080308224
