[32m2026-02-26 09:35:08 [info]  new event triggered, now events: 1          [39m 
[34m2026-02-26 09:35:08 [debug] event data:                                 [39m context={"data":{"createdAt":"2026-02-25T09:59:02.677Z","updatedAt":"2026-02-25T09:59:02.685Z","defect":"图纸显示不全","defect_rank":"level1","priority":"P1","id":350202454016000,"f_jmazop48q5l":350197087404032,"createdById":1,"updatedById":1,"defect_classification":"历史遗留","module":350197072723968,"label":["历史遗留","已修复"],"defect_status":"已修复"}}
[32m2026-02-26 09:35:08 [info]  new event triggered, now events: 2          [39m 
[34m2026-02-26 09:35:08 [debug] event data:                                 [39m context={"data":{"createdAt":"2026-02-25T10:01:58.277Z","updatedAt":"2026-02-25T10:01:58.283Z","defect":"图纸模糊","defect_rank":"level3","priority":"P3","id":350202823114752,"f_jmazop48q5l":350197087404032,"createdById":1,"updatedById":1,"defect_classification":"历史遗留","module":350197072723968,"label":["历史遗留"],"defect_status":"待修复"}}
[32m2026-02-26 09:35:08 [info]  new event is pending to be prepared after previous preparation is finished[39m 
[32m2026-02-26 09:35:08 [info]  preparing execution for event               [39m 
[32m2026-02-26 09:35:08 [info]  execution of workflow 350195571163136 created as 350320242655232[39m 
[32m2026-02-26 09:35:08 [info]  local pending list is empty, adding execution (350320242655232) to pending list[39m 
[32m2026-02-26 09:35:08 [info]  preparing execution for event               [39m 
[32m2026-02-26 09:35:08 [info]  execution of workflow 350195571163136 created as 350320242655233[39m 
[32m2026-02-26 09:35:08 [info]  instance is not serving as worker or local pending list is not empty, sending execution (350320242655233) to queue[39m 
[32m2026-02-26 09:35:08 [info]  pending execution (350320242655232) ready to process[39m 
[32m2026-02-26 09:35:08 [info]  execution (350320242655232) starting...     [39m 
[32m2026-02-26 09:35:08 [info]  execution (350320242655232) run instruction [aggregate] for node (350195571163145)[39m workflowId=350195571163136
[34m2026-02-26 09:35:08 [debug] config of node                              [39m data={"aggregator":"count","associated":false,"params":{"field":"id","filter":{"$and":[{"defect_rank":{"$eq":"level1"}},{"label":{"$noneOf":["功能屏蔽","已拒绝","建议"]}},{"module":{"$eq":"{{$context.data.module}}"}}]}},"precision":2,"collection":"defects"} workflowId=350195571163136
[34m2026-02-26 09:35:08 [debug] job added to save list: {"result":1,"status":1,"nodeId":350195571163145,"nodeKey":"h14qw1067vw","id":"7230793671801856","createdAt":"2026-02-26T01:35:08.456Z","updatedAt":"2026-02-26T01:35:08.456Z","executionId":350320242655232}[39m workflowId=350195571163136
[32m2026-02-26 09:35:08 [info]  execution (350320242655232) run instruction [aggregate] for node (350195571163145) finished as status: 1[39m workflowId=350195571163136
[34m2026-02-26 09:35:08 [debug] result of node                              [39m data=1
[34m2026-02-26 09:35:08 [debug] run next node (350195571163139)             [39m 
[32m2026-02-26 09:35:08 [info]  execution (350320242655232) run instruction [aggregate] for node (350195571163139)[39m workflowId=350195571163136
[34m2026-02-26 09:35:08 [debug] config of node                              [39m data={"aggregator":"count","associated":false,"params":{"field":"id","filter":{"$and":[{"defect_rank":{"$eq":"level1"}},{"label":{"$noneOf":["功能屏蔽","已拒绝","建议"]}},{"$or":[{"label":{"$anyOf":["已修复","待合并"]}},{"$and":[{"label":{"$anyOf":["未复现"]}},{"defect_status":{"$eq":"已关闭"}}]}]},{"module":{"$eq":"{{$context.data.module}}"}}]}},"precision":2,"collection":"defects"} workflowId=350195571163136
[34m2026-02-26 09:35:08 [debug] job added to save list: {"result":1,"status":1,"nodeId":350195571163139,"nodeKey":"cvcey3i9obe","id":"7230793688579072","createdAt":"2026-02-26T01:35:08.460Z","updatedAt":"2026-02-26T01:35:08.460Z","executionId":350320242655232}[39m workflowId=350195571163136
[32m2026-02-26 09:35:08 [info]  execution (350320242655232) run instruction [aggregate] for node (350195571163139) finished as status: 1[39m workflowId=350195571163136
[34m2026-02-26 09:35:08 [debug] result of node                              [39m data=1
[34m2026-02-26 09:35:08 [debug] run next node (350195571163144)             [39m 
[32m2026-02-26 09:35:08 [info]  execution (350320242655232) run instruction [aggregate] for node (350195571163144)[39m workflowId=350195571163136
[34m2026-02-26 09:35:08 [debug] config of node                              [39m data={"aggregator":"count","associated":false,"params":{"field":"id","filter":{"$and":[{"defect_rank":{"$eq":"level2"}},{"label":{"$noneOf":["功能屏蔽","已拒绝","建议"]}},{"module":{"$eq":"{{$context.data.module}}"}}]}},"precision":2,"collection":"defects"} workflowId=350195571163136
[34m2026-02-26 09:35:08 [debug] job added to save list: {"result":0,"status":1,"nodeId":350195571163144,"nodeKey":"52k6055vnrg","id":"7230793696967680","createdAt":"2026-02-26T01:35:08.462Z","updatedAt":"2026-02-26T01:35:08.462Z","executionId":350320242655232}[39m workflowId=350195571163136
[32m2026-02-26 09:35:08 [info]  execution (350320242655232) run instruction [aggregate] for node (350195571163144) finished as status: 1[39m workflowId=350195571163136
[34m2026-02-26 09:35:08 [debug] result of node                              [39m 
[34m2026-02-26 09:35:08 [debug] run next node (350195571163137)             [39m 
[32m2026-02-26 09:35:08 [info]  execution (350320242655232) run instruction [aggregate] for node (350195571163137)[39m workflowId=350195571163136
[34m2026-02-26 09:35:08 [debug] config of node                              [39m data={"aggregator":"count","associated":false,"params":{"field":"id","filter":{"$and":[{"defect_rank":{"$eq":"level2"}},{"label":{"$noneOf":["功能屏蔽","已拒绝","建议"]}},{"$or":[{"label":{"$anyOf":["已修复","待合并"]}},{"$and":[{"label":{"$anyOf":["未复现"]}},{"defect_status":{"$eq":"已关闭"}}]}]},{"module":{"$eq":"{{$context.data.module}}"}}]}},"precision":2,"collection":"defects"} workflowId=350195571163136
[34m2026-02-26 09:35:08 [debug] job added to save list: {"result":0,"status":1,"nodeId":350195571163137,"nodeKey":"1fpxh7sjq4k","id":"7230793717939200","createdAt":"2026-02-26T01:35:08.467Z","updatedAt":"2026-02-26T01:35:08.467Z","executionId":350320242655232}[39m workflowId=350195571163136
[32m2026-02-26 09:35:08 [info]  execution (350320242655232) run instruction [aggregate] for node (350195571163137) finished as status: 1[39m workflowId=350195571163136
[34m2026-02-26 09:35:08 [debug] result of node                              [39m 
[34m2026-02-26 09:35:08 [debug] run next node (350195571163143)             [39m 
[32m2026-02-26 09:35:08 [info]  execution (350320242655232) run instruction [aggregate] for node (350195571163143)[39m workflowId=350195571163136
[34m2026-02-26 09:35:08 [debug] config of node                              [39m data={"aggregator":"count","associated":false,"params":{"field":"id","filter":{"$and":[{"defect_rank":{"$eq":"level3"}},{"label":{"$noneOf":["功能屏蔽","已拒绝","建议"]}},{"module":{"$eq":"{{$context.data.module}}"}}]}},"precision":2,"collection":"defects"} workflowId=350195571163136
[34m2026-02-26 09:35:08 [debug] job added to save list: {"result":0,"status":1,"nodeId":350195571163143,"nodeKey":"t5m287ao4ea","id":"7230793734716416","createdAt":"2026-02-26T01:35:08.471Z","updatedAt":"2026-02-26T01:35:08.471Z","executionId":350320242655232}[39m workflowId=350195571163136
[32m2026-02-26 09:35:08 [info]  execution (350320242655232) run instruction [aggregate] for node (350195571163143) finished as status: 1[39m workflowId=350195571163136
[34m2026-02-26 09:35:08 [debug] result of node                              [39m 
[34m2026-02-26 09:35:08 [debug] run next node (350195571163142)             [39m 
[32m2026-02-26 09:35:08 [info]  execution (350320242655232) run instruction [aggregate] for node (350195571163142)[39m workflowId=350195571163136
[34m2026-02-26 09:35:08 [debug] config of node                              [39m data={"aggregator":"count","associated":false,"params":{"field":"id","filter":{"$and":[{"defect_rank":{"$eq":"level3"}},{"label":{"$noneOf":["功能屏蔽","已拒绝","建议"]}},{"$or":[{"label":{"$anyOf":["待合并","已修复"]}},{"$and":[{"label":{"$anyOf":["未复现"]}},{"defect_status":{"$eq":"已关闭"}}]}]},{"module":{"$eq":"{{$context.data.module}}"}}]}},"precision":2,"collection":"defects"} workflowId=350195571163136
[34m2026-02-26 09:35:08 [debug] job added to save list: {"result":0,"status":1,"nodeId":350195571163142,"nodeKey":"je6ex9hwdlz","id":"7230793768270848","createdAt":"2026-02-26T01:35:08.479Z","updatedAt":"2026-02-26T01:35:08.479Z","executionId":350320242655232}[39m workflowId=350195571163136
[32m2026-02-26 09:35:08 [info]  execution (350320242655232) run instruction [aggregate] for node (350195571163142) finished as status: 1[39m workflowId=350195571163136
[34m2026-02-26 09:35:08 [debug] result of node                              [39m 
[34m2026-02-26 09:35:08 [debug] run next node (350196649099264)             [39m 
[32m2026-02-26 09:35:08 [info]  execution (350320242655232) run instruction [aggregate] for node (350196649099264)[39m workflowId=350195571163136
[34m2026-02-26 09:35:08 [debug] config of node                              [39m data={"aggregator":"count","associated":false,"params":{"field":"id","filter":{"$and":[{"f_jmazop48q5l":{"$eq":"{{$context.data.f_jmazop48q5l}}"}}]}},"precision":2,"collection":"defects"} workflowId=350195571163136
[34m2026-02-26 09:35:08 [debug] job added to save list: {"result":0,"status":1,"nodeId":350196649099264,"nodeKey":"q0cmjjcwe3p","id":"7230793776659456","createdAt":"2026-02-26T01:35:08.481Z","updatedAt":"2026-02-26T01:35:08.481Z","executionId":350320242655232}[39m workflowId=350195571163136
[32m2026-02-26 09:35:08 [info]  execution (350320242655232) run instruction [aggregate] for node (350196649099264) finished as status: 1[39m workflowId=350195571163136
[34m2026-02-26 09:35:08 [debug] result of node                              [39m 
[34m2026-02-26 09:35:08 [debug] run next node (350195571163138)             [39m 
[32m2026-02-26 09:35:08 [info]  execution (350320242655232) run instruction [update] for node (350195571163138)[39m workflowId=350195571163136
[34m2026-02-26 09:35:08 [debug] config of node                              [39m data={"usingAssignFormSchema":true,"assignFormSchema":{"_isJSONSchemaObject":true,"version":"2.0","name":"z36wx6jbrw9","type":"void","x-component":"Grid","x-initializer":"assignFieldValuesForm:configureFields","properties":{"i1v4kp5ixw1":{"_isJSONSchemaObject":true,"version":"2.0","type":"void","x-component":"Grid.Row","properties":{"m57in1bxqre":{"_isJSONSchemaObject":true,"version":"2.0","type":"void","x-component":"Grid.Col","properties":{"level_1_count":{"_isJSONSchemaObject":true,"version":"2.0","type":"string","name":"level_1_count","x-toolbar":"FormItemSchemaToolbar","x-settings":"fieldSettings:FormItem","x-component":"AssignedField","x-decorator":"FormItem","x-collection-field":"module_summaries.level_1_count"}},"name":"m57in1bxqre"}},"name":"i1v4kp5ixw1"},"28tkyaas4rv":{"_isJSONSchemaObject":true,"version":"2.0","type":"void","x-component":"Grid.Row","properties":{"aubadkxorcs":{"_isJSONSchemaObject":true,"version":"2.0","type":"void","x-component":"Grid.Col","properties":{"level_1_fixed":{"_isJSONSchemaObject":true,"version":"2.0","type":"string","name":"level_1_fixed","x-toolbar":"FormItemSchemaToolbar","x-settings":"fieldSettings:FormItem","x-component":"AssignedField","x-decorator":"FormItem","x-collection-field":"module_summaries.level_1_fixed"}},"name":"aubadkxorcs"}},"name":"28tkyaas4rv"},"87dzfrypjv5":{"_isJSONSchemaObject":true,"version":"2.0","type":"void","x-component":"Grid.Row","properties":{"00u2e0hze8y":{"_isJSONSchemaObject":true,"version":"2.0","type":"void","x-component":"Grid.Col","properties":{"level_2_count":{"_isJSONSchemaObject":true,"version":"2.0","type":"string","name":"level_2_count","x-toolbar":"FormItemSchemaToolbar","x-settings":"fieldSettings:FormItem","x-component":"AssignedField","x-decorator":"FormItem","x-collection-field":"module_summaries.level_2_count"}},"name":"00u2e0hze8y"}},"name":"87dzfrypjv5"},"sr9fb2g83wa":{"_isJSONSchemaObject":true,"version":"2.0","type":"void","x-component":"Grid.Row","properties":{"mctr2nubczg":{"_isJSONSchemaObject":true,"version":"2.0","type":"void","x-component":"Grid.Col","properties":{"level_2_fixed":{"_isJSONSchemaObject":true,"version":"2.0","type":"string","name":"level_2_fixed","x-toolbar":"FormItemSchemaToolbar","x-settings":"fieldSettings:FormItem","x-component":"AssignedField","x-decorator":"FormItem","x-collection-field":"module_summaries.level_2_fixed"}},"name":"mctr2nubczg"}},"name":"sr9fb2g83wa"},"robhdmi5xfc":{"_isJSONSchemaObject":true,"version":"2.0","type":"void","x-component":"Grid.Row","properties":{"d7pyy4ts79k":{"_isJSONSchemaObject":true,"version":"2.0","type":"void","x-component":"Grid.Col","properties":{"level_3_count":{"_isJSONSchemaObject":true,"version":"2.0","type":"string","name":"level_3_count","x-toolbar":"FormItemSchemaToolbar","x-settings":"fieldSettings:FormItem","x-component":"AssignedField","x-decorator":"FormItem","x-collection-field":"module_summaries.level_3_count"}},"name":"d7pyy4ts79k"}},"name":"robhdmi5xfc"},"9ykwa93dd5w":{"_isJSONSchemaObject":true,"version":"2.0","type":"void","x-component":"Grid.Row","properties":{"0nkrxq50w1f":{"_isJSONSchemaObject":true,"version":"2.0","type":"void","x-component":"Grid.Col","properties":{"level_3_fixed":{"_isJSONSchemaObject":true,"version":"2.0","type":"string","name":"level_3_fixed","x-toolbar":"FormItemSchemaToolbar","x-settings":"fieldSettings:FormItem","x-component":"AssignedField","x-decorator":"FormItem","x-collection-field":"module_summaries.level_3_fixed"}},"name":"0nkrxq50w1f"}},"name":"9ykwa93dd5w"}}},"collection":"module_summaries","params":{"individualHooks":false,"filter":{"$and":[{"id":{"$eq":"{{$context.data.module}}"}}]},"values":{"level_1_count":"{{$jobsMapByNodeKey.h14qw1067vw}}","level_1_fixed":"{{$jobsMapByNodeKey.cvcey3i9obe}}","level_2_count":"{{$jobsMapByNodeKey.52k6055vnrg}}","level_2_fixed":"{{$jobsMapByNodeKey.1fpxh7sjq4k}}","level_3_count":"{{$jobsMapByNodeKey.t5m287ao4ea}}","level_3_fixed":"{{$jobsMapByNodeKey.je6ex9hwdlz}}"}}} workflowId=350195571163136
[34m2026-02-26 09:35:08 [debug] job added to save list: {"result":1,"status":1,"nodeId":350195571163138,"nodeKey":"iz8nj3ykg09","id":"7230793814408192","createdAt":"2026-02-26T01:35:08.490Z","updatedAt":"2026-02-26T01:35:08.490Z","executionId":350320242655232}[39m workflowId=350195571163136
[32m2026-02-26 09:35:08 [info]  execution (350320242655232) run instruction [update] for node (350195571163138) finished as status: 1[39m workflowId=350195571163136
[34m2026-02-26 09:35:08 [debug] result of node                              [39m data=1
[34m2026-02-26 09:35:08 [debug] run next node (350196756054016)             [39m 
[32m2026-02-26 09:35:08 [info]  execution (350320242655232) run instruction [update] for node (350196756054016)[39m workflowId=350195571163136
[34m2026-02-26 09:35:08 [debug] config of node                              [39m data={"usingAssignFormSchema":true,"assignFormSchema":{"_isJSONSchemaObject":true,"version":"2.0","name":"664wo8253vg","type":"void","x-component":"Grid","x-initializer":"assignFieldValuesForm:configureFields","properties":{"p9dwl6uwc71":{"_isJSONSchemaObject":true,"version":"2.0","type":"void","x-component":"Grid.Row","properties":{"2cpmfk2xsli":{"_isJSONSchemaObject":true,"version":"2.0","type":"void","x-component":"Grid.Col","properties":{"total_defect":{"_isJSONSchemaObject":true,"version":"2.0","type":"string","name":"total_defect","x-toolbar":"FormItemSchemaToolbar","x-settings":"fieldSettings:FormItem","x-component":"AssignedField","x-decorator":"FormItem","x-collection-field":"collection_quality.total_defect"}},"name":"2cpmfk2xsli"}},"name":"p9dwl6uwc71"}}},"collection":"collection_quality","params":{"individualHooks":false,"filter":{"$and":[{"id":{"$eq":"{{$context.data.f_jmazop48q5l}}"}}]},"values":{"total_defect":"{{$jobsMapByNodeKey.q0cmjjcwe3p}}"}}} workflowId=350195571163136
[34m2026-02-26 09:35:08 [debug] job added to save list: {"result":1,"status":1,"nodeId":350196756054016,"nodeKey":"12iul4a9nxf","id":"7230793885711360","createdAt":"2026-02-26T01:35:08.507Z","updatedAt":"2026-02-26T01:35:08.507Z","executionId":350320242655232}[39m workflowId=350195571163136
[32m2026-02-26 09:35:08 [info]  execution (350320242655232) run instruction [update] for node (350196756054016) finished as status: 1[39m workflowId=350195571163136
[34m2026-02-26 09:35:08 [debug] result of node                              [39m data=1
[34m2026-02-26 09:35:08 [debug] branch ended at node (350196756054016)      [39m 
[32m2026-02-26 09:35:08 [info]  execution (350320242655232) exiting with status 1[39m workflowId=350195571163136
[32m2026-02-26 09:35:08 [info]  execution (350320242655232) finished with status: 1[39m 
[34m2026-02-26 09:35:08 [debug] execution (350320242655232) details:        [39m execution={"createdAt":"2026-02-26T01:35:08.429Z","id":350320242655232,"updatedAt":"2026-02-26T01:35:08.530Z","key":"y5dhtirx5t1","eventKey":"5bbbb39d-8e42-490d-9174-7cc71656a1bb","context":{"data":{"createdAt":"2026-02-25T09:59:02.677Z","updatedAt":"2026-02-25T09:59:02.685Z","defect":"图纸显示不全","defect_rank":"level1","priority":"P1","id":350202454016000,"f_jmazop48q5l":350197087404032,"createdById":1,"updatedById":1,"defect_classification":"历史遗留","module":350197072723968,"label":["历史遗留","已修复"],"defect_status":"已修复"}},"status":1,"dispatched":true,"stack":null,"output":null,"manually":null,"workflowId":350195571163136}
[32m2026-02-26 09:35:08 [info]  execution (350320242655233) fetched from db [39m 
[32m2026-02-26 09:35:08 [info]  execution (350320242655233) starting...     [39m 
[32m2026-02-26 09:35:08 [info]  execution (350320242655233) run instruction [aggregate] for node (350195571163145)[39m workflowId=350195571163136
[34m2026-02-26 09:35:08 [debug] config of node                              [39m data={"aggregator":"count","associated":false,"params":{"field":"id","filter":{"$and":[{"defect_rank":{"$eq":"level1"}},{"label":{"$noneOf":["功能屏蔽","已拒绝","建议"]}},{"module":{"$eq":"{{$context.data.module}}"}}]}},"precision":2,"collection":"defects"} workflowId=350195571163136
[34m2026-02-26 09:35:08 [debug] job added to save list: {"result":1,"status":1,"nodeId":350195571163145,"nodeKey":"h14qw1067vw","id":"7230794087037952","createdAt":"2026-02-26T01:35:08.555Z","updatedAt":"2026-02-26T01:35:08.555Z","executionId":350320242655233}[39m workflowId=350195571163136
[32m2026-02-26 09:35:08 [info]  execution (350320242655233) run instruction [aggregate] for node (350195571163145) finished as status: 1[39m workflowId=350195571163136
[34m2026-02-26 09:35:08 [debug] result of node                              [39m data=1
[34m2026-02-26 09:35:08 [debug] run next node (350195571163139)             [39m 
[32m2026-02-26 09:35:08 [info]  execution (350320242655233) run instruction [aggregate] for node (350195571163139)[39m workflowId=350195571163136
[34m2026-02-26 09:35:08 [debug] config of node                              [39m data={"aggregator":"count","associated":false,"params":{"field":"id","filter":{"$and":[{"defect_rank":{"$eq":"level1"}},{"label":{"$noneOf":["功能屏蔽","已拒绝","建议"]}},{"$or":[{"label":{"$anyOf":["已修复","待合并"]}},{"$and":[{"label":{"$anyOf":["未复现"]}},{"defect_status":{"$eq":"已关闭"}}]}]},{"module":{"$eq":"{{$context.data.module}}"}}]}},"precision":2,"collection":"defects"} workflowId=350195571163136
[34m2026-02-26 09:35:08 [debug] job added to save list: {"result":1,"status":1,"nodeId":350195571163139,"nodeKey":"cvcey3i9obe","id":"7230794103815168","createdAt":"2026-02-26T01:35:08.559Z","updatedAt":"2026-02-26T01:35:08.559Z","executionId":350320242655233}[39m workflowId=350195571163136
[32m2026-02-26 09:35:08 [info]  execution (350320242655233) run instruction [aggregate] for node (350195571163139) finished as status: 1[39m workflowId=350195571163136
[34m2026-02-26 09:35:08 [debug] result of node                              [39m data=1
[34m2026-02-26 09:35:08 [debug] run next node (350195571163144)             [39m 
[32m2026-02-26 09:35:08 [info]  execution (350320242655233) run instruction [aggregate] for node (350195571163144)[39m workflowId=350195571163136
[34m2026-02-26 09:35:08 [debug] config of node                              [39m data={"aggregator":"count","associated":false,"params":{"field":"id","filter":{"$and":[{"defect_rank":{"$eq":"level2"}},{"label":{"$noneOf":["功能屏蔽","已拒绝","建议"]}},{"module":{"$eq":"{{$context.data.module}}"}}]}},"precision":2,"collection":"defects"} workflowId=350195571163136
[34m2026-02-26 09:35:08 [debug] job added to save list: {"result":0,"status":1,"nodeId":350195571163144,"nodeKey":"52k6055vnrg","id":"7230794116398080","createdAt":"2026-02-26T01:35:08.562Z","updatedAt":"2026-02-26T01:35:08.562Z","executionId":350320242655233}[39m workflowId=350195571163136
[32m2026-02-26 09:35:08 [info]  execution (350320242655233) run instruction [aggregate] for node (350195571163144) finished as status: 1[39m workflowId=350195571163136
[34m2026-02-26 09:35:08 [debug] result of node                              [39m 
[34m2026-02-26 09:35:08 [debug] run next node (350195571163137)             [39m 
[32m2026-02-26 09:35:08 [info]  execution (350320242655233) run instruction [aggregate] for node (350195571163137)[39m workflowId=350195571163136
[34m2026-02-26 09:35:08 [debug] config of node                              [39m data={"aggregator":"count","associated":false,"params":{"field":"id","filter":{"$and":[{"defect_rank":{"$eq":"level2"}},{"label":{"$noneOf":["功能屏蔽","已拒绝","建议"]}},{"$or":[{"label":{"$anyOf":["已修复","待合并"]}},{"$and":[{"label":{"$anyOf":["未复现"]}},{"defect_status":{"$eq":"已关闭"}}]}]},{"module":{"$eq":"{{$context.data.module}}"}}]}},"precision":2,"collection":"defects"} workflowId=350195571163136
[34m2026-02-26 09:35:08 [debug] job added to save list: {"result":0,"status":1,"nodeId":350195571163137,"nodeKey":"1fpxh7sjq4k","id":"7230794128980992","createdAt":"2026-02-26T01:35:08.565Z","updatedAt":"2026-02-26T01:35:08.565Z","executionId":350320242655233}[39m workflowId=350195571163136
[32m2026-02-26 09:35:08 [info]  execution (350320242655233) run instruction [aggregate] for node (350195571163137) finished as status: 1[39m workflowId=350195571163136
[34m2026-02-26 09:35:08 [debug] result of node                              [39m 
[34m2026-02-26 09:35:08 [debug] run next node (350195571163143)             [39m 
[32m2026-02-26 09:35:08 [info]  execution (350320242655233) run instruction [aggregate] for node (350195571163143)[39m workflowId=350195571163136
[34m2026-02-26 09:35:08 [debug] config of node                              [39m data={"aggregator":"count","associated":false,"params":{"field":"id","filter":{"$and":[{"defect_rank":{"$eq":"level3"}},{"label":{"$noneOf":["功能屏蔽","已拒绝","建议"]}},{"module":{"$eq":"{{$context.data.module}}"}}]}},"precision":2,"collection":"defects"} workflowId=350195571163136
[34m2026-02-26 09:35:08 [debug] job added to save list: {"result":0,"status":1,"nodeId":350195571163143,"nodeKey":"t5m287ao4ea","id":"7230794141563904","createdAt":"2026-02-26T01:35:08.568Z","updatedAt":"2026-02-26T01:35:08.568Z","executionId":350320242655233}[39m workflowId=350195571163136
[32m2026-02-26 09:35:08 [info]  execution (350320242655233) run instruction [aggregate] for node (350195571163143) finished as status: 1[39m workflowId=350195571163136
[34m2026-02-26 09:35:08 [debug] result of node                              [39m 
[34m2026-02-26 09:35:08 [debug] run next node (350195571163142)             [39m 
[32m2026-02-26 09:35:08 [info]  execution (350320242655233) run instruction [aggregate] for node (350195571163142)[39m workflowId=350195571163136
[34m2026-02-26 09:35:08 [debug] config of node                              [39m data={"aggregator":"count","associated":false,"params":{"field":"id","filter":{"$and":[{"defect_rank":{"$eq":"level3"}},{"label":{"$noneOf":["功能屏蔽","已拒绝","建议"]}},{"$or":[{"label":{"$anyOf":["待合并","已修复"]}},{"$and":[{"label":{"$anyOf":["未复现"]}},{"defect_status":{"$eq":"已关闭"}}]}]},{"module":{"$eq":"{{$context.data.module}}"}}]}},"precision":2,"collection":"defects"} workflowId=350195571163136
[34m2026-02-26 09:35:08 [debug] job added to save list: {"result":0,"status":1,"nodeId":350195571163142,"nodeKey":"je6ex9hwdlz","id":"7230794162535424","createdAt":"2026-02-26T01:35:08.573Z","updatedAt":"2026-02-26T01:35:08.573Z","executionId":350320242655233}[39m workflowId=350195571163136
[32m2026-02-26 09:35:08 [info]  execution (350320242655233) run instruction [aggregate] for node (350195571163142) finished as status: 1[39m workflowId=350195571163136
[34m2026-02-26 09:35:08 [debug] result of node                              [39m 
[34m2026-02-26 09:35:08 [debug] run next node (350196649099264)             [39m 
[32m2026-02-26 09:35:08 [info]  execution (350320242655233) run instruction [aggregate] for node (350196649099264)[39m workflowId=350195571163136
[34m2026-02-26 09:35:08 [debug] config of node                              [39m data={"aggregator":"count","associated":false,"params":{"field":"id","filter":{"$and":[{"f_jmazop48q5l":{"$eq":"{{$context.data.f_jmazop48q5l}}"}}]}},"precision":2,"collection":"defects"} workflowId=350195571163136
[34m2026-02-26 09:35:08 [debug] job added to save list: {"result":0,"status":1,"nodeId":350196649099264,"nodeKey":"q0cmjjcwe3p","id":"7230794170924032","createdAt":"2026-02-26T01:35:08.575Z","updatedAt":"2026-02-26T01:35:08.575Z","executionId":350320242655233}[39m workflowId=350195571163136
[32m2026-02-26 09:35:08 [info]  execution (350320242655233) run instruction [aggregate] for node (350196649099264) finished as status: 1[39m workflowId=350195571163136
[34m2026-02-26 09:35:08 [debug] result of node                              [39m 
[34m2026-02-26 09:35:08 [debug] run next node (350195571163138)             [39m 
[32m2026-02-26 09:35:08 [info]  execution (350320242655233) run instruction [update] for node (350195571163138)[39m workflowId=350195571163136
[34m2026-02-26 09:35:08 [debug] config of node                              [39m data={"usingAssignFormSchema":true,"assignFormSchema":{"_isJSONSchemaObject":true,"version":"2.0","name":"z36wx6jbrw9","type":"void","x-component":"Grid","x-initializer":"assignFieldValuesForm:configureFields","properties":{"i1v4kp5ixw1":{"_isJSONSchemaObject":true,"version":"2.0","type":"void","x-component":"Grid.Row","properties":{"m57in1bxqre":{"_isJSONSchemaObject":true,"version":"2.0","type":"void","x-component":"Grid.Col","properties":{"level_1_count":{"_isJSONSchemaObject":true,"version":"2.0","type":"string","name":"level_1_count","x-toolbar":"FormItemSchemaToolbar","x-settings":"fieldSettings:FormItem","x-component":"AssignedField","x-decorator":"FormItem","x-collection-field":"module_summaries.level_1_count"}},"name":"m57in1bxqre"}},"name":"i1v4kp5ixw1"},"28tkyaas4rv":{"_isJSONSchemaObject":true,"version":"2.0","type":"void","x-component":"Grid.Row","properties":{"aubadkxorcs":{"_isJSONSchemaObject":true,"version":"2.0","type":"void","x-component":"Grid.Col","properties":{"level_1_fixed":{"_isJSONSchemaObject":true,"version":"2.0","type":"string","name":"level_1_fixed","x-toolbar":"FormItemSchemaToolbar","x-settings":"fieldSettings:FormItem","x-component":"AssignedField","x-decorator":"FormItem","x-collection-field":"module_summaries.level_1_fixed"}},"name":"aubadkxorcs"}},"name":"28tkyaas4rv"},"87dzfrypjv5":{"_isJSONSchemaObject":true,"version":"2.0","type":"void","x-component":"Grid.Row","properties":{"00u2e0hze8y":{"_isJSONSchemaObject":true,"version":"2.0","type":"void","x-component":"Grid.Col","properties":{"level_2_count":{"_isJSONSchemaObject":true,"version":"2.0","type":"string","name":"level_2_count","x-toolbar":"FormItemSchemaToolbar","x-settings":"fieldSettings:FormItem","x-component":"AssignedField","x-decorator":"FormItem","x-collection-field":"module_summaries.level_2_count"}},"name":"00u2e0hze8y"}},"name":"87dzfrypjv5"},"sr9fb2g83wa":{"_isJSONSchemaObject":true,"version":"2.0","type":"void","x-component":"Grid.Row","properties":{"mctr2nubczg":{"_isJSONSchemaObject":true,"version":"2.0","type":"void","x-component":"Grid.Col","properties":{"level_2_fixed":{"_isJSONSchemaObject":true,"version":"2.0","type":"string","name":"level_2_fixed","x-toolbar":"FormItemSchemaToolbar","x-settings":"fieldSettings:FormItem","x-component":"AssignedField","x-decorator":"FormItem","x-collection-field":"module_summaries.level_2_fixed"}},"name":"mctr2nubczg"}},"name":"sr9fb2g83wa"},"robhdmi5xfc":{"_isJSONSchemaObject":true,"version":"2.0","type":"void","x-component":"Grid.Row","properties":{"d7pyy4ts79k":{"_isJSONSchemaObject":true,"version":"2.0","type":"void","x-component":"Grid.Col","properties":{"level_3_count":{"_isJSONSchemaObject":true,"version":"2.0","type":"string","name":"level_3_count","x-toolbar":"FormItemSchemaToolbar","x-settings":"fieldSettings:FormItem","x-component":"AssignedField","x-decorator":"FormItem","x-collection-field":"module_summaries.level_3_count"}},"name":"d7pyy4ts79k"}},"name":"robhdmi5xfc"},"9ykwa93dd5w":{"_isJSONSchemaObject":true,"version":"2.0","type":"void","x-component":"Grid.Row","properties":{"0nkrxq50w1f":{"_isJSONSchemaObject":true,"version":"2.0","type":"void","x-component":"Grid.Col","properties":{"level_3_fixed":{"_isJSONSchemaObject":true,"version":"2.0","type":"string","name":"level_3_fixed","x-toolbar":"FormItemSchemaToolbar","x-settings":"fieldSettings:FormItem","x-component":"AssignedField","x-decorator":"FormItem","x-collection-field":"module_summaries.level_3_fixed"}},"name":"0nkrxq50w1f"}},"name":"9ykwa93dd5w"}}},"collection":"module_summaries","params":{"individualHooks":false,"filter":{"$and":[{"id":{"$eq":"{{$context.data.module}}"}}]},"values":{"level_1_count":"{{$jobsMapByNodeKey.h14qw1067vw}}","level_1_fixed":"{{$jobsMapByNodeKey.cvcey3i9obe}}","level_2_count":"{{$jobsMapByNodeKey.52k6055vnrg}}","level_2_fixed":"{{$jobsMapByNodeKey.1fpxh7sjq4k}}","level_3_count":"{{$jobsMapByNodeKey.t5m287ao4ea}}","level_3_fixed":"{{$jobsMapByNodeKey.je6ex9hwdlz}}"}}} workflowId=350195571163136
[34m2026-02-26 09:35:08 [debug] job added to save list: {"result":1,"status":1,"nodeId":350195571163138,"nodeKey":"iz8nj3ykg09","id":"7230794191895552","createdAt":"2026-02-26T01:35:08.580Z","updatedAt":"2026-02-26T01:35:08.580Z","executionId":350320242655233}[39m workflowId=350195571163136
[32m2026-02-26 09:35:08 [info]  execution (350320242655233) run instruction [update] for node (350195571163138) finished as status: 1[39m workflowId=350195571163136
[34m2026-02-26 09:35:08 [debug] result of node                              [39m data=1
[34m2026-02-26 09:35:08 [debug] run next node (350196756054016)             [39m 
[32m2026-02-26 09:35:08 [info]  execution (350320242655233) run instruction [update] for node (350196756054016)[39m workflowId=350195571163136
[34m2026-02-26 09:35:08 [debug] config of node                              [39m data={"usingAssignFormSchema":true,"assignFormSchema":{"_isJSONSchemaObject":true,"version":"2.0","name":"664wo8253vg","type":"void","x-component":"Grid","x-initializer":"assignFieldValuesForm:configureFields","properties":{"p9dwl6uwc71":{"_isJSONSchemaObject":true,"version":"2.0","type":"void","x-component":"Grid.Row","properties":{"2cpmfk2xsli":{"_isJSONSchemaObject":true,"version":"2.0","type":"void","x-component":"Grid.Col","properties":{"total_defect":{"_isJSONSchemaObject":true,"version":"2.0","type":"string","name":"total_defect","x-toolbar":"FormItemSchemaToolbar","x-settings":"fieldSettings:FormItem","x-component":"AssignedField","x-decorator":"FormItem","x-collection-field":"collection_quality.total_defect"}},"name":"2cpmfk2xsli"}},"name":"p9dwl6uwc71"}}},"collection":"collection_quality","params":{"individualHooks":false,"filter":{"$and":[{"id":{"$eq":"{{$context.data.f_jmazop48q5l}}"}}]},"values":{"total_defect":"{{$jobsMapByNodeKey.q0cmjjcwe3p}}"}}} workflowId=350195571163136
[34m2026-02-26 09:35:08 [debug] job added to save list: {"result":1,"status":1,"nodeId":350196756054016,"nodeKey":"12iul4a9nxf","id":"7230794212867072","createdAt":"2026-02-26T01:35:08.585Z","updatedAt":"2026-02-26T01:35:08.585Z","executionId":350320242655233}[39m workflowId=350195571163136
[32m2026-02-26 09:35:08 [info]  execution (350320242655233) run instruction [update] for node (350196756054016) finished as status: 1[39m workflowId=350195571163136
[34m2026-02-26 09:35:08 [debug] result of node                              [39m data=1
[34m2026-02-26 09:35:08 [debug] branch ended at node (350196756054016)      [39m 
[32m2026-02-26 09:35:08 [info]  execution (350320242655233) exiting with status 1[39m workflowId=350195571163136
[32m2026-02-26 09:35:08 [info]  execution (350320242655233) finished with status: 1[39m 
[34m2026-02-26 09:35:08 [debug] execution (350320242655233) details:        [39m execution={"createdAt":"2026-02-26T01:35:08.441Z","id":350320242655233,"updatedAt":"2026-02-26T01:35:08.588Z","key":"y5dhtirx5t1","eventKey":"92478bbc-c0cc-471b-aeca-f6dd9f0dec6f","context":{"data":{"createdAt":"2026-02-25T10:01:58.277Z","updatedAt":"2026-02-25T10:01:58.283Z","defect":"图纸模糊","defect_rank":"level3","priority":"P3","id":350202823114752,"f_jmazop48q5l":350197087404032,"createdById":1,"updatedById":1,"defect_classification":"历史遗留","module":350197072723968,"label":["历史遗留"],"defect_status":"待修复"}},"status":1,"dispatched":true,"stack":null,"output":null,"manually":null,"workflowId":350195571163136}
[32m2026-02-26 09:35:21 [info]  new event triggered, now events: 1          [39m 
[34m2026-02-26 09:35:21 [debug] event data:                                 [39m context={"data":{"createdAt":"2026-02-25T10:00:14.691Z","updatedAt":"2026-02-26T01:35:13.094Z","defect":"图纸错误","defect_rank":"level1","priority":"P1","id":350202605010944,"f_jmazop48q5l":350202521124864,"createdById":1,"updatedById":1,"defect_classification":"历史遗留","module":null,"label":["历史遗留","已修复"],"defect_status":"已修复"}}
[32m2026-02-26 09:35:21 [info]  new event triggered, now events: 2          [39m 
[34m2026-02-26 09:35:21 [debug] event data:                                 [39m context={"data":{"createdAt":"2026-02-26T01:19:39.549Z","updatedAt":"2026-02-26T01:35:13.095Z","defect":"图纸模糊","defect_rank":"level3","priority":"P3","id":350318294401024,"f_jmazop48q5l":350202521124864,"createdById":1,"updatedById":1,"defect_classification":"历史遗留","module":null,"label":["建议"],"defect_status":"待修复"}}
[32m2026-02-26 09:35:21 [info]  new event is pending to be prepared after previous preparation is finished[39m 
[32m2026-02-26 09:35:21 [info]  preparing execution for event               [39m 
[32m2026-02-26 09:35:21 [info]  execution of workflow 350195571163136 created as 350320269918208[39m 
[32m2026-02-26 09:35:21 [info]  local pending list is empty, adding execution (350320269918208) to pending list[39m 
[32m2026-02-26 09:35:21 [info]  preparing execution for event               [39m 
[32m2026-02-26 09:35:21 [info]  execution of workflow 350195571163136 created as 350320269918209[39m 
[32m2026-02-26 09:35:21 [info]  instance is not serving as worker or local pending list is not empty, sending execution (350320269918209) to queue[39m 
[32m2026-02-26 09:35:21 [info]  pending execution (350320269918208) ready to process[39m 
[32m2026-02-26 09:35:21 [info]  execution (350320269918208) starting...     [39m 
[32m2026-02-26 09:35:21 [info]  execution (350320269918208) run instruction [aggregate] for node (350195571163145)[39m workflowId=350195571163136
[34m2026-02-26 09:35:21 [debug] config of node                              [39m data={"aggregator":"count","associated":false,"params":{"field":"id","filter":{"$and":[{"defect_rank":{"$eq":"level1"}},{"label":{"$noneOf":["功能屏蔽","已拒绝","建议"]}},{"module":{"$eq":"{{$context.data.module}}"}}]}},"precision":2,"collection":"defects"} workflowId=350195571163136
[34m2026-02-26 09:35:21 [debug] job added to save list: {"result":4,"status":1,"nodeId":350195571163145,"nodeKey":"h14qw1067vw","id":"7230849028226048","createdAt":"2026-02-26T01:35:21.654Z","updatedAt":"2026-02-26T01:35:21.654Z","executionId":350320269918208}[39m workflowId=350195571163136
[32m2026-02-26 09:35:21 [info]  execution (350320269918208) run instruction [aggregate] for node (350195571163145) finished as status: 1[39m workflowId=350195571163136
[34m2026-02-26 09:35:21 [debug] result of node                              [39m data=4
[34m2026-02-26 09:35:21 [debug] run next node (350195571163139)             [39m 
[32m2026-02-26 09:35:21 [info]  execution (350320269918208) run instruction [aggregate] for node (350195571163139)[39m workflowId=350195571163136
[34m2026-02-26 09:35:21 [debug] config of node                              [39m data={"aggregator":"count","associated":false,"params":{"field":"id","filter":{"$and":[{"defect_rank":{"$eq":"level1"}},{"label":{"$noneOf":["功能屏蔽","已拒绝","建议"]}},{"$or":[{"label":{"$anyOf":["已修复","待合并"]}},{"$and":[{"label":{"$anyOf":["未复现"]}},{"defect_status":{"$eq":"已关闭"}}]}]},{"module":{"$eq":"{{$context.data.module}}"}}]}},"precision":2,"collection":"defects"} workflowId=350195571163136
[34m2026-02-26 09:35:21 [debug] job added to save list: {"result":0,"status":1,"nodeId":350195571163139,"nodeKey":"cvcey3i9obe","id":"7230849040808960","createdAt":"2026-02-26T01:35:21.657Z","updatedAt":"2026-02-26T01:35:21.657Z","executionId":350320269918208}[39m workflowId=350195571163136
[32m2026-02-26 09:35:21 [info]  execution (350320269918208) run instruction [aggregate] for node (350195571163139) finished as status: 1[39m workflowId=350195571163136
[34m2026-02-26 09:35:21 [debug] result of node                              [39m 
[34m2026-02-26 09:35:21 [debug] run next node (350195571163144)             [39m 
[32m2026-02-26 09:35:21 [info]  execution (350320269918208) run instruction [aggregate] for node (350195571163144)[39m workflowId=350195571163136
[34m2026-02-26 09:35:21 [debug] config of node                              [39m data={"aggregator":"count","associated":false,"params":{"field":"id","filter":{"$and":[{"defect_rank":{"$eq":"level2"}},{"label":{"$noneOf":["功能屏蔽","已拒绝","建议"]}},{"module":{"$eq":"{{$context.data.module}}"}}]}},"precision":2,"collection":"defects"} workflowId=350195571163136
[34m2026-02-26 09:35:21 [debug] job added to save list: {"result":0,"status":1,"nodeId":350195571163144,"nodeKey":"52k6055vnrg","id":"7230849049197568","createdAt":"2026-02-26T01:35:21.659Z","updatedAt":"2026-02-26T01:35:21.659Z","executionId":350320269918208}[39m workflowId=350195571163136
[32m2026-02-26 09:35:21 [info]  execution (350320269918208) run instruction [aggregate] for node (350195571163144) finished as status: 1[39m workflowId=350195571163136
[34m2026-02-26 09:35:21 [debug] result of node                              [39m 
[34m2026-02-26 09:35:21 [debug] run next node (350195571163137)             [39m 
[32m2026-02-26 09:35:21 [info]  execution (350320269918208) run instruction [aggregate] for node (350195571163137)[39m workflowId=350195571163136
[34m2026-02-26 09:35:21 [debug] config of node                              [39m data={"aggregator":"count","associated":false,"params":{"field":"id","filter":{"$and":[{"defect_rank":{"$eq":"level2"}},{"label":{"$noneOf":["功能屏蔽","已拒绝","建议"]}},{"$or":[{"label":{"$anyOf":["已修复","待合并"]}},{"$and":[{"label":{"$anyOf":["未复现"]}},{"defect_status":{"$eq":"已关闭"}}]}]},{"module":{"$eq":"{{$context.data.module}}"}}]}},"precision":2,"collection":"defects"} workflowId=350195571163136
[34m2026-02-26 09:35:21 [debug] job added to save list: {"result":0,"status":1,"nodeId":350195571163137,"nodeKey":"1fpxh7sjq4k","id":"7230849061780480","createdAt":"2026-02-26T01:35:21.662Z","updatedAt":"2026-02-26T01:35:21.662Z","executionId":350320269918208}[39m workflowId=350195571163136
[32m2026-02-26 09:35:21 [info]  execution (350320269918208) run instruction [aggregate] for node (350195571163137) finished as status: 1[39m workflowId=350195571163136
[34m2026-02-26 09:35:21 [debug] result of node                              [39m 
[34m2026-02-26 09:35:21 [debug] run next node (350195571163143)             [39m 
[32m2026-02-26 09:35:21 [info]  execution (350320269918208) run instruction [aggregate] for node (350195571163143)[39m workflowId=350195571163136
[34m2026-02-26 09:35:21 [debug] config of node                              [39m data={"aggregator":"count","associated":false,"params":{"field":"id","filter":{"$and":[{"defect_rank":{"$eq":"level3"}},{"label":{"$noneOf":["功能屏蔽","已拒绝","建议"]}},{"module":{"$eq":"{{$context.data.module}}"}}]}},"precision":2,"collection":"defects"} workflowId=350195571163136
[34m2026-02-26 09:35:21 [debug] job added to save list: {"result":2,"status":1,"nodeId":350195571163143,"nodeKey":"t5m287ao4ea","id":"7230849070169088","createdAt":"2026-02-26T01:35:21.664Z","updatedAt":"2026-02-26T01:35:21.664Z","executionId":350320269918208}[39m workflowId=350195571163136
[32m2026-02-26 09:35:21 [info]  execution (350320269918208) run instruction [aggregate] for node (350195571163143) finished as status: 1[39m workflowId=350195571163136
[34m2026-02-26 09:35:21 [debug] result of node                              [39m data=2
[34m2026-02-26 09:35:21 [debug] run next node (350195571163142)             [39m 
[32m2026-02-26 09:35:21 [info]  execution (350320269918208) run instruction [aggregate] for node (350195571163142)[39m workflowId=350195571163136
[34m2026-02-26 09:35:21 [debug] config of node                              [39m data={"aggregator":"count","associated":false,"params":{"field":"id","filter":{"$and":[{"defect_rank":{"$eq":"level3"}},{"label":{"$noneOf":["功能屏蔽","已拒绝","建议"]}},{"$or":[{"label":{"$anyOf":["待合并","已修复"]}},{"$and":[{"label":{"$anyOf":["未复现"]}},{"defect_status":{"$eq":"已关闭"}}]}]},{"module":{"$eq":"{{$context.data.module}}"}}]}},"precision":2,"collection":"defects"} workflowId=350195571163136
[34m2026-02-26 09:35:21 [debug] job added to save list: {"result":0,"status":1,"nodeId":350195571163142,"nodeKey":"je6ex9hwdlz","id":"7230849082752000","createdAt":"2026-02-26T01:35:21.667Z","updatedAt":"2026-02-26T01:35:21.667Z","executionId":350320269918208}[39m workflowId=350195571163136
[32m2026-02-26 09:35:21 [info]  execution (350320269918208) run instruction [aggregate] for node (350195571163142) finished as status: 1[39m workflowId=350195571163136
[34m2026-02-26 09:35:21 [debug] result of node                              [39m 
[34m2026-02-26 09:35:21 [debug] run next node (350196649099264)             [39m 
[32m2026-02-26 09:35:21 [info]  execution (350320269918208) run instruction [aggregate] for node (350196649099264)[39m workflowId=350195571163136
[34m2026-02-26 09:35:21 [debug] config of node                              [39m data={"aggregator":"count","associated":false,"params":{"field":"id","filter":{"$and":[{"f_jmazop48q5l":{"$eq":"{{$context.data.f_jmazop48q5l}}"}}]}},"precision":2,"collection":"defects"} workflowId=350195571163136
[34m2026-02-26 09:35:21 [debug] job added to save list: {"result":0,"status":1,"nodeId":350196649099264,"nodeKey":"q0cmjjcwe3p","id":"7230849091140608","createdAt":"2026-02-26T01:35:21.669Z","updatedAt":"2026-02-26T01:35:21.669Z","executionId":350320269918208}[39m workflowId=350195571163136
[32m2026-02-26 09:35:21 [info]  execution (350320269918208) run instruction [aggregate] for node (350196649099264) finished as status: 1[39m workflowId=350195571163136
[34m2026-02-26 09:35:21 [debug] result of node                              [39m 
[34m2026-02-26 09:35:21 [debug] run next node (350195571163138)             [39m 
[32m2026-02-26 09:35:21 [info]  execution (350320269918208) run instruction [update] for node (350195571163138)[39m workflowId=350195571163136
[34m2026-02-26 09:35:21 [debug] config of node                              [39m data={"usingAssignFormSchema":true,"assignFormSchema":{"_isJSONSchemaObject":true,"version":"2.0","name":"z36wx6jbrw9","type":"void","x-component":"Grid","x-initializer":"assignFieldValuesForm:configureFields","properties":{"i1v4kp5ixw1":{"_isJSONSchemaObject":true,"version":"2.0","type":"void","x-component":"Grid.Row","properties":{"m57in1bxqre":{"_isJSONSchemaObject":true,"version":"2.0","type":"void","x-component":"Grid.Col","properties":{"level_1_count":{"_isJSONSchemaObject":true,"version":"2.0","type":"string","name":"level_1_count","x-toolbar":"FormItemSchemaToolbar","x-settings":"fieldSettings:FormItem","x-component":"AssignedField","x-decorator":"FormItem","x-collection-field":"module_summaries.level_1_count"}},"name":"m57in1bxqre"}},"name":"i1v4kp5ixw1"},"28tkyaas4rv":{"_isJSONSchemaObject":true,"version":"2.0","type":"void","x-component":"Grid.Row","properties":{"aubadkxorcs":{"_isJSONSchemaObject":true,"version":"2.0","type":"void","x-component":"Grid.Col","properties":{"level_1_fixed":{"_isJSONSchemaObject":true,"version":"2.0","type":"string","name":"level_1_fixed","x-toolbar":"FormItemSchemaToolbar","x-settings":"fieldSettings:FormItem","x-component":"AssignedField","x-decorator":"FormItem","x-collection-field":"module_summaries.level_1_fixed"}},"name":"aubadkxorcs"}},"name":"28tkyaas4rv"},"87dzfrypjv5":{"_isJSONSchemaObject":true,"version":"2.0","type":"void","x-component":"Grid.Row","properties":{"00u2e0hze8y":{"_isJSONSchemaObject":true,"version":"2.0","type":"void","x-component":"Grid.Col","properties":{"level_2_count":{"_isJSONSchemaObject":true,"version":"2.0","type":"string","name":"level_2_count","x-toolbar":"FormItemSchemaToolbar","x-settings":"fieldSettings:FormItem","x-component":"AssignedField","x-decorator":"FormItem","x-collection-field":"module_summaries.level_2_count"}},"name":"00u2e0hze8y"}},"name":"87dzfrypjv5"},"sr9fb2g83wa":{"_isJSONSchemaObject":true,"version":"2.0","type":"void","x-component":"Grid.Row","properties":{"mctr2nubczg":{"_isJSONSchemaObject":true,"version":"2.0","type":"void","x-component":"Grid.Col","properties":{"level_2_fixed":{"_isJSONSchemaObject":true,"version":"2.0","type":"string","name":"level_2_fixed","x-toolbar":"FormItemSchemaToolbar","x-settings":"fieldSettings:FormItem","x-component":"AssignedField","x-decorator":"FormItem","x-collection-field":"module_summaries.level_2_fixed"}},"name":"mctr2nubczg"}},"name":"sr9fb2g83wa"},"robhdmi5xfc":{"_isJSONSchemaObject":true,"version":"2.0","type":"void","x-component":"Grid.Row","properties":{"d7pyy4ts79k":{"_isJSONSchemaObject":true,"version":"2.0","type":"void","x-component":"Grid.Col","properties":{"level_3_count":{"_isJSONSchemaObject":true,"version":"2.0","type":"string","name":"level_3_count","x-toolbar":"FormItemSchemaToolbar","x-settings":"fieldSettings:FormItem","x-component":"AssignedField","x-decorator":"FormItem","x-collection-field":"module_summaries.level_3_count"}},"name":"d7pyy4ts79k"}},"name":"robhdmi5xfc"},"9ykwa93dd5w":{"_isJSONSchemaObject":true,"version":"2.0","type":"void","x-component":"Grid.Row","properties":{"0nkrxq50w1f":{"_isJSONSchemaObject":true,"version":"2.0","type":"void","x-component":"Grid.Col","properties":{"level_3_fixed":{"_isJSONSchemaObject":true,"version":"2.0","type":"string","name":"level_3_fixed","x-toolbar":"FormItemSchemaToolbar","x-settings":"fieldSettings:FormItem","x-component":"AssignedField","x-decorator":"FormItem","x-collection-field":"module_summaries.level_3_fixed"}},"name":"0nkrxq50w1f"}},"name":"9ykwa93dd5w"}}},"collection":"module_summaries","params":{"individualHooks":false,"filter":{"$and":[{"id":{"$eq":"{{$context.data.module}}"}}]},"values":{"level_1_count":"{{$jobsMapByNodeKey.h14qw1067vw}}","level_1_fixed":"{{$jobsMapByNodeKey.cvcey3i9obe}}","level_2_count":"{{$jobsMapByNodeKey.52k6055vnrg}}","level_2_fixed":"{{$jobsMapByNodeKey.1fpxh7sjq4k}}","level_3_count":"{{$jobsMapByNodeKey.t5m287ao4ea}}","level_3_fixed":"{{$jobsMapByNodeKey.je6ex9hwdlz}}"}}} workflowId=350195571163136
[34m2026-02-26 09:35:21 [debug] job added to save list: {"result":0,"status":1,"nodeId":350195571163138,"nodeKey":"iz8nj3ykg09","id":"7230849103723520","createdAt":"2026-02-26T01:35:21.672Z","updatedAt":"2026-02-26T01:35:21.672Z","executionId":350320269918208}[39m workflowId=350195571163136
[32m2026-02-26 09:35:21 [info]  execution (350320269918208) run instruction [update] for node (350195571163138) finished as status: 1[39m workflowId=350195571163136
[34m2026-02-26 09:35:21 [debug] result of node                              [39m 
[34m2026-02-26 09:35:21 [debug] run next node (350196756054016)             [39m 
[32m2026-02-26 09:35:21 [info]  execution (350320269918208) run instruction [update] for node (350196756054016)[39m workflowId=350195571163136
[34m2026-02-26 09:35:21 [debug] config of node                              [39m data={"usingAssignFormSchema":true,"assignFormSchema":{"_isJSONSchemaObject":true,"version":"2.0","name":"664wo8253vg","type":"void","x-component":"Grid","x-initializer":"assignFieldValuesForm:configureFields","properties":{"p9dwl6uwc71":{"_isJSONSchemaObject":true,"version":"2.0","type":"void","x-component":"Grid.Row","properties":{"2cpmfk2xsli":{"_isJSONSchemaObject":true,"version":"2.0","type":"void","x-component":"Grid.Col","properties":{"total_defect":{"_isJSONSchemaObject":true,"version":"2.0","type":"string","name":"total_defect","x-toolbar":"FormItemSchemaToolbar","x-settings":"fieldSettings:FormItem","x-component":"AssignedField","x-decorator":"FormItem","x-collection-field":"collection_quality.total_defect"}},"name":"2cpmfk2xsli"}},"name":"p9dwl6uwc71"}}},"collection":"collection_quality","params":{"individualHooks":false,"filter":{"$and":[{"id":{"$eq":"{{$context.data.f_jmazop48q5l}}"}}]},"values":{"total_defect":"{{$jobsMapByNodeKey.q0cmjjcwe3p}}"}}} workflowId=350195571163136
[34m2026-02-26 09:35:21 [debug] job added to save list: {"result":1,"status":1,"nodeId":350196756054016,"nodeKey":"12iul4a9nxf","id":"7230849116306432","createdAt":"2026-02-26T01:35:21.675Z","updatedAt":"2026-02-26T01:35:21.675Z","executionId":350320269918208}[39m workflowId=350195571163136
[32m2026-02-26 09:35:21 [info]  execution (350320269918208) run instruction [update] for node (350196756054016) finished as status: 1[39m workflowId=350195571163136
[34m2026-02-26 09:35:21 [debug] result of node                              [39m data=1
[34m2026-02-26 09:35:21 [debug] branch ended at node (350196756054016)      [39m 
[32m2026-02-26 09:35:21 [info]  execution (350320269918208) exiting with status 1[39m workflowId=350195571163136
[32m2026-02-26 09:35:21 [info]  execution (350320269918208) finished with status: 1[39m 
[34m2026-02-26 09:35:21 [debug] execution (350320269918208) details:        [39m execution={"createdAt":"2026-02-26T01:35:21.632Z","id":350320269918208,"updatedAt":"2026-02-26T01:35:21.679Z","key":"y5dhtirx5t1","eventKey":"57c92933-7215-492b-99e3-20f85ea44fa2","context":{"data":{"createdAt":"2026-02-25T10:00:14.691Z","updatedAt":"2026-02-26T01:35:13.094Z","defect":"图纸错误","defect_rank":"level1","priority":"P1","id":350202605010944,"f_jmazop48q5l":350202521124864,"createdById":1,"updatedById":1,"defect_classification":"历史遗留","module":null,"label":["历史遗留","已修复"],"defect_status":"已修复"}},"status":1,"dispatched":true,"stack":null,"output":null,"manually":null,"workflowId":350195571163136}
[32m2026-02-26 09:35:21 [info]  execution (350320269918209) fetched from db [39m 
[32m2026-02-26 09:35:21 [info]  execution (350320269918209) starting...     [39m 
[32m2026-02-26 09:35:21 [info]  execution (350320269918209) run instruction [aggregate] for node (350195571163145)[39m workflowId=350195571163136
[34m2026-02-26 09:35:21 [debug] config of node                              [39m data={"aggregator":"count","associated":false,"params":{"field":"id","filter":{"$and":[{"defect_rank":{"$eq":"level1"}},{"label":{"$noneOf":["功能屏蔽","已拒绝","建议"]}},{"module":{"$eq":"{{$context.data.module}}"}}]}},"precision":2,"collection":"defects"} workflowId=350195571163136
[34m2026-02-26 09:35:21 [debug] job added to save list: {"result":4,"status":1,"nodeId":350195571163145,"nodeKey":"h14qw1067vw","id":"7230849250524160","createdAt":"2026-02-26T01:35:21.707Z","updatedAt":"2026-02-26T01:35:21.707Z","executionId":350320269918209}[39m workflowId=350195571163136
[32m2026-02-26 09:35:21 [info]  execution (350320269918209) run instruction [aggregate] for node (350195571163145) finished as status: 1[39m workflowId=350195571163136
[34m2026-02-26 09:35:21 [debug] result of node                              [39m data=4
[34m2026-02-26 09:35:21 [debug] run next node (350195571163139)             [39m 
[32m2026-02-26 09:35:21 [info]  execution (350320269918209) run instruction [aggregate] for node (350195571163139)[39m workflowId=350195571163136
[34m2026-02-26 09:35:21 [debug] config of node                              [39m data={"aggregator":"count","associated":false,"params":{"field":"id","filter":{"$and":[{"defect_rank":{"$eq":"level1"}},{"label":{"$noneOf":["功能屏蔽","已拒绝","建议"]}},{"$or":[{"label":{"$anyOf":["已修复","待合并"]}},{"$and":[{"label":{"$anyOf":["未复现"]}},{"defect_status":{"$eq":"已关闭"}}]}]},{"module":{"$eq":"{{$context.data.module}}"}}]}},"precision":2,"collection":"defects"} workflowId=350195571163136
[34m2026-02-26 09:35:21 [debug] job added to save list: {"result":0,"status":1,"nodeId":350195571163139,"nodeKey":"cvcey3i9obe","id":"7230849267301376","createdAt":"2026-02-26T01:35:21.711Z","updatedAt":"2026-02-26T01:35:21.711Z","executionId":350320269918209}[39m workflowId=350195571163136
[32m2026-02-26 09:35:21 [info]  execution (350320269918209) run instruction [aggregate] for node (350195571163139) finished as status: 1[39m workflowId=350195571163136
[34m2026-02-26 09:35:21 [debug] result of node                              [39m 
[34m2026-02-26 09:35:21 [debug] run next node (350195571163144)             [39m 
[32m2026-02-26 09:35:21 [info]  execution (350320269918209) run instruction [aggregate] for node (350195571163144)[39m workflowId=350195571163136
[34m2026-02-26 09:35:21 [debug] config of node                              [39m data={"aggregator":"count","associated":false,"params":{"field":"id","filter":{"$and":[{"defect_rank":{"$eq":"level2"}},{"label":{"$noneOf":["功能屏蔽","已拒绝","建议"]}},{"module":{"$eq":"{{$context.data.module}}"}}]}},"precision":2,"collection":"defects"} workflowId=350195571163136
[34m2026-02-26 09:35:21 [debug] job added to save list: {"result":0,"status":1,"nodeId":350195571163144,"nodeKey":"52k6055vnrg","id":"7230849284078592","createdAt":"2026-02-26T01:35:21.715Z","updatedAt":"2026-02-26T01:35:21.715Z","executionId":350320269918209}[39m workflowId=350195571163136
[32m2026-02-26 09:35:21 [info]  execution (350320269918209) run instruction [aggregate] for node (350195571163144) finished as status: 1[39m workflowId=350195571163136
[34m2026-02-26 09:35:21 [debug] result of node                              [39m 
[34m2026-02-26 09:35:21 [debug] run next node (350195571163137)             [39m 
[32m2026-02-26 09:35:21 [info]  execution (350320269918209) run instruction [aggregate] for node (350195571163137)[39m workflowId=350195571163136
[34m2026-02-26 09:35:21 [debug] config of node                              [39m data={"aggregator":"count","associated":false,"params":{"field":"id","filter":{"$and":[{"defect_rank":{"$eq":"level2"}},{"label":{"$noneOf":["功能屏蔽","已拒绝","建议"]}},{"$or":[{"label":{"$anyOf":["已修复","待合并"]}},{"$and":[{"label":{"$anyOf":["未复现"]}},{"defect_status":{"$eq":"已关闭"}}]}]},{"module":{"$eq":"{{$context.data.module}}"}}]}},"precision":2,"collection":"defects"} workflowId=350195571163136
[34m2026-02-26 09:35:21 [debug] job added to save list: {"result":0,"status":1,"nodeId":350195571163137,"nodeKey":"1fpxh7sjq4k","id":"7230849296661504","createdAt":"2026-02-26T01:35:21.718Z","updatedAt":"2026-02-26T01:35:21.718Z","executionId":350320269918209}[39m workflowId=350195571163136
[32m2026-02-26 09:35:21 [info]  execution (350320269918209) run instruction [aggregate] for node (350195571163137) finished as status: 1[39m workflowId=350195571163136
[34m2026-02-26 09:35:21 [debug] result of node                              [39m 
[34m2026-02-26 09:35:21 [debug] run next node (350195571163143)             [39m 
[32m2026-02-26 09:35:21 [info]  execution (350320269918209) run instruction [aggregate] for node (350195571163143)[39m workflowId=350195571163136
[34m2026-02-26 09:35:21 [debug] config of node                              [39m data={"aggregator":"count","associated":false,"params":{"field":"id","filter":{"$and":[{"defect_rank":{"$eq":"level3"}},{"label":{"$noneOf":["功能屏蔽","已拒绝","建议"]}},{"module":{"$eq":"{{$context.data.module}}"}}]}},"precision":2,"collection":"defects"} workflowId=350195571163136
[34m2026-02-26 09:35:21 [debug] job added to save list: {"result":2,"status":1,"nodeId":350195571163143,"nodeKey":"t5m287ao4ea","id":"7230849309244416","createdAt":"2026-02-26T01:35:21.721Z","updatedAt":"2026-02-26T01:35:21.721Z","executionId":350320269918209}[39m workflowId=350195571163136
[32m2026-02-26 09:35:21 [info]  execution (350320269918209) run instruction [aggregate] for node (350195571163143) finished as status: 1[39m workflowId=350195571163136
[34m2026-02-26 09:35:21 [debug] result of node                              [39m data=2
[34m2026-02-26 09:35:21 [debug] run next node (350195571163142)             [39m 
[32m2026-02-26 09:35:21 [info]  execution (350320269918209) run instruction [aggregate] for node (350195571163142)[39m workflowId=350195571163136
[34m2026-02-26 09:35:21 [debug] config of node                              [39m data={"aggregator":"count","associated":false,"params":{"field":"id","filter":{"$and":[{"defect_rank":{"$eq":"level3"}},{"label":{"$noneOf":["功能屏蔽","已拒绝","建议"]}},{"$or":[{"label":{"$anyOf":["待合并","已修复"]}},{"$and":[{"label":{"$anyOf":["未复现"]}},{"defect_status":{"$eq":"已关闭"}}]}]},{"module":{"$eq":"{{$context.data.module}}"}}]}},"precision":2,"collection":"defects"} workflowId=350195571163136
[34m2026-02-26 09:35:21 [debug] job added to save list: {"result":0,"status":1,"nodeId":350195571163142,"nodeKey":"je6ex9hwdlz","id":"7230849321827328","createdAt":"2026-02-26T01:35:21.724Z","updatedAt":"2026-02-26T01:35:21.724Z","executionId":350320269918209}[39m workflowId=350195571163136
[32m2026-02-26 09:35:21 [info]  execution (350320269918209) run instruction [aggregate] for node (350195571163142) finished as status: 1[39m workflowId=350195571163136
[34m2026-02-26 09:35:21 [debug] result of node                              [39m 
[34m2026-02-26 09:35:21 [debug] run next node (350196649099264)             [39m 
[32m2026-02-26 09:35:21 [info]  execution (350320269918209) run instruction [aggregate] for node (350196649099264)[39m workflowId=350195571163136
[34m2026-02-26 09:35:21 [debug] config of node                              [39m data={"aggregator":"count","associated":false,"params":{"field":"id","filter":{"$and":[{"f_jmazop48q5l":{"$eq":"{{$context.data.f_jmazop48q5l}}"}}]}},"precision":2,"collection":"defects"} workflowId=350195571163136
[34m2026-02-26 09:35:21 [debug] job added to save list: {"result":0,"status":1,"nodeId":350196649099264,"nodeKey":"q0cmjjcwe3p","id":"7230849334410240","createdAt":"2026-02-26T01:35:21.727Z","updatedAt":"2026-02-26T01:35:21.727Z","executionId":350320269918209}[39m workflowId=350195571163136
[32m2026-02-26 09:35:21 [info]  execution (350320269918209) run instruction [aggregate] for node (350196649099264) finished as status: 1[39m workflowId=350195571163136
[34m2026-02-26 09:35:21 [debug] result of node                              [39m 
[34m2026-02-26 09:35:21 [debug] run next node (350195571163138)             [39m 
[32m2026-02-26 09:35:21 [info]  execution (350320269918209) run instruction [update] for node (350195571163138)[39m workflowId=350195571163136
[34m2026-02-26 09:35:21 [debug] config of node                              [39m data={"usingAssignFormSchema":true,"assignFormSchema":{"_isJSONSchemaObject":true,"version":"2.0","name":"z36wx6jbrw9","type":"void","x-component":"Grid","x-initializer":"assignFieldValuesForm:configureFields","properties":{"i1v4kp5ixw1":{"_isJSONSchemaObject":true,"version":"2.0","type":"void","x-component":"Grid.Row","properties":{"m57in1bxqre":{"_isJSONSchemaObject":true,"version":"2.0","type":"void","x-component":"Grid.Col","properties":{"level_1_count":{"_isJSONSchemaObject":true,"version":"2.0","type":"string","name":"level_1_count","x-toolbar":"FormItemSchemaToolbar","x-settings":"fieldSettings:FormItem","x-component":"AssignedField","x-decorator":"FormItem","x-collection-field":"module_summaries.level_1_count"}},"name":"m57in1bxqre"}},"name":"i1v4kp5ixw1"},"28tkyaas4rv":{"_isJSONSchemaObject":true,"version":"2.0","type":"void","x-component":"Grid.Row","properties":{"aubadkxorcs":{"_isJSONSchemaObject":true,"version":"2.0","type":"void","x-component":"Grid.Col","properties":{"level_1_fixed":{"_isJSONSchemaObject":true,"version":"2.0","type":"string","name":"level_1_fixed","x-toolbar":"FormItemSchemaToolbar","x-settings":"fieldSettings:FormItem","x-component":"AssignedField","x-decorator":"FormItem","x-collection-field":"module_summaries.level_1_fixed"}},"name":"aubadkxorcs"}},"name":"28tkyaas4rv"},"87dzfrypjv5":{"_isJSONSchemaObject":true,"version":"2.0","type":"void","x-component":"Grid.Row","properties":{"00u2e0hze8y":{"_isJSONSchemaObject":true,"version":"2.0","type":"void","x-component":"Grid.Col","properties":{"level_2_count":{"_isJSONSchemaObject":true,"version":"2.0","type":"string","name":"level_2_count","x-toolbar":"FormItemSchemaToolbar","x-settings":"fieldSettings:FormItem","x-component":"AssignedField","x-decorator":"FormItem","x-collection-field":"module_summaries.level_2_count"}},"name":"00u2e0hze8y"}},"name":"87dzfrypjv5"},"sr9fb2g83wa":{"_isJSONSchemaObject":true,"version":"2.0","type":"void","x-component":"Grid.Row","properties":{"mctr2nubczg":{"_isJSONSchemaObject":true,"version":"2.0","type":"void","x-component":"Grid.Col","properties":{"level_2_fixed":{"_isJSONSchemaObject":true,"version":"2.0","type":"string","name":"level_2_fixed","x-toolbar":"FormItemSchemaToolbar","x-settings":"fieldSettings:FormItem","x-component":"AssignedField","x-decorator":"FormItem","x-collection-field":"module_summaries.level_2_fixed"}},"name":"mctr2nubczg"}},"name":"sr9fb2g83wa"},"robhdmi5xfc":{"_isJSONSchemaObject":true,"version":"2.0","type":"void","x-component":"Grid.Row","properties":{"d7pyy4ts79k":{"_isJSONSchemaObject":true,"version":"2.0","type":"void","x-component":"Grid.Col","properties":{"level_3_count":{"_isJSONSchemaObject":true,"version":"2.0","type":"string","name":"level_3_count","x-toolbar":"FormItemSchemaToolbar","x-settings":"fieldSettings:FormItem","x-component":"AssignedField","x-decorator":"FormItem","x-collection-field":"module_summaries.level_3_count"}},"name":"d7pyy4ts79k"}},"name":"robhdmi5xfc"},"9ykwa93dd5w":{"_isJSONSchemaObject":true,"version":"2.0","type":"void","x-component":"Grid.Row","properties":{"0nkrxq50w1f":{"_isJSONSchemaObject":true,"version":"2.0","type":"void","x-component":"Grid.Col","properties":{"level_3_fixed":{"_isJSONSchemaObject":true,"version":"2.0","type":"string","name":"level_3_fixed","x-toolbar":"FormItemSchemaToolbar","x-settings":"fieldSettings:FormItem","x-component":"AssignedField","x-decorator":"FormItem","x-collection-field":"module_summaries.level_3_fixed"}},"name":"0nkrxq50w1f"}},"name":"9ykwa93dd5w"}}},"collection":"module_summaries","params":{"individualHooks":false,"filter":{"$and":[{"id":{"$eq":"{{$context.data.module}}"}}]},"values":{"level_1_count":"{{$jobsMapByNodeKey.h14qw1067vw}}","level_1_fixed":"{{$jobsMapByNodeKey.cvcey3i9obe}}","level_2_count":"{{$jobsMapByNodeKey.52k6055vnrg}}","level_2_fixed":"{{$jobsMapByNodeKey.1fpxh7sjq4k}}","level_3_count":"{{$jobsMapByNodeKey.t5m287ao4ea}}","level_3_fixed":"{{$jobsMapByNodeKey.je6ex9hwdlz}}"}}} workflowId=350195571163136
[34m2026-02-26 09:35:21 [debug] job added to save list: {"result":0,"status":1,"nodeId":350195571163138,"nodeKey":"iz8nj3ykg09","id":"7230849355381760","createdAt":"2026-02-26T01:35:21.732Z","updatedAt":"2026-02-26T01:35:21.732Z","executionId":350320269918209}[39m workflowId=350195571163136
[32m2026-02-26 09:35:21 [info]  execution (350320269918209) run instruction [update] for node (350195571163138) finished as status: 1[39m workflowId=350195571163136
[34m2026-02-26 09:35:21 [debug] result of node                              [39m 
[34m2026-02-26 09:35:21 [debug] run next node (350196756054016)             [39m 
[32m2026-02-26 09:35:21 [info]  execution (350320269918209) run instruction [update] for node (350196756054016)[39m workflowId=350195571163136
[34m2026-02-26 09:35:21 [debug] config of node                              [39m data={"usingAssignFormSchema":true,"assignFormSchema":{"_isJSONSchemaObject":true,"version":"2.0","name":"664wo8253vg","type":"void","x-component":"Grid","x-initializer":"assignFieldValuesForm:configureFields","properties":{"p9dwl6uwc71":{"_isJSONSchemaObject":true,"version":"2.0","type":"void","x-component":"Grid.Row","properties":{"2cpmfk2xsli":{"_isJSONSchemaObject":true,"version":"2.0","type":"void","x-component":"Grid.Col","properties":{"total_defect":{"_isJSONSchemaObject":true,"version":"2.0","type":"string","name":"total_defect","x-toolbar":"FormItemSchemaToolbar","x-settings":"fieldSettings:FormItem","x-component":"AssignedField","x-decorator":"FormItem","x-collection-field":"collection_quality.total_defect"}},"name":"2cpmfk2xsli"}},"name":"p9dwl6uwc71"}}},"collection":"collection_quality","params":{"individualHooks":false,"filter":{"$and":[{"id":{"$eq":"{{$context.data.f_jmazop48q5l}}"}}]},"values":{"total_defect":"{{$jobsMapByNodeKey.q0cmjjcwe3p}}"}}} workflowId=350195571163136
[34m2026-02-26 09:35:21 [debug] job added to save list: {"result":1,"status":1,"nodeId":350196756054016,"nodeKey":"12iul4a9nxf","id":"7230849380547584","createdAt":"2026-02-26T01:35:21.738Z","updatedAt":"2026-02-26T01:35:21.738Z","executionId":350320269918209}[39m workflowId=350195571163136
[32m2026-02-26 09:35:21 [info]  execution (350320269918209) run instruction [update] for node (350196756054016) finished as status: 1[39m workflowId=350195571163136
[34m2026-02-26 09:35:21 [debug] result of node                              [39m data=1
[34m2026-02-26 09:35:21 [debug] branch ended at node (350196756054016)      [39m 
[32m2026-02-26 09:35:21 [info]  execution (350320269918209) exiting with status 1[39m workflowId=350195571163136
[32m2026-02-26 09:35:21 [info]  execution (350320269918209) finished with status: 1[39m 
[34m2026-02-26 09:35:21 [debug] execution (350320269918209) details:        [39m execution={"createdAt":"2026-02-26T01:35:21.642Z","id":350320269918209,"updatedAt":"2026-02-26T01:35:21.741Z","key":"y5dhtirx5t1","eventKey":"e4ec46bc-2688-42d3-bcb3-6747508e3f30","context":{"data":{"createdAt":"2026-02-26T01:19:39.549Z","updatedAt":"2026-02-26T01:35:13.095Z","defect":"图纸模糊","defect_rank":"level3","priority":"P3","id":350318294401024,"f_jmazop48q5l":350202521124864,"createdById":1,"updatedById":1,"defect_classification":"历史遗留","module":null,"label":["建议"],"defect_status":"待修复"}},"status":1,"dispatched":true,"stack":null,"output":null,"manually":null,"workflowId":350195571163136}
[32m2026-02-26 09:44:29 [info]  toggle OFF workflow 350195571163136         [39m workflowId=350195571163136
[32m2026-02-26 09:44:29 [info]  toggle OFF workflow 350195571163136         [39m workflowId=350195571163136
