[32m2026-02-25 17:04:31 [info]  toggle ON workflow 350195571163136          [39m workflowId=350195571163136
[32m2026-02-25 17:16:01 [info]  toggle OFF workflow 350195571163136         [39m workflowId=350195571163136
[32m2026-02-25 17:16:02 [info]  toggle ON workflow 350195571163136          [39m workflowId=350195571163136
[32m2026-02-25 17:16:53 [info]  new event triggered, now events: 1          [39m 
[34m2026-02-25 17:16:53 [debug] event data:                                 [39m context={"data":{"createdAt":"2026-02-25T09:16:42.761Z","updatedAt":"2026-02-25T09:16:42.767Z","defect":"图纸错误","defect_rank":"level1","priority":"P1","id":350197127249920,"f_jmazop48q5l":350197087404032,"createdById":1,"updatedById":1,"defect_classification":"历史遗留","module":350197072723968,"label":["历史遗留","已修复"],"defect_status":"已修复"}}
[32m2026-02-25 17:16:53 [info]  preparing execution for event               [39m 
[32m2026-02-25 17:16:53 [info]  execution of workflow 350195571163136 created as 350197150318592[39m 
[32m2026-02-25 17:16:53 [info]  local pending list is empty, adding execution (350197150318592) to pending list[39m 
[32m2026-02-25 17:16:53 [info]  pending execution (350197150318592) ready to process[39m 
[32m2026-02-25 17:16:53 [info]  execution (350197150318592) starting...     [39m 
[32m2026-02-25 17:16:53 [info]  execution (350197150318592) run instruction [aggregate] for node (350195571163145)[39m workflowId=350195571163136
[34m2026-02-25 17:16:53 [debug] config of node                              [39m data={"aggregator":"count","associated":false,"params":{"field":"id","filter":{"$and":[{"defect_rank":{"$eq":"level1"}},{"label":{"$noneOf":["功能屏蔽","已拒绝","建议"]}},{"module":{"$eq":"{{$context.data.module}}"}}]}},"precision":2,"collection":"defects"} workflowId=350195571163136
[34m2026-02-25 17:16:53 [debug] job added to save list: {"result":0,"status":1,"nodeId":350195571163145,"nodeKey":"h14qw1067vw","id":"6984610953067520","createdAt":"2026-02-25T09:16:53.922Z","updatedAt":"2026-02-25T09:16:53.922Z","executionId":350197150318592}[39m workflowId=350195571163136
[32m2026-02-25 17:16:53 [info]  execution (350197150318592) run instruction [aggregate] for node (350195571163145) finished as status: 1[39m workflowId=350195571163136
[34m2026-02-25 17:16:53 [debug] result of node                              [39m 
[34m2026-02-25 17:16:53 [debug] run next node (350195571163139)             [39m 
[32m2026-02-25 17:16:53 [info]  execution (350197150318592) run instruction [aggregate] for node (350195571163139)[39m workflowId=350195571163136
[34m2026-02-25 17:16:53 [debug] config of node                              [39m data={"aggregator":"count","associated":false,"params":{"field":"id","filter":{"$and":[{"defect_rank":{"$eq":"level1"}},{"label":{"$noneOf":["功能屏蔽","已拒绝","建议"]}},{"$or":[{"label":{"$anyOf":["已修复","待合并"]}},{"$and":[{"label":{"$anyOf":["未复现"]}},{"defect_status":{"$eq":"已关闭"}}]}]},{"module":{"$eq":"{{$context.data.module}}"}}]}},"precision":2,"collection":"defects"} workflowId=350195571163136
[34m2026-02-25 17:16:53 [debug] job added to save list: {"result":0,"status":1,"nodeId":350195571163139,"nodeKey":"cvcey3i9obe","id":"6984610965650432","createdAt":"2026-02-25T09:16:53.925Z","updatedAt":"2026-02-25T09:16:53.925Z","executionId":350197150318592}[39m workflowId=350195571163136
[32m2026-02-25 17:16:53 [info]  execution (350197150318592) run instruction [aggregate] for node (350195571163139) finished as status: 1[39m workflowId=350195571163136
[34m2026-02-25 17:16:53 [debug] result of node                              [39m 
[34m2026-02-25 17:16:53 [debug] run next node (350195571163144)             [39m 
[32m2026-02-25 17:16:53 [info]  execution (350197150318592) run instruction [aggregate] for node (350195571163144)[39m workflowId=350195571163136
[34m2026-02-25 17:16:53 [debug] config of node                              [39m data={"aggregator":"count","associated":false,"params":{"field":"id","filter":{"$and":[{"defect_rank":{"$eq":"level2"}},{"label":{"$noneOf":["功能屏蔽","已拒绝","建议"]}},{"module":{"$eq":"{{$context.data.module}}"}}]}},"precision":2,"collection":"defects"} workflowId=350195571163136
[34m2026-02-25 17:16:53 [debug] job added to save list: {"result":0,"status":1,"nodeId":350195571163144,"nodeKey":"52k6055vnrg","id":"6984610978233344","createdAt":"2026-02-25T09:16:53.928Z","updatedAt":"2026-02-25T09:16:53.928Z","executionId":350197150318592}[39m workflowId=350195571163136
[32m2026-02-25 17:16:53 [info]  execution (350197150318592) run instruction [aggregate] for node (350195571163144) finished as status: 1[39m workflowId=350195571163136
[34m2026-02-25 17:16:53 [debug] result of node                              [39m 
[34m2026-02-25 17:16:53 [debug] run next node (350195571163137)             [39m 
[32m2026-02-25 17:16:53 [info]  execution (350197150318592) run instruction [aggregate] for node (350195571163137)[39m workflowId=350195571163136
[34m2026-02-25 17:16:53 [debug] config of node                              [39m data={"aggregator":"count","associated":false,"params":{"field":"id","filter":{"$and":[{"defect_rank":{"$eq":"level2"}},{"label":{"$noneOf":["功能屏蔽","已拒绝","建议"]}},{"$or":[{"label":{"$anyOf":["已修复","待合并"]}},{"$and":[{"label":{"$anyOf":["未复现"]}},{"defect_status":{"$eq":"已关闭"}}]}]},{"module":{"$eq":"{{$context.data.module}}"}}]}},"precision":2,"collection":"defects"} workflowId=350195571163136
[34m2026-02-25 17:16:53 [debug] job added to save list: {"result":0,"status":1,"nodeId":350195571163137,"nodeKey":"1fpxh7sjq4k","id":"6984610990816256","createdAt":"2026-02-25T09:16:53.931Z","updatedAt":"2026-02-25T09:16:53.931Z","executionId":350197150318592}[39m workflowId=350195571163136
[32m2026-02-25 17:16:53 [info]  execution (350197150318592) run instruction [aggregate] for node (350195571163137) finished as status: 1[39m workflowId=350195571163136
[34m2026-02-25 17:16:53 [debug] result of node                              [39m 
[34m2026-02-25 17:16:53 [debug] run next node (350195571163143)             [39m 
[32m2026-02-25 17:16:53 [info]  execution (350197150318592) run instruction [aggregate] for node (350195571163143)[39m workflowId=350195571163136
[34m2026-02-25 17:16:53 [debug] config of node                              [39m data={"aggregator":"count","associated":false,"params":{"field":"id","filter":{"$and":[{"defect_rank":{"$eq":"level3"}},{"label":{"$noneOf":["功能屏蔽","已拒绝","建议"]}},{"module":{"$eq":"{{$context.data.module}}"}}]}},"precision":2,"collection":"defects"} workflowId=350195571163136
[34m2026-02-25 17:16:53 [debug] job added to save list: {"result":0,"status":1,"nodeId":350195571163143,"nodeKey":"t5m287ao4ea","id":"6984611007593472","createdAt":"2026-02-25T09:16:53.935Z","updatedAt":"2026-02-25T09:16:53.935Z","executionId":350197150318592}[39m workflowId=350195571163136
[32m2026-02-25 17:16:53 [info]  execution (350197150318592) run instruction [aggregate] for node (350195571163143) finished as status: 1[39m workflowId=350195571163136
[34m2026-02-25 17:16:53 [debug] result of node                              [39m 
[34m2026-02-25 17:16:53 [debug] run next node (350195571163142)             [39m 
[32m2026-02-25 17:16:53 [info]  execution (350197150318592) run instruction [aggregate] for node (350195571163142)[39m workflowId=350195571163136
[34m2026-02-25 17:16:53 [debug] config of node                              [39m data={"aggregator":"count","associated":false,"params":{"field":"id","filter":{"$and":[{"defect_rank":{"$eq":"level3"}},{"label":{"$noneOf":["功能屏蔽","已拒绝","建议"]}},{"$or":[{"label":{"$anyOf":["待合并","已修复"]}},{"$and":[{"label":{"$anyOf":["未复现"]}},{"defect_status":{"$eq":"已关闭"}}]}]},{"module":{"$eq":"{{$context.data.module}}"}}]}},"precision":2,"collection":"defects"} workflowId=350195571163136
[34m2026-02-25 17:16:53 [debug] job added to save list: {"result":0,"status":1,"nodeId":350195571163142,"nodeKey":"je6ex9hwdlz","id":"6984611028564992","createdAt":"2026-02-25T09:16:53.940Z","updatedAt":"2026-02-25T09:16:53.940Z","executionId":350197150318592}[39m workflowId=350195571163136
[32m2026-02-25 17:16:53 [info]  execution (350197150318592) run instruction [aggregate] for node (350195571163142) finished as status: 1[39m workflowId=350195571163136
[34m2026-02-25 17:16:53 [debug] result of node                              [39m 
[34m2026-02-25 17:16:53 [debug] run next node (350196649099264)             [39m 
[32m2026-02-25 17:16:53 [info]  execution (350197150318592) run instruction [aggregate] for node (350196649099264)[39m workflowId=350195571163136
[34m2026-02-25 17:16:53 [debug] config of node                              [39m data={"aggregator":"count","associated":false,"params":{"field":"id","filter":{"$and":[{"f_jmazop48q5l":{"$eq":"{{$context.data.f_jmazop48q5l}}"}}]}},"precision":2,"collection":"defects"} workflowId=350195571163136
[34m2026-02-25 17:16:53 [debug] job added to save list: {"result":0,"status":1,"nodeId":350196649099264,"nodeKey":"q0cmjjcwe3p","id":"6984611053730816","createdAt":"2026-02-25T09:16:53.946Z","updatedAt":"2026-02-25T09:16:53.946Z","executionId":350197150318592}[39m workflowId=350195571163136
[32m2026-02-25 17:16:53 [info]  execution (350197150318592) run instruction [aggregate] for node (350196649099264) finished as status: 1[39m workflowId=350195571163136
[34m2026-02-25 17:16:53 [debug] result of node                              [39m 
[34m2026-02-25 17:16:53 [debug] run next node (350195571163138)             [39m 
[32m2026-02-25 17:16:53 [info]  execution (350197150318592) run instruction [update] for node (350195571163138)[39m workflowId=350195571163136
[34m2026-02-25 17:16:53 [debug] config of node                              [39m data={"usingAssignFormSchema":true,"assignFormSchema":{"_isJSONSchemaObject":true,"version":"2.0","name":"z36wx6jbrw9","type":"void","x-component":"Grid","x-initializer":"assignFieldValuesForm:configureFields","properties":{"i1v4kp5ixw1":{"_isJSONSchemaObject":true,"version":"2.0","type":"void","x-component":"Grid.Row","properties":{"m57in1bxqre":{"_isJSONSchemaObject":true,"version":"2.0","type":"void","x-component":"Grid.Col","properties":{"level_1_count":{"_isJSONSchemaObject":true,"version":"2.0","type":"string","name":"level_1_count","x-toolbar":"FormItemSchemaToolbar","x-settings":"fieldSettings:FormItem","x-component":"AssignedField","x-decorator":"FormItem","x-collection-field":"module_summaries.level_1_count"}},"name":"m57in1bxqre"}},"name":"i1v4kp5ixw1"},"28tkyaas4rv":{"_isJSONSchemaObject":true,"version":"2.0","type":"void","x-component":"Grid.Row","properties":{"aubadkxorcs":{"_isJSONSchemaObject":true,"version":"2.0","type":"void","x-component":"Grid.Col","properties":{"level_1_fixed":{"_isJSONSchemaObject":true,"version":"2.0","type":"string","name":"level_1_fixed","x-toolbar":"FormItemSchemaToolbar","x-settings":"fieldSettings:FormItem","x-component":"AssignedField","x-decorator":"FormItem","x-collection-field":"module_summaries.level_1_fixed"}},"name":"aubadkxorcs"}},"name":"28tkyaas4rv"},"87dzfrypjv5":{"_isJSONSchemaObject":true,"version":"2.0","type":"void","x-component":"Grid.Row","properties":{"00u2e0hze8y":{"_isJSONSchemaObject":true,"version":"2.0","type":"void","x-component":"Grid.Col","properties":{"level_2_count":{"_isJSONSchemaObject":true,"version":"2.0","type":"string","name":"level_2_count","x-toolbar":"FormItemSchemaToolbar","x-settings":"fieldSettings:FormItem","x-component":"AssignedField","x-decorator":"FormItem","x-collection-field":"module_summaries.level_2_count"}},"name":"00u2e0hze8y"}},"name":"87dzfrypjv5"},"sr9fb2g83wa":{"_isJSONSchemaObject":true,"version":"2.0","type":"void","x-component":"Grid.Row","properties":{"mctr2nubczg":{"_isJSONSchemaObject":true,"version":"2.0","type":"void","x-component":"Grid.Col","properties":{"level_2_fixed":{"_isJSONSchemaObject":true,"version":"2.0","type":"string","name":"level_2_fixed","x-toolbar":"FormItemSchemaToolbar","x-settings":"fieldSettings:FormItem","x-component":"AssignedField","x-decorator":"FormItem","x-collection-field":"module_summaries.level_2_fixed"}},"name":"mctr2nubczg"}},"name":"sr9fb2g83wa"},"robhdmi5xfc":{"_isJSONSchemaObject":true,"version":"2.0","type":"void","x-component":"Grid.Row","properties":{"d7pyy4ts79k":{"_isJSONSchemaObject":true,"version":"2.0","type":"void","x-component":"Grid.Col","properties":{"level_3_count":{"_isJSONSchemaObject":true,"version":"2.0","type":"string","name":"level_3_count","x-toolbar":"FormItemSchemaToolbar","x-settings":"fieldSettings:FormItem","x-component":"AssignedField","x-decorator":"FormItem","x-collection-field":"module_summaries.level_3_count"}},"name":"d7pyy4ts79k"}},"name":"robhdmi5xfc"},"9ykwa93dd5w":{"_isJSONSchemaObject":true,"version":"2.0","type":"void","x-component":"Grid.Row","properties":{"0nkrxq50w1f":{"_isJSONSchemaObject":true,"version":"2.0","type":"void","x-component":"Grid.Col","properties":{"level_3_fixed":{"_isJSONSchemaObject":true,"version":"2.0","type":"string","name":"level_3_fixed","x-toolbar":"FormItemSchemaToolbar","x-settings":"fieldSettings:FormItem","x-component":"AssignedField","x-decorator":"FormItem","x-collection-field":"module_summaries.level_3_fixed"}},"name":"0nkrxq50w1f"}},"name":"9ykwa93dd5w"}}},"collection":"module_summaries","params":{"individualHooks":false,"filter":{"$and":[{"id":{"$eq":"{{$context.data.module}}"}}]},"values":{"level_1_count":"{{$jobsMapByNodeKey.h14qw1067vw}}","level_1_fixed":"{{$jobsMapByNodeKey.cvcey3i9obe}}","level_2_count":"{{$jobsMapByNodeKey.52k6055vnrg}}","level_2_fixed":"{{$jobsMapByNodeKey.1fpxh7sjq4k}}","level_3_count":"{{$jobsMapByNodeKey.t5m287ao4ea}}","level_3_fixed":"{{$jobsMapByNodeKey.je6ex9hwdlz}}"}}} workflowId=350195571163136
[34m2026-02-25 17:16:53 [debug] job added to save list: {"result":1,"status":1,"nodeId":350195571163138,"nodeKey":"iz8nj3ykg09","id":"6984611087285248","createdAt":"2026-02-25T09:16:53.954Z","updatedAt":"2026-02-25T09:16:53.954Z","executionId":350197150318592}[39m workflowId=350195571163136
[32m2026-02-25 17:16:53 [info]  execution (350197150318592) run instruction [update] for node (350195571163138) finished as status: 1[39m workflowId=350195571163136
[34m2026-02-25 17:16:53 [debug] result of node                              [39m data=1
[34m2026-02-25 17:16:53 [debug] run next node (350196756054016)             [39m 
[32m2026-02-25 17:16:53 [info]  execution (350197150318592) run instruction [update] for node (350196756054016)[39m workflowId=350195571163136
[34m2026-02-25 17:16:53 [debug] config of node                              [39m data={"usingAssignFormSchema":true,"assignFormSchema":{"_isJSONSchemaObject":true,"version":"2.0","name":"664wo8253vg","type":"void","x-component":"Grid","x-initializer":"assignFieldValuesForm:configureFields","properties":{"p9dwl6uwc71":{"_isJSONSchemaObject":true,"version":"2.0","type":"void","x-component":"Grid.Row","properties":{"2cpmfk2xsli":{"_isJSONSchemaObject":true,"version":"2.0","type":"void","x-component":"Grid.Col","properties":{"total_defect":{"_isJSONSchemaObject":true,"version":"2.0","type":"string","name":"total_defect","x-toolbar":"FormItemSchemaToolbar","x-settings":"fieldSettings:FormItem","x-component":"AssignedField","x-decorator":"FormItem","x-collection-field":"collection_quality.total_defect"}},"name":"2cpmfk2xsli"}},"name":"p9dwl6uwc71"}}},"collection":"collection_quality","params":{"individualHooks":false,"filter":{"$and":[{"id":{"$eq":"{{$context.data.f_jmazop48q5l}}"}}]},"values":{"total_defect":"{{$jobsMapByNodeKey.q0cmjjcwe3p}}"}}} workflowId=350195571163136
[34m2026-02-25 17:16:53 [debug] job added to save list: {"result":1,"status":1,"nodeId":350196756054016,"nodeKey":"12iul4a9nxf","id":"6984611137616896","createdAt":"2026-02-25T09:16:53.966Z","updatedAt":"2026-02-25T09:16:53.966Z","executionId":350197150318592}[39m workflowId=350195571163136
[32m2026-02-25 17:16:53 [info]  execution (350197150318592) run instruction [update] for node (350196756054016) finished as status: 1[39m workflowId=350195571163136
[34m2026-02-25 17:16:53 [debug] result of node                              [39m data=1
[34m2026-02-25 17:16:53 [debug] branch ended at node (350196756054016)      [39m 
[32m2026-02-25 17:16:53 [info]  execution (350197150318592) exiting with status 1[39m workflowId=350195571163136
[32m2026-02-25 17:16:53 [info]  execution (350197150318592) finished with status: 1[39m 
[34m2026-02-25 17:16:53 [debug] execution (350197150318592) details:        [39m execution={"createdAt":"2026-02-25T09:16:53.908Z","id":350197150318592,"updatedAt":"2026-02-25T09:16:53.976Z","key":"y5dhtirx5t1","eventKey":"5a6b93a8-85e6-4d7a-9264-bb7be7aa24a8","context":{"data":{"createdAt":"2026-02-25T09:16:42.761Z","updatedAt":"2026-02-25T09:16:42.767Z","defect":"图纸错误","defect_rank":"level1","priority":"P1","id":350197127249920,"f_jmazop48q5l":350197087404032,"createdById":1,"updatedById":1,"defect_classification":"历史遗留","module":350197072723968,"label":["历史遗留","已修复"],"defect_status":"已修复"}},"status":1,"dispatched":true,"stack":null,"output":null,"manually":null,"workflowId":350195571163136}
[32m2026-02-25 17:17:29 [info]  new event triggered, now events: 1          [39m 
[34m2026-02-25 17:17:29 [debug] event data:                                 [39m context={"data":{"createdAt":"2026-02-25T09:17:17.120Z","updatedAt":"2026-02-25T09:17:17.126Z","defect":"图纸错误","defect_rank":"level1","priority":"P1","id":350197200650240,"f_jmazop48q5l":350197087404032,"createdById":1,"updatedById":1,"defect_classification":"历史遗留","module":350197072723968,"label":["历史遗留","已修复"],"defect_status":"已修复"}}
[32m2026-02-25 17:17:29 [info]  preparing execution for event               [39m 
[32m2026-02-25 17:17:29 [info]  execution of workflow 350195571163136 created as 350197225816064[39m 
[32m2026-02-25 17:17:29 [info]  local pending list is empty, adding execution (350197225816064) to pending list[39m 
[32m2026-02-25 17:17:29 [info]  pending execution (350197225816064) ready to process[39m 
[32m2026-02-25 17:17:29 [info]  execution (350197225816064) starting...     [39m 
[32m2026-02-25 17:17:29 [info]  execution (350197225816064) run instruction [aggregate] for node (350195571163145)[39m workflowId=350195571163136
[34m2026-02-25 17:17:29 [debug] config of node                              [39m data={"aggregator":"count","associated":false,"params":{"field":"id","filter":{"$and":[{"defect_rank":{"$eq":"level1"}},{"label":{"$noneOf":["功能屏蔽","已拒绝","建议"]}},{"module":{"$eq":"{{$context.data.module}}"}}]}},"precision":2,"collection":"defects"} workflowId=350195571163136
[34m2026-02-25 17:17:29 [debug] job added to save list: {"result":0,"status":1,"nodeId":350195571163145,"nodeKey":"h14qw1067vw","id":"6984758877780992","createdAt":"2026-02-25T09:17:29.190Z","updatedAt":"2026-02-25T09:17:29.190Z","executionId":350197225816064}[39m workflowId=350195571163136
[32m2026-02-25 17:17:29 [info]  execution (350197225816064) run instruction [aggregate] for node (350195571163145) finished as status: 1[39m workflowId=350195571163136
[34m2026-02-25 17:17:29 [debug] result of node                              [39m 
[34m2026-02-25 17:17:29 [debug] run next node (350195571163139)             [39m 
[32m2026-02-25 17:17:29 [info]  execution (350197225816064) run instruction [aggregate] for node (350195571163139)[39m workflowId=350195571163136
[34m2026-02-25 17:17:29 [debug] config of node                              [39m data={"aggregator":"count","associated":false,"params":{"field":"id","filter":{"$and":[{"defect_rank":{"$eq":"level1"}},{"label":{"$noneOf":["功能屏蔽","已拒绝","建议"]}},{"$or":[{"label":{"$anyOf":["已修复","待合并"]}},{"$and":[{"label":{"$anyOf":["未复现"]}},{"defect_status":{"$eq":"已关闭"}}]}]},{"module":{"$eq":"{{$context.data.module}}"}}]}},"precision":2,"collection":"defects"} workflowId=350195571163136
[34m2026-02-25 17:17:29 [debug] job added to save list: {"result":0,"status":1,"nodeId":350195571163139,"nodeKey":"cvcey3i9obe","id":"6984758890363904","createdAt":"2026-02-25T09:17:29.193Z","updatedAt":"2026-02-25T09:17:29.193Z","executionId":350197225816064}[39m workflowId=350195571163136
[32m2026-02-25 17:17:29 [info]  execution (350197225816064) run instruction [aggregate] for node (350195571163139) finished as status: 1[39m workflowId=350195571163136
[34m2026-02-25 17:17:29 [debug] result of node                              [39m 
[34m2026-02-25 17:17:29 [debug] run next node (350195571163144)             [39m 
[32m2026-02-25 17:17:29 [info]  execution (350197225816064) run instruction [aggregate] for node (350195571163144)[39m workflowId=350195571163136
[34m2026-02-25 17:17:29 [debug] config of node                              [39m data={"aggregator":"count","associated":false,"params":{"field":"id","filter":{"$and":[{"defect_rank":{"$eq":"level2"}},{"label":{"$noneOf":["功能屏蔽","已拒绝","建议"]}},{"module":{"$eq":"{{$context.data.module}}"}}]}},"precision":2,"collection":"defects"} workflowId=350195571163136
[34m2026-02-25 17:17:29 [debug] job added to save list: {"result":0,"status":1,"nodeId":350195571163144,"nodeKey":"52k6055vnrg","id":"6984758898752512","createdAt":"2026-02-25T09:17:29.195Z","updatedAt":"2026-02-25T09:17:29.195Z","executionId":350197225816064}[39m workflowId=350195571163136
[32m2026-02-25 17:17:29 [info]  execution (350197225816064) run instruction [aggregate] for node (350195571163144) finished as status: 1[39m workflowId=350195571163136
[34m2026-02-25 17:17:29 [debug] result of node                              [39m 
[34m2026-02-25 17:17:29 [debug] run next node (350195571163137)             [39m 
[32m2026-02-25 17:17:29 [info]  execution (350197225816064) run instruction [aggregate] for node (350195571163137)[39m workflowId=350195571163136
[34m2026-02-25 17:17:29 [debug] config of node                              [39m data={"aggregator":"count","associated":false,"params":{"field":"id","filter":{"$and":[{"defect_rank":{"$eq":"level2"}},{"label":{"$noneOf":["功能屏蔽","已拒绝","建议"]}},{"$or":[{"label":{"$anyOf":["已修复","待合并"]}},{"$and":[{"label":{"$anyOf":["未复现"]}},{"defect_status":{"$eq":"已关闭"}}]}]},{"module":{"$eq":"{{$context.data.module}}"}}]}},"precision":2,"collection":"defects"} workflowId=350195571163136
[34m2026-02-25 17:17:29 [debug] job added to save list: {"result":0,"status":1,"nodeId":350195571163137,"nodeKey":"1fpxh7sjq4k","id":"6984758911335424","createdAt":"2026-02-25T09:17:29.198Z","updatedAt":"2026-02-25T09:17:29.198Z","executionId":350197225816064}[39m workflowId=350195571163136
[32m2026-02-25 17:17:29 [info]  execution (350197225816064) run instruction [aggregate] for node (350195571163137) finished as status: 1[39m workflowId=350195571163136
[34m2026-02-25 17:17:29 [debug] result of node                              [39m 
[34m2026-02-25 17:17:29 [debug] run next node (350195571163143)             [39m 
[32m2026-02-25 17:17:29 [info]  execution (350197225816064) run instruction [aggregate] for node (350195571163143)[39m workflowId=350195571163136
[34m2026-02-25 17:17:29 [debug] config of node                              [39m data={"aggregator":"count","associated":false,"params":{"field":"id","filter":{"$and":[{"defect_rank":{"$eq":"level3"}},{"label":{"$noneOf":["功能屏蔽","已拒绝","建议"]}},{"module":{"$eq":"{{$context.data.module}}"}}]}},"precision":2,"collection":"defects"} workflowId=350195571163136
[34m2026-02-25 17:17:29 [debug] job added to save list: {"result":0,"status":1,"nodeId":350195571163143,"nodeKey":"t5m287ao4ea","id":"6984758919724032","createdAt":"2026-02-25T09:17:29.200Z","updatedAt":"2026-02-25T09:17:29.200Z","executionId":350197225816064}[39m workflowId=350195571163136
[32m2026-02-25 17:17:29 [info]  execution (350197225816064) run instruction [aggregate] for node (350195571163143) finished as status: 1[39m workflowId=350195571163136
[34m2026-02-25 17:17:29 [debug] result of node                              [39m 
[34m2026-02-25 17:17:29 [debug] run next node (350195571163142)             [39m 
[32m2026-02-25 17:17:29 [info]  execution (350197225816064) run instruction [aggregate] for node (350195571163142)[39m workflowId=350195571163136
[34m2026-02-25 17:17:29 [debug] config of node                              [39m data={"aggregator":"count","associated":false,"params":{"field":"id","filter":{"$and":[{"defect_rank":{"$eq":"level3"}},{"label":{"$noneOf":["功能屏蔽","已拒绝","建议"]}},{"$or":[{"label":{"$anyOf":["待合并","已修复"]}},{"$and":[{"label":{"$anyOf":["未复现"]}},{"defect_status":{"$eq":"已关闭"}}]}]},{"module":{"$eq":"{{$context.data.module}}"}}]}},"precision":2,"collection":"defects"} workflowId=350195571163136
[34m2026-02-25 17:17:29 [debug] job added to save list: {"result":0,"status":1,"nodeId":350195571163142,"nodeKey":"je6ex9hwdlz","id":"6984758940695552","createdAt":"2026-02-25T09:17:29.205Z","updatedAt":"2026-02-25T09:17:29.205Z","executionId":350197225816064}[39m workflowId=350195571163136
[32m2026-02-25 17:17:29 [info]  execution (350197225816064) run instruction [aggregate] for node (350195571163142) finished as status: 1[39m workflowId=350195571163136
[34m2026-02-25 17:17:29 [debug] result of node                              [39m 
[34m2026-02-25 17:17:29 [debug] run next node (350196649099264)             [39m 
[32m2026-02-25 17:17:29 [info]  execution (350197225816064) run instruction [aggregate] for node (350196649099264)[39m workflowId=350195571163136
[34m2026-02-25 17:17:29 [debug] config of node                              [39m data={"aggregator":"count","associated":false,"params":{"field":"id","filter":{"$and":[{"f_jmazop48q5l":{"$eq":"{{$context.data.f_jmazop48q5l}}"}}]}},"precision":2,"collection":"defects"} workflowId=350195571163136
[34m2026-02-25 17:17:29 [debug] job added to save list: {"result":0,"status":1,"nodeId":350196649099264,"nodeKey":"q0cmjjcwe3p","id":"6984758949084160","createdAt":"2026-02-25T09:17:29.207Z","updatedAt":"2026-02-25T09:17:29.207Z","executionId":350197225816064}[39m workflowId=350195571163136
[32m2026-02-25 17:17:29 [info]  execution (350197225816064) run instruction [aggregate] for node (350196649099264) finished as status: 1[39m workflowId=350195571163136
[34m2026-02-25 17:17:29 [debug] result of node                              [39m 
[34m2026-02-25 17:17:29 [debug] run next node (350195571163138)             [39m 
[32m2026-02-25 17:17:29 [info]  execution (350197225816064) run instruction [update] for node (350195571163138)[39m workflowId=350195571163136
[34m2026-02-25 17:17:29 [debug] config of node                              [39m data={"usingAssignFormSchema":true,"assignFormSchema":{"_isJSONSchemaObject":true,"version":"2.0","name":"z36wx6jbrw9","type":"void","x-component":"Grid","x-initializer":"assignFieldValuesForm:configureFields","properties":{"i1v4kp5ixw1":{"_isJSONSchemaObject":true,"version":"2.0","type":"void","x-component":"Grid.Row","properties":{"m57in1bxqre":{"_isJSONSchemaObject":true,"version":"2.0","type":"void","x-component":"Grid.Col","properties":{"level_1_count":{"_isJSONSchemaObject":true,"version":"2.0","type":"string","name":"level_1_count","x-toolbar":"FormItemSchemaToolbar","x-settings":"fieldSettings:FormItem","x-component":"AssignedField","x-decorator":"FormItem","x-collection-field":"module_summaries.level_1_count"}},"name":"m57in1bxqre"}},"name":"i1v4kp5ixw1"},"28tkyaas4rv":{"_isJSONSchemaObject":true,"version":"2.0","type":"void","x-component":"Grid.Row","properties":{"aubadkxorcs":{"_isJSONSchemaObject":true,"version":"2.0","type":"void","x-component":"Grid.Col","properties":{"level_1_fixed":{"_isJSONSchemaObject":true,"version":"2.0","type":"string","name":"level_1_fixed","x-toolbar":"FormItemSchemaToolbar","x-settings":"fieldSettings:FormItem","x-component":"AssignedField","x-decorator":"FormItem","x-collection-field":"module_summaries.level_1_fixed"}},"name":"aubadkxorcs"}},"name":"28tkyaas4rv"},"87dzfrypjv5":{"_isJSONSchemaObject":true,"version":"2.0","type":"void","x-component":"Grid.Row","properties":{"00u2e0hze8y":{"_isJSONSchemaObject":true,"version":"2.0","type":"void","x-component":"Grid.Col","properties":{"level_2_count":{"_isJSONSchemaObject":true,"version":"2.0","type":"string","name":"level_2_count","x-toolbar":"FormItemSchemaToolbar","x-settings":"fieldSettings:FormItem","x-component":"AssignedField","x-decorator":"FormItem","x-collection-field":"module_summaries.level_2_count"}},"name":"00u2e0hze8y"}},"name":"87dzfrypjv5"},"sr9fb2g83wa":{"_isJSONSchemaObject":true,"version":"2.0","type":"void","x-component":"Grid.Row","properties":{"mctr2nubczg":{"_isJSONSchemaObject":true,"version":"2.0","type":"void","x-component":"Grid.Col","properties":{"level_2_fixed":{"_isJSONSchemaObject":true,"version":"2.0","type":"string","name":"level_2_fixed","x-toolbar":"FormItemSchemaToolbar","x-settings":"fieldSettings:FormItem","x-component":"AssignedField","x-decorator":"FormItem","x-collection-field":"module_summaries.level_2_fixed"}},"name":"mctr2nubczg"}},"name":"sr9fb2g83wa"},"robhdmi5xfc":{"_isJSONSchemaObject":true,"version":"2.0","type":"void","x-component":"Grid.Row","properties":{"d7pyy4ts79k":{"_isJSONSchemaObject":true,"version":"2.0","type":"void","x-component":"Grid.Col","properties":{"level_3_count":{"_isJSONSchemaObject":true,"version":"2.0","type":"string","name":"level_3_count","x-toolbar":"FormItemSchemaToolbar","x-settings":"fieldSettings:FormItem","x-component":"AssignedField","x-decorator":"FormItem","x-collection-field":"module_summaries.level_3_count"}},"name":"d7pyy4ts79k"}},"name":"robhdmi5xfc"},"9ykwa93dd5w":{"_isJSONSchemaObject":true,"version":"2.0","type":"void","x-component":"Grid.Row","properties":{"0nkrxq50w1f":{"_isJSONSchemaObject":true,"version":"2.0","type":"void","x-component":"Grid.Col","properties":{"level_3_fixed":{"_isJSONSchemaObject":true,"version":"2.0","type":"string","name":"level_3_fixed","x-toolbar":"FormItemSchemaToolbar","x-settings":"fieldSettings:FormItem","x-component":"AssignedField","x-decorator":"FormItem","x-collection-field":"module_summaries.level_3_fixed"}},"name":"0nkrxq50w1f"}},"name":"9ykwa93dd5w"}}},"collection":"module_summaries","params":{"individualHooks":false,"filter":{"$and":[{"id":{"$eq":"{{$context.data.module}}"}}]},"values":{"level_1_count":"{{$jobsMapByNodeKey.h14qw1067vw}}","level_1_fixed":"{{$jobsMapByNodeKey.cvcey3i9obe}}","level_2_count":"{{$jobsMapByNodeKey.52k6055vnrg}}","level_2_fixed":"{{$jobsMapByNodeKey.1fpxh7sjq4k}}","level_3_count":"{{$jobsMapByNodeKey.t5m287ao4ea}}","level_3_fixed":"{{$jobsMapByNodeKey.je6ex9hwdlz}}"}}} workflowId=350195571163136
[34m2026-02-25 17:17:29 [debug] job added to save list: {"result":1,"status":1,"nodeId":350195571163138,"nodeKey":"iz8nj3ykg09","id":"6984758970055680","createdAt":"2026-02-25T09:17:29.212Z","updatedAt":"2026-02-25T09:17:29.212Z","executionId":350197225816064}[39m workflowId=350195571163136
[32m2026-02-25 17:17:29 [info]  execution (350197225816064) run instruction [update] for node (350195571163138) finished as status: 1[39m workflowId=350195571163136
[34m2026-02-25 17:17:29 [debug] result of node                              [39m data=1
[34m2026-02-25 17:17:29 [debug] run next node (350196756054016)             [39m 
[32m2026-02-25 17:17:29 [info]  execution (350197225816064) run instruction [update] for node (350196756054016)[39m workflowId=350195571163136
[34m2026-02-25 17:17:29 [debug] config of node                              [39m data={"usingAssignFormSchema":true,"assignFormSchema":{"_isJSONSchemaObject":true,"version":"2.0","name":"664wo8253vg","type":"void","x-component":"Grid","x-initializer":"assignFieldValuesForm:configureFields","properties":{"p9dwl6uwc71":{"_isJSONSchemaObject":true,"version":"2.0","type":"void","x-component":"Grid.Row","properties":{"2cpmfk2xsli":{"_isJSONSchemaObject":true,"version":"2.0","type":"void","x-component":"Grid.Col","properties":{"total_defect":{"_isJSONSchemaObject":true,"version":"2.0","type":"string","name":"total_defect","x-toolbar":"FormItemSchemaToolbar","x-settings":"fieldSettings:FormItem","x-component":"AssignedField","x-decorator":"FormItem","x-collection-field":"collection_quality.total_defect"}},"name":"2cpmfk2xsli"}},"name":"p9dwl6uwc71"}}},"collection":"collection_quality","params":{"individualHooks":false,"filter":{"$and":[{"id":{"$eq":"{{$context.data.f_jmazop48q5l}}"}}]},"values":{"total_defect":"{{$jobsMapByNodeKey.q0cmjjcwe3p}}"}}} workflowId=350195571163136
[34m2026-02-25 17:17:29 [debug] job added to save list: {"result":1,"status":1,"nodeId":350196756054016,"nodeKey":"12iul4a9nxf","id":"6984758986832896","createdAt":"2026-02-25T09:17:29.216Z","updatedAt":"2026-02-25T09:17:29.216Z","executionId":350197225816064}[39m workflowId=350195571163136
[32m2026-02-25 17:17:29 [info]  execution (350197225816064) run instruction [update] for node (350196756054016) finished as status: 1[39m workflowId=350195571163136
[34m2026-02-25 17:17:29 [debug] result of node                              [39m data=1
[34m2026-02-25 17:17:29 [debug] branch ended at node (350196756054016)      [39m 
[32m2026-02-25 17:17:29 [info]  execution (350197225816064) exiting with status 1[39m workflowId=350195571163136
[32m2026-02-25 17:17:29 [info]  execution (350197225816064) finished with status: 1[39m 
[34m2026-02-25 17:17:29 [debug] execution (350197225816064) details:        [39m execution={"createdAt":"2026-02-25T09:17:29.181Z","id":350197225816064,"updatedAt":"2026-02-25T09:17:29.225Z","key":"y5dhtirx5t1","eventKey":"86abafbf-2b60-4162-9f55-6aaaa65cc100","context":{"data":{"createdAt":"2026-02-25T09:17:17.120Z","updatedAt":"2026-02-25T09:17:17.126Z","defect":"图纸错误","defect_rank":"level1","priority":"P1","id":350197200650240,"f_jmazop48q5l":350197087404032,"createdById":1,"updatedById":1,"defect_classification":"历史遗留","module":350197072723968,"label":["历史遗留","已修复"],"defect_status":"已修复"}},"status":1,"dispatched":true,"stack":null,"output":null,"manually":null,"workflowId":350195571163136}
[32m2026-02-25 18:01:35 [info]  new event triggered, now events: 1          [39m 
[34m2026-02-25 18:01:35 [debug] event data:                                 [39m context={"data":{"createdAt":"2026-02-25T09:59:26.691Z","updatedAt":"2026-02-25T09:59:26.698Z","defect":"图纸模糊","defect_rank":"level3","priority":"P3","id":350202504347648,"f_jmazop48q5l":350197087404032,"createdById":1,"updatedById":1,"defect_classification":"历史遗留","module":350197072723968,"label":["建议"],"defect_status":"待修复"}}
[32m2026-02-25 18:01:35 [info]  preparing execution for event               [39m 
[32m2026-02-25 18:01:35 [info]  execution of workflow 350195571163136 created as 350202774880256[39m 
[32m2026-02-25 18:01:35 [info]  local pending list is empty, adding execution (350202774880256) to pending list[39m 
[32m2026-02-25 18:01:35 [info]  pending execution (350202774880256) ready to process[39m 
[32m2026-02-25 18:01:35 [info]  execution (350202774880256) starting...     [39m 
[32m2026-02-25 18:01:35 [info]  execution (350202774880256) run instruction [aggregate] for node (350195571163145)[39m workflowId=350195571163136
[34m2026-02-25 18:01:35 [debug] config of node                              [39m data={"aggregator":"count","associated":false,"params":{"field":"id","filter":{"$and":[{"defect_rank":{"$eq":"level1"}},{"label":{"$noneOf":["功能屏蔽","已拒绝","建议"]}},{"module":{"$eq":"{{$context.data.module}}"}}]}},"precision":2,"collection":"defects"} workflowId=350195571163136
[34m2026-02-25 18:01:35 [debug] job added to save list: {"result":2,"status":1,"nodeId":350195571163145,"nodeKey":"h14qw1067vw","id":"6995857190714368","createdAt":"2026-02-25T10:01:35.234Z","updatedAt":"2026-02-25T10:01:35.234Z","executionId":350202774880256}[39m workflowId=350195571163136
[32m2026-02-25 18:01:35 [info]  execution (350202774880256) run instruction [aggregate] for node (350195571163145) finished as status: 1[39m workflowId=350195571163136
[34m2026-02-25 18:01:35 [debug] result of node                              [39m data=2
[34m2026-02-25 18:01:35 [debug] run next node (350195571163139)             [39m 
[32m2026-02-25 18:01:35 [info]  execution (350202774880256) run instruction [aggregate] for node (350195571163139)[39m workflowId=350195571163136
[34m2026-02-25 18:01:35 [debug] config of node                              [39m data={"aggregator":"count","associated":false,"params":{"field":"id","filter":{"$and":[{"defect_rank":{"$eq":"level1"}},{"label":{"$noneOf":["功能屏蔽","已拒绝","建议"]}},{"$or":[{"label":{"$anyOf":["已修复","待合并"]}},{"$and":[{"label":{"$anyOf":["未复现"]}},{"defect_status":{"$eq":"已关闭"}}]}]},{"module":{"$eq":"{{$context.data.module}}"}}]}},"precision":2,"collection":"defects"} workflowId=350195571163136
[34m2026-02-25 18:01:35 [debug] job added to save list: {"result":2,"status":1,"nodeId":350195571163139,"nodeKey":"cvcey3i9obe","id":"6995857220074496","createdAt":"2026-02-25T10:01:35.241Z","updatedAt":"2026-02-25T10:01:35.241Z","executionId":350202774880256}[39m workflowId=350195571163136
[32m2026-02-25 18:01:35 [info]  execution (350202774880256) run instruction [aggregate] for node (350195571163139) finished as status: 1[39m workflowId=350195571163136
[34m2026-02-25 18:01:35 [debug] result of node                              [39m data=2
[34m2026-02-25 18:01:35 [debug] run next node (350195571163144)             [39m 
[32m2026-02-25 18:01:35 [info]  execution (350202774880256) run instruction [aggregate] for node (350195571163144)[39m workflowId=350195571163136
[34m2026-02-25 18:01:35 [debug] config of node                              [39m data={"aggregator":"count","associated":false,"params":{"field":"id","filter":{"$and":[{"defect_rank":{"$eq":"level2"}},{"label":{"$noneOf":["功能屏蔽","已拒绝","建议"]}},{"module":{"$eq":"{{$context.data.module}}"}}]}},"precision":2,"collection":"defects"} workflowId=350195571163136
[34m2026-02-25 18:01:35 [debug] job added to save list: {"result":0,"status":1,"nodeId":350195571163144,"nodeKey":"52k6055vnrg","id":"6995857245240320","createdAt":"2026-02-25T10:01:35.247Z","updatedAt":"2026-02-25T10:01:35.247Z","executionId":350202774880256}[39m workflowId=350195571163136
[32m2026-02-25 18:01:35 [info]  execution (350202774880256) run instruction [aggregate] for node (350195571163144) finished as status: 1[39m workflowId=350195571163136
[34m2026-02-25 18:01:35 [debug] result of node                              [39m 
[34m2026-02-25 18:01:35 [debug] run next node (350195571163137)             [39m 
[32m2026-02-25 18:01:35 [info]  execution (350202774880256) run instruction [aggregate] for node (350195571163137)[39m workflowId=350195571163136
[34m2026-02-25 18:01:35 [debug] config of node                              [39m data={"aggregator":"count","associated":false,"params":{"field":"id","filter":{"$and":[{"defect_rank":{"$eq":"level2"}},{"label":{"$noneOf":["功能屏蔽","已拒绝","建议"]}},{"$or":[{"label":{"$anyOf":["已修复","待合并"]}},{"$and":[{"label":{"$anyOf":["未复现"]}},{"defect_status":{"$eq":"已关闭"}}]}]},{"module":{"$eq":"{{$context.data.module}}"}}]}},"precision":2,"collection":"defects"} workflowId=350195571163136
[34m2026-02-25 18:01:35 [debug] job added to save list: {"result":0,"status":1,"nodeId":350195571163137,"nodeKey":"1fpxh7sjq4k","id":"6995857262017536","createdAt":"2026-02-25T10:01:35.251Z","updatedAt":"2026-02-25T10:01:35.251Z","executionId":350202774880256}[39m workflowId=350195571163136
[32m2026-02-25 18:01:35 [info]  execution (350202774880256) run instruction [aggregate] for node (350195571163137) finished as status: 1[39m workflowId=350195571163136
[34m2026-02-25 18:01:35 [debug] result of node                              [39m 
[34m2026-02-25 18:01:35 [debug] run next node (350195571163143)             [39m 
[32m2026-02-25 18:01:35 [info]  execution (350202774880256) run instruction [aggregate] for node (350195571163143)[39m workflowId=350195571163136
[34m2026-02-25 18:01:35 [debug] config of node                              [39m data={"aggregator":"count","associated":false,"params":{"field":"id","filter":{"$and":[{"defect_rank":{"$eq":"level3"}},{"label":{"$noneOf":["功能屏蔽","已拒绝","建议"]}},{"module":{"$eq":"{{$context.data.module}}"}}]}},"precision":2,"collection":"defects"} workflowId=350195571163136
[34m2026-02-25 18:01:35 [debug] job added to save list: {"result":0,"status":1,"nodeId":350195571163143,"nodeKey":"t5m287ao4ea","id":"6995857274600448","createdAt":"2026-02-25T10:01:35.254Z","updatedAt":"2026-02-25T10:01:35.254Z","executionId":350202774880256}[39m workflowId=350195571163136
[32m2026-02-25 18:01:35 [info]  execution (350202774880256) run instruction [aggregate] for node (350195571163143) finished as status: 1[39m workflowId=350195571163136
[34m2026-02-25 18:01:35 [debug] result of node                              [39m 
[34m2026-02-25 18:01:35 [debug] run next node (350195571163142)             [39m 
[32m2026-02-25 18:01:35 [info]  execution (350202774880256) run instruction [aggregate] for node (350195571163142)[39m workflowId=350195571163136
[34m2026-02-25 18:01:35 [debug] config of node                              [39m data={"aggregator":"count","associated":false,"params":{"field":"id","filter":{"$and":[{"defect_rank":{"$eq":"level3"}},{"label":{"$noneOf":["功能屏蔽","已拒绝","建议"]}},{"$or":[{"label":{"$anyOf":["待合并","已修复"]}},{"$and":[{"label":{"$anyOf":["未复现"]}},{"defect_status":{"$eq":"已关闭"}}]}]},{"module":{"$eq":"{{$context.data.module}}"}}]}},"precision":2,"collection":"defects"} workflowId=350195571163136
[34m2026-02-25 18:01:35 [debug] job added to save list: {"result":0,"status":1,"nodeId":350195571163142,"nodeKey":"je6ex9hwdlz","id":"6995857295571968","createdAt":"2026-02-25T10:01:35.259Z","updatedAt":"2026-02-25T10:01:35.259Z","executionId":350202774880256}[39m workflowId=350195571163136
[32m2026-02-25 18:01:35 [info]  execution (350202774880256) run instruction [aggregate] for node (350195571163142) finished as status: 1[39m workflowId=350195571163136
[34m2026-02-25 18:01:35 [debug] result of node                              [39m 
[34m2026-02-25 18:01:35 [debug] run next node (350196649099264)             [39m 
[32m2026-02-25 18:01:35 [info]  execution (350202774880256) run instruction [aggregate] for node (350196649099264)[39m workflowId=350195571163136
[34m2026-02-25 18:01:35 [debug] config of node                              [39m data={"aggregator":"count","associated":false,"params":{"field":"id","filter":{"$and":[{"f_jmazop48q5l":{"$eq":"{{$context.data.f_jmazop48q5l}}"}}]}},"precision":2,"collection":"defects"} workflowId=350195571163136
[34m2026-02-25 18:01:35 [debug] job added to save list: {"result":1,"status":1,"nodeId":350196649099264,"nodeKey":"q0cmjjcwe3p","id":"6995857308154880","createdAt":"2026-02-25T10:01:35.262Z","updatedAt":"2026-02-25T10:01:35.262Z","executionId":350202774880256}[39m workflowId=350195571163136
[32m2026-02-25 18:01:35 [info]  execution (350202774880256) run instruction [aggregate] for node (350196649099264) finished as status: 1[39m workflowId=350195571163136
[34m2026-02-25 18:01:35 [debug] result of node                              [39m data=1
[34m2026-02-25 18:01:35 [debug] run next node (350195571163138)             [39m 
[32m2026-02-25 18:01:35 [info]  execution (350202774880256) run instruction [update] for node (350195571163138)[39m workflowId=350195571163136
[34m2026-02-25 18:01:35 [debug] config of node                              [39m data={"usingAssignFormSchema":true,"assignFormSchema":{"_isJSONSchemaObject":true,"version":"2.0","name":"z36wx6jbrw9","type":"void","x-component":"Grid","x-initializer":"assignFieldValuesForm:configureFields","properties":{"i1v4kp5ixw1":{"_isJSONSchemaObject":true,"version":"2.0","type":"void","x-component":"Grid.Row","properties":{"m57in1bxqre":{"_isJSONSchemaObject":true,"version":"2.0","type":"void","x-component":"Grid.Col","properties":{"level_1_count":{"_isJSONSchemaObject":true,"version":"2.0","type":"string","name":"level_1_count","x-toolbar":"FormItemSchemaToolbar","x-settings":"fieldSettings:FormItem","x-component":"AssignedField","x-decorator":"FormItem","x-collection-field":"module_summaries.level_1_count"}},"name":"m57in1bxqre"}},"name":"i1v4kp5ixw1"},"28tkyaas4rv":{"_isJSONSchemaObject":true,"version":"2.0","type":"void","x-component":"Grid.Row","properties":{"aubadkxorcs":{"_isJSONSchemaObject":true,"version":"2.0","type":"void","x-component":"Grid.Col","properties":{"level_1_fixed":{"_isJSONSchemaObject":true,"version":"2.0","type":"string","name":"level_1_fixed","x-toolbar":"FormItemSchemaToolbar","x-settings":"fieldSettings:FormItem","x-component":"AssignedField","x-decorator":"FormItem","x-collection-field":"module_summaries.level_1_fixed"}},"name":"aubadkxorcs"}},"name":"28tkyaas4rv"},"87dzfrypjv5":{"_isJSONSchemaObject":true,"version":"2.0","type":"void","x-component":"Grid.Row","properties":{"00u2e0hze8y":{"_isJSONSchemaObject":true,"version":"2.0","type":"void","x-component":"Grid.Col","properties":{"level_2_count":{"_isJSONSchemaObject":true,"version":"2.0","type":"string","name":"level_2_count","x-toolbar":"FormItemSchemaToolbar","x-settings":"fieldSettings:FormItem","x-component":"AssignedField","x-decorator":"FormItem","x-collection-field":"module_summaries.level_2_count"}},"name":"00u2e0hze8y"}},"name":"87dzfrypjv5"},"sr9fb2g83wa":{"_isJSONSchemaObject":true,"version":"2.0","type":"void","x-component":"Grid.Row","properties":{"mctr2nubczg":{"_isJSONSchemaObject":true,"version":"2.0","type":"void","x-component":"Grid.Col","properties":{"level_2_fixed":{"_isJSONSchemaObject":true,"version":"2.0","type":"string","name":"level_2_fixed","x-toolbar":"FormItemSchemaToolbar","x-settings":"fieldSettings:FormItem","x-component":"AssignedField","x-decorator":"FormItem","x-collection-field":"module_summaries.level_2_fixed"}},"name":"mctr2nubczg"}},"name":"sr9fb2g83wa"},"robhdmi5xfc":{"_isJSONSchemaObject":true,"version":"2.0","type":"void","x-component":"Grid.Row","properties":{"d7pyy4ts79k":{"_isJSONSchemaObject":true,"version":"2.0","type":"void","x-component":"Grid.Col","properties":{"level_3_count":{"_isJSONSchemaObject":true,"version":"2.0","type":"string","name":"level_3_count","x-toolbar":"FormItemSchemaToolbar","x-settings":"fieldSettings:FormItem","x-component":"AssignedField","x-decorator":"FormItem","x-collection-field":"module_summaries.level_3_count"}},"name":"d7pyy4ts79k"}},"name":"robhdmi5xfc"},"9ykwa93dd5w":{"_isJSONSchemaObject":true,"version":"2.0","type":"void","x-component":"Grid.Row","properties":{"0nkrxq50w1f":{"_isJSONSchemaObject":true,"version":"2.0","type":"void","x-component":"Grid.Col","properties":{"level_3_fixed":{"_isJSONSchemaObject":true,"version":"2.0","type":"string","name":"level_3_fixed","x-toolbar":"FormItemSchemaToolbar","x-settings":"fieldSettings:FormItem","x-component":"AssignedField","x-decorator":"FormItem","x-collection-field":"module_summaries.level_3_fixed"}},"name":"0nkrxq50w1f"}},"name":"9ykwa93dd5w"}}},"collection":"module_summaries","params":{"individualHooks":false,"filter":{"$and":[{"id":{"$eq":"{{$context.data.module}}"}}]},"values":{"level_1_count":"{{$jobsMapByNodeKey.h14qw1067vw}}","level_1_fixed":"{{$jobsMapByNodeKey.cvcey3i9obe}}","level_2_count":"{{$jobsMapByNodeKey.52k6055vnrg}}","level_2_fixed":"{{$jobsMapByNodeKey.1fpxh7sjq4k}}","level_3_count":"{{$jobsMapByNodeKey.t5m287ao4ea}}","level_3_fixed":"{{$jobsMapByNodeKey.je6ex9hwdlz}}"}}} workflowId=350195571163136
[34m2026-02-25 18:01:35 [debug] job added to save list: {"result":1,"status":1,"nodeId":350195571163138,"nodeKey":"iz8nj3ykg09","id":"6995857333320704","createdAt":"2026-02-25T10:01:35.268Z","updatedAt":"2026-02-25T10:01:35.268Z","executionId":350202774880256}[39m workflowId=350195571163136
[32m2026-02-25 18:01:35 [info]  execution (350202774880256) run instruction [update] for node (350195571163138) finished as status: 1[39m workflowId=350195571163136
[34m2026-02-25 18:01:35 [debug] result of node                              [39m data=1
[34m2026-02-25 18:01:35 [debug] run next node (350196756054016)             [39m 
[32m2026-02-25 18:01:35 [info]  execution (350202774880256) run instruction [update] for node (350196756054016)[39m workflowId=350195571163136
[34m2026-02-25 18:01:35 [debug] config of node                              [39m data={"usingAssignFormSchema":true,"assignFormSchema":{"_isJSONSchemaObject":true,"version":"2.0","name":"664wo8253vg","type":"void","x-component":"Grid","x-initializer":"assignFieldValuesForm:configureFields","properties":{"p9dwl6uwc71":{"_isJSONSchemaObject":true,"version":"2.0","type":"void","x-component":"Grid.Row","properties":{"2cpmfk2xsli":{"_isJSONSchemaObject":true,"version":"2.0","type":"void","x-component":"Grid.Col","properties":{"total_defect":{"_isJSONSchemaObject":true,"version":"2.0","type":"string","name":"total_defect","x-toolbar":"FormItemSchemaToolbar","x-settings":"fieldSettings:FormItem","x-component":"AssignedField","x-decorator":"FormItem","x-collection-field":"collection_quality.total_defect"}},"name":"2cpmfk2xsli"}},"name":"p9dwl6uwc71"}}},"collection":"collection_quality","params":{"individualHooks":false,"filter":{"$and":[{"id":{"$eq":"{{$context.data.f_jmazop48q5l}}"}}]},"values":{"total_defect":"{{$jobsMapByNodeKey.q0cmjjcwe3p}}"}}} workflowId=350195571163136
[34m2026-02-25 18:01:35 [debug] job added to save list: {"result":1,"status":1,"nodeId":350196756054016,"nodeKey":"12iul4a9nxf","id":"6995857362680832","createdAt":"2026-02-25T10:01:35.275Z","updatedAt":"2026-02-25T10:01:35.275Z","executionId":350202774880256}[39m workflowId=350195571163136
[32m2026-02-25 18:01:35 [info]  execution (350202774880256) run instruction [update] for node (350196756054016) finished as status: 1[39m workflowId=350195571163136
[34m2026-02-25 18:01:35 [debug] result of node                              [39m data=1
[34m2026-02-25 18:01:35 [debug] branch ended at node (350196756054016)      [39m 
[32m2026-02-25 18:01:35 [info]  execution (350202774880256) exiting with status 1[39m workflowId=350195571163136
[32m2026-02-25 18:01:35 [info]  execution (350202774880256) finished with status: 1[39m 
[34m2026-02-25 18:01:35 [debug] execution (350202774880256) details:        [39m execution={"createdAt":"2026-02-25T10:01:35.181Z","id":350202774880256,"updatedAt":"2026-02-25T10:01:35.278Z","key":"y5dhtirx5t1","eventKey":"68c6e53e-9cf3-4419-9036-e3a6a65014b1","context":{"data":{"createdAt":"2026-02-25T09:59:26.691Z","updatedAt":"2026-02-25T09:59:26.698Z","defect":"图纸模糊","defect_rank":"level3","priority":"P3","id":350202504347648,"f_jmazop48q5l":350197087404032,"createdById":1,"updatedById":1,"defect_classification":"历史遗留","module":350197072723968,"label":["建议"],"defect_status":"待修复"}},"status":1,"dispatched":true,"stack":null,"output":null,"manually":null,"workflowId":350195571163136}
