[32m2026-02-24 13:49:46 [info]  toggle ON workflow 349989342543872          [39m workflowId=349989342543872
[32m2026-02-24 13:52:08 [info]  new event triggered, now events: 1          [39m 
[34m2026-02-24 13:52:08 [debug] event data:                                 [39m context={"data":{"createdAt":"2026-02-24T05:51:54.386Z","updatedAt":"2026-02-24T05:51:54.388Z","defect":"图纸显示不全","defect_rank":"level2","priority":"P3","id":349990162530304,"module":null,"f_jmazop48q5l":3,"defect_classification":"其他","defect_status":"已修复","createdById":1,"updatedById":1}}
[32m2026-02-24 13:52:08 [info]  preparing execution for event               [39m 
[32m2026-02-24 13:52:08 [info]  execution of workflow 349989342543872 created as 349990191890432[39m 
[32m2026-02-24 13:52:08 [info]  local pending list is empty, adding execution (349990191890432) to pending list[39m 
[32m2026-02-24 13:52:08 [info]  pending execution (349990191890432) ready to process[39m 
[32m2026-02-24 13:52:08 [info]  execution (349990191890432) starting...     [39m 
[32m2026-02-24 13:52:08 [info]  execution (349990191890432) run instruction [aggregate] for node (349989342543874)[39m workflowId=349989342543872
[34m2026-02-24 13:52:08 [debug] config of node                              [39m data={"aggregator":"count","associated":false,"params":{"field":"id","filter":{"$and":[{"f_jmazop48q5l":{"$eq":"{{$context.data.f_jmazop48q5l}}"}}]}},"precision":2,"collection":"defects"} workflowId=349989342543872
[34m2026-02-24 13:52:08 [debug] job added to save list: {"result":1,"status":1,"nodeId":349989342543874,"nodeKey":"ca6c1jxzwq5","id":"6570694330564608","createdAt":"2026-02-24T05:52:08.509Z","updatedAt":"2026-02-24T05:52:08.509Z","executionId":349990191890432}[39m workflowId=349989342543872
[32m2026-02-24 13:52:08 [info]  execution (349990191890432) run instruction [aggregate] for node (349989342543874) finished as status: 1[39m workflowId=349989342543872
[34m2026-02-24 13:52:08 [debug] result of node                              [39m data=1
[34m2026-02-24 13:52:08 [debug] run next node (349989342543873)             [39m 
[32m2026-02-24 13:52:08 [info]  execution (349990191890432) run instruction [update] for node (349989342543873)[39m workflowId=349989342543872
[34m2026-02-24 13:52:08 [debug] config of node                              [39m data={"usingAssignFormSchema":true,"assignFormSchema":{"_isJSONSchemaObject":true,"version":"2.0","name":"0mby4p7m0ow","type":"void","x-component":"Grid","x-initializer":"assignFieldValuesForm:configureFields","properties":{"2wbpfklshda":{"_isJSONSchemaObject":true,"version":"2.0","type":"void","x-component":"Grid.Row","properties":{"ibquc1d6wnd":{"_isJSONSchemaObject":true,"version":"2.0","type":"void","x-component":"Grid.Col","properties":{"total_defect":{"_isJSONSchemaObject":true,"version":"2.0","type":"string","name":"total_defect","x-toolbar":"FormItemSchemaToolbar","x-settings":"fieldSettings:FormItem","x-component":"AssignedField","x-decorator":"FormItem","x-collection-field":"collection_quality.total_defect"}},"name":"ibquc1d6wnd"}},"name":"2wbpfklshda"}}},"collection":"collection_quality","params":{"individualHooks":false,"filter":{"$and":[{"id":{"$eq":"{{$context.data.f_jmazop48q5l}}"}}]},"values":{"total_defect":"{{$jobsMapByNodeKey.ca6c1jxzwq5}}"}}} workflowId=349989342543872
[34m2026-02-24 13:52:08 [debug] job added to save list: {"result":1,"status":1,"nodeId":349989342543873,"nodeKey":"9mun3sl2wtp","id":"6570694359924736","createdAt":"2026-02-24T05:52:08.516Z","updatedAt":"2026-02-24T05:52:08.516Z","executionId":349990191890432}[39m workflowId=349989342543872
[32m2026-02-24 13:52:08 [info]  execution (349990191890432) run instruction [update] for node (349989342543873) finished as status: 1[39m workflowId=349989342543872
[34m2026-02-24 13:52:08 [debug] result of node                              [39m data=1
[34m2026-02-24 13:52:08 [debug] branch ended at node (349989342543873)      [39m 
[32m2026-02-24 13:52:08 [info]  execution (349990191890432) exiting with status 1[39m workflowId=349989342543872
[32m2026-02-24 13:52:08 [info]  execution (349990191890432) finished with status: 1[39m 
[34m2026-02-24 13:52:08 [debug] execution (349990191890432) details:        [39m execution={"createdAt":"2026-02-24T05:52:08.485Z","id":349990191890432,"updatedAt":"2026-02-24T05:52:08.521Z","key":"0nxttsf7sk1","eventKey":"92458bac-fae7-40ff-b25f-1c7fcfeb3a9f","context":{"data":{"createdAt":"2026-02-24T05:51:54.386Z","updatedAt":"2026-02-24T05:51:54.388Z","defect":"图纸显示不全","defect_rank":"level2","priority":"P3","id":349990162530304,"module":null,"f_jmazop48q5l":3,"defect_classification":"其他","defect_status":"已修复","createdById":1,"updatedById":1}},"status":1,"dispatched":true,"stack":null,"output":null,"manually":null,"workflowId":349989342543872}
[32m2026-02-24 14:55:42 [info]  new event triggered, now events: 1          [39m 
[34m2026-02-24 14:55:42 [debug] event data:                                 [39m context={"data":{"createdAt":"2026-02-24T04:00:57.154Z","updatedAt":"2026-02-24T04:00:57.156Z","defect":"图纸显示不全","defect_rank":"level1","priority":"P1","id":349976201789440,"module":null,"f_jmazop48q5l":1,"defect_classification":"其他","defect_status":"已修复","createdById":1,"updatedById":1}}
[32m2026-02-24 14:55:42 [info]  preparing execution for event               [39m 
[32m2026-02-24 14:55:42 [info]  execution of workflow 349989342543872 created as 349998190428160[39m 
[32m2026-02-24 14:55:42 [info]  local pending list is empty, adding execution (349998190428160) to pending list[39m 
[32m2026-02-24 14:55:42 [info]  pending execution (349998190428160) ready to process[39m 
[32m2026-02-24 14:55:42 [info]  execution (349998190428160) starting...     [39m 
[32m2026-02-24 14:55:42 [info]  execution (349998190428160) run instruction [aggregate] for node (349989342543874)[39m workflowId=349989342543872
[34m2026-02-24 14:55:42 [debug] config of node                              [39m data={"aggregator":"count","associated":false,"params":{"field":"id","filter":{"$and":[{"f_jmazop48q5l":{"$eq":"{{$context.data.f_jmazop48q5l}}"}}]}},"precision":2,"collection":"defects"} workflowId=349989342543872
[34m2026-02-24 14:55:42 [debug] job added to save list: {"result":1,"status":1,"nodeId":349989342543874,"nodeKey":"ca6c1jxzwq5","id":"6586691812868096","createdAt":"2026-02-24T06:55:42.606Z","updatedAt":"2026-02-24T06:55:42.606Z","executionId":349998190428160}[39m workflowId=349989342543872
[32m2026-02-24 14:55:42 [info]  execution (349998190428160) run instruction [aggregate] for node (349989342543874) finished as status: 1[39m workflowId=349989342543872
[34m2026-02-24 14:55:42 [debug] result of node                              [39m data=1
[34m2026-02-24 14:55:42 [debug] run next node (349989342543873)             [39m 
[32m2026-02-24 14:55:42 [info]  execution (349998190428160) run instruction [update] for node (349989342543873)[39m workflowId=349989342543872
[34m2026-02-24 14:55:42 [debug] config of node                              [39m data={"usingAssignFormSchema":true,"assignFormSchema":{"_isJSONSchemaObject":true,"version":"2.0","name":"0mby4p7m0ow","type":"void","x-component":"Grid","x-initializer":"assignFieldValuesForm:configureFields","properties":{"2wbpfklshda":{"_isJSONSchemaObject":true,"version":"2.0","type":"void","x-component":"Grid.Row","properties":{"ibquc1d6wnd":{"_isJSONSchemaObject":true,"version":"2.0","type":"void","x-component":"Grid.Col","properties":{"total_defect":{"_isJSONSchemaObject":true,"version":"2.0","type":"string","name":"total_defect","x-toolbar":"FormItemSchemaToolbar","x-settings":"fieldSettings:FormItem","x-component":"AssignedField","x-decorator":"FormItem","x-collection-field":"collection_quality.total_defect"}},"name":"ibquc1d6wnd"}},"name":"2wbpfklshda"}}},"collection":"collection_quality","params":{"individualHooks":false,"filter":{"$and":[{"id":{"$eq":"{{$context.data.f_jmazop48q5l}}"}}]},"values":{"total_defect":"{{$jobsMapByNodeKey.ca6c1jxzwq5}}"}}} workflowId=349989342543872
[34m2026-02-24 14:55:42 [debug] job added to save list: {"result":1,"status":1,"nodeId":349989342543873,"nodeKey":"9mun3sl2wtp","id":"6586691859005440","createdAt":"2026-02-24T06:55:42.617Z","updatedAt":"2026-02-24T06:55:42.617Z","executionId":349998190428160}[39m workflowId=349989342543872
[32m2026-02-24 14:55:42 [info]  execution (349998190428160) run instruction [update] for node (349989342543873) finished as status: 1[39m workflowId=349989342543872
[34m2026-02-24 14:55:42 [debug] result of node                              [39m data=1
[34m2026-02-24 14:55:42 [debug] branch ended at node (349989342543873)      [39m 
[32m2026-02-24 14:55:42 [info]  execution (349998190428160) exiting with status 1[39m workflowId=349989342543872
[32m2026-02-24 14:55:42 [info]  execution (349998190428160) finished with status: 1[39m 
[34m2026-02-24 14:55:42 [debug] execution (349998190428160) details:        [39m execution={"createdAt":"2026-02-24T06:55:42.558Z","id":349998190428160,"updatedAt":"2026-02-24T06:55:42.619Z","key":"0nxttsf7sk1","eventKey":"68286f13-1602-413f-ad71-5369ce24fcd1","context":{"data":{"createdAt":"2026-02-24T04:00:57.154Z","updatedAt":"2026-02-24T04:00:57.156Z","defect":"图纸显示不全","defect_rank":"level1","priority":"P1","id":349976201789440,"module":null,"f_jmazop48q5l":1,"defect_classification":"其他","defect_status":"已修复","createdById":1,"updatedById":1}},"status":1,"dispatched":true,"stack":null,"output":null,"manually":null,"workflowId":349989342543872}
[32m2026-02-24 15:44:06 [info]  new event triggered, now events: 1          [39m 
[34m2026-02-24 15:44:06 [debug] event data:                                 [39m context={"data":{"createdAt":"2026-02-24T07:42:57.432Z","updatedAt":"2026-02-24T07:42:57.434Z","defect":"图纸模糊","defect_rank":"level3","priority":"P3","id":350004135854080,"module":null,"f_jmazop48q5l":3,"defect_classification":"其他","defect_status":"已修复","createdById":1,"updatedById":1}}
[32m2026-02-24 15:44:06 [info]  preparing execution for event               [39m 
[32m2026-02-24 15:44:06 [info]  execution of workflow 349989342543872 created as 350004280557568[39m 
[32m2026-02-24 15:44:06 [info]  local pending list is empty, adding execution (350004280557568) to pending list[39m 
[32m2026-02-24 15:44:06 [info]  pending execution (350004280557568) ready to process[39m 
[32m2026-02-24 15:44:06 [info]  execution (350004280557568) starting...     [39m 
[32m2026-02-24 15:44:06 [info]  execution (350004280557568) run instruction [aggregate] for node (349989342543874)[39m workflowId=349989342543872
[34m2026-02-24 15:44:06 [debug] config of node                              [39m data={"aggregator":"count","associated":false,"params":{"field":"id","filter":{"$and":[{"f_jmazop48q5l":{"$eq":"{{$context.data.f_jmazop48q5l}}"}}]}},"precision":2,"collection":"defects"} workflowId=349989342543872
[34m2026-02-24 15:44:06 [debug] job added to save list: {"result":0,"status":1,"nodeId":349989342543874,"nodeKey":"ca6c1jxzwq5","id":"6598872159764480","createdAt":"2026-02-24T07:44:06.627Z","updatedAt":"2026-02-24T07:44:06.627Z","executionId":350004280557568}[39m workflowId=349989342543872
[32m2026-02-24 15:44:06 [info]  execution (350004280557568) run instruction [aggregate] for node (349989342543874) finished as status: 1[39m workflowId=349989342543872
[34m2026-02-24 15:44:06 [debug] result of node                              [39m 
[34m2026-02-24 15:44:06 [debug] run next node (349989342543873)             [39m 
[32m2026-02-24 15:44:06 [info]  execution (350004280557568) run instruction [update] for node (349989342543873)[39m workflowId=349989342543872
[34m2026-02-24 15:44:06 [debug] config of node                              [39m data={"usingAssignFormSchema":true,"assignFormSchema":{"_isJSONSchemaObject":true,"version":"2.0","name":"0mby4p7m0ow","type":"void","x-component":"Grid","x-initializer":"assignFieldValuesForm:configureFields","properties":{"2wbpfklshda":{"_isJSONSchemaObject":true,"version":"2.0","type":"void","x-component":"Grid.Row","properties":{"ibquc1d6wnd":{"_isJSONSchemaObject":true,"version":"2.0","type":"void","x-component":"Grid.Col","properties":{"total_defect":{"_isJSONSchemaObject":true,"version":"2.0","type":"string","name":"total_defect","x-toolbar":"FormItemSchemaToolbar","x-settings":"fieldSettings:FormItem","x-component":"AssignedField","x-decorator":"FormItem","x-collection-field":"collection_quality.total_defect"}},"name":"ibquc1d6wnd"}},"name":"2wbpfklshda"}}},"collection":"collection_quality","params":{"individualHooks":false,"filter":{"$and":[{"id":{"$eq":"{{$context.data.f_jmazop48q5l}}"}}]},"values":{"total_defect":"{{$jobsMapByNodeKey.ca6c1jxzwq5}}"}}} workflowId=349989342543872
[34m2026-02-24 15:44:06 [debug] job added to save list: {"result":1,"status":1,"nodeId":349989342543873,"nodeKey":"9mun3sl2wtp","id":"6598872180736000","createdAt":"2026-02-24T07:44:06.632Z","updatedAt":"2026-02-24T07:44:06.632Z","executionId":350004280557568}[39m workflowId=349989342543872
[32m2026-02-24 15:44:06 [info]  execution (350004280557568) run instruction [update] for node (349989342543873) finished as status: 1[39m workflowId=349989342543872
[34m2026-02-24 15:44:06 [debug] result of node                              [39m data=1
[34m2026-02-24 15:44:06 [debug] branch ended at node (349989342543873)      [39m 
[32m2026-02-24 15:44:06 [info]  execution (350004280557568) exiting with status 1[39m workflowId=349989342543872
[32m2026-02-24 15:44:06 [info]  execution (350004280557568) finished with status: 1[39m 
[34m2026-02-24 15:44:06 [debug] execution (350004280557568) details:        [39m execution={"createdAt":"2026-02-24T07:44:06.618Z","id":350004280557568,"updatedAt":"2026-02-24T07:44:06.635Z","key":"0nxttsf7sk1","eventKey":"8ee88317-7038-440f-9260-2151ad098a54","context":{"data":{"createdAt":"2026-02-24T07:42:57.432Z","updatedAt":"2026-02-24T07:42:57.434Z","defect":"图纸模糊","defect_rank":"level3","priority":"P3","id":350004135854080,"module":null,"f_jmazop48q5l":3,"defect_classification":"其他","defect_status":"已修复","createdById":1,"updatedById":1}},"status":1,"dispatched":true,"stack":null,"output":null,"manually":null,"workflowId":349989342543872}
[32m2026-02-24 15:45:44 [info]  new event triggered, now events: 1          [39m 
[34m2026-02-24 15:45:44 [debug] event data:                                 [39m context={"data":{"createdAt":"2026-02-24T07:43:37.232Z","updatedAt":"2026-02-24T07:43:37.241Z","defect":null,"defect_rank":null,"priority":null,"id":350004219740160,"module":null,"f_jmazop48q5l":4,"defect_classification":null,"defect_status":null,"createdById":1,"updatedById":1}}
[32m2026-02-24 15:45:44 [info]  preparing execution for event               [39m 
[32m2026-02-24 15:45:44 [info]  execution of workflow 349989342543872 created as 350004486078464[39m 
[32m2026-02-24 15:45:44 [info]  local pending list is empty, adding execution (350004486078464) to pending list[39m 
[32m2026-02-24 15:45:44 [info]  pending execution (350004486078464) ready to process[39m 
[32m2026-02-24 15:45:44 [info]  execution (350004486078464) starting...     [39m 
[32m2026-02-24 15:45:44 [info]  execution (350004486078464) run instruction [aggregate] for node (349989342543874)[39m workflowId=349989342543872
[34m2026-02-24 15:45:44 [debug] config of node                              [39m data={"aggregator":"count","associated":false,"params":{"field":"id","filter":{"$and":[{"f_jmazop48q5l":{"$eq":"{{$context.data.f_jmazop48q5l}}"}}]}},"precision":2,"collection":"defects"} workflowId=349989342543872
[34m2026-02-24 15:45:44 [debug] job added to save list: {"result":0,"status":1,"nodeId":349989342543874,"nodeKey":"ca6c1jxzwq5","id":"6599280982769664","createdAt":"2026-02-24T07:45:44.098Z","updatedAt":"2026-02-24T07:45:44.098Z","executionId":350004486078464}[39m workflowId=349989342543872
[32m2026-02-24 15:45:44 [info]  execution (350004486078464) run instruction [aggregate] for node (349989342543874) finished as status: 1[39m workflowId=349989342543872
[34m2026-02-24 15:45:44 [debug] result of node                              [39m 
[34m2026-02-24 15:45:44 [debug] run next node (349989342543873)             [39m 
[32m2026-02-24 15:45:44 [info]  execution (350004486078464) run instruction [update] for node (349989342543873)[39m workflowId=349989342543872
[34m2026-02-24 15:45:44 [debug] config of node                              [39m data={"usingAssignFormSchema":true,"assignFormSchema":{"_isJSONSchemaObject":true,"version":"2.0","name":"0mby4p7m0ow","type":"void","x-component":"Grid","x-initializer":"assignFieldValuesForm:configureFields","properties":{"2wbpfklshda":{"_isJSONSchemaObject":true,"version":"2.0","type":"void","x-component":"Grid.Row","properties":{"ibquc1d6wnd":{"_isJSONSchemaObject":true,"version":"2.0","type":"void","x-component":"Grid.Col","properties":{"total_defect":{"_isJSONSchemaObject":true,"version":"2.0","type":"string","name":"total_defect","x-toolbar":"FormItemSchemaToolbar","x-settings":"fieldSettings:FormItem","x-component":"AssignedField","x-decorator":"FormItem","x-collection-field":"collection_quality.total_defect"}},"name":"ibquc1d6wnd"}},"name":"2wbpfklshda"}}},"collection":"collection_quality","params":{"individualHooks":false,"filter":{"$and":[{"id":{"$eq":"{{$context.data.f_jmazop48q5l}}"}}]},"values":{"total_defect":"{{$jobsMapByNodeKey.ca6c1jxzwq5}}"}}} workflowId=349989342543872
[34m2026-02-24 15:45:44 [debug] job added to save list: {"result":1,"status":1,"nodeId":349989342543873,"nodeKey":"9mun3sl2wtp","id":"6599280999546880","createdAt":"2026-02-24T07:45:44.102Z","updatedAt":"2026-02-24T07:45:44.102Z","executionId":350004486078464}[39m workflowId=349989342543872
[32m2026-02-24 15:45:44 [info]  execution (350004486078464) run instruction [update] for node (349989342543873) finished as status: 1[39m workflowId=349989342543872
[34m2026-02-24 15:45:44 [debug] result of node                              [39m data=1
[34m2026-02-24 15:45:44 [debug] branch ended at node (349989342543873)      [39m 
[32m2026-02-24 15:45:44 [info]  execution (350004486078464) exiting with status 1[39m workflowId=349989342543872
[32m2026-02-24 15:45:44 [info]  execution (350004486078464) finished with status: 1[39m 
[34m2026-02-24 15:45:44 [debug] execution (350004486078464) details:        [39m execution={"createdAt":"2026-02-24T07:45:44.072Z","id":350004486078464,"updatedAt":"2026-02-24T07:45:44.104Z","key":"0nxttsf7sk1","eventKey":"0d9e6130-9e23-4a49-86fe-d56230d1eb94","context":{"data":{"createdAt":"2026-02-24T07:43:37.232Z","updatedAt":"2026-02-24T07:43:37.241Z","defect":null,"defect_rank":null,"priority":null,"id":350004219740160,"module":null,"f_jmazop48q5l":4,"defect_classification":null,"defect_status":null,"createdById":1,"updatedById":1}},"status":1,"dispatched":true,"stack":null,"output":null,"manually":null,"workflowId":349989342543872}
