[32m2026-02-26 11:43:46 [info]  toggle ON workflow 350336403308544          [39m workflowId=350336403308544
[32m2026-02-26 11:44:39 [info]  new event triggered, now events: 2          [39m 
[34m2026-02-26 11:44:39 [debug] event data:                                 [39m context={"data":{"createdAt":"2026-02-26T03:44:39.037Z","updatedAt":"2026-02-26T03:44:39.043Z","defect":"核心算法模块代码回退导致崩溃","defect_rank":"level3","priority":"P3","id":350336539623424,"f_jmazop48q5l":350336495583232,"createdById":1,"updatedById":1,"defect_classification":"网退","module":350336497680384,"defect_status":"待修复","label":["延期"],"parent_summary":{"createdAt":"2026-02-26T03:44:18.512Z","updatedAt":"2026-02-26T03:44:18.514Z","owner_id":"nocobase","id":350336495583232,"total_count":null,"tested_count":null,"defect_count":null,"fixed_count":null,"pending_count":null,"loc":null,"kloc":0,"testing_rate":null,"fix_rate":null,"pending_rate":null,"defect_density":null,"total_defect":null,"module_type":"缺陷汇总","createdById":1,"updatedById":1}}}
[32m2026-02-26 11:44:39 [info]  new event is pending to be prepared after previous preparation is finished[39m 
[32m2026-02-26 11:44:39 [info]  preparing execution for event               [39m 
[32m2026-02-26 11:44:39 [info]  execution of workflow 350336403308544 created as 350336539623426[39m 
[32m2026-02-26 11:44:39 [info]  instance is not serving as worker or local pending list is not empty, sending execution (350336539623426) to queue[39m 
[32m2026-02-26 11:44:39 [info]  execution (350336539623426) fetched from db [39m 
[32m2026-02-26 11:44:39 [info]  execution (350336539623426) starting...     [39m 
[32m2026-02-26 11:44:39 [info]  execution (350336539623426) run instruction [aggregate] for node (350336403308567)[39m workflowId=350336403308544
[34m2026-02-26 11:44:39 [debug] config of node                              [39m data={"aggregator":"count","associated":false,"params":{"field":"id","filter":{"$and":[{"defect_rank":{"$eq":"level1"}},{"label":{"$noneOf":["功能屏蔽","已拒绝","建议"]}},{"module":{"$eq":"{{$context.data.module}}"}}]}},"precision":2,"collection":"defects"} workflowId=350336403308544
[34m2026-02-26 11:44:39 [debug] job added to save list: {"result":0,"status":1,"nodeId":350336403308567,"nodeKey":"h14qw1067vw","id":"7263386505083904","createdAt":"2026-02-26T03:44:39.193Z","updatedAt":"2026-02-26T03:44:39.193Z","executionId":350336539623426}[39m workflowId=350336403308544
[32m2026-02-26 11:44:39 [info]  execution (350336539623426) run instruction [aggregate] for node (350336403308567) finished as status: 1[39m workflowId=350336403308544
[34m2026-02-26 11:44:39 [debug] result of node                              [39m 
[34m2026-02-26 11:44:39 [debug] run next node (350336403308551)             [39m 
[32m2026-02-26 11:44:39 [info]  execution (350336539623426) run instruction [aggregate] for node (350336403308551)[39m workflowId=350336403308544
[34m2026-02-26 11:44:39 [debug] config of node                              [39m data={"aggregator":"count","associated":false,"params":{"field":"id","filter":{"$and":[{"defect_rank":{"$eq":"level1"}},{"label":{"$noneOf":["功能屏蔽","已拒绝","建议"]}},{"$or":[{"label":{"$anyOf":["已修复","待合并"]}},{"$and":[{"label":{"$anyOf":["未复现"]}},{"defect_status":{"$eq":"已关闭"}}]}]},{"module":{"$eq":"{{$context.data.module}}"}}]}},"precision":2,"collection":"defects"} workflowId=350336403308544
[34m2026-02-26 11:44:39 [debug] job added to save list: {"result":0,"status":1,"nodeId":350336403308551,"nodeKey":"cvcey3i9obe","id":"7263386517666816","createdAt":"2026-02-26T03:44:39.196Z","updatedAt":"2026-02-26T03:44:39.196Z","executionId":350336539623426}[39m workflowId=350336403308544
[32m2026-02-26 11:44:39 [info]  execution (350336539623426) run instruction [aggregate] for node (350336403308551) finished as status: 1[39m workflowId=350336403308544
[34m2026-02-26 11:44:39 [debug] result of node                              [39m 
[34m2026-02-26 11:44:39 [debug] run next node (350336403308553)             [39m 
[32m2026-02-26 11:44:39 [info]  execution (350336539623426) run instruction [aggregate] for node (350336403308553)[39m workflowId=350336403308544
[34m2026-02-26 11:44:39 [debug] config of node                              [39m data={"aggregator":"count","associated":false,"params":{"field":"id","filter":{"$and":[{"defect_rank":{"$eq":"level1"}},{"module":{"$eq":"{{$context.data.module}}"}},{"$or":[{"defect":{"$includes":"退"}},{"defect":{"$includes":"回退"}},{"defect":{"$includes":"倒退"}}]}]}},"precision":2,"collection":"defects"} workflowId=350336403308544
[34m2026-02-26 11:44:39 [debug] job added to save list: {"result":0,"status":1,"nodeId":350336403308553,"nodeKey":"9euqanxv5ca","id":"7263386530249728","createdAt":"2026-02-26T03:44:39.199Z","updatedAt":"2026-02-26T03:44:39.199Z","executionId":350336539623426}[39m workflowId=350336403308544
[32m2026-02-26 11:44:39 [info]  execution (350336539623426) run instruction [aggregate] for node (350336403308553) finished as status: 1[39m workflowId=350336403308544
[34m2026-02-26 11:44:39 [debug] result of node                              [39m 
[34m2026-02-26 11:44:39 [debug] run next node (350336403308552)             [39m 
[32m2026-02-26 11:44:39 [info]  execution (350336539623426) run instruction [aggregate] for node (350336403308552)[39m workflowId=350336403308544
[34m2026-02-26 11:44:39 [debug] config of node                              [39m data={"aggregator":"count","associated":false,"params":{"field":"id","filter":{"$and":[{"defect_rank":{"$eq":"level1"}},{"module":{"$eq":"{{$context.data.module}}"}},{"$or":[{"defect":{"$includes":"挂机"}}]}]}},"precision":2,"collection":"defects"} workflowId=350336403308544
[34m2026-02-26 11:44:39 [debug] job added to save list: {"result":0,"status":1,"nodeId":350336403308552,"nodeKey":"cjybahnz5qh","id":"7263386538638336","createdAt":"2026-02-26T03:44:39.201Z","updatedAt":"2026-02-26T03:44:39.201Z","executionId":350336539623426}[39m workflowId=350336403308544
[32m2026-02-26 11:44:39 [info]  execution (350336539623426) run instruction [aggregate] for node (350336403308552) finished as status: 1[39m workflowId=350336403308544
[34m2026-02-26 11:44:39 [debug] result of node                              [39m 
[34m2026-02-26 11:44:39 [debug] run next node (350336403308560)             [39m 
[32m2026-02-26 11:44:39 [info]  execution (350336539623426) run instruction [aggregate] for node (350336403308560)[39m workflowId=350336403308544
[34m2026-02-26 11:44:39 [debug] config of node                              [39m data={"aggregator":"count","associated":false,"params":{"field":"id","filter":{"$and":[{"defect_rank":{"$eq":"level1"}},{"defect":{"$notIncludes":"退"}},{"defect":{"$notIncludes":"回退"}},{"defect":{"$notIncludes":"倒退"}},{"defect":{"$notIncludes":"挂机"}},{"module":{"$eq":"{{$context.data.module}}"}}]}},"precision":2,"collection":"defects"} workflowId=350336403308544
[34m2026-02-26 11:44:39 [debug] job added to save list: {"result":0,"status":1,"nodeId":350336403308560,"nodeKey":"4lo6zk22j0o","id":"7263386551221248","createdAt":"2026-02-26T03:44:39.204Z","updatedAt":"2026-02-26T03:44:39.204Z","executionId":350336539623426}[39m workflowId=350336403308544
[32m2026-02-26 11:44:39 [info]  execution (350336539623426) run instruction [aggregate] for node (350336403308560) finished as status: 1[39m workflowId=350336403308544
[34m2026-02-26 11:44:39 [debug] result of node                              [39m 
[34m2026-02-26 11:44:39 [debug] run next node (350336403308554)             [39m 
[32m2026-02-26 11:44:39 [info]  execution (350336539623426) run instruction [aggregate] for node (350336403308554)[39m workflowId=350336403308544
[34m2026-02-26 11:44:39 [debug] config of node                              [39m data={"aggregator":"count","associated":false,"params":{"field":"id","filter":{"$and":[{"defect_rank":{"$eq":"level2"}},{"label":{"$noneOf":["功能屏蔽","已拒绝","建议"]}},{"module":{"$eq":"{{$context.data.module}}"}}]}},"precision":2,"collection":"defects"} workflowId=350336403308544
[34m2026-02-26 11:44:39 [debug] job added to save list: {"result":0,"status":1,"nodeId":350336403308554,"nodeKey":"52k6055vnrg","id":"7263386563804160","createdAt":"2026-02-26T03:44:39.207Z","updatedAt":"2026-02-26T03:44:39.207Z","executionId":350336539623426}[39m workflowId=350336403308544
[32m2026-02-26 11:44:39 [info]  execution (350336539623426) run instruction [aggregate] for node (350336403308554) finished as status: 1[39m workflowId=350336403308544
[34m2026-02-26 11:44:39 [debug] result of node                              [39m 
[34m2026-02-26 11:44:39 [debug] run next node (350336403308550)             [39m 
[32m2026-02-26 11:44:39 [info]  execution (350336539623426) run instruction [aggregate] for node (350336403308550)[39m workflowId=350336403308544
[34m2026-02-26 11:44:39 [debug] config of node                              [39m data={"aggregator":"count","associated":false,"params":{"field":"id","filter":{"$and":[{"defect_rank":{"$eq":"level2"}},{"label":{"$noneOf":["功能屏蔽","已拒绝","建议"]}},{"$or":[{"label":{"$anyOf":["已修复","待合并"]}},{"$and":[{"label":{"$anyOf":["未复现"]}},{"defect_status":{"$eq":"已关闭"}}]}]},{"module":{"$eq":"{{$context.data.module}}"}}]}},"precision":2,"collection":"defects"} workflowId=350336403308544
[34m2026-02-26 11:44:39 [debug] job added to save list: {"result":0,"status":1,"nodeId":350336403308550,"nodeKey":"1fpxh7sjq4k","id":"7263386588969984","createdAt":"2026-02-26T03:44:39.213Z","updatedAt":"2026-02-26T03:44:39.213Z","executionId":350336539623426}[39m workflowId=350336403308544
[32m2026-02-26 11:44:39 [info]  execution (350336539623426) run instruction [aggregate] for node (350336403308550) finished as status: 1[39m workflowId=350336403308544
[34m2026-02-26 11:44:39 [debug] result of node                              [39m 
[34m2026-02-26 11:44:39 [debug] run next node (350336403308548)             [39m 
[32m2026-02-26 11:44:39 [info]  execution (350336539623426) run instruction [aggregate] for node (350336403308548)[39m workflowId=350336403308544
[34m2026-02-26 11:44:39 [debug] config of node                              [39m data={"aggregator":"count","associated":false,"params":{"field":"id","filter":{"$and":[{"defect_rank":{"$eq":"level3"}},{"label":{"$noneOf":["功能屏蔽","已拒绝","建议"]}},{"module":{"$eq":"{{$context.data.module}}"}}]}},"precision":2,"collection":"defects"} workflowId=350336403308544
[34m2026-02-26 11:44:39 [debug] job added to save list: {"result":1,"status":1,"nodeId":350336403308548,"nodeKey":"t5m287ao4ea","id":"7263386597358592","createdAt":"2026-02-26T03:44:39.215Z","updatedAt":"2026-02-26T03:44:39.215Z","executionId":350336539623426}[39m workflowId=350336403308544
[32m2026-02-26 11:44:39 [info]  execution (350336539623426) run instruction [aggregate] for node (350336403308548) finished as status: 1[39m workflowId=350336403308544
[34m2026-02-26 11:44:39 [debug] result of node                              [39m data=1
[34m2026-02-26 11:44:39 [debug] run next node (350336403308555)             [39m 
[32m2026-02-26 11:44:39 [info]  execution (350336539623426) run instruction [aggregate] for node (350336403308555)[39m workflowId=350336403308544
[34m2026-02-26 11:44:39 [debug] config of node                              [39m data={"aggregator":"count","associated":false,"params":{"field":"id","filter":{"$and":[{"defect_rank":{"$eq":"level3"}},{"label":{"$noneOf":["功能屏蔽","已拒绝","建议"]}},{"$or":[{"label":{"$anyOf":["待合并","已修复"]}},{"$and":[{"label":{"$anyOf":["未复现"]}},{"defect_status":{"$eq":"已关闭"}}]}]},{"module":{"$eq":"{{$context.data.module}}"}}]}},"precision":2,"collection":"defects"} workflowId=350336403308544
[34m2026-02-26 11:44:39 [debug] job added to save list: {"result":0,"status":1,"nodeId":350336403308555,"nodeKey":"je6ex9hwdlz","id":"7263386614135808","createdAt":"2026-02-26T03:44:39.219Z","updatedAt":"2026-02-26T03:44:39.219Z","executionId":350336539623426}[39m workflowId=350336403308544
[32m2026-02-26 11:44:39 [info]  execution (350336539623426) run instruction [aggregate] for node (350336403308555) finished as status: 1[39m workflowId=350336403308544
[34m2026-02-26 11:44:39 [debug] result of node                              [39m 
[34m2026-02-26 11:44:39 [debug] run next node (350336403308546)             [39m 
[32m2026-02-26 11:44:39 [info]  execution (350336539623426) run instruction [aggregate] for node (350336403308546)[39m workflowId=350336403308544
[34m2026-02-26 11:44:39 [debug] config of node                              [39m data={"aggregator":"count","associated":false,"params":{"field":"id","filter":{"$and":[{"priority":{"$eq":"P1"}},{"module":{"$eq":"{{$context.data.module}}"}}]}},"precision":2,"collection":"defects"} workflowId=350336403308544
[34m2026-02-26 11:44:39 [debug] job added to save list: {"result":0,"status":1,"nodeId":350336403308546,"nodeKey":"m7boio3foa4","id":"7263386626718720","createdAt":"2026-02-26T03:44:39.222Z","updatedAt":"2026-02-26T03:44:39.222Z","executionId":350336539623426}[39m workflowId=350336403308544
[32m2026-02-26 11:44:39 [info]  execution (350336539623426) run instruction [aggregate] for node (350336403308546) finished as status: 1[39m workflowId=350336403308544
[34m2026-02-26 11:44:39 [debug] result of node                              [39m 
[34m2026-02-26 11:44:39 [debug] run next node (350336403308545)             [39m 
[32m2026-02-26 11:44:39 [info]  execution (350336539623426) run instruction [aggregate] for node (350336403308545)[39m workflowId=350336403308544
[34m2026-02-26 11:44:39 [debug] config of node                              [39m data={"aggregator":"count","associated":false,"params":{"field":"id","filter":{"$and":[{"priority":{"$eq":"P1"}},{"module":{"$eq":"{{$context.data.module}}"}},{"label":{"$noneOf":["功能屏蔽","已拒绝","建议"]}},{"$or":[{"label":{"$anyOf":["待合并","已修复"]}},{"$and":[{"label":{"$anyOf":["未复现"]}},{"defect_status":{"$eq":"已关闭"}}]}]}]}},"precision":2,"collection":"defects"} workflowId=350336403308544
[34m2026-02-26 11:44:39 [debug] job added to save list: {"result":0,"status":1,"nodeId":350336403308545,"nodeKey":"ctxa7y3htwk","id":"7263386672856064","createdAt":"2026-02-26T03:44:39.233Z","updatedAt":"2026-02-26T03:44:39.233Z","executionId":350336539623426}[39m workflowId=350336403308544
[32m2026-02-26 11:44:39 [info]  execution (350336539623426) run instruction [aggregate] for node (350336403308545) finished as status: 1[39m workflowId=350336403308544
[34m2026-02-26 11:44:39 [debug] result of node                              [39m 
[34m2026-02-26 11:44:39 [debug] run next node (350336403308556)             [39m 
[32m2026-02-26 11:44:39 [info]  execution (350336539623426) run instruction [aggregate] for node (350336403308556)[39m workflowId=350336403308544
[34m2026-02-26 11:44:39 [debug] config of node                              [39m data={"aggregator":"count","associated":false,"params":{"field":"id","filter":{"$and":[{"priority":{"$eq":"P2"}},{"module":{"$eq":"{{$context.data.module}}"}}]}},"precision":2,"collection":"defects"} workflowId=350336403308544
[34m2026-02-26 11:44:39 [debug] job added to save list: {"result":0,"status":1,"nodeId":350336403308556,"nodeKey":"n5qz0yvi8a8","id":"7263386681244672","createdAt":"2026-02-26T03:44:39.235Z","updatedAt":"2026-02-26T03:44:39.235Z","executionId":350336539623426}[39m workflowId=350336403308544
[32m2026-02-26 11:44:39 [info]  execution (350336539623426) run instruction [aggregate] for node (350336403308556) finished as status: 1[39m workflowId=350336403308544
[34m2026-02-26 11:44:39 [debug] result of node                              [39m 
[34m2026-02-26 11:44:39 [debug] run next node (350336403308557)             [39m 
[32m2026-02-26 11:44:39 [info]  execution (350336539623426) run instruction [aggregate] for node (350336403308557)[39m workflowId=350336403308544
[34m2026-02-26 11:44:39 [debug] config of node                              [39m data={"aggregator":"count","associated":false,"params":{"field":"id","filter":{"$and":[{"priority":{"$eq":"P2"}},{"label":{"$noneOf":["功能屏蔽","已拒绝","建议"]}},{"module":{"$eq":"{{$context.data.module}}"}},{"$or":[{"label":{"$anyOf":["待合并","已修复"]}},{"$and":[{"label":{"$anyOf":["未复现"]}},{"defect_status":{"$eq":"已关闭"}}]}]}]}},"precision":2,"collection":"defects"} workflowId=350336403308544
[34m2026-02-26 11:44:39 [debug] job added to save list: {"result":0,"status":1,"nodeId":350336403308557,"nodeKey":"m5m10pctczr","id":"7263386698021888","createdAt":"2026-02-26T03:44:39.239Z","updatedAt":"2026-02-26T03:44:39.239Z","executionId":350336539623426}[39m workflowId=350336403308544
[32m2026-02-26 11:44:39 [info]  execution (350336539623426) run instruction [aggregate] for node (350336403308557) finished as status: 1[39m workflowId=350336403308544
[34m2026-02-26 11:44:39 [debug] result of node                              [39m 
[34m2026-02-26 11:44:39 [debug] run next node (350336403308547)             [39m 
[32m2026-02-26 11:44:39 [info]  execution (350336539623426) run instruction [aggregate] for node (350336403308547)[39m workflowId=350336403308544
[34m2026-02-26 11:44:39 [debug] config of node                              [39m data={"aggregator":"count","associated":false,"params":{"field":"id","filter":{"$and":[{"priority":{"$eq":"P3"}},{"module":{"$eq":"{{$context.data.module}}"}}]}},"precision":2,"collection":"defects"} workflowId=350336403308544
[34m2026-02-26 11:44:39 [debug] job added to save list: {"result":1,"status":1,"nodeId":350336403308547,"nodeKey":"86wyre6po8b","id":"7263386706410496","createdAt":"2026-02-26T03:44:39.241Z","updatedAt":"2026-02-26T03:44:39.241Z","executionId":350336539623426}[39m workflowId=350336403308544
[32m2026-02-26 11:44:39 [info]  execution (350336539623426) run instruction [aggregate] for node (350336403308547) finished as status: 1[39m workflowId=350336403308544
[34m2026-02-26 11:44:39 [debug] result of node                              [39m data=1
[34m2026-02-26 11:44:39 [debug] run next node (350336403308562)             [39m 
[32m2026-02-26 11:44:39 [info]  execution (350336539623426) run instruction [aggregate] for node (350336403308562)[39m workflowId=350336403308544
[34m2026-02-26 11:44:39 [debug] config of node                              [39m data={"aggregator":"count","associated":false,"params":{"field":"id","filter":{"$and":[{"priority":{"$eq":"P3"}},{"label":{"$noneOf":["功能屏蔽","已拒绝","建议"]}},{"module":{"$eq":"{{$context.data.module}}"}},{"$or":[{"label":{"$anyOf":["待合并","已修复"]}},{"$and":[{"label":{"$anyOf":["未复现"]}},{"defect_status":{"$eq":"已关闭"}}]}]}]}},"precision":2,"collection":"defects"} workflowId=350336403308544
[34m2026-02-26 11:44:39 [debug] job added to save list: {"result":0,"status":1,"nodeId":350336403308562,"nodeKey":"4tftrde6ftb","id":"7263386718993408","createdAt":"2026-02-26T03:44:39.244Z","updatedAt":"2026-02-26T03:44:39.244Z","executionId":350336539623426}[39m workflowId=350336403308544
[32m2026-02-26 11:44:39 [info]  execution (350336539623426) run instruction [aggregate] for node (350336403308562) finished as status: 1[39m workflowId=350336403308544
[34m2026-02-26 11:44:39 [debug] result of node                              [39m 
[34m2026-02-26 11:44:39 [debug] run next node (350336403308549)             [39m 
[32m2026-02-26 11:44:39 [info]  execution (350336539623426) run instruction [aggregate] for node (350336403308549)[39m workflowId=350336403308544
[34m2026-02-26 11:44:39 [debug] config of node                              [39m data={"aggregator":"count","associated":false,"params":{"field":"id","filter":{"$and":[{"defect_status":{"$eq":"已关闭"}},{"priority":{"$eq":"P1"}},{"module":{"$eq":"{{$context.data.module}}"}}]}},"precision":2,"collection":"defects"} workflowId=350336403308544
[34m2026-02-26 11:44:39 [debug] job added to save list: {"result":0,"status":1,"nodeId":350336403308549,"nodeKey":"3szdlncazck","id":"7263386731576320","createdAt":"2026-02-26T03:44:39.247Z","updatedAt":"2026-02-26T03:44:39.247Z","executionId":350336539623426}[39m workflowId=350336403308544
[32m2026-02-26 11:44:39 [info]  execution (350336539623426) run instruction [aggregate] for node (350336403308549) finished as status: 1[39m workflowId=350336403308544
[34m2026-02-26 11:44:39 [debug] result of node                              [39m 
[34m2026-02-26 11:44:39 [debug] run next node (350336403308561)             [39m 
[32m2026-02-26 11:44:39 [info]  execution (350336539623426) run instruction [aggregate] for node (350336403308561)[39m workflowId=350336403308544
[34m2026-02-26 11:44:39 [debug] config of node                              [39m data={"aggregator":"count","associated":false,"params":{"field":"id","filter":{"$and":[{"defect_status":{"$eq":"已关闭"}},{"module":{"$eq":"{{$context.data.module}}"}}]}},"precision":2,"collection":"defects"} workflowId=350336403308544
[34m2026-02-26 11:44:39 [debug] job added to save list: {"result":0,"status":1,"nodeId":350336403308561,"nodeKey":"aj31qog7bx4","id":"7263386739964928","createdAt":"2026-02-26T03:44:39.249Z","updatedAt":"2026-02-26T03:44:39.249Z","executionId":350336539623426}[39m workflowId=350336403308544
[32m2026-02-26 11:44:39 [info]  execution (350336539623426) run instruction [aggregate] for node (350336403308561) finished as status: 1[39m workflowId=350336403308544
[34m2026-02-26 11:44:39 [debug] result of node                              [39m 
[34m2026-02-26 11:44:39 [debug] run next node (350336403308563)             [39m 
[32m2026-02-26 11:44:39 [info]  execution (350336539623426) run instruction [aggregate] for node (350336403308563)[39m workflowId=350336403308544
[34m2026-02-26 11:44:39 [debug] config of node                              [39m data={"aggregator":"count","associated":false,"params":{"field":"id","filter":{"$and":[{"label":{"$anyOf":["延期"]}},{"module":{"$eq":"{{$context.data.module}}"}}]}},"precision":2,"collection":"defects"} workflowId=350336403308544
[34m2026-02-26 11:44:39 [debug] job added to save list: {"result":1,"status":1,"nodeId":350336403308563,"nodeKey":"3f305ii7n0l","id":"7263386744159232","createdAt":"2026-02-26T03:44:39.250Z","updatedAt":"2026-02-26T03:44:39.250Z","executionId":350336539623426}[39m workflowId=350336403308544
[32m2026-02-26 11:44:39 [info]  execution (350336539623426) run instruction [aggregate] for node (350336403308563) finished as status: 1[39m workflowId=350336403308544
[34m2026-02-26 11:44:39 [debug] result of node                              [39m data=1
[34m2026-02-26 11:44:39 [debug] run next node (350336403308564)             [39m 
[32m2026-02-26 11:44:39 [info]  execution (350336539623426) run instruction [aggregate] for node (350336403308564)[39m workflowId=350336403308544
[34m2026-02-26 11:44:39 [debug] config of node                              [39m data={"aggregator":"count","associated":false,"params":{"field":"id","filter":{"$and":[{"defect_status":{"$ne":"已关闭"}},{"label":{"$noneOf":["功能屏蔽","已拒绝","建议"]}},{"module":{"$eq":"{{$context.data.module}}"}}]}},"precision":2,"collection":"defects"} workflowId=350336403308544
[34m2026-02-26 11:44:39 [debug] job added to save list: {"result":1,"status":1,"nodeId":350336403308564,"nodeKey":"d60x92jthmx","id":"7263386752547840","createdAt":"2026-02-26T03:44:39.252Z","updatedAt":"2026-02-26T03:44:39.252Z","executionId":350336539623426}[39m workflowId=350336403308544
[32m2026-02-26 11:44:39 [info]  execution (350336539623426) run instruction [aggregate] for node (350336403308564) finished as status: 1[39m workflowId=350336403308544
[34m2026-02-26 11:44:39 [debug] result of node                              [39m data=1
[34m2026-02-26 11:44:39 [debug] run next node (350336403308565)             [39m 
[32m2026-02-26 11:44:39 [info]  execution (350336539623426) run instruction [aggregate] for node (350336403308565)[39m workflowId=350336403308544
[34m2026-02-26 11:44:39 [debug] config of node                              [39m data={"aggregator":"count","associated":false,"params":{"field":"id","filter":{"$and":[{"label":{"$anyOf":["复测未通过"]}},{"module":{"$eq":"{{$context.data.module}}"}}]}},"precision":2,"collection":"defects"} workflowId=350336403308544
[34m2026-02-26 11:44:39 [debug] job added to save list: {"result":0,"status":1,"nodeId":350336403308565,"nodeKey":"iofdvp5yr94","id":"7263386756742144","createdAt":"2026-02-26T03:44:39.253Z","updatedAt":"2026-02-26T03:44:39.253Z","executionId":350336539623426}[39m workflowId=350336403308544
[32m2026-02-26 11:44:39 [info]  execution (350336539623426) run instruction [aggregate] for node (350336403308565) finished as status: 1[39m workflowId=350336403308544
[34m2026-02-26 11:44:39 [debug] result of node                              [39m 
[34m2026-02-26 11:44:39 [debug] run next node (350336403308566)             [39m 
[32m2026-02-26 11:44:39 [info]  execution (350336539623426) run instruction [aggregate] for node (350336403308566)[39m workflowId=350336403308544
[34m2026-02-26 11:44:39 [debug] config of node                              [39m data={"aggregator":"count","associated":false,"params":{"field":"id","filter":{"$and":[{"module":{"$eq":"{{$context.data.module}}"}}]}},"precision":2,"collection":"defects"} workflowId=350336403308544
[34m2026-02-26 11:44:39 [debug] job added to save list: {"result":1,"status":1,"nodeId":350336403308566,"nodeKey":"zzewef9k4c5","id":"7263386773519360","createdAt":"2026-02-26T03:44:39.257Z","updatedAt":"2026-02-26T03:44:39.257Z","executionId":350336539623426}[39m workflowId=350336403308544
[32m2026-02-26 11:44:39 [info]  execution (350336539623426) run instruction [aggregate] for node (350336403308566) finished as status: 1[39m workflowId=350336403308544
[34m2026-02-26 11:44:39 [debug] result of node                              [39m data=1
[34m2026-02-26 11:44:39 [debug] run next node (350336403308568)             [39m 
[32m2026-02-26 11:44:39 [info]  execution (350336539623426) run instruction [aggregate] for node (350336403308568)[39m workflowId=350336403308544
[34m2026-02-26 11:44:39 [debug] config of node                              [39m data={"aggregator":"count","associated":false,"params":{"field":"id","filter":{"$and":[{"label":{"$anyOf":["建议"]}},{"module":{"$eq":"{{$context.data.module}}"}}]}},"precision":2,"collection":"defects"} workflowId=350336403308544
[34m2026-02-26 11:44:39 [debug] job added to save list: {"result":0,"status":1,"nodeId":350336403308568,"nodeKey":"aaj3raugpgh","id":"7263386781907968","createdAt":"2026-02-26T03:44:39.259Z","updatedAt":"2026-02-26T03:44:39.259Z","executionId":350336539623426}[39m workflowId=350336403308544
[32m2026-02-26 11:44:39 [info]  execution (350336539623426) run instruction [aggregate] for node (350336403308568) finished as status: 1[39m workflowId=350336403308544
[34m2026-02-26 11:44:39 [debug] result of node                              [39m 
[34m2026-02-26 11:44:39 [debug] run next node (350336403308558)             [39m 
[32m2026-02-26 11:44:39 [info]  execution (350336539623426) run instruction [aggregate] for node (350336403308558)[39m workflowId=350336403308544
[34m2026-02-26 11:44:39 [debug] config of node                              [39m data={"aggregator":"count","associated":false,"params":{"field":"id","filter":{"$and":[{"f_jmazop48q5l":{"$eq":"{{$context.data.f_jmazop48q5l}}"}}]}},"precision":2,"collection":"defects"} workflowId=350336403308544
[34m2026-02-26 11:44:39 [debug] job added to save list: {"result":1,"status":1,"nodeId":350336403308558,"nodeKey":"agbjg8mq1oa","id":"7263386786102272","createdAt":"2026-02-26T03:44:39.260Z","updatedAt":"2026-02-26T03:44:39.260Z","executionId":350336539623426}[39m workflowId=350336403308544
[32m2026-02-26 11:44:39 [info]  execution (350336539623426) run instruction [aggregate] for node (350336403308558) finished as status: 1[39m workflowId=350336403308544
[34m2026-02-26 11:44:39 [debug] result of node                              [39m data=1
[34m2026-02-26 11:44:39 [debug] run next node (350336403308559)             [39m 
[32m2026-02-26 11:44:39 [info]  execution (350336539623426) run instruction [update] for node (350336403308559)[39m workflowId=350336403308544
[34m2026-02-26 11:44:39 [debug] config of node                              [39m data={"usingAssignFormSchema":true,"assignFormSchema":{"_isJSONSchemaObject":true,"version":"2.0","name":"z36wx6jbrw9","type":"void","x-component":"Grid","x-initializer":"assignFieldValuesForm:configureFields","properties":{"i1v4kp5ixw1":{"_isJSONSchemaObject":true,"version":"2.0","type":"void","x-component":"Grid.Row","properties":{"m57in1bxqre":{"_isJSONSchemaObject":true,"version":"2.0","type":"void","x-component":"Grid.Col","properties":{"level_1_count":{"_isJSONSchemaObject":true,"version":"2.0","type":"string","name":"level_1_count","x-toolbar":"FormItemSchemaToolbar","x-settings":"fieldSettings:FormItem","x-component":"AssignedField","x-decorator":"FormItem","x-collection-field":"module_summaries.level_1_count"}},"name":"m57in1bxqre"}},"name":"i1v4kp5ixw1"},"28tkyaas4rv":{"_isJSONSchemaObject":true,"version":"2.0","type":"void","x-component":"Grid.Row","properties":{"aubadkxorcs":{"_isJSONSchemaObject":true,"version":"2.0","type":"void","x-component":"Grid.Col","properties":{"level_1_fixed":{"_isJSONSchemaObject":true,"version":"2.0","type":"string","name":"level_1_fixed","x-toolbar":"FormItemSchemaToolbar","x-settings":"fieldSettings:FormItem","x-component":"AssignedField","x-decorator":"FormItem","x-collection-field":"module_summaries.level_1_fixed"}},"name":"aubadkxorcs"}},"name":"28tkyaas4rv"},"87dzfrypjv5":{"_isJSONSchemaObject":true,"version":"2.0","type":"void","x-component":"Grid.Row","properties":{"00u2e0hze8y":{"_isJSONSchemaObject":true,"version":"2.0","type":"void","x-component":"Grid.Col","properties":{"level_2_count":{"_isJSONSchemaObject":true,"version":"2.0","type":"string","name":"level_2_count","x-toolbar":"FormItemSchemaToolbar","x-settings":"fieldSettings:FormItem","x-component":"AssignedField","x-decorator":"FormItem","x-collection-field":"module_summaries.level_2_count"}},"name":"00u2e0hze8y"}},"name":"87dzfrypjv5"},"sr9fb2g83wa":{"_isJSONSchemaObject":true,"version":"2.0","type":"void","x-component":"Grid.Row","properties":{"mctr2nubczg":{"_isJSONSchemaObject":true,"version":"2.0","type":"void","x-component":"Grid.Col","properties":{"level_2_fixed":{"_isJSONSchemaObject":true,"version":"2.0","type":"string","name":"level_2_fixed","x-toolbar":"FormItemSchemaToolbar","x-settings":"fieldSettings:FormItem","x-component":"AssignedField","x-decorator":"FormItem","x-collection-field":"module_summaries.level_2_fixed"}},"name":"mctr2nubczg"}},"name":"sr9fb2g83wa"},"robhdmi5xfc":{"_isJSONSchemaObject":true,"version":"2.0","type":"void","x-component":"Grid.Row","properties":{"d7pyy4ts79k":{"_isJSONSchemaObject":true,"version":"2.0","type":"void","x-component":"Grid.Col","properties":{"level_3_count":{"_isJSONSchemaObject":true,"version":"2.0","type":"string","name":"level_3_count","x-toolbar":"FormItemSchemaToolbar","x-settings":"fieldSettings:FormItem","x-component":"AssignedField","x-decorator":"FormItem","x-collection-field":"module_summaries.level_3_count"}},"name":"d7pyy4ts79k"}},"name":"robhdmi5xfc"},"9ykwa93dd5w":{"_isJSONSchemaObject":true,"version":"2.0","type":"void","x-component":"Grid.Row","properties":{"0nkrxq50w1f":{"_isJSONSchemaObject":true,"version":"2.0","type":"void","x-component":"Grid.Col","properties":{"level_3_fixed":{"_isJSONSchemaObject":true,"version":"2.0","type":"string","name":"level_3_fixed","x-toolbar":"FormItemSchemaToolbar","x-settings":"fieldSettings:FormItem","x-component":"AssignedField","x-decorator":"FormItem","x-collection-field":"module_summaries.level_3_fixed"}},"name":"0nkrxq50w1f"}},"name":"9ykwa93dd5w"},"m2wrz7jm9vz":{"_isJSONSchemaObject":true,"version":"2.0","type":"void","x-component":"Grid.Row","properties":{"hfp2a2oyka1":{"_isJSONSchemaObject":true,"version":"2.0","type":"void","x-component":"Grid.Col","properties":{"level_1_rollback":{"_isJSONSchemaObject":true,"version":"2.0","type":"string","name":"level_1_rollback","x-toolbar":"FormItemSchemaToolbar","x-settings":"fieldSettings:FormItem","x-component":"AssignedField","x-decorator":"FormItem","x-collection-field":"module_summaries.level_1_rollback"}},"name":"hfp2a2oyka1"}},"name":"m2wrz7jm9vz"},"llra5xvheol":{"_isJSONSchemaObject":true,"version":"2.0","type":"void","x-component":"Grid.Row","properties":{"hxtzevu58gt":{"_isJSONSchemaObject":true,"version":"2.0","type":"void","x-component":"Grid.Col","properties":{"level_1_hang":{"_isJSONSchemaObject":true,"version":"2.0","type":"string","name":"level_1_hang","x-toolbar":"FormItemSchemaToolbar","x-settings":"fieldSettings:FormItem","x-component":"AssignedField","x-decorator":"FormItem","x-collection-field":"module_summaries.level_1_hang"}},"name":"hxtzevu58gt"}},"name":"llra5xvheol"},"55xmmpvuyqt":{"_isJSONSchemaObject":true,"version":"2.0","type":"void","x-component":"Grid.Row","properties":{"6khukz0hpsa":{"_isJSONSchemaObject":true,"version":"2.0","type":"void","x-component":"Grid.Col","properties":{"level_1_other":{"_isJSONSchemaObject":true,"version":"2.0","type":"string","name":"level_1_other","x-toolbar":"FormItemSchemaToolbar","x-settings":"fieldSettings:FormItem","x-component":"AssignedField","x-decorator":"FormItem","x-collection-field":"module_summaries.level_1_other"}},"name":"6khukz0hpsa"}},"name":"55xmmpvuyqt"},"rsmtss1h01p":{"_isJSONSchemaObject":true,"version":"2.0","type":"void","x-component":"Grid.Row","properties":{"cpv1idb5asq":{"_isJSONSchemaObject":true,"version":"2.0","type":"void","x-component":"Grid.Col","properties":{"p1_total":{"_isJSONSchemaObject":true,"version":"2.0","type":"string","name":"p1_total","x-toolbar":"FormItemSchemaToolbar","x-settings":"fieldSettings:FormItem","x-component":"AssignedField","x-decorator":"FormItem","x-collection-field":"module_summaries.p1_total"}},"name":"cpv1idb5asq"}},"name":"rsmtss1h01p"},"7qkvh5xh818":{"_isJSONSchemaObject":true,"version":"2.0","type":"void","x-component":"Grid.Row","properties":{"6nw4mwneztc":{"_isJSONSchemaObject":true,"version":"2.0","type":"void","x-component":"Grid.Col","properties":{"p1_fixed":{"_isJSONSchemaObject":true,"version":"2.0","type":"string","name":"p1_fixed","x-toolbar":"FormItemSchemaToolbar","x-settings":"fieldSettings:FormItem","x-component":"AssignedField","x-decorator":"FormItem","x-collection-field":"module_summaries.p1_fixed"}},"name":"6nw4mwneztc"}},"name":"7qkvh5xh818"},"b58wgiucl7e":{"_isJSONSchemaObject":true,"version":"2.0","type":"void","x-component":"Grid.Row","properties":{"zj0a2jvc6z9":{"_isJSONSchemaObject":true,"version":"2.0","type":"void","x-component":"Grid.Col","properties":{"p2_total":{"_isJSONSchemaObject":true,"version":"2.0","type":"string","name":"p2_total","x-toolbar":"FormItemSchemaToolbar","x-settings":"fieldSettings:FormItem","x-component":"AssignedField","x-decorator":"FormItem","x-collection-field":"module_summaries.p2_total"}},"name":"zj0a2jvc6z9"}},"name":"b58wgiucl7e"},"nro02cwc7bk":{"_isJSONSchemaObject":true,"version":"2.0","type":"void","x-component":"Grid.Row","properties":{"1ux17z77emh":{"_isJSONSchemaObject":true,"version":"2.0","type":"void","x-component":"Grid.Col","properties":{"p2_fixed":{"_isJSONSchemaObject":true,"version":"2.0","type":"string","name":"p2_fixed","x-toolbar":"FormItemSchemaToolbar","x-settings":"fieldSettings:FormItem","x-component":"AssignedField","x-decorator":"FormItem","x-collection-field":"module_summaries.p2_fixed"}},"name":"1ux17z77emh"}},"name":"nro02cwc7bk"},"a8dmvlrnvb7":{"_isJSONSchemaObject":true,"version":"2.0","type":"void","x-component":"Grid.Row","properties":{"vlqd92jptvw":{"_isJSONSchemaObject":true,"version":"2.0","type":"void","x-component":"Grid.Col","properties":{"p3_total":{"_isJSONSchemaObject":true,"version":"2.0","type":"string","name":"p3_total","x-toolbar":"FormItemSchemaToolbar","x-settings":"fieldSettings:FormItem","x-component":"AssignedField","x-decorator":"FormItem","x-collection-field":"module_summaries.p3_total"}},"name":"vlqd92jptvw"}},"name":"a8dmvlrnvb7"},"pe6kuknysf3":{"_isJSONSchemaObject":true,"version":"2.0","type":"void","x-component":"Grid.Row","properties":{"5oyb34njzsh":{"_isJSONSchemaObject":true,"version":"2.0","type":"void","x-component":"Grid.Col","properties":{"p3_fixed":{"_isJSONSchemaObject":true,"version":"2.0","type":"string","name":"p3_fixed","x-toolbar":"FormItemSchemaToolbar","x-settings":"fieldSettings:FormItem","x-component":"AssignedField","x-decorator":"FormItem","x-collection-field":"module_summaries.p3_fixed"}},"name":"5oyb34njzsh"}},"name":"pe6kuknysf3"},"waamhtv7n4r":{"_isJSONSchemaObject":true,"version":"2.0","type":"void","x-component":"Grid.Row","properties":{"pdixjg4jtwt":{"_isJSONSchemaObject":true,"version":"2.0","type":"void","x-component":"Grid.Col","properties":{"total_closed":{"_isJSONSchemaObject":true,"version":"2.0","type":"string","name":"total_closed","x-toolbar":"FormItemSchemaToolbar","x-settings":"fieldSettings:FormItem","x-component":"AssignedField","x-decorator":"FormItem","x-collection-field":"module_summaries.total_closed"}},"name":"pdixjg4jtwt"}},"name":"waamhtv7n4r"},"o3ju99g7tpn":{"_isJSONSchemaObject":true,"version":"2.0","type":"void","x-component":"Grid.Row","properties":{"vv5cbr6n0r5":{"_isJSONSchemaObject":true,"version":"2.0","type":"void","x-component":"Grid.Col","properties":{"total_delayed":{"_isJSONSchemaObject":true,"version":"2.0","type":"string","name":"total_delayed","x-toolbar":"FormItemSchemaToolbar","x-settings":"fieldSettings:FormItem","x-component":"AssignedField","x-decorator":"FormItem","x-collection-field":"module_summaries.total_delayed"}},"name":"vv5cbr6n0r5"}},"name":"o3ju99g7tpn"},"0ww2fk3j4bh":{"_isJSONSchemaObject":true,"version":"2.0","type":"void","x-component":"Grid.Row","properties":{"bbtvb9ylfl3":{"_isJSONSchemaObject":true,"version":"2.0","type":"void","x-component":"Grid.Col","properties":{"p1_closed":{"_isJSONSchemaObject":true,"version":"2.0","type":"string","name":"p1_closed","x-toolbar":"FormItemSchemaToolbar","x-settings":"fieldSettings:FormItem","x-component":"AssignedField","x-decorator":"FormItem","x-collection-field":"module_summaries.p1_closed"}},"name":"bbtvb9ylfl3"}},"name":"0ww2fk3j4bh"},"2jfygzvc1fb":{"_isJSONSchemaObject":true,"version":"2.0","type":"void","x-component":"Grid.Row","properties":{"sp1nds1997r":{"_isJSONSchemaObject":true,"version":"2.0","type":"void","x-component":"Grid.Col","properties":{"open_count":{"_isJSONSchemaObject":true,"version":"2.0","type":"string","name":"open_count","x-toolbar":"FormItemSchemaToolbar","x-settings":"fieldSettings:FormItem","x-component":"AssignedField","x-decorator":"FormItem","x-collection-field":"module_summaries.open_count"}},"name":"sp1nds1997r"}},"name":"2jfygzvc1fb"},"3ej00lz953w":{"_isJSONSchemaObject":true,"version":"2.0","type":"void","x-component":"Grid.Row","properties":{"cszm23qznik":{"_isJSONSchemaObject":true,"version":"2.0","type":"void","x-component":"Grid.Col","properties":{"retest_failed_count":{"_isJSONSchemaObject":true,"version":"2.0","type":"string","name":"retest_failed_count","x-toolbar":"FormItemSchemaToolbar","x-settings":"fieldSettings:FormItem","x-component":"AssignedField","x-decorator":"FormItem","x-collection-field":"module_summaries.retest_failed_count"}},"name":"cszm23qznik"}},"name":"3ej00lz953w"},"15e9xtl3qs1":{"_isJSONSchemaObject":true,"version":"2.0","type":"void","x-component":"Grid.Row","properties":{"k1jpdb6h9ka":{"_isJSONSchemaObject":true,"version":"2.0","type":"void","x-component":"Grid.Col","properties":{"module_total":{"_isJSONSchemaObject":true,"version":"2.0","type":"string","name":"module_total","x-toolbar":"FormItemSchemaToolbar","x-settings":"fieldSettings:FormItem","x-component":"AssignedField","x-decorator":"FormItem","x-collection-field":"module_summaries.module_total"}},"name":"k1jpdb6h9ka"}},"name":"15e9xtl3qs1"},"izho92ic2cs":{"_isJSONSchemaObject":true,"version":"2.0","type":"void","x-component":"Grid.Row","properties":{"awvbzytdfsu":{"_isJSONSchemaObject":true,"version":"2.0","type":"void","x-component":"Grid.Col","properties":{"suggested_count":{"_isJSONSchemaObject":true,"version":"2.0","type":"string","name":"suggested_count","x-toolbar":"FormItemSchemaToolbar","x-settings":"fieldSettings:FormItem","x-component":"AssignedField","x-decorator":"FormItem","x-collection-field":"module_summaries.suggested_count"}},"name":"awvbzytdfsu"}},"name":"izho92ic2cs"}}},"collection":"module_summaries","params":{"individualHooks":false,"filter":{"$and":[{"id":{"$eq":"{{$context.data.module}}"}}]},"values":{"level_1_count":"{{$jobsMapByNodeKey.h14qw1067vw}}","level_1_fixed":"{{$jobsMapByNodeKey.cvcey3i9obe}}","level_2_count":"{{$jobsMapByNodeKey.52k6055vnrg}}","level_2_fixed":"{{$jobsMapByNodeKey.1fpxh7sjq4k}}","level_3_count":"{{$jobsMapByNodeKey.t5m287ao4ea}}","level_3_fixed":"{{$jobsMapByNodeKey.je6ex9hwdlz}}","level_1_rollback":"{{$jobsMapByNodeKey.9euqanxv5ca}}","level_1_hang":"{{$jobsMapByNodeKey.cjybahnz5qh}}","level_1_other":"{{$jobsMapByNodeKey.4lo6zk22j0o}}","p1_total":"{{$jobsMapByNodeKey.m7boio3foa4}}","p1_fixed":"{{$jobsMapByNodeKey.ctxa7y3htwk}}","p2_total":"{{$jobsMapByNodeKey.n5qz0yvi8a8}}","p2_fixed":"{{$jobsMapByNodeKey.m5m10pctczr}}","p3_total":"{{$jobsMapByNodeKey.86wyre6po8b}}","p3_fixed":"{{$jobsMapByNodeKey.4tftrde6ftb}}","total_closed":"{{$jobsMapByNodeKey.aj31qog7bx4}}","total_delayed":"{{$jobsMapByNodeKey.3f305ii7n0l}}","p1_closed":"{{$jobsMapByNodeKey.3szdlncazck}}","open_count":"{{$jobsMapByNodeKey.d60x92jthmx}}","retest_failed_count":"{{$jobsMapByNodeKey.iofdvp5yr94}}","module_total":"{{$jobsMapByNodeKey.zzewef9k4c5}}","suggested_count":"{{$jobsMapByNodeKey.aaj3raugpgh}}"}}} workflowId=350336403308544
[34m2026-02-26 11:44:39 [debug] job added to save list: {"result":1,"status":1,"nodeId":350336403308559,"nodeKey":"iz8nj3ykg09","id":"7263386815462400","createdAt":"2026-02-26T03:44:39.267Z","updatedAt":"2026-02-26T03:44:39.267Z","executionId":350336539623426}[39m workflowId=350336403308544
[32m2026-02-26 11:44:39 [info]  execution (350336539623426) run instruction [update] for node (350336403308559) finished as status: 1[39m workflowId=350336403308544
[34m2026-02-26 11:44:39 [debug] result of node                              [39m data=1
[34m2026-02-26 11:44:39 [debug] run next node (350336403308569)             [39m 
[32m2026-02-26 11:44:39 [info]  execution (350336539623426) run instruction [update] for node (350336403308569)[39m workflowId=350336403308544
[34m2026-02-26 11:44:39 [debug] config of node                              [39m data={"usingAssignFormSchema":true,"assignFormSchema":{"_isJSONSchemaObject":true,"version":"2.0","name":"lyyd2fr2avq","type":"void","x-component":"Grid","x-initializer":"assignFieldValuesForm:configureFields","properties":{"hwz3qotbng4":{"_isJSONSchemaObject":true,"version":"2.0","type":"void","x-component":"Grid.Row","properties":{"dgcqu3v70yw":{"_isJSONSchemaObject":true,"version":"2.0","type":"void","x-component":"Grid.Col","properties":{"total_defect":{"_isJSONSchemaObject":true,"version":"2.0","type":"string","name":"total_defect","x-toolbar":"FormItemSchemaToolbar","x-settings":"fieldSettings:FormItem","x-component":"AssignedField","x-decorator":"FormItem","x-collection-field":"collection_quality.total_defect"}},"name":"dgcqu3v70yw"}},"name":"hwz3qotbng4"}}},"collection":"collection_quality","params":{"individualHooks":false,"filter":{"$and":[{"id":{"$eq":"{{$context.data.f_jmazop48q5l}}"}}]},"values":{"total_defect":"{{$jobsMapByNodeKey.agbjg8mq1oa}}"}}} workflowId=350336403308544
[34m2026-02-26 11:44:39 [debug] job added to save list: {"result":1,"status":1,"nodeId":350336403308569,"nodeKey":"2593ny9kqnv","id":"7263386832239616","createdAt":"2026-02-26T03:44:39.271Z","updatedAt":"2026-02-26T03:44:39.271Z","executionId":350336539623426}[39m workflowId=350336403308544
[32m2026-02-26 11:44:39 [info]  execution (350336539623426) run instruction [update] for node (350336403308569) finished as status: 1[39m workflowId=350336403308544
[34m2026-02-26 11:44:39 [debug] result of node                              [39m data=1
[34m2026-02-26 11:44:39 [debug] branch ended at node (350336403308569)      [39m 
[32m2026-02-26 11:44:39 [info]  execution (350336539623426) exiting with status 1[39m workflowId=350336403308544
[32m2026-02-26 11:44:39 [info]  execution (350336539623426) finished with status: 1[39m 
[34m2026-02-26 11:44:39 [debug] execution (350336539623426) details:        [39m execution={"createdAt":"2026-02-26T03:44:39.060Z","id":350336539623426,"updatedAt":"2026-02-26T03:44:39.282Z","key":"ybf59241h6c","eventKey":"f2ffd5f5-9b40-4dda-b4b8-3e2716b3f9f0","context":{"data":{"createdAt":"2026-02-26T03:44:39.037Z","updatedAt":"2026-02-26T03:44:39.043Z","defect":"核心算法模块代码回退导致崩溃","defect_rank":"level3","priority":"P3","id":350336539623424,"f_jmazop48q5l":350336495583232,"createdById":1,"updatedById":1,"defect_classification":"网退","module":350336497680384,"defect_status":"待修复","label":["延期"],"parent_summary":{"createdAt":"2026-02-26T03:44:18.512Z","updatedAt":"2026-02-26T03:44:18.514Z","owner_id":"nocobase","id":350336495583232,"total_count":null,"tested_count":null,"defect_count":null,"fixed_count":null,"pending_count":null,"loc":null,"kloc":0,"testing_rate":null,"fix_rate":null,"pending_rate":null,"defect_density":null,"total_defect":null,"module_type":"缺陷汇总","createdById":1,"updatedById":1}}},"status":1,"dispatched":true,"stack":null,"output":null,"manually":null,"workflowId":350336403308544}
[32m2026-02-26 11:45:00 [info]  new event triggered, now events: 2          [39m 
[34m2026-02-26 11:45:00 [debug] event data:                                 [39m context={"data":{"createdAt":"2026-02-26T03:45:00.358Z","updatedAt":"2026-02-26T03:45:00.364Z","defect":"导入大型文件时系统界面挂机","defect_rank":"level1","priority":"P1","id":350336583663616,"f_jmazop48q5l":350336495583232,"createdById":1,"updatedById":1,"defect_classification":"挂机","module":350336497680384,"defect_status":"待修复","label":["复测未通过"],"parent_summary":{"createdAt":"2026-02-26T03:44:18.512Z","updatedAt":"2026-02-26T03:44:39.270Z","owner_id":"nocobase","id":350336495583232,"total_count":null,"tested_count":null,"defect_count":null,"fixed_count":null,"pending_count":null,"loc":null,"kloc":0,"testing_rate":null,"fix_rate":null,"pending_rate":null,"defect_density":null,"total_defect":1,"module_type":"缺陷汇总","createdById":1,"updatedById":1}}}
[32m2026-02-26 11:45:00 [info]  new event is pending to be prepared after previous preparation is finished[39m 
[32m2026-02-26 11:45:00 [info]  preparing execution for event               [39m 
[32m2026-02-26 11:45:00 [info]  execution of workflow 350336403308544 created as 350336583663618[39m 
[32m2026-02-26 11:45:00 [info]  instance is not serving as worker or local pending list is not empty, sending execution (350336583663618) to queue[39m 
[32m2026-02-26 11:45:00 [info]  execution (350336583663618) fetched from db [39m 
[32m2026-02-26 11:45:00 [info]  execution (350336583663618) starting...     [39m 
[32m2026-02-26 11:45:00 [info]  execution (350336583663618) run instruction [aggregate] for node (350336403308567)[39m workflowId=350336403308544
[34m2026-02-26 11:45:00 [debug] config of node                              [39m data={"aggregator":"count","associated":false,"params":{"field":"id","filter":{"$and":[{"defect_rank":{"$eq":"level1"}},{"label":{"$noneOf":["功能屏蔽","已拒绝","建议"]}},{"module":{"$eq":"{{$context.data.module}}"}}]}},"precision":2,"collection":"defects"} workflowId=350336403308544
[34m2026-02-26 11:45:00 [debug] job added to save list: {"result":1,"status":1,"nodeId":350336403308567,"nodeKey":"h14qw1067vw","id":"7263475831176192","createdAt":"2026-02-26T03:45:00.490Z","updatedAt":"2026-02-26T03:45:00.490Z","executionId":350336583663618}[39m workflowId=350336403308544
[32m2026-02-26 11:45:00 [info]  execution (350336583663618) run instruction [aggregate] for node (350336403308567) finished as status: 1[39m workflowId=350336403308544
[34m2026-02-26 11:45:00 [debug] result of node                              [39m data=1
[34m2026-02-26 11:45:00 [debug] run next node (350336403308551)             [39m 
[32m2026-02-26 11:45:00 [info]  execution (350336583663618) run instruction [aggregate] for node (350336403308551)[39m workflowId=350336403308544
[34m2026-02-26 11:45:00 [debug] config of node                              [39m data={"aggregator":"count","associated":false,"params":{"field":"id","filter":{"$and":[{"defect_rank":{"$eq":"level1"}},{"label":{"$noneOf":["功能屏蔽","已拒绝","建议"]}},{"$or":[{"label":{"$anyOf":["已修复","待合并"]}},{"$and":[{"label":{"$anyOf":["未复现"]}},{"defect_status":{"$eq":"已关闭"}}]}]},{"module":{"$eq":"{{$context.data.module}}"}}]}},"precision":2,"collection":"defects"} workflowId=350336403308544
[34m2026-02-26 11:45:00 [debug] job added to save list: {"result":0,"status":1,"nodeId":350336403308551,"nodeKey":"cvcey3i9obe","id":"7263475843759104","createdAt":"2026-02-26T03:45:00.493Z","updatedAt":"2026-02-26T03:45:00.493Z","executionId":350336583663618}[39m workflowId=350336403308544
[32m2026-02-26 11:45:00 [info]  execution (350336583663618) run instruction [aggregate] for node (350336403308551) finished as status: 1[39m workflowId=350336403308544
[34m2026-02-26 11:45:00 [debug] result of node                              [39m 
[34m2026-02-26 11:45:00 [debug] run next node (350336403308553)             [39m 
[32m2026-02-26 11:45:00 [info]  execution (350336583663618) run instruction [aggregate] for node (350336403308553)[39m workflowId=350336403308544
[34m2026-02-26 11:45:00 [debug] config of node                              [39m data={"aggregator":"count","associated":false,"params":{"field":"id","filter":{"$and":[{"defect_rank":{"$eq":"level1"}},{"module":{"$eq":"{{$context.data.module}}"}},{"$or":[{"defect":{"$includes":"退"}},{"defect":{"$includes":"回退"}},{"defect":{"$includes":"倒退"}}]}]}},"precision":2,"collection":"defects"} workflowId=350336403308544
[34m2026-02-26 11:45:00 [debug] job added to save list: {"result":0,"status":1,"nodeId":350336403308553,"nodeKey":"9euqanxv5ca","id":"7263475856342016","createdAt":"2026-02-26T03:45:00.496Z","updatedAt":"2026-02-26T03:45:00.496Z","executionId":350336583663618}[39m workflowId=350336403308544
[32m2026-02-26 11:45:00 [info]  execution (350336583663618) run instruction [aggregate] for node (350336403308553) finished as status: 1[39m workflowId=350336403308544
[34m2026-02-26 11:45:00 [debug] result of node                              [39m 
[34m2026-02-26 11:45:00 [debug] run next node (350336403308552)             [39m 
[32m2026-02-26 11:45:00 [info]  execution (350336583663618) run instruction [aggregate] for node (350336403308552)[39m workflowId=350336403308544
[34m2026-02-26 11:45:00 [debug] config of node                              [39m data={"aggregator":"count","associated":false,"params":{"field":"id","filter":{"$and":[{"defect_rank":{"$eq":"level1"}},{"module":{"$eq":"{{$context.data.module}}"}},{"$or":[{"defect":{"$includes":"挂机"}}]}]}},"precision":2,"collection":"defects"} workflowId=350336403308544
[34m2026-02-26 11:45:00 [debug] job added to save list: {"result":1,"status":1,"nodeId":350336403308552,"nodeKey":"cjybahnz5qh","id":"7263475864730624","createdAt":"2026-02-26T03:45:00.498Z","updatedAt":"2026-02-26T03:45:00.498Z","executionId":350336583663618}[39m workflowId=350336403308544
[32m2026-02-26 11:45:00 [info]  execution (350336583663618) run instruction [aggregate] for node (350336403308552) finished as status: 1[39m workflowId=350336403308544
[34m2026-02-26 11:45:00 [debug] result of node                              [39m data=1
[34m2026-02-26 11:45:00 [debug] run next node (350336403308560)             [39m 
[32m2026-02-26 11:45:00 [info]  execution (350336583663618) run instruction [aggregate] for node (350336403308560)[39m workflowId=350336403308544
[34m2026-02-26 11:45:00 [debug] config of node                              [39m data={"aggregator":"count","associated":false,"params":{"field":"id","filter":{"$and":[{"defect_rank":{"$eq":"level1"}},{"defect":{"$notIncludes":"退"}},{"defect":{"$notIncludes":"回退"}},{"defect":{"$notIncludes":"倒退"}},{"defect":{"$notIncludes":"挂机"}},{"module":{"$eq":"{{$context.data.module}}"}}]}},"precision":2,"collection":"defects"} workflowId=350336403308544
[34m2026-02-26 11:45:00 [debug] job added to save list: {"result":0,"status":1,"nodeId":350336403308560,"nodeKey":"4lo6zk22j0o","id":"7263475873119232","createdAt":"2026-02-26T03:45:00.500Z","updatedAt":"2026-02-26T03:45:00.500Z","executionId":350336583663618}[39m workflowId=350336403308544
[32m2026-02-26 11:45:00 [info]  execution (350336583663618) run instruction [aggregate] for node (350336403308560) finished as status: 1[39m workflowId=350336403308544
[34m2026-02-26 11:45:00 [debug] result of node                              [39m 
[34m2026-02-26 11:45:00 [debug] run next node (350336403308554)             [39m 
[32m2026-02-26 11:45:00 [info]  execution (350336583663618) run instruction [aggregate] for node (350336403308554)[39m workflowId=350336403308544
[34m2026-02-26 11:45:00 [debug] config of node                              [39m data={"aggregator":"count","associated":false,"params":{"field":"id","filter":{"$and":[{"defect_rank":{"$eq":"level2"}},{"label":{"$noneOf":["功能屏蔽","已拒绝","建议"]}},{"module":{"$eq":"{{$context.data.module}}"}}]}},"precision":2,"collection":"defects"} workflowId=350336403308544
[34m2026-02-26 11:45:00 [debug] job added to save list: {"result":0,"status":1,"nodeId":350336403308554,"nodeKey":"52k6055vnrg","id":"7263475881507840","createdAt":"2026-02-26T03:45:00.502Z","updatedAt":"2026-02-26T03:45:00.502Z","executionId":350336583663618}[39m workflowId=350336403308544
[32m2026-02-26 11:45:00 [info]  execution (350336583663618) run instruction [aggregate] for node (350336403308554) finished as status: 1[39m workflowId=350336403308544
[34m2026-02-26 11:45:00 [debug] result of node                              [39m 
[34m2026-02-26 11:45:00 [debug] run next node (350336403308550)             [39m 
[32m2026-02-26 11:45:00 [info]  execution (350336583663618) run instruction [aggregate] for node (350336403308550)[39m workflowId=350336403308544
[34m2026-02-26 11:45:00 [debug] config of node                              [39m data={"aggregator":"count","associated":false,"params":{"field":"id","filter":{"$and":[{"defect_rank":{"$eq":"level2"}},{"label":{"$noneOf":["功能屏蔽","已拒绝","建议"]}},{"$or":[{"label":{"$anyOf":["已修复","待合并"]}},{"$and":[{"label":{"$anyOf":["未复现"]}},{"defect_status":{"$eq":"已关闭"}}]}]},{"module":{"$eq":"{{$context.data.module}}"}}]}},"precision":2,"collection":"defects"} workflowId=350336403308544
[34m2026-02-26 11:45:00 [debug] job added to save list: {"result":0,"status":1,"nodeId":350336403308550,"nodeKey":"1fpxh7sjq4k","id":"7263475902479360","createdAt":"2026-02-26T03:45:00.507Z","updatedAt":"2026-02-26T03:45:00.507Z","executionId":350336583663618}[39m workflowId=350336403308544
[32m2026-02-26 11:45:00 [info]  execution (350336583663618) run instruction [aggregate] for node (350336403308550) finished as status: 1[39m workflowId=350336403308544
[34m2026-02-26 11:45:00 [debug] result of node                              [39m 
[34m2026-02-26 11:45:00 [debug] run next node (350336403308548)             [39m 
[32m2026-02-26 11:45:00 [info]  execution (350336583663618) run instruction [aggregate] for node (350336403308548)[39m workflowId=350336403308544
[34m2026-02-26 11:45:00 [debug] config of node                              [39m data={"aggregator":"count","associated":false,"params":{"field":"id","filter":{"$and":[{"defect_rank":{"$eq":"level3"}},{"label":{"$noneOf":["功能屏蔽","已拒绝","建议"]}},{"module":{"$eq":"{{$context.data.module}}"}}]}},"precision":2,"collection":"defects"} workflowId=350336403308544
[34m2026-02-26 11:45:00 [debug] job added to save list: {"result":1,"status":1,"nodeId":350336403308548,"nodeKey":"t5m287ao4ea","id":"7263475915062272","createdAt":"2026-02-26T03:45:00.510Z","updatedAt":"2026-02-26T03:45:00.510Z","executionId":350336583663618}[39m workflowId=350336403308544
[32m2026-02-26 11:45:00 [info]  execution (350336583663618) run instruction [aggregate] for node (350336403308548) finished as status: 1[39m workflowId=350336403308544
[34m2026-02-26 11:45:00 [debug] result of node                              [39m data=1
[34m2026-02-26 11:45:00 [debug] run next node (350336403308555)             [39m 
[32m2026-02-26 11:45:00 [info]  execution (350336583663618) run instruction [aggregate] for node (350336403308555)[39m workflowId=350336403308544
[34m2026-02-26 11:45:00 [debug] config of node                              [39m data={"aggregator":"count","associated":false,"params":{"field":"id","filter":{"$and":[{"defect_rank":{"$eq":"level3"}},{"label":{"$noneOf":["功能屏蔽","已拒绝","建议"]}},{"$or":[{"label":{"$anyOf":["待合并","已修复"]}},{"$and":[{"label":{"$anyOf":["未复现"]}},{"defect_status":{"$eq":"已关闭"}}]}]},{"module":{"$eq":"{{$context.data.module}}"}}]}},"precision":2,"collection":"defects"} workflowId=350336403308544
[34m2026-02-26 11:45:00 [debug] job added to save list: {"result":0,"status":1,"nodeId":350336403308555,"nodeKey":"je6ex9hwdlz","id":"7263475923450880","createdAt":"2026-02-26T03:45:00.512Z","updatedAt":"2026-02-26T03:45:00.512Z","executionId":350336583663618}[39m workflowId=350336403308544
[32m2026-02-26 11:45:00 [info]  execution (350336583663618) run instruction [aggregate] for node (350336403308555) finished as status: 1[39m workflowId=350336403308544
[34m2026-02-26 11:45:00 [debug] result of node                              [39m 
[34m2026-02-26 11:45:00 [debug] run next node (350336403308546)             [39m 
[32m2026-02-26 11:45:00 [info]  execution (350336583663618) run instruction [aggregate] for node (350336403308546)[39m workflowId=350336403308544
[34m2026-02-26 11:45:00 [debug] config of node                              [39m data={"aggregator":"count","associated":false,"params":{"field":"id","filter":{"$and":[{"priority":{"$eq":"P1"}},{"module":{"$eq":"{{$context.data.module}}"}}]}},"precision":2,"collection":"defects"} workflowId=350336403308544
[34m2026-02-26 11:45:00 [debug] job added to save list: {"result":1,"status":1,"nodeId":350336403308546,"nodeKey":"m7boio3foa4","id":"7263475931839488","createdAt":"2026-02-26T03:45:00.514Z","updatedAt":"2026-02-26T03:45:00.514Z","executionId":350336583663618}[39m workflowId=350336403308544
[32m2026-02-26 11:45:00 [info]  execution (350336583663618) run instruction [aggregate] for node (350336403308546) finished as status: 1[39m workflowId=350336403308544
[34m2026-02-26 11:45:00 [debug] result of node                              [39m data=1
[34m2026-02-26 11:45:00 [debug] run next node (350336403308545)             [39m 
[32m2026-02-26 11:45:00 [info]  execution (350336583663618) run instruction [aggregate] for node (350336403308545)[39m workflowId=350336403308544
[34m2026-02-26 11:45:00 [debug] config of node                              [39m data={"aggregator":"count","associated":false,"params":{"field":"id","filter":{"$and":[{"priority":{"$eq":"P1"}},{"module":{"$eq":"{{$context.data.module}}"}},{"label":{"$noneOf":["功能屏蔽","已拒绝","建议"]}},{"$or":[{"label":{"$anyOf":["待合并","已修复"]}},{"$and":[{"label":{"$anyOf":["未复现"]}},{"defect_status":{"$eq":"已关闭"}}]}]}]}},"precision":2,"collection":"defects"} workflowId=350336403308544
[34m2026-02-26 11:45:00 [debug] job added to save list: {"result":0,"status":1,"nodeId":350336403308545,"nodeKey":"ctxa7y3htwk","id":"7263475944422400","createdAt":"2026-02-26T03:45:00.517Z","updatedAt":"2026-02-26T03:45:00.517Z","executionId":350336583663618}[39m workflowId=350336403308544
[32m2026-02-26 11:45:00 [info]  execution (350336583663618) run instruction [aggregate] for node (350336403308545) finished as status: 1[39m workflowId=350336403308544
[34m2026-02-26 11:45:00 [debug] result of node                              [39m 
[34m2026-02-26 11:45:00 [debug] run next node (350336403308556)             [39m 
[32m2026-02-26 11:45:00 [info]  execution (350336583663618) run instruction [aggregate] for node (350336403308556)[39m workflowId=350336403308544
[34m2026-02-26 11:45:00 [debug] config of node                              [39m data={"aggregator":"count","associated":false,"params":{"field":"id","filter":{"$and":[{"priority":{"$eq":"P2"}},{"module":{"$eq":"{{$context.data.module}}"}}]}},"precision":2,"collection":"defects"} workflowId=350336403308544
[34m2026-02-26 11:45:00 [debug] job added to save list: {"result":0,"status":1,"nodeId":350336403308556,"nodeKey":"n5qz0yvi8a8","id":"7263475952811008","createdAt":"2026-02-26T03:45:00.519Z","updatedAt":"2026-02-26T03:45:00.519Z","executionId":350336583663618}[39m workflowId=350336403308544
[32m2026-02-26 11:45:00 [info]  execution (350336583663618) run instruction [aggregate] for node (350336403308556) finished as status: 1[39m workflowId=350336403308544
[34m2026-02-26 11:45:00 [debug] result of node                              [39m 
[34m2026-02-26 11:45:00 [debug] run next node (350336403308557)             [39m 
[32m2026-02-26 11:45:00 [info]  execution (350336583663618) run instruction [aggregate] for node (350336403308557)[39m workflowId=350336403308544
[34m2026-02-26 11:45:00 [debug] config of node                              [39m data={"aggregator":"count","associated":false,"params":{"field":"id","filter":{"$and":[{"priority":{"$eq":"P2"}},{"label":{"$noneOf":["功能屏蔽","已拒绝","建议"]}},{"module":{"$eq":"{{$context.data.module}}"}},{"$or":[{"label":{"$anyOf":["待合并","已修复"]}},{"$and":[{"label":{"$anyOf":["未复现"]}},{"defect_status":{"$eq":"已关闭"}}]}]}]}},"precision":2,"collection":"defects"} workflowId=350336403308544
[34m2026-02-26 11:45:00 [debug] job added to save list: {"result":0,"status":1,"nodeId":350336403308557,"nodeKey":"m5m10pctczr","id":"7263475965393920","createdAt":"2026-02-26T03:45:00.522Z","updatedAt":"2026-02-26T03:45:00.522Z","executionId":350336583663618}[39m workflowId=350336403308544
[32m2026-02-26 11:45:00 [info]  execution (350336583663618) run instruction [aggregate] for node (350336403308557) finished as status: 1[39m workflowId=350336403308544
[34m2026-02-26 11:45:00 [debug] result of node                              [39m 
[34m2026-02-26 11:45:00 [debug] run next node (350336403308547)             [39m 
[32m2026-02-26 11:45:00 [info]  execution (350336583663618) run instruction [aggregate] for node (350336403308547)[39m workflowId=350336403308544
[34m2026-02-26 11:45:00 [debug] config of node                              [39m data={"aggregator":"count","associated":false,"params":{"field":"id","filter":{"$and":[{"priority":{"$eq":"P3"}},{"module":{"$eq":"{{$context.data.module}}"}}]}},"precision":2,"collection":"defects"} workflowId=350336403308544
[34m2026-02-26 11:45:00 [debug] job added to save list: {"result":1,"status":1,"nodeId":350336403308547,"nodeKey":"86wyre6po8b","id":"7263475977976832","createdAt":"2026-02-26T03:45:00.525Z","updatedAt":"2026-02-26T03:45:00.525Z","executionId":350336583663618}[39m workflowId=350336403308544
[32m2026-02-26 11:45:00 [info]  execution (350336583663618) run instruction [aggregate] for node (350336403308547) finished as status: 1[39m workflowId=350336403308544
[34m2026-02-26 11:45:00 [debug] result of node                              [39m data=1
[34m2026-02-26 11:45:00 [debug] run next node (350336403308562)             [39m 
[32m2026-02-26 11:45:00 [info]  execution (350336583663618) run instruction [aggregate] for node (350336403308562)[39m workflowId=350336403308544
[34m2026-02-26 11:45:00 [debug] config of node                              [39m data={"aggregator":"count","associated":false,"params":{"field":"id","filter":{"$and":[{"priority":{"$eq":"P3"}},{"label":{"$noneOf":["功能屏蔽","已拒绝","建议"]}},{"module":{"$eq":"{{$context.data.module}}"}},{"$or":[{"label":{"$anyOf":["待合并","已修复"]}},{"$and":[{"label":{"$anyOf":["未复现"]}},{"defect_status":{"$eq":"已关闭"}}]}]}]}},"precision":2,"collection":"defects"} workflowId=350336403308544
[34m2026-02-26 11:45:00 [debug] job added to save list: {"result":0,"status":1,"nodeId":350336403308562,"nodeKey":"4tftrde6ftb","id":"7263475986365440","createdAt":"2026-02-26T03:45:00.527Z","updatedAt":"2026-02-26T03:45:00.527Z","executionId":350336583663618}[39m workflowId=350336403308544
[32m2026-02-26 11:45:00 [info]  execution (350336583663618) run instruction [aggregate] for node (350336403308562) finished as status: 1[39m workflowId=350336403308544
[34m2026-02-26 11:45:00 [debug] result of node                              [39m 
[34m2026-02-26 11:45:00 [debug] run next node (350336403308549)             [39m 
[32m2026-02-26 11:45:00 [info]  execution (350336583663618) run instruction [aggregate] for node (350336403308549)[39m workflowId=350336403308544
[34m2026-02-26 11:45:00 [debug] config of node                              [39m data={"aggregator":"count","associated":false,"params":{"field":"id","filter":{"$and":[{"defect_status":{"$eq":"已关闭"}},{"priority":{"$eq":"P1"}},{"module":{"$eq":"{{$context.data.module}}"}}]}},"precision":2,"collection":"defects"} workflowId=350336403308544
[34m2026-02-26 11:45:00 [debug] job added to save list: {"result":0,"status":1,"nodeId":350336403308549,"nodeKey":"3szdlncazck","id":"7263475998948352","createdAt":"2026-02-26T03:45:00.530Z","updatedAt":"2026-02-26T03:45:00.531Z","executionId":350336583663618}[39m workflowId=350336403308544
[32m2026-02-26 11:45:00 [info]  execution (350336583663618) run instruction [aggregate] for node (350336403308549) finished as status: 1[39m workflowId=350336403308544
[34m2026-02-26 11:45:00 [debug] result of node                              [39m 
[34m2026-02-26 11:45:00 [debug] run next node (350336403308561)             [39m 
[32m2026-02-26 11:45:00 [info]  execution (350336583663618) run instruction [aggregate] for node (350336403308561)[39m workflowId=350336403308544
[34m2026-02-26 11:45:00 [debug] config of node                              [39m data={"aggregator":"count","associated":false,"params":{"field":"id","filter":{"$and":[{"defect_status":{"$eq":"已关闭"}},{"module":{"$eq":"{{$context.data.module}}"}}]}},"precision":2,"collection":"defects"} workflowId=350336403308544
[34m2026-02-26 11:45:00 [debug] job added to save list: {"result":0,"status":1,"nodeId":350336403308561,"nodeKey":"aj31qog7bx4","id":"7263476007336960","createdAt":"2026-02-26T03:45:00.532Z","updatedAt":"2026-02-26T03:45:00.532Z","executionId":350336583663618}[39m workflowId=350336403308544
[32m2026-02-26 11:45:00 [info]  execution (350336583663618) run instruction [aggregate] for node (350336403308561) finished as status: 1[39m workflowId=350336403308544
[34m2026-02-26 11:45:00 [debug] result of node                              [39m 
[34m2026-02-26 11:45:00 [debug] run next node (350336403308563)             [39m 
[32m2026-02-26 11:45:00 [info]  execution (350336583663618) run instruction [aggregate] for node (350336403308563)[39m workflowId=350336403308544
[34m2026-02-26 11:45:00 [debug] config of node                              [39m data={"aggregator":"count","associated":false,"params":{"field":"id","filter":{"$and":[{"label":{"$anyOf":["延期"]}},{"module":{"$eq":"{{$context.data.module}}"}}]}},"precision":2,"collection":"defects"} workflowId=350336403308544
[34m2026-02-26 11:45:00 [debug] job added to save list: {"result":1,"status":1,"nodeId":350336403308563,"nodeKey":"3f305ii7n0l","id":"7263476015725568","createdAt":"2026-02-26T03:45:00.534Z","updatedAt":"2026-02-26T03:45:00.534Z","executionId":350336583663618}[39m workflowId=350336403308544
[32m2026-02-26 11:45:00 [info]  execution (350336583663618) run instruction [aggregate] for node (350336403308563) finished as status: 1[39m workflowId=350336403308544
[34m2026-02-26 11:45:00 [debug] result of node                              [39m data=1
[34m2026-02-26 11:45:00 [debug] run next node (350336403308564)             [39m 
[32m2026-02-26 11:45:00 [info]  execution (350336583663618) run instruction [aggregate] for node (350336403308564)[39m workflowId=350336403308544
[34m2026-02-26 11:45:00 [debug] config of node                              [39m data={"aggregator":"count","associated":false,"params":{"field":"id","filter":{"$and":[{"defect_status":{"$ne":"已关闭"}},{"label":{"$noneOf":["功能屏蔽","已拒绝","建议"]}},{"module":{"$eq":"{{$context.data.module}}"}}]}},"precision":2,"collection":"defects"} workflowId=350336403308544
[34m2026-02-26 11:45:00 [debug] job added to save list: {"result":2,"status":1,"nodeId":350336403308564,"nodeKey":"d60x92jthmx","id":"7263476024114176","createdAt":"2026-02-26T03:45:00.536Z","updatedAt":"2026-02-26T03:45:00.536Z","executionId":350336583663618}[39m workflowId=350336403308544
[32m2026-02-26 11:45:00 [info]  execution (350336583663618) run instruction [aggregate] for node (350336403308564) finished as status: 1[39m workflowId=350336403308544
[34m2026-02-26 11:45:00 [debug] result of node                              [39m data=2
[34m2026-02-26 11:45:00 [debug] run next node (350336403308565)             [39m 
[32m2026-02-26 11:45:00 [info]  execution (350336583663618) run instruction [aggregate] for node (350336403308565)[39m workflowId=350336403308544
[34m2026-02-26 11:45:00 [debug] config of node                              [39m data={"aggregator":"count","associated":false,"params":{"field":"id","filter":{"$and":[{"label":{"$anyOf":["复测未通过"]}},{"module":{"$eq":"{{$context.data.module}}"}}]}},"precision":2,"collection":"defects"} workflowId=350336403308544
[34m2026-02-26 11:45:00 [debug] job added to save list: {"result":1,"status":1,"nodeId":350336403308565,"nodeKey":"iofdvp5yr94","id":"7263476040891392","createdAt":"2026-02-26T03:45:00.540Z","updatedAt":"2026-02-26T03:45:00.540Z","executionId":350336583663618}[39m workflowId=350336403308544
[32m2026-02-26 11:45:00 [info]  execution (350336583663618) run instruction [aggregate] for node (350336403308565) finished as status: 1[39m workflowId=350336403308544
[34m2026-02-26 11:45:00 [debug] result of node                              [39m data=1
[34m2026-02-26 11:45:00 [debug] run next node (350336403308566)             [39m 
[32m2026-02-26 11:45:00 [info]  execution (350336583663618) run instruction [aggregate] for node (350336403308566)[39m workflowId=350336403308544
[34m2026-02-26 11:45:00 [debug] config of node                              [39m data={"aggregator":"count","associated":false,"params":{"field":"id","filter":{"$and":[{"module":{"$eq":"{{$context.data.module}}"}}]}},"precision":2,"collection":"defects"} workflowId=350336403308544
[34m2026-02-26 11:45:00 [debug] job added to save list: {"result":2,"status":1,"nodeId":350336403308566,"nodeKey":"zzewef9k4c5","id":"7263476049280000","createdAt":"2026-02-26T03:45:00.542Z","updatedAt":"2026-02-26T03:45:00.542Z","executionId":350336583663618}[39m workflowId=350336403308544
[32m2026-02-26 11:45:00 [info]  execution (350336583663618) run instruction [aggregate] for node (350336403308566) finished as status: 1[39m workflowId=350336403308544
[34m2026-02-26 11:45:00 [debug] result of node                              [39m data=2
[34m2026-02-26 11:45:00 [debug] run next node (350336403308568)             [39m 
[32m2026-02-26 11:45:00 [info]  execution (350336583663618) run instruction [aggregate] for node (350336403308568)[39m workflowId=350336403308544
[34m2026-02-26 11:45:00 [debug] config of node                              [39m data={"aggregator":"count","associated":false,"params":{"field":"id","filter":{"$and":[{"label":{"$anyOf":["建议"]}},{"module":{"$eq":"{{$context.data.module}}"}}]}},"precision":2,"collection":"defects"} workflowId=350336403308544
[34m2026-02-26 11:45:00 [debug] job added to save list: {"result":0,"status":1,"nodeId":350336403308568,"nodeKey":"aaj3raugpgh","id":"7263476053474304","createdAt":"2026-02-26T03:45:00.543Z","updatedAt":"2026-02-26T03:45:00.543Z","executionId":350336583663618}[39m workflowId=350336403308544
[32m2026-02-26 11:45:00 [info]  execution (350336583663618) run instruction [aggregate] for node (350336403308568) finished as status: 1[39m workflowId=350336403308544
[34m2026-02-26 11:45:00 [debug] result of node                              [39m 
[34m2026-02-26 11:45:00 [debug] run next node (350336403308558)             [39m 
[32m2026-02-26 11:45:00 [info]  execution (350336583663618) run instruction [aggregate] for node (350336403308558)[39m workflowId=350336403308544
[34m2026-02-26 11:45:00 [debug] config of node                              [39m data={"aggregator":"count","associated":false,"params":{"field":"id","filter":{"$and":[{"f_jmazop48q5l":{"$eq":"{{$context.data.f_jmazop48q5l}}"}}]}},"precision":2,"collection":"defects"} workflowId=350336403308544
[34m2026-02-26 11:45:00 [debug] job added to save list: {"result":2,"status":1,"nodeId":350336403308558,"nodeKey":"agbjg8mq1oa","id":"7263476061862912","createdAt":"2026-02-26T03:45:00.545Z","updatedAt":"2026-02-26T03:45:00.545Z","executionId":350336583663618}[39m workflowId=350336403308544
[32m2026-02-26 11:45:00 [info]  execution (350336583663618) run instruction [aggregate] for node (350336403308558) finished as status: 1[39m workflowId=350336403308544
[34m2026-02-26 11:45:00 [debug] result of node                              [39m data=2
[34m2026-02-26 11:45:00 [debug] run next node (350336403308559)             [39m 
[32m2026-02-26 11:45:00 [info]  execution (350336583663618) run instruction [update] for node (350336403308559)[39m workflowId=350336403308544
[34m2026-02-26 11:45:00 [debug] config of node                              [39m data={"usingAssignFormSchema":true,"assignFormSchema":{"_isJSONSchemaObject":true,"version":"2.0","name":"z36wx6jbrw9","type":"void","x-component":"Grid","x-initializer":"assignFieldValuesForm:configureFields","properties":{"i1v4kp5ixw1":{"_isJSONSchemaObject":true,"version":"2.0","type":"void","x-component":"Grid.Row","properties":{"m57in1bxqre":{"_isJSONSchemaObject":true,"version":"2.0","type":"void","x-component":"Grid.Col","properties":{"level_1_count":{"_isJSONSchemaObject":true,"version":"2.0","type":"string","name":"level_1_count","x-toolbar":"FormItemSchemaToolbar","x-settings":"fieldSettings:FormItem","x-component":"AssignedField","x-decorator":"FormItem","x-collection-field":"module_summaries.level_1_count"}},"name":"m57in1bxqre"}},"name":"i1v4kp5ixw1"},"28tkyaas4rv":{"_isJSONSchemaObject":true,"version":"2.0","type":"void","x-component":"Grid.Row","properties":{"aubadkxorcs":{"_isJSONSchemaObject":true,"version":"2.0","type":"void","x-component":"Grid.Col","properties":{"level_1_fixed":{"_isJSONSchemaObject":true,"version":"2.0","type":"string","name":"level_1_fixed","x-toolbar":"FormItemSchemaToolbar","x-settings":"fieldSettings:FormItem","x-component":"AssignedField","x-decorator":"FormItem","x-collection-field":"module_summaries.level_1_fixed"}},"name":"aubadkxorcs"}},"name":"28tkyaas4rv"},"87dzfrypjv5":{"_isJSONSchemaObject":true,"version":"2.0","type":"void","x-component":"Grid.Row","properties":{"00u2e0hze8y":{"_isJSONSchemaObject":true,"version":"2.0","type":"void","x-component":"Grid.Col","properties":{"level_2_count":{"_isJSONSchemaObject":true,"version":"2.0","type":"string","name":"level_2_count","x-toolbar":"FormItemSchemaToolbar","x-settings":"fieldSettings:FormItem","x-component":"AssignedField","x-decorator":"FormItem","x-collection-field":"module_summaries.level_2_count"}},"name":"00u2e0hze8y"}},"name":"87dzfrypjv5"},"sr9fb2g83wa":{"_isJSONSchemaObject":true,"version":"2.0","type":"void","x-component":"Grid.Row","properties":{"mctr2nubczg":{"_isJSONSchemaObject":true,"version":"2.0","type":"void","x-component":"Grid.Col","properties":{"level_2_fixed":{"_isJSONSchemaObject":true,"version":"2.0","type":"string","name":"level_2_fixed","x-toolbar":"FormItemSchemaToolbar","x-settings":"fieldSettings:FormItem","x-component":"AssignedField","x-decorator":"FormItem","x-collection-field":"module_summaries.level_2_fixed"}},"name":"mctr2nubczg"}},"name":"sr9fb2g83wa"},"robhdmi5xfc":{"_isJSONSchemaObject":true,"version":"2.0","type":"void","x-component":"Grid.Row","properties":{"d7pyy4ts79k":{"_isJSONSchemaObject":true,"version":"2.0","type":"void","x-component":"Grid.Col","properties":{"level_3_count":{"_isJSONSchemaObject":true,"version":"2.0","type":"string","name":"level_3_count","x-toolbar":"FormItemSchemaToolbar","x-settings":"fieldSettings:FormItem","x-component":"AssignedField","x-decorator":"FormItem","x-collection-field":"module_summaries.level_3_count"}},"name":"d7pyy4ts79k"}},"name":"robhdmi5xfc"},"9ykwa93dd5w":{"_isJSONSchemaObject":true,"version":"2.0","type":"void","x-component":"Grid.Row","properties":{"0nkrxq50w1f":{"_isJSONSchemaObject":true,"version":"2.0","type":"void","x-component":"Grid.Col","properties":{"level_3_fixed":{"_isJSONSchemaObject":true,"version":"2.0","type":"string","name":"level_3_fixed","x-toolbar":"FormItemSchemaToolbar","x-settings":"fieldSettings:FormItem","x-component":"AssignedField","x-decorator":"FormItem","x-collection-field":"module_summaries.level_3_fixed"}},"name":"0nkrxq50w1f"}},"name":"9ykwa93dd5w"},"m2wrz7jm9vz":{"_isJSONSchemaObject":true,"version":"2.0","type":"void","x-component":"Grid.Row","properties":{"hfp2a2oyka1":{"_isJSONSchemaObject":true,"version":"2.0","type":"void","x-component":"Grid.Col","properties":{"level_1_rollback":{"_isJSONSchemaObject":true,"version":"2.0","type":"string","name":"level_1_rollback","x-toolbar":"FormItemSchemaToolbar","x-settings":"fieldSettings:FormItem","x-component":"AssignedField","x-decorator":"FormItem","x-collection-field":"module_summaries.level_1_rollback"}},"name":"hfp2a2oyka1"}},"name":"m2wrz7jm9vz"},"llra5xvheol":{"_isJSONSchemaObject":true,"version":"2.0","type":"void","x-component":"Grid.Row","properties":{"hxtzevu58gt":{"_isJSONSchemaObject":true,"version":"2.0","type":"void","x-component":"Grid.Col","properties":{"level_1_hang":{"_isJSONSchemaObject":true,"version":"2.0","type":"string","name":"level_1_hang","x-toolbar":"FormItemSchemaToolbar","x-settings":"fieldSettings:FormItem","x-component":"AssignedField","x-decorator":"FormItem","x-collection-field":"module_summaries.level_1_hang"}},"name":"hxtzevu58gt"}},"name":"llra5xvheol"},"55xmmpvuyqt":{"_isJSONSchemaObject":true,"version":"2.0","type":"void","x-component":"Grid.Row","properties":{"6khukz0hpsa":{"_isJSONSchemaObject":true,"version":"2.0","type":"void","x-component":"Grid.Col","properties":{"level_1_other":{"_isJSONSchemaObject":true,"version":"2.0","type":"string","name":"level_1_other","x-toolbar":"FormItemSchemaToolbar","x-settings":"fieldSettings:FormItem","x-component":"AssignedField","x-decorator":"FormItem","x-collection-field":"module_summaries.level_1_other"}},"name":"6khukz0hpsa"}},"name":"55xmmpvuyqt"},"rsmtss1h01p":{"_isJSONSchemaObject":true,"version":"2.0","type":"void","x-component":"Grid.Row","properties":{"cpv1idb5asq":{"_isJSONSchemaObject":true,"version":"2.0","type":"void","x-component":"Grid.Col","properties":{"p1_total":{"_isJSONSchemaObject":true,"version":"2.0","type":"string","name":"p1_total","x-toolbar":"FormItemSchemaToolbar","x-settings":"fieldSettings:FormItem","x-component":"AssignedField","x-decorator":"FormItem","x-collection-field":"module_summaries.p1_total"}},"name":"cpv1idb5asq"}},"name":"rsmtss1h01p"},"7qkvh5xh818":{"_isJSONSchemaObject":true,"version":"2.0","type":"void","x-component":"Grid.Row","properties":{"6nw4mwneztc":{"_isJSONSchemaObject":true,"version":"2.0","type":"void","x-component":"Grid.Col","properties":{"p1_fixed":{"_isJSONSchemaObject":true,"version":"2.0","type":"string","name":"p1_fixed","x-toolbar":"FormItemSchemaToolbar","x-settings":"fieldSettings:FormItem","x-component":"AssignedField","x-decorator":"FormItem","x-collection-field":"module_summaries.p1_fixed"}},"name":"6nw4mwneztc"}},"name":"7qkvh5xh818"},"b58wgiucl7e":{"_isJSONSchemaObject":true,"version":"2.0","type":"void","x-component":"Grid.Row","properties":{"zj0a2jvc6z9":{"_isJSONSchemaObject":true,"version":"2.0","type":"void","x-component":"Grid.Col","properties":{"p2_total":{"_isJSONSchemaObject":true,"version":"2.0","type":"string","name":"p2_total","x-toolbar":"FormItemSchemaToolbar","x-settings":"fieldSettings:FormItem","x-component":"AssignedField","x-decorator":"FormItem","x-collection-field":"module_summaries.p2_total"}},"name":"zj0a2jvc6z9"}},"name":"b58wgiucl7e"},"nro02cwc7bk":{"_isJSONSchemaObject":true,"version":"2.0","type":"void","x-component":"Grid.Row","properties":{"1ux17z77emh":{"_isJSONSchemaObject":true,"version":"2.0","type":"void","x-component":"Grid.Col","properties":{"p2_fixed":{"_isJSONSchemaObject":true,"version":"2.0","type":"string","name":"p2_fixed","x-toolbar":"FormItemSchemaToolbar","x-settings":"fieldSettings:FormItem","x-component":"AssignedField","x-decorator":"FormItem","x-collection-field":"module_summaries.p2_fixed"}},"name":"1ux17z77emh"}},"name":"nro02cwc7bk"},"a8dmvlrnvb7":{"_isJSONSchemaObject":true,"version":"2.0","type":"void","x-component":"Grid.Row","properties":{"vlqd92jptvw":{"_isJSONSchemaObject":true,"version":"2.0","type":"void","x-component":"Grid.Col","properties":{"p3_total":{"_isJSONSchemaObject":true,"version":"2.0","type":"string","name":"p3_total","x-toolbar":"FormItemSchemaToolbar","x-settings":"fieldSettings:FormItem","x-component":"AssignedField","x-decorator":"FormItem","x-collection-field":"module_summaries.p3_total"}},"name":"vlqd92jptvw"}},"name":"a8dmvlrnvb7"},"pe6kuknysf3":{"_isJSONSchemaObject":true,"version":"2.0","type":"void","x-component":"Grid.Row","properties":{"5oyb34njzsh":{"_isJSONSchemaObject":true,"version":"2.0","type":"void","x-component":"Grid.Col","properties":{"p3_fixed":{"_isJSONSchemaObject":true,"version":"2.0","type":"string","name":"p3_fixed","x-toolbar":"FormItemSchemaToolbar","x-settings":"fieldSettings:FormItem","x-component":"AssignedField","x-decorator":"FormItem","x-collection-field":"module_summaries.p3_fixed"}},"name":"5oyb34njzsh"}},"name":"pe6kuknysf3"},"waamhtv7n4r":{"_isJSONSchemaObject":true,"version":"2.0","type":"void","x-component":"Grid.Row","properties":{"pdixjg4jtwt":{"_isJSONSchemaObject":true,"version":"2.0","type":"void","x-component":"Grid.Col","properties":{"total_closed":{"_isJSONSchemaObject":true,"version":"2.0","type":"string","name":"total_closed","x-toolbar":"FormItemSchemaToolbar","x-settings":"fieldSettings:FormItem","x-component":"AssignedField","x-decorator":"FormItem","x-collection-field":"module_summaries.total_closed"}},"name":"pdixjg4jtwt"}},"name":"waamhtv7n4r"},"o3ju99g7tpn":{"_isJSONSchemaObject":true,"version":"2.0","type":"void","x-component":"Grid.Row","properties":{"vv5cbr6n0r5":{"_isJSONSchemaObject":true,"version":"2.0","type":"void","x-component":"Grid.Col","properties":{"total_delayed":{"_isJSONSchemaObject":true,"version":"2.0","type":"string","name":"total_delayed","x-toolbar":"FormItemSchemaToolbar","x-settings":"fieldSettings:FormItem","x-component":"AssignedField","x-decorator":"FormItem","x-collection-field":"module_summaries.total_delayed"}},"name":"vv5cbr6n0r5"}},"name":"o3ju99g7tpn"},"0ww2fk3j4bh":{"_isJSONSchemaObject":true,"version":"2.0","type":"void","x-component":"Grid.Row","properties":{"bbtvb9ylfl3":{"_isJSONSchemaObject":true,"version":"2.0","type":"void","x-component":"Grid.Col","properties":{"p1_closed":{"_isJSONSchemaObject":true,"version":"2.0","type":"string","name":"p1_closed","x-toolbar":"FormItemSchemaToolbar","x-settings":"fieldSettings:FormItem","x-component":"AssignedField","x-decorator":"FormItem","x-collection-field":"module_summaries.p1_closed"}},"name":"bbtvb9ylfl3"}},"name":"0ww2fk3j4bh"},"2jfygzvc1fb":{"_isJSONSchemaObject":true,"version":"2.0","type":"void","x-component":"Grid.Row","properties":{"sp1nds1997r":{"_isJSONSchemaObject":true,"version":"2.0","type":"void","x-component":"Grid.Col","properties":{"open_count":{"_isJSONSchemaObject":true,"version":"2.0","type":"string","name":"open_count","x-toolbar":"FormItemSchemaToolbar","x-settings":"fieldSettings:FormItem","x-component":"AssignedField","x-decorator":"FormItem","x-collection-field":"module_summaries.open_count"}},"name":"sp1nds1997r"}},"name":"2jfygzvc1fb"},"3ej00lz953w":{"_isJSONSchemaObject":true,"version":"2.0","type":"void","x-component":"Grid.Row","properties":{"cszm23qznik":{"_isJSONSchemaObject":true,"version":"2.0","type":"void","x-component":"Grid.Col","properties":{"retest_failed_count":{"_isJSONSchemaObject":true,"version":"2.0","type":"string","name":"retest_failed_count","x-toolbar":"FormItemSchemaToolbar","x-settings":"fieldSettings:FormItem","x-component":"AssignedField","x-decorator":"FormItem","x-collection-field":"module_summaries.retest_failed_count"}},"name":"cszm23qznik"}},"name":"3ej00lz953w"},"15e9xtl3qs1":{"_isJSONSchemaObject":true,"version":"2.0","type":"void","x-component":"Grid.Row","properties":{"k1jpdb6h9ka":{"_isJSONSchemaObject":true,"version":"2.0","type":"void","x-component":"Grid.Col","properties":{"module_total":{"_isJSONSchemaObject":true,"version":"2.0","type":"string","name":"module_total","x-toolbar":"FormItemSchemaToolbar","x-settings":"fieldSettings:FormItem","x-component":"AssignedField","x-decorator":"FormItem","x-collection-field":"module_summaries.module_total"}},"name":"k1jpdb6h9ka"}},"name":"15e9xtl3qs1"},"izho92ic2cs":{"_isJSONSchemaObject":true,"version":"2.0","type":"void","x-component":"Grid.Row","properties":{"awvbzytdfsu":{"_isJSONSchemaObject":true,"version":"2.0","type":"void","x-component":"Grid.Col","properties":{"suggested_count":{"_isJSONSchemaObject":true,"version":"2.0","type":"string","name":"suggested_count","x-toolbar":"FormItemSchemaToolbar","x-settings":"fieldSettings:FormItem","x-component":"AssignedField","x-decorator":"FormItem","x-collection-field":"module_summaries.suggested_count"}},"name":"awvbzytdfsu"}},"name":"izho92ic2cs"}}},"collection":"module_summaries","params":{"individualHooks":false,"filter":{"$and":[{"id":{"$eq":"{{$context.data.module}}"}}]},"values":{"level_1_count":"{{$jobsMapByNodeKey.h14qw1067vw}}","level_1_fixed":"{{$jobsMapByNodeKey.cvcey3i9obe}}","level_2_count":"{{$jobsMapByNodeKey.52k6055vnrg}}","level_2_fixed":"{{$jobsMapByNodeKey.1fpxh7sjq4k}}","level_3_count":"{{$jobsMapByNodeKey.t5m287ao4ea}}","level_3_fixed":"{{$jobsMapByNodeKey.je6ex9hwdlz}}","level_1_rollback":"{{$jobsMapByNodeKey.9euqanxv5ca}}","level_1_hang":"{{$jobsMapByNodeKey.cjybahnz5qh}}","level_1_other":"{{$jobsMapByNodeKey.4lo6zk22j0o}}","p1_total":"{{$jobsMapByNodeKey.m7boio3foa4}}","p1_fixed":"{{$jobsMapByNodeKey.ctxa7y3htwk}}","p2_total":"{{$jobsMapByNodeKey.n5qz0yvi8a8}}","p2_fixed":"{{$jobsMapByNodeKey.m5m10pctczr}}","p3_total":"{{$jobsMapByNodeKey.86wyre6po8b}}","p3_fixed":"{{$jobsMapByNodeKey.4tftrde6ftb}}","total_closed":"{{$jobsMapByNodeKey.aj31qog7bx4}}","total_delayed":"{{$jobsMapByNodeKey.3f305ii7n0l}}","p1_closed":"{{$jobsMapByNodeKey.3szdlncazck}}","open_count":"{{$jobsMapByNodeKey.d60x92jthmx}}","retest_failed_count":"{{$jobsMapByNodeKey.iofdvp5yr94}}","module_total":"{{$jobsMapByNodeKey.zzewef9k4c5}}","suggested_count":"{{$jobsMapByNodeKey.aaj3raugpgh}}"}}} workflowId=350336403308544
[34m2026-02-26 11:45:00 [debug] job added to save list: {"result":1,"status":1,"nodeId":350336403308559,"nodeKey":"iz8nj3ykg09","id":"7263476091223040","createdAt":"2026-02-26T03:45:00.552Z","updatedAt":"2026-02-26T03:45:00.552Z","executionId":350336583663618}[39m workflowId=350336403308544
[32m2026-02-26 11:45:00 [info]  execution (350336583663618) run instruction [update] for node (350336403308559) finished as status: 1[39m workflowId=350336403308544
[34m2026-02-26 11:45:00 [debug] result of node                              [39m data=1
[34m2026-02-26 11:45:00 [debug] run next node (350336403308569)             [39m 
[32m2026-02-26 11:45:00 [info]  execution (350336583663618) run instruction [update] for node (350336403308569)[39m workflowId=350336403308544
[34m2026-02-26 11:45:00 [debug] config of node                              [39m data={"usingAssignFormSchema":true,"assignFormSchema":{"_isJSONSchemaObject":true,"version":"2.0","name":"lyyd2fr2avq","type":"void","x-component":"Grid","x-initializer":"assignFieldValuesForm:configureFields","properties":{"hwz3qotbng4":{"_isJSONSchemaObject":true,"version":"2.0","type":"void","x-component":"Grid.Row","properties":{"dgcqu3v70yw":{"_isJSONSchemaObject":true,"version":"2.0","type":"void","x-component":"Grid.Col","properties":{"total_defect":{"_isJSONSchemaObject":true,"version":"2.0","type":"string","name":"total_defect","x-toolbar":"FormItemSchemaToolbar","x-settings":"fieldSettings:FormItem","x-component":"AssignedField","x-decorator":"FormItem","x-collection-field":"collection_quality.total_defect"}},"name":"dgcqu3v70yw"}},"name":"hwz3qotbng4"}}},"collection":"collection_quality","params":{"individualHooks":false,"filter":{"$and":[{"id":{"$eq":"{{$context.data.f_jmazop48q5l}}"}}]},"values":{"total_defect":"{{$jobsMapByNodeKey.agbjg8mq1oa}}"}}} workflowId=350336403308544
[34m2026-02-26 11:45:00 [debug] job added to save list: {"result":1,"status":1,"nodeId":350336403308569,"nodeKey":"2593ny9kqnv","id":"7263476128971776","createdAt":"2026-02-26T03:45:00.561Z","updatedAt":"2026-02-26T03:45:00.561Z","executionId":350336583663618}[39m workflowId=350336403308544
[32m2026-02-26 11:45:00 [info]  execution (350336583663618) run instruction [update] for node (350336403308569) finished as status: 1[39m workflowId=350336403308544
[34m2026-02-26 11:45:00 [debug] result of node                              [39m data=1
[34m2026-02-26 11:45:00 [debug] branch ended at node (350336403308569)      [39m 
[32m2026-02-26 11:45:00 [info]  execution (350336583663618) exiting with status 1[39m workflowId=350336403308544
[32m2026-02-26 11:45:00 [info]  execution (350336583663618) finished with status: 1[39m 
[34m2026-02-26 11:45:00 [debug] execution (350336583663618) details:        [39m execution={"createdAt":"2026-02-26T03:45:00.384Z","id":350336583663618,"updatedAt":"2026-02-26T03:45:00.573Z","key":"ybf59241h6c","eventKey":"e4124b0b-c3b9-4eff-bb98-09205bbb8aa2","context":{"data":{"createdAt":"2026-02-26T03:45:00.358Z","updatedAt":"2026-02-26T03:45:00.364Z","defect":"导入大型文件时系统界面挂机","defect_rank":"level1","priority":"P1","id":350336583663616,"f_jmazop48q5l":350336495583232,"createdById":1,"updatedById":1,"defect_classification":"挂机","module":350336497680384,"defect_status":"待修复","label":["复测未通过"],"parent_summary":{"createdAt":"2026-02-26T03:44:18.512Z","updatedAt":"2026-02-26T03:44:39.270Z","owner_id":"nocobase","id":350336495583232,"total_count":null,"tested_count":null,"defect_count":null,"fixed_count":null,"pending_count":null,"loc":null,"kloc":0,"testing_rate":null,"fix_rate":null,"pending_rate":null,"defect_density":null,"total_defect":1,"module_type":"缺陷汇总","createdById":1,"updatedById":1}}},"status":1,"dispatched":true,"stack":null,"output":null,"manually":null,"workflowId":350336403308544}
[32m2026-02-26 11:48:23 [info]  toggle OFF workflow 350336403308544         [39m workflowId=350336403308544
