[32m2026-02-26 09:39:01 [info]  toggle ON workflow 350320655794176          [39m workflowId=350320655794176
[32m2026-02-26 09:45:10 [info]  new event triggered, now events: 1          [39m 
[34m2026-02-26 09:45:10 [debug] event data:                                 [39m context={"data":{"createdAt":"2026-02-26T01:45:10.865Z","updatedAt":"2026-02-26T01:45:10.873Z","defect":"核心算法模块代码回退导致崩溃","defect_rank":"level1","priority":"P1","id":350321505140736,"f_jmazop48q5l":350321463197696,"createdById":1,"updatedById":1,"defect_classification":"网退","module":350321459003392,"label":["已修复"],"defect_status":"已修复","parent_summary":{"createdAt":"2026-02-26T01:44:50.647Z","updatedAt":"2026-02-26T01:44:50.650Z","owner_id":"nocobase","id":350321463197696,"total_count":null,"tested_count":null,"defect_count":null,"fixed_count":null,"pending_count":null,"loc":null,"kloc":0,"testing_rate":null,"fix_rate":null,"pending_rate":null,"defect_density":null,"total_defect":null,"module_type":"缺陷汇总","createdById":1,"updatedById":1}}}
[32m2026-02-26 09:45:10 [info]  preparing execution for event               [39m 
[32m2026-02-26 09:45:10 [info]  execution of workflow 350320655794176 created as 350321505140737[39m 
[32m2026-02-26 09:45:10 [info]  local pending list is empty, adding execution (350321505140737) to pending list[39m 
[32m2026-02-26 09:45:10 [info]  pending execution (350321505140737) ready to process[39m 
[32m2026-02-26 09:45:10 [info]  execution (350321505140737) starting...     [39m 
[32m2026-02-26 09:45:10 [info]  execution (350321505140737) run instruction [parallel] for node (350320655794177)[39m workflowId=350320655794176
[34m2026-02-26 09:45:10 [debug] config of node                              [39m workflowId=350320655794176
[34m2026-02-26 09:45:10 [debug] job added to save list: {"status":0,"result":[null,null],"nodeId":350320655794177,"nodeKey":"chjc97mlb5y","upstreamId":null,"id":"7233320500886528","createdAt":"2026-02-26T01:45:10.899Z","updatedAt":"2026-02-26T01:45:10.899Z","executionId":350321505140737}[39m workflowId=350320655794176
[32m2026-02-26 09:45:10 [info]  execution (350321505140737) run instruction [aggregate] for node (350320655794178)[39m workflowId=350320655794176
[34m2026-02-26 09:45:10 [debug] config of node                              [39m data={"aggregator":"count","associated":true,"params":{"field":"id","filter":{"$and":[]}},"precision":2,"collection":"defects","association":{"name":"all_defects","associatedKey":"{{$context.data.parent_summary.id}}","associatedCollection":"collection_quality"}} workflowId=350320655794176
[34m2026-02-26 09:45:10 [debug] job added to save list: {"result":1,"status":1,"nodeId":350320655794178,"nodeKey":"ca6c1jxzwq5","id":"7233320505080832","createdAt":"2026-02-26T01:45:10.900Z","updatedAt":"2026-02-26T01:45:10.900Z","executionId":350321505140737}[39m workflowId=350320655794176
[32m2026-02-26 09:45:10 [info]  execution (350321505140737) run instruction [aggregate] for node (350320655794178) finished as status: 1[39m workflowId=350320655794176
[34m2026-02-26 09:45:10 [debug] result of node                              [39m data=1
[34m2026-02-26 09:45:10 [debug] run next node (350320655794179)             [39m 
[32m2026-02-26 09:45:10 [info]  execution (350321505140737) run instruction [update] for node (350320655794179)[39m workflowId=350320655794176
[34m2026-02-26 09:45:10 [debug] config of node                              [39m data={"usingAssignFormSchema":true,"assignFormSchema":{"_isJSONSchemaObject":true,"version":"2.0","name":"0mby4p7m0ow","type":"void","x-component":"Grid","x-initializer":"assignFieldValuesForm:configureFields","properties":{"2wbpfklshda":{"_isJSONSchemaObject":true,"version":"2.0","type":"void","x-component":"Grid.Row","properties":{"ibquc1d6wnd":{"_isJSONSchemaObject":true,"version":"2.0","type":"void","x-component":"Grid.Col","properties":{"total_defect":{"_isJSONSchemaObject":true,"version":"2.0","type":"string","name":"total_defect","x-toolbar":"FormItemSchemaToolbar","x-settings":"fieldSettings:FormItem","x-component":"AssignedField","x-decorator":"FormItem","x-collection-field":"collection_quality.total_defect"}},"name":"ibquc1d6wnd"}},"name":"2wbpfklshda"}}},"collection":"collection_quality","params":{"individualHooks":false,"filter":{"$and":[{"id":{"$eq":"{{$context.data.parent_summary.id}}"}}]},"values":{"total_defect":"{{$jobsMapByNodeKey.ca6c1jxzwq5}}"}}} workflowId=350320655794176
[34m2026-02-26 09:45:10 [debug] job added to save list: {"result":1,"status":1,"nodeId":350320655794179,"nodeKey":"9mun3sl2wtp","id":"7233320521858048","createdAt":"2026-02-26T01:45:10.904Z","updatedAt":"2026-02-26T01:45:10.904Z","executionId":350321505140737}[39m workflowId=350320655794176
[32m2026-02-26 09:45:10 [info]  execution (350321505140737) run instruction [update] for node (350320655794179) finished as status: 1[39m workflowId=350320655794176
[34m2026-02-26 09:45:10 [debug] result of node                              [39m data=1
[34m2026-02-26 09:45:10 [debug] branch ended at node (350320655794179)      [39m 
[34m2026-02-26 09:45:10 [debug] not on main, recall to parent entry node (350320655794179)})[39m workflowId=350320655794176
[32m2026-02-26 09:45:10 [info]  execution (350321505140737) resume instruction [parallel] for node (350320655794177)[39m workflowId=350320655794176
[34m2026-02-26 09:45:10 [debug] config of node                              [39m workflowId=350320655794176
[34m2026-02-26 09:45:10 [debug] job added to save list: {"status":0,"result":[1,null],"nodeId":350320655794177,"nodeKey":"chjc97mlb5y","upstreamId":null,"id":"7233320500886528","createdAt":"2026-02-26T01:45:10.899Z","updatedAt":"2026-02-26T01:45:10.907Z","executionId":350321505140737}[39m workflowId=350320655794176
[32m2026-02-26 09:45:10 [info]  execution (350321505140737) exiting with status 0[39m workflowId=350320655794176
[32m2026-02-26 09:45:10 [info]  execution (350321505140737) run instruction [aggregate] for node (350320655794180)[39m workflowId=350320655794176
[34m2026-02-26 09:45:10 [debug] config of node                              [39m data={"aggregator":"count","associated":false,"params":{"field":"id","filter":{"$and":[{"defect_rank":{"$eq":"level1"}},{"label":{"$noneOf":["功能屏蔽","已拒绝","建议"]}},{"module":{"$eq":"{{$context.data.module}}"}}]}},"precision":2,"collection":"defects"} workflowId=350320655794176
[34m2026-02-26 09:45:10 [debug] job added to save list: {"result":1,"status":1,"nodeId":350320655794180,"nodeKey":"h14qw1067vw","id":"7233320551218176","createdAt":"2026-02-26T01:45:10.911Z","updatedAt":"2026-02-26T01:45:10.911Z","executionId":350321505140737}[39m workflowId=350320655794176
[32m2026-02-26 09:45:10 [info]  execution (350321505140737) run instruction [aggregate] for node (350320655794180) finished as status: 1[39m workflowId=350320655794176
[34m2026-02-26 09:45:10 [debug] result of node                              [39m data=1
[34m2026-02-26 09:45:10 [debug] run next node (350320655794185)             [39m 
[32m2026-02-26 09:45:10 [info]  execution (350321505140737) run instruction [aggregate] for node (350320655794185)[39m workflowId=350320655794176
[34m2026-02-26 09:45:10 [debug] config of node                              [39m data={"aggregator":"count","associated":false,"params":{"field":"id","filter":{"$and":[{"defect_rank":{"$eq":"level1"}},{"label":{"$noneOf":["功能屏蔽","已拒绝","建议"]}},{"$or":[{"label":{"$anyOf":["已修复","待合并"]}},{"$and":[{"label":{"$anyOf":["未复现"]}},{"defect_status":{"$eq":"已关闭"}}]}]},{"module":{"$eq":"{{$context.data.module}}"}}]}},"precision":2,"collection":"defects"} workflowId=350320655794176
[34m2026-02-26 09:45:10 [debug] job added to save list: {"result":1,"status":1,"nodeId":350320655794185,"nodeKey":"cvcey3i9obe","id":"7233320567995392","createdAt":"2026-02-26T01:45:10.915Z","updatedAt":"2026-02-26T01:45:10.915Z","executionId":350321505140737}[39m workflowId=350320655794176
[32m2026-02-26 09:45:10 [info]  execution (350321505140737) run instruction [aggregate] for node (350320655794185) finished as status: 1[39m workflowId=350320655794176
[34m2026-02-26 09:45:10 [debug] result of node                              [39m data=1
[34m2026-02-26 09:45:10 [debug] run next node (350320655794187)             [39m 
[32m2026-02-26 09:45:10 [info]  execution (350321505140737) run instruction [aggregate] for node (350320655794187)[39m workflowId=350320655794176
[34m2026-02-26 09:45:10 [debug] config of node                              [39m data={"aggregator":"count","associated":false,"params":{"field":"id","filter":{"$and":[{"defect_rank":{"$eq":"level1"}},{"module":{"$eq":"{{$context.data.module}}"}},{"$or":[{"defect":{"$includes":"退"}},{"defect":{"$includes":"回退"}},{"defect":{"$includes":"倒退"}}]}]}},"precision":2,"collection":"defects"} workflowId=350320655794176
[34m2026-02-26 09:45:10 [debug] job added to save list: {"result":1,"status":1,"nodeId":350320655794187,"nodeKey":"9euqanxv5ca","id":"7233320580578304","createdAt":"2026-02-26T01:45:10.918Z","updatedAt":"2026-02-26T01:45:10.918Z","executionId":350321505140737}[39m workflowId=350320655794176
[32m2026-02-26 09:45:10 [info]  execution (350321505140737) run instruction [aggregate] for node (350320655794187) finished as status: 1[39m workflowId=350320655794176
[34m2026-02-26 09:45:10 [debug] result of node                              [39m data=1
[34m2026-02-26 09:45:10 [debug] run next node (350320655794186)             [39m 
[32m2026-02-26 09:45:10 [info]  execution (350321505140737) run instruction [aggregate] for node (350320655794186)[39m workflowId=350320655794176
[34m2026-02-26 09:45:10 [debug] config of node                              [39m data={"aggregator":"count","associated":false,"params":{"field":"id","filter":{"$and":[{"defect_rank":{"$eq":"level1"}},{"module":{"$eq":"{{$context.data.module}}"}},{"$or":[{"defect":{"$includes":"挂机"}}]}]}},"precision":2,"collection":"defects"} workflowId=350320655794176
[34m2026-02-26 09:45:10 [debug] job added to save list: {"result":0,"status":1,"nodeId":350320655794186,"nodeKey":"cjybahnz5qh","id":"7233320597355520","createdAt":"2026-02-26T01:45:10.922Z","updatedAt":"2026-02-26T01:45:10.922Z","executionId":350321505140737}[39m workflowId=350320655794176
[32m2026-02-26 09:45:10 [info]  execution (350321505140737) run instruction [aggregate] for node (350320655794186) finished as status: 1[39m workflowId=350320655794176
[34m2026-02-26 09:45:10 [debug] result of node                              [39m 
[34m2026-02-26 09:45:10 [debug] run next node (350320655794189)             [39m 
[32m2026-02-26 09:45:10 [info]  execution (350321505140737) run instruction [aggregate] for node (350320655794189)[39m workflowId=350320655794176
[34m2026-02-26 09:45:10 [debug] config of node                              [39m data={"aggregator":"count","associated":false,"params":{"field":"id","filter":{"$and":[{"defect_rank":{"$eq":"level1"}},{"defect":{"$notIncludes":"退"}},{"defect":{"$notIncludes":"回退"}},{"defect":{"$notIncludes":"倒退"}},{"defect":{"$notIncludes":"挂机"}},{"module":{"$eq":"{{$context.data.module}}"}}]}},"precision":2,"collection":"defects"} workflowId=350320655794176
[34m2026-02-26 09:45:10 [debug] job added to save list: {"result":0,"status":1,"nodeId":350320655794189,"nodeKey":"4lo6zk22j0o","id":"7233320609938432","createdAt":"2026-02-26T01:45:10.925Z","updatedAt":"2026-02-26T01:45:10.925Z","executionId":350321505140737}[39m workflowId=350320655794176
[32m2026-02-26 09:45:10 [info]  execution (350321505140737) run instruction [aggregate] for node (350320655794189) finished as status: 1[39m workflowId=350320655794176
[34m2026-02-26 09:45:10 [debug] result of node                              [39m 
[34m2026-02-26 09:45:10 [debug] run next node (350320655794188)             [39m 
[32m2026-02-26 09:45:10 [info]  execution (350321505140737) run instruction [aggregate] for node (350320655794188)[39m workflowId=350320655794176
[34m2026-02-26 09:45:10 [debug] config of node                              [39m data={"aggregator":"count","associated":false,"params":{"field":"id","filter":{"$and":[{"defect_rank":{"$eq":"level2"}},{"label":{"$noneOf":["功能屏蔽","已拒绝","建议"]}},{"module":{"$eq":"{{$context.data.module}}"}}]}},"precision":2,"collection":"defects"} workflowId=350320655794176
[34m2026-02-26 09:45:10 [debug] job added to save list: {"result":0,"status":1,"nodeId":350320655794188,"nodeKey":"52k6055vnrg","id":"7233320626715648","createdAt":"2026-02-26T01:45:10.929Z","updatedAt":"2026-02-26T01:45:10.929Z","executionId":350321505140737}[39m workflowId=350320655794176
[32m2026-02-26 09:45:10 [info]  execution (350321505140737) run instruction [aggregate] for node (350320655794188) finished as status: 1[39m workflowId=350320655794176
[34m2026-02-26 09:45:10 [debug] result of node                              [39m 
[34m2026-02-26 09:45:10 [debug] run next node (350320655794182)             [39m 
[32m2026-02-26 09:45:10 [info]  execution (350321505140737) run instruction [aggregate] for node (350320655794182)[39m workflowId=350320655794176
[34m2026-02-26 09:45:10 [debug] config of node                              [39m data={"aggregator":"count","associated":false,"params":{"field":"id","filter":{"$and":[{"defect_rank":{"$eq":"level2"}},{"label":{"$noneOf":["功能屏蔽","已拒绝","建议"]}},{"$or":[{"label":{"$anyOf":["已修复","待合并"]}},{"$and":[{"label":{"$anyOf":["未复现"]}},{"defect_status":{"$eq":"已关闭"}}]}]},{"module":{"$eq":"{{$context.data.module}}"}}]}},"precision":2,"collection":"defects"} workflowId=350320655794176
[34m2026-02-26 09:45:10 [debug] job added to save list: {"result":0,"status":1,"nodeId":350320655794182,"nodeKey":"1fpxh7sjq4k","id":"7233320639298560","createdAt":"2026-02-26T01:45:10.932Z","updatedAt":"2026-02-26T01:45:10.932Z","executionId":350321505140737}[39m workflowId=350320655794176
[32m2026-02-26 09:45:10 [info]  execution (350321505140737) run instruction [aggregate] for node (350320655794182) finished as status: 1[39m workflowId=350320655794176
[34m2026-02-26 09:45:10 [debug] result of node                              [39m 
[34m2026-02-26 09:45:10 [debug] run next node (350320655794183)             [39m 
[32m2026-02-26 09:45:10 [info]  execution (350321505140737) run instruction [aggregate] for node (350320655794183)[39m workflowId=350320655794176
[34m2026-02-26 09:45:10 [debug] config of node                              [39m data={"aggregator":"count","associated":false,"params":{"field":"id","filter":{"$and":[{"defect_rank":{"$eq":"level3"}},{"label":{"$noneOf":["功能屏蔽","已拒绝","建议"]}},{"module":{"$eq":"{{$context.data.module}}"}}]}},"precision":2,"collection":"defects"} workflowId=350320655794176
[34m2026-02-26 09:45:10 [debug] job added to save list: {"result":0,"status":1,"nodeId":350320655794183,"nodeKey":"t5m287ao4ea","id":"7233320651881472","createdAt":"2026-02-26T01:45:10.935Z","updatedAt":"2026-02-26T01:45:10.935Z","executionId":350321505140737}[39m workflowId=350320655794176
[32m2026-02-26 09:45:10 [info]  execution (350321505140737) run instruction [aggregate] for node (350320655794183) finished as status: 1[39m workflowId=350320655794176
[34m2026-02-26 09:45:10 [debug] result of node                              [39m 
[34m2026-02-26 09:45:10 [debug] run next node (350320655794181)             [39m 
[32m2026-02-26 09:45:10 [info]  execution (350321505140737) run instruction [aggregate] for node (350320655794181)[39m workflowId=350320655794176
[34m2026-02-26 09:45:10 [debug] config of node                              [39m data={"aggregator":"count","associated":false,"params":{"field":"id","filter":{"$and":[{"defect_rank":{"$eq":"level3"}},{"label":{"$noneOf":["功能屏蔽","已拒绝","建议"]}},{"$or":[{"label":{"$anyOf":["待合并","已修复"]}},{"$and":[{"label":{"$anyOf":["未复现"]}},{"defect_status":{"$eq":"已关闭"}}]}]},{"module":{"$eq":"{{$context.data.module}}"}}]}},"precision":2,"collection":"defects"} workflowId=350320655794176
[34m2026-02-26 09:45:10 [debug] job added to save list: {"result":0,"status":1,"nodeId":350320655794181,"nodeKey":"je6ex9hwdlz","id":"7233320664464384","createdAt":"2026-02-26T01:45:10.938Z","updatedAt":"2026-02-26T01:45:10.938Z","executionId":350321505140737}[39m workflowId=350320655794176
[32m2026-02-26 09:45:10 [info]  execution (350321505140737) run instruction [aggregate] for node (350320655794181) finished as status: 1[39m workflowId=350320655794176
[34m2026-02-26 09:45:10 [debug] result of node                              [39m 
[34m2026-02-26 09:45:10 [debug] run next node (350320655794184)             [39m 
[32m2026-02-26 09:45:10 [info]  execution (350321505140737) run instruction [update] for node (350320655794184)[39m workflowId=350320655794176
[34m2026-02-26 09:45:10 [debug] config of node                              [39m data={"usingAssignFormSchema":true,"assignFormSchema":{"_isJSONSchemaObject":true,"version":"2.0","name":"z36wx6jbrw9","type":"void","x-component":"Grid","x-initializer":"assignFieldValuesForm:configureFields","properties":{"i1v4kp5ixw1":{"_isJSONSchemaObject":true,"version":"2.0","type":"void","x-component":"Grid.Row","properties":{"m57in1bxqre":{"_isJSONSchemaObject":true,"version":"2.0","type":"void","x-component":"Grid.Col","properties":{"level_1_count":{"_isJSONSchemaObject":true,"version":"2.0","type":"string","name":"level_1_count","x-toolbar":"FormItemSchemaToolbar","x-settings":"fieldSettings:FormItem","x-component":"AssignedField","x-decorator":"FormItem","x-collection-field":"module_summaries.level_1_count"}},"name":"m57in1bxqre"}},"name":"i1v4kp5ixw1"},"28tkyaas4rv":{"_isJSONSchemaObject":true,"version":"2.0","type":"void","x-component":"Grid.Row","properties":{"aubadkxorcs":{"_isJSONSchemaObject":true,"version":"2.0","type":"void","x-component":"Grid.Col","properties":{"level_1_fixed":{"_isJSONSchemaObject":true,"version":"2.0","type":"string","name":"level_1_fixed","x-toolbar":"FormItemSchemaToolbar","x-settings":"fieldSettings:FormItem","x-component":"AssignedField","x-decorator":"FormItem","x-collection-field":"module_summaries.level_1_fixed"}},"name":"aubadkxorcs"}},"name":"28tkyaas4rv"},"87dzfrypjv5":{"_isJSONSchemaObject":true,"version":"2.0","type":"void","x-component":"Grid.Row","properties":{"00u2e0hze8y":{"_isJSONSchemaObject":true,"version":"2.0","type":"void","x-component":"Grid.Col","properties":{"level_2_count":{"_isJSONSchemaObject":true,"version":"2.0","type":"string","name":"level_2_count","x-toolbar":"FormItemSchemaToolbar","x-settings":"fieldSettings:FormItem","x-component":"AssignedField","x-decorator":"FormItem","x-collection-field":"module_summaries.level_2_count"}},"name":"00u2e0hze8y"}},"name":"87dzfrypjv5"},"sr9fb2g83wa":{"_isJSONSchemaObject":true,"version":"2.0","type":"void","x-component":"Grid.Row","properties":{"mctr2nubczg":{"_isJSONSchemaObject":true,"version":"2.0","type":"void","x-component":"Grid.Col","properties":{"level_2_fixed":{"_isJSONSchemaObject":true,"version":"2.0","type":"string","name":"level_2_fixed","x-toolbar":"FormItemSchemaToolbar","x-settings":"fieldSettings:FormItem","x-component":"AssignedField","x-decorator":"FormItem","x-collection-field":"module_summaries.level_2_fixed"}},"name":"mctr2nubczg"}},"name":"sr9fb2g83wa"},"robhdmi5xfc":{"_isJSONSchemaObject":true,"version":"2.0","type":"void","x-component":"Grid.Row","properties":{"d7pyy4ts79k":{"_isJSONSchemaObject":true,"version":"2.0","type":"void","x-component":"Grid.Col","properties":{"level_3_count":{"_isJSONSchemaObject":true,"version":"2.0","type":"string","name":"level_3_count","x-toolbar":"FormItemSchemaToolbar","x-settings":"fieldSettings:FormItem","x-component":"AssignedField","x-decorator":"FormItem","x-collection-field":"module_summaries.level_3_count"}},"name":"d7pyy4ts79k"}},"name":"robhdmi5xfc"},"9ykwa93dd5w":{"_isJSONSchemaObject":true,"version":"2.0","type":"void","x-component":"Grid.Row","properties":{"0nkrxq50w1f":{"_isJSONSchemaObject":true,"version":"2.0","type":"void","x-component":"Grid.Col","properties":{"level_3_fixed":{"_isJSONSchemaObject":true,"version":"2.0","type":"string","name":"level_3_fixed","x-toolbar":"FormItemSchemaToolbar","x-settings":"fieldSettings:FormItem","x-component":"AssignedField","x-decorator":"FormItem","x-collection-field":"module_summaries.level_3_fixed"}},"name":"0nkrxq50w1f"}},"name":"9ykwa93dd5w"},"m2wrz7jm9vz":{"_isJSONSchemaObject":true,"version":"2.0","type":"void","x-component":"Grid.Row","properties":{"hfp2a2oyka1":{"_isJSONSchemaObject":true,"version":"2.0","type":"void","x-component":"Grid.Col","properties":{"level_1_rollback":{"_isJSONSchemaObject":true,"version":"2.0","type":"string","name":"level_1_rollback","x-toolbar":"FormItemSchemaToolbar","x-settings":"fieldSettings:FormItem","x-component":"AssignedField","x-decorator":"FormItem","x-collection-field":"module_summaries.level_1_rollback"}},"name":"hfp2a2oyka1"}},"name":"m2wrz7jm9vz"},"llra5xvheol":{"_isJSONSchemaObject":true,"version":"2.0","type":"void","x-component":"Grid.Row","properties":{"hxtzevu58gt":{"_isJSONSchemaObject":true,"version":"2.0","type":"void","x-component":"Grid.Col","properties":{"level_1_hang":{"_isJSONSchemaObject":true,"version":"2.0","type":"string","name":"level_1_hang","x-toolbar":"FormItemSchemaToolbar","x-settings":"fieldSettings:FormItem","x-component":"AssignedField","x-decorator":"FormItem","x-collection-field":"module_summaries.level_1_hang"}},"name":"hxtzevu58gt"}},"name":"llra5xvheol"},"55xmmpvuyqt":{"_isJSONSchemaObject":true,"version":"2.0","type":"void","x-component":"Grid.Row","properties":{"6khukz0hpsa":{"_isJSONSchemaObject":true,"version":"2.0","type":"void","x-component":"Grid.Col","properties":{"level_1_other":{"_isJSONSchemaObject":true,"version":"2.0","type":"string","name":"level_1_other","x-toolbar":"FormItemSchemaToolbar","x-settings":"fieldSettings:FormItem","x-component":"AssignedField","x-decorator":"FormItem","x-collection-field":"module_summaries.level_1_other"}},"name":"6khukz0hpsa"}},"name":"55xmmpvuyqt"}}},"collection":"module_summaries","params":{"individualHooks":false,"filter":{"$and":[{"id":{"$eq":"{{$context.data.module}}"}}]},"values":{"level_1_count":"{{$jobsMapByNodeKey.h14qw1067vw}}","level_1_fixed":"{{$jobsMapByNodeKey.cvcey3i9obe}}","level_2_count":"{{$jobsMapByNodeKey.52k6055vnrg}}","level_2_fixed":"{{$jobsMapByNodeKey.1fpxh7sjq4k}}","level_3_count":"{{$jobsMapByNodeKey.t5m287ao4ea}}","level_3_fixed":"{{$jobsMapByNodeKey.je6ex9hwdlz}}","level_1_rollback":"{{$jobsMapByNodeKey.9euqanxv5ca}}","level_1_hang":"{{$jobsMapByNodeKey.cjybahnz5qh}}","level_1_other":"{{$jobsMapByNodeKey.4lo6zk22j0o}}"}}} workflowId=350320655794176
[34m2026-02-26 09:45:10 [debug] job added to save list: {"result":1,"status":1,"nodeId":350320655794184,"nodeKey":"iz8nj3ykg09","id":"7233320685435904","createdAt":"2026-02-26T01:45:10.943Z","updatedAt":"2026-02-26T01:45:10.943Z","executionId":350321505140737}[39m workflowId=350320655794176
[32m2026-02-26 09:45:10 [info]  execution (350321505140737) run instruction [update] for node (350320655794184) finished as status: 1[39m workflowId=350320655794176
[34m2026-02-26 09:45:10 [debug] result of node                              [39m data=1
[34m2026-02-26 09:45:10 [debug] branch ended at node (350320655794184)      [39m 
[34m2026-02-26 09:45:10 [debug] not on main, recall to parent entry node (350320655794184)})[39m workflowId=350320655794176
[32m2026-02-26 09:45:10 [info]  execution (350321505140737) resume instruction [parallel] for node (350320655794177)[39m workflowId=350320655794176
[34m2026-02-26 09:45:10 [debug] config of node                              [39m workflowId=350320655794176
[34m2026-02-26 09:45:10 [debug] job added to save list: {"status":1,"result":[1,1],"nodeId":350320655794177,"nodeKey":"chjc97mlb5y","upstreamId":null,"id":"7233320500886528","createdAt":"2026-02-26T01:45:10.899Z","updatedAt":"2026-02-26T01:45:10.907Z","executionId":350321505140737}[39m workflowId=350320655794176
[32m2026-02-26 09:45:10 [info]  execution (350321505140737) run instruction [parallel] for node (350320655794177) finished as status: 1[39m workflowId=350320655794176
[34m2026-02-26 09:45:10 [debug] result of node                              [39m data=[1,1]
[34m2026-02-26 09:45:10 [debug] branch ended at node (350320655794177)      [39m 
[32m2026-02-26 09:45:10 [info]  execution (350321505140737) exiting with status 1[39m workflowId=350320655794176
[32m2026-02-26 09:45:10 [info]  execution (350321505140737) finished with status: 1[39m 
[34m2026-02-26 09:45:10 [debug] execution (350321505140737) details:        [39m execution={"createdAt":"2026-02-26T01:45:10.880Z","id":350321505140737,"updatedAt":"2026-02-26T01:45:10.948Z","key":"gljlkxparob","eventKey":"6331d5af-4dc2-441d-a319-1c268328696f","context":{"data":{"createdAt":"2026-02-26T01:45:10.865Z","updatedAt":"2026-02-26T01:45:10.873Z","defect":"核心算法模块代码回退导致崩溃","defect_rank":"level1","priority":"P1","id":350321505140736,"f_jmazop48q5l":350321463197696,"createdById":1,"updatedById":1,"defect_classification":"网退","module":350321459003392,"label":["已修复"],"defect_status":"已修复","parent_summary":{"createdAt":"2026-02-26T01:44:50.647Z","updatedAt":"2026-02-26T01:44:50.650Z","owner_id":"nocobase","id":350321463197696,"total_count":null,"tested_count":null,"defect_count":null,"fixed_count":null,"pending_count":null,"loc":null,"kloc":0,"testing_rate":null,"fix_rate":null,"pending_rate":null,"defect_density":null,"total_defect":null,"module_type":"缺陷汇总","createdById":1,"updatedById":1}}},"status":1,"dispatched":true,"stack":null,"output":null,"manually":null,"workflowId":350320655794176}
[32m2026-02-26 09:45:30 [info]  new event triggered, now events: 1          [39m 
[34m2026-02-26 09:45:30 [debug] event data:                                 [39m context={"data":{"createdAt":"2026-02-26T01:45:30.903Z","updatedAt":"2026-02-26T01:45:30.909Z","defect":"导入大型文件时系统界面挂机","defect_rank":"level1","priority":"P1","id":350321547083776,"f_jmazop48q5l":350321463197696,"createdById":1,"updatedById":1,"defect_classification":"挂机","module":350321459003392,"label":["历史遗留"],"defect_status":"待修复","parent_summary":{"createdAt":"2026-02-26T01:44:50.647Z","updatedAt":"2026-02-26T01:45:10.903Z","owner_id":"nocobase","id":350321463197696,"total_count":null,"tested_count":null,"defect_count":null,"fixed_count":null,"pending_count":null,"loc":null,"kloc":0,"testing_rate":null,"fix_rate":null,"pending_rate":null,"defect_density":null,"total_defect":1,"module_type":"缺陷汇总","createdById":1,"updatedById":1}}}
[32m2026-02-26 09:45:30 [info]  preparing execution for event               [39m 
[32m2026-02-26 09:45:30 [info]  execution of workflow 350320655794176 created as 350321547083777[39m 
[32m2026-02-26 09:45:30 [info]  local pending list is empty, adding execution (350321547083777) to pending list[39m 
[32m2026-02-26 09:45:30 [info]  pending execution (350321547083777) ready to process[39m 
[32m2026-02-26 09:45:30 [info]  execution (350321547083777) starting...     [39m 
[32m2026-02-26 09:45:30 [info]  execution (350321547083777) run instruction [parallel] for node (350320655794177)[39m workflowId=350320655794176
[34m2026-02-26 09:45:30 [debug] config of node                              [39m workflowId=350320655794176
[34m2026-02-26 09:45:30 [debug] job added to save list: {"status":0,"result":[null,null],"nodeId":350320655794177,"nodeKey":"chjc97mlb5y","upstreamId":null,"id":"7233404521184256","createdAt":"2026-02-26T01:45:30.931Z","updatedAt":"2026-02-26T01:45:30.931Z","executionId":350321547083777}[39m workflowId=350320655794176
[32m2026-02-26 09:45:30 [info]  execution (350321547083777) run instruction [aggregate] for node (350320655794178)[39m workflowId=350320655794176
[34m2026-02-26 09:45:30 [debug] config of node                              [39m data={"aggregator":"count","associated":true,"params":{"field":"id","filter":{"$and":[]}},"precision":2,"collection":"defects","association":{"name":"all_defects","associatedKey":"{{$context.data.parent_summary.id}}","associatedCollection":"collection_quality"}} workflowId=350320655794176
[34m2026-02-26 09:45:30 [debug] job added to save list: {"result":2,"status":1,"nodeId":350320655794178,"nodeKey":"ca6c1jxzwq5","id":"7233404529572864","createdAt":"2026-02-26T01:45:30.933Z","updatedAt":"2026-02-26T01:45:30.933Z","executionId":350321547083777}[39m workflowId=350320655794176
[32m2026-02-26 09:45:30 [info]  execution (350321547083777) run instruction [aggregate] for node (350320655794178) finished as status: 1[39m workflowId=350320655794176
[34m2026-02-26 09:45:30 [debug] result of node                              [39m data=2
[34m2026-02-26 09:45:30 [debug] run next node (350320655794179)             [39m 
[32m2026-02-26 09:45:30 [info]  execution (350321547083777) run instruction [update] for node (350320655794179)[39m workflowId=350320655794176
[34m2026-02-26 09:45:30 [debug] config of node                              [39m data={"usingAssignFormSchema":true,"assignFormSchema":{"_isJSONSchemaObject":true,"version":"2.0","name":"0mby4p7m0ow","type":"void","x-component":"Grid","x-initializer":"assignFieldValuesForm:configureFields","properties":{"2wbpfklshda":{"_isJSONSchemaObject":true,"version":"2.0","type":"void","x-component":"Grid.Row","properties":{"ibquc1d6wnd":{"_isJSONSchemaObject":true,"version":"2.0","type":"void","x-component":"Grid.Col","properties":{"total_defect":{"_isJSONSchemaObject":true,"version":"2.0","type":"string","name":"total_defect","x-toolbar":"FormItemSchemaToolbar","x-settings":"fieldSettings:FormItem","x-component":"AssignedField","x-decorator":"FormItem","x-collection-field":"collection_quality.total_defect"}},"name":"ibquc1d6wnd"}},"name":"2wbpfklshda"}}},"collection":"collection_quality","params":{"individualHooks":false,"filter":{"$and":[{"id":{"$eq":"{{$context.data.parent_summary.id}}"}}]},"values":{"total_defect":"{{$jobsMapByNodeKey.ca6c1jxzwq5}}"}}} workflowId=350320655794176
[34m2026-02-26 09:45:30 [debug] job added to save list: {"result":1,"status":1,"nodeId":350320655794179,"nodeKey":"9mun3sl2wtp","id":"7233404605070336","createdAt":"2026-02-26T01:45:30.951Z","updatedAt":"2026-02-26T01:45:30.951Z","executionId":350321547083777}[39m workflowId=350320655794176
[32m2026-02-26 09:45:30 [info]  execution (350321547083777) run instruction [update] for node (350320655794179) finished as status: 1[39m workflowId=350320655794176
[34m2026-02-26 09:45:30 [debug] result of node                              [39m data=1
[34m2026-02-26 09:45:30 [debug] branch ended at node (350320655794179)      [39m 
[34m2026-02-26 09:45:30 [debug] not on main, recall to parent entry node (350320655794179)})[39m workflowId=350320655794176
[32m2026-02-26 09:45:30 [info]  execution (350321547083777) resume instruction [parallel] for node (350320655794177)[39m workflowId=350320655794176
[34m2026-02-26 09:45:30 [debug] config of node                              [39m workflowId=350320655794176
[34m2026-02-26 09:45:30 [debug] job added to save list: {"status":0,"result":[1,null],"nodeId":350320655794177,"nodeKey":"chjc97mlb5y","upstreamId":null,"id":"7233404521184256","createdAt":"2026-02-26T01:45:30.931Z","updatedAt":"2026-02-26T01:45:30.954Z","executionId":350321547083777}[39m workflowId=350320655794176
[32m2026-02-26 09:45:30 [info]  execution (350321547083777) exiting with status 0[39m workflowId=350320655794176
[32m2026-02-26 09:45:30 [info]  execution (350321547083777) run instruction [aggregate] for node (350320655794180)[39m workflowId=350320655794176
[34m2026-02-26 09:45:30 [debug] config of node                              [39m data={"aggregator":"count","associated":false,"params":{"field":"id","filter":{"$and":[{"defect_rank":{"$eq":"level1"}},{"label":{"$noneOf":["功能屏蔽","已拒绝","建议"]}},{"module":{"$eq":"{{$context.data.module}}"}}]}},"precision":2,"collection":"defects"} workflowId=350320655794176
[34m2026-02-26 09:45:30 [debug] job added to save list: {"result":2,"status":1,"nodeId":350320655794180,"nodeKey":"h14qw1067vw","id":"7233404634430464","createdAt":"2026-02-26T01:45:30.958Z","updatedAt":"2026-02-26T01:45:30.958Z","executionId":350321547083777}[39m workflowId=350320655794176
[32m2026-02-26 09:45:30 [info]  execution (350321547083777) run instruction [aggregate] for node (350320655794180) finished as status: 1[39m workflowId=350320655794176
[34m2026-02-26 09:45:30 [debug] result of node                              [39m data=2
[34m2026-02-26 09:45:30 [debug] run next node (350320655794185)             [39m 
[32m2026-02-26 09:45:30 [info]  execution (350321547083777) run instruction [aggregate] for node (350320655794185)[39m workflowId=350320655794176
[34m2026-02-26 09:45:30 [debug] config of node                              [39m data={"aggregator":"count","associated":false,"params":{"field":"id","filter":{"$and":[{"defect_rank":{"$eq":"level1"}},{"label":{"$noneOf":["功能屏蔽","已拒绝","建议"]}},{"$or":[{"label":{"$anyOf":["已修复","待合并"]}},{"$and":[{"label":{"$anyOf":["未复现"]}},{"defect_status":{"$eq":"已关闭"}}]}]},{"module":{"$eq":"{{$context.data.module}}"}}]}},"precision":2,"collection":"defects"} workflowId=350320655794176
[34m2026-02-26 09:45:30 [debug] job added to save list: {"result":1,"status":1,"nodeId":350320655794185,"nodeKey":"cvcey3i9obe","id":"7233404651207680","createdAt":"2026-02-26T01:45:30.962Z","updatedAt":"2026-02-26T01:45:30.962Z","executionId":350321547083777}[39m workflowId=350320655794176
[32m2026-02-26 09:45:30 [info]  execution (350321547083777) run instruction [aggregate] for node (350320655794185) finished as status: 1[39m workflowId=350320655794176
[34m2026-02-26 09:45:30 [debug] result of node                              [39m data=1
[34m2026-02-26 09:45:30 [debug] run next node (350320655794187)             [39m 
[32m2026-02-26 09:45:30 [info]  execution (350321547083777) run instruction [aggregate] for node (350320655794187)[39m workflowId=350320655794176
[34m2026-02-26 09:45:30 [debug] config of node                              [39m data={"aggregator":"count","associated":false,"params":{"field":"id","filter":{"$and":[{"defect_rank":{"$eq":"level1"}},{"module":{"$eq":"{{$context.data.module}}"}},{"$or":[{"defect":{"$includes":"退"}},{"defect":{"$includes":"回退"}},{"defect":{"$includes":"倒退"}}]}]}},"precision":2,"collection":"defects"} workflowId=350320655794176
[34m2026-02-26 09:45:30 [debug] job added to save list: {"result":1,"status":1,"nodeId":350320655794187,"nodeKey":"9euqanxv5ca","id":"7233404659596288","createdAt":"2026-02-26T01:45:30.964Z","updatedAt":"2026-02-26T01:45:30.964Z","executionId":350321547083777}[39m workflowId=350320655794176
[32m2026-02-26 09:45:30 [info]  execution (350321547083777) run instruction [aggregate] for node (350320655794187) finished as status: 1[39m workflowId=350320655794176
[34m2026-02-26 09:45:30 [debug] result of node                              [39m data=1
[34m2026-02-26 09:45:30 [debug] run next node (350320655794186)             [39m 
[32m2026-02-26 09:45:30 [info]  execution (350321547083777) run instruction [aggregate] for node (350320655794186)[39m workflowId=350320655794176
[34m2026-02-26 09:45:30 [debug] config of node                              [39m data={"aggregator":"count","associated":false,"params":{"field":"id","filter":{"$and":[{"defect_rank":{"$eq":"level1"}},{"module":{"$eq":"{{$context.data.module}}"}},{"$or":[{"defect":{"$includes":"挂机"}}]}]}},"precision":2,"collection":"defects"} workflowId=350320655794176
[34m2026-02-26 09:45:30 [debug] job added to save list: {"result":1,"status":1,"nodeId":350320655794186,"nodeKey":"cjybahnz5qh","id":"7233404667984896","createdAt":"2026-02-26T01:45:30.967Z","updatedAt":"2026-02-26T01:45:30.967Z","executionId":350321547083777}[39m workflowId=350320655794176
[32m2026-02-26 09:45:30 [info]  execution (350321547083777) run instruction [aggregate] for node (350320655794186) finished as status: 1[39m workflowId=350320655794176
[34m2026-02-26 09:45:30 [debug] result of node                              [39m data=1
[34m2026-02-26 09:45:30 [debug] run next node (350320655794189)             [39m 
[32m2026-02-26 09:45:30 [info]  execution (350321547083777) run instruction [aggregate] for node (350320655794189)[39m workflowId=350320655794176
[34m2026-02-26 09:45:30 [debug] config of node                              [39m data={"aggregator":"count","associated":false,"params":{"field":"id","filter":{"$and":[{"defect_rank":{"$eq":"level1"}},{"defect":{"$notIncludes":"退"}},{"defect":{"$notIncludes":"回退"}},{"defect":{"$notIncludes":"倒退"}},{"defect":{"$notIncludes":"挂机"}},{"module":{"$eq":"{{$context.data.module}}"}}]}},"precision":2,"collection":"defects"} workflowId=350320655794176
[34m2026-02-26 09:45:30 [debug] job added to save list: {"result":0,"status":1,"nodeId":350320655794189,"nodeKey":"4lo6zk22j0o","id":"7233404693150720","createdAt":"2026-02-26T01:45:30.972Z","updatedAt":"2026-02-26T01:45:30.972Z","executionId":350321547083777}[39m workflowId=350320655794176
[32m2026-02-26 09:45:30 [info]  execution (350321547083777) run instruction [aggregate] for node (350320655794189) finished as status: 1[39m workflowId=350320655794176
[34m2026-02-26 09:45:30 [debug] result of node                              [39m 
[34m2026-02-26 09:45:30 [debug] run next node (350320655794188)             [39m 
[32m2026-02-26 09:45:30 [info]  execution (350321547083777) run instruction [aggregate] for node (350320655794188)[39m workflowId=350320655794176
[34m2026-02-26 09:45:30 [debug] config of node                              [39m data={"aggregator":"count","associated":false,"params":{"field":"id","filter":{"$and":[{"defect_rank":{"$eq":"level2"}},{"label":{"$noneOf":["功能屏蔽","已拒绝","建议"]}},{"module":{"$eq":"{{$context.data.module}}"}}]}},"precision":2,"collection":"defects"} workflowId=350320655794176
[34m2026-02-26 09:45:30 [debug] job added to save list: {"result":0,"status":1,"nodeId":350320655794188,"nodeKey":"52k6055vnrg","id":"7233404705733632","createdAt":"2026-02-26T01:45:30.975Z","updatedAt":"2026-02-26T01:45:30.975Z","executionId":350321547083777}[39m workflowId=350320655794176
[32m2026-02-26 09:45:30 [info]  execution (350321547083777) run instruction [aggregate] for node (350320655794188) finished as status: 1[39m workflowId=350320655794176
[34m2026-02-26 09:45:30 [debug] result of node                              [39m 
[34m2026-02-26 09:45:30 [debug] run next node (350320655794182)             [39m 
[32m2026-02-26 09:45:30 [info]  execution (350321547083777) run instruction [aggregate] for node (350320655794182)[39m workflowId=350320655794176
[34m2026-02-26 09:45:30 [debug] config of node                              [39m data={"aggregator":"count","associated":false,"params":{"field":"id","filter":{"$and":[{"defect_rank":{"$eq":"level2"}},{"label":{"$noneOf":["功能屏蔽","已拒绝","建议"]}},{"$or":[{"label":{"$anyOf":["已修复","待合并"]}},{"$and":[{"label":{"$anyOf":["未复现"]}},{"defect_status":{"$eq":"已关闭"}}]}]},{"module":{"$eq":"{{$context.data.module}}"}}]}},"precision":2,"collection":"defects"} workflowId=350320655794176
[34m2026-02-26 09:45:30 [debug] job added to save list: {"result":0,"status":1,"nodeId":350320655794182,"nodeKey":"1fpxh7sjq4k","id":"7233404718316544","createdAt":"2026-02-26T01:45:30.978Z","updatedAt":"2026-02-26T01:45:30.978Z","executionId":350321547083777}[39m workflowId=350320655794176
[32m2026-02-26 09:45:30 [info]  execution (350321547083777) run instruction [aggregate] for node (350320655794182) finished as status: 1[39m workflowId=350320655794176
[34m2026-02-26 09:45:30 [debug] result of node                              [39m 
[34m2026-02-26 09:45:30 [debug] run next node (350320655794183)             [39m 
[32m2026-02-26 09:45:30 [info]  execution (350321547083777) run instruction [aggregate] for node (350320655794183)[39m workflowId=350320655794176
[34m2026-02-26 09:45:30 [debug] config of node                              [39m data={"aggregator":"count","associated":false,"params":{"field":"id","filter":{"$and":[{"defect_rank":{"$eq":"level3"}},{"label":{"$noneOf":["功能屏蔽","已拒绝","建议"]}},{"module":{"$eq":"{{$context.data.module}}"}}]}},"precision":2,"collection":"defects"} workflowId=350320655794176
[34m2026-02-26 09:45:30 [debug] job added to save list: {"result":0,"status":1,"nodeId":350320655794183,"nodeKey":"t5m287ao4ea","id":"7233404730899456","createdAt":"2026-02-26T01:45:30.981Z","updatedAt":"2026-02-26T01:45:30.981Z","executionId":350321547083777}[39m workflowId=350320655794176
[32m2026-02-26 09:45:30 [info]  execution (350321547083777) run instruction [aggregate] for node (350320655794183) finished as status: 1[39m workflowId=350320655794176
[34m2026-02-26 09:45:30 [debug] result of node                              [39m 
[34m2026-02-26 09:45:30 [debug] run next node (350320655794181)             [39m 
[32m2026-02-26 09:45:30 [info]  execution (350321547083777) run instruction [aggregate] for node (350320655794181)[39m workflowId=350320655794176
[34m2026-02-26 09:45:30 [debug] config of node                              [39m data={"aggregator":"count","associated":false,"params":{"field":"id","filter":{"$and":[{"defect_rank":{"$eq":"level3"}},{"label":{"$noneOf":["功能屏蔽","已拒绝","建议"]}},{"$or":[{"label":{"$anyOf":["待合并","已修复"]}},{"$and":[{"label":{"$anyOf":["未复现"]}},{"defect_status":{"$eq":"已关闭"}}]}]},{"module":{"$eq":"{{$context.data.module}}"}}]}},"precision":2,"collection":"defects"} workflowId=350320655794176
[34m2026-02-26 09:45:30 [debug] job added to save list: {"result":0,"status":1,"nodeId":350320655794181,"nodeKey":"je6ex9hwdlz","id":"7233404751870976","createdAt":"2026-02-26T01:45:30.986Z","updatedAt":"2026-02-26T01:45:30.986Z","executionId":350321547083777}[39m workflowId=350320655794176
[32m2026-02-26 09:45:30 [info]  execution (350321547083777) run instruction [aggregate] for node (350320655794181) finished as status: 1[39m workflowId=350320655794176
[34m2026-02-26 09:45:30 [debug] result of node                              [39m 
[34m2026-02-26 09:45:30 [debug] run next node (350320655794184)             [39m 
[32m2026-02-26 09:45:30 [info]  execution (350321547083777) run instruction [update] for node (350320655794184)[39m workflowId=350320655794176
[34m2026-02-26 09:45:30 [debug] config of node                              [39m data={"usingAssignFormSchema":true,"assignFormSchema":{"_isJSONSchemaObject":true,"version":"2.0","name":"z36wx6jbrw9","type":"void","x-component":"Grid","x-initializer":"assignFieldValuesForm:configureFields","properties":{"i1v4kp5ixw1":{"_isJSONSchemaObject":true,"version":"2.0","type":"void","x-component":"Grid.Row","properties":{"m57in1bxqre":{"_isJSONSchemaObject":true,"version":"2.0","type":"void","x-component":"Grid.Col","properties":{"level_1_count":{"_isJSONSchemaObject":true,"version":"2.0","type":"string","name":"level_1_count","x-toolbar":"FormItemSchemaToolbar","x-settings":"fieldSettings:FormItem","x-component":"AssignedField","x-decorator":"FormItem","x-collection-field":"module_summaries.level_1_count"}},"name":"m57in1bxqre"}},"name":"i1v4kp5ixw1"},"28tkyaas4rv":{"_isJSONSchemaObject":true,"version":"2.0","type":"void","x-component":"Grid.Row","properties":{"aubadkxorcs":{"_isJSONSchemaObject":true,"version":"2.0","type":"void","x-component":"Grid.Col","properties":{"level_1_fixed":{"_isJSONSchemaObject":true,"version":"2.0","type":"string","name":"level_1_fixed","x-toolbar":"FormItemSchemaToolbar","x-settings":"fieldSettings:FormItem","x-component":"AssignedField","x-decorator":"FormItem","x-collection-field":"module_summaries.level_1_fixed"}},"name":"aubadkxorcs"}},"name":"28tkyaas4rv"},"87dzfrypjv5":{"_isJSONSchemaObject":true,"version":"2.0","type":"void","x-component":"Grid.Row","properties":{"00u2e0hze8y":{"_isJSONSchemaObject":true,"version":"2.0","type":"void","x-component":"Grid.Col","properties":{"level_2_count":{"_isJSONSchemaObject":true,"version":"2.0","type":"string","name":"level_2_count","x-toolbar":"FormItemSchemaToolbar","x-settings":"fieldSettings:FormItem","x-component":"AssignedField","x-decorator":"FormItem","x-collection-field":"module_summaries.level_2_count"}},"name":"00u2e0hze8y"}},"name":"87dzfrypjv5"},"sr9fb2g83wa":{"_isJSONSchemaObject":true,"version":"2.0","type":"void","x-component":"Grid.Row","properties":{"mctr2nubczg":{"_isJSONSchemaObject":true,"version":"2.0","type":"void","x-component":"Grid.Col","properties":{"level_2_fixed":{"_isJSONSchemaObject":true,"version":"2.0","type":"string","name":"level_2_fixed","x-toolbar":"FormItemSchemaToolbar","x-settings":"fieldSettings:FormItem","x-component":"AssignedField","x-decorator":"FormItem","x-collection-field":"module_summaries.level_2_fixed"}},"name":"mctr2nubczg"}},"name":"sr9fb2g83wa"},"robhdmi5xfc":{"_isJSONSchemaObject":true,"version":"2.0","type":"void","x-component":"Grid.Row","properties":{"d7pyy4ts79k":{"_isJSONSchemaObject":true,"version":"2.0","type":"void","x-component":"Grid.Col","properties":{"level_3_count":{"_isJSONSchemaObject":true,"version":"2.0","type":"string","name":"level_3_count","x-toolbar":"FormItemSchemaToolbar","x-settings":"fieldSettings:FormItem","x-component":"AssignedField","x-decorator":"FormItem","x-collection-field":"module_summaries.level_3_count"}},"name":"d7pyy4ts79k"}},"name":"robhdmi5xfc"},"9ykwa93dd5w":{"_isJSONSchemaObject":true,"version":"2.0","type":"void","x-component":"Grid.Row","properties":{"0nkrxq50w1f":{"_isJSONSchemaObject":true,"version":"2.0","type":"void","x-component":"Grid.Col","properties":{"level_3_fixed":{"_isJSONSchemaObject":true,"version":"2.0","type":"string","name":"level_3_fixed","x-toolbar":"FormItemSchemaToolbar","x-settings":"fieldSettings:FormItem","x-component":"AssignedField","x-decorator":"FormItem","x-collection-field":"module_summaries.level_3_fixed"}},"name":"0nkrxq50w1f"}},"name":"9ykwa93dd5w"},"m2wrz7jm9vz":{"_isJSONSchemaObject":true,"version":"2.0","type":"void","x-component":"Grid.Row","properties":{"hfp2a2oyka1":{"_isJSONSchemaObject":true,"version":"2.0","type":"void","x-component":"Grid.Col","properties":{"level_1_rollback":{"_isJSONSchemaObject":true,"version":"2.0","type":"string","name":"level_1_rollback","x-toolbar":"FormItemSchemaToolbar","x-settings":"fieldSettings:FormItem","x-component":"AssignedField","x-decorator":"FormItem","x-collection-field":"module_summaries.level_1_rollback"}},"name":"hfp2a2oyka1"}},"name":"m2wrz7jm9vz"},"llra5xvheol":{"_isJSONSchemaObject":true,"version":"2.0","type":"void","x-component":"Grid.Row","properties":{"hxtzevu58gt":{"_isJSONSchemaObject":true,"version":"2.0","type":"void","x-component":"Grid.Col","properties":{"level_1_hang":{"_isJSONSchemaObject":true,"version":"2.0","type":"string","name":"level_1_hang","x-toolbar":"FormItemSchemaToolbar","x-settings":"fieldSettings:FormItem","x-component":"AssignedField","x-decorator":"FormItem","x-collection-field":"module_summaries.level_1_hang"}},"name":"hxtzevu58gt"}},"name":"llra5xvheol"},"55xmmpvuyqt":{"_isJSONSchemaObject":true,"version":"2.0","type":"void","x-component":"Grid.Row","properties":{"6khukz0hpsa":{"_isJSONSchemaObject":true,"version":"2.0","type":"void","x-component":"Grid.Col","properties":{"level_1_other":{"_isJSONSchemaObject":true,"version":"2.0","type":"string","name":"level_1_other","x-toolbar":"FormItemSchemaToolbar","x-settings":"fieldSettings:FormItem","x-component":"AssignedField","x-decorator":"FormItem","x-collection-field":"module_summaries.level_1_other"}},"name":"6khukz0hpsa"}},"name":"55xmmpvuyqt"}}},"collection":"module_summaries","params":{"individualHooks":false,"filter":{"$and":[{"id":{"$eq":"{{$context.data.module}}"}}]},"values":{"level_1_count":"{{$jobsMapByNodeKey.h14qw1067vw}}","level_1_fixed":"{{$jobsMapByNodeKey.cvcey3i9obe}}","level_2_count":"{{$jobsMapByNodeKey.52k6055vnrg}}","level_2_fixed":"{{$jobsMapByNodeKey.1fpxh7sjq4k}}","level_3_count":"{{$jobsMapByNodeKey.t5m287ao4ea}}","level_3_fixed":"{{$jobsMapByNodeKey.je6ex9hwdlz}}","level_1_rollback":"{{$jobsMapByNodeKey.9euqanxv5ca}}","level_1_hang":"{{$jobsMapByNodeKey.cjybahnz5qh}}","level_1_other":"{{$jobsMapByNodeKey.4lo6zk22j0o}}"}}} workflowId=350320655794176
[34m2026-02-26 09:45:30 [debug] job added to save list: {"result":1,"status":1,"nodeId":350320655794184,"nodeKey":"iz8nj3ykg09","id":"7233404772842496","createdAt":"2026-02-26T01:45:30.991Z","updatedAt":"2026-02-26T01:45:30.991Z","executionId":350321547083777}[39m workflowId=350320655794176
[32m2026-02-26 09:45:30 [info]  execution (350321547083777) run instruction [update] for node (350320655794184) finished as status: 1[39m workflowId=350320655794176
[34m2026-02-26 09:45:30 [debug] result of node                              [39m data=1
[34m2026-02-26 09:45:30 [debug] branch ended at node (350320655794184)      [39m 
[34m2026-02-26 09:45:30 [debug] not on main, recall to parent entry node (350320655794184)})[39m workflowId=350320655794176
[32m2026-02-26 09:45:30 [info]  execution (350321547083777) resume instruction [parallel] for node (350320655794177)[39m workflowId=350320655794176
[34m2026-02-26 09:45:30 [debug] config of node                              [39m workflowId=350320655794176
[34m2026-02-26 09:45:30 [debug] job added to save list: {"status":1,"result":[1,1],"nodeId":350320655794177,"nodeKey":"chjc97mlb5y","upstreamId":null,"id":"7233404521184256","createdAt":"2026-02-26T01:45:30.931Z","updatedAt":"2026-02-26T01:45:30.954Z","executionId":350321547083777}[39m workflowId=350320655794176
[32m2026-02-26 09:45:30 [info]  execution (350321547083777) run instruction [parallel] for node (350320655794177) finished as status: 1[39m workflowId=350320655794176
[34m2026-02-26 09:45:30 [debug] result of node                              [39m data=[1,1]
[34m2026-02-26 09:45:30 [debug] branch ended at node (350320655794177)      [39m 
[32m2026-02-26 09:45:30 [info]  execution (350321547083777) exiting with status 1[39m workflowId=350320655794176
[32m2026-02-26 09:45:31 [info]  execution (350321547083777) finished with status: 1[39m 
[34m2026-02-26 09:45:31 [debug] execution (350321547083777) details:        [39m execution={"createdAt":"2026-02-26T01:45:30.915Z","id":350321547083777,"updatedAt":"2026-02-26T01:45:30.997Z","key":"gljlkxparob","eventKey":"7d2eae36-8f9d-42c0-871b-e1e7c538f7e4","context":{"data":{"createdAt":"2026-02-26T01:45:30.903Z","updatedAt":"2026-02-26T01:45:30.909Z","defect":"导入大型文件时系统界面挂机","defect_rank":"level1","priority":"P1","id":350321547083776,"f_jmazop48q5l":350321463197696,"createdById":1,"updatedById":1,"defect_classification":"挂机","module":350321459003392,"label":["历史遗留"],"defect_status":"待修复","parent_summary":{"createdAt":"2026-02-26T01:44:50.647Z","updatedAt":"2026-02-26T01:45:10.903Z","owner_id":"nocobase","id":350321463197696,"total_count":null,"tested_count":null,"defect_count":null,"fixed_count":null,"pending_count":null,"loc":null,"kloc":0,"testing_rate":null,"fix_rate":null,"pending_rate":null,"defect_density":null,"total_defect":1,"module_type":"缺陷汇总","createdById":1,"updatedById":1}}},"status":1,"dispatched":true,"stack":null,"output":null,"manually":null,"workflowId":350320655794176}
[32m2026-02-26 09:46:02 [info]  new event triggered, now events: 1          [39m 
[34m2026-02-26 09:46:02 [debug] event data:                                 [39m context={"data":{"createdAt":"2026-02-26T01:46:02.717Z","updatedAt":"2026-02-26T01:46:02.724Z","defect":"图纸显示不全","defect_rank":"level1","priority":"P1","id":350321614192640,"f_jmazop48q5l":350321463197696,"createdById":1,"updatedById":1,"defect_classification":"历史遗留","module":350321459003392,"label":["历史遗留","已修复"],"defect_status":"已修复","parent_summary":{"createdAt":"2026-02-26T01:44:50.647Z","updatedAt":"2026-02-26T01:45:30.935Z","owner_id":"nocobase","id":350321463197696,"total_count":null,"tested_count":null,"defect_count":null,"fixed_count":null,"pending_count":null,"loc":null,"kloc":0,"testing_rate":null,"fix_rate":null,"pending_rate":null,"defect_density":null,"total_defect":2,"module_type":"缺陷汇总","createdById":1,"updatedById":1}}}
[32m2026-02-26 09:46:02 [info]  preparing execution for event               [39m 
[32m2026-02-26 09:46:02 [info]  execution of workflow 350320655794176 created as 350321614192641[39m 
[32m2026-02-26 09:46:02 [info]  local pending list is empty, adding execution (350321614192641) to pending list[39m 
[32m2026-02-26 09:46:02 [info]  pending execution (350321614192641) ready to process[39m 
[32m2026-02-26 09:46:02 [info]  execution (350321614192641) starting...     [39m 
[32m2026-02-26 09:46:02 [info]  execution (350321614192641) run instruction [parallel] for node (350320655794177)[39m workflowId=350320655794176
[34m2026-02-26 09:46:02 [debug] config of node                              [39m workflowId=350320655794176
[34m2026-02-26 09:46:02 [debug] job added to save list: {"status":0,"result":[null,null],"nodeId":350320655794177,"nodeKey":"chjc97mlb5y","upstreamId":null,"id":"7233538055240704","createdAt":"2026-02-26T01:46:02.768Z","updatedAt":"2026-02-26T01:46:02.768Z","executionId":350321614192641}[39m workflowId=350320655794176
[32m2026-02-26 09:46:02 [info]  execution (350321614192641) run instruction [aggregate] for node (350320655794178)[39m workflowId=350320655794176
[34m2026-02-26 09:46:02 [debug] config of node                              [39m data={"aggregator":"count","associated":true,"params":{"field":"id","filter":{"$and":[]}},"precision":2,"collection":"defects","association":{"name":"all_defects","associatedKey":"{{$context.data.parent_summary.id}}","associatedCollection":"collection_quality"}} workflowId=350320655794176
[34m2026-02-26 09:46:02 [debug] job added to save list: {"result":3,"status":1,"nodeId":350320655794178,"nodeKey":"ca6c1jxzwq5","id":"7233538063629312","createdAt":"2026-02-26T01:46:02.770Z","updatedAt":"2026-02-26T01:46:02.770Z","executionId":350321614192641}[39m workflowId=350320655794176
[32m2026-02-26 09:46:02 [info]  execution (350321614192641) run instruction [aggregate] for node (350320655794178) finished as status: 1[39m workflowId=350320655794176
[34m2026-02-26 09:46:02 [debug] result of node                              [39m data=3
[34m2026-02-26 09:46:02 [debug] run next node (350320655794179)             [39m 
[32m2026-02-26 09:46:02 [info]  execution (350321614192641) run instruction [update] for node (350320655794179)[39m workflowId=350320655794176
[34m2026-02-26 09:46:02 [debug] config of node                              [39m data={"usingAssignFormSchema":true,"assignFormSchema":{"_isJSONSchemaObject":true,"version":"2.0","name":"0mby4p7m0ow","type":"void","x-component":"Grid","x-initializer":"assignFieldValuesForm:configureFields","properties":{"2wbpfklshda":{"_isJSONSchemaObject":true,"version":"2.0","type":"void","x-component":"Grid.Row","properties":{"ibquc1d6wnd":{"_isJSONSchemaObject":true,"version":"2.0","type":"void","x-component":"Grid.Col","properties":{"total_defect":{"_isJSONSchemaObject":true,"version":"2.0","type":"string","name":"total_defect","x-toolbar":"FormItemSchemaToolbar","x-settings":"fieldSettings:FormItem","x-component":"AssignedField","x-decorator":"FormItem","x-collection-field":"collection_quality.total_defect"}},"name":"ibquc1d6wnd"}},"name":"2wbpfklshda"}}},"collection":"collection_quality","params":{"individualHooks":false,"filter":{"$and":[{"id":{"$eq":"{{$context.data.parent_summary.id}}"}}]},"values":{"total_defect":"{{$jobsMapByNodeKey.ca6c1jxzwq5}}"}}} workflowId=350320655794176
[34m2026-02-26 09:46:02 [debug] job added to save list: {"result":1,"status":1,"nodeId":350320655794179,"nodeKey":"9mun3sl2wtp","id":"7233538084600832","createdAt":"2026-02-26T01:46:02.775Z","updatedAt":"2026-02-26T01:46:02.775Z","executionId":350321614192641}[39m workflowId=350320655794176
[32m2026-02-26 09:46:02 [info]  execution (350321614192641) run instruction [update] for node (350320655794179) finished as status: 1[39m workflowId=350320655794176
[34m2026-02-26 09:46:02 [debug] result of node                              [39m data=1
[34m2026-02-26 09:46:02 [debug] branch ended at node (350320655794179)      [39m 
[34m2026-02-26 09:46:02 [debug] not on main, recall to parent entry node (350320655794179)})[39m workflowId=350320655794176
[32m2026-02-26 09:46:02 [info]  execution (350321614192641) resume instruction [parallel] for node (350320655794177)[39m workflowId=350320655794176
[34m2026-02-26 09:46:02 [debug] config of node                              [39m workflowId=350320655794176
[34m2026-02-26 09:46:02 [debug] job added to save list: {"status":0,"result":[1,null],"nodeId":350320655794177,"nodeKey":"chjc97mlb5y","upstreamId":null,"id":"7233538055240704","createdAt":"2026-02-26T01:46:02.768Z","updatedAt":"2026-02-26T01:46:02.776Z","executionId":350321614192641}[39m workflowId=350320655794176
[32m2026-02-26 09:46:02 [info]  execution (350321614192641) exiting with status 0[39m workflowId=350320655794176
[32m2026-02-26 09:46:02 [info]  execution (350321614192641) run instruction [aggregate] for node (350320655794180)[39m workflowId=350320655794176
[34m2026-02-26 09:46:02 [debug] config of node                              [39m data={"aggregator":"count","associated":false,"params":{"field":"id","filter":{"$and":[{"defect_rank":{"$eq":"level1"}},{"label":{"$noneOf":["功能屏蔽","已拒绝","建议"]}},{"module":{"$eq":"{{$context.data.module}}"}}]}},"precision":2,"collection":"defects"} workflowId=350320655794176
[34m2026-02-26 09:46:02 [debug] job added to save list: {"result":3,"status":1,"nodeId":350320655794180,"nodeKey":"h14qw1067vw","id":"7233538105572352","createdAt":"2026-02-26T01:46:02.780Z","updatedAt":"2026-02-26T01:46:02.780Z","executionId":350321614192641}[39m workflowId=350320655794176
[32m2026-02-26 09:46:02 [info]  execution (350321614192641) run instruction [aggregate] for node (350320655794180) finished as status: 1[39m workflowId=350320655794176
[34m2026-02-26 09:46:02 [debug] result of node                              [39m data=3
[34m2026-02-26 09:46:02 [debug] run next node (350320655794185)             [39m 
[32m2026-02-26 09:46:02 [info]  execution (350321614192641) run instruction [aggregate] for node (350320655794185)[39m workflowId=350320655794176
[34m2026-02-26 09:46:02 [debug] config of node                              [39m data={"aggregator":"count","associated":false,"params":{"field":"id","filter":{"$and":[{"defect_rank":{"$eq":"level1"}},{"label":{"$noneOf":["功能屏蔽","已拒绝","建议"]}},{"$or":[{"label":{"$anyOf":["已修复","待合并"]}},{"$and":[{"label":{"$anyOf":["未复现"]}},{"defect_status":{"$eq":"已关闭"}}]}]},{"module":{"$eq":"{{$context.data.module}}"}}]}},"precision":2,"collection":"defects"} workflowId=350320655794176
[34m2026-02-26 09:46:02 [debug] job added to save list: {"result":2,"status":1,"nodeId":350320655794185,"nodeKey":"cvcey3i9obe","id":"7233538118155264","createdAt":"2026-02-26T01:46:02.783Z","updatedAt":"2026-02-26T01:46:02.783Z","executionId":350321614192641}[39m workflowId=350320655794176
[32m2026-02-26 09:46:02 [info]  execution (350321614192641) run instruction [aggregate] for node (350320655794185) finished as status: 1[39m workflowId=350320655794176
[34m2026-02-26 09:46:02 [debug] result of node                              [39m data=2
[34m2026-02-26 09:46:02 [debug] run next node (350320655794187)             [39m 
[32m2026-02-26 09:46:02 [info]  execution (350321614192641) run instruction [aggregate] for node (350320655794187)[39m workflowId=350320655794176
[34m2026-02-26 09:46:02 [debug] config of node                              [39m data={"aggregator":"count","associated":false,"params":{"field":"id","filter":{"$and":[{"defect_rank":{"$eq":"level1"}},{"module":{"$eq":"{{$context.data.module}}"}},{"$or":[{"defect":{"$includes":"退"}},{"defect":{"$includes":"回退"}},{"defect":{"$includes":"倒退"}}]}]}},"precision":2,"collection":"defects"} workflowId=350320655794176
[34m2026-02-26 09:46:02 [debug] job added to save list: {"result":1,"status":1,"nodeId":350320655794187,"nodeKey":"9euqanxv5ca","id":"7233538134932480","createdAt":"2026-02-26T01:46:02.787Z","updatedAt":"2026-02-26T01:46:02.787Z","executionId":350321614192641}[39m workflowId=350320655794176
[32m2026-02-26 09:46:02 [info]  execution (350321614192641) run instruction [aggregate] for node (350320655794187) finished as status: 1[39m workflowId=350320655794176
[34m2026-02-26 09:46:02 [debug] result of node                              [39m data=1
[34m2026-02-26 09:46:02 [debug] run next node (350320655794186)             [39m 
[32m2026-02-26 09:46:02 [info]  execution (350321614192641) run instruction [aggregate] for node (350320655794186)[39m workflowId=350320655794176
[34m2026-02-26 09:46:02 [debug] config of node                              [39m data={"aggregator":"count","associated":false,"params":{"field":"id","filter":{"$and":[{"defect_rank":{"$eq":"level1"}},{"module":{"$eq":"{{$context.data.module}}"}},{"$or":[{"defect":{"$includes":"挂机"}}]}]}},"precision":2,"collection":"defects"} workflowId=350320655794176
[34m2026-02-26 09:46:02 [debug] job added to save list: {"result":1,"status":1,"nodeId":350320655794186,"nodeKey":"cjybahnz5qh","id":"7233538143321088","createdAt":"2026-02-26T01:46:02.789Z","updatedAt":"2026-02-26T01:46:02.789Z","executionId":350321614192641}[39m workflowId=350320655794176
[32m2026-02-26 09:46:02 [info]  execution (350321614192641) run instruction [aggregate] for node (350320655794186) finished as status: 1[39m workflowId=350320655794176
[34m2026-02-26 09:46:02 [debug] result of node                              [39m data=1
[34m2026-02-26 09:46:02 [debug] run next node (350320655794189)             [39m 
[32m2026-02-26 09:46:02 [info]  execution (350321614192641) run instruction [aggregate] for node (350320655794189)[39m workflowId=350320655794176
[34m2026-02-26 09:46:02 [debug] config of node                              [39m data={"aggregator":"count","associated":false,"params":{"field":"id","filter":{"$and":[{"defect_rank":{"$eq":"level1"}},{"defect":{"$notIncludes":"退"}},{"defect":{"$notIncludes":"回退"}},{"defect":{"$notIncludes":"倒退"}},{"defect":{"$notIncludes":"挂机"}},{"module":{"$eq":"{{$context.data.module}}"}}]}},"precision":2,"collection":"defects"} workflowId=350320655794176
[34m2026-02-26 09:46:02 [debug] job added to save list: {"result":1,"status":1,"nodeId":350320655794189,"nodeKey":"4lo6zk22j0o","id":"7233538155904000","createdAt":"2026-02-26T01:46:02.792Z","updatedAt":"2026-02-26T01:46:02.792Z","executionId":350321614192641}[39m workflowId=350320655794176
[32m2026-02-26 09:46:02 [info]  execution (350321614192641) run instruction [aggregate] for node (350320655794189) finished as status: 1[39m workflowId=350320655794176
[34m2026-02-26 09:46:02 [debug] result of node                              [39m data=1
[34m2026-02-26 09:46:02 [debug] run next node (350320655794188)             [39m 
[32m2026-02-26 09:46:02 [info]  execution (350321614192641) run instruction [aggregate] for node (350320655794188)[39m workflowId=350320655794176
[34m2026-02-26 09:46:02 [debug] config of node                              [39m data={"aggregator":"count","associated":false,"params":{"field":"id","filter":{"$and":[{"defect_rank":{"$eq":"level2"}},{"label":{"$noneOf":["功能屏蔽","已拒绝","建议"]}},{"module":{"$eq":"{{$context.data.module}}"}}]}},"precision":2,"collection":"defects"} workflowId=350320655794176
[34m2026-02-26 09:46:02 [debug] job added to save list: {"result":0,"status":1,"nodeId":350320655794188,"nodeKey":"52k6055vnrg","id":"7233538168486912","createdAt":"2026-02-26T01:46:02.795Z","updatedAt":"2026-02-26T01:46:02.795Z","executionId":350321614192641}[39m workflowId=350320655794176
[32m2026-02-26 09:46:02 [info]  execution (350321614192641) run instruction [aggregate] for node (350320655794188) finished as status: 1[39m workflowId=350320655794176
[34m2026-02-26 09:46:02 [debug] result of node                              [39m 
[34m2026-02-26 09:46:02 [debug] run next node (350320655794182)             [39m 
[32m2026-02-26 09:46:02 [info]  execution (350321614192641) run instruction [aggregate] for node (350320655794182)[39m workflowId=350320655794176
[34m2026-02-26 09:46:02 [debug] config of node                              [39m data={"aggregator":"count","associated":false,"params":{"field":"id","filter":{"$and":[{"defect_rank":{"$eq":"level2"}},{"label":{"$noneOf":["功能屏蔽","已拒绝","建议"]}},{"$or":[{"label":{"$anyOf":["已修复","待合并"]}},{"$and":[{"label":{"$anyOf":["未复现"]}},{"defect_status":{"$eq":"已关闭"}}]}]},{"module":{"$eq":"{{$context.data.module}}"}}]}},"precision":2,"collection":"defects"} workflowId=350320655794176
[34m2026-02-26 09:46:02 [debug] job added to save list: {"result":0,"status":1,"nodeId":350320655794182,"nodeKey":"1fpxh7sjq4k","id":"7233538181069824","createdAt":"2026-02-26T01:46:02.798Z","updatedAt":"2026-02-26T01:46:02.798Z","executionId":350321614192641}[39m workflowId=350320655794176
[32m2026-02-26 09:46:02 [info]  execution (350321614192641) run instruction [aggregate] for node (350320655794182) finished as status: 1[39m workflowId=350320655794176
[34m2026-02-26 09:46:02 [debug] result of node                              [39m 
[34m2026-02-26 09:46:02 [debug] run next node (350320655794183)             [39m 
[32m2026-02-26 09:46:02 [info]  execution (350321614192641) run instruction [aggregate] for node (350320655794183)[39m workflowId=350320655794176
[34m2026-02-26 09:46:02 [debug] config of node                              [39m data={"aggregator":"count","associated":false,"params":{"field":"id","filter":{"$and":[{"defect_rank":{"$eq":"level3"}},{"label":{"$noneOf":["功能屏蔽","已拒绝","建议"]}},{"module":{"$eq":"{{$context.data.module}}"}}]}},"precision":2,"collection":"defects"} workflowId=350320655794176
[34m2026-02-26 09:46:02 [debug] job added to save list: {"result":0,"status":1,"nodeId":350320655794183,"nodeKey":"t5m287ao4ea","id":"7233538193652736","createdAt":"2026-02-26T01:46:02.801Z","updatedAt":"2026-02-26T01:46:02.801Z","executionId":350321614192641}[39m workflowId=350320655794176
[32m2026-02-26 09:46:02 [info]  execution (350321614192641) run instruction [aggregate] for node (350320655794183) finished as status: 1[39m workflowId=350320655794176
[34m2026-02-26 09:46:02 [debug] result of node                              [39m 
[34m2026-02-26 09:46:02 [debug] run next node (350320655794181)             [39m 
[32m2026-02-26 09:46:02 [info]  execution (350321614192641) run instruction [aggregate] for node (350320655794181)[39m workflowId=350320655794176
[34m2026-02-26 09:46:02 [debug] config of node                              [39m data={"aggregator":"count","associated":false,"params":{"field":"id","filter":{"$and":[{"defect_rank":{"$eq":"level3"}},{"label":{"$noneOf":["功能屏蔽","已拒绝","建议"]}},{"$or":[{"label":{"$anyOf":["待合并","已修复"]}},{"$and":[{"label":{"$anyOf":["未复现"]}},{"defect_status":{"$eq":"已关闭"}}]}]},{"module":{"$eq":"{{$context.data.module}}"}}]}},"precision":2,"collection":"defects"} workflowId=350320655794176
[34m2026-02-26 09:46:02 [debug] job added to save list: {"result":0,"status":1,"nodeId":350320655794181,"nodeKey":"je6ex9hwdlz","id":"7233538206235648","createdAt":"2026-02-26T01:46:02.804Z","updatedAt":"2026-02-26T01:46:02.804Z","executionId":350321614192641}[39m workflowId=350320655794176
[32m2026-02-26 09:46:02 [info]  execution (350321614192641) run instruction [aggregate] for node (350320655794181) finished as status: 1[39m workflowId=350320655794176
[34m2026-02-26 09:46:02 [debug] result of node                              [39m 
[34m2026-02-26 09:46:02 [debug] run next node (350320655794184)             [39m 
[32m2026-02-26 09:46:02 [info]  execution (350321614192641) run instruction [update] for node (350320655794184)[39m workflowId=350320655794176
[34m2026-02-26 09:46:02 [debug] config of node                              [39m data={"usingAssignFormSchema":true,"assignFormSchema":{"_isJSONSchemaObject":true,"version":"2.0","name":"z36wx6jbrw9","type":"void","x-component":"Grid","x-initializer":"assignFieldValuesForm:configureFields","properties":{"i1v4kp5ixw1":{"_isJSONSchemaObject":true,"version":"2.0","type":"void","x-component":"Grid.Row","properties":{"m57in1bxqre":{"_isJSONSchemaObject":true,"version":"2.0","type":"void","x-component":"Grid.Col","properties":{"level_1_count":{"_isJSONSchemaObject":true,"version":"2.0","type":"string","name":"level_1_count","x-toolbar":"FormItemSchemaToolbar","x-settings":"fieldSettings:FormItem","x-component":"AssignedField","x-decorator":"FormItem","x-collection-field":"module_summaries.level_1_count"}},"name":"m57in1bxqre"}},"name":"i1v4kp5ixw1"},"28tkyaas4rv":{"_isJSONSchemaObject":true,"version":"2.0","type":"void","x-component":"Grid.Row","properties":{"aubadkxorcs":{"_isJSONSchemaObject":true,"version":"2.0","type":"void","x-component":"Grid.Col","properties":{"level_1_fixed":{"_isJSONSchemaObject":true,"version":"2.0","type":"string","name":"level_1_fixed","x-toolbar":"FormItemSchemaToolbar","x-settings":"fieldSettings:FormItem","x-component":"AssignedField","x-decorator":"FormItem","x-collection-field":"module_summaries.level_1_fixed"}},"name":"aubadkxorcs"}},"name":"28tkyaas4rv"},"87dzfrypjv5":{"_isJSONSchemaObject":true,"version":"2.0","type":"void","x-component":"Grid.Row","properties":{"00u2e0hze8y":{"_isJSONSchemaObject":true,"version":"2.0","type":"void","x-component":"Grid.Col","properties":{"level_2_count":{"_isJSONSchemaObject":true,"version":"2.0","type":"string","name":"level_2_count","x-toolbar":"FormItemSchemaToolbar","x-settings":"fieldSettings:FormItem","x-component":"AssignedField","x-decorator":"FormItem","x-collection-field":"module_summaries.level_2_count"}},"name":"00u2e0hze8y"}},"name":"87dzfrypjv5"},"sr9fb2g83wa":{"_isJSONSchemaObject":true,"version":"2.0","type":"void","x-component":"Grid.Row","properties":{"mctr2nubczg":{"_isJSONSchemaObject":true,"version":"2.0","type":"void","x-component":"Grid.Col","properties":{"level_2_fixed":{"_isJSONSchemaObject":true,"version":"2.0","type":"string","name":"level_2_fixed","x-toolbar":"FormItemSchemaToolbar","x-settings":"fieldSettings:FormItem","x-component":"AssignedField","x-decorator":"FormItem","x-collection-field":"module_summaries.level_2_fixed"}},"name":"mctr2nubczg"}},"name":"sr9fb2g83wa"},"robhdmi5xfc":{"_isJSONSchemaObject":true,"version":"2.0","type":"void","x-component":"Grid.Row","properties":{"d7pyy4ts79k":{"_isJSONSchemaObject":true,"version":"2.0","type":"void","x-component":"Grid.Col","properties":{"level_3_count":{"_isJSONSchemaObject":true,"version":"2.0","type":"string","name":"level_3_count","x-toolbar":"FormItemSchemaToolbar","x-settings":"fieldSettings:FormItem","x-component":"AssignedField","x-decorator":"FormItem","x-collection-field":"module_summaries.level_3_count"}},"name":"d7pyy4ts79k"}},"name":"robhdmi5xfc"},"9ykwa93dd5w":{"_isJSONSchemaObject":true,"version":"2.0","type":"void","x-component":"Grid.Row","properties":{"0nkrxq50w1f":{"_isJSONSchemaObject":true,"version":"2.0","type":"void","x-component":"Grid.Col","properties":{"level_3_fixed":{"_isJSONSchemaObject":true,"version":"2.0","type":"string","name":"level_3_fixed","x-toolbar":"FormItemSchemaToolbar","x-settings":"fieldSettings:FormItem","x-component":"AssignedField","x-decorator":"FormItem","x-collection-field":"module_summaries.level_3_fixed"}},"name":"0nkrxq50w1f"}},"name":"9ykwa93dd5w"},"m2wrz7jm9vz":{"_isJSONSchemaObject":true,"version":"2.0","type":"void","x-component":"Grid.Row","properties":{"hfp2a2oyka1":{"_isJSONSchemaObject":true,"version":"2.0","type":"void","x-component":"Grid.Col","properties":{"level_1_rollback":{"_isJSONSchemaObject":true,"version":"2.0","type":"string","name":"level_1_rollback","x-toolbar":"FormItemSchemaToolbar","x-settings":"fieldSettings:FormItem","x-component":"AssignedField","x-decorator":"FormItem","x-collection-field":"module_summaries.level_1_rollback"}},"name":"hfp2a2oyka1"}},"name":"m2wrz7jm9vz"},"llra5xvheol":{"_isJSONSchemaObject":true,"version":"2.0","type":"void","x-component":"Grid.Row","properties":{"hxtzevu58gt":{"_isJSONSchemaObject":true,"version":"2.0","type":"void","x-component":"Grid.Col","properties":{"level_1_hang":{"_isJSONSchemaObject":true,"version":"2.0","type":"string","name":"level_1_hang","x-toolbar":"FormItemSchemaToolbar","x-settings":"fieldSettings:FormItem","x-component":"AssignedField","x-decorator":"FormItem","x-collection-field":"module_summaries.level_1_hang"}},"name":"hxtzevu58gt"}},"name":"llra5xvheol"},"55xmmpvuyqt":{"_isJSONSchemaObject":true,"version":"2.0","type":"void","x-component":"Grid.Row","properties":{"6khukz0hpsa":{"_isJSONSchemaObject":true,"version":"2.0","type":"void","x-component":"Grid.Col","properties":{"level_1_other":{"_isJSONSchemaObject":true,"version":"2.0","type":"string","name":"level_1_other","x-toolbar":"FormItemSchemaToolbar","x-settings":"fieldSettings:FormItem","x-component":"AssignedField","x-decorator":"FormItem","x-collection-field":"module_summaries.level_1_other"}},"name":"6khukz0hpsa"}},"name":"55xmmpvuyqt"}}},"collection":"module_summaries","params":{"individualHooks":false,"filter":{"$and":[{"id":{"$eq":"{{$context.data.module}}"}}]},"values":{"level_1_count":"{{$jobsMapByNodeKey.h14qw1067vw}}","level_1_fixed":"{{$jobsMapByNodeKey.cvcey3i9obe}}","level_2_count":"{{$jobsMapByNodeKey.52k6055vnrg}}","level_2_fixed":"{{$jobsMapByNodeKey.1fpxh7sjq4k}}","level_3_count":"{{$jobsMapByNodeKey.t5m287ao4ea}}","level_3_fixed":"{{$jobsMapByNodeKey.je6ex9hwdlz}}","level_1_rollback":"{{$jobsMapByNodeKey.9euqanxv5ca}}","level_1_hang":"{{$jobsMapByNodeKey.cjybahnz5qh}}","level_1_other":"{{$jobsMapByNodeKey.4lo6zk22j0o}}"}}} workflowId=350320655794176
[34m2026-02-26 09:46:02 [debug] job added to save list: {"result":1,"status":1,"nodeId":350320655794184,"nodeKey":"iz8nj3ykg09","id":"7233538223012864","createdAt":"2026-02-26T01:46:02.808Z","updatedAt":"2026-02-26T01:46:02.808Z","executionId":350321614192641}[39m workflowId=350320655794176
[32m2026-02-26 09:46:02 [info]  execution (350321614192641) run instruction [update] for node (350320655794184) finished as status: 1[39m workflowId=350320655794176
[34m2026-02-26 09:46:02 [debug] result of node                              [39m data=1
[34m2026-02-26 09:46:02 [debug] branch ended at node (350320655794184)      [39m 
[34m2026-02-26 09:46:02 [debug] not on main, recall to parent entry node (350320655794184)})[39m workflowId=350320655794176
[32m2026-02-26 09:46:02 [info]  execution (350321614192641) resume instruction [parallel] for node (350320655794177)[39m workflowId=350320655794176
[34m2026-02-26 09:46:02 [debug] config of node                              [39m workflowId=350320655794176
[34m2026-02-26 09:46:02 [debug] job added to save list: {"status":1,"result":[1,1],"nodeId":350320655794177,"nodeKey":"chjc97mlb5y","upstreamId":null,"id":"7233538055240704","createdAt":"2026-02-26T01:46:02.768Z","updatedAt":"2026-02-26T01:46:02.776Z","executionId":350321614192641}[39m workflowId=350320655794176
[32m2026-02-26 09:46:02 [info]  execution (350321614192641) run instruction [parallel] for node (350320655794177) finished as status: 1[39m workflowId=350320655794176
[34m2026-02-26 09:46:02 [debug] result of node                              [39m data=[1,1]
[34m2026-02-26 09:46:02 [debug] branch ended at node (350320655794177)      [39m 
[32m2026-02-26 09:46:02 [info]  execution (350321614192641) exiting with status 1[39m workflowId=350320655794176
[32m2026-02-26 09:46:02 [info]  execution (350321614192641) finished with status: 1[39m 
[34m2026-02-26 09:46:02 [debug] execution (350321614192641) details:        [39m execution={"createdAt":"2026-02-26T01:46:02.731Z","id":350321614192641,"updatedAt":"2026-02-26T01:46:02.814Z","key":"gljlkxparob","eventKey":"631c10c2-3e3c-4bea-871b-e61849bedc62","context":{"data":{"createdAt":"2026-02-26T01:46:02.717Z","updatedAt":"2026-02-26T01:46:02.724Z","defect":"图纸显示不全","defect_rank":"level1","priority":"P1","id":350321614192640,"f_jmazop48q5l":350321463197696,"createdById":1,"updatedById":1,"defect_classification":"历史遗留","module":350321459003392,"label":["历史遗留","已修复"],"defect_status":"已修复","parent_summary":{"createdAt":"2026-02-26T01:44:50.647Z","updatedAt":"2026-02-26T01:45:30.935Z","owner_id":"nocobase","id":350321463197696,"total_count":null,"tested_count":null,"defect_count":null,"fixed_count":null,"pending_count":null,"loc":null,"kloc":0,"testing_rate":null,"fix_rate":null,"pending_rate":null,"defect_density":null,"total_defect":2,"module_type":"缺陷汇总","createdById":1,"updatedById":1}}},"status":1,"dispatched":true,"stack":null,"output":null,"manually":null,"workflowId":350320655794176}
[32m2026-02-26 10:08:09 [info]  toggle OFF workflow 350320655794176         [39m workflowId=350320655794176
[32m2026-02-26 10:08:09 [info]  toggle OFF workflow 350320655794176         [39m workflowId=350320655794176
