[32m2026-02-27 10:56:46 [info]  toggle ON workflow 350511677636608          [39m workflowId=350511677636608
[32m2026-02-27 10:57:24 [info]  new event triggered, now events: 1          [39m 
[34m2026-02-27 10:57:24 [debug] event data:                                 [39m context={"data":{"createdAt":"2026-02-27T02:57:24.759Z","updatedAt":"2026-02-27T02:57:24.763Z","defect_classification":"其他","defect":"图纸显示不全","defect_rank":"level1","priority":"P1","id":350511786688512,"defect_status":"已关闭","module":null,"f_jmazop48q5l":350511744745472,"label":["已修复"],"createdById":1,"updatedById":1,"parent_summary":{"createdAt":"2026-02-27T02:57:04.891Z","updatedAt":"2026-02-27T02:57:04.895Z","owner_id":"nocobase","id":350511744745472,"total_count":null,"tested_count":null,"defect_count":null,"fixed_count":null,"pending_count":null,"loc":null,"kloc":0,"testing_rate":null,"fix_rate":null,"pending_rate":null,"defect_density":null,"total_defect":null,"module_type":"缺陷汇总","createdById":1,"updatedById":1}}}
[32m2026-02-27 10:57:24 [info]  preparing execution for event               [39m 
[32m2026-02-27 10:57:24 [info]  execution of workflow 350511677636608 created as 350511786688513[39m 
[32m2026-02-27 10:57:24 [info]  local pending list is empty, adding execution (350511786688513) to pending list[39m 
[32m2026-02-27 10:57:24 [info]  pending execution (350511786688513) ready to process[39m 
[32m2026-02-27 10:57:24 [info]  execution (350511786688513) starting...     [39m 
[32m2026-02-27 10:57:24 [info]  execution (350511786688513) run instruction [parallel] for node (350511677636612)[39m workflowId=350511677636608
[34m2026-02-27 10:57:24 [debug] config of node                              [39m workflowId=350511677636608
[34m2026-02-27 10:57:24 [debug] job added to save list: {"status":0,"result":[null,null],"nodeId":350511677636612,"nodeKey":"chjc97mlb5y","upstreamId":null,"id":"7613886052193280","createdAt":"2026-02-27T02:57:24.797Z","updatedAt":"2026-02-27T02:57:24.797Z","executionId":350511786688513}[39m workflowId=350511677636608
[32m2026-02-27 10:57:24 [info]  execution (350511786688513) run instruction [aggregate] for node (350511677636616)[39m workflowId=350511677636608
[34m2026-02-27 10:57:24 [debug] config of node                              [39m data={"aggregator":"count","associated":true,"params":{"field":"id","filter":{"$and":[]}},"precision":2,"collection":"defects","association":{"name":"all_defects","associatedKey":"{{$context.data.parent_summary.id}}","associatedCollection":"collection_quality"}} workflowId=350511677636608
[34m2026-02-27 10:57:24 [debug] job added to save list: {"result":1,"status":1,"nodeId":350511677636616,"nodeKey":"ca6c1jxzwq5","id":"7613886060581888","createdAt":"2026-02-27T02:57:24.799Z","updatedAt":"2026-02-27T02:57:24.799Z","executionId":350511786688513}[39m workflowId=350511677636608
[32m2026-02-27 10:57:24 [info]  execution (350511786688513) run instruction [aggregate] for node (350511677636616) finished as status: 1[39m workflowId=350511677636608
[34m2026-02-27 10:57:24 [debug] result of node                              [39m data=1
[34m2026-02-27 10:57:24 [debug] run next node (350511677636609)             [39m 
[32m2026-02-27 10:57:24 [info]  execution (350511786688513) run instruction [update] for node (350511677636609)[39m workflowId=350511677636608
[34m2026-02-27 10:57:24 [debug] config of node                              [39m data={"usingAssignFormSchema":true,"assignFormSchema":{"_isJSONSchemaObject":true,"version":"2.0","name":"0mby4p7m0ow","type":"void","x-component":"Grid","x-initializer":"assignFieldValuesForm:configureFields","properties":{"2wbpfklshda":{"_isJSONSchemaObject":true,"version":"2.0","type":"void","x-component":"Grid.Row","properties":{"ibquc1d6wnd":{"_isJSONSchemaObject":true,"version":"2.0","type":"void","x-component":"Grid.Col","properties":{"total_defect":{"_isJSONSchemaObject":true,"version":"2.0","type":"string","name":"total_defect","x-toolbar":"FormItemSchemaToolbar","x-settings":"fieldSettings:FormItem","x-component":"AssignedField","x-decorator":"FormItem","x-collection-field":"collection_quality.total_defect"}},"name":"ibquc1d6wnd"}},"name":"2wbpfklshda"}}},"collection":"collection_quality","params":{"individualHooks":false,"filter":{"$and":[{"id":{"$eq":"{{$context.data.parent_summary.id}}"}}]},"values":{"total_defect":"{{$jobsMapByNodeKey.ca6c1jxzwq5}}"}}} workflowId=350511677636608
[34m2026-02-27 10:57:24 [debug] job added to save list: {"result":1,"status":1,"nodeId":350511677636609,"nodeKey":"9mun3sl2wtp","id":"7613886115107840","createdAt":"2026-02-27T02:57:24.812Z","updatedAt":"2026-02-27T02:57:24.812Z","executionId":350511786688513}[39m workflowId=350511677636608
[32m2026-02-27 10:57:24 [info]  execution (350511786688513) run instruction [update] for node (350511677636609) finished as status: 1[39m workflowId=350511677636608
[34m2026-02-27 10:57:24 [debug] result of node                              [39m data=1
[34m2026-02-27 10:57:24 [debug] branch ended at node (350511677636609)      [39m 
[34m2026-02-27 10:57:24 [debug] not on main, recall to parent entry node (350511677636609)})[39m workflowId=350511677636608
[32m2026-02-27 10:57:24 [info]  execution (350511786688513) resume instruction [parallel] for node (350511677636612)[39m workflowId=350511677636608
[34m2026-02-27 10:57:24 [debug] config of node                              [39m workflowId=350511677636608
[34m2026-02-27 10:57:24 [debug] job added to save list: {"status":0,"result":[1,null],"nodeId":350511677636612,"nodeKey":"chjc97mlb5y","upstreamId":null,"id":"7613886052193280","createdAt":"2026-02-27T02:57:24.797Z","updatedAt":"2026-02-27T02:57:24.814Z","executionId":350511786688513}[39m workflowId=350511677636608
[32m2026-02-27 10:57:24 [info]  execution (350511786688513) exiting with status 0[39m workflowId=350511677636608
[32m2026-02-27 10:57:24 [info]  execution (350511786688513) run instruction [aggregate] for node (350511677636617)[39m workflowId=350511677636608
[34m2026-02-27 10:57:24 [debug] config of node                              [39m data={"aggregator":"count","associated":false,"params":{"field":"id","filter":{"$and":[{"defect_rank":{"$eq":"level1"}},{"label":{"$noneOf":["功能屏蔽","已拒绝","建议"]}},{"module":{"$eq":"{{$context.data.module}}"}},{"$or":[{"defect_status":{"$ne":"已关闭"}},{"label":{"$noneOf":["申请否决","数据异常","设计如此"]}}]}]}},"precision":2,"collection":"defects"} workflowId=350511677636608
[34m2026-02-27 10:57:24 [debug] job added to save list: {"result":1,"status":1,"nodeId":350511677636617,"nodeKey":"h14qw1067vw","id":"7613886148662272","createdAt":"2026-02-27T02:57:24.820Z","updatedAt":"2026-02-27T02:57:24.820Z","executionId":350511786688513}[39m workflowId=350511677636608
[32m2026-02-27 10:57:24 [info]  execution (350511786688513) run instruction [aggregate] for node (350511677636617) finished as status: 1[39m workflowId=350511677636608
[34m2026-02-27 10:57:24 [debug] result of node                              [39m data=1
[34m2026-02-27 10:57:24 [debug] run next node (350511677636614)             [39m 
[32m2026-02-27 10:57:24 [info]  execution (350511786688513) run instruction [aggregate] for node (350511677636614)[39m workflowId=350511677636608
[34m2026-02-27 10:57:24 [debug] config of node                              [39m data={"aggregator":"count","associated":false,"params":{"field":"id","filter":{"$and":[{"defect_rank":{"$eq":"level1"}},{"label":{"$noneOf":["功能屏蔽","已拒绝","建议"]}},{"$or":[{"label":{"$anyOf":["已修复","待合并"]}},{"$and":[{"label":{"$anyOf":["未复现"]}},{"defect_status":{"$eq":"已关闭"}}]}]},{"module":{"$eq":"{{$context.data.module}}"}},{"$or":[{"defect_status":{"$ne":"已关闭"}},{"label":{"$noneOf":["申请否决","数据异常","设计如此"]}}]}]}},"precision":2,"collection":"defects"} workflowId=350511677636608
[34m2026-02-27 10:57:24 [debug] job added to save list: {"result":1,"status":1,"nodeId":350511677636614,"nodeKey":"cvcey3i9obe","id":"7613886169633792","createdAt":"2026-02-27T02:57:24.825Z","updatedAt":"2026-02-27T02:57:24.825Z","executionId":350511786688513}[39m workflowId=350511677636608
[32m2026-02-27 10:57:24 [info]  execution (350511786688513) run instruction [aggregate] for node (350511677636614) finished as status: 1[39m workflowId=350511677636608
[34m2026-02-27 10:57:24 [debug] result of node                              [39m data=1
[34m2026-02-27 10:57:24 [debug] run next node (350511677636610)             [39m 
[32m2026-02-27 10:57:24 [info]  execution (350511786688513) run instruction [aggregate] for node (350511677636610)[39m workflowId=350511677636608
[34m2026-02-27 10:57:24 [debug] config of node                              [39m data={"aggregator":"count","associated":false,"params":{"field":"id","filter":{"$and":[{"defect_rank":{"$eq":"level1"}},{"module":{"$eq":"{{$context.data.module}}"}},{"$or":[{"defect":{"$includes":"退"}},{"defect":{"$includes":"回退"}},{"defect":{"$includes":"倒退"}}]}]}},"precision":2,"collection":"defects"} workflowId=350511677636608
[34m2026-02-27 10:57:24 [debug] job added to save list: {"result":0,"status":1,"nodeId":350511677636610,"nodeKey":"9euqanxv5ca","id":"7613886190605312","createdAt":"2026-02-27T02:57:24.830Z","updatedAt":"2026-02-27T02:57:24.830Z","executionId":350511786688513}[39m workflowId=350511677636608
[32m2026-02-27 10:57:24 [info]  execution (350511786688513) run instruction [aggregate] for node (350511677636610) finished as status: 1[39m workflowId=350511677636608
[34m2026-02-27 10:57:24 [debug] result of node                              [39m 
[34m2026-02-27 10:57:24 [debug] run next node (350511677636611)             [39m 
[32m2026-02-27 10:57:24 [info]  execution (350511786688513) run instruction [aggregate] for node (350511677636611)[39m workflowId=350511677636608
[34m2026-02-27 10:57:24 [debug] config of node                              [39m data={"aggregator":"count","associated":false,"params":{"field":"id","filter":{"$and":[{"defect_rank":{"$eq":"level1"}},{"module":{"$eq":"{{$context.data.module}}"}},{"$or":[{"defect":{"$includes":"挂机"}}]}]}},"precision":2,"collection":"defects"} workflowId=350511677636608
[34m2026-02-27 10:57:24 [debug] job added to save list: {"result":0,"status":1,"nodeId":350511677636611,"nodeKey":"cjybahnz5qh","id":"7613886198993920","createdAt":"2026-02-27T02:57:24.832Z","updatedAt":"2026-02-27T02:57:24.832Z","executionId":350511786688513}[39m workflowId=350511677636608
[32m2026-02-27 10:57:24 [info]  execution (350511786688513) run instruction [aggregate] for node (350511677636611) finished as status: 1[39m workflowId=350511677636608
[34m2026-02-27 10:57:24 [debug] result of node                              [39m 
[34m2026-02-27 10:57:24 [debug] run next node (350511677636613)             [39m 
[32m2026-02-27 10:57:24 [info]  execution (350511786688513) run instruction [aggregate] for node (350511677636613)[39m workflowId=350511677636608
[34m2026-02-27 10:57:24 [debug] config of node                              [39m data={"aggregator":"count","associated":false,"params":{"field":"id","filter":{"$and":[{"defect_rank":{"$eq":"level1"}},{"defect":{"$notIncludes":"退"}},{"defect":{"$notIncludes":"回退"}},{"defect":{"$notIncludes":"倒退"}},{"defect":{"$notIncludes":"挂机"}},{"module":{"$eq":"{{$context.data.module}}"}}]}},"precision":2,"collection":"defects"} workflowId=350511677636608
[34m2026-02-27 10:57:24 [debug] job added to save list: {"result":1,"status":1,"nodeId":350511677636613,"nodeKey":"4lo6zk22j0o","id":"7613886211576832","createdAt":"2026-02-27T02:57:24.835Z","updatedAt":"2026-02-27T02:57:24.835Z","executionId":350511786688513}[39m workflowId=350511677636608
[32m2026-02-27 10:57:24 [info]  execution (350511786688513) run instruction [aggregate] for node (350511677636613) finished as status: 1[39m workflowId=350511677636608
[34m2026-02-27 10:57:24 [debug] result of node                              [39m data=1
[34m2026-02-27 10:57:24 [debug] run next node (350511677636615)             [39m 
[32m2026-02-27 10:57:24 [info]  execution (350511786688513) run instruction [update] for node (350511677636615)[39m workflowId=350511677636608
[34m2026-02-27 10:57:24 [debug] config of node                              [39m data={"usingAssignFormSchema":true,"assignFormSchema":{"_isJSONSchemaObject":true,"version":"2.0","name":"z36wx6jbrw9","type":"void","x-component":"Grid","x-initializer":"assignFieldValuesForm:configureFields","properties":{"i1v4kp5ixw1":{"_isJSONSchemaObject":true,"version":"2.0","type":"void","x-component":"Grid.Row","properties":{"m57in1bxqre":{"_isJSONSchemaObject":true,"version":"2.0","type":"void","x-component":"Grid.Col","properties":{"level_1_count":{"_isJSONSchemaObject":true,"version":"2.0","type":"string","name":"level_1_count","x-toolbar":"FormItemSchemaToolbar","x-settings":"fieldSettings:FormItem","x-component":"AssignedField","x-decorator":"FormItem","x-collection-field":"module_summaries.level_1_count"}},"name":"m57in1bxqre"}},"name":"i1v4kp5ixw1"},"28tkyaas4rv":{"_isJSONSchemaObject":true,"version":"2.0","type":"void","x-component":"Grid.Row","properties":{"aubadkxorcs":{"_isJSONSchemaObject":true,"version":"2.0","type":"void","x-component":"Grid.Col","properties":{"level_1_fixed":{"_isJSONSchemaObject":true,"version":"2.0","type":"string","name":"level_1_fixed","x-toolbar":"FormItemSchemaToolbar","x-settings":"fieldSettings:FormItem","x-component":"AssignedField","x-decorator":"FormItem","x-collection-field":"module_summaries.level_1_fixed"}},"name":"aubadkxorcs"}},"name":"28tkyaas4rv"},"fu8kv0w5z47":{"_isJSONSchemaObject":true,"version":"2.0","type":"void","x-component":"Grid.Row","properties":{"1x2em2n84pv":{"_isJSONSchemaObject":true,"version":"2.0","type":"void","x-component":"Grid.Col","properties":{"level_1_rollback":{"_isJSONSchemaObject":true,"version":"2.0","type":"string","name":"level_1_rollback","x-toolbar":"FormItemSchemaToolbar","x-settings":"fieldSettings:FormItem","x-component":"AssignedField","x-decorator":"FormItem","x-collection-field":"module_summaries.level_1_rollback"}},"name":"1x2em2n84pv"}},"name":"fu8kv0w5z47"},"fn94zey6970":{"_isJSONSchemaObject":true,"version":"2.0","type":"void","x-component":"Grid.Row","properties":{"tau5pd0qijj":{"_isJSONSchemaObject":true,"version":"2.0","type":"void","x-component":"Grid.Col","properties":{"level_1_hang":{"_isJSONSchemaObject":true,"version":"2.0","type":"string","name":"level_1_hang","x-toolbar":"FormItemSchemaToolbar","x-settings":"fieldSettings:FormItem","x-component":"AssignedField","x-decorator":"FormItem","x-collection-field":"module_summaries.level_1_hang"}},"name":"tau5pd0qijj"}},"name":"fn94zey6970"},"55otefoyoa5":{"_isJSONSchemaObject":true,"version":"2.0","type":"void","x-component":"Grid.Row","properties":{"zk7n0j78ve2":{"_isJSONSchemaObject":true,"version":"2.0","type":"void","x-component":"Grid.Col","properties":{"level_1_other":{"_isJSONSchemaObject":true,"version":"2.0","type":"string","name":"level_1_other","x-toolbar":"FormItemSchemaToolbar","x-settings":"fieldSettings:FormItem","x-component":"AssignedField","x-decorator":"FormItem","x-collection-field":"module_summaries.level_1_other"}},"name":"zk7n0j78ve2"}},"name":"55otefoyoa5"}}},"collection":"module_summaries","params":{"individualHooks":false,"filter":{"$and":[{"id":{"$eq":"{{$context.data.module}}"}}]},"values":{"level_1_count":"{{$jobsMapByNodeKey.h14qw1067vw}}","level_1_fixed":"{{$jobsMapByNodeKey.cvcey3i9obe}}","level_1_rollback":"{{$jobsMapByNodeKey.9euqanxv5ca}}","level_1_hang":"{{$jobsMapByNodeKey.cjybahnz5qh}}","level_1_other":"{{$jobsMapByNodeKey.4lo6zk22j0o}}"}}} workflowId=350511677636608
[34m2026-02-27 10:57:24 [debug] job added to save list: {"result":0,"status":1,"nodeId":350511677636615,"nodeKey":"iz8nj3ykg09","id":"7613886232548352","createdAt":"2026-02-27T02:57:24.840Z","updatedAt":"2026-02-27T02:57:24.840Z","executionId":350511786688513}[39m workflowId=350511677636608
[32m2026-02-27 10:57:24 [info]  execution (350511786688513) run instruction [update] for node (350511677636615) finished as status: 1[39m workflowId=350511677636608
[34m2026-02-27 10:57:24 [debug] result of node                              [39m 
[34m2026-02-27 10:57:24 [debug] branch ended at node (350511677636615)      [39m 
[34m2026-02-27 10:57:24 [debug] not on main, recall to parent entry node (350511677636615)})[39m workflowId=350511677636608
[32m2026-02-27 10:57:24 [info]  execution (350511786688513) resume instruction [parallel] for node (350511677636612)[39m workflowId=350511677636608
[34m2026-02-27 10:57:24 [debug] config of node                              [39m workflowId=350511677636608
[34m2026-02-27 10:57:24 [debug] job added to save list: {"status":1,"result":[1,1],"nodeId":350511677636612,"nodeKey":"chjc97mlb5y","upstreamId":null,"id":"7613886052193280","createdAt":"2026-02-27T02:57:24.797Z","updatedAt":"2026-02-27T02:57:24.814Z","executionId":350511786688513}[39m workflowId=350511677636608
[32m2026-02-27 10:57:24 [info]  execution (350511786688513) run instruction [parallel] for node (350511677636612) finished as status: 1[39m workflowId=350511677636608
[34m2026-02-27 10:57:24 [debug] result of node                              [39m data=[1,1]
[34m2026-02-27 10:57:24 [debug] branch ended at node (350511677636612)      [39m 
[32m2026-02-27 10:57:24 [info]  execution (350511786688513) exiting with status 1[39m workflowId=350511677636608
[32m2026-02-27 10:57:24 [info]  execution (350511786688513) finished with status: 1[39m 
[34m2026-02-27 10:57:24 [debug] execution (350511786688513) details:        [39m execution={"createdAt":"2026-02-27T02:57:24.777Z","id":350511786688513,"updatedAt":"2026-02-27T02:57:24.847Z","key":"f3xyuzoxb0b","eventKey":"15ec1590-27d1-4c9c-a965-27d4f204560d","context":{"data":{"createdAt":"2026-02-27T02:57:24.759Z","updatedAt":"2026-02-27T02:57:24.763Z","defect_classification":"其他","defect":"图纸显示不全","defect_rank":"level1","priority":"P1","id":350511786688512,"defect_status":"已关闭","module":null,"f_jmazop48q5l":350511744745472,"label":["已修复"],"createdById":1,"updatedById":1,"parent_summary":{"createdAt":"2026-02-27T02:57:04.891Z","updatedAt":"2026-02-27T02:57:04.895Z","owner_id":"nocobase","id":350511744745472,"total_count":null,"tested_count":null,"defect_count":null,"fixed_count":null,"pending_count":null,"loc":null,"kloc":0,"testing_rate":null,"fix_rate":null,"pending_rate":null,"defect_density":null,"total_defect":null,"module_type":"缺陷汇总","createdById":1,"updatedById":1}}},"status":1,"dispatched":true,"stack":null,"output":null,"manually":null,"workflowId":350511677636608}
[32m2026-02-27 11:06:17 [info]  toggle OFF workflow 350511677636608         [39m workflowId=350511677636608
[32m2026-02-27 11:06:17 [info]  toggle OFF workflow 350511677636608         [39m workflowId=350511677636608
