[32m2026-02-27 11:23:38 [info]  toggle ON workflow 350514567512064          [39m workflowId=350514567512064
[32m2026-02-27 11:24:19 [info]  new event triggered, now events: 1          [39m 
[34m2026-02-27 11:24:19 [debug] event data:                                 [39m context={"data":{"createdAt":"2026-02-27T03:24:19.588Z","updatedAt":"2026-02-27T03:24:19.590Z","defect_classification":"зљСйАА","defect":"еЫЊзЇЄжШЊз§ЇдЄНеЕ®","defect_rank":"level1","priority":"P1","id":350515173588992,"defect_status":"еЊЕдњЃе§Н","module":null,"f_jmazop48q5l":350515125354496,"label":["еїґжЬЯ"],"createdById":1,"updatedById":1,"parent_summary":{"createdAt":"2026-02-27T03:23:56.388Z","updatedAt":"2026-02-27T03:23:56.390Z","owner_id":"nocobase","id":350515125354496,"total_count":null,"tested_count":null,"defect_count":null,"fixed_count":null,"pending_count":null,"loc":null,"kloc":0,"testing_rate":null,"fix_rate":null,"pending_rate":null,"defect_density":null,"total_defect":null,"module_type":"зЉЇйЩЈж±ЗжАї","createdById":1,"updatedById":1}}}
[32m2026-02-27 11:24:19 [info]  preparing execution for event               [39m 
[32m2026-02-27 11:24:19 [info]  execution of workflow 350514567512064 created as 350515173588993[39m 
[32m2026-02-27 11:24:19 [info]  local pending list is empty, adding execution (350515173588993) to pending list[39m 
[32m2026-02-27 11:24:19 [info]  pending execution (350515173588993) ready to process[39m 
[32m2026-02-27 11:24:19 [info]  execution (350515173588993) starting...     [39m 
[32m2026-02-27 11:24:19 [info]  execution (350515173588993) run instruction [parallel] for node (350514567512065)[39m workflowId=350514567512064
[34m2026-02-27 11:24:19 [debug] config of node                              [39m workflowId=350514567512064
[34m2026-02-27 11:24:19 [debug] job added to save list: {"status":0,"result":[null,null],"nodeId":350514567512065,"nodeKey":"chjc97mlb5y","upstreamId":null,"id":"7620659093984256","createdAt":"2026-02-27T03:24:19.616Z","updatedAt":"2026-02-27T03:24:19.616Z","executionId":350515173588993}[39m workflowId=350514567512064
[32m2026-02-27 11:24:19 [info]  execution (350515173588993) run instruction [aggregate] for node (350514567512072)[39m workflowId=350514567512064
[34m2026-02-27 11:24:19 [debug] config of node                              [39m data={"aggregator":"count","associated":true,"params":{"field":"id","filter":{"$and":[]}},"precision":2,"collection":"defects","association":{"name":"all_defects","associatedKey":"{{$context.data.parent_summary.id}}","associatedCollection":"collection_quality"}} workflowId=350514567512064
[34m2026-02-27 11:24:19 [debug] job added to save list: {"result":1,"status":1,"nodeId":350514567512072,"nodeKey":"ca6c1jxzwq5","id":"7620659102372864","createdAt":"2026-02-27T03:24:19.618Z","updatedAt":"2026-02-27T03:24:19.618Z","executionId":350515173588993}[39m workflowId=350514567512064
[32m2026-02-27 11:24:19 [info]  execution (350515173588993) run instruction [aggregate] for node (350514567512072) finished as status: 1[39m workflowId=350514567512064
[34m2026-02-27 11:24:19 [debug] result of node                              [39m data=1
[34m2026-02-27 11:24:19 [debug] run next node (350514567512066)             [39m 
[32m2026-02-27 11:24:19 [info]  execution (350515173588993) run instruction [update] for node (350514567512066)[39m workflowId=350514567512064
[34m2026-02-27 11:24:19 [debug] config of node                              [39m data={"usingAssignFormSchema":true,"assignFormSchema":{"_isJSONSchemaObject":true,"version":"2.0","name":"0mby4p7m0ow","type":"void","x-component":"Grid","x-initializer":"assignFieldValuesForm:configureFields","properties":{"2wbpfklshda":{"_isJSONSchemaObject":true,"version":"2.0","type":"void","x-component":"Grid.Row","properties":{"ibquc1d6wnd":{"_isJSONSchemaObject":true,"version":"2.0","type":"void","x-component":"Grid.Col","properties":{"total_defect":{"_isJSONSchemaObject":true,"version":"2.0","type":"string","name":"total_defect","x-toolbar":"FormItemSchemaToolbar","x-settings":"fieldSettings:FormItem","x-component":"AssignedField","x-decorator":"FormItem","x-collection-field":"collection_quality.total_defect"}},"name":"ibquc1d6wnd"}},"name":"2wbpfklshda"}}},"collection":"collection_quality","params":{"individualHooks":false,"filter":{"$and":[{"id":{"$eq":"{{$context.data.parent_summary.id}}"}}]},"values":{"total_defect":"{{$jobsMapByNodeKey.ca6c1jxzwq5}}"}}} workflowId=350514567512064
[34m2026-02-27 11:24:19 [debug] job added to save list: {"result":1,"status":1,"nodeId":350514567512066,"nodeKey":"9mun3sl2wtp","id":"7620659194647552","createdAt":"2026-02-27T03:24:19.640Z","updatedAt":"2026-02-27T03:24:19.640Z","executionId":350515173588993}[39m workflowId=350514567512064
[32m2026-02-27 11:24:19 [info]  execution (350515173588993) run instruction [update] for node (350514567512066) finished as status: 1[39m workflowId=350514567512064
[34m2026-02-27 11:24:19 [debug] result of node                              [39m data=1
[34m2026-02-27 11:24:19 [debug] branch ended at node (350514567512066)      [39m 
[34m2026-02-27 11:24:19 [debug] not on main, recall to parent entry node (350514567512066)})[39m workflowId=350514567512064
[32m2026-02-27 11:24:19 [info]  execution (350515173588993) resume instruction [parallel] for node (350514567512065)[39m workflowId=350514567512064
[34m2026-02-27 11:24:19 [debug] config of node                              [39m workflowId=350514567512064
[34m2026-02-27 11:24:19 [debug] job added to save list: {"status":0,"result":[1,null],"nodeId":350514567512065,"nodeKey":"chjc97mlb5y","upstreamId":null,"id":"7620659093984256","createdAt":"2026-02-27T03:24:19.616Z","updatedAt":"2026-02-27T03:24:19.643Z","executionId":350515173588993}[39m workflowId=350514567512064
[32m2026-02-27 11:24:19 [info]  execution (350515173588993) exiting with status 0[39m workflowId=350514567512064
[32m2026-02-27 11:24:19 [info]  execution (350515173588993) run instruction [loop] for node (350514567512074)[39m workflowId=350514567512064
[34m2026-02-27 11:24:19 [debug] config of node                              [39m data={"target":"{{$context.data.module}}","condition":false,"exit":0} workflowId=350514567512064
[34m2026-02-27 11:24:19 [debug] job added to save list: {"status":1,"result":{"looped":0,"done":0},"nodeId":350514567512074,"nodeKey":"v7j8pc0drfl","id":"7620659224007680","createdAt":"2026-02-27T03:24:19.647Z","updatedAt":"2026-02-27T03:24:19.647Z","executionId":350515173588993}[39m workflowId=350514567512064
[32m2026-02-27 11:24:19 [info]  execution (350515173588993) run instruction [loop] for node (350514567512074) finished as status: 1[39m workflowId=350514567512064
[34m2026-02-27 11:24:19 [debug] result of node                              [39m data={"looped":0,"done":0}
[34m2026-02-27 11:24:19 [debug] branch ended at node (350514567512074)      [39m 
[34m2026-02-27 11:24:19 [debug] not on main, recall to parent entry node (350514567512074)})[39m workflowId=350514567512064
[32m2026-02-27 11:24:19 [info]  execution (350515173588993) resume instruction [parallel] for node (350514567512065)[39m workflowId=350514567512064
[34m2026-02-27 11:24:19 [debug] config of node                              [39m workflowId=350514567512064
[34m2026-02-27 11:24:19 [debug] job added to save list: {"status":1,"result":[1,1],"nodeId":350514567512065,"nodeKey":"chjc97mlb5y","upstreamId":null,"id":"7620659093984256","createdAt":"2026-02-27T03:24:19.616Z","updatedAt":"2026-02-27T03:24:19.643Z","executionId":350515173588993}[39m workflowId=350514567512064
[32m2026-02-27 11:24:19 [info]  execution (350515173588993) run instruction [parallel] for node (350514567512065) finished as status: 1[39m workflowId=350514567512064
[34m2026-02-27 11:24:19 [debug] result of node                              [39m data=[1,1]
[34m2026-02-27 11:24:19 [debug] branch ended at node (350514567512065)      [39m 
[32m2026-02-27 11:24:19 [info]  execution (350515173588993) exiting with status 1[39m workflowId=350514567512064
[32m2026-02-27 11:24:19 [info]  execution (350515173588993) finished with status: 1[39m 
[34m2026-02-27 11:24:19 [debug] execution (350515173588993) details:        [39m execution={"createdAt":"2026-02-27T03:24:19.600Z","id":350515173588993,"updatedAt":"2026-02-27T03:24:19.652Z","key":"f3xyuzoxb0b","eventKey":"3fc91d6b-e94c-42ca-90ac-a3c5a402aa39","context":{"data":{"createdAt":"2026-02-27T03:24:19.588Z","updatedAt":"2026-02-27T03:24:19.590Z","defect_classification":"зљСйАА","defect":"еЫЊзЇЄжШЊз§ЇдЄНеЕ®","defect_rank":"level1","priority":"P1","id":350515173588992,"defect_status":"еЊЕдњЃе§Н","module":null,"f_jmazop48q5l":350515125354496,"label":["еїґжЬЯ"],"createdById":1,"updatedById":1,"parent_summary":{"createdAt":"2026-02-27T03:23:56.388Z","updatedAt":"2026-02-27T03:23:56.390Z","owner_id":"nocobase","id":350515125354496,"total_count":null,"tested_count":null,"defect_count":null,"fixed_count":null,"pending_count":null,"loc":null,"kloc":0,"testing_rate":null,"fix_rate":null,"pending_rate":null,"defect_density":null,"total_defect":null,"module_type":"зЉЇйЩЈж±ЗжАї","createdById":1,"updatedById":1}}},"status":1,"dispatched":true,"stack":null,"output":null,"manually":null,"workflowId":350514567512064}
[32m2026-02-27 11:33:15 [info]  toggle OFF workflow 350514567512064         [39m workflowId=350514567512064
[32m2026-02-27 11:33:15 [info]  toggle OFF workflow 350514567512064         [39m workflowId=350514567512064
