[32m2026-02-25 13:44:02 [info]  toggle ON workflow 350169417580544          [39m workflowId=350169417580544
[32m2026-02-25 14:00:35 [info]  new event triggered, now events: 1          [39m 
[34m2026-02-25 14:00:35 [debug] event data:                                 [39m context={"data":{"createdAt":"2026-02-25T06:00:35.325Z","updatedAt":"2026-02-25T06:00:35.375Z","defect":"图纸错误","defect_rank":"level1","priority":"P1","id":350172450062336,"f_jmazop48q5l":5,"createdById":1,"updatedById":1,"defect_classification":"其他","module":null,"label":["已修复"],"defect_status":"已关闭","parent_summary":{"createdAt":"2026-02-25T05:53:31.951Z","updatedAt":"2026-02-25T05:53:32.002Z","owner_id":"nocobase","id":5,"total_count":null,"tested_count":null,"defect_count":null,"fixed_count":null,"pending_count":null,"loc":null,"kloc":0,"testing_rate":null,"fix_rate":null,"pending_rate":null,"defect_density":null,"total_defect":null,"module_type":"缺陷汇总","createdById":1,"updatedById":1}}}
[32m2026-02-25 14:00:35 [info]  preparing execution for event               [39m 
[32m2026-02-25 14:00:35 [info]  execution of workflow 350169417580544 created as 350172450062337[39m 
[32m2026-02-25 14:00:35 [info]  local pending list is empty, adding execution (350172450062337) to pending list[39m 
[32m2026-02-25 14:00:35 [info]  pending execution (350172450062337) ready to process[39m 
[32m2026-02-25 14:00:35 [info]  execution (350172450062337) starting...     [39m 
[32m2026-02-25 14:00:35 [info]  execution (350172450062337) run instruction [parallel] for node (350169449037824)[39m workflowId=350169417580544
[34m2026-02-25 14:00:35 [debug] config of node                              [39m workflowId=350169417580544
[34m2026-02-25 14:00:35 [debug] job added to save list: {"status":0,"result":[null,null],"nodeId":350169449037824,"nodeKey":"chjc97mlb5y","upstreamId":null,"id":"6935208494398464","createdAt":"2026-02-25T06:00:35.458Z","updatedAt":"2026-02-25T06:00:35.458Z","executionId":350172450062337}[39m workflowId=350169417580544
[32m2026-02-25 14:00:35 [info]  execution (350172450062337) run instruction [aggregate] for node (350169417580545)[39m workflowId=350169417580544
[34m2026-02-25 14:00:35 [debug] config of node                              [39m data={"aggregator":"count","associated":true,"params":{"field":"id","filter":{"$and":[]}},"precision":2,"collection":"defects","association":{"name":"all_defects","associatedKey":"{{$context.data.parent_summary.id}}","associatedCollection":"collection_quality"}} workflowId=350169417580544
[34m2026-02-25 14:00:35 [debug] job added to save list: {"result":1,"status":1,"nodeId":350169417580545,"nodeKey":"ca6c1jxzwq5","id":"6935208502787072","createdAt":"2026-02-25T06:00:35.460Z","updatedAt":"2026-02-25T06:00:35.460Z","executionId":350172450062337}[39m workflowId=350169417580544
[32m2026-02-25 14:00:35 [info]  execution (350172450062337) run instruction [aggregate] for node (350169417580545) finished as status: 1[39m workflowId=350169417580544
[34m2026-02-25 14:00:35 [debug] result of node                              [39m data=1
[34m2026-02-25 14:00:35 [debug] run next node (350169417580546)             [39m 
[32m2026-02-25 14:00:35 [info]  execution (350172450062337) run instruction [update] for node (350169417580546)[39m workflowId=350169417580544
[34m2026-02-25 14:00:35 [debug] config of node                              [39m data={"usingAssignFormSchema":true,"assignFormSchema":{"_isJSONSchemaObject":true,"version":"2.0","name":"0mby4p7m0ow","type":"void","x-component":"Grid","x-initializer":"assignFieldValuesForm:configureFields","properties":{"2wbpfklshda":{"_isJSONSchemaObject":true,"version":"2.0","type":"void","x-component":"Grid.Row","properties":{"ibquc1d6wnd":{"_isJSONSchemaObject":true,"version":"2.0","type":"void","x-component":"Grid.Col","properties":{"total_defect":{"_isJSONSchemaObject":true,"version":"2.0","type":"string","name":"total_defect","x-toolbar":"FormItemSchemaToolbar","x-settings":"fieldSettings:FormItem","x-component":"AssignedField","x-decorator":"FormItem","x-collection-field":"collection_quality.total_defect"}},"name":"ibquc1d6wnd"}},"name":"2wbpfklshda"}}},"collection":"collection_quality","params":{"individualHooks":false,"filter":{"$and":[{"id":{"$eq":"{{$context.data.parent_summary.id}}"}}]},"values":{"total_defect":"{{$jobsMapByNodeKey.ca6c1jxzwq5}}"}}} workflowId=350169417580544
[34m2026-02-25 14:00:35 [debug] job added to save list: {"result":1,"status":1,"nodeId":350169417580546,"nodeKey":"9mun3sl2wtp","id":"6935208532147200","createdAt":"2026-02-25T06:00:35.467Z","updatedAt":"2026-02-25T06:00:35.467Z","executionId":350172450062337}[39m workflowId=350169417580544
[32m2026-02-25 14:00:35 [info]  execution (350172450062337) run instruction [update] for node (350169417580546) finished as status: 1[39m workflowId=350169417580544
[34m2026-02-25 14:00:35 [debug] result of node                              [39m data=1
[34m2026-02-25 14:00:35 [debug] branch ended at node (350169417580546)      [39m 
[34m2026-02-25 14:00:35 [debug] not on main, recall to parent entry node (350169417580546)})[39m workflowId=350169417580544
[32m2026-02-25 14:00:35 [info]  execution (350172450062337) resume instruction [parallel] for node (350169449037824)[39m workflowId=350169417580544
[34m2026-02-25 14:00:35 [debug] config of node                              [39m workflowId=350169417580544
[34m2026-02-25 14:00:35 [debug] job added to save list: {"status":0,"result":[1,null],"nodeId":350169449037824,"nodeKey":"chjc97mlb5y","upstreamId":null,"id":"6935208494398464","createdAt":"2026-02-25T06:00:35.458Z","updatedAt":"2026-02-25T06:00:35.469Z","executionId":350172450062337}[39m workflowId=350169417580544
[32m2026-02-25 14:00:35 [info]  execution (350172450062337) exiting with status 0[39m workflowId=350169417580544
[32m2026-02-25 14:00:35 [info]  execution (350172450062337) run instruction [aggregate] for node (350169465815040)[39m workflowId=350169417580544
[34m2026-02-25 14:00:35 [debug] config of node                              [39m data={"aggregator":"count","associated":true,"params":{"field":"id","filter":{"$and":[{"defect_rank":{"$eq":"level1"}},{"label":{"$noneOf":["功能屏蔽","已拒绝","建议"]}}]}},"precision":2,"collection":"defects","association":{"name":"module_defects","associatedKey":"{{$context.data.module_ref.id}}","associatedCollection":"module_summaries"}} workflowId=350169417580544
[31m2026-02-25 14:00:35 [error] execution (350172450062337) run instruction [aggregate] for node (350169465815040) failed: [39m workflowId=350169417580544
[34m2026-02-25 14:00:35 [debug] job added to save list: {"result":{"message":"WHERE parameter \"module\" has invalid \"undefined\" value"},"status":-2,"nodeId":350169465815040,"nodeKey":"h14qw1067vw","id":"6935208628616192","createdAt":"2026-02-25T06:00:35.490Z","updatedAt":"2026-02-25T06:00:35.490Z","executionId":350172450062337}[39m workflowId=350169417580544
[32m2026-02-25 14:00:35 [info]  execution (350172450062337) run instruction [aggregate] for node (350169465815040) finished as status: -2[39m workflowId=350169417580544
[34m2026-02-25 14:00:35 [debug] result of node                              [39m data={"message":"WHERE parameter \"module\" has invalid \"undefined\" value"}
[34m2026-02-25 14:00:35 [debug] branch ended at node (350169465815040)      [39m 
[34m2026-02-25 14:00:35 [debug] not on main, recall to parent entry node (350169465815040)})[39m workflowId=350169417580544
[32m2026-02-25 14:00:35 [info]  execution (350172450062337) resume instruction [parallel] for node (350169449037824)[39m workflowId=350169417580544
[34m2026-02-25 14:00:35 [debug] config of node                              [39m workflowId=350169417580544
[34m2026-02-25 14:00:35 [debug] job added to save list: {"status":-2,"result":[1,-2],"nodeId":350169449037824,"nodeKey":"chjc97mlb5y","upstreamId":null,"id":"6935208494398464","createdAt":"2026-02-25T06:00:35.458Z","updatedAt":"2026-02-25T06:00:35.469Z","executionId":350172450062337}[39m workflowId=350169417580544
[32m2026-02-25 14:00:35 [info]  execution (350172450062337) run instruction [parallel] for node (350169449037824) finished as status: -2[39m workflowId=350169417580544
[34m2026-02-25 14:00:35 [debug] result of node                              [39m data=[1,-2]
[34m2026-02-25 14:00:35 [debug] branch ended at node (350169449037824)      [39m 
[32m2026-02-25 14:00:35 [info]  execution (350172450062337) exiting with status -2[39m workflowId=350169417580544
[32m2026-02-25 14:00:35 [info]  execution (350172450062337) finished with status: -2[39m 
[34m2026-02-25 14:00:35 [debug] execution (350172450062337) details:        [39m execution={"createdAt":"2026-02-25T06:00:35.384Z","id":350172450062337,"updatedAt":"2026-02-25T06:00:35.495Z","key":"gljlkxparob","eventKey":"9d7764c4-0f19-45f8-9e76-70838747727f","context":{"data":{"createdAt":"2026-02-25T06:00:35.325Z","updatedAt":"2026-02-25T06:00:35.375Z","defect":"图纸错误","defect_rank":"level1","priority":"P1","id":350172450062336,"f_jmazop48q5l":5,"createdById":1,"updatedById":1,"defect_classification":"其他","module":null,"label":["已修复"],"defect_status":"已关闭","parent_summary":{"createdAt":"2026-02-25T05:53:31.951Z","updatedAt":"2026-02-25T05:53:32.002Z","owner_id":"nocobase","id":5,"total_count":null,"tested_count":null,"defect_count":null,"fixed_count":null,"pending_count":null,"loc":null,"kloc":0,"testing_rate":null,"fix_rate":null,"pending_rate":null,"defect_density":null,"total_defect":null,"module_type":"缺陷汇总","createdById":1,"updatedById":1}}},"status":-2,"dispatched":true,"stack":null,"output":null,"manually":null,"workflowId":350169417580544}
[32m2026-02-25 14:08:29 [info]  new event triggered, now events: 1          [39m 
[34m2026-02-25 14:08:29 [debug] event data:                                 [39m context={"data":{"createdAt":"2026-02-25T06:08:29.092Z","updatedAt":"2026-02-25T06:08:29.092Z","defect":null,"defect_rank":null,"priority":null,"id":350173444112384,"f_jmazop48q5l":null,"createdById":1,"updatedById":1,"defect_classification":null,"module":null,"label":null,"defect_status":null,"parent_summary":null}}
[32m2026-02-25 14:08:29 [info]  preparing execution for event               [39m 
[32m2026-02-25 14:08:29 [info]  execution of workflow 350169417580544 created as 350173444112385[39m 
[32m2026-02-25 14:08:29 [info]  local pending list is empty, adding execution (350173444112385) to pending list[39m 
[32m2026-02-25 14:08:29 [info]  pending execution (350173444112385) ready to process[39m 
[32m2026-02-25 14:08:29 [info]  execution (350173444112385) starting...     [39m 
[32m2026-02-25 14:08:29 [info]  execution (350173444112385) run instruction [parallel] for node (350169449037824)[39m workflowId=350169417580544
[34m2026-02-25 14:08:29 [debug] config of node                              [39m workflowId=350169417580544
[34m2026-02-25 14:08:29 [debug] job added to save list: {"status":0,"result":[null,null],"nodeId":350169449037824,"nodeKey":"chjc97mlb5y","upstreamId":null,"id":"6937195160042496","createdAt":"2026-02-25T06:08:29.116Z","updatedAt":"2026-02-25T06:08:29.116Z","executionId":350173444112385}[39m workflowId=350169417580544
[32m2026-02-25 14:08:29 [info]  execution (350173444112385) run instruction [aggregate] for node (350169417580545)[39m workflowId=350169417580544
[34m2026-02-25 14:08:29 [debug] config of node                              [39m data={"aggregator":"count","associated":true,"params":{"field":"id","filter":{"$and":[]}},"precision":2,"collection":"defects","association":{"name":"all_defects","associatedKey":"{{$context.data.parent_summary.id}}","associatedCollection":"collection_quality"}} workflowId=350169417580544
[31m2026-02-25 14:08:29 [error] execution (350173444112385) run instruction [aggregate] for node (350169417580545) failed: [39m workflowId=350169417580544
[34m2026-02-25 14:08:29 [debug] job added to save list: {"result":{"message":"WHERE parameter \"f_jmazop48q5l\" has invalid \"undefined\" value"},"status":-2,"nodeId":350169417580545,"nodeKey":"ca6c1jxzwq5","id":"6937195172625408","createdAt":"2026-02-25T06:08:29.119Z","updatedAt":"2026-02-25T06:08:29.119Z","executionId":350173444112385}[39m workflowId=350169417580544
[32m2026-02-25 14:08:29 [info]  execution (350173444112385) run instruction [aggregate] for node (350169417580545) finished as status: -2[39m workflowId=350169417580544
[34m2026-02-25 14:08:29 [debug] result of node                              [39m data={"message":"WHERE parameter \"f_jmazop48q5l\" has invalid \"undefined\" value"}
[34m2026-02-25 14:08:29 [debug] branch ended at node (350169417580545)      [39m 
[34m2026-02-25 14:08:29 [debug] not on main, recall to parent entry node (350169417580545)})[39m workflowId=350169417580544
[32m2026-02-25 14:08:29 [info]  execution (350173444112385) resume instruction [parallel] for node (350169449037824)[39m workflowId=350169417580544
[34m2026-02-25 14:08:29 [debug] config of node                              [39m workflowId=350169417580544
[34m2026-02-25 14:08:29 [debug] job added to save list: {"status":-2,"result":[-2,null],"nodeId":350169449037824,"nodeKey":"chjc97mlb5y","upstreamId":null,"id":"6937195160042496","createdAt":"2026-02-25T06:08:29.116Z","updatedAt":"2026-02-25T06:08:29.123Z","executionId":350173444112385}[39m workflowId=350169417580544
[32m2026-02-25 14:08:29 [info]  execution (350173444112385) run instruction [parallel] for node (350169449037824) finished as status: -2[39m workflowId=350169417580544
[34m2026-02-25 14:08:29 [debug] result of node                              [39m data=[-2,null]
[34m2026-02-25 14:08:29 [debug] branch ended at node (350169449037824)      [39m 
[32m2026-02-25 14:08:29 [info]  execution (350173444112385) exiting with status -2[39m workflowId=350169417580544
[32m2026-02-25 14:08:29 [info]  execution (350173444112385) finished with status: -2[39m 
[34m2026-02-25 14:08:29 [debug] execution (350173444112385) details:        [39m execution={"createdAt":"2026-02-25T06:08:29.102Z","id":350173444112385,"updatedAt":"2026-02-25T06:08:29.144Z","key":"gljlkxparob","eventKey":"b2f5ca6e-0dd4-45b6-a851-6e3970f833ce","context":{"data":{"createdAt":"2026-02-25T06:08:29.092Z","updatedAt":"2026-02-25T06:08:29.092Z","defect":null,"defect_rank":null,"priority":null,"id":350173444112384,"f_jmazop48q5l":null,"createdById":1,"updatedById":1,"defect_classification":null,"module":null,"label":null,"defect_status":null,"parent_summary":null}},"status":-2,"dispatched":true,"stack":null,"output":null,"manually":null,"workflowId":350169417580544}
[32m2026-02-25 14:08:59 [info]  new event triggered, now events: 1          [39m 
[34m2026-02-25 14:08:59 [debug] event data:                                 [39m context={"data":{"createdAt":"2026-02-25T06:08:59.858Z","updatedAt":"2026-02-25T06:08:59.863Z","defect":"图纸错误","defect_rank":"level1","priority":"P1","id":350173507026944,"f_jmazop48q5l":5,"createdById":1,"updatedById":1,"defect_classification":"其他","module":null,"label":["已修复"],"defect_status":"已关闭","parent_summary":{"createdAt":"2026-02-25T05:53:31.951Z","updatedAt":"2026-02-25T06:03:03.282Z","owner_id":"nocobase","id":5,"total_count":null,"tested_count":null,"defect_count":null,"fixed_count":null,"pending_count":null,"loc":null,"kloc":0,"testing_rate":null,"fix_rate":null,"pending_rate":null,"defect_density":null,"total_defect":0,"module_type":"缺陷汇总","createdById":1,"updatedById":1}}}
[32m2026-02-25 14:08:59 [info]  preparing execution for event               [39m 
[32m2026-02-25 14:08:59 [info]  execution of workflow 350169417580544 created as 350173507026945[39m 
[32m2026-02-25 14:08:59 [info]  local pending list is empty, adding execution (350173507026945) to pending list[39m 
[32m2026-02-25 14:08:59 [info]  pending execution (350173507026945) ready to process[39m 
[32m2026-02-25 14:08:59 [info]  execution (350173507026945) starting...     [39m 
[32m2026-02-25 14:08:59 [info]  execution (350173507026945) run instruction [parallel] for node (350169449037824)[39m workflowId=350169417580544
[34m2026-02-25 14:08:59 [debug] config of node                              [39m workflowId=350169417580544
[34m2026-02-25 14:08:59 [debug] job added to save list: {"status":0,"result":[null,null],"nodeId":350169449037824,"nodeKey":"chjc97mlb5y","upstreamId":null,"id":"6937324319439872","createdAt":"2026-02-25T06:08:59.910Z","updatedAt":"2026-02-25T06:08:59.910Z","executionId":350173507026945}[39m workflowId=350169417580544
[32m2026-02-25 14:08:59 [info]  execution (350173507026945) run instruction [aggregate] for node (350169417580545)[39m workflowId=350169417580544
[34m2026-02-25 14:08:59 [debug] config of node                              [39m data={"aggregator":"count","associated":true,"params":{"field":"id","filter":{"$and":[]}},"precision":2,"collection":"defects","association":{"name":"all_defects","associatedKey":"{{$context.data.parent_summary.id}}","associatedCollection":"collection_quality"}} workflowId=350169417580544
[34m2026-02-25 14:08:59 [debug] job added to save list: {"result":1,"status":1,"nodeId":350169417580545,"nodeKey":"ca6c1jxzwq5","id":"6937324327828480","createdAt":"2026-02-25T06:08:59.912Z","updatedAt":"2026-02-25T06:08:59.912Z","executionId":350173507026945}[39m workflowId=350169417580544
[32m2026-02-25 14:08:59 [info]  execution (350173507026945) run instruction [aggregate] for node (350169417580545) finished as status: 1[39m workflowId=350169417580544
[34m2026-02-25 14:08:59 [debug] result of node                              [39m data=1
[34m2026-02-25 14:08:59 [debug] run next node (350169417580546)             [39m 
[32m2026-02-25 14:08:59 [info]  execution (350173507026945) run instruction [update] for node (350169417580546)[39m workflowId=350169417580544
[34m2026-02-25 14:08:59 [debug] config of node                              [39m data={"usingAssignFormSchema":true,"assignFormSchema":{"_isJSONSchemaObject":true,"version":"2.0","name":"0mby4p7m0ow","type":"void","x-component":"Grid","x-initializer":"assignFieldValuesForm:configureFields","properties":{"2wbpfklshda":{"_isJSONSchemaObject":true,"version":"2.0","type":"void","x-component":"Grid.Row","properties":{"ibquc1d6wnd":{"_isJSONSchemaObject":true,"version":"2.0","type":"void","x-component":"Grid.Col","properties":{"total_defect":{"_isJSONSchemaObject":true,"version":"2.0","type":"string","name":"total_defect","x-toolbar":"FormItemSchemaToolbar","x-settings":"fieldSettings:FormItem","x-component":"AssignedField","x-decorator":"FormItem","x-collection-field":"collection_quality.total_defect"}},"name":"ibquc1d6wnd"}},"name":"2wbpfklshda"}}},"collection":"collection_quality","params":{"individualHooks":false,"filter":{"$and":[{"id":{"$eq":"{{$context.data.parent_summary.id}}"}}]},"values":{"total_defect":"{{$jobsMapByNodeKey.ca6c1jxzwq5}}"}}} workflowId=350169417580544
[34m2026-02-25 14:08:59 [debug] job added to save list: {"result":1,"status":1,"nodeId":350169417580546,"nodeKey":"9mun3sl2wtp","id":"6937324365577216","createdAt":"2026-02-25T06:08:59.921Z","updatedAt":"2026-02-25T06:08:59.921Z","executionId":350173507026945}[39m workflowId=350169417580544
[32m2026-02-25 14:08:59 [info]  execution (350173507026945) run instruction [update] for node (350169417580546) finished as status: 1[39m workflowId=350169417580544
[34m2026-02-25 14:08:59 [debug] result of node                              [39m data=1
[34m2026-02-25 14:08:59 [debug] branch ended at node (350169417580546)      [39m 
[34m2026-02-25 14:08:59 [debug] not on main, recall to parent entry node (350169417580546)})[39m workflowId=350169417580544
[32m2026-02-25 14:08:59 [info]  execution (350173507026945) resume instruction [parallel] for node (350169449037824)[39m workflowId=350169417580544
[34m2026-02-25 14:08:59 [debug] config of node                              [39m workflowId=350169417580544
[34m2026-02-25 14:08:59 [debug] job added to save list: {"status":0,"result":[1,null],"nodeId":350169449037824,"nodeKey":"chjc97mlb5y","upstreamId":null,"id":"6937324319439872","createdAt":"2026-02-25T06:08:59.910Z","updatedAt":"2026-02-25T06:08:59.923Z","executionId":350173507026945}[39m workflowId=350169417580544
[32m2026-02-25 14:08:59 [info]  execution (350173507026945) exiting with status 0[39m workflowId=350169417580544
[32m2026-02-25 14:08:59 [info]  execution (350173507026945) run instruction [aggregate] for node (350169465815040)[39m workflowId=350169417580544
[34m2026-02-25 14:08:59 [debug] config of node                              [39m data={"aggregator":"count","associated":true,"params":{"field":"id","filter":{"$and":[{"defect_rank":{"$eq":"level1"}},{"label":{"$noneOf":["功能屏蔽","已拒绝","建议"]}}]}},"precision":2,"collection":"defects","association":{"name":"module_defects","associatedKey":"{{$context.data.module_ref.id}}","associatedCollection":"module_summaries"}} workflowId=350169417580544
[31m2026-02-25 14:08:59 [error] execution (350173507026945) run instruction [aggregate] for node (350169465815040) failed: [39m workflowId=350169417580544
[34m2026-02-25 14:08:59 [debug] job added to save list: {"result":{"message":"WHERE parameter \"module\" has invalid \"undefined\" value"},"status":-2,"nodeId":350169465815040,"nodeKey":"h14qw1067vw","id":"6937324386548736","createdAt":"2026-02-25T06:08:59.926Z","updatedAt":"2026-02-25T06:08:59.926Z","executionId":350173507026945}[39m workflowId=350169417580544
[32m2026-02-25 14:08:59 [info]  execution (350173507026945) run instruction [aggregate] for node (350169465815040) finished as status: -2[39m workflowId=350169417580544
[34m2026-02-25 14:08:59 [debug] result of node                              [39m data={"message":"WHERE parameter \"module\" has invalid \"undefined\" value"}
[34m2026-02-25 14:08:59 [debug] branch ended at node (350169465815040)      [39m 
[34m2026-02-25 14:08:59 [debug] not on main, recall to parent entry node (350169465815040)})[39m workflowId=350169417580544
[32m2026-02-25 14:08:59 [info]  execution (350173507026945) resume instruction [parallel] for node (350169449037824)[39m workflowId=350169417580544
[34m2026-02-25 14:08:59 [debug] config of node                              [39m workflowId=350169417580544
[34m2026-02-25 14:08:59 [debug] job added to save list: {"status":-2,"result":[1,-2],"nodeId":350169449037824,"nodeKey":"chjc97mlb5y","upstreamId":null,"id":"6937324319439872","createdAt":"2026-02-25T06:08:59.910Z","updatedAt":"2026-02-25T06:08:59.923Z","executionId":350173507026945}[39m workflowId=350169417580544
[32m2026-02-25 14:08:59 [info]  execution (350173507026945) run instruction [parallel] for node (350169449037824) finished as status: -2[39m workflowId=350169417580544
[34m2026-02-25 14:08:59 [debug] result of node                              [39m data=[1,-2]
[34m2026-02-25 14:08:59 [debug] branch ended at node (350169449037824)      [39m 
[32m2026-02-25 14:08:59 [info]  execution (350173507026945) exiting with status -2[39m workflowId=350169417580544
[32m2026-02-25 14:08:59 [info]  execution (350173507026945) finished with status: -2[39m 
[34m2026-02-25 14:08:59 [debug] execution (350173507026945) details:        [39m execution={"createdAt":"2026-02-25T06:08:59.872Z","id":350173507026945,"updatedAt":"2026-02-25T06:08:59.931Z","key":"gljlkxparob","eventKey":"e721a463-12cd-46dd-9214-7e60ef154051","context":{"data":{"createdAt":"2026-02-25T06:08:59.858Z","updatedAt":"2026-02-25T06:08:59.863Z","defect":"图纸错误","defect_rank":"level1","priority":"P1","id":350173507026944,"f_jmazop48q5l":5,"createdById":1,"updatedById":1,"defect_classification":"其他","module":null,"label":["已修复"],"defect_status":"已关闭","parent_summary":{"createdAt":"2026-02-25T05:53:31.951Z","updatedAt":"2026-02-25T06:03:03.282Z","owner_id":"nocobase","id":5,"total_count":null,"tested_count":null,"defect_count":null,"fixed_count":null,"pending_count":null,"loc":null,"kloc":0,"testing_rate":null,"fix_rate":null,"pending_rate":null,"defect_density":null,"total_defect":0,"module_type":"缺陷汇总","createdById":1,"updatedById":1}}},"status":-2,"dispatched":true,"stack":null,"output":null,"manually":null,"workflowId":350169417580544}
[32m2026-02-25 14:20:41 [info]  new event triggered, now events: 1          [39m 
[34m2026-02-25 14:20:41 [debug] event data:                                 [39m context={"data":{"createdAt":"2026-02-25T06:20:41.742Z","updatedAt":"2026-02-25T06:20:41.749Z","defect":"图纸显示不全","defect_rank":"level1","priority":"P1","id":350174979227648,"f_jmazop48q5l":5,"createdById":1,"updatedById":1,"defect_classification":"其他","module":350174740152320,"label":["已修复"],"defect_status":"已修复","parent_summary":{"createdAt":"2026-02-25T05:53:31.951Z","updatedAt":"2026-02-25T06:20:15.006Z","owner_id":"nocobase","id":5,"total_count":null,"tested_count":null,"defect_count":null,"fixed_count":null,"pending_count":null,"loc":null,"kloc":0,"testing_rate":null,"fix_rate":null,"pending_rate":null,"defect_density":null,"total_defect":0,"module_type":"缺陷汇总","createdById":1,"updatedById":1}}}
[32m2026-02-25 14:20:41 [info]  preparing execution for event               [39m 
[32m2026-02-25 14:20:41 [info]  execution of workflow 350169417580544 created as 350174979227649[39m 
[32m2026-02-25 14:20:41 [info]  local pending list is empty, adding execution (350174979227649) to pending list[39m 
[32m2026-02-25 14:20:41 [info]  pending execution (350174979227649) ready to process[39m 
[32m2026-02-25 14:20:41 [info]  execution (350174979227649) starting...     [39m 
[32m2026-02-25 14:20:41 [info]  execution (350174979227649) run instruction [parallel] for node (350169449037824)[39m workflowId=350169417580544
[34m2026-02-25 14:20:41 [debug] config of node                              [39m workflowId=350169417580544
[34m2026-02-25 14:20:41 [debug] job added to save list: {"status":0,"result":[null,null],"nodeId":350169449037824,"nodeKey":"chjc97mlb5y","upstreamId":null,"id":"6940268146228224","createdAt":"2026-02-25T06:20:41.773Z","updatedAt":"2026-02-25T06:20:41.773Z","executionId":350174979227649}[39m workflowId=350169417580544
[32m2026-02-25 14:20:41 [info]  execution (350174979227649) run instruction [aggregate] for node (350169417580545)[39m workflowId=350169417580544
[34m2026-02-25 14:20:41 [debug] config of node                              [39m data={"aggregator":"count","associated":true,"params":{"field":"id","filter":{"$and":[]}},"precision":2,"collection":"defects","association":{"name":"all_defects","associatedKey":"{{$context.data.parent_summary.id}}","associatedCollection":"collection_quality"}} workflowId=350169417580544
[34m2026-02-25 14:20:41 [debug] job added to save list: {"result":1,"status":1,"nodeId":350169417580545,"nodeKey":"ca6c1jxzwq5","id":"6940268158811136","createdAt":"2026-02-25T06:20:41.776Z","updatedAt":"2026-02-25T06:20:41.776Z","executionId":350174979227649}[39m workflowId=350169417580544
[32m2026-02-25 14:20:41 [info]  execution (350174979227649) run instruction [aggregate] for node (350169417580545) finished as status: 1[39m workflowId=350169417580544
[34m2026-02-25 14:20:41 [debug] result of node                              [39m data=1
[34m2026-02-25 14:20:41 [debug] run next node (350169417580546)             [39m 
[32m2026-02-25 14:20:41 [info]  execution (350174979227649) run instruction [update] for node (350169417580546)[39m workflowId=350169417580544
[34m2026-02-25 14:20:41 [debug] config of node                              [39m data={"usingAssignFormSchema":true,"assignFormSchema":{"_isJSONSchemaObject":true,"version":"2.0","name":"0mby4p7m0ow","type":"void","x-component":"Grid","x-initializer":"assignFieldValuesForm:configureFields","properties":{"2wbpfklshda":{"_isJSONSchemaObject":true,"version":"2.0","type":"void","x-component":"Grid.Row","properties":{"ibquc1d6wnd":{"_isJSONSchemaObject":true,"version":"2.0","type":"void","x-component":"Grid.Col","properties":{"total_defect":{"_isJSONSchemaObject":true,"version":"2.0","type":"string","name":"total_defect","x-toolbar":"FormItemSchemaToolbar","x-settings":"fieldSettings:FormItem","x-component":"AssignedField","x-decorator":"FormItem","x-collection-field":"collection_quality.total_defect"}},"name":"ibquc1d6wnd"}},"name":"2wbpfklshda"}}},"collection":"collection_quality","params":{"individualHooks":false,"filter":{"$and":[{"id":{"$eq":"{{$context.data.parent_summary.id}}"}}]},"values":{"total_defect":"{{$jobsMapByNodeKey.ca6c1jxzwq5}}"}}} workflowId=350169417580544
[34m2026-02-25 14:20:41 [debug] job added to save list: {"result":1,"status":1,"nodeId":350169417580546,"nodeKey":"9mun3sl2wtp","id":"6940268221725696","createdAt":"2026-02-25T06:20:41.791Z","updatedAt":"2026-02-25T06:20:41.791Z","executionId":350174979227649}[39m workflowId=350169417580544
[32m2026-02-25 14:20:41 [info]  execution (350174979227649) run instruction [update] for node (350169417580546) finished as status: 1[39m workflowId=350169417580544
[34m2026-02-25 14:20:41 [debug] result of node                              [39m data=1
[34m2026-02-25 14:20:41 [debug] branch ended at node (350169417580546)      [39m 
[34m2026-02-25 14:20:41 [debug] not on main, recall to parent entry node (350169417580546)})[39m workflowId=350169417580544
[32m2026-02-25 14:20:41 [info]  execution (350174979227649) resume instruction [parallel] for node (350169449037824)[39m workflowId=350169417580544
[34m2026-02-25 14:20:41 [debug] config of node                              [39m workflowId=350169417580544
[34m2026-02-25 14:20:41 [debug] job added to save list: {"status":0,"result":[1,null],"nodeId":350169449037824,"nodeKey":"chjc97mlb5y","upstreamId":null,"id":"6940268146228224","createdAt":"2026-02-25T06:20:41.773Z","updatedAt":"2026-02-25T06:20:41.793Z","executionId":350174979227649}[39m workflowId=350169417580544
[32m2026-02-25 14:20:41 [info]  execution (350174979227649) exiting with status 0[39m workflowId=350169417580544
[32m2026-02-25 14:20:41 [info]  execution (350174979227649) run instruction [aggregate] for node (350169465815040)[39m workflowId=350169417580544
[34m2026-02-25 14:20:41 [debug] config of node                              [39m data={"aggregator":"count","associated":true,"params":{"field":"id","filter":{"$and":[{"defect_rank":{"$eq":"level1"}},{"label":{"$noneOf":["功能屏蔽","已拒绝","建议"]}}]}},"precision":2,"collection":"defects","association":{"name":"module_defects","associatedKey":"{{$context.data.module_ref.id}}","associatedCollection":"module_summaries"}} workflowId=350169417580544
[31m2026-02-25 14:20:41 [error] execution (350174979227649) run instruction [aggregate] for node (350169465815040) failed: [39m workflowId=350169417580544
[34m2026-02-25 14:20:41 [debug] job added to save list: {"result":{"message":"WHERE parameter \"module\" has invalid \"undefined\" value"},"status":-2,"nodeId":350169465815040,"nodeKey":"h14qw1067vw","id":"6940268246891520","createdAt":"2026-02-25T06:20:41.797Z","updatedAt":"2026-02-25T06:20:41.797Z","executionId":350174979227649}[39m workflowId=350169417580544
[32m2026-02-25 14:20:41 [info]  execution (350174979227649) run instruction [aggregate] for node (350169465815040) finished as status: -2[39m workflowId=350169417580544
[34m2026-02-25 14:20:41 [debug] result of node                              [39m data={"message":"WHERE parameter \"module\" has invalid \"undefined\" value"}
[34m2026-02-25 14:20:41 [debug] branch ended at node (350169465815040)      [39m 
[34m2026-02-25 14:20:41 [debug] not on main, recall to parent entry node (350169465815040)})[39m workflowId=350169417580544
[32m2026-02-25 14:20:41 [info]  execution (350174979227649) resume instruction [parallel] for node (350169449037824)[39m workflowId=350169417580544
[34m2026-02-25 14:20:41 [debug] config of node                              [39m workflowId=350169417580544
[34m2026-02-25 14:20:41 [debug] job added to save list: {"status":-2,"result":[1,-2],"nodeId":350169449037824,"nodeKey":"chjc97mlb5y","upstreamId":null,"id":"6940268146228224","createdAt":"2026-02-25T06:20:41.773Z","updatedAt":"2026-02-25T06:20:41.793Z","executionId":350174979227649}[39m workflowId=350169417580544
[32m2026-02-25 14:20:41 [info]  execution (350174979227649) run instruction [parallel] for node (350169449037824) finished as status: -2[39m workflowId=350169417580544
[34m2026-02-25 14:20:41 [debug] result of node                              [39m data=[1,-2]
[34m2026-02-25 14:20:41 [debug] branch ended at node (350169449037824)      [39m 
[32m2026-02-25 14:20:41 [info]  execution (350174979227649) exiting with status -2[39m workflowId=350169417580544
[32m2026-02-25 14:20:41 [info]  execution (350174979227649) finished with status: -2[39m 
[34m2026-02-25 14:20:41 [debug] execution (350174979227649) details:        [39m execution={"createdAt":"2026-02-25T06:20:41.755Z","id":350174979227649,"updatedAt":"2026-02-25T06:20:41.801Z","key":"gljlkxparob","eventKey":"5e63ea8d-581d-47eb-8132-6482ef602a29","context":{"data":{"createdAt":"2026-02-25T06:20:41.742Z","updatedAt":"2026-02-25T06:20:41.749Z","defect":"图纸显示不全","defect_rank":"level1","priority":"P1","id":350174979227648,"f_jmazop48q5l":5,"createdById":1,"updatedById":1,"defect_classification":"其他","module":350174740152320,"label":["已修复"],"defect_status":"已修复","parent_summary":{"createdAt":"2026-02-25T05:53:31.951Z","updatedAt":"2026-02-25T06:20:15.006Z","owner_id":"nocobase","id":5,"total_count":null,"tested_count":null,"defect_count":null,"fixed_count":null,"pending_count":null,"loc":null,"kloc":0,"testing_rate":null,"fix_rate":null,"pending_rate":null,"defect_density":null,"total_defect":0,"module_type":"缺陷汇总","createdById":1,"updatedById":1}}},"status":-2,"dispatched":true,"stack":null,"output":null,"manually":null,"workflowId":350169417580544}
[32m2026-02-25 14:21:30 [info]  new event triggered, now events: 1          [39m 
[34m2026-02-25 14:21:30 [debug] event data:                                 [39m context={"data":{"createdAt":"2026-02-25T06:21:30.709Z","updatedAt":"2026-02-25T06:21:30.713Z","defect":"图纸错误","defect_rank":"level1","priority":"P1","id":350175081988096,"f_jmazop48q5l":5,"createdById":1,"updatedById":1,"defect_classification":"网退","module":350174759026688,"label":["功能屏蔽"],"defect_status":"待修复","parent_summary":{"createdAt":"2026-02-25T05:53:31.951Z","updatedAt":"2026-02-25T06:20:41.779Z","owner_id":"nocobase","id":5,"total_count":null,"tested_count":null,"defect_count":null,"fixed_count":null,"pending_count":null,"loc":null,"kloc":0,"testing_rate":null,"fix_rate":null,"pending_rate":null,"defect_density":null,"total_defect":1,"module_type":"缺陷汇总","createdById":1,"updatedById":1}}}
[32m2026-02-25 14:21:30 [info]  preparing execution for event               [39m 
[32m2026-02-25 14:21:30 [info]  execution of workflow 350169417580544 created as 350175081988097[39m 
[32m2026-02-25 14:21:30 [info]  local pending list is empty, adding execution (350175081988097) to pending list[39m 
[32m2026-02-25 14:21:30 [info]  pending execution (350175081988097) ready to process[39m 
[32m2026-02-25 14:21:30 [info]  execution (350175081988097) starting...     [39m 
[32m2026-02-25 14:21:30 [info]  execution (350175081988097) run instruction [parallel] for node (350169449037824)[39m workflowId=350169417580544
[34m2026-02-25 14:21:30 [debug] config of node                              [39m workflowId=350169417580544
[34m2026-02-25 14:21:30 [debug] job added to save list: {"status":0,"result":[null,null],"nodeId":350169449037824,"nodeKey":"chjc97mlb5y","upstreamId":null,"id":"6940473579043840","createdAt":"2026-02-25T06:21:30.752Z","updatedAt":"2026-02-25T06:21:30.752Z","executionId":350175081988097}[39m workflowId=350169417580544
[32m2026-02-25 14:21:30 [info]  execution (350175081988097) run instruction [aggregate] for node (350169417580545)[39m workflowId=350169417580544
[34m2026-02-25 14:21:30 [debug] config of node                              [39m data={"aggregator":"count","associated":true,"params":{"field":"id","filter":{"$and":[]}},"precision":2,"collection":"defects","association":{"name":"all_defects","associatedKey":"{{$context.data.parent_summary.id}}","associatedCollection":"collection_quality"}} workflowId=350169417580544
[34m2026-02-25 14:21:30 [debug] job added to save list: {"result":2,"status":1,"nodeId":350169417580545,"nodeKey":"ca6c1jxzwq5","id":"6940473587432448","createdAt":"2026-02-25T06:21:30.754Z","updatedAt":"2026-02-25T06:21:30.754Z","executionId":350175081988097}[39m workflowId=350169417580544
[32m2026-02-25 14:21:30 [info]  execution (350175081988097) run instruction [aggregate] for node (350169417580545) finished as status: 1[39m workflowId=350169417580544
[34m2026-02-25 14:21:30 [debug] result of node                              [39m data=2
[34m2026-02-25 14:21:30 [debug] run next node (350169417580546)             [39m 
[32m2026-02-25 14:21:30 [info]  execution (350175081988097) run instruction [update] for node (350169417580546)[39m workflowId=350169417580544
[34m2026-02-25 14:21:30 [debug] config of node                              [39m data={"usingAssignFormSchema":true,"assignFormSchema":{"_isJSONSchemaObject":true,"version":"2.0","name":"0mby4p7m0ow","type":"void","x-component":"Grid","x-initializer":"assignFieldValuesForm:configureFields","properties":{"2wbpfklshda":{"_isJSONSchemaObject":true,"version":"2.0","type":"void","x-component":"Grid.Row","properties":{"ibquc1d6wnd":{"_isJSONSchemaObject":true,"version":"2.0","type":"void","x-component":"Grid.Col","properties":{"total_defect":{"_isJSONSchemaObject":true,"version":"2.0","type":"string","name":"total_defect","x-toolbar":"FormItemSchemaToolbar","x-settings":"fieldSettings:FormItem","x-component":"AssignedField","x-decorator":"FormItem","x-collection-field":"collection_quality.total_defect"}},"name":"ibquc1d6wnd"}},"name":"2wbpfklshda"}}},"collection":"collection_quality","params":{"individualHooks":false,"filter":{"$and":[{"id":{"$eq":"{{$context.data.parent_summary.id}}"}}]},"values":{"total_defect":"{{$jobsMapByNodeKey.ca6c1jxzwq5}}"}}} workflowId=350169417580544
[34m2026-02-25 14:21:30 [debug] job added to save list: {"result":1,"status":1,"nodeId":350169417580546,"nodeKey":"9mun3sl2wtp","id":"6940473604209664","createdAt":"2026-02-25T06:21:30.758Z","updatedAt":"2026-02-25T06:21:30.758Z","executionId":350175081988097}[39m workflowId=350169417580544
[32m2026-02-25 14:21:30 [info]  execution (350175081988097) run instruction [update] for node (350169417580546) finished as status: 1[39m workflowId=350169417580544
[34m2026-02-25 14:21:30 [debug] result of node                              [39m data=1
[34m2026-02-25 14:21:30 [debug] branch ended at node (350169417580546)      [39m 
[34m2026-02-25 14:21:30 [debug] not on main, recall to parent entry node (350169417580546)})[39m workflowId=350169417580544
[32m2026-02-25 14:21:30 [info]  execution (350175081988097) resume instruction [parallel] for node (350169449037824)[39m workflowId=350169417580544
[34m2026-02-25 14:21:30 [debug] config of node                              [39m workflowId=350169417580544
[34m2026-02-25 14:21:30 [debug] job added to save list: {"status":0,"result":[1,null],"nodeId":350169449037824,"nodeKey":"chjc97mlb5y","upstreamId":null,"id":"6940473579043840","createdAt":"2026-02-25T06:21:30.752Z","updatedAt":"2026-02-25T06:21:30.760Z","executionId":350175081988097}[39m workflowId=350169417580544
[32m2026-02-25 14:21:30 [info]  execution (350175081988097) exiting with status 0[39m workflowId=350169417580544
[32m2026-02-25 14:21:30 [info]  execution (350175081988097) run instruction [aggregate] for node (350169465815040)[39m workflowId=350169417580544
[34m2026-02-25 14:21:30 [debug] config of node                              [39m data={"aggregator":"count","associated":true,"params":{"field":"id","filter":{"$and":[{"defect_rank":{"$eq":"level1"}},{"label":{"$noneOf":["功能屏蔽","已拒绝","建议"]}}]}},"precision":2,"collection":"defects","association":{"name":"module_defects","associatedKey":"{{$context.data.module_ref.id}}","associatedCollection":"module_summaries"}} workflowId=350169417580544
[31m2026-02-25 14:21:30 [error] execution (350175081988097) run instruction [aggregate] for node (350169465815040) failed: [39m workflowId=350169417580544
[34m2026-02-25 14:21:30 [debug] job added to save list: {"result":{"message":"WHERE parameter \"module\" has invalid \"undefined\" value"},"status":-2,"nodeId":350169465815040,"nodeKey":"h14qw1067vw","id":"6940473629375488","createdAt":"2026-02-25T06:21:30.764Z","updatedAt":"2026-02-25T06:21:30.764Z","executionId":350175081988097}[39m workflowId=350169417580544
[32m2026-02-25 14:21:30 [info]  execution (350175081988097) run instruction [aggregate] for node (350169465815040) finished as status: -2[39m workflowId=350169417580544
[34m2026-02-25 14:21:30 [debug] result of node                              [39m data={"message":"WHERE parameter \"module\" has invalid \"undefined\" value"}
[34m2026-02-25 14:21:30 [debug] branch ended at node (350169465815040)      [39m 
[34m2026-02-25 14:21:30 [debug] not on main, recall to parent entry node (350169465815040)})[39m workflowId=350169417580544
[32m2026-02-25 14:21:30 [info]  execution (350175081988097) resume instruction [parallel] for node (350169449037824)[39m workflowId=350169417580544
[34m2026-02-25 14:21:30 [debug] config of node                              [39m workflowId=350169417580544
[34m2026-02-25 14:21:30 [debug] job added to save list: {"status":-2,"result":[1,-2],"nodeId":350169449037824,"nodeKey":"chjc97mlb5y","upstreamId":null,"id":"6940473579043840","createdAt":"2026-02-25T06:21:30.752Z","updatedAt":"2026-02-25T06:21:30.760Z","executionId":350175081988097}[39m workflowId=350169417580544
[32m2026-02-25 14:21:30 [info]  execution (350175081988097) run instruction [parallel] for node (350169449037824) finished as status: -2[39m workflowId=350169417580544
[34m2026-02-25 14:21:30 [debug] result of node                              [39m data=[1,-2]
[34m2026-02-25 14:21:30 [debug] branch ended at node (350169449037824)      [39m 
[32m2026-02-25 14:21:30 [info]  execution (350175081988097) exiting with status -2[39m workflowId=350169417580544
[32m2026-02-25 14:21:30 [info]  execution (350175081988097) finished with status: -2[39m 
[34m2026-02-25 14:21:30 [debug] execution (350175081988097) details:        [39m execution={"createdAt":"2026-02-25T06:21:30.719Z","id":350175081988097,"updatedAt":"2026-02-25T06:21:30.769Z","key":"gljlkxparob","eventKey":"dd2dccfd-92bd-40e0-b35f-529773a8ff12","context":{"data":{"createdAt":"2026-02-25T06:21:30.709Z","updatedAt":"2026-02-25T06:21:30.713Z","defect":"图纸错误","defect_rank":"level1","priority":"P1","id":350175081988096,"f_jmazop48q5l":5,"createdById":1,"updatedById":1,"defect_classification":"网退","module":350174759026688,"label":["功能屏蔽"],"defect_status":"待修复","parent_summary":{"createdAt":"2026-02-25T05:53:31.951Z","updatedAt":"2026-02-25T06:20:41.779Z","owner_id":"nocobase","id":5,"total_count":null,"tested_count":null,"defect_count":null,"fixed_count":null,"pending_count":null,"loc":null,"kloc":0,"testing_rate":null,"fix_rate":null,"pending_rate":null,"defect_density":null,"total_defect":1,"module_type":"缺陷汇总","createdById":1,"updatedById":1}}},"status":-2,"dispatched":true,"stack":null,"output":null,"manually":null,"workflowId":350169417580544}
[32m2026-02-25 14:47:49 [info]  new event triggered, now events: 1          [39m 
[34m2026-02-25 14:47:49 [debug] event data:                                 [39m context={"data":{"createdAt":"2026-02-25T06:47:49.938Z","updatedAt":"2026-02-25T06:47:49.944Z","defect":"图纸错误","defect_rank":"level1","priority":"P1","id":350178393391104,"f_jmazop48q5l":1,"createdById":1,"updatedById":1,"defect_classification":"其他","module":350174740152320,"label":["已修复"],"defect_status":"已修复","parent_summary":{"createdAt":"2026-02-24T07:24:40.416Z","updatedAt":"2026-02-25T06:33:02.278Z","owner_id":"nocobase","id":1,"total_count":null,"tested_count":null,"defect_count":null,"fixed_count":null,"pending_count":null,"loc":null,"kloc":0,"testing_rate":null,"fix_rate":null,"pending_rate":null,"defect_density":null,"total_defect":0,"module_type":"缺陷汇总","createdById":1,"updatedById":1}}}
[32m2026-02-25 14:47:49 [info]  preparing execution for event               [39m 
[32m2026-02-25 14:47:49 [info]  execution of workflow 350169417580544 created as 350178393391105[39m 
[32m2026-02-25 14:47:49 [info]  local pending list is empty, adding execution (350178393391105) to pending list[39m 
[32m2026-02-25 14:47:49 [info]  pending execution (350178393391105) ready to process[39m 
[32m2026-02-25 14:47:49 [info]  execution (350178393391105) starting...     [39m 
[32m2026-02-25 14:47:49 [info]  execution (350178393391105) run instruction [parallel] for node (350169449037824)[39m workflowId=350169417580544
[34m2026-02-25 14:47:49 [debug] config of node                              [39m workflowId=350169417580544
[34m2026-02-25 14:47:49 [debug] job added to save list: {"status":0,"result":[null,null],"nodeId":350169449037824,"nodeKey":"chjc97mlb5y","upstreamId":null,"id":"6947097358138368","createdAt":"2026-02-25T06:47:49.984Z","updatedAt":"2026-02-25T06:47:49.984Z","executionId":350178393391105}[39m workflowId=350169417580544
[32m2026-02-25 14:47:49 [info]  execution (350178393391105) run instruction [aggregate] for node (350169417580545)[39m workflowId=350169417580544
[34m2026-02-25 14:47:49 [debug] config of node                              [39m data={"aggregator":"count","associated":true,"params":{"field":"id","filter":{"$and":[]}},"precision":2,"collection":"defects","association":{"name":"all_defects","associatedKey":"{{$context.data.parent_summary.id}}","associatedCollection":"collection_quality"}} workflowId=350169417580544
[34m2026-02-25 14:47:49 [debug] job added to save list: {"result":1,"status":1,"nodeId":350169417580545,"nodeKey":"ca6c1jxzwq5","id":"6947097370721280","createdAt":"2026-02-25T06:47:49.987Z","updatedAt":"2026-02-25T06:47:49.987Z","executionId":350178393391105}[39m workflowId=350169417580544
[32m2026-02-25 14:47:49 [info]  execution (350178393391105) run instruction [aggregate] for node (350169417580545) finished as status: 1[39m workflowId=350169417580544
[34m2026-02-25 14:47:49 [debug] result of node                              [39m data=1
[34m2026-02-25 14:47:49 [debug] run next node (350169417580546)             [39m 
[32m2026-02-25 14:47:49 [info]  execution (350178393391105) run instruction [update] for node (350169417580546)[39m workflowId=350169417580544
[34m2026-02-25 14:47:49 [debug] config of node                              [39m data={"usingAssignFormSchema":true,"assignFormSchema":{"_isJSONSchemaObject":true,"version":"2.0","name":"0mby4p7m0ow","type":"void","x-component":"Grid","x-initializer":"assignFieldValuesForm:configureFields","properties":{"2wbpfklshda":{"_isJSONSchemaObject":true,"version":"2.0","type":"void","x-component":"Grid.Row","properties":{"ibquc1d6wnd":{"_isJSONSchemaObject":true,"version":"2.0","type":"void","x-component":"Grid.Col","properties":{"total_defect":{"_isJSONSchemaObject":true,"version":"2.0","type":"string","name":"total_defect","x-toolbar":"FormItemSchemaToolbar","x-settings":"fieldSettings:FormItem","x-component":"AssignedField","x-decorator":"FormItem","x-collection-field":"collection_quality.total_defect"}},"name":"ibquc1d6wnd"}},"name":"2wbpfklshda"}}},"collection":"collection_quality","params":{"individualHooks":false,"filter":{"$and":[{"id":{"$eq":"{{$context.data.parent_summary.id}}"}}]},"values":{"total_defect":"{{$jobsMapByNodeKey.ca6c1jxzwq5}}"}}} workflowId=350169417580544
[34m2026-02-25 14:47:49 [debug] job added to save list: {"result":1,"status":1,"nodeId":350169417580546,"nodeKey":"9mun3sl2wtp","id":"6947097416858624","createdAt":"2026-02-25T06:47:49.998Z","updatedAt":"2026-02-25T06:47:49.998Z","executionId":350178393391105}[39m workflowId=350169417580544
[32m2026-02-25 14:47:49 [info]  execution (350178393391105) run instruction [update] for node (350169417580546) finished as status: 1[39m workflowId=350169417580544
[34m2026-02-25 14:47:49 [debug] result of node                              [39m data=1
[34m2026-02-25 14:47:49 [debug] branch ended at node (350169417580546)      [39m 
[34m2026-02-25 14:47:49 [debug] not on main, recall to parent entry node (350169417580546)})[39m workflowId=350169417580544
[32m2026-02-25 14:47:49 [info]  execution (350178393391105) resume instruction [parallel] for node (350169449037824)[39m workflowId=350169417580544
[34m2026-02-25 14:47:50 [debug] config of node                              [39m workflowId=350169417580544
[34m2026-02-25 14:47:50 [debug] job added to save list: {"status":0,"result":[1,null],"nodeId":350169449037824,"nodeKey":"chjc97mlb5y","upstreamId":null,"id":"6947097358138368","createdAt":"2026-02-25T06:47:49.984Z","updatedAt":"2026-02-25T06:47:50.000Z","executionId":350178393391105}[39m workflowId=350169417580544
[32m2026-02-25 14:47:50 [info]  execution (350178393391105) exiting with status 0[39m workflowId=350169417580544
[32m2026-02-25 14:47:50 [info]  execution (350178393391105) run instruction [aggregate] for node (350169465815040)[39m workflowId=350169417580544
[34m2026-02-25 14:47:50 [debug] config of node                              [39m data={"aggregator":"count","associated":true,"params":{"field":"id","filter":{"$and":[{"defect_rank":{"$eq":"level1"}},{"label":{"$noneOf":["功能屏蔽","已拒绝","建议"]}}]}},"precision":2,"collection":"defects","association":{"name":"module_defects","associatedKey":"{{$context.data.module_ref.id}}","associatedCollection":"module_summaries"}} workflowId=350169417580544
[31m2026-02-25 14:47:50 [error] execution (350178393391105) run instruction [aggregate] for node (350169465815040) failed: [39m workflowId=350169417580544
[34m2026-02-25 14:47:50 [debug] job added to save list: {"result":{"message":"WHERE parameter \"module\" has invalid \"undefined\" value"},"status":-2,"nodeId":350169465815040,"nodeKey":"h14qw1067vw","id":"6947097450413056","createdAt":"2026-02-25T06:47:50.006Z","updatedAt":"2026-02-25T06:47:50.006Z","executionId":350178393391105}[39m workflowId=350169417580544
[32m2026-02-25 14:47:50 [info]  execution (350178393391105) run instruction [aggregate] for node (350169465815040) finished as status: -2[39m workflowId=350169417580544
[34m2026-02-25 14:47:50 [debug] result of node                              [39m data={"message":"WHERE parameter \"module\" has invalid \"undefined\" value"}
[34m2026-02-25 14:47:50 [debug] branch ended at node (350169465815040)      [39m 
[34m2026-02-25 14:47:50 [debug] not on main, recall to parent entry node (350169465815040)})[39m workflowId=350169417580544
[32m2026-02-25 14:47:50 [info]  execution (350178393391105) resume instruction [parallel] for node (350169449037824)[39m workflowId=350169417580544
[34m2026-02-25 14:47:50 [debug] config of node                              [39m workflowId=350169417580544
[34m2026-02-25 14:47:50 [debug] job added to save list: {"status":-2,"result":[1,-2],"nodeId":350169449037824,"nodeKey":"chjc97mlb5y","upstreamId":null,"id":"6947097358138368","createdAt":"2026-02-25T06:47:49.984Z","updatedAt":"2026-02-25T06:47:50.000Z","executionId":350178393391105}[39m workflowId=350169417580544
[32m2026-02-25 14:47:50 [info]  execution (350178393391105) run instruction [parallel] for node (350169449037824) finished as status: -2[39m workflowId=350169417580544
[34m2026-02-25 14:47:50 [debug] result of node                              [39m data=[1,-2]
[34m2026-02-25 14:47:50 [debug] branch ended at node (350169449037824)      [39m 
[32m2026-02-25 14:47:50 [info]  execution (350178393391105) exiting with status -2[39m workflowId=350169417580544
[32m2026-02-25 14:47:50 [info]  execution (350178393391105) finished with status: -2[39m 
[34m2026-02-25 14:47:50 [debug] execution (350178393391105) details:        [39m execution={"createdAt":"2026-02-25T06:47:49.950Z","id":350178393391105,"updatedAt":"2026-02-25T06:47:50.011Z","key":"gljlkxparob","eventKey":"c745f28f-e9e1-4647-84db-6ae8385d3087","context":{"data":{"createdAt":"2026-02-25T06:47:49.938Z","updatedAt":"2026-02-25T06:47:49.944Z","defect":"图纸错误","defect_rank":"level1","priority":"P1","id":350178393391104,"f_jmazop48q5l":1,"createdById":1,"updatedById":1,"defect_classification":"其他","module":350174740152320,"label":["已修复"],"defect_status":"已修复","parent_summary":{"createdAt":"2026-02-24T07:24:40.416Z","updatedAt":"2026-02-25T06:33:02.278Z","owner_id":"nocobase","id":1,"total_count":null,"tested_count":null,"defect_count":null,"fixed_count":null,"pending_count":null,"loc":null,"kloc":0,"testing_rate":null,"fix_rate":null,"pending_rate":null,"defect_density":null,"total_defect":0,"module_type":"缺陷汇总","createdById":1,"updatedById":1}}},"status":-2,"dispatched":true,"stack":null,"output":null,"manually":null,"workflowId":350169417580544}
[32m2026-02-25 14:48:15 [info]  new event triggered, now events: 1          [39m 
[34m2026-02-25 14:48:15 [debug] event data:                                 [39m context={"data":{"createdAt":"2026-02-25T06:48:15.368Z","updatedAt":"2026-02-25T06:48:15.375Z","defect":"图纸错误","defect_rank":"level2","priority":"P2","id":350178447917056,"f_jmazop48q5l":2,"createdById":1,"updatedById":1,"defect_classification":"其他","module":350174740152320,"label":["待合并"],"defect_status":"待修复","parent_summary":{"createdAt":"2026-02-24T07:27:30.266Z","updatedAt":"2026-02-25T06:32:56.814Z","owner_id":"jason","id":2,"total_count":null,"tested_count":null,"defect_count":null,"fixed_count":null,"pending_count":null,"loc":null,"kloc":0,"testing_rate":null,"fix_rate":null,"pending_rate":null,"defect_density":null,"total_defect":0,"module_type":"缺陷汇总","createdById":1,"updatedById":1}}}
[32m2026-02-25 14:48:15 [info]  preparing execution for event               [39m 
[32m2026-02-25 14:48:15 [info]  execution of workflow 350169417580544 created as 350178447917057[39m 
[32m2026-02-25 14:48:15 [info]  local pending list is empty, adding execution (350178447917057) to pending list[39m 
[32m2026-02-25 14:48:15 [info]  pending execution (350178447917057) ready to process[39m 
[32m2026-02-25 14:48:15 [info]  execution (350178447917057) starting...     [39m 
[32m2026-02-25 14:48:15 [info]  execution (350178447917057) run instruction [parallel] for node (350169449037824)[39m workflowId=350169417580544
[34m2026-02-25 14:48:15 [debug] config of node                              [39m workflowId=350169417580544
[34m2026-02-25 14:48:15 [debug] job added to save list: {"status":0,"result":[null,null],"nodeId":350169449037824,"nodeKey":"chjc97mlb5y","upstreamId":null,"id":"6947204065426432","createdAt":"2026-02-25T06:48:15.425Z","updatedAt":"2026-02-25T06:48:15.425Z","executionId":350178447917057}[39m workflowId=350169417580544
[32m2026-02-25 14:48:15 [info]  execution (350178447917057) run instruction [aggregate] for node (350169417580545)[39m workflowId=350169417580544
[34m2026-02-25 14:48:15 [debug] config of node                              [39m data={"aggregator":"count","associated":true,"params":{"field":"id","filter":{"$and":[]}},"precision":2,"collection":"defects","association":{"name":"all_defects","associatedKey":"{{$context.data.parent_summary.id}}","associatedCollection":"collection_quality"}} workflowId=350169417580544
[34m2026-02-25 14:48:15 [debug] job added to save list: {"result":1,"status":1,"nodeId":350169417580545,"nodeKey":"ca6c1jxzwq5","id":"6947204073815040","createdAt":"2026-02-25T06:48:15.427Z","updatedAt":"2026-02-25T06:48:15.427Z","executionId":350178447917057}[39m workflowId=350169417580544
[32m2026-02-25 14:48:15 [info]  execution (350178447917057) run instruction [aggregate] for node (350169417580545) finished as status: 1[39m workflowId=350169417580544
[34m2026-02-25 14:48:15 [debug] result of node                              [39m data=1
[34m2026-02-25 14:48:15 [debug] run next node (350169417580546)             [39m 
[32m2026-02-25 14:48:15 [info]  execution (350178447917057) run instruction [update] for node (350169417580546)[39m workflowId=350169417580544
[34m2026-02-25 14:48:15 [debug] config of node                              [39m data={"usingAssignFormSchema":true,"assignFormSchema":{"_isJSONSchemaObject":true,"version":"2.0","name":"0mby4p7m0ow","type":"void","x-component":"Grid","x-initializer":"assignFieldValuesForm:configureFields","properties":{"2wbpfklshda":{"_isJSONSchemaObject":true,"version":"2.0","type":"void","x-component":"Grid.Row","properties":{"ibquc1d6wnd":{"_isJSONSchemaObject":true,"version":"2.0","type":"void","x-component":"Grid.Col","properties":{"total_defect":{"_isJSONSchemaObject":true,"version":"2.0","type":"string","name":"total_defect","x-toolbar":"FormItemSchemaToolbar","x-settings":"fieldSettings:FormItem","x-component":"AssignedField","x-decorator":"FormItem","x-collection-field":"collection_quality.total_defect"}},"name":"ibquc1d6wnd"}},"name":"2wbpfklshda"}}},"collection":"collection_quality","params":{"individualHooks":false,"filter":{"$and":[{"id":{"$eq":"{{$context.data.parent_summary.id}}"}}]},"values":{"total_defect":"{{$jobsMapByNodeKey.ca6c1jxzwq5}}"}}} workflowId=350169417580544
[34m2026-02-25 14:48:15 [debug] job added to save list: {"result":1,"status":1,"nodeId":350169417580546,"nodeKey":"9mun3sl2wtp","id":"6947204094786560","createdAt":"2026-02-25T06:48:15.432Z","updatedAt":"2026-02-25T06:48:15.432Z","executionId":350178447917057}[39m workflowId=350169417580544
[32m2026-02-25 14:48:15 [info]  execution (350178447917057) run instruction [update] for node (350169417580546) finished as status: 1[39m workflowId=350169417580544
[34m2026-02-25 14:48:15 [debug] result of node                              [39m data=1
[34m2026-02-25 14:48:15 [debug] branch ended at node (350169417580546)      [39m 
[34m2026-02-25 14:48:15 [debug] not on main, recall to parent entry node (350169417580546)})[39m workflowId=350169417580544
[32m2026-02-25 14:48:15 [info]  execution (350178447917057) resume instruction [parallel] for node (350169449037824)[39m workflowId=350169417580544
[34m2026-02-25 14:48:15 [debug] config of node                              [39m workflowId=350169417580544
[34m2026-02-25 14:48:15 [debug] job added to save list: {"status":0,"result":[1,null],"nodeId":350169449037824,"nodeKey":"chjc97mlb5y","upstreamId":null,"id":"6947204065426432","createdAt":"2026-02-25T06:48:15.425Z","updatedAt":"2026-02-25T06:48:15.434Z","executionId":350178447917057}[39m workflowId=350169417580544
[32m2026-02-25 14:48:15 [info]  execution (350178447917057) exiting with status 0[39m workflowId=350169417580544
[32m2026-02-25 14:48:15 [info]  execution (350178447917057) run instruction [aggregate] for node (350169465815040)[39m workflowId=350169417580544
[34m2026-02-25 14:48:15 [debug] config of node                              [39m data={"aggregator":"count","associated":true,"params":{"field":"id","filter":{"$and":[{"defect_rank":{"$eq":"level1"}},{"label":{"$noneOf":["功能屏蔽","已拒绝","建议"]}}]}},"precision":2,"collection":"defects","association":{"name":"module_defects","associatedKey":"{{$context.data.module_ref.id}}","associatedCollection":"module_summaries"}} workflowId=350169417580544
[31m2026-02-25 14:48:15 [error] execution (350178447917057) run instruction [aggregate] for node (350169465815040) failed: [39m workflowId=350169417580544
[34m2026-02-25 14:48:15 [debug] job added to save list: {"result":{"message":"WHERE parameter \"module\" has invalid \"undefined\" value"},"status":-2,"nodeId":350169465815040,"nodeKey":"h14qw1067vw","id":"6947204119952384","createdAt":"2026-02-25T06:48:15.438Z","updatedAt":"2026-02-25T06:48:15.438Z","executionId":350178447917057}[39m workflowId=350169417580544
[32m2026-02-25 14:48:15 [info]  execution (350178447917057) run instruction [aggregate] for node (350169465815040) finished as status: -2[39m workflowId=350169417580544
[34m2026-02-25 14:48:15 [debug] result of node                              [39m data={"message":"WHERE parameter \"module\" has invalid \"undefined\" value"}
[34m2026-02-25 14:48:15 [debug] branch ended at node (350169465815040)      [39m 
[34m2026-02-25 14:48:15 [debug] not on main, recall to parent entry node (350169465815040)})[39m workflowId=350169417580544
[32m2026-02-25 14:48:15 [info]  execution (350178447917057) resume instruction [parallel] for node (350169449037824)[39m workflowId=350169417580544
[34m2026-02-25 14:48:15 [debug] config of node                              [39m workflowId=350169417580544
[34m2026-02-25 14:48:15 [debug] job added to save list: {"status":-2,"result":[1,-2],"nodeId":350169449037824,"nodeKey":"chjc97mlb5y","upstreamId":null,"id":"6947204065426432","createdAt":"2026-02-25T06:48:15.425Z","updatedAt":"2026-02-25T06:48:15.434Z","executionId":350178447917057}[39m workflowId=350169417580544
[32m2026-02-25 14:48:15 [info]  execution (350178447917057) run instruction [parallel] for node (350169449037824) finished as status: -2[39m workflowId=350169417580544
[34m2026-02-25 14:48:15 [debug] result of node                              [39m data=[1,-2]
[34m2026-02-25 14:48:15 [debug] branch ended at node (350169449037824)      [39m 
[32m2026-02-25 14:48:15 [info]  execution (350178447917057) exiting with status -2[39m workflowId=350169417580544
[32m2026-02-25 14:48:15 [info]  execution (350178447917057) finished with status: -2[39m 
[34m2026-02-25 14:48:15 [debug] execution (350178447917057) details:        [39m execution={"createdAt":"2026-02-25T06:48:15.382Z","id":350178447917057,"updatedAt":"2026-02-25T06:48:15.444Z","key":"gljlkxparob","eventKey":"92bc55e7-27fe-41a4-840e-b15487b907a7","context":{"data":{"createdAt":"2026-02-25T06:48:15.368Z","updatedAt":"2026-02-25T06:48:15.375Z","defect":"图纸错误","defect_rank":"level2","priority":"P2","id":350178447917056,"f_jmazop48q5l":2,"createdById":1,"updatedById":1,"defect_classification":"其他","module":350174740152320,"label":["待合并"],"defect_status":"待修复","parent_summary":{"createdAt":"2026-02-24T07:27:30.266Z","updatedAt":"2026-02-25T06:32:56.814Z","owner_id":"jason","id":2,"total_count":null,"tested_count":null,"defect_count":null,"fixed_count":null,"pending_count":null,"loc":null,"kloc":0,"testing_rate":null,"fix_rate":null,"pending_rate":null,"defect_density":null,"total_defect":0,"module_type":"缺陷汇总","createdById":1,"updatedById":1}}},"status":-2,"dispatched":true,"stack":null,"output":null,"manually":null,"workflowId":350169417580544}
[32m2026-02-25 14:48:41 [info]  new event triggered, now events: 1          [39m 
[34m2026-02-25 14:48:41 [debug] event data:                                 [39m context={"data":{"createdAt":"2026-02-25T06:48:41.289Z","updatedAt":"2026-02-25T06:48:41.295Z","defect":"图纸显示不全","defect_rank":"level3","priority":"P3","id":350178502443008,"f_jmazop48q5l":3,"createdById":1,"updatedById":1,"defect_classification":"其他","module":350174740152320,"label":["历史遗留"],"defect_status":"无需修复","parent_summary":{"createdAt":"2026-02-24T07:27:36.161Z","updatedAt":"2026-02-25T06:32:52.394Z","owner_id":"nocobase","id":3,"total_count":null,"tested_count":null,"defect_count":null,"fixed_count":null,"pending_count":null,"loc":null,"kloc":0,"testing_rate":null,"fix_rate":null,"pending_rate":null,"defect_density":null,"total_defect":0,"module_type":"缺陷汇总","createdById":1,"updatedById":1}}}
[32m2026-02-25 14:48:41 [info]  preparing execution for event               [39m 
[32m2026-02-25 14:48:41 [info]  execution of workflow 350169417580544 created as 350178502443009[39m 
[32m2026-02-25 14:48:41 [info]  local pending list is empty, adding execution (350178502443009) to pending list[39m 
[32m2026-02-25 14:48:41 [info]  pending execution (350178502443009) ready to process[39m 
[32m2026-02-25 14:48:41 [info]  execution (350178502443009) starting...     [39m 
[32m2026-02-25 14:48:41 [info]  execution (350178502443009) run instruction [parallel] for node (350169449037824)[39m workflowId=350169417580544
[34m2026-02-25 14:48:41 [debug] config of node                              [39m workflowId=350169417580544
[34m2026-02-25 14:48:41 [debug] job added to save list: {"status":0,"result":[null,null],"nodeId":350169449037824,"nodeKey":"chjc97mlb5y","upstreamId":null,"id":"6947312706288640","createdAt":"2026-02-25T06:48:41.327Z","updatedAt":"2026-02-25T06:48:41.327Z","executionId":350178502443009}[39m workflowId=350169417580544
[32m2026-02-25 14:48:41 [info]  execution (350178502443009) run instruction [aggregate] for node (350169417580545)[39m workflowId=350169417580544
[34m2026-02-25 14:48:41 [debug] config of node                              [39m data={"aggregator":"count","associated":true,"params":{"field":"id","filter":{"$and":[]}},"precision":2,"collection":"defects","association":{"name":"all_defects","associatedKey":"{{$context.data.parent_summary.id}}","associatedCollection":"collection_quality"}} workflowId=350169417580544
[34m2026-02-25 14:48:41 [debug] job added to save list: {"result":1,"status":1,"nodeId":350169417580545,"nodeKey":"ca6c1jxzwq5","id":"6947312710482944","createdAt":"2026-02-25T06:48:41.328Z","updatedAt":"2026-02-25T06:48:41.328Z","executionId":350178502443009}[39m workflowId=350169417580544
[32m2026-02-25 14:48:41 [info]  execution (350178502443009) run instruction [aggregate] for node (350169417580545) finished as status: 1[39m workflowId=350169417580544
[34m2026-02-25 14:48:41 [debug] result of node                              [39m data=1
[34m2026-02-25 14:48:41 [debug] run next node (350169417580546)             [39m 
[32m2026-02-25 14:48:41 [info]  execution (350178502443009) run instruction [update] for node (350169417580546)[39m workflowId=350169417580544
[34m2026-02-25 14:48:41 [debug] config of node                              [39m data={"usingAssignFormSchema":true,"assignFormSchema":{"_isJSONSchemaObject":true,"version":"2.0","name":"0mby4p7m0ow","type":"void","x-component":"Grid","x-initializer":"assignFieldValuesForm:configureFields","properties":{"2wbpfklshda":{"_isJSONSchemaObject":true,"version":"2.0","type":"void","x-component":"Grid.Row","properties":{"ibquc1d6wnd":{"_isJSONSchemaObject":true,"version":"2.0","type":"void","x-component":"Grid.Col","properties":{"total_defect":{"_isJSONSchemaObject":true,"version":"2.0","type":"string","name":"total_defect","x-toolbar":"FormItemSchemaToolbar","x-settings":"fieldSettings:FormItem","x-component":"AssignedField","x-decorator":"FormItem","x-collection-field":"collection_quality.total_defect"}},"name":"ibquc1d6wnd"}},"name":"2wbpfklshda"}}},"collection":"collection_quality","params":{"individualHooks":false,"filter":{"$and":[{"id":{"$eq":"{{$context.data.parent_summary.id}}"}}]},"values":{"total_defect":"{{$jobsMapByNodeKey.ca6c1jxzwq5}}"}}} workflowId=350169417580544
[34m2026-02-25 14:48:41 [debug] job added to save list: {"result":1,"status":1,"nodeId":350169417580546,"nodeKey":"9mun3sl2wtp","id":"6947312731454464","createdAt":"2026-02-25T06:48:41.333Z","updatedAt":"2026-02-25T06:48:41.333Z","executionId":350178502443009}[39m workflowId=350169417580544
[32m2026-02-25 14:48:41 [info]  execution (350178502443009) run instruction [update] for node (350169417580546) finished as status: 1[39m workflowId=350169417580544
[34m2026-02-25 14:48:41 [debug] result of node                              [39m data=1
[34m2026-02-25 14:48:41 [debug] branch ended at node (350169417580546)      [39m 
[34m2026-02-25 14:48:41 [debug] not on main, recall to parent entry node (350169417580546)})[39m workflowId=350169417580544
[32m2026-02-25 14:48:41 [info]  execution (350178502443009) resume instruction [parallel] for node (350169449037824)[39m workflowId=350169417580544
[34m2026-02-25 14:48:41 [debug] config of node                              [39m workflowId=350169417580544
[34m2026-02-25 14:48:41 [debug] job added to save list: {"status":0,"result":[1,null],"nodeId":350169449037824,"nodeKey":"chjc97mlb5y","upstreamId":null,"id":"6947312706288640","createdAt":"2026-02-25T06:48:41.327Z","updatedAt":"2026-02-25T06:48:41.337Z","executionId":350178502443009}[39m workflowId=350169417580544
[32m2026-02-25 14:48:41 [info]  execution (350178502443009) exiting with status 0[39m workflowId=350169417580544
[32m2026-02-25 14:48:41 [info]  execution (350178502443009) run instruction [aggregate] for node (350169465815040)[39m workflowId=350169417580544
[34m2026-02-25 14:48:41 [debug] config of node                              [39m data={"aggregator":"count","associated":true,"params":{"field":"id","filter":{"$and":[{"defect_rank":{"$eq":"level1"}},{"label":{"$noneOf":["功能屏蔽","已拒绝","建议"]}}]}},"precision":2,"collection":"defects","association":{"name":"module_defects","associatedKey":"{{$context.data.module_ref.id}}","associatedCollection":"module_summaries"}} workflowId=350169417580544
[31m2026-02-25 14:48:41 [error] execution (350178502443009) run instruction [aggregate] for node (350169465815040) failed: [39m workflowId=350169417580544
[34m2026-02-25 14:48:41 [debug] job added to save list: {"result":{"message":"WHERE parameter \"module\" has invalid \"undefined\" value"},"status":-2,"nodeId":350169465815040,"nodeKey":"h14qw1067vw","id":"6947312760814592","createdAt":"2026-02-25T06:48:41.340Z","updatedAt":"2026-02-25T06:48:41.340Z","executionId":350178502443009}[39m workflowId=350169417580544
[32m2026-02-25 14:48:41 [info]  execution (350178502443009) run instruction [aggregate] for node (350169465815040) finished as status: -2[39m workflowId=350169417580544
[34m2026-02-25 14:48:41 [debug] result of node                              [39m data={"message":"WHERE parameter \"module\" has invalid \"undefined\" value"}
[34m2026-02-25 14:48:41 [debug] branch ended at node (350169465815040)      [39m 
[34m2026-02-25 14:48:41 [debug] not on main, recall to parent entry node (350169465815040)})[39m workflowId=350169417580544
[32m2026-02-25 14:48:41 [info]  execution (350178502443009) resume instruction [parallel] for node (350169449037824)[39m workflowId=350169417580544
[34m2026-02-25 14:48:41 [debug] config of node                              [39m workflowId=350169417580544
[34m2026-02-25 14:48:41 [debug] job added to save list: {"status":-2,"result":[1,-2],"nodeId":350169449037824,"nodeKey":"chjc97mlb5y","upstreamId":null,"id":"6947312706288640","createdAt":"2026-02-25T06:48:41.327Z","updatedAt":"2026-02-25T06:48:41.337Z","executionId":350178502443009}[39m workflowId=350169417580544
[32m2026-02-25 14:48:41 [info]  execution (350178502443009) run instruction [parallel] for node (350169449037824) finished as status: -2[39m workflowId=350169417580544
[34m2026-02-25 14:48:41 [debug] result of node                              [39m data=[1,-2]
[34m2026-02-25 14:48:41 [debug] branch ended at node (350169449037824)      [39m 
[32m2026-02-25 14:48:41 [info]  execution (350178502443009) exiting with status -2[39m workflowId=350169417580544
[32m2026-02-25 14:48:41 [info]  execution (350178502443009) finished with status: -2[39m 
[34m2026-02-25 14:48:41 [debug] execution (350178502443009) details:        [39m execution={"createdAt":"2026-02-25T06:48:41.300Z","id":350178502443009,"updatedAt":"2026-02-25T06:48:41.344Z","key":"gljlkxparob","eventKey":"52aa27c2-85a0-4fa9-8b3f-35073a3af456","context":{"data":{"createdAt":"2026-02-25T06:48:41.289Z","updatedAt":"2026-02-25T06:48:41.295Z","defect":"图纸显示不全","defect_rank":"level3","priority":"P3","id":350178502443008,"f_jmazop48q5l":3,"createdById":1,"updatedById":1,"defect_classification":"其他","module":350174740152320,"label":["历史遗留"],"defect_status":"无需修复","parent_summary":{"createdAt":"2026-02-24T07:27:36.161Z","updatedAt":"2026-02-25T06:32:52.394Z","owner_id":"nocobase","id":3,"total_count":null,"tested_count":null,"defect_count":null,"fixed_count":null,"pending_count":null,"loc":null,"kloc":0,"testing_rate":null,"fix_rate":null,"pending_rate":null,"defect_density":null,"total_defect":0,"module_type":"缺陷汇总","createdById":1,"updatedById":1}}},"status":-2,"dispatched":true,"stack":null,"output":null,"manually":null,"workflowId":350169417580544}
[32m2026-02-25 14:59:25 [info]  toggle OFF workflow 350169417580544         [39m workflowId=350169417580544
[32m2026-02-25 14:59:25 [info]  toggle OFF workflow 350169417580544         [39m workflowId=350169417580544
