[32m2026-02-28 09:17:56 [info]  toggle OFF workflow 350680445943808         [39m workflowId=350680445943808
[32m2026-02-28 09:25:10 [info]  toggle ON workflow 350680445943808          [39m workflowId=350680445943808
[32m2026-02-28 09:30:35 [info]  toggle OFF workflow 350680445943808         [39m workflowId=350680445943808
[32m2026-02-28 09:30:35 [info]  toggle ON workflow 350680445943808          [39m workflowId=350680445943808
[32m2026-02-28 09:31:29 [info]  new event triggered, now events: 1          [39m 
[34m2026-02-28 09:31:29 [debug] event data:                                 [39m context={"data":{"createdAt":"2026-02-28T01:31:19.928Z","updatedAt":"2026-02-28T01:31:19.931Z","defect_classification":"ÕģČõ╗¢","defect":"ÕøŠń║ĖµśŠńż║õĖŹÕģ©","defect_rank":"level1","priority":null,"id":350682148831232,"defect_status":"ÕĘ▓Õģ│ķŚŁ","module":null,"f_jmazop48q5l":350682098499584,"createdById":1,"updatedById":1,"label":["ÕĘ▓õ┐«ÕżŹ"]}}
[32m2026-02-28 09:31:29 [info]  preparing execution for event               [39m 
[32m2026-02-28 09:31:29 [info]  execution of workflow 350680445943808 created as 350682169802752[39m 
[32m2026-02-28 09:31:30 [info]  local pending list is empty, adding execution (350682169802752) to pending list[39m 
[32m2026-02-28 09:31:30 [info]  pending execution (350682169802752) ready to process[39m 
[32m2026-02-28 09:31:30 [info]  execution (350682169802752) starting...     [39m 
[32m2026-02-28 09:31:30 [info]  execution (350682169802752) run instruction [query] for node (350680471109632)[39m workflowId=350680445943808
[34m2026-02-28 09:31:30 [debug] config of node                              [39m data={"multiple":true,"collection":"module_summaries","params":{"filter":{"$and":[]},"sort":[],"page":1,"pageSize":20,"appends":[]}} workflowId=350680445943808
[34m2026-02-28 09:31:30 [debug] job added to save list: {"result":[{"createdAt":"2026-02-28T01:30:57.481Z","updatedAt":"2026-02-28T01:31:20.112Z","id":350682102693888,"module_name":"ÕĘźń©ŗÕøŠ","level_1_count":"1","level_2_count":"0","level_3_count":"0","level_1_fixed":"1","level_2_fixed":"0","level_3_fixed":"0","p1_total":"0","p1_fixed":"0","p2_total":"0","p2_fixed":"0","p3_total":"0","p3_fixed":"0","total_closed":"1","total_delayed":"0","level_1_rollback":"0","level_1_hang":"0","level_1_other":"1","p1_closed":"0","open_count":"0","retest_failed_count":"0","module_total":"1","suggested_count":"0","p2_fixed_rate":null,"p3_fixed_rate":null,"p1_fixed_rate":null,"level_2_fixed_rate":null,"total_fixed":"1","fixed_unupdated":"0","level_3_fixed_rate":null,"level_1_fixed_rate":100,"p1_close_rate":null,"new_issue_total":"1","new_issue_fixed":"1","total_fixed_rate":100,"total_close_rate":100,"createdById":1,"updatedById":1},{"createdAt":"2026-02-28T01:30:59.856Z","updatedAt":"2026-02-28T01:31:20.250Z","id":350682106888192,"module_name":"ĶŹēÕøŠ","level_1_count":"1","level_2_count":"0","level_3_count":"0","level_1_fixed":"1","level_2_fixed":"0","level_3_fixed":"0","p1_total":"0","p1_fixed":"0","p2_total":"0","p2_fixed":"0","p3_total":"0","p3_fixed":"0","total_closed":"1","total_delayed":"0","level_1_rollback":"0","level_1_hang":"0","level_1_other":"1","p1_closed":"0","open_count":"0","retest_failed_count":"0","module_total":"1","suggested_count":"0","p2_fixed_rate":null,"p3_fixed_rate":null,"p1_fixed_rate":null,"level_2_fixed_rate":null,"total_fixed":"1","fixed_unupdated":"0","level_3_fixed_rate":null,"level_1_fixed_rate":100,"p1_close_rate":null,"new_issue_total":"1","new_issue_fixed":"1","total_fixed_rate":100,"total_close_rate":100,"createdById":1,"updatedById":1}],"status":1,"nodeId":350680471109632,"nodeKey":"xqb45m3d7w0","id":"7954653257946112","createdAt":"2026-02-28T01:31:30.030Z","updatedAt":"2026-02-28T01:31:30.030Z","executionId":350682169802752}[39m workflowId=350680445943808
[32m2026-02-28 09:31:30 [info]  execution (350682169802752) run instruction [query] for node (350680471109632) finished as status: 1[39m workflowId=350680445943808
[34m2026-02-28 09:31:30 [debug] result of node                              [39m data=[{"createdAt":"2026-02-28T01:30:57.481Z","updatedAt":"2026-02-28T01:31:20.112Z","id":350682102693888,"module_name":"ÕĘźń©ŗÕøŠ","level_1_count":"1","level_2_count":"0","level_3_count":"0","level_1_fixed":"1","level_2_fixed":"0","level_3_fixed":"0","p1_total":"0","p1_fixed":"0","p2_total":"0","p2_fixed":"0","p3_total":"0","p3_fixed":"0","total_closed":"1","total_delayed":"0","level_1_rollback":"0","level_1_hang":"0","level_1_other":"1","p1_closed":"0","open_count":"0","retest_failed_count":"0","module_total":"1","suggested_count":"0","p2_fixed_rate":null,"p3_fixed_rate":null,"p1_fixed_rate":null,"level_2_fixed_rate":null,"total_fixed":"1","fixed_unupdated":"0","level_3_fixed_rate":null,"level_1_fixed_rate":100,"p1_close_rate":null,"new_issue_total":"1","new_issue_fixed":"1","total_fixed_rate":100,"total_close_rate":100,"createdById":1,"updatedById":1},{"createdAt":"2026-02-28T01:30:59.856Z","updatedAt":"2026-02-28T01:31:20.250Z","id":350682106888192,"module_name":"ĶŹēÕøŠ","level_1_count":"1","level_2_count":"0","level_3_count":"0","level_1_fixed":"1","level_2_fixed":"0","level_3_fixed":"0","p1_total":"0","p1_fixed":"0","p2_total":"0","p2_fixed":"0","p3_total":"0","p3_fixed":"0","total_closed":"1","total_delayed":"0","level_1_rollback":"0","level_1_hang":"0","level_1_other":"1","p1_closed":"0","open_count":"0","retest_failed_count":"0","module_total":"1","suggested_count":"0","p2_fixed_rate":null,"p3_fixed_rate":null,"p1_fixed_rate":null,"level_2_fixed_rate":null,"total_fixed":"1","fixed_unupdated":"0","level_3_fixed_rate":null,"level_1_fixed_rate":100,"p1_close_rate":null,"new_issue_total":"1","new_issue_fixed":"1","total_fixed_rate":100,"total_close_rate":100,"createdById":1,"updatedById":1}]
[34m2026-02-28 09:31:30 [debug] run next node (350681005883392)             [39m 
[32m2026-02-28 09:31:30 [info]  execution (350682169802752) run instruction [loop] for node (350681005883392)[39m workflowId=350680445943808
[34m2026-02-28 09:31:30 [debug] config of node                              [39m data={"target":"{{$jobsMapByNodeKey.xqb45m3d7w0}}","condition":false,"exit":0} workflowId=350680445943808
[34m2026-02-28 09:31:30 [debug] job added to save list: {"status":0,"result":{"looped":0,"done":0},"nodeId":350681005883392,"nodeKey":"4gilbixctsb","upstreamId":"7954653257946112","id":"7954653266334720","createdAt":"2026-02-28T01:31:30.032Z","updatedAt":"2026-02-28T01:31:30.032Z","executionId":350682169802752}[39m workflowId=350680445943808
[32m2026-02-28 09:31:30 [info]  execution (350682169802752) run instruction [aggregate] for node (350681299484672)[39m workflowId=350680445943808
[34m2026-02-28 09:31:30 [debug] config of node                              [39m data={"aggregator":"count","associated":false,"params":{"field":"id","filter":{"$and":[{"defect_rank":{"$eq":"level1"}},{"label":{"$noneOf":["ÕŖ¤ĶāĮÕ▒ÅĶöĮ","ÕĘ▓µŗÆń╗Ø","Õ╗║Ķ««"]}},{"module_ref":{"id":{"$eq":"{{$scopes.4gilbixctsb.item.id}}"}}},{"$or":[{"defect_status":{"$ne":"ÕĘ▓Õģ│ķŚŁ"}},{"label":{"$noneOf":["ńö│Ķ»ĘÕÉ”Õå│","µĢ░µŹ«Õ╝éÕĖĖ","Ķ«ŠĶ«ĪÕ”éµŁż"]}}]}]}},"precision":2,"collection":"defects"} workflowId=350680445943808
[34m2026-02-28 09:31:30 [debug] job added to save list: {"result":0,"status":1,"nodeId":350681299484672,"nodeKey":"4w8yvz144ck","id":"7954653295694848","createdAt":"2026-02-28T01:31:30.039Z","updatedAt":"2026-02-28T01:31:30.039Z","executionId":350682169802752}[39m workflowId=350680445943808
[32m2026-02-28 09:31:30 [info]  execution (350682169802752) run instruction [aggregate] for node (350681299484672) finished as status: 1[39m workflowId=350680445943808
[34m2026-02-28 09:31:30 [debug] result of node                              [39m 
[34m2026-02-28 09:31:30 [debug] run next node (350681301581824)             [39m 
[32m2026-02-28 09:31:30 [info]  execution (350682169802752) run instruction [aggregate] for node (350681301581824)[39m workflowId=350680445943808
[34m2026-02-28 09:31:30 [debug] config of node                              [39m data={"aggregator":"count","associated":false,"params":{"field":"id","filter":{"$and":[{"defect_rank":{"$eq":"level1"}},{"label":{"$noneOf":["ÕŖ¤ĶāĮÕ▒ÅĶöĮ","ÕĘ▓µŗÆń╗Ø","Õ╗║Ķ««"]}},{"$or":[{"label":{"$anyOf":["ÕĘ▓õ┐«ÕżŹ","ÕŠģÕÉłÕ╣Č"]}},{"$and":[{"label":{"$anyOf":["µ£¬ÕżŹńÄ░"]}},{"defect_status":{"$eq":"ÕĘ▓Õģ│ķŚŁ"}}]}]},{"module_ref":{"id":{"$eq":"{{$scopes.4gilbixctsb.item.id}}"}}},{"$or":[{"defect_status":{"$ne":"ÕĘ▓Õģ│ķŚŁ"}},{"label":{"$noneOf":["ńö│Ķ»ĘÕÉ”Õå│","µĢ░µŹ«Õ╝éÕĖĖ","Ķ«ŠĶ«ĪÕ”éµŁż"]}}]}]}},"precision":2,"collection":"defects"} workflowId=350680445943808
[34m2026-02-28 09:31:30 [debug] job added to save list: {"result":0,"status":1,"nodeId":350681301581824,"nodeKey":"kulk5djdvpv","id":"7954653325054976","createdAt":"2026-02-28T01:31:30.046Z","updatedAt":"2026-02-28T01:31:30.046Z","executionId":350682169802752}[39m workflowId=350680445943808
[32m2026-02-28 09:31:30 [info]  execution (350682169802752) run instruction [aggregate] for node (350681301581824) finished as status: 1[39m workflowId=350680445943808
[34m2026-02-28 09:31:30 [debug] result of node                              [39m 
[34m2026-02-28 09:31:30 [debug] run next node (350681846841344)             [39m 
[32m2026-02-28 09:31:30 [info]  execution (350682169802752) run instruction [aggregate] for node (350681846841344)[39m workflowId=350680445943808
[34m2026-02-28 09:31:30 [debug] config of node                              [39m data={"aggregator":"count","associated":false,"params":{"field":"id","filter":{"$and":[{"f_jmazop48q5l":{"$eq":"{{$context.data.f_jmazop48q5l}}"}}]}},"precision":2,"collection":"defects"} workflowId=350680445943808
[34m2026-02-28 09:31:30 [debug] job added to save list: {"result":0,"status":1,"nodeId":350681846841344,"nodeKey":"h2ekftbq9fi","id":"7954653346026496","createdAt":"2026-02-28T01:31:30.051Z","updatedAt":"2026-02-28T01:31:30.051Z","executionId":350682169802752}[39m workflowId=350680445943808
[32m2026-02-28 09:31:30 [info]  execution (350682169802752) run instruction [aggregate] for node (350681846841344) finished as status: 1[39m workflowId=350680445943808
[34m2026-02-28 09:31:30 [debug] result of node                              [39m 
[34m2026-02-28 09:31:30 [debug] run next node (350681907658752)             [39m 
[32m2026-02-28 09:31:30 [info]  execution (350682169802752) run instruction [update] for node (350681907658752)[39m workflowId=350680445943808
[34m2026-02-28 09:31:30 [debug] config of node                              [39m data={"usingAssignFormSchema":true,"assignFormSchema":{"_isJSONSchemaObject":true,"version":"2.0","name":"jyyremi03il","type":"void","x-component":"Grid","x-initializer":"assignFieldValuesForm:configureFields","properties":{"tu9fxkpcp21":{"_isJSONSchemaObject":true,"version":"2.0","type":"void","x-component":"Grid.Row","properties":{"abf9nd8110z":{"_isJSONSchemaObject":true,"version":"2.0","type":"void","x-component":"Grid.Col","properties":{"level_1_count":{"_isJSONSchemaObject":true,"version":"2.0","type":"string","name":"level_1_count","x-toolbar":"FormItemSchemaToolbar","x-settings":"fieldSettings:FormItem","x-component":"AssignedField","x-decorator":"FormItem","x-collection-field":"module_summaries.level_1_count"}},"name":"abf9nd8110z"}},"name":"tu9fxkpcp21"},"wzwaxbctt38":{"_isJSONSchemaObject":true,"version":"2.0","type":"void","x-component":"Grid.Row","properties":{"0b4nu6pji2k":{"_isJSONSchemaObject":true,"version":"2.0","type":"void","x-component":"Grid.Col","properties":{"level_1_fixed":{"_isJSONSchemaObject":true,"version":"2.0","type":"string","name":"level_1_fixed","x-toolbar":"FormItemSchemaToolbar","x-settings":"fieldSettings:FormItem","x-component":"AssignedField","x-decorator":"FormItem","x-collection-field":"module_summaries.level_1_fixed"}},"name":"0b4nu6pji2k"}},"name":"wzwaxbctt38"}}},"collection":"module_summaries","params":{"individualHooks":false,"filter":{"$and":[{"id":{"$eq":"{{$scopes.4gilbixctsb.item.id}}"}}]},"values":{"level_1_count":"{{$jobsMapByNodeKey.4w8yvz144ck}}","level_1_fixed":"{{$jobsMapByNodeKey.kulk5djdvpv}}"}}} workflowId=350680445943808
[34m2026-02-28 09:31:30 [debug] job added to save list: {"result":1,"status":1,"nodeId":350681907658752,"nodeKey":"8i18sx31ff1","id":"7954653371192320","createdAt":"2026-02-28T01:31:30.057Z","updatedAt":"2026-02-28T01:31:30.057Z","executionId":350682169802752}[39m workflowId=350680445943808
[32m2026-02-28 09:31:30 [info]  execution (350682169802752) run instruction [update] for node (350681907658752) finished as status: 1[39m workflowId=350680445943808
[34m2026-02-28 09:31:30 [debug] result of node                              [39m data=1
[34m2026-02-28 09:31:30 [debug] run next node (350682025099264)             [39m 
[32m2026-02-28 09:31:30 [info]  execution (350682169802752) run instruction [update] for node (350682025099264)[39m workflowId=350680445943808
[34m2026-02-28 09:31:30 [debug] config of node                              [39m data={"usingAssignFormSchema":true,"assignFormSchema":{},"collection":"collection_quality","params":{"individualHooks":false,"filter":{"$and":[{"id":{"$eq":"{{$context.data.f_jmazop48q5l}}"}}]},"values":{}}} workflowId=350680445943808
[34m2026-02-28 09:31:30 [debug] job added to save list: {"result":0,"status":1,"nodeId":350682025099264,"nodeKey":"8w8f01dhav8","id":"7954653387969536","createdAt":"2026-02-28T01:31:30.061Z","updatedAt":"2026-02-28T01:31:30.061Z","executionId":350682169802752}[39m workflowId=350680445943808
[32m2026-02-28 09:31:30 [info]  execution (350682169802752) run instruction [update] for node (350682025099264) finished as status: 1[39m workflowId=350680445943808
[34m2026-02-28 09:31:30 [debug] result of node                              [39m 
[34m2026-02-28 09:31:30 [debug] branch ended at node (350682025099264)      [39m 
[34m2026-02-28 09:31:30 [debug] not on main, recall to parent entry node (350682025099264)})[39m workflowId=350680445943808
[32m2026-02-28 09:31:30 [info]  execution (350682169802752) resume instruction [loop] for node (350681005883392)[39m workflowId=350680445943808
[34m2026-02-28 09:31:30 [debug] config of node                              [39m data={"target":"{{$jobsMapByNodeKey.xqb45m3d7w0}}","condition":false,"exit":0} workflowId=350680445943808
[34m2026-02-28 09:31:30 [debug] job added to save list: {"status":0,"result":{"looped":1,"done":1},"nodeId":350681005883392,"nodeKey":"4gilbixctsb","upstreamId":"7954653257946112","id":"7954653266334720","createdAt":"2026-02-28T01:31:30.032Z","updatedAt":"2026-02-28T01:31:30.063Z","executionId":350682169802752}[39m workflowId=350680445943808
[32m2026-02-28 09:31:30 [info]  execution (350682169802752) run instruction [aggregate] for node (350681299484672)[39m workflowId=350680445943808
[34m2026-02-28 09:31:30 [debug] config of node                              [39m data={"aggregator":"count","associated":false,"params":{"field":"id","filter":{"$and":[{"defect_rank":{"$eq":"level1"}},{"label":{"$noneOf":["ÕŖ¤ĶāĮÕ▒ÅĶöĮ","ÕĘ▓µŗÆń╗Ø","Õ╗║Ķ««"]}},{"module_ref":{"id":{"$eq":"{{$scopes.4gilbixctsb.item.id}}"}}},{"$or":[{"defect_status":{"$ne":"ÕĘ▓Õģ│ķŚŁ"}},{"label":{"$noneOf":["ńö│Ķ»ĘÕÉ”Õå│","µĢ░µŹ«Õ╝éÕĖĖ","Ķ«ŠĶ«ĪÕ”éµŁż"]}}]}]}},"precision":2,"collection":"defects"} workflowId=350680445943808
[34m2026-02-28 09:31:30 [debug] job added to save list: {"result":0,"status":1,"nodeId":350681299484672,"nodeKey":"4w8yvz144ck","id":"7954653413135360","createdAt":"2026-02-28T01:31:30.067Z","updatedAt":"2026-02-28T01:31:30.067Z","executionId":350682169802752}[39m workflowId=350680445943808
[32m2026-02-28 09:31:30 [info]  execution (350682169802752) run instruction [aggregate] for node (350681299484672) finished as status: 1[39m workflowId=350680445943808
[34m2026-02-28 09:31:30 [debug] result of node                              [39m 
[34m2026-02-28 09:31:30 [debug] run next node (350681301581824)             [39m 
[32m2026-02-28 09:31:30 [info]  execution (350682169802752) run instruction [aggregate] for node (350681301581824)[39m workflowId=350680445943808
[34m2026-02-28 09:31:30 [debug] config of node                              [39m data={"aggregator":"count","associated":false,"params":{"field":"id","filter":{"$and":[{"defect_rank":{"$eq":"level1"}},{"label":{"$noneOf":["ÕŖ¤ĶāĮÕ▒ÅĶöĮ","ÕĘ▓µŗÆń╗Ø","Õ╗║Ķ««"]}},{"$or":[{"label":{"$anyOf":["ÕĘ▓õ┐«ÕżŹ","ÕŠģÕÉłÕ╣Č"]}},{"$and":[{"label":{"$anyOf":["µ£¬ÕżŹńÄ░"]}},{"defect_status":{"$eq":"ÕĘ▓Õģ│ķŚŁ"}}]}]},{"module_ref":{"id":{"$eq":"{{$scopes.4gilbixctsb.item.id}}"}}},{"$or":[{"defect_status":{"$ne":"ÕĘ▓Õģ│ķŚŁ"}},{"label":{"$noneOf":["ńö│Ķ»ĘÕÉ”Õå│","µĢ░µŹ«Õ╝éÕĖĖ","Ķ«ŠĶ«ĪÕ”éµŁż"]}}]}]}},"precision":2,"collection":"defects"} workflowId=350680445943808
[34m2026-02-28 09:31:30 [debug] job added to save list: {"result":0,"status":1,"nodeId":350681301581824,"nodeKey":"kulk5djdvpv","id":"7954653438301184","createdAt":"2026-02-28T01:31:30.073Z","updatedAt":"2026-02-28T01:31:30.073Z","executionId":350682169802752}[39m workflowId=350680445943808
[32m2026-02-28 09:31:30 [info]  execution (350682169802752) run instruction [aggregate] for node (350681301581824) finished as status: 1[39m workflowId=350680445943808
[34m2026-02-28 09:31:30 [debug] result of node                              [39m 
[34m2026-02-28 09:31:30 [debug] run next node (350681846841344)             [39m 
[32m2026-02-28 09:31:30 [info]  execution (350682169802752) run instruction [aggregate] for node (350681846841344)[39m workflowId=350680445943808
[34m2026-02-28 09:31:30 [debug] config of node                              [39m data={"aggregator":"count","associated":false,"params":{"field":"id","filter":{"$and":[{"f_jmazop48q5l":{"$eq":"{{$context.data.f_jmazop48q5l}}"}}]}},"precision":2,"collection":"defects"} workflowId=350680445943808
[34m2026-02-28 09:31:30 [debug] job added to save list: {"result":0,"status":1,"nodeId":350681846841344,"nodeKey":"h2ekftbq9fi","id":"7954653450884096","createdAt":"2026-02-28T01:31:30.076Z","updatedAt":"2026-02-28T01:31:30.076Z","executionId":350682169802752}[39m workflowId=350680445943808
[32m2026-02-28 09:31:30 [info]  execution (350682169802752) run instruction [aggregate] for node (350681846841344) finished as status: 1[39m workflowId=350680445943808
[34m2026-02-28 09:31:30 [debug] result of node                              [39m 
[34m2026-02-28 09:31:30 [debug] run next node (350681907658752)             [39m 
[32m2026-02-28 09:31:30 [info]  execution (350682169802752) run instruction [update] for node (350681907658752)[39m workflowId=350680445943808
[34m2026-02-28 09:31:30 [debug] config of node                              [39m data={"usingAssignFormSchema":true,"assignFormSchema":{"_isJSONSchemaObject":true,"version":"2.0","name":"jyyremi03il","type":"void","x-component":"Grid","x-initializer":"assignFieldValuesForm:configureFields","properties":{"tu9fxkpcp21":{"_isJSONSchemaObject":true,"version":"2.0","type":"void","x-component":"Grid.Row","properties":{"abf9nd8110z":{"_isJSONSchemaObject":true,"version":"2.0","type":"void","x-component":"Grid.Col","properties":{"level_1_count":{"_isJSONSchemaObject":true,"version":"2.0","type":"string","name":"level_1_count","x-toolbar":"FormItemSchemaToolbar","x-settings":"fieldSettings:FormItem","x-component":"AssignedField","x-decorator":"FormItem","x-collection-field":"module_summaries.level_1_count"}},"name":"abf9nd8110z"}},"name":"tu9fxkpcp21"},"wzwaxbctt38":{"_isJSONSchemaObject":true,"version":"2.0","type":"void","x-component":"Grid.Row","properties":{"0b4nu6pji2k":{"_isJSONSchemaObject":true,"version":"2.0","type":"void","x-component":"Grid.Col","properties":{"level_1_fixed":{"_isJSONSchemaObject":true,"version":"2.0","type":"string","name":"level_1_fixed","x-toolbar":"FormItemSchemaToolbar","x-settings":"fieldSettings:FormItem","x-component":"AssignedField","x-decorator":"FormItem","x-collection-field":"module_summaries.level_1_fixed"}},"name":"0b4nu6pji2k"}},"name":"wzwaxbctt38"}}},"collection":"module_summaries","params":{"individualHooks":false,"filter":{"$and":[{"id":{"$eq":"{{$scopes.4gilbixctsb.item.id}}"}}]},"values":{"level_1_count":"{{$jobsMapByNodeKey.4w8yvz144ck}}","level_1_fixed":"{{$jobsMapByNodeKey.kulk5djdvpv}}"}}} workflowId=350680445943808
[34m2026-02-28 09:31:30 [debug] job added to save list: {"result":1,"status":1,"nodeId":350681907658752,"nodeKey":"8i18sx31ff1","id":"7954653488632832","createdAt":"2026-02-28T01:31:30.085Z","updatedAt":"2026-02-28T01:31:30.085Z","executionId":350682169802752}[39m workflowId=350680445943808
[32m2026-02-28 09:31:30 [info]  execution (350682169802752) run instruction [update] for node (350681907658752) finished as status: 1[39m workflowId=350680445943808
[34m2026-02-28 09:31:30 [debug] result of node                              [39m data=1
[34m2026-02-28 09:31:30 [debug] run next node (350682025099264)             [39m 
[32m2026-02-28 09:31:30 [info]  execution (350682169802752) run instruction [update] for node (350682025099264)[39m workflowId=350680445943808
[34m2026-02-28 09:31:30 [debug] config of node                              [39m data={"usingAssignFormSchema":true,"assignFormSchema":{},"collection":"collection_quality","params":{"individualHooks":false,"filter":{"$and":[{"id":{"$eq":"{{$context.data.f_jmazop48q5l}}"}}]},"values":{}}} workflowId=350680445943808
[34m2026-02-28 09:31:30 [debug] job added to save list: {"result":0,"status":1,"nodeId":350682025099264,"nodeKey":"8w8f01dhav8","id":"7954653505410048","createdAt":"2026-02-28T01:31:30.089Z","updatedAt":"2026-02-28T01:31:30.089Z","executionId":350682169802752}[39m workflowId=350680445943808
[32m2026-02-28 09:31:30 [info]  execution (350682169802752) run instruction [update] for node (350682025099264) finished as status: 1[39m workflowId=350680445943808
[34m2026-02-28 09:31:30 [debug] result of node                              [39m 
[34m2026-02-28 09:31:30 [debug] branch ended at node (350682025099264)      [39m 
[34m2026-02-28 09:31:30 [debug] not on main, recall to parent entry node (350682025099264)})[39m workflowId=350680445943808
[32m2026-02-28 09:31:30 [info]  execution (350682169802752) resume instruction [loop] for node (350681005883392)[39m workflowId=350680445943808
[34m2026-02-28 09:31:30 [debug] config of node                              [39m data={"target":"{{$jobsMapByNodeKey.xqb45m3d7w0}}","condition":false,"exit":0} workflowId=350680445943808
[34m2026-02-28 09:31:30 [debug] job added to save list: {"status":0,"result":{"looped":2,"done":2},"nodeId":350681005883392,"nodeKey":"4gilbixctsb","upstreamId":"7954653257946112","id":"7954653266334720","createdAt":"2026-02-28T01:31:30.032Z","updatedAt":"2026-02-28T01:31:30.090Z","executionId":350682169802752}[39m workflowId=350680445943808
[34m2026-02-28 09:31:30 [debug] job added to save list: {"status":1,"result":{"looped":2,"done":2},"nodeId":350681005883392,"nodeKey":"4gilbixctsb","upstreamId":"7954653257946112","id":"7954653266334720","createdAt":"2026-02-28T01:31:30.032Z","updatedAt":"2026-02-28T01:31:30.091Z","executionId":350682169802752}[39m workflowId=350680445943808
[32m2026-02-28 09:31:30 [info]  execution (350682169802752) run instruction [loop] for node (350681005883392) finished as status: 1[39m workflowId=350680445943808
[34m2026-02-28 09:31:30 [debug] result of node                              [39m data={"looped":2,"done":2}
[34m2026-02-28 09:31:30 [debug] branch ended at node (350681005883392)      [39m 
[32m2026-02-28 09:31:30 [info]  execution (350682169802752) exiting with status 1[39m workflowId=350680445943808
[32m2026-02-28 09:31:30 [info]  execution (350682169802752) finished with status: 1[39m 
[34m2026-02-28 09:31:30 [debug] execution (350682169802752) details:        [39m execution={"createdAt":"2026-02-28T01:31:29.996Z","id":350682169802752,"updatedAt":"2026-02-28T01:31:30.099Z","key":"dgo5777xeg4","eventKey":"f42f949d-93ce-4b8e-8ec5-ca1795307e86","context":{"data":{"createdAt":"2026-02-28T01:31:19.928Z","updatedAt":"2026-02-28T01:31:19.931Z","defect_classification":"ÕģČõ╗¢","defect":"ÕøŠń║ĖµśŠńż║õĖŹÕģ©","defect_rank":"level1","priority":null,"id":350682148831232,"defect_status":"ÕĘ▓Õģ│ķŚŁ","module":null,"f_jmazop48q5l":350682098499584,"createdById":1,"updatedById":1,"label":["ÕĘ▓õ┐«ÕżŹ"]}},"status":1,"dispatched":true,"stack":null,"output":null,"manually":null,"workflowId":350680445943808}
[32m2026-02-28 09:36:48 [info]  toggle OFF workflow 350680445943808         [39m workflowId=350680445943808
[32m2026-02-28 09:36:48 [info]  toggle OFF workflow 350680445943808         [39m workflowId=350680445943808
