[32m2026-02-26 09:44:29 [info]  toggle ON workflow 350320903258112          [39m workflowId=350320903258112
[32m2026-02-26 09:44:37 [info]  new event triggered, now events: 1          [39m 
[34m2026-02-26 09:44:37 [debug] event data:                                 [39m context={"data":{"createdAt":"2026-02-26T01:36:55.967Z","updatedAt":"2026-02-26T01:36:55.977Z","defect":"核心算法模块代码回退导致崩溃","defect_rank":"level1","priority":"P1","id":350320467050496,"f_jmazop48q5l":350320292986880,"createdById":1,"updatedById":1,"defect_classification":"历史遗留","module":350320305569792,"label":["历史遗留","已修复"],"defect_status":"已修复"}}
[32m2026-02-26 09:44:37 [info]  new event triggered, now events: 2          [39m 
[34m2026-02-26 09:44:37 [debug] event data:                                 [39m context={"data":{"createdAt":"2026-02-26T01:37:18.312Z","updatedAt":"2026-02-26T01:37:18.319Z","defect":"导入大型文件时系统界面挂机","defect_rank":"level1","priority":"P1","id":350320515284992,"f_jmazop48q5l":350320292986880,"createdById":1,"updatedById":1,"defect_classification":"挂机","module":350320305569792,"label":["已修复"],"defect_status":"已修复"}}
[32m2026-02-26 09:44:37 [info]  new event is pending to be prepared after previous preparation is finished[39m 
[32m2026-02-26 09:44:37 [info]  preparing execution for event               [39m 
[32m2026-02-26 09:44:37 [info]  execution of workflow 350320903258112 created as 350321435934720[39m 
[32m2026-02-26 09:44:37 [info]  local pending list is empty, adding execution (350321435934720) to pending list[39m 
[32m2026-02-26 09:44:37 [info]  preparing execution for event               [39m 
[32m2026-02-26 09:44:37 [info]  execution of workflow 350320903258112 created as 350321435934721[39m 
[32m2026-02-26 09:44:37 [info]  instance is not serving as worker or local pending list is not empty, sending execution (350321435934721) to queue[39m 
[32m2026-02-26 09:44:37 [info]  pending execution (350321435934720) ready to process[39m 
[32m2026-02-26 09:44:37 [info]  execution (350321435934720) starting...     [39m 
[32m2026-02-26 09:44:37 [info]  execution (350321435934720) run instruction [aggregate] for node (350320903258114)[39m workflowId=350320903258112
[34m2026-02-26 09:44:37 [debug] config of node                              [39m data={"aggregator":"count","associated":false,"params":{"field":"id","filter":{"$and":[{"defect_rank":{"$eq":"level1"}},{"label":{"$noneOf":["功能屏蔽","已拒绝","建议"]}},{"module":{"$eq":"{{$context.data.module}}"}}]}},"precision":2,"collection":"defects"} workflowId=350320903258112
[34m2026-02-26 09:44:37 [debug] job added to save list: {"result":0,"status":1,"nodeId":350320903258114,"nodeKey":"h14qw1067vw","id":"7233179836513280","createdAt":"2026-02-26T01:44:37.362Z","updatedAt":"2026-02-26T01:44:37.362Z","executionId":350321435934720}[39m workflowId=350320903258112
[32m2026-02-26 09:44:37 [info]  execution (350321435934720) run instruction [aggregate] for node (350320903258114) finished as status: 1[39m workflowId=350320903258112
[34m2026-02-26 09:44:37 [debug] result of node                              [39m 
[34m2026-02-26 09:44:37 [debug] run next node (350320903258115)             [39m 
[32m2026-02-26 09:44:37 [info]  execution (350321435934720) run instruction [aggregate] for node (350320903258115)[39m workflowId=350320903258112
[34m2026-02-26 09:44:37 [debug] config of node                              [39m data={"aggregator":"count","associated":false,"params":{"field":"id","filter":{"$and":[{"defect_rank":{"$eq":"level1"}},{"label":{"$noneOf":["功能屏蔽","已拒绝","建议"]}},{"$or":[{"label":{"$anyOf":["已修复","待合并"]}},{"$and":[{"label":{"$anyOf":["未复现"]}},{"defect_status":{"$eq":"已关闭"}}]}]},{"module":{"$eq":"{{$context.data.module}}"}}]}},"precision":2,"collection":"defects"} workflowId=350320903258112
[34m2026-02-26 09:44:37 [debug] job added to save list: {"result":0,"status":1,"nodeId":350320903258115,"nodeKey":"cvcey3i9obe","id":"7233179849096192","createdAt":"2026-02-26T01:44:37.365Z","updatedAt":"2026-02-26T01:44:37.365Z","executionId":350321435934720}[39m workflowId=350320903258112
[32m2026-02-26 09:44:37 [info]  execution (350321435934720) run instruction [aggregate] for node (350320903258115) finished as status: 1[39m workflowId=350320903258112
[34m2026-02-26 09:44:37 [debug] result of node                              [39m 
[34m2026-02-26 09:44:37 [debug] run next node (350320911646720)             [39m 
[32m2026-02-26 09:44:37 [info]  execution (350321435934720) run instruction [aggregate] for node (350320911646720)[39m workflowId=350320903258112
[34m2026-02-26 09:44:37 [debug] config of node                              [39m data={"aggregator":"count","associated":false,"params":{"field":"id","filter":{"$and":[{"defect_rank":{"$eq":"level1"}},{"module":{"$eq":"{{$context.data.module}}"}},{"$or":[{"defect":{"$includes":"退"}},{"defect":{"$includes":"回退"}},{"defect":{"$includes":"倒退"}}]}]}},"precision":2,"collection":"defects"} workflowId=350320903258112
[34m2026-02-26 09:44:37 [debug] job added to save list: {"result":0,"status":1,"nodeId":350320911646720,"nodeKey":"itmin40yer7","id":"7233179861679104","createdAt":"2026-02-26T01:44:37.368Z","updatedAt":"2026-02-26T01:44:37.368Z","executionId":350321435934720}[39m workflowId=350320903258112
[32m2026-02-26 09:44:37 [info]  execution (350321435934720) run instruction [aggregate] for node (350320911646720) finished as status: 1[39m workflowId=350320903258112
[34m2026-02-26 09:44:37 [debug] result of node                              [39m 
[34m2026-02-26 09:44:37 [debug] run next node (350320917938176)             [39m 
[32m2026-02-26 09:44:37 [info]  execution (350321435934720) run instruction [aggregate] for node (350320917938176)[39m workflowId=350320903258112
[34m2026-02-26 09:44:37 [debug] config of node                              [39m data={"aggregator":"count","associated":false,"params":{"field":"id","filter":{"$and":[{"defect_rank":{"$eq":"level1"}},{"module":{"$eq":"{{$context.data.module}}"}},{"defect":{"$includes":"挂机"}}]}},"precision":2,"collection":"defects"} workflowId=350320903258112
[34m2026-02-26 09:44:37 [debug] job added to save list: {"result":0,"status":1,"nodeId":350320917938176,"nodeKey":"sh243cnxrbv","id":"7233179874262016","createdAt":"2026-02-26T01:44:37.371Z","updatedAt":"2026-02-26T01:44:37.371Z","executionId":350321435934720}[39m workflowId=350320903258112
[32m2026-02-26 09:44:37 [info]  execution (350321435934720) run instruction [aggregate] for node (350320917938176) finished as status: 1[39m workflowId=350320903258112
[34m2026-02-26 09:44:37 [debug] result of node                              [39m 
[34m2026-02-26 09:44:37 [debug] run next node (350320924229632)             [39m 
[32m2026-02-26 09:44:37 [info]  execution (350321435934720) run instruction [aggregate] for node (350320924229632)[39m workflowId=350320903258112
[34m2026-02-26 09:44:37 [debug] config of node                              [39m data={"aggregator":"count","associated":false,"params":{"field":"id","filter":{"$and":[{"defect_rank":{"$eq":"level1"}},{"module":{"$eq":"{{$context.data.module}}"}},{"$or":[{"defect":{"$notIncludes":"退"}},{"defect":{"$notIncludes":"回退"}},{"defect":{"$notIncludes":"倒退"}},{"defect":{"$includes":"挂机"}}]}]}},"precision":2,"collection":"defects"} workflowId=350320903258112
[34m2026-02-26 09:44:37 [debug] job added to save list: {"result":0,"status":1,"nodeId":350320924229632,"nodeKey":"8zzu9szyhi2","id":"7233179891039232","createdAt":"2026-02-26T01:44:37.375Z","updatedAt":"2026-02-26T01:44:37.375Z","executionId":350321435934720}[39m workflowId=350320903258112
[32m2026-02-26 09:44:37 [info]  execution (350321435934720) run instruction [aggregate] for node (350320924229632) finished as status: 1[39m workflowId=350320903258112
[34m2026-02-26 09:44:37 [debug] result of node                              [39m 
[34m2026-02-26 09:44:37 [debug] run next node (350320903258117)             [39m 
[32m2026-02-26 09:44:37 [info]  execution (350321435934720) run instruction [aggregate] for node (350320903258117)[39m workflowId=350320903258112
[34m2026-02-26 09:44:37 [debug] config of node                              [39m data={"aggregator":"count","associated":false,"params":{"field":"id","filter":{"$and":[{"defect_rank":{"$eq":"level2"}},{"label":{"$noneOf":["功能屏蔽","已拒绝","建议"]}},{"module":{"$eq":"{{$context.data.module}}"}}]}},"precision":2,"collection":"defects"} workflowId=350320903258112
[34m2026-02-26 09:44:37 [debug] job added to save list: {"result":0,"status":1,"nodeId":350320903258117,"nodeKey":"52k6055vnrg","id":"7233179903622144","createdAt":"2026-02-26T01:44:37.378Z","updatedAt":"2026-02-26T01:44:37.378Z","executionId":350321435934720}[39m workflowId=350320903258112
[32m2026-02-26 09:44:37 [info]  execution (350321435934720) run instruction [aggregate] for node (350320903258117) finished as status: 1[39m workflowId=350320903258112
[34m2026-02-26 09:44:37 [debug] result of node                              [39m 
[34m2026-02-26 09:44:37 [debug] run next node (350320903258113)             [39m 
[32m2026-02-26 09:44:37 [info]  execution (350321435934720) run instruction [aggregate] for node (350320903258113)[39m workflowId=350320903258112
[34m2026-02-26 09:44:37 [debug] config of node                              [39m data={"aggregator":"count","associated":false,"params":{"field":"id","filter":{"$and":[{"defect_rank":{"$eq":"level2"}},{"label":{"$noneOf":["功能屏蔽","已拒绝","建议"]}},{"$or":[{"label":{"$anyOf":["已修复","待合并"]}},{"$and":[{"label":{"$anyOf":["未复现"]}},{"defect_status":{"$eq":"已关闭"}}]}]},{"module":{"$eq":"{{$context.data.module}}"}}]}},"precision":2,"collection":"defects"} workflowId=350320903258112
[34m2026-02-26 09:44:37 [debug] job added to save list: {"result":0,"status":1,"nodeId":350320903258113,"nodeKey":"1fpxh7sjq4k","id":"7233179937176576","createdAt":"2026-02-26T01:44:37.386Z","updatedAt":"2026-02-26T01:44:37.386Z","executionId":350321435934720}[39m workflowId=350320903258112
[32m2026-02-26 09:44:37 [info]  execution (350321435934720) run instruction [aggregate] for node (350320903258113) finished as status: 1[39m workflowId=350320903258112
[34m2026-02-26 09:44:37 [debug] result of node                              [39m 
[34m2026-02-26 09:44:37 [debug] run next node (350320903258116)             [39m 
[32m2026-02-26 09:44:37 [info]  execution (350321435934720) run instruction [aggregate] for node (350320903258116)[39m workflowId=350320903258112
[34m2026-02-26 09:44:37 [debug] config of node                              [39m data={"aggregator":"count","associated":false,"params":{"field":"id","filter":{"$and":[{"defect_rank":{"$eq":"level3"}},{"label":{"$noneOf":["功能屏蔽","已拒绝","建议"]}},{"module":{"$eq":"{{$context.data.module}}"}}]}},"precision":2,"collection":"defects"} workflowId=350320903258112
[34m2026-02-26 09:44:37 [debug] job added to save list: {"result":0,"status":1,"nodeId":350320903258116,"nodeKey":"t5m287ao4ea","id":"7233179949759488","createdAt":"2026-02-26T01:44:37.389Z","updatedAt":"2026-02-26T01:44:37.389Z","executionId":350321435934720}[39m workflowId=350320903258112
[32m2026-02-26 09:44:37 [info]  execution (350321435934720) run instruction [aggregate] for node (350320903258116) finished as status: 1[39m workflowId=350320903258112
[34m2026-02-26 09:44:37 [debug] result of node                              [39m 
[34m2026-02-26 09:44:37 [debug] run next node (350320903258118)             [39m 
[32m2026-02-26 09:44:37 [info]  execution (350321435934720) run instruction [aggregate] for node (350320903258118)[39m workflowId=350320903258112
[34m2026-02-26 09:44:37 [debug] config of node                              [39m data={"aggregator":"count","associated":false,"params":{"field":"id","filter":{"$and":[{"defect_rank":{"$eq":"level3"}},{"label":{"$noneOf":["功能屏蔽","已拒绝","建议"]}},{"$or":[{"label":{"$anyOf":["待合并","已修复"]}},{"$and":[{"label":{"$anyOf":["未复现"]}},{"defect_status":{"$eq":"已关闭"}}]}]},{"module":{"$eq":"{{$context.data.module}}"}}]}},"precision":2,"collection":"defects"} workflowId=350320903258112
[34m2026-02-26 09:44:37 [debug] job added to save list: {"result":0,"status":1,"nodeId":350320903258118,"nodeKey":"je6ex9hwdlz","id":"7233179966536704","createdAt":"2026-02-26T01:44:37.393Z","updatedAt":"2026-02-26T01:44:37.393Z","executionId":350321435934720}[39m workflowId=350320903258112
[32m2026-02-26 09:44:37 [info]  execution (350321435934720) run instruction [aggregate] for node (350320903258118) finished as status: 1[39m workflowId=350320903258112
[34m2026-02-26 09:44:37 [debug] result of node                              [39m 
[34m2026-02-26 09:44:37 [debug] run next node (350320903258120)             [39m 
[32m2026-02-26 09:44:37 [info]  execution (350321435934720) run instruction [aggregate] for node (350320903258120)[39m workflowId=350320903258112
[34m2026-02-26 09:44:37 [debug] config of node                              [39m data={"aggregator":"count","associated":false,"params":{"field":"id","filter":{"$and":[{"f_jmazop48q5l":{"$eq":"{{$context.data.f_jmazop48q5l}}"}}]}},"precision":2,"collection":"defects"} workflowId=350320903258112
[34m2026-02-26 09:44:37 [debug] job added to save list: {"result":0,"status":1,"nodeId":350320903258120,"nodeKey":"q0cmjjcwe3p","id":"7233179991702528","createdAt":"2026-02-26T01:44:37.399Z","updatedAt":"2026-02-26T01:44:37.399Z","executionId":350321435934720}[39m workflowId=350320903258112
[32m2026-02-26 09:44:37 [info]  execution (350321435934720) run instruction [aggregate] for node (350320903258120) finished as status: 1[39m workflowId=350320903258112
[34m2026-02-26 09:44:37 [debug] result of node                              [39m 
[34m2026-02-26 09:44:37 [debug] run next node (350320903258119)             [39m 
[32m2026-02-26 09:44:37 [info]  execution (350321435934720) run instruction [update] for node (350320903258119)[39m workflowId=350320903258112
[34m2026-02-26 09:44:37 [debug] config of node                              [39m data={"usingAssignFormSchema":true,"assignFormSchema":{"_isJSONSchemaObject":true,"version":"2.0","name":"z36wx6jbrw9","type":"void","x-component":"Grid","x-initializer":"assignFieldValuesForm:configureFields","properties":{"i1v4kp5ixw1":{"_isJSONSchemaObject":true,"version":"2.0","type":"void","x-component":"Grid.Row","properties":{"m57in1bxqre":{"_isJSONSchemaObject":true,"version":"2.0","type":"void","x-component":"Grid.Col","properties":{"level_1_count":{"_isJSONSchemaObject":true,"version":"2.0","type":"string","name":"level_1_count","x-toolbar":"FormItemSchemaToolbar","x-settings":"fieldSettings:FormItem","x-component":"AssignedField","x-decorator":"FormItem","x-collection-field":"module_summaries.level_1_count"}},"name":"m57in1bxqre"}},"name":"i1v4kp5ixw1"},"28tkyaas4rv":{"_isJSONSchemaObject":true,"version":"2.0","type":"void","x-component":"Grid.Row","properties":{"aubadkxorcs":{"_isJSONSchemaObject":true,"version":"2.0","type":"void","x-component":"Grid.Col","properties":{"level_1_fixed":{"_isJSONSchemaObject":true,"version":"2.0","type":"string","name":"level_1_fixed","x-toolbar":"FormItemSchemaToolbar","x-settings":"fieldSettings:FormItem","x-component":"AssignedField","x-decorator":"FormItem","x-collection-field":"module_summaries.level_1_fixed"}},"name":"aubadkxorcs"}},"name":"28tkyaas4rv"},"87dzfrypjv5":{"_isJSONSchemaObject":true,"version":"2.0","type":"void","x-component":"Grid.Row","properties":{"00u2e0hze8y":{"_isJSONSchemaObject":true,"version":"2.0","type":"void","x-component":"Grid.Col","properties":{"level_2_count":{"_isJSONSchemaObject":true,"version":"2.0","type":"string","name":"level_2_count","x-toolbar":"FormItemSchemaToolbar","x-settings":"fieldSettings:FormItem","x-component":"AssignedField","x-decorator":"FormItem","x-collection-field":"module_summaries.level_2_count"}},"name":"00u2e0hze8y"}},"name":"87dzfrypjv5"},"sr9fb2g83wa":{"_isJSONSchemaObject":true,"version":"2.0","type":"void","x-component":"Grid.Row","properties":{"mctr2nubczg":{"_isJSONSchemaObject":true,"version":"2.0","type":"void","x-component":"Grid.Col","properties":{"level_2_fixed":{"_isJSONSchemaObject":true,"version":"2.0","type":"string","name":"level_2_fixed","x-toolbar":"FormItemSchemaToolbar","x-settings":"fieldSettings:FormItem","x-component":"AssignedField","x-decorator":"FormItem","x-collection-field":"module_summaries.level_2_fixed"}},"name":"mctr2nubczg"}},"name":"sr9fb2g83wa"},"robhdmi5xfc":{"_isJSONSchemaObject":true,"version":"2.0","type":"void","x-component":"Grid.Row","properties":{"d7pyy4ts79k":{"_isJSONSchemaObject":true,"version":"2.0","type":"void","x-component":"Grid.Col","properties":{"level_3_count":{"_isJSONSchemaObject":true,"version":"2.0","type":"string","name":"level_3_count","x-toolbar":"FormItemSchemaToolbar","x-settings":"fieldSettings:FormItem","x-component":"AssignedField","x-decorator":"FormItem","x-collection-field":"module_summaries.level_3_count"}},"name":"d7pyy4ts79k"}},"name":"robhdmi5xfc"},"9ykwa93dd5w":{"_isJSONSchemaObject":true,"version":"2.0","type":"void","x-component":"Grid.Row","properties":{"0nkrxq50w1f":{"_isJSONSchemaObject":true,"version":"2.0","type":"void","x-component":"Grid.Col","properties":{"level_3_fixed":{"_isJSONSchemaObject":true,"version":"2.0","type":"string","name":"level_3_fixed","x-toolbar":"FormItemSchemaToolbar","x-settings":"fieldSettings:FormItem","x-component":"AssignedField","x-decorator":"FormItem","x-collection-field":"module_summaries.level_3_fixed"}},"name":"0nkrxq50w1f"}},"name":"9ykwa93dd5w"},"i9f6jri1xay":{"_isJSONSchemaObject":true,"version":"2.0","type":"void","x-component":"Grid.Row","properties":{"t482aj2vk1b":{"_isJSONSchemaObject":true,"version":"2.0","type":"void","x-component":"Grid.Col","properties":{"level_1_rollback":{"_isJSONSchemaObject":true,"version":"2.0","type":"string","name":"level_1_rollback","x-toolbar":"FormItemSchemaToolbar","x-settings":"fieldSettings:FormItem","x-component":"AssignedField","x-decorator":"FormItem","x-collection-field":"module_summaries.level_1_rollback"}},"name":"t482aj2vk1b"}},"name":"i9f6jri1xay"},"y5lmvrr4m2o":{"_isJSONSchemaObject":true,"version":"2.0","type":"void","x-component":"Grid.Row","properties":{"q01o5icyemi":{"_isJSONSchemaObject":true,"version":"2.0","type":"void","x-component":"Grid.Col","properties":{"level_1_hang":{"_isJSONSchemaObject":true,"version":"2.0","type":"string","name":"level_1_hang","x-toolbar":"FormItemSchemaToolbar","x-settings":"fieldSettings:FormItem","x-component":"AssignedField","x-decorator":"FormItem","x-collection-field":"module_summaries.level_1_hang"}},"name":"q01o5icyemi"}},"name":"y5lmvrr4m2o"},"qxt9i5ujph3":{"_isJSONSchemaObject":true,"version":"2.0","type":"void","x-component":"Grid.Row","properties":{"toveo5vylem":{"_isJSONSchemaObject":true,"version":"2.0","type":"void","x-component":"Grid.Col","properties":{"level_1_other":{"_isJSONSchemaObject":true,"version":"2.0","type":"string","name":"level_1_other","x-toolbar":"FormItemSchemaToolbar","x-settings":"fieldSettings:FormItem","x-component":"AssignedField","x-decorator":"FormItem","x-collection-field":"module_summaries.level_1_other"}},"name":"toveo5vylem"}},"name":"qxt9i5ujph3"}}},"collection":"module_summaries","params":{"individualHooks":false,"filter":{"$and":[{"id":{"$eq":"{{$context.data.module}}"}}]},"values":{"level_1_count":"{{$jobsMapByNodeKey.h14qw1067vw}}","level_1_fixed":"{{$jobsMapByNodeKey.cvcey3i9obe}}","level_2_count":"{{$jobsMapByNodeKey.52k6055vnrg}}","level_2_fixed":"{{$jobsMapByNodeKey.1fpxh7sjq4k}}","level_3_count":"{{$jobsMapByNodeKey.t5m287ao4ea}}","level_3_fixed":"{{$jobsMapByNodeKey.je6ex9hwdlz}}","level_1_rollback":"{{$jobsMapByNodeKey.itmin40yer7}}","level_1_hang":"{{$jobsMapByNodeKey.sh243cnxrbv}}","level_1_other":"{{$jobsMapByNodeKey.8zzu9szyhi2}}"}}} workflowId=350320903258112
[34m2026-02-26 09:44:37 [debug] job added to save list: {"result":1,"status":1,"nodeId":350320903258119,"nodeKey":"iz8nj3ykg09","id":"7233180016868352","createdAt":"2026-02-26T01:44:37.405Z","updatedAt":"2026-02-26T01:44:37.405Z","executionId":350321435934720}[39m workflowId=350320903258112
[32m2026-02-26 09:44:37 [info]  execution (350321435934720) run instruction [update] for node (350320903258119) finished as status: 1[39m workflowId=350320903258112
[34m2026-02-26 09:44:37 [debug] result of node                              [39m data=1
[34m2026-02-26 09:44:37 [debug] run next node (350320903258121)             [39m 
[32m2026-02-26 09:44:37 [info]  execution (350321435934720) run instruction [update] for node (350320903258121)[39m workflowId=350320903258112
[34m2026-02-26 09:44:37 [debug] config of node                              [39m data={"usingAssignFormSchema":true,"assignFormSchema":{"_isJSONSchemaObject":true,"version":"2.0","name":"664wo8253vg","type":"void","x-component":"Grid","x-initializer":"assignFieldValuesForm:configureFields","properties":{"p9dwl6uwc71":{"_isJSONSchemaObject":true,"version":"2.0","type":"void","x-component":"Grid.Row","properties":{"2cpmfk2xsli":{"_isJSONSchemaObject":true,"version":"2.0","type":"void","x-component":"Grid.Col","properties":{"total_defect":{"_isJSONSchemaObject":true,"version":"2.0","type":"string","name":"total_defect","x-toolbar":"FormItemSchemaToolbar","x-settings":"fieldSettings:FormItem","x-component":"AssignedField","x-decorator":"FormItem","x-collection-field":"collection_quality.total_defect"}},"name":"2cpmfk2xsli"}},"name":"p9dwl6uwc71"}}},"collection":"collection_quality","params":{"individualHooks":false,"filter":{"$and":[{"id":{"$eq":"{{$context.data.f_jmazop48q5l}}"}}]},"values":{"total_defect":"{{$jobsMapByNodeKey.q0cmjjcwe3p}}"}}} workflowId=350320903258112
[34m2026-02-26 09:44:37 [debug] job added to save list: {"result":1,"status":1,"nodeId":350320903258121,"nodeKey":"12iul4a9nxf","id":"7233180037839872","createdAt":"2026-02-26T01:44:37.410Z","updatedAt":"2026-02-26T01:44:37.410Z","executionId":350321435934720}[39m workflowId=350320903258112
[32m2026-02-26 09:44:37 [info]  execution (350321435934720) run instruction [update] for node (350320903258121) finished as status: 1[39m workflowId=350320903258112
[34m2026-02-26 09:44:37 [debug] result of node                              [39m data=1
[34m2026-02-26 09:44:37 [debug] branch ended at node (350320903258121)      [39m 
[32m2026-02-26 09:44:37 [info]  execution (350321435934720) exiting with status 1[39m workflowId=350320903258112
[32m2026-02-26 09:44:37 [info]  execution (350321435934720) finished with status: 1[39m 
[34m2026-02-26 09:44:37 [debug] execution (350321435934720) details:        [39m execution={"createdAt":"2026-02-26T01:44:37.329Z","id":350321435934720,"updatedAt":"2026-02-26T01:44:37.413Z","key":"y5dhtirx5t1","eventKey":"1b785ffd-1c66-4899-860f-640fd354958a","context":{"data":{"createdAt":"2026-02-26T01:36:55.967Z","updatedAt":"2026-02-26T01:36:55.977Z","defect":"核心算法模块代码回退导致崩溃","defect_rank":"level1","priority":"P1","id":350320467050496,"f_jmazop48q5l":350320292986880,"createdById":1,"updatedById":1,"defect_classification":"历史遗留","module":350320305569792,"label":["历史遗留","已修复"],"defect_status":"已修复"}},"status":1,"dispatched":true,"stack":null,"output":null,"manually":null,"workflowId":350320903258112}
[32m2026-02-26 09:44:37 [info]  execution (350321435934721) fetched from db [39m 
[32m2026-02-26 09:44:37 [info]  execution (350321435934721) starting...     [39m 
[32m2026-02-26 09:44:37 [info]  execution (350321435934721) run instruction [aggregate] for node (350320903258114)[39m workflowId=350320903258112
[34m2026-02-26 09:44:37 [debug] config of node                              [39m data={"aggregator":"count","associated":false,"params":{"field":"id","filter":{"$and":[{"defect_rank":{"$eq":"level1"}},{"label":{"$noneOf":["功能屏蔽","已拒绝","建议"]}},{"module":{"$eq":"{{$context.data.module}}"}}]}},"precision":2,"collection":"defects"} workflowId=350320903258112
[34m2026-02-26 09:44:37 [debug] job added to save list: {"result":0,"status":1,"nodeId":350320903258114,"nodeKey":"h14qw1067vw","id":"7233180121725952","createdAt":"2026-02-26T01:44:37.430Z","updatedAt":"2026-02-26T01:44:37.430Z","executionId":350321435934721}[39m workflowId=350320903258112
[32m2026-02-26 09:44:37 [info]  execution (350321435934721) run instruction [aggregate] for node (350320903258114) finished as status: 1[39m workflowId=350320903258112
[34m2026-02-26 09:44:37 [debug] result of node                              [39m 
[34m2026-02-26 09:44:37 [debug] run next node (350320903258115)             [39m 
[32m2026-02-26 09:44:37 [info]  execution (350321435934721) run instruction [aggregate] for node (350320903258115)[39m workflowId=350320903258112
[34m2026-02-26 09:44:37 [debug] config of node                              [39m data={"aggregator":"count","associated":false,"params":{"field":"id","filter":{"$and":[{"defect_rank":{"$eq":"level1"}},{"label":{"$noneOf":["功能屏蔽","已拒绝","建议"]}},{"$or":[{"label":{"$anyOf":["已修复","待合并"]}},{"$and":[{"label":{"$anyOf":["未复现"]}},{"defect_status":{"$eq":"已关闭"}}]}]},{"module":{"$eq":"{{$context.data.module}}"}}]}},"precision":2,"collection":"defects"} workflowId=350320903258112
[34m2026-02-26 09:44:37 [debug] job added to save list: {"result":0,"status":1,"nodeId":350320903258115,"nodeKey":"cvcey3i9obe","id":"7233180134308864","createdAt":"2026-02-26T01:44:37.433Z","updatedAt":"2026-02-26T01:44:37.433Z","executionId":350321435934721}[39m workflowId=350320903258112
[32m2026-02-26 09:44:37 [info]  execution (350321435934721) run instruction [aggregate] for node (350320903258115) finished as status: 1[39m workflowId=350320903258112
[34m2026-02-26 09:44:37 [debug] result of node                              [39m 
[34m2026-02-26 09:44:37 [debug] run next node (350320911646720)             [39m 
[32m2026-02-26 09:44:37 [info]  execution (350321435934721) run instruction [aggregate] for node (350320911646720)[39m workflowId=350320903258112
[34m2026-02-26 09:44:37 [debug] config of node                              [39m data={"aggregator":"count","associated":false,"params":{"field":"id","filter":{"$and":[{"defect_rank":{"$eq":"level1"}},{"module":{"$eq":"{{$context.data.module}}"}},{"$or":[{"defect":{"$includes":"退"}},{"defect":{"$includes":"回退"}},{"defect":{"$includes":"倒退"}}]}]}},"precision":2,"collection":"defects"} workflowId=350320903258112
[34m2026-02-26 09:44:37 [debug] job added to save list: {"result":0,"status":1,"nodeId":350320911646720,"nodeKey":"itmin40yer7","id":"7233180151086080","createdAt":"2026-02-26T01:44:37.437Z","updatedAt":"2026-02-26T01:44:37.437Z","executionId":350321435934721}[39m workflowId=350320903258112
[32m2026-02-26 09:44:37 [info]  execution (350321435934721) run instruction [aggregate] for node (350320911646720) finished as status: 1[39m workflowId=350320903258112
[34m2026-02-26 09:44:37 [debug] result of node                              [39m 
[34m2026-02-26 09:44:37 [debug] run next node (350320917938176)             [39m 
[32m2026-02-26 09:44:37 [info]  execution (350321435934721) run instruction [aggregate] for node (350320917938176)[39m workflowId=350320903258112
[34m2026-02-26 09:44:37 [debug] config of node                              [39m data={"aggregator":"count","associated":false,"params":{"field":"id","filter":{"$and":[{"defect_rank":{"$eq":"level1"}},{"module":{"$eq":"{{$context.data.module}}"}},{"defect":{"$includes":"挂机"}}]}},"precision":2,"collection":"defects"} workflowId=350320903258112
[34m2026-02-26 09:44:37 [debug] job added to save list: {"result":0,"status":1,"nodeId":350320917938176,"nodeKey":"sh243cnxrbv","id":"7233180159474688","createdAt":"2026-02-26T01:44:37.439Z","updatedAt":"2026-02-26T01:44:37.439Z","executionId":350321435934721}[39m workflowId=350320903258112
[32m2026-02-26 09:44:37 [info]  execution (350321435934721) run instruction [aggregate] for node (350320917938176) finished as status: 1[39m workflowId=350320903258112
[34m2026-02-26 09:44:37 [debug] result of node                              [39m 
[34m2026-02-26 09:44:37 [debug] run next node (350320924229632)             [39m 
[32m2026-02-26 09:44:37 [info]  execution (350321435934721) run instruction [aggregate] for node (350320924229632)[39m workflowId=350320903258112
[34m2026-02-26 09:44:37 [debug] config of node                              [39m data={"aggregator":"count","associated":false,"params":{"field":"id","filter":{"$and":[{"defect_rank":{"$eq":"level1"}},{"module":{"$eq":"{{$context.data.module}}"}},{"$or":[{"defect":{"$notIncludes":"退"}},{"defect":{"$notIncludes":"回退"}},{"defect":{"$notIncludes":"倒退"}},{"defect":{"$includes":"挂机"}}]}]}},"precision":2,"collection":"defects"} workflowId=350320903258112
[34m2026-02-26 09:44:37 [debug] job added to save list: {"result":0,"status":1,"nodeId":350320924229632,"nodeKey":"8zzu9szyhi2","id":"7233180172057600","createdAt":"2026-02-26T01:44:37.442Z","updatedAt":"2026-02-26T01:44:37.442Z","executionId":350321435934721}[39m workflowId=350320903258112
[32m2026-02-26 09:44:37 [info]  execution (350321435934721) run instruction [aggregate] for node (350320924229632) finished as status: 1[39m workflowId=350320903258112
[34m2026-02-26 09:44:37 [debug] result of node                              [39m 
[34m2026-02-26 09:44:37 [debug] run next node (350320903258117)             [39m 
[32m2026-02-26 09:44:37 [info]  execution (350321435934721) run instruction [aggregate] for node (350320903258117)[39m workflowId=350320903258112
[34m2026-02-26 09:44:37 [debug] config of node                              [39m data={"aggregator":"count","associated":false,"params":{"field":"id","filter":{"$and":[{"defect_rank":{"$eq":"level2"}},{"label":{"$noneOf":["功能屏蔽","已拒绝","建议"]}},{"module":{"$eq":"{{$context.data.module}}"}}]}},"precision":2,"collection":"defects"} workflowId=350320903258112
[34m2026-02-26 09:44:37 [debug] job added to save list: {"result":0,"status":1,"nodeId":350320903258117,"nodeKey":"52k6055vnrg","id":"7233180180446208","createdAt":"2026-02-26T01:44:37.444Z","updatedAt":"2026-02-26T01:44:37.444Z","executionId":350321435934721}[39m workflowId=350320903258112
[32m2026-02-26 09:44:37 [info]  execution (350321435934721) run instruction [aggregate] for node (350320903258117) finished as status: 1[39m workflowId=350320903258112
[34m2026-02-26 09:44:37 [debug] result of node                              [39m 
[34m2026-02-26 09:44:37 [debug] run next node (350320903258113)             [39m 
[32m2026-02-26 09:44:37 [info]  execution (350321435934721) run instruction [aggregate] for node (350320903258113)[39m workflowId=350320903258112
[34m2026-02-26 09:44:37 [debug] config of node                              [39m data={"aggregator":"count","associated":false,"params":{"field":"id","filter":{"$and":[{"defect_rank":{"$eq":"level2"}},{"label":{"$noneOf":["功能屏蔽","已拒绝","建议"]}},{"$or":[{"label":{"$anyOf":["已修复","待合并"]}},{"$and":[{"label":{"$anyOf":["未复现"]}},{"defect_status":{"$eq":"已关闭"}}]}]},{"module":{"$eq":"{{$context.data.module}}"}}]}},"precision":2,"collection":"defects"} workflowId=350320903258112
[34m2026-02-26 09:44:37 [debug] job added to save list: {"result":0,"status":1,"nodeId":350320903258113,"nodeKey":"1fpxh7sjq4k","id":"7233180193029120","createdAt":"2026-02-26T01:44:37.447Z","updatedAt":"2026-02-26T01:44:37.447Z","executionId":350321435934721}[39m workflowId=350320903258112
[32m2026-02-26 09:44:37 [info]  execution (350321435934721) run instruction [aggregate] for node (350320903258113) finished as status: 1[39m workflowId=350320903258112
[34m2026-02-26 09:44:37 [debug] result of node                              [39m 
[34m2026-02-26 09:44:37 [debug] run next node (350320903258116)             [39m 
[32m2026-02-26 09:44:37 [info]  execution (350321435934721) run instruction [aggregate] for node (350320903258116)[39m workflowId=350320903258112
[34m2026-02-26 09:44:37 [debug] config of node                              [39m data={"aggregator":"count","associated":false,"params":{"field":"id","filter":{"$and":[{"defect_rank":{"$eq":"level3"}},{"label":{"$noneOf":["功能屏蔽","已拒绝","建议"]}},{"module":{"$eq":"{{$context.data.module}}"}}]}},"precision":2,"collection":"defects"} workflowId=350320903258112
[34m2026-02-26 09:44:37 [debug] job added to save list: {"result":0,"status":1,"nodeId":350320903258116,"nodeKey":"t5m287ao4ea","id":"7233180201417728","createdAt":"2026-02-26T01:44:37.449Z","updatedAt":"2026-02-26T01:44:37.449Z","executionId":350321435934721}[39m workflowId=350320903258112
[32m2026-02-26 09:44:37 [info]  execution (350321435934721) run instruction [aggregate] for node (350320903258116) finished as status: 1[39m workflowId=350320903258112
[34m2026-02-26 09:44:37 [debug] result of node                              [39m 
[34m2026-02-26 09:44:37 [debug] run next node (350320903258118)             [39m 
[32m2026-02-26 09:44:37 [info]  execution (350321435934721) run instruction [aggregate] for node (350320903258118)[39m workflowId=350320903258112
[34m2026-02-26 09:44:37 [debug] config of node                              [39m data={"aggregator":"count","associated":false,"params":{"field":"id","filter":{"$and":[{"defect_rank":{"$eq":"level3"}},{"label":{"$noneOf":["功能屏蔽","已拒绝","建议"]}},{"$or":[{"label":{"$anyOf":["待合并","已修复"]}},{"$and":[{"label":{"$anyOf":["未复现"]}},{"defect_status":{"$eq":"已关闭"}}]}]},{"module":{"$eq":"{{$context.data.module}}"}}]}},"precision":2,"collection":"defects"} workflowId=350320903258112
[34m2026-02-26 09:44:37 [debug] job added to save list: {"result":0,"status":1,"nodeId":350320903258118,"nodeKey":"je6ex9hwdlz","id":"7233180209806336","createdAt":"2026-02-26T01:44:37.451Z","updatedAt":"2026-02-26T01:44:37.451Z","executionId":350321435934721}[39m workflowId=350320903258112
[32m2026-02-26 09:44:37 [info]  execution (350321435934721) run instruction [aggregate] for node (350320903258118) finished as status: 1[39m workflowId=350320903258112
[34m2026-02-26 09:44:37 [debug] result of node                              [39m 
[34m2026-02-26 09:44:37 [debug] run next node (350320903258120)             [39m 
[32m2026-02-26 09:44:37 [info]  execution (350321435934721) run instruction [aggregate] for node (350320903258120)[39m workflowId=350320903258112
[34m2026-02-26 09:44:37 [debug] config of node                              [39m data={"aggregator":"count","associated":false,"params":{"field":"id","filter":{"$and":[{"f_jmazop48q5l":{"$eq":"{{$context.data.f_jmazop48q5l}}"}}]}},"precision":2,"collection":"defects"} workflowId=350320903258112
[34m2026-02-26 09:44:37 [debug] job added to save list: {"result":0,"status":1,"nodeId":350320903258120,"nodeKey":"q0cmjjcwe3p","id":"7233180218194944","createdAt":"2026-02-26T01:44:37.453Z","updatedAt":"2026-02-26T01:44:37.453Z","executionId":350321435934721}[39m workflowId=350320903258112
[32m2026-02-26 09:44:37 [info]  execution (350321435934721) run instruction [aggregate] for node (350320903258120) finished as status: 1[39m workflowId=350320903258112
[34m2026-02-26 09:44:37 [debug] result of node                              [39m 
[34m2026-02-26 09:44:37 [debug] run next node (350320903258119)             [39m 
[32m2026-02-26 09:44:37 [info]  execution (350321435934721) run instruction [update] for node (350320903258119)[39m workflowId=350320903258112
[34m2026-02-26 09:44:37 [debug] config of node                              [39m data={"usingAssignFormSchema":true,"assignFormSchema":{"_isJSONSchemaObject":true,"version":"2.0","name":"z36wx6jbrw9","type":"void","x-component":"Grid","x-initializer":"assignFieldValuesForm:configureFields","properties":{"i1v4kp5ixw1":{"_isJSONSchemaObject":true,"version":"2.0","type":"void","x-component":"Grid.Row","properties":{"m57in1bxqre":{"_isJSONSchemaObject":true,"version":"2.0","type":"void","x-component":"Grid.Col","properties":{"level_1_count":{"_isJSONSchemaObject":true,"version":"2.0","type":"string","name":"level_1_count","x-toolbar":"FormItemSchemaToolbar","x-settings":"fieldSettings:FormItem","x-component":"AssignedField","x-decorator":"FormItem","x-collection-field":"module_summaries.level_1_count"}},"name":"m57in1bxqre"}},"name":"i1v4kp5ixw1"},"28tkyaas4rv":{"_isJSONSchemaObject":true,"version":"2.0","type":"void","x-component":"Grid.Row","properties":{"aubadkxorcs":{"_isJSONSchemaObject":true,"version":"2.0","type":"void","x-component":"Grid.Col","properties":{"level_1_fixed":{"_isJSONSchemaObject":true,"version":"2.0","type":"string","name":"level_1_fixed","x-toolbar":"FormItemSchemaToolbar","x-settings":"fieldSettings:FormItem","x-component":"AssignedField","x-decorator":"FormItem","x-collection-field":"module_summaries.level_1_fixed"}},"name":"aubadkxorcs"}},"name":"28tkyaas4rv"},"87dzfrypjv5":{"_isJSONSchemaObject":true,"version":"2.0","type":"void","x-component":"Grid.Row","properties":{"00u2e0hze8y":{"_isJSONSchemaObject":true,"version":"2.0","type":"void","x-component":"Grid.Col","properties":{"level_2_count":{"_isJSONSchemaObject":true,"version":"2.0","type":"string","name":"level_2_count","x-toolbar":"FormItemSchemaToolbar","x-settings":"fieldSettings:FormItem","x-component":"AssignedField","x-decorator":"FormItem","x-collection-field":"module_summaries.level_2_count"}},"name":"00u2e0hze8y"}},"name":"87dzfrypjv5"},"sr9fb2g83wa":{"_isJSONSchemaObject":true,"version":"2.0","type":"void","x-component":"Grid.Row","properties":{"mctr2nubczg":{"_isJSONSchemaObject":true,"version":"2.0","type":"void","x-component":"Grid.Col","properties":{"level_2_fixed":{"_isJSONSchemaObject":true,"version":"2.0","type":"string","name":"level_2_fixed","x-toolbar":"FormItemSchemaToolbar","x-settings":"fieldSettings:FormItem","x-component":"AssignedField","x-decorator":"FormItem","x-collection-field":"module_summaries.level_2_fixed"}},"name":"mctr2nubczg"}},"name":"sr9fb2g83wa"},"robhdmi5xfc":{"_isJSONSchemaObject":true,"version":"2.0","type":"void","x-component":"Grid.Row","properties":{"d7pyy4ts79k":{"_isJSONSchemaObject":true,"version":"2.0","type":"void","x-component":"Grid.Col","properties":{"level_3_count":{"_isJSONSchemaObject":true,"version":"2.0","type":"string","name":"level_3_count","x-toolbar":"FormItemSchemaToolbar","x-settings":"fieldSettings:FormItem","x-component":"AssignedField","x-decorator":"FormItem","x-collection-field":"module_summaries.level_3_count"}},"name":"d7pyy4ts79k"}},"name":"robhdmi5xfc"},"9ykwa93dd5w":{"_isJSONSchemaObject":true,"version":"2.0","type":"void","x-component":"Grid.Row","properties":{"0nkrxq50w1f":{"_isJSONSchemaObject":true,"version":"2.0","type":"void","x-component":"Grid.Col","properties":{"level_3_fixed":{"_isJSONSchemaObject":true,"version":"2.0","type":"string","name":"level_3_fixed","x-toolbar":"FormItemSchemaToolbar","x-settings":"fieldSettings:FormItem","x-component":"AssignedField","x-decorator":"FormItem","x-collection-field":"module_summaries.level_3_fixed"}},"name":"0nkrxq50w1f"}},"name":"9ykwa93dd5w"},"i9f6jri1xay":{"_isJSONSchemaObject":true,"version":"2.0","type":"void","x-component":"Grid.Row","properties":{"t482aj2vk1b":{"_isJSONSchemaObject":true,"version":"2.0","type":"void","x-component":"Grid.Col","properties":{"level_1_rollback":{"_isJSONSchemaObject":true,"version":"2.0","type":"string","name":"level_1_rollback","x-toolbar":"FormItemSchemaToolbar","x-settings":"fieldSettings:FormItem","x-component":"AssignedField","x-decorator":"FormItem","x-collection-field":"module_summaries.level_1_rollback"}},"name":"t482aj2vk1b"}},"name":"i9f6jri1xay"},"y5lmvrr4m2o":{"_isJSONSchemaObject":true,"version":"2.0","type":"void","x-component":"Grid.Row","properties":{"q01o5icyemi":{"_isJSONSchemaObject":true,"version":"2.0","type":"void","x-component":"Grid.Col","properties":{"level_1_hang":{"_isJSONSchemaObject":true,"version":"2.0","type":"string","name":"level_1_hang","x-toolbar":"FormItemSchemaToolbar","x-settings":"fieldSettings:FormItem","x-component":"AssignedField","x-decorator":"FormItem","x-collection-field":"module_summaries.level_1_hang"}},"name":"q01o5icyemi"}},"name":"y5lmvrr4m2o"},"qxt9i5ujph3":{"_isJSONSchemaObject":true,"version":"2.0","type":"void","x-component":"Grid.Row","properties":{"toveo5vylem":{"_isJSONSchemaObject":true,"version":"2.0","type":"void","x-component":"Grid.Col","properties":{"level_1_other":{"_isJSONSchemaObject":true,"version":"2.0","type":"string","name":"level_1_other","x-toolbar":"FormItemSchemaToolbar","x-settings":"fieldSettings:FormItem","x-component":"AssignedField","x-decorator":"FormItem","x-collection-field":"module_summaries.level_1_other"}},"name":"toveo5vylem"}},"name":"qxt9i5ujph3"}}},"collection":"module_summaries","params":{"individualHooks":false,"filter":{"$and":[{"id":{"$eq":"{{$context.data.module}}"}}]},"values":{"level_1_count":"{{$jobsMapByNodeKey.h14qw1067vw}}","level_1_fixed":"{{$jobsMapByNodeKey.cvcey3i9obe}}","level_2_count":"{{$jobsMapByNodeKey.52k6055vnrg}}","level_2_fixed":"{{$jobsMapByNodeKey.1fpxh7sjq4k}}","level_3_count":"{{$jobsMapByNodeKey.t5m287ao4ea}}","level_3_fixed":"{{$jobsMapByNodeKey.je6ex9hwdlz}}","level_1_rollback":"{{$jobsMapByNodeKey.itmin40yer7}}","level_1_hang":"{{$jobsMapByNodeKey.sh243cnxrbv}}","level_1_other":"{{$jobsMapByNodeKey.8zzu9szyhi2}}"}}} workflowId=350320903258112
[34m2026-02-26 09:44:37 [debug] job added to save list: {"result":1,"status":1,"nodeId":350320903258119,"nodeKey":"iz8nj3ykg09","id":"7233180239166464","createdAt":"2026-02-26T01:44:37.458Z","updatedAt":"2026-02-26T01:44:37.458Z","executionId":350321435934721}[39m workflowId=350320903258112
[32m2026-02-26 09:44:37 [info]  execution (350321435934721) run instruction [update] for node (350320903258119) finished as status: 1[39m workflowId=350320903258112
[34m2026-02-26 09:44:37 [debug] result of node                              [39m data=1
[34m2026-02-26 09:44:37 [debug] run next node (350320903258121)             [39m 
[32m2026-02-26 09:44:37 [info]  execution (350321435934721) run instruction [update] for node (350320903258121)[39m workflowId=350320903258112
[34m2026-02-26 09:44:37 [debug] config of node                              [39m data={"usingAssignFormSchema":true,"assignFormSchema":{"_isJSONSchemaObject":true,"version":"2.0","name":"664wo8253vg","type":"void","x-component":"Grid","x-initializer":"assignFieldValuesForm:configureFields","properties":{"p9dwl6uwc71":{"_isJSONSchemaObject":true,"version":"2.0","type":"void","x-component":"Grid.Row","properties":{"2cpmfk2xsli":{"_isJSONSchemaObject":true,"version":"2.0","type":"void","x-component":"Grid.Col","properties":{"total_defect":{"_isJSONSchemaObject":true,"version":"2.0","type":"string","name":"total_defect","x-toolbar":"FormItemSchemaToolbar","x-settings":"fieldSettings:FormItem","x-component":"AssignedField","x-decorator":"FormItem","x-collection-field":"collection_quality.total_defect"}},"name":"2cpmfk2xsli"}},"name":"p9dwl6uwc71"}}},"collection":"collection_quality","params":{"individualHooks":false,"filter":{"$and":[{"id":{"$eq":"{{$context.data.f_jmazop48q5l}}"}}]},"values":{"total_defect":"{{$jobsMapByNodeKey.q0cmjjcwe3p}}"}}} workflowId=350320903258112
[34m2026-02-26 09:44:37 [debug] job added to save list: {"result":1,"status":1,"nodeId":350320903258121,"nodeKey":"12iul4a9nxf","id":"7233180260137984","createdAt":"2026-02-26T01:44:37.463Z","updatedAt":"2026-02-26T01:44:37.463Z","executionId":350321435934721}[39m workflowId=350320903258112
[32m2026-02-26 09:44:37 [info]  execution (350321435934721) run instruction [update] for node (350320903258121) finished as status: 1[39m workflowId=350320903258112
[34m2026-02-26 09:44:37 [debug] result of node                              [39m data=1
[34m2026-02-26 09:44:37 [debug] branch ended at node (350320903258121)      [39m 
[32m2026-02-26 09:44:37 [info]  execution (350321435934721) exiting with status 1[39m workflowId=350320903258112
[32m2026-02-26 09:44:37 [info]  execution (350321435934721) finished with status: 1[39m 
[34m2026-02-26 09:44:37 [debug] execution (350321435934721) details:        [39m execution={"createdAt":"2026-02-26T01:44:37.345Z","id":350321435934721,"updatedAt":"2026-02-26T01:44:37.467Z","key":"y5dhtirx5t1","eventKey":"1b02fd11-d117-4e06-90be-16290cc39af1","context":{"data":{"createdAt":"2026-02-26T01:37:18.312Z","updatedAt":"2026-02-26T01:37:18.319Z","defect":"导入大型文件时系统界面挂机","defect_rank":"level1","priority":"P1","id":350320515284992,"f_jmazop48q5l":350320292986880,"createdById":1,"updatedById":1,"defect_classification":"挂机","module":350320305569792,"label":["已修复"],"defect_status":"已修复"}},"status":1,"dispatched":true,"stack":null,"output":null,"manually":null,"workflowId":350320903258112}
[32m2026-02-26 10:10:27 [info]  toggle OFF workflow 350320903258112         [39m workflowId=350320903258112
[32m2026-02-26 10:11:18 [info]  toggle OFF workflow 350320903258112         [39m workflowId=350320903258112
