[32m2026-03-16 09:05:06 [info]  toggle ON workflow 352864170475520          [39m workflowId=352864170475520
[32m2026-03-16 09:19:32 [info]  toggle ON workflow 352864170475520          [39m workflowId=352864170475520
[32m2026-03-16 16:05:01 [info]  new event triggered, now events: 2          [39m 
[34m2026-03-16 16:05:01 [debug] event data:                                 [39m context={"data":{"createdAt":"2026-03-16T07:55:33.128Z","updatedAt":"2026-03-16T07:55:33.220Z","f_0ipjqjhd3dt":456,"f_jmazop48q5l":353629527539712,"level_1_cause":null,"defect_classification":"其他","defect_status":"已关闭","level_2_cause":null,"defect":"测试模块缺失数据","defect_rank":"level1","priority":"P1","id":353629600940032,"discovery_stage":"独立评审","specific_reason":null,"module":null,"repair_plan":null,"test_stage":null,"label":["已修复","已关闭"],"round":"CC2026R2回归测试","issue_id":null,"assignee":null,"feature_name":null,"issue_state":null,"repair_status":null,"gitlab_url":null,"createdById":1,"updatedById":1}}
[32m2026-03-16 16:05:01 [info]  new event is pending to be prepared after previous preparation is finished[39m 
[32m2026-03-16 16:05:01 [info]  preparing execution for event               [39m 
[32m2026-03-16 16:05:01 [info]  execution of workflow 352864170475520 created as 353630792122369[39m 
[32m2026-03-16 16:05:01 [info]  instance is not serving as worker or local pending list is not empty, sending execution (353630792122369) to queue[39m 
[32m2026-03-16 16:05:01 [info]  execution (353630792122369) fetched from db [39m 
[32m2026-03-16 16:05:01 [info]  execution (353630792122369) starting...     [39m 
[32m2026-03-16 16:05:01 [info]  execution (353630792122369) run instruction [sql] for node (352864170475521)[39m workflowId=352864170475520
[34m2026-03-16 16:05:01 [debug] config of node                              [39m data={"dataSource":"main","sql":"UPDATE review_records rm\nSET \n    round = '{{$context.data.round}}',\n\n    total_issues = (SELECT count(*) FROM defects WHERE f_0ipjqjhd3dt = COALESCE({{$context.data.f_0ipjqjhd3dt}}, 0)),\n    \n    eff_indep_issues = (SELECT count(*) FROM defects WHERE f_0ipjqjhd3dt = COALESCE({{$context.data.f_0ipjqjhd3dt}}, 0) AND discovery_stage = '独立评审'),\n    \n    eff_meet_issues = (SELECT count(*) FROM defects WHERE f_0ipjqjhd3dt = COALESCE({{$context.data.f_0ipjqjhd3dt}}, 0) AND discovery_stage = '会议评审'),\n\n    review_density = ROUND((CAST((SELECT count(*) FROM defects WHERE f_0ipjqjhd3dt = COALESCE({{$context.data.f_0ipjqjhd3dt}}, 0)) AS DECIMAL) / NULLIF(rm.page_count, 0))::numeric, 2),\n    \n    eff_issue_hour = ROUND((CAST((SELECT count(*) FROM defects WHERE f_0ipjqjhd3dt = COALESCE({{$context.data.f_0ipjqjhd3dt}}, 0)) AS DECIMAL) / NULLIF((rm.workload_indep + rm.workload_joint), 0))::numeric, 2),\n    \n    eff_page_hour = ROUND((CAST(rm.page_count AS DECIMAL) / NULLIF((rm.workload_indep + rm.workload_joint), 0))::numeric, 2),\n\n    is_standard = CASE \n        WHEN (CAST((SELECT count(*) FROM defects WHERE f_0ipjqjhd3dt = COALESCE({{$context.data.f_0ipjqjhd3dt}}, 0)) AS DECIMAL) / NULLIF(rm.page_count, 0)) < 0.6 THEN '是' \n        ELSE '否' \n    END,\n    \n    fail_reason = CASE \n        WHEN (CAST((SELECT count(*) FROM defects WHERE f_0ipjqjhd3dt = COALESCE({{$context.data.f_0ipjqjhd3dt}}, 0)) AS DECIMAL) / NULLIF(rm.page_count, 0)) >= 0.6 THEN '缺陷密度超过0.6，建议重新评审' \n        ELSE NULL \n    END\n\nWHERE rm.id = COALESCE({{$context.data.f_0ipjqjhd3dt}}, 0)"} workflowId=352864170475520
[34m2026-03-16 16:05:01 [debug] job added to save list: {"result":[],"status":1,"nodeId":352864170475521,"nodeKey":"6sdnes4zter","id":"13851894489316352","createdAt":"2026-03-16T08:05:01.905Z","updatedAt":"2026-03-16T08:05:01.905Z","executionId":353630792122369}[39m workflowId=352864170475520
[32m2026-03-16 16:05:01 [info]  execution (353630792122369) run instruction [sql] for node (352864170475521) finished as status: 1[39m workflowId=352864170475520
[34m2026-03-16 16:05:01 [debug] result of node                              [39m 
[34m2026-03-16 16:05:01 [debug] branch ended at node (352864170475521)      [39m 
[32m2026-03-16 16:05:01 [info]  execution (353630792122369) exiting with status 1[39m workflowId=352864170475520
[32m2026-03-16 16:05:01 [info]  execution (353630792122369) finished with status: 1[39m 
[34m2026-03-16 16:05:01 [debug] execution (353630792122369) details:        [39m execution={"createdAt":"2026-03-16T08:05:01.659Z","id":353630792122369,"updatedAt":"2026-03-16T08:05:01.908Z","key":"om3prc5o635","eventKey":"36ec11e3-55ba-406f-98f6-2bec777446c7","context":{"data":{"createdAt":"2026-03-16T07:55:33.128Z","updatedAt":"2026-03-16T07:55:33.220Z","f_0ipjqjhd3dt":456,"f_jmazop48q5l":353629527539712,"level_1_cause":null,"defect_classification":"其他","defect_status":"已关闭","level_2_cause":null,"defect":"测试模块缺失数据","defect_rank":"level1","priority":"P1","id":353629600940032,"discovery_stage":"独立评审","specific_reason":null,"module":null,"repair_plan":null,"test_stage":null,"label":["已修复","已关闭"],"round":"CC2026R2回归测试","issue_id":null,"assignee":null,"feature_name":null,"issue_state":null,"repair_status":null,"gitlab_url":null,"createdById":1,"updatedById":1}},"status":1,"dispatched":true,"stack":null,"output":null,"manually":null,"workflowId":352864170475520}
[32m2026-03-16 16:09:50 [info]  new event triggered, now events: 2          [39m 
[34m2026-03-16 16:09:50 [debug] event data:                                 [39m context={"data":{"createdAt":"2026-03-16T08:05:37.763Z","updatedAt":"2026-03-16T08:05:37.778Z","f_0ipjqjhd3dt":456,"f_jmazop48q5l":353630819385344,"level_1_cause":null,"defect_classification":"其他","defect_status":"已关闭","level_2_cause":null,"defect":"测试模块缺失数据","defect_rank":"level1","priority":"P1","id":353630867619840,"discovery_stage":"独立评审","specific_reason":null,"module":null,"repair_plan":null,"test_stage":null,"label":["已修复","已关闭"],"round":"CC2026R2回归测试","issue_id":null,"assignee":null,"feature_name":null,"issue_state":null,"repair_status":null,"gitlab_url":null,"createdById":1,"updatedById":1}}
[32m2026-03-16 16:09:50 [info]  new event is pending to be prepared after previous preparation is finished[39m 
[32m2026-03-16 16:09:50 [info]  preparing execution for event               [39m 
[32m2026-03-16 16:09:50 [info]  execution of workflow 352864170475520 created as 353631398199297[39m 
[32m2026-03-16 16:09:50 [info]  instance is not serving as worker or local pending list is not empty, sending execution (353631398199297) to queue[39m 
[32m2026-03-16 16:09:50 [info]  execution (353631398199297) fetched from db [39m 
[32m2026-03-16 16:09:50 [info]  execution (353631398199297) starting...     [39m 
[32m2026-03-16 16:09:50 [info]  execution (353631398199297) run instruction [sql] for node (352864170475521)[39m workflowId=352864170475520
[34m2026-03-16 16:09:50 [debug] config of node                              [39m data={"dataSource":"main","sql":"UPDATE review_records rm\nSET \n    round = '{{$context.data.round}}',\n\n    total_issues = (SELECT count(*) FROM defects WHERE f_0ipjqjhd3dt = COALESCE({{$context.data.f_0ipjqjhd3dt}}, 0)),\n    \n    eff_indep_issues = (SELECT count(*) FROM defects WHERE f_0ipjqjhd3dt = COALESCE({{$context.data.f_0ipjqjhd3dt}}, 0) AND discovery_stage = '独立评审'),\n    \n    eff_meet_issues = (SELECT count(*) FROM defects WHERE f_0ipjqjhd3dt = COALESCE({{$context.data.f_0ipjqjhd3dt}}, 0) AND discovery_stage = '会议评审'),\n\n    review_density = ROUND((CAST((SELECT count(*) FROM defects WHERE f_0ipjqjhd3dt = COALESCE({{$context.data.f_0ipjqjhd3dt}}, 0)) AS DECIMAL) / NULLIF(rm.page_count, 0))::numeric, 2),\n    \n    eff_issue_hour = ROUND((CAST((SELECT count(*) FROM defects WHERE f_0ipjqjhd3dt = COALESCE({{$context.data.f_0ipjqjhd3dt}}, 0)) AS DECIMAL) / NULLIF((rm.workload_indep + rm.workload_joint), 0))::numeric, 2),\n    \n    eff_page_hour = ROUND((CAST(rm.page_count AS DECIMAL) / NULLIF((rm.workload_indep + rm.workload_joint), 0))::numeric, 2),\n\n    is_standard = CASE \n        WHEN (CAST((SELECT count(*) FROM defects WHERE f_0ipjqjhd3dt = COALESCE({{$context.data.f_0ipjqjhd3dt}}, 0)) AS DECIMAL) / NULLIF(rm.page_count, 0)) < 0.6 THEN '是' \n        ELSE '否' \n    END,\n    \n    fail_reason = CASE \n        WHEN (CAST((SELECT count(*) FROM defects WHERE f_0ipjqjhd3dt = COALESCE({{$context.data.f_0ipjqjhd3dt}}, 0)) AS DECIMAL) / NULLIF(rm.page_count, 0)) >= 0.6 THEN '缺陷密度超过0.6，建议重新评审' \n        ELSE NULL \n    END\n\nWHERE rm.id = COALESCE({{$context.data.f_0ipjqjhd3dt}}, 0)"} workflowId=352864170475520
[34m2026-03-16 16:09:50 [debug] job added to save list: {"result":[],"status":1,"nodeId":352864170475521,"nodeKey":"6sdnes4zter","id":"13853104587963392","createdAt":"2026-03-16T08:09:50.415Z","updatedAt":"2026-03-16T08:09:50.415Z","executionId":353631398199297}[39m workflowId=352864170475520
[32m2026-03-16 16:09:50 [info]  execution (353631398199297) run instruction [sql] for node (352864170475521) finished as status: 1[39m workflowId=352864170475520
[34m2026-03-16 16:09:50 [debug] result of node                              [39m 
[34m2026-03-16 16:09:50 [debug] branch ended at node (352864170475521)      [39m 
[32m2026-03-16 16:09:50 [info]  execution (353631398199297) exiting with status 1[39m workflowId=352864170475520
[32m2026-03-16 16:09:50 [info]  execution (353631398199297) finished with status: 1[39m 
[34m2026-03-16 16:09:50 [debug] execution (353631398199297) details:        [39m execution={"createdAt":"2026-03-16T08:09:50.256Z","id":353631398199297,"updatedAt":"2026-03-16T08:09:50.419Z","key":"om3prc5o635","eventKey":"32f72e8c-0979-4dce-b2fb-6929816c13a8","context":{"data":{"createdAt":"2026-03-16T08:05:37.763Z","updatedAt":"2026-03-16T08:05:37.778Z","f_0ipjqjhd3dt":456,"f_jmazop48q5l":353630819385344,"level_1_cause":null,"defect_classification":"其他","defect_status":"已关闭","level_2_cause":null,"defect":"测试模块缺失数据","defect_rank":"level1","priority":"P1","id":353630867619840,"discovery_stage":"独立评审","specific_reason":null,"module":null,"repair_plan":null,"test_stage":null,"label":["已修复","已关闭"],"round":"CC2026R2回归测试","issue_id":null,"assignee":null,"feature_name":null,"issue_state":null,"repair_status":null,"gitlab_url":null,"createdById":1,"updatedById":1}},"status":1,"dispatched":true,"stack":null,"output":null,"manually":null,"workflowId":352864170475520}
[32m2026-03-16 16:12:56 [info]  new event triggered, now events: 2          [39m 
[34m2026-03-16 16:12:56 [debug] event data:                                 [39m context={"data":{"createdAt":"2026-03-16T08:10:27.309Z","updatedAt":"2026-03-16T08:10:27.320Z","f_0ipjqjhd3dt":456,"f_jmazop48q5l":353631417073664,"level_1_cause":null,"defect_classification":"其他","defect_status":"已关闭","level_2_cause":null,"defect":"测试模块缺失数据","defect_rank":"level1","priority":"P1","id":353631475793920,"discovery_stage":"独立评审","specific_reason":null,"module":null,"repair_plan":null,"test_stage":null,"label":["已修复","已关闭"],"round":"CC2026R2第一轮测试","issue_id":null,"assignee":null,"feature_name":null,"issue_state":null,"repair_status":null,"gitlab_url":null,"createdById":1,"updatedById":1}}
[32m2026-03-16 16:12:56 [info]  new event is pending to be prepared after previous preparation is finished[39m 
[32m2026-03-16 16:12:56 [info]  preparing execution for event               [39m 
[32m2026-03-16 16:12:56 [info]  execution of workflow 352864170475520 created as 353631788269569[39m 
[32m2026-03-16 16:12:56 [info]  instance is not serving as worker or local pending list is not empty, sending execution (353631788269569) to queue[39m 
[32m2026-03-16 16:12:56 [info]  execution (353631788269569) fetched from db [39m 
[32m2026-03-16 16:12:56 [info]  execution (353631788269569) starting...     [39m 
[32m2026-03-16 16:12:56 [info]  execution (353631788269569) run instruction [sql] for node (352864170475521)[39m workflowId=352864170475520
[34m2026-03-16 16:12:56 [debug] config of node                              [39m data={"dataSource":"main","sql":"UPDATE review_records rm\nSET \n    round = '{{$context.data.round}}',\n\n    total_issues = (SELECT count(*) FROM defects WHERE f_0ipjqjhd3dt = COALESCE({{$context.data.f_0ipjqjhd3dt}}, 0)),\n    \n    eff_indep_issues = (SELECT count(*) FROM defects WHERE f_0ipjqjhd3dt = COALESCE({{$context.data.f_0ipjqjhd3dt}}, 0) AND discovery_stage = '独立评审'),\n    \n    eff_meet_issues = (SELECT count(*) FROM defects WHERE f_0ipjqjhd3dt = COALESCE({{$context.data.f_0ipjqjhd3dt}}, 0) AND discovery_stage = '会议评审'),\n\n    review_density = ROUND((CAST((SELECT count(*) FROM defects WHERE f_0ipjqjhd3dt = COALESCE({{$context.data.f_0ipjqjhd3dt}}, 0)) AS DECIMAL) / NULLIF(rm.page_count, 0))::numeric, 2),\n    \n    eff_issue_hour = ROUND((CAST((SELECT count(*) FROM defects WHERE f_0ipjqjhd3dt = COALESCE({{$context.data.f_0ipjqjhd3dt}}, 0)) AS DECIMAL) / NULLIF((rm.workload_indep + rm.workload_joint), 0))::numeric, 2),\n    \n    eff_page_hour = ROUND((CAST(rm.page_count AS DECIMAL) / NULLIF((rm.workload_indep + rm.workload_joint), 0))::numeric, 2),\n\n    is_standard = CASE \n        WHEN (CAST((SELECT count(*) FROM defects WHERE f_0ipjqjhd3dt = COALESCE({{$context.data.f_0ipjqjhd3dt}}, 0)) AS DECIMAL) / NULLIF(rm.page_count, 0)) < 0.6 THEN '是' \n        ELSE '否' \n    END,\n    \n    fail_reason = CASE \n        WHEN (CAST((SELECT count(*) FROM defects WHERE f_0ipjqjhd3dt = COALESCE({{$context.data.f_0ipjqjhd3dt}}, 0)) AS DECIMAL) / NULLIF(rm.page_count, 0)) >= 0.6 THEN '缺陷密度超过0.6，建议重新评审' \n        ELSE NULL \n    END\n\nWHERE rm.id = COALESCE({{$context.data.f_0ipjqjhd3dt}}, 0)"} workflowId=352864170475520
[34m2026-03-16 16:12:56 [debug] job added to save list: {"result":[],"status":1,"nodeId":352864170475521,"nodeKey":"6sdnes4zter","id":"13853884892085248","createdAt":"2026-03-16T08:12:56.454Z","updatedAt":"2026-03-16T08:12:56.454Z","executionId":353631788269569}[39m workflowId=352864170475520
[32m2026-03-16 16:12:56 [info]  execution (353631788269569) run instruction [sql] for node (352864170475521) finished as status: 1[39m workflowId=352864170475520
[34m2026-03-16 16:12:56 [debug] result of node                              [39m 
[34m2026-03-16 16:12:56 [debug] branch ended at node (352864170475521)      [39m 
[32m2026-03-16 16:12:56 [info]  execution (353631788269569) exiting with status 1[39m workflowId=352864170475520
[32m2026-03-16 16:12:56 [info]  execution (353631788269569) finished with status: 1[39m 
[34m2026-03-16 16:12:56 [debug] execution (353631788269569) details:        [39m execution={"createdAt":"2026-03-16T08:12:56.305Z","id":353631788269569,"updatedAt":"2026-03-16T08:12:56.456Z","key":"om3prc5o635","eventKey":"b7fed7dc-c350-400f-ad7b-c389de8bff03","context":{"data":{"createdAt":"2026-03-16T08:10:27.309Z","updatedAt":"2026-03-16T08:10:27.320Z","f_0ipjqjhd3dt":456,"f_jmazop48q5l":353631417073664,"level_1_cause":null,"defect_classification":"其他","defect_status":"已关闭","level_2_cause":null,"defect":"测试模块缺失数据","defect_rank":"level1","priority":"P1","id":353631475793920,"discovery_stage":"独立评审","specific_reason":null,"module":null,"repair_plan":null,"test_stage":null,"label":["已修复","已关闭"],"round":"CC2026R2第一轮测试","issue_id":null,"assignee":null,"feature_name":null,"issue_state":null,"repair_status":null,"gitlab_url":null,"createdById":1,"updatedById":1}},"status":1,"dispatched":true,"stack":null,"output":null,"manually":null,"workflowId":352864170475520}
[32m2026-03-16 16:15:02 [info]  new event triggered, now events: 2          [39m 
[34m2026-03-16 16:15:02 [debug] event data:                                 [39m context={"data":{"createdAt":"2026-03-16T08:13:29.854Z","updatedAt":"2026-03-16T08:13:29.865Z","f_0ipjqjhd3dt":456,"f_jmazop48q5l":353631809241088,"level_1_cause":null,"defect_classification":"其他","defect_status":"已关闭","level_2_cause":null,"defect":"测试模块缺失数据","defect_rank":"level1","priority":"P1","id":353631857475584,"discovery_stage":"独立评审","specific_reason":null,"module":null,"repair_plan":null,"test_stage":null,"label":["已修复","已关闭"],"round":"CC2026R2回归测试","issue_id":null,"assignee":null,"feature_name":null,"issue_state":null,"repair_status":null,"gitlab_url":null,"createdById":1,"updatedById":1}}
[32m2026-03-16 16:15:02 [info]  new event is pending to be prepared after previous preparation is finished[39m 
[32m2026-03-16 16:15:02 [info]  preparing execution for event               [39m 
[32m2026-03-16 16:15:02 [info]  execution of workflow 352864170475520 created as 353632052510721[39m 
[32m2026-03-16 16:15:02 [info]  instance is not serving as worker or local pending list is not empty, sending execution (353632052510721) to queue[39m 
[32m2026-03-16 16:15:02 [info]  execution (353632052510721) fetched from db [39m 
[32m2026-03-16 16:15:02 [info]  execution (353632052510721) starting...     [39m 
[32m2026-03-16 16:15:02 [info]  execution (353632052510721) run instruction [sql] for node (352864170475521)[39m workflowId=352864170475520
[34m2026-03-16 16:15:02 [debug] config of node                              [39m data={"dataSource":"main","sql":"UPDATE review_records rm\nSET \n    round = '{{$context.data.round}}',\n\n    total_issues = (SELECT count(*) FROM defects WHERE f_0ipjqjhd3dt = COALESCE({{$context.data.f_0ipjqjhd3dt}}, 0)),\n    \n    eff_indep_issues = (SELECT count(*) FROM defects WHERE f_0ipjqjhd3dt = COALESCE({{$context.data.f_0ipjqjhd3dt}}, 0) AND discovery_stage = '独立评审'),\n    \n    eff_meet_issues = (SELECT count(*) FROM defects WHERE f_0ipjqjhd3dt = COALESCE({{$context.data.f_0ipjqjhd3dt}}, 0) AND discovery_stage = '会议评审'),\n\n    review_density = ROUND((CAST((SELECT count(*) FROM defects WHERE f_0ipjqjhd3dt = COALESCE({{$context.data.f_0ipjqjhd3dt}}, 0)) AS DECIMAL) / NULLIF(rm.page_count, 0))::numeric, 2),\n    \n    eff_issue_hour = ROUND((CAST((SELECT count(*) FROM defects WHERE f_0ipjqjhd3dt = COALESCE({{$context.data.f_0ipjqjhd3dt}}, 0)) AS DECIMAL) / NULLIF((rm.workload_indep + rm.workload_joint), 0))::numeric, 2),\n    \n    eff_page_hour = ROUND((CAST(rm.page_count AS DECIMAL) / NULLIF((rm.workload_indep + rm.workload_joint), 0))::numeric, 2),\n\n    is_standard = CASE \n        WHEN (CAST((SELECT count(*) FROM defects WHERE f_0ipjqjhd3dt = COALESCE({{$context.data.f_0ipjqjhd3dt}}, 0)) AS DECIMAL) / NULLIF(rm.page_count, 0)) < 0.6 THEN '是' \n        ELSE '否' \n    END,\n    \n    fail_reason = CASE \n        WHEN (CAST((SELECT count(*) FROM defects WHERE f_0ipjqjhd3dt = COALESCE({{$context.data.f_0ipjqjhd3dt}}, 0)) AS DECIMAL) / NULLIF(rm.page_count, 0)) >= 0.6 THEN '缺陷密度超过0.6，建议重新评审' \n        ELSE NULL \n    END\n\nWHERE rm.id = COALESCE({{$context.data.f_0ipjqjhd3dt}}, 0)"} workflowId=352864170475520
[34m2026-03-16 16:15:02 [debug] job added to save list: {"result":[],"status":1,"nodeId":352864170475521,"nodeKey":"6sdnes4zter","id":"13854414762703872","createdAt":"2026-03-16T08:15:02.785Z","updatedAt":"2026-03-16T08:15:02.785Z","executionId":353632052510721}[39m workflowId=352864170475520
[32m2026-03-16 16:15:02 [info]  execution (353632052510721) run instruction [sql] for node (352864170475521) finished as status: 1[39m workflowId=352864170475520
[34m2026-03-16 16:15:02 [debug] result of node                              [39m 
[34m2026-03-16 16:15:02 [debug] branch ended at node (352864170475521)      [39m 
[32m2026-03-16 16:15:02 [info]  execution (353632052510721) exiting with status 1[39m workflowId=352864170475520
[32m2026-03-16 16:15:02 [info]  execution (353632052510721) finished with status: 1[39m 
[34m2026-03-16 16:15:02 [debug] execution (353632052510721) details:        [39m execution={"createdAt":"2026-03-16T08:15:02.601Z","id":353632052510721,"updatedAt":"2026-03-16T08:15:02.788Z","key":"om3prc5o635","eventKey":"4ace6246-8617-4267-96d8-8682b55a53bd","context":{"data":{"createdAt":"2026-03-16T08:13:29.854Z","updatedAt":"2026-03-16T08:13:29.865Z","f_0ipjqjhd3dt":456,"f_jmazop48q5l":353631809241088,"level_1_cause":null,"defect_classification":"其他","defect_status":"已关闭","level_2_cause":null,"defect":"测试模块缺失数据","defect_rank":"level1","priority":"P1","id":353631857475584,"discovery_stage":"独立评审","specific_reason":null,"module":null,"repair_plan":null,"test_stage":null,"label":["已修复","已关闭"],"round":"CC2026R2回归测试","issue_id":null,"assignee":null,"feature_name":null,"issue_state":null,"repair_status":null,"gitlab_url":null,"createdById":1,"updatedById":1}},"status":1,"dispatched":true,"stack":null,"output":null,"manually":null,"workflowId":352864170475520}
[32m2026-03-16 16:16:56 [info]  new event triggered, now events: 2          [39m 
[34m2026-03-16 16:16:56 [debug] event data:                                 [39m context={"data":{"createdAt":"2026-03-16T08:15:30.217Z","updatedAt":"2026-03-16T08:15:30.226Z","f_0ipjqjhd3dt":456,"f_jmazop48q5l":353632067190784,"level_1_cause":null,"defect_classification":"其他","defect_status":"已关闭","level_2_cause":null,"defect":"测试模块缺失数据","defect_rank":"level1","priority":"P1","id":353632111230976,"discovery_stage":"独立评审","specific_reason":null,"module":null,"repair_plan":null,"test_stage":null,"label":["已修复","已关闭"],"round":"CC2026R2回归测试","issue_id":null,"assignee":null,"feature_name":null,"issue_state":null,"repair_status":null,"gitlab_url":null,"createdById":1,"updatedById":1}}
[32m2026-03-16 16:16:56 [info]  new event is pending to be prepared after previous preparation is finished[39m 
[32m2026-03-16 16:16:56 [info]  preparing execution for event               [39m 
[32m2026-03-16 16:16:56 [info]  execution of workflow 352864170475520 created as 353632291586049[39m 
[32m2026-03-16 16:16:56 [info]  instance is not serving as worker or local pending list is not empty, sending execution (353632291586049) to queue[39m 
[32m2026-03-16 16:16:56 [info]  execution (353632291586049) fetched from db [39m 
[32m2026-03-16 16:16:56 [info]  execution (353632291586049) starting...     [39m 
[32m2026-03-16 16:16:56 [info]  execution (353632291586049) run instruction [sql] for node (352864170475521)[39m workflowId=352864170475520
[34m2026-03-16 16:16:56 [debug] config of node                              [39m data={"dataSource":"main","sql":"UPDATE review_records rm\nSET \n    round = '{{$context.data.round}}',\n\n    total_issues = (SELECT count(*) FROM defects WHERE f_0ipjqjhd3dt = COALESCE({{$context.data.f_0ipjqjhd3dt}}, 0)),\n    \n    eff_indep_issues = (SELECT count(*) FROM defects WHERE f_0ipjqjhd3dt = COALESCE({{$context.data.f_0ipjqjhd3dt}}, 0) AND discovery_stage = '独立评审'),\n    \n    eff_meet_issues = (SELECT count(*) FROM defects WHERE f_0ipjqjhd3dt = COALESCE({{$context.data.f_0ipjqjhd3dt}}, 0) AND discovery_stage = '会议评审'),\n\n    review_density = ROUND((CAST((SELECT count(*) FROM defects WHERE f_0ipjqjhd3dt = COALESCE({{$context.data.f_0ipjqjhd3dt}}, 0)) AS DECIMAL) / NULLIF(rm.page_count, 0))::numeric, 2),\n    \n    eff_issue_hour = ROUND((CAST((SELECT count(*) FROM defects WHERE f_0ipjqjhd3dt = COALESCE({{$context.data.f_0ipjqjhd3dt}}, 0)) AS DECIMAL) / NULLIF((rm.workload_indep + rm.workload_joint), 0))::numeric, 2),\n    \n    eff_page_hour = ROUND((CAST(rm.page_count AS DECIMAL) / NULLIF((rm.workload_indep + rm.workload_joint), 0))::numeric, 2),\n\n    is_standard = CASE \n        WHEN (CAST((SELECT count(*) FROM defects WHERE f_0ipjqjhd3dt = COALESCE({{$context.data.f_0ipjqjhd3dt}}, 0)) AS DECIMAL) / NULLIF(rm.page_count, 0)) < 0.6 THEN '是' \n        ELSE '否' \n    END,\n    \n    fail_reason = CASE \n        WHEN (CAST((SELECT count(*) FROM defects WHERE f_0ipjqjhd3dt = COALESCE({{$context.data.f_0ipjqjhd3dt}}, 0)) AS DECIMAL) / NULLIF(rm.page_count, 0)) >= 0.6 THEN '缺陷密度超过0.6，建议重新评审' \n        ELSE NULL \n    END\n\nWHERE rm.id = COALESCE({{$context.data.f_0ipjqjhd3dt}}, 0)"} workflowId=352864170475520
[34m2026-03-16 16:16:56 [debug] job added to save list: {"result":[],"status":1,"nodeId":352864170475521,"nodeKey":"6sdnes4zter","id":"13854892858833920","createdAt":"2026-03-16T08:16:56.772Z","updatedAt":"2026-03-16T08:16:56.772Z","executionId":353632291586049}[39m workflowId=352864170475520
[32m2026-03-16 16:16:56 [info]  execution (353632291586049) run instruction [sql] for node (352864170475521) finished as status: 1[39m workflowId=352864170475520
[34m2026-03-16 16:16:56 [debug] result of node                              [39m 
[34m2026-03-16 16:16:56 [debug] branch ended at node (352864170475521)      [39m 
[32m2026-03-16 16:16:56 [info]  execution (353632291586049) exiting with status 1[39m workflowId=352864170475520
[32m2026-03-16 16:16:56 [info]  execution (353632291586049) finished with status: 1[39m 
[34m2026-03-16 16:16:56 [debug] execution (353632291586049) details:        [39m execution={"createdAt":"2026-03-16T08:16:56.651Z","id":353632291586049,"updatedAt":"2026-03-16T08:16:56.774Z","key":"om3prc5o635","eventKey":"056acfbc-8c10-44b6-ad7c-bfa999246457","context":{"data":{"createdAt":"2026-03-16T08:15:30.217Z","updatedAt":"2026-03-16T08:15:30.226Z","f_0ipjqjhd3dt":456,"f_jmazop48q5l":353632067190784,"level_1_cause":null,"defect_classification":"其他","defect_status":"已关闭","level_2_cause":null,"defect":"测试模块缺失数据","defect_rank":"level1","priority":"P1","id":353632111230976,"discovery_stage":"独立评审","specific_reason":null,"module":null,"repair_plan":null,"test_stage":null,"label":["已修复","已关闭"],"round":"CC2026R2回归测试","issue_id":null,"assignee":null,"feature_name":null,"issue_state":null,"repair_status":null,"gitlab_url":null,"createdById":1,"updatedById":1}},"status":1,"dispatched":true,"stack":null,"output":null,"manually":null,"workflowId":352864170475520}
[32m2026-03-16 16:18:25 [info]  new event triggered, now events: 2          [39m 
[34m2026-03-16 16:18:25 [debug] event data:                                 [39m context={"data":{"createdAt":"2026-03-16T08:17:25.422Z","updatedAt":"2026-03-16T08:17:25.434Z","f_0ipjqjhd3dt":456,"f_jmazop48q5l":353632308363264,"level_1_cause":null,"defect_classification":"其他","defect_status":"已关闭","level_2_cause":null,"defect":"测试模块缺失数据","defect_rank":"level1","priority":"P1","id":353632352403456,"discovery_stage":"独立评审","specific_reason":null,"module":null,"repair_plan":null,"test_stage":null,"label":["已修复","已关闭"],"round":"CC2026R2回归测试","issue_id":null,"assignee":null,"feature_name":null,"issue_state":null,"repair_status":null,"gitlab_url":null,"createdById":1,"updatedById":1}}
[32m2026-03-16 16:18:25 [info]  new event is pending to be prepared after previous preparation is finished[39m 
[32m2026-03-16 16:18:25 [info]  preparing execution for event               [39m 
[32m2026-03-16 16:18:25 [info]  execution of workflow 352864170475520 created as 353632478232577[39m 
[32m2026-03-16 16:18:25 [info]  instance is not serving as worker or local pending list is not empty, sending execution (353632478232577) to queue[39m 
[32m2026-03-16 16:18:25 [info]  execution (353632478232577) fetched from db [39m 
[32m2026-03-16 16:18:25 [info]  execution (353632478232577) starting...     [39m 
[32m2026-03-16 16:18:25 [info]  execution (353632478232577) run instruction [sql] for node (352864170475521)[39m workflowId=352864170475520
[34m2026-03-16 16:18:25 [debug] config of node                              [39m data={"dataSource":"main","sql":"UPDATE review_records rm\nSET \n    round = '{{$context.data.round}}',\n\n    total_issues = (SELECT count(*) FROM defects WHERE f_0ipjqjhd3dt = COALESCE({{$context.data.f_0ipjqjhd3dt}}, 0)),\n    \n    eff_indep_issues = (SELECT count(*) FROM defects WHERE f_0ipjqjhd3dt = COALESCE({{$context.data.f_0ipjqjhd3dt}}, 0) AND discovery_stage = '独立评审'),\n    \n    eff_meet_issues = (SELECT count(*) FROM defects WHERE f_0ipjqjhd3dt = COALESCE({{$context.data.f_0ipjqjhd3dt}}, 0) AND discovery_stage = '会议评审'),\n\n    review_density = ROUND((CAST((SELECT count(*) FROM defects WHERE f_0ipjqjhd3dt = COALESCE({{$context.data.f_0ipjqjhd3dt}}, 0)) AS DECIMAL) / NULLIF(rm.page_count, 0))::numeric, 2),\n    \n    eff_issue_hour = ROUND((CAST((SELECT count(*) FROM defects WHERE f_0ipjqjhd3dt = COALESCE({{$context.data.f_0ipjqjhd3dt}}, 0)) AS DECIMAL) / NULLIF((rm.workload_indep + rm.workload_joint), 0))::numeric, 2),\n    \n    eff_page_hour = ROUND((CAST(rm.page_count AS DECIMAL) / NULLIF((rm.workload_indep + rm.workload_joint), 0))::numeric, 2),\n\n    is_standard = CASE \n        WHEN (CAST((SELECT count(*) FROM defects WHERE f_0ipjqjhd3dt = COALESCE({{$context.data.f_0ipjqjhd3dt}}, 0)) AS DECIMAL) / NULLIF(rm.page_count, 0)) < 0.6 THEN '是' \n        ELSE '否' \n    END,\n    \n    fail_reason = CASE \n        WHEN (CAST((SELECT count(*) FROM defects WHERE f_0ipjqjhd3dt = COALESCE({{$context.data.f_0ipjqjhd3dt}}, 0)) AS DECIMAL) / NULLIF(rm.page_count, 0)) >= 0.6 THEN '缺陷密度超过0.6，建议重新评审' \n        ELSE NULL \n    END\n\nWHERE rm.id = COALESCE({{$context.data.f_0ipjqjhd3dt}}, 0)"} workflowId=352864170475520
[34m2026-03-16 16:18:25 [debug] job added to save list: {"result":[],"status":1,"nodeId":352864170475521,"nodeKey":"6sdnes4zter","id":"13855264864238592","createdAt":"2026-03-16T08:18:25.465Z","updatedAt":"2026-03-16T08:18:25.465Z","executionId":353632478232577}[39m workflowId=352864170475520
[32m2026-03-16 16:18:25 [info]  execution (353632478232577) run instruction [sql] for node (352864170475521) finished as status: 1[39m workflowId=352864170475520
[34m2026-03-16 16:18:25 [debug] result of node                              [39m 
[34m2026-03-16 16:18:25 [debug] branch ended at node (352864170475521)      [39m 
[32m2026-03-16 16:18:25 [info]  execution (353632478232577) exiting with status 1[39m workflowId=352864170475520
[32m2026-03-16 16:18:25 [info]  execution (353632478232577) finished with status: 1[39m 
[34m2026-03-16 16:18:25 [debug] execution (353632478232577) details:        [39m execution={"createdAt":"2026-03-16T08:18:25.298Z","id":353632478232577,"updatedAt":"2026-03-16T08:18:25.469Z","key":"om3prc5o635","eventKey":"b1ceddab-a26b-4c07-8a8a-1ca7b4182835","context":{"data":{"createdAt":"2026-03-16T08:17:25.422Z","updatedAt":"2026-03-16T08:17:25.434Z","f_0ipjqjhd3dt":456,"f_jmazop48q5l":353632308363264,"level_1_cause":null,"defect_classification":"其他","defect_status":"已关闭","level_2_cause":null,"defect":"测试模块缺失数据","defect_rank":"level1","priority":"P1","id":353632352403456,"discovery_stage":"独立评审","specific_reason":null,"module":null,"repair_plan":null,"test_stage":null,"label":["已修复","已关闭"],"round":"CC2026R2回归测试","issue_id":null,"assignee":null,"feature_name":null,"issue_state":null,"repair_status":null,"gitlab_url":null,"createdById":1,"updatedById":1}},"status":1,"dispatched":true,"stack":null,"output":null,"manually":null,"workflowId":352864170475520}
[32m2026-03-16 16:20:47 [info]  new event triggered, now events: 2          [39m 
[34m2026-03-16 16:20:47 [debug] event data:                                 [39m context={"data":{"createdAt":"2026-03-16T08:19:13.944Z","updatedAt":"2026-03-16T08:19:13.963Z","f_0ipjqjhd3dt":456,"f_jmazop48q5l":353632507592704,"level_1_cause":null,"defect_classification":"其他","defect_status":"已关闭","level_2_cause":null,"defect":"测试模块缺失数据","defect_rank":"level1","priority":"P1","id":353632578895872,"discovery_stage":"独立评审","specific_reason":null,"module":null,"repair_plan":null,"test_stage":null,"label":["已修复","已关闭"],"round":"CC2026R2回归测试","issue_id":null,"assignee":null,"feature_name":null,"issue_state":null,"repair_status":null,"gitlab_url":null,"createdById":1,"updatedById":1}}
[32m2026-03-16 16:20:47 [info]  new event is pending to be prepared after previous preparation is finished[39m 
[32m2026-03-16 16:20:47 [info]  preparing execution for event               [39m 
[32m2026-03-16 16:20:47 [info]  execution of workflow 352864170475520 created as 353632776028161[39m 
[32m2026-03-16 16:20:47 [info]  instance is not serving as worker or local pending list is not empty, sending execution (353632776028161) to queue[39m 
[32m2026-03-16 16:20:47 [info]  execution (353632776028161) fetched from db [39m 
[32m2026-03-16 16:20:47 [info]  execution (353632776028161) starting...     [39m 
[32m2026-03-16 16:20:47 [info]  execution (353632776028161) run instruction [sql] for node (352864170475521)[39m workflowId=352864170475520
[34m2026-03-16 16:20:47 [debug] config of node                              [39m data={"dataSource":"main","sql":"UPDATE review_records rm\nSET \n    round = '{{$context.data.round}}',\n\n    total_issues = (SELECT count(*) FROM defects WHERE f_0ipjqjhd3dt = COALESCE({{$context.data.f_0ipjqjhd3dt}}, 0)),\n    \n    eff_indep_issues = (SELECT count(*) FROM defects WHERE f_0ipjqjhd3dt = COALESCE({{$context.data.f_0ipjqjhd3dt}}, 0) AND discovery_stage = '独立评审'),\n    \n    eff_meet_issues = (SELECT count(*) FROM defects WHERE f_0ipjqjhd3dt = COALESCE({{$context.data.f_0ipjqjhd3dt}}, 0) AND discovery_stage = '会议评审'),\n\n    review_density = ROUND((CAST((SELECT count(*) FROM defects WHERE f_0ipjqjhd3dt = COALESCE({{$context.data.f_0ipjqjhd3dt}}, 0)) AS DECIMAL) / NULLIF(rm.page_count, 0))::numeric, 2),\n    \n    eff_issue_hour = ROUND((CAST((SELECT count(*) FROM defects WHERE f_0ipjqjhd3dt = COALESCE({{$context.data.f_0ipjqjhd3dt}}, 0)) AS DECIMAL) / NULLIF((rm.workload_indep + rm.workload_joint), 0))::numeric, 2),\n    \n    eff_page_hour = ROUND((CAST(rm.page_count AS DECIMAL) / NULLIF((rm.workload_indep + rm.workload_joint), 0))::numeric, 2),\n\n    is_standard = CASE \n        WHEN (CAST((SELECT count(*) FROM defects WHERE f_0ipjqjhd3dt = COALESCE({{$context.data.f_0ipjqjhd3dt}}, 0)) AS DECIMAL) / NULLIF(rm.page_count, 0)) < 0.6 THEN '是' \n        ELSE '否' \n    END,\n    \n    fail_reason = CASE \n        WHEN (CAST((SELECT count(*) FROM defects WHERE f_0ipjqjhd3dt = COALESCE({{$context.data.f_0ipjqjhd3dt}}, 0)) AS DECIMAL) / NULLIF(rm.page_count, 0)) >= 0.6 THEN '缺陷密度超过0.6，建议重新评审' \n        ELSE NULL \n    END\n\nWHERE rm.id = COALESCE({{$context.data.f_0ipjqjhd3dt}}, 0)"} workflowId=352864170475520
[34m2026-03-16 16:20:47 [debug] job added to save list: {"result":[],"status":1,"nodeId":352864170475521,"nodeKey":"6sdnes4zter","id":"13855861600451584","createdAt":"2026-03-16T08:20:47.738Z","updatedAt":"2026-03-16T08:20:47.738Z","executionId":353632776028161}[39m workflowId=352864170475520
[32m2026-03-16 16:20:47 [info]  execution (353632776028161) run instruction [sql] for node (352864170475521) finished as status: 1[39m workflowId=352864170475520
[34m2026-03-16 16:20:47 [debug] result of node                              [39m 
[34m2026-03-16 16:20:47 [debug] branch ended at node (352864170475521)      [39m 
[32m2026-03-16 16:20:47 [info]  execution (353632776028161) exiting with status 1[39m workflowId=352864170475520
[32m2026-03-16 16:20:47 [info]  execution (353632776028161) finished with status: 1[39m 
[34m2026-03-16 16:20:47 [debug] execution (353632776028161) details:        [39m execution={"createdAt":"2026-03-16T08:20:47.580Z","id":353632776028161,"updatedAt":"2026-03-16T08:20:47.740Z","key":"om3prc5o635","eventKey":"c8267142-1461-4765-8d0d-4a458652ca5a","context":{"data":{"createdAt":"2026-03-16T08:19:13.944Z","updatedAt":"2026-03-16T08:19:13.963Z","f_0ipjqjhd3dt":456,"f_jmazop48q5l":353632507592704,"level_1_cause":null,"defect_classification":"其他","defect_status":"已关闭","level_2_cause":null,"defect":"测试模块缺失数据","defect_rank":"level1","priority":"P1","id":353632578895872,"discovery_stage":"独立评审","specific_reason":null,"module":null,"repair_plan":null,"test_stage":null,"label":["已修复","已关闭"],"round":"CC2026R2回归测试","issue_id":null,"assignee":null,"feature_name":null,"issue_state":null,"repair_status":null,"gitlab_url":null,"createdById":1,"updatedById":1}},"status":1,"dispatched":true,"stack":null,"output":null,"manually":null,"workflowId":352864170475520}
[32m2026-03-16 16:27:03 [info]  new event triggered, now events: 2          [39m 
[34m2026-03-16 16:27:03 [debug] event data:                                 [39m context={"data":{"createdAt":"2026-03-16T08:21:14.880Z","updatedAt":"2026-03-16T08:21:14.892Z","f_0ipjqjhd3dt":456,"f_jmazop48q5l":353632794902528,"level_1_cause":null,"defect_classification":"其他","defect_status":"已关闭","level_2_cause":null,"defect":"测试模块缺失数据","defect_rank":"level1","priority":"P1","id":353632832651264,"discovery_stage":"独立评审","specific_reason":null,"module":null,"repair_plan":null,"test_stage":null,"label":["已修复","已关闭"],"round":"CC2026R2回归测试","issue_id":null,"assignee":null,"feature_name":null,"issue_state":null,"repair_status":null,"gitlab_url":null,"createdById":1,"updatedById":1}}
[32m2026-03-16 16:27:03 [info]  new event is pending to be prepared after previous preparation is finished[39m 
[32m2026-03-16 16:27:03 [info]  preparing execution for event               [39m 
[32m2026-03-16 16:27:03 [info]  execution of workflow 352864170475520 created as 353633564557313[39m 
[32m2026-03-16 16:27:03 [info]  instance is not serving as worker or local pending list is not empty, sending execution (353633564557313) to queue[39m 
[32m2026-03-16 16:27:03 [info]  execution (353633564557313) fetched from db [39m 
[32m2026-03-16 16:27:03 [info]  execution (353633564557313) starting...     [39m 
[32m2026-03-16 16:27:03 [info]  execution (353633564557313) run instruction [sql] for node (352864170475521)[39m workflowId=352864170475520
[34m2026-03-16 16:27:03 [debug] config of node                              [39m data={"dataSource":"main","sql":"UPDATE review_records rm\nSET \n    round = '{{$context.data.round}}',\n\n    total_issues = (SELECT count(*) FROM defects WHERE f_0ipjqjhd3dt = COALESCE({{$context.data.f_0ipjqjhd3dt}}, 0)),\n    \n    eff_indep_issues = (SELECT count(*) FROM defects WHERE f_0ipjqjhd3dt = COALESCE({{$context.data.f_0ipjqjhd3dt}}, 0) AND discovery_stage = '独立评审'),\n    \n    eff_meet_issues = (SELECT count(*) FROM defects WHERE f_0ipjqjhd3dt = COALESCE({{$context.data.f_0ipjqjhd3dt}}, 0) AND discovery_stage = '会议评审'),\n\n    review_density = ROUND((CAST((SELECT count(*) FROM defects WHERE f_0ipjqjhd3dt = COALESCE({{$context.data.f_0ipjqjhd3dt}}, 0)) AS DECIMAL) / NULLIF(rm.page_count, 0))::numeric, 2),\n    \n    eff_issue_hour = ROUND((CAST((SELECT count(*) FROM defects WHERE f_0ipjqjhd3dt = COALESCE({{$context.data.f_0ipjqjhd3dt}}, 0)) AS DECIMAL) / NULLIF((rm.workload_indep + rm.workload_joint), 0))::numeric, 2),\n    \n    eff_page_hour = ROUND((CAST(rm.page_count AS DECIMAL) / NULLIF((rm.workload_indep + rm.workload_joint), 0))::numeric, 2),\n\n    is_standard = CASE \n        WHEN (CAST((SELECT count(*) FROM defects WHERE f_0ipjqjhd3dt = COALESCE({{$context.data.f_0ipjqjhd3dt}}, 0)) AS DECIMAL) / NULLIF(rm.page_count, 0)) < 0.6 THEN '是' \n        ELSE '否' \n    END,\n    \n    fail_reason = CASE \n        WHEN (CAST((SELECT count(*) FROM defects WHERE f_0ipjqjhd3dt = COALESCE({{$context.data.f_0ipjqjhd3dt}}, 0)) AS DECIMAL) / NULLIF(rm.page_count, 0)) >= 0.6 THEN '缺陷密度超过0.6，建议重新评审' \n        ELSE NULL \n    END\n\nWHERE rm.id = COALESCE({{$context.data.f_0ipjqjhd3dt}}, 0)"} workflowId=352864170475520
[34m2026-03-16 16:27:03 [debug] job added to save list: {"result":[],"status":1,"nodeId":352864170475521,"nodeKey":"6sdnes4zter","id":"13857438511954944","createdAt":"2026-03-16T08:27:03.703Z","updatedAt":"2026-03-16T08:27:03.703Z","executionId":353633564557313}[39m workflowId=352864170475520
[32m2026-03-16 16:27:03 [info]  execution (353633564557313) run instruction [sql] for node (352864170475521) finished as status: 1[39m workflowId=352864170475520
[34m2026-03-16 16:27:03 [debug] result of node                              [39m 
[34m2026-03-16 16:27:03 [debug] branch ended at node (352864170475521)      [39m 
[32m2026-03-16 16:27:03 [info]  execution (353633564557313) exiting with status 1[39m workflowId=352864170475520
[32m2026-03-16 16:27:03 [info]  execution (353633564557313) finished with status: 1[39m 
[34m2026-03-16 16:27:03 [debug] execution (353633564557313) details:        [39m execution={"createdAt":"2026-03-16T08:27:03.536Z","id":353633564557313,"updatedAt":"2026-03-16T08:27:03.706Z","key":"om3prc5o635","eventKey":"6a34c7ef-7f88-4338-ac45-66655b847a95","context":{"data":{"createdAt":"2026-03-16T08:21:14.880Z","updatedAt":"2026-03-16T08:21:14.892Z","f_0ipjqjhd3dt":456,"f_jmazop48q5l":353632794902528,"level_1_cause":null,"defect_classification":"其他","defect_status":"已关闭","level_2_cause":null,"defect":"测试模块缺失数据","defect_rank":"level1","priority":"P1","id":353632832651264,"discovery_stage":"独立评审","specific_reason":null,"module":null,"repair_plan":null,"test_stage":null,"label":["已修复","已关闭"],"round":"CC2026R2回归测试","issue_id":null,"assignee":null,"feature_name":null,"issue_state":null,"repair_status":null,"gitlab_url":null,"createdById":1,"updatedById":1}},"status":1,"dispatched":true,"stack":null,"output":null,"manually":null,"workflowId":352864170475520}
[32m2026-03-16 16:29:14 [info]  new event triggered, now events: 2          [39m 
[34m2026-03-16 16:29:14 [debug] event data:                                 [39m context={"data":{"createdAt":"2026-03-16T08:27:34.282Z","updatedAt":"2026-03-16T08:27:34.302Z","f_0ipjqjhd3dt":456,"f_jmazop48q5l":353633581334528,"level_1_cause":null,"defect_classification":"其他","defect_status":"已关闭","level_2_cause":null,"defect":"测试模块缺失数据","defect_rank":"level1","priority":"P1","id":353633629569024,"discovery_stage":"独立评审","specific_reason":null,"module":null,"repair_plan":null,"test_stage":null,"label":["已修复","已关闭"],"round":"CC2026R2回归测试","issue_id":null,"assignee":null,"feature_name":null,"issue_state":null,"repair_status":null,"gitlab_url":null,"createdById":1,"updatedById":1}}
[32m2026-03-16 16:29:14 [info]  new event is pending to be prepared after previous preparation is finished[39m 
[32m2026-03-16 16:29:14 [info]  preparing execution for event               [39m 
[32m2026-03-16 16:29:14 [info]  execution of workflow 352864170475520 created as 353633839284225[39m 
[32m2026-03-16 16:29:14 [info]  instance is not serving as worker or local pending list is not empty, sending execution (353633839284225) to queue[39m 
[32m2026-03-16 16:29:14 [info]  execution (353633839284225) fetched from db [39m 
[32m2026-03-16 16:29:14 [info]  execution (353633839284225) starting...     [39m 
[32m2026-03-16 16:29:14 [info]  execution (353633839284225) run instruction [sql] for node (352864170475521)[39m workflowId=352864170475520
[34m2026-03-16 16:29:14 [debug] config of node                              [39m data={"dataSource":"main","sql":"UPDATE review_records rm\nSET \n    round = '{{$context.data.round}}',\n\n    total_issues = (SELECT count(*) FROM defects WHERE f_0ipjqjhd3dt = COALESCE({{$context.data.f_0ipjqjhd3dt}}, 0)),\n    \n    eff_indep_issues = (SELECT count(*) FROM defects WHERE f_0ipjqjhd3dt = COALESCE({{$context.data.f_0ipjqjhd3dt}}, 0) AND discovery_stage = '独立评审'),\n    \n    eff_meet_issues = (SELECT count(*) FROM defects WHERE f_0ipjqjhd3dt = COALESCE({{$context.data.f_0ipjqjhd3dt}}, 0) AND discovery_stage = '会议评审'),\n\n    review_density = ROUND((CAST((SELECT count(*) FROM defects WHERE f_0ipjqjhd3dt = COALESCE({{$context.data.f_0ipjqjhd3dt}}, 0)) AS DECIMAL) / NULLIF(rm.page_count, 0))::numeric, 2),\n    \n    eff_issue_hour = ROUND((CAST((SELECT count(*) FROM defects WHERE f_0ipjqjhd3dt = COALESCE({{$context.data.f_0ipjqjhd3dt}}, 0)) AS DECIMAL) / NULLIF((rm.workload_indep + rm.workload_joint), 0))::numeric, 2),\n    \n    eff_page_hour = ROUND((CAST(rm.page_count AS DECIMAL) / NULLIF((rm.workload_indep + rm.workload_joint), 0))::numeric, 2),\n\n    is_standard = CASE \n        WHEN (CAST((SELECT count(*) FROM defects WHERE f_0ipjqjhd3dt = COALESCE({{$context.data.f_0ipjqjhd3dt}}, 0)) AS DECIMAL) / NULLIF(rm.page_count, 0)) < 0.6 THEN '是' \n        ELSE '否' \n    END,\n    \n    fail_reason = CASE \n        WHEN (CAST((SELECT count(*) FROM defects WHERE f_0ipjqjhd3dt = COALESCE({{$context.data.f_0ipjqjhd3dt}}, 0)) AS DECIMAL) / NULLIF(rm.page_count, 0)) >= 0.6 THEN '缺陷密度超过0.6，建议重新评审' \n        ELSE NULL \n    END\n\nWHERE rm.id = COALESCE({{$context.data.f_0ipjqjhd3dt}}, 0)"} workflowId=352864170475520
[34m2026-03-16 16:29:14 [debug] job added to save list: {"result":[],"status":1,"nodeId":352864170475521,"nodeKey":"6sdnes4zter","id":"13857988720753664","createdAt":"2026-03-16T08:29:14.883Z","updatedAt":"2026-03-16T08:29:14.883Z","executionId":353633839284225}[39m workflowId=352864170475520
[32m2026-03-16 16:29:14 [info]  execution (353633839284225) run instruction [sql] for node (352864170475521) finished as status: 1[39m workflowId=352864170475520
[34m2026-03-16 16:29:14 [debug] result of node                              [39m 
[34m2026-03-16 16:29:14 [debug] branch ended at node (352864170475521)      [39m 
[32m2026-03-16 16:29:14 [info]  execution (353633839284225) exiting with status 1[39m workflowId=352864170475520
[32m2026-03-16 16:29:14 [info]  execution (353633839284225) finished with status: 1[39m 
[34m2026-03-16 16:29:14 [debug] execution (353633839284225) details:        [39m execution={"createdAt":"2026-03-16T08:29:14.738Z","id":353633839284225,"updatedAt":"2026-03-16T08:29:14.886Z","key":"om3prc5o635","eventKey":"899b5f0c-1c81-4bf4-9d6a-347629f19c98","context":{"data":{"createdAt":"2026-03-16T08:27:34.282Z","updatedAt":"2026-03-16T08:27:34.302Z","f_0ipjqjhd3dt":456,"f_jmazop48q5l":353633581334528,"level_1_cause":null,"defect_classification":"其他","defect_status":"已关闭","level_2_cause":null,"defect":"测试模块缺失数据","defect_rank":"level1","priority":"P1","id":353633629569024,"discovery_stage":"独立评审","specific_reason":null,"module":null,"repair_plan":null,"test_stage":null,"label":["已修复","已关闭"],"round":"CC2026R2回归测试","issue_id":null,"assignee":null,"feature_name":null,"issue_state":null,"repair_status":null,"gitlab_url":null,"createdById":1,"updatedById":1}},"status":1,"dispatched":true,"stack":null,"output":null,"manually":null,"workflowId":352864170475520}
[32m2026-03-16 16:37:49 [info]  new event triggered, now events: 2          [39m 
[34m2026-03-16 16:37:49 [debug] event data:                                 [39m context={"data":{"createdAt":"2026-03-16T08:29:44.107Z","updatedAt":"2026-03-16T08:29:44.119Z","f_0ipjqjhd3dt":456,"f_jmazop48q5l":353633853964288,"defect_classification":"其他","defect_status":"已关闭","defect":"测试模块缺失数据","defect_rank":"level1","priority":"P1","id":353633902198784,"discovery_stage":"独立评审","specific_reason":null,"module":null,"repair_plan":null,"test_stage":null,"label":["已修复","已关闭"],"round":"CC2026R2回归测试","issue_id":null,"assignee":null,"feature_name":null,"issue_state":null,"repair_status":null,"gitlab_url":null,"createdById":1,"updatedById":1,"level_1_cause":null,"level_2_cause":null}}
[32m2026-03-16 16:37:49 [info]  new event is pending to be prepared after previous preparation is finished[39m 
[32m2026-03-16 16:37:49 [info]  preparing execution for event               [39m 
[32m2026-03-16 16:37:49 [info]  execution of workflow 352864170475520 created as 353634919317505[39m 
[32m2026-03-16 16:37:49 [info]  instance is not serving as worker or local pending list is not empty, sending execution (353634919317505) to queue[39m 
[32m2026-03-16 16:37:49 [info]  execution (353634919317505) fetched from db [39m 
[32m2026-03-16 16:37:49 [info]  execution (353634919317505) starting...     [39m 
[32m2026-03-16 16:37:49 [info]  execution (353634919317505) run instruction [sql] for node (352864170475521)[39m workflowId=352864170475520
[34m2026-03-16 16:37:49 [debug] config of node                              [39m data={"dataSource":"main","sql":"UPDATE review_records rm\nSET \n    round = '{{$context.data.round}}',\n\n    total_issues = (SELECT count(*) FROM defects WHERE f_0ipjqjhd3dt = COALESCE({{$context.data.f_0ipjqjhd3dt}}, 0)),\n    \n    eff_indep_issues = (SELECT count(*) FROM defects WHERE f_0ipjqjhd3dt = COALESCE({{$context.data.f_0ipjqjhd3dt}}, 0) AND discovery_stage = '独立评审'),\n    \n    eff_meet_issues = (SELECT count(*) FROM defects WHERE f_0ipjqjhd3dt = COALESCE({{$context.data.f_0ipjqjhd3dt}}, 0) AND discovery_stage = '会议评审'),\n\n    review_density = ROUND((CAST((SELECT count(*) FROM defects WHERE f_0ipjqjhd3dt = COALESCE({{$context.data.f_0ipjqjhd3dt}}, 0)) AS DECIMAL) / NULLIF(rm.page_count, 0))::numeric, 2),\n    \n    eff_issue_hour = ROUND((CAST((SELECT count(*) FROM defects WHERE f_0ipjqjhd3dt = COALESCE({{$context.data.f_0ipjqjhd3dt}}, 0)) AS DECIMAL) / NULLIF((rm.workload_indep + rm.workload_joint), 0))::numeric, 2),\n    \n    eff_page_hour = ROUND((CAST(rm.page_count AS DECIMAL) / NULLIF((rm.workload_indep + rm.workload_joint), 0))::numeric, 2),\n\n    is_standard = CASE \n        WHEN (CAST((SELECT count(*) FROM defects WHERE f_0ipjqjhd3dt = COALESCE({{$context.data.f_0ipjqjhd3dt}}, 0)) AS DECIMAL) / NULLIF(rm.page_count, 0)) < 0.6 THEN '是' \n        ELSE '否' \n    END,\n    \n    fail_reason = CASE \n        WHEN (CAST((SELECT count(*) FROM defects WHERE f_0ipjqjhd3dt = COALESCE({{$context.data.f_0ipjqjhd3dt}}, 0)) AS DECIMAL) / NULLIF(rm.page_count, 0)) >= 0.6 THEN '缺陷密度超过0.6，建议重新评审' \n        ELSE NULL \n    END\n\nWHERE rm.id = COALESCE({{$context.data.f_0ipjqjhd3dt}}, 0)"} workflowId=352864170475520
[34m2026-03-16 16:37:49 [debug] job added to save list: {"result":[],"status":1,"nodeId":352864170475521,"nodeKey":"6sdnes4zter","id":"13860145750637568","createdAt":"2026-03-16T08:37:49.159Z","updatedAt":"2026-03-16T08:37:49.159Z","executionId":353634919317505}[39m workflowId=352864170475520
[32m2026-03-16 16:37:49 [info]  execution (353634919317505) run instruction [sql] for node (352864170475521) finished as status: 1[39m workflowId=352864170475520
[34m2026-03-16 16:37:49 [debug] result of node                              [39m 
[34m2026-03-16 16:37:49 [debug] branch ended at node (352864170475521)      [39m 
[32m2026-03-16 16:37:49 [info]  execution (353634919317505) exiting with status 1[39m workflowId=352864170475520
[32m2026-03-16 16:37:49 [info]  execution (353634919317505) finished with status: 1[39m 
[34m2026-03-16 16:37:49 [debug] execution (353634919317505) details:        [39m execution={"createdAt":"2026-03-16T08:37:49.020Z","id":353634919317505,"updatedAt":"2026-03-16T08:37:49.161Z","key":"om3prc5o635","eventKey":"39be4c2b-7b30-46fd-bac1-6d7775492f5b","context":{"data":{"createdAt":"2026-03-16T08:29:44.107Z","updatedAt":"2026-03-16T08:29:44.119Z","f_0ipjqjhd3dt":456,"f_jmazop48q5l":353633853964288,"defect_classification":"其他","defect_status":"已关闭","defect":"测试模块缺失数据","defect_rank":"level1","priority":"P1","id":353633902198784,"discovery_stage":"独立评审","specific_reason":null,"module":null,"repair_plan":null,"test_stage":null,"label":["已修复","已关闭"],"round":"CC2026R2回归测试","issue_id":null,"assignee":null,"feature_name":null,"issue_state":null,"repair_status":null,"gitlab_url":null,"createdById":1,"updatedById":1,"level_1_cause":null,"level_2_cause":null}},"status":1,"dispatched":true,"stack":null,"output":null,"manually":null,"workflowId":352864170475520}
[32m2026-03-16 16:41:22 [info]  new event triggered, now events: 2          [39m 
[34m2026-03-16 16:41:22 [debug] event data:                                 [39m context={"data":{"createdAt":"2026-03-16T08:38:38.557Z","updatedAt":"2026-03-16T08:38:38.574Z","f_0ipjqjhd3dt":456,"f_jmazop48q5l":353633853964288,"defect_classification":"其他","defect_status":"已关闭","defect":"测试模块缺失数据","defect_rank":"level1","priority":"P1","id":353635022077952,"discovery_stage":"独立评审","specific_reason":null,"module":null,"repair_plan":null,"test_stage":null,"label":["已修复","已关闭"],"round":"CC2026R2回归测试","issue_id":null,"assignee":null,"feature_name":null,"issue_state":null,"repair_status":null,"gitlab_url":null,"createdById":1,"updatedById":1,"level_1_cause":"设计问题","level_2_cause":null}}
[32m2026-03-16 16:41:22 [info]  new event is pending to be prepared after previous preparation is finished[39m 
[32m2026-03-16 16:41:22 [info]  preparing execution for event               [39m 
[32m2026-03-16 16:41:22 [info]  execution of workflow 352864170475520 created as 353635366010881[39m 
[32m2026-03-16 16:41:22 [info]  instance is not serving as worker or local pending list is not empty, sending execution (353635366010881) to queue[39m 
[32m2026-03-16 16:41:22 [info]  execution (353635366010881) fetched from db [39m 
[32m2026-03-16 16:41:22 [info]  execution (353635366010881) starting...     [39m 
[32m2026-03-16 16:41:22 [info]  execution (353635366010881) run instruction [sql] for node (352864170475521)[39m workflowId=352864170475520
[34m2026-03-16 16:41:22 [debug] config of node                              [39m data={"dataSource":"main","sql":"UPDATE review_records rm\nSET \n    round = '{{$context.data.round}}',\n\n    total_issues = (SELECT count(*) FROM defects WHERE f_0ipjqjhd3dt = COALESCE({{$context.data.f_0ipjqjhd3dt}}, 0)),\n    \n    eff_indep_issues = (SELECT count(*) FROM defects WHERE f_0ipjqjhd3dt = COALESCE({{$context.data.f_0ipjqjhd3dt}}, 0) AND discovery_stage = '独立评审'),\n    \n    eff_meet_issues = (SELECT count(*) FROM defects WHERE f_0ipjqjhd3dt = COALESCE({{$context.data.f_0ipjqjhd3dt}}, 0) AND discovery_stage = '会议评审'),\n\n    review_density = ROUND((CAST((SELECT count(*) FROM defects WHERE f_0ipjqjhd3dt = COALESCE({{$context.data.f_0ipjqjhd3dt}}, 0)) AS DECIMAL) / NULLIF(rm.page_count, 0))::numeric, 2),\n    \n    eff_issue_hour = ROUND((CAST((SELECT count(*) FROM defects WHERE f_0ipjqjhd3dt = COALESCE({{$context.data.f_0ipjqjhd3dt}}, 0)) AS DECIMAL) / NULLIF((rm.workload_indep + rm.workload_joint), 0))::numeric, 2),\n    \n    eff_page_hour = ROUND((CAST(rm.page_count AS DECIMAL) / NULLIF((rm.workload_indep + rm.workload_joint), 0))::numeric, 2),\n\n    is_standard = CASE \n        WHEN (CAST((SELECT count(*) FROM defects WHERE f_0ipjqjhd3dt = COALESCE({{$context.data.f_0ipjqjhd3dt}}, 0)) AS DECIMAL) / NULLIF(rm.page_count, 0)) < 0.6 THEN '是' \n        ELSE '否' \n    END,\n    \n    fail_reason = CASE \n        WHEN (CAST((SELECT count(*) FROM defects WHERE f_0ipjqjhd3dt = COALESCE({{$context.data.f_0ipjqjhd3dt}}, 0)) AS DECIMAL) / NULLIF(rm.page_count, 0)) >= 0.6 THEN '缺陷密度超过0.6，建议重新评审' \n        ELSE NULL \n    END\n\nWHERE rm.id = COALESCE({{$context.data.f_0ipjqjhd3dt}}, 0)"} workflowId=352864170475520
[34m2026-03-16 16:41:22 [debug] job added to save list: {"result":[],"status":1,"nodeId":352864170475521,"nodeKey":"6sdnes4zter","id":"13861042069208064","createdAt":"2026-03-16T08:41:22.858Z","updatedAt":"2026-03-16T08:41:22.858Z","executionId":353635366010881}[39m workflowId=352864170475520
[32m2026-03-16 16:41:22 [info]  execution (353635366010881) run instruction [sql] for node (352864170475521) finished as status: 1[39m workflowId=352864170475520
[34m2026-03-16 16:41:22 [debug] result of node                              [39m 
[34m2026-03-16 16:41:22 [debug] branch ended at node (352864170475521)      [39m 
[32m2026-03-16 16:41:22 [info]  execution (353635366010881) exiting with status 1[39m workflowId=352864170475520
[32m2026-03-16 16:41:22 [info]  execution (353635366010881) finished with status: 1[39m 
[34m2026-03-16 16:41:22 [debug] execution (353635366010881) details:        [39m execution={"createdAt":"2026-03-16T08:41:22.738Z","id":353635366010881,"updatedAt":"2026-03-16T08:41:22.861Z","key":"om3prc5o635","eventKey":"517947fe-1059-4489-9d6b-b68a0f162b46","context":{"data":{"createdAt":"2026-03-16T08:38:38.557Z","updatedAt":"2026-03-16T08:38:38.574Z","f_0ipjqjhd3dt":456,"f_jmazop48q5l":353633853964288,"defect_classification":"其他","defect_status":"已关闭","defect":"测试模块缺失数据","defect_rank":"level1","priority":"P1","id":353635022077952,"discovery_stage":"独立评审","specific_reason":null,"module":null,"repair_plan":null,"test_stage":null,"label":["已修复","已关闭"],"round":"CC2026R2回归测试","issue_id":null,"assignee":null,"feature_name":null,"issue_state":null,"repair_status":null,"gitlab_url":null,"createdById":1,"updatedById":1,"level_1_cause":"设计问题","level_2_cause":null}},"status":1,"dispatched":true,"stack":null,"output":null,"manually":null,"workflowId":352864170475520}
[32m2026-03-16 16:43:29 [info]  new event triggered, now events: 2          [39m 
[34m2026-03-16 16:43:29 [debug] event data:                                 [39m context={"data":{"createdAt":"2026-03-16T08:41:48.742Z","updatedAt":"2026-03-16T08:41:48.756Z","f_0ipjqjhd3dt":456,"f_jmazop48q5l":353633853964288,"defect_classification":"挂机","defect_status":"已关闭","defect":"导入大型文件时系统界面挂机","defect_rank":"level1","priority":"P1","id":353635420536832,"discovery_stage":"独立评审","specific_reason":null,"module":null,"repair_plan":null,"test_stage":null,"label":["已修复","已关闭"],"round":"CC2026R2第二轮测试","issue_id":null,"assignee":null,"feature_name":null,"issue_state":null,"repair_status":null,"gitlab_url":null,"createdById":1,"updatedById":1,"level_1_cause":"设计问题","level_2_cause":null}}
[32m2026-03-16 16:43:29 [info]  new event is pending to be prepared after previous preparation is finished[39m 
[32m2026-03-16 16:43:29 [info]  preparing execution for event               [39m 
[32m2026-03-16 16:43:29 [info]  execution of workflow 352864170475520 created as 353635632349185[39m 
[32m2026-03-16 16:43:29 [info]  instance is not serving as worker or local pending list is not empty, sending execution (353635632349185) to queue[39m 
[32m2026-03-16 16:43:29 [info]  execution (353635632349185) fetched from db [39m 
[32m2026-03-16 16:43:29 [info]  execution (353635632349185) starting...     [39m 
[32m2026-03-16 16:43:29 [info]  execution (353635632349185) run instruction [sql] for node (352864170475521)[39m workflowId=352864170475520
[34m2026-03-16 16:43:29 [debug] config of node                              [39m data={"dataSource":"main","sql":"UPDATE review_records rm\nSET \n    round = '{{$context.data.round}}',\n\n    total_issues = (SELECT count(*) FROM defects WHERE f_0ipjqjhd3dt = COALESCE({{$context.data.f_0ipjqjhd3dt}}, 0)),\n    \n    eff_indep_issues = (SELECT count(*) FROM defects WHERE f_0ipjqjhd3dt = COALESCE({{$context.data.f_0ipjqjhd3dt}}, 0) AND discovery_stage = '独立评审'),\n    \n    eff_meet_issues = (SELECT count(*) FROM defects WHERE f_0ipjqjhd3dt = COALESCE({{$context.data.f_0ipjqjhd3dt}}, 0) AND discovery_stage = '会议评审'),\n\n    review_density = ROUND((CAST((SELECT count(*) FROM defects WHERE f_0ipjqjhd3dt = COALESCE({{$context.data.f_0ipjqjhd3dt}}, 0)) AS DECIMAL) / NULLIF(rm.page_count, 0))::numeric, 2),\n    \n    eff_issue_hour = ROUND((CAST((SELECT count(*) FROM defects WHERE f_0ipjqjhd3dt = COALESCE({{$context.data.f_0ipjqjhd3dt}}, 0)) AS DECIMAL) / NULLIF((rm.workload_indep + rm.workload_joint), 0))::numeric, 2),\n    \n    eff_page_hour = ROUND((CAST(rm.page_count AS DECIMAL) / NULLIF((rm.workload_indep + rm.workload_joint), 0))::numeric, 2),\n\n    is_standard = CASE \n        WHEN (CAST((SELECT count(*) FROM defects WHERE f_0ipjqjhd3dt = COALESCE({{$context.data.f_0ipjqjhd3dt}}, 0)) AS DECIMAL) / NULLIF(rm.page_count, 0)) < 0.6 THEN '是' \n        ELSE '否' \n    END,\n    \n    fail_reason = CASE \n        WHEN (CAST((SELECT count(*) FROM defects WHERE f_0ipjqjhd3dt = COALESCE({{$context.data.f_0ipjqjhd3dt}}, 0)) AS DECIMAL) / NULLIF(rm.page_count, 0)) >= 0.6 THEN '缺陷密度超过0.6，建议重新评审' \n        ELSE NULL \n    END\n\nWHERE rm.id = COALESCE({{$context.data.f_0ipjqjhd3dt}}, 0)"} workflowId=352864170475520
[34m2026-03-16 16:43:29 [debug] job added to save list: {"result":[],"status":1,"nodeId":352864170475521,"nodeKey":"6sdnes4zter","id":"13861571985964032","createdAt":"2026-03-16T08:43:29.200Z","updatedAt":"2026-03-16T08:43:29.200Z","executionId":353635632349185}[39m workflowId=352864170475520
[32m2026-03-16 16:43:29 [info]  execution (353635632349185) run instruction [sql] for node (352864170475521) finished as status: 1[39m workflowId=352864170475520
[34m2026-03-16 16:43:29 [debug] result of node                              [39m 
[34m2026-03-16 16:43:29 [debug] branch ended at node (352864170475521)      [39m 
[32m2026-03-16 16:43:29 [info]  execution (353635632349185) exiting with status 1[39m workflowId=352864170475520
[32m2026-03-16 16:43:29 [info]  execution (353635632349185) finished with status: 1[39m 
[34m2026-03-16 16:43:29 [debug] execution (353635632349185) details:        [39m execution={"createdAt":"2026-03-16T08:43:29.078Z","id":353635632349185,"updatedAt":"2026-03-16T08:43:29.202Z","key":"om3prc5o635","eventKey":"12d0101c-1d09-4532-85df-d8cabdfca484","context":{"data":{"createdAt":"2026-03-16T08:41:48.742Z","updatedAt":"2026-03-16T08:41:48.756Z","f_0ipjqjhd3dt":456,"f_jmazop48q5l":353633853964288,"defect_classification":"挂机","defect_status":"已关闭","defect":"导入大型文件时系统界面挂机","defect_rank":"level1","priority":"P1","id":353635420536832,"discovery_stage":"独立评审","specific_reason":null,"module":null,"repair_plan":null,"test_stage":null,"label":["已修复","已关闭"],"round":"CC2026R2第二轮测试","issue_id":null,"assignee":null,"feature_name":null,"issue_state":null,"repair_status":null,"gitlab_url":null,"createdById":1,"updatedById":1,"level_1_cause":"设计问题","level_2_cause":null}},"status":1,"dispatched":true,"stack":null,"output":null,"manually":null,"workflowId":352864170475520}
[32m2026-03-16 16:45:16 [info]  new event triggered, now events: 2          [39m 
[34m2026-03-16 16:45:16 [debug] event data:                                 [39m context={"data":{"createdAt":"2026-03-16T08:43:51.217Z","updatedAt":"2026-03-16T08:43:51.230Z","f_0ipjqjhd3dt":456,"f_jmazop48q5l":353633853964288,"defect_classification":"挂机","defect_status":"已关闭","defect":"测试模块缺失数据","defect_rank":"level1","priority":"P1","id":353635678486528,"discovery_stage":"独立评审","specific_reason":null,"module":null,"repair_plan":null,"test_stage":null,"label":["已修复","已关闭"],"round":"CC2026R2回归测试","issue_id":null,"assignee":null,"feature_name":null,"issue_state":null,"repair_status":null,"gitlab_url":null,"createdById":1,"updatedById":1,"level_1_cause":"设计问题","level_2_cause":null}}
[32m2026-03-16 16:45:16 [info]  new event is pending to be prepared after previous preparation is finished[39m 
[32m2026-03-16 16:45:16 [info]  preparing execution for event               [39m 
[32m2026-03-16 16:45:16 [info]  execution of workflow 352864170475520 created as 353635856744449[39m 
[32m2026-03-16 16:45:16 [info]  instance is not serving as worker or local pending list is not empty, sending execution (353635856744449) to queue[39m 
[32m2026-03-16 16:45:16 [info]  execution (353635856744449) fetched from db [39m 
[32m2026-03-16 16:45:16 [info]  execution (353635856744449) starting...     [39m 
[32m2026-03-16 16:45:16 [info]  execution (353635856744449) run instruction [sql] for node (352864170475521)[39m workflowId=352864170475520
[34m2026-03-16 16:45:16 [debug] config of node                              [39m data={"dataSource":"main","sql":"UPDATE review_records rm\nSET \n    round = '{{$context.data.round}}',\n\n    total_issues = (SELECT count(*) FROM defects WHERE f_0ipjqjhd3dt = COALESCE({{$context.data.f_0ipjqjhd3dt}}, 0)),\n    \n    eff_indep_issues = (SELECT count(*) FROM defects WHERE f_0ipjqjhd3dt = COALESCE({{$context.data.f_0ipjqjhd3dt}}, 0) AND discovery_stage = '独立评审'),\n    \n    eff_meet_issues = (SELECT count(*) FROM defects WHERE f_0ipjqjhd3dt = COALESCE({{$context.data.f_0ipjqjhd3dt}}, 0) AND discovery_stage = '会议评审'),\n\n    review_density = ROUND((CAST((SELECT count(*) FROM defects WHERE f_0ipjqjhd3dt = COALESCE({{$context.data.f_0ipjqjhd3dt}}, 0)) AS DECIMAL) / NULLIF(rm.page_count, 0))::numeric, 2),\n    \n    eff_issue_hour = ROUND((CAST((SELECT count(*) FROM defects WHERE f_0ipjqjhd3dt = COALESCE({{$context.data.f_0ipjqjhd3dt}}, 0)) AS DECIMAL) / NULLIF((rm.workload_indep + rm.workload_joint), 0))::numeric, 2),\n    \n    eff_page_hour = ROUND((CAST(rm.page_count AS DECIMAL) / NULLIF((rm.workload_indep + rm.workload_joint), 0))::numeric, 2),\n\n    is_standard = CASE \n        WHEN (CAST((SELECT count(*) FROM defects WHERE f_0ipjqjhd3dt = COALESCE({{$context.data.f_0ipjqjhd3dt}}, 0)) AS DECIMAL) / NULLIF(rm.page_count, 0)) < 0.6 THEN '是' \n        ELSE '否' \n    END,\n    \n    fail_reason = CASE \n        WHEN (CAST((SELECT count(*) FROM defects WHERE f_0ipjqjhd3dt = COALESCE({{$context.data.f_0ipjqjhd3dt}}, 0)) AS DECIMAL) / NULLIF(rm.page_count, 0)) >= 0.6 THEN '缺陷密度超过0.6，建议重新评审' \n        ELSE NULL \n    END\n\nWHERE rm.id = COALESCE({{$context.data.f_0ipjqjhd3dt}}, 0)"} workflowId=352864170475520
[34m2026-03-16 16:45:16 [debug] job added to save list: {"result":[],"status":1,"nodeId":352864170475521,"nodeKey":"6sdnes4zter","id":"13862022903004160","createdAt":"2026-03-16T08:45:16.707Z","updatedAt":"2026-03-16T08:45:16.707Z","executionId":353635856744449}[39m workflowId=352864170475520
[32m2026-03-16 16:45:16 [info]  execution (353635856744449) run instruction [sql] for node (352864170475521) finished as status: 1[39m workflowId=352864170475520
[34m2026-03-16 16:45:16 [debug] result of node                              [39m 
[34m2026-03-16 16:45:16 [debug] branch ended at node (352864170475521)      [39m 
[32m2026-03-16 16:45:16 [info]  execution (353635856744449) exiting with status 1[39m workflowId=352864170475520
[32m2026-03-16 16:45:16 [info]  execution (353635856744449) finished with status: 1[39m 
[34m2026-03-16 16:45:16 [debug] execution (353635856744449) details:        [39m execution={"createdAt":"2026-03-16T08:45:16.584Z","id":353635856744449,"updatedAt":"2026-03-16T08:45:16.709Z","key":"om3prc5o635","eventKey":"e3cc3c49-6499-4d5b-a578-540107d3f326","context":{"data":{"createdAt":"2026-03-16T08:43:51.217Z","updatedAt":"2026-03-16T08:43:51.230Z","f_0ipjqjhd3dt":456,"f_jmazop48q5l":353633853964288,"defect_classification":"挂机","defect_status":"已关闭","defect":"测试模块缺失数据","defect_rank":"level1","priority":"P1","id":353635678486528,"discovery_stage":"独立评审","specific_reason":null,"module":null,"repair_plan":null,"test_stage":null,"label":["已修复","已关闭"],"round":"CC2026R2回归测试","issue_id":null,"assignee":null,"feature_name":null,"issue_state":null,"repair_status":null,"gitlab_url":null,"createdById":1,"updatedById":1,"level_1_cause":"设计问题","level_2_cause":null}},"status":1,"dispatched":true,"stack":null,"output":null,"manually":null,"workflowId":352864170475520}
[32m2026-03-16 16:50:29 [info]  new event triggered, now events: 2          [39m 
[34m2026-03-16 16:50:29 [debug] event data:                                 [39m context={"data":{"createdAt":"2026-03-16T08:45:37.895Z","updatedAt":"2026-03-16T08:45:37.909Z","f_0ipjqjhd3dt":456,"f_jmazop48q5l":353633853964288,"defect_classification":"其他","defect_status":"已关闭","defect":"测试模块缺失数据","defect_rank":"level1","priority":"P1","id":353635900784640,"discovery_stage":"独立评审","specific_reason":null,"module":null,"repair_plan":null,"test_stage":null,"label":["已修复","已关闭"],"round":"CC2026R2回归测试","issue_id":null,"assignee":null,"feature_name":null,"issue_state":null,"repair_status":null,"gitlab_url":null,"createdById":1,"updatedById":1,"level_1_cause":"设计问题","level_2_cause":null}}
[32m2026-03-16 16:50:29 [info]  new event is pending to be prepared after previous preparation is finished[39m 
[32m2026-03-16 16:50:29 [info]  preparing execution for event               [39m 
[32m2026-03-16 16:50:29 [info]  execution of workflow 352864170475520 created as 353636513153025[39m 
[32m2026-03-16 16:50:29 [info]  instance is not serving as worker or local pending list is not empty, sending execution (353636513153025) to queue[39m 
[32m2026-03-16 16:50:29 [info]  execution (353636513153025) fetched from db [39m 
[32m2026-03-16 16:50:29 [info]  execution (353636513153025) starting...     [39m 
[32m2026-03-16 16:50:29 [info]  execution (353636513153025) run instruction [sql] for node (352864170475521)[39m workflowId=352864170475520
[34m2026-03-16 16:50:29 [debug] config of node                              [39m data={"dataSource":"main","sql":"UPDATE review_records rm\nSET \n    round = '{{$context.data.round}}',\n\n    total_issues = (SELECT count(*) FROM defects WHERE f_0ipjqjhd3dt = COALESCE({{$context.data.f_0ipjqjhd3dt}}, 0)),\n    \n    eff_indep_issues = (SELECT count(*) FROM defects WHERE f_0ipjqjhd3dt = COALESCE({{$context.data.f_0ipjqjhd3dt}}, 0) AND discovery_stage = '独立评审'),\n    \n    eff_meet_issues = (SELECT count(*) FROM defects WHERE f_0ipjqjhd3dt = COALESCE({{$context.data.f_0ipjqjhd3dt}}, 0) AND discovery_stage = '会议评审'),\n\n    review_density = ROUND((CAST((SELECT count(*) FROM defects WHERE f_0ipjqjhd3dt = COALESCE({{$context.data.f_0ipjqjhd3dt}}, 0)) AS DECIMAL) / NULLIF(rm.page_count, 0))::numeric, 2),\n    \n    eff_issue_hour = ROUND((CAST((SELECT count(*) FROM defects WHERE f_0ipjqjhd3dt = COALESCE({{$context.data.f_0ipjqjhd3dt}}, 0)) AS DECIMAL) / NULLIF((rm.workload_indep + rm.workload_joint), 0))::numeric, 2),\n    \n    eff_page_hour = ROUND((CAST(rm.page_count AS DECIMAL) / NULLIF((rm.workload_indep + rm.workload_joint), 0))::numeric, 2),\n\n    is_standard = CASE \n        WHEN (CAST((SELECT count(*) FROM defects WHERE f_0ipjqjhd3dt = COALESCE({{$context.data.f_0ipjqjhd3dt}}, 0)) AS DECIMAL) / NULLIF(rm.page_count, 0)) < 0.6 THEN '是' \n        ELSE '否' \n    END,\n    \n    fail_reason = CASE \n        WHEN (CAST((SELECT count(*) FROM defects WHERE f_0ipjqjhd3dt = COALESCE({{$context.data.f_0ipjqjhd3dt}}, 0)) AS DECIMAL) / NULLIF(rm.page_count, 0)) >= 0.6 THEN '缺陷密度超过0.6，建议重新评审' \n        ELSE NULL \n    END\n\nWHERE rm.id = COALESCE({{$context.data.f_0ipjqjhd3dt}}, 0)"} workflowId=352864170475520
[34m2026-03-16 16:50:29 [debug] job added to save list: {"result":[],"status":1,"nodeId":352864170475521,"nodeKey":"6sdnes4zter","id":"13863334956792832","createdAt":"2026-03-16T08:50:29.525Z","updatedAt":"2026-03-16T08:50:29.525Z","executionId":353636513153025}[39m workflowId=352864170475520
[32m2026-03-16 16:50:29 [info]  execution (353636513153025) run instruction [sql] for node (352864170475521) finished as status: 1[39m workflowId=352864170475520
[34m2026-03-16 16:50:29 [debug] result of node                              [39m 
[34m2026-03-16 16:50:29 [debug] branch ended at node (352864170475521)      [39m 
[32m2026-03-16 16:50:29 [info]  execution (353636513153025) exiting with status 1[39m workflowId=352864170475520
[32m2026-03-16 16:50:29 [info]  execution (353636513153025) finished with status: 1[39m 
[34m2026-03-16 16:50:29 [debug] execution (353636513153025) details:        [39m execution={"createdAt":"2026-03-16T08:50:29.398Z","id":353636513153025,"updatedAt":"2026-03-16T08:50:29.527Z","key":"om3prc5o635","eventKey":"0c09851a-dd17-44a5-8255-8e99f14e5cc0","context":{"data":{"createdAt":"2026-03-16T08:45:37.895Z","updatedAt":"2026-03-16T08:45:37.909Z","f_0ipjqjhd3dt":456,"f_jmazop48q5l":353633853964288,"defect_classification":"其他","defect_status":"已关闭","defect":"测试模块缺失数据","defect_rank":"level1","priority":"P1","id":353635900784640,"discovery_stage":"独立评审","specific_reason":null,"module":null,"repair_plan":null,"test_stage":null,"label":["已修复","已关闭"],"round":"CC2026R2回归测试","issue_id":null,"assignee":null,"feature_name":null,"issue_state":null,"repair_status":null,"gitlab_url":null,"createdById":1,"updatedById":1,"level_1_cause":"设计问题","level_2_cause":null}},"status":1,"dispatched":true,"stack":null,"output":null,"manually":null,"workflowId":352864170475520}
[32m2026-03-16 16:57:16 [info]  new event triggered, now events: 2          [39m 
[34m2026-03-16 16:57:16 [debug] event data:                                 [39m context={"data":{"createdAt":"2026-03-16T08:50:49.026Z","updatedAt":"2026-03-16T08:50:49.037Z","f_0ipjqjhd3dt":456,"f_jmazop48q5l":353633853964288,"defect_classification":"其他","defect_status":"已关闭","defect":"测试模块缺失数据","defect_rank":"level1","priority":"P1","id":353636555096064,"discovery_stage":"独立评审","specific_reason":null,"module":null,"repair_plan":null,"test_stage":null,"label":["已修复","已关闭"],"round":"CC2026R2第二轮测试","issue_id":null,"assignee":null,"feature_name":null,"issue_state":null,"repair_status":null,"gitlab_url":null,"createdById":1,"updatedById":1,"level_1_cause":"设计问题","level_2_cause":null}}
[32m2026-03-16 16:57:16 [info]  new event is pending to be prepared after previous preparation is finished[39m 
[32m2026-03-16 16:57:16 [info]  preparing execution for event               [39m 
[32m2026-03-16 16:57:16 [info]  execution of workflow 352864170475520 created as 353637366693889[39m 
[32m2026-03-16 16:57:16 [info]  instance is not serving as worker or local pending list is not empty, sending execution (353637366693889) to queue[39m 
[32m2026-03-16 16:57:16 [info]  execution (353637366693889) fetched from db [39m 
[32m2026-03-16 16:57:16 [info]  execution (353637366693889) starting...     [39m 
[32m2026-03-16 16:57:16 [info]  execution (353637366693889) run instruction [sql] for node (352864170475521)[39m workflowId=352864170475520
[34m2026-03-16 16:57:16 [debug] config of node                              [39m data={"dataSource":"main","sql":"UPDATE review_records rm\nSET \n    round = '{{$context.data.round}}',\n\n    total_issues = (SELECT count(*) FROM defects WHERE f_0ipjqjhd3dt = COALESCE({{$context.data.f_0ipjqjhd3dt}}, 0)),\n    \n    eff_indep_issues = (SELECT count(*) FROM defects WHERE f_0ipjqjhd3dt = COALESCE({{$context.data.f_0ipjqjhd3dt}}, 0) AND discovery_stage = '独立评审'),\n    \n    eff_meet_issues = (SELECT count(*) FROM defects WHERE f_0ipjqjhd3dt = COALESCE({{$context.data.f_0ipjqjhd3dt}}, 0) AND discovery_stage = '会议评审'),\n\n    review_density = ROUND((CAST((SELECT count(*) FROM defects WHERE f_0ipjqjhd3dt = COALESCE({{$context.data.f_0ipjqjhd3dt}}, 0)) AS DECIMAL) / NULLIF(rm.page_count, 0))::numeric, 2),\n    \n    eff_issue_hour = ROUND((CAST((SELECT count(*) FROM defects WHERE f_0ipjqjhd3dt = COALESCE({{$context.data.f_0ipjqjhd3dt}}, 0)) AS DECIMAL) / NULLIF((rm.workload_indep + rm.workload_joint), 0))::numeric, 2),\n    \n    eff_page_hour = ROUND((CAST(rm.page_count AS DECIMAL) / NULLIF((rm.workload_indep + rm.workload_joint), 0))::numeric, 2),\n\n    is_standard = CASE \n        WHEN (CAST((SELECT count(*) FROM defects WHERE f_0ipjqjhd3dt = COALESCE({{$context.data.f_0ipjqjhd3dt}}, 0)) AS DECIMAL) / NULLIF(rm.page_count, 0)) < 0.6 THEN '是' \n        ELSE '否' \n    END,\n    \n    fail_reason = CASE \n        WHEN (CAST((SELECT count(*) FROM defects WHERE f_0ipjqjhd3dt = COALESCE({{$context.data.f_0ipjqjhd3dt}}, 0)) AS DECIMAL) / NULLIF(rm.page_count, 0)) >= 0.6 THEN '缺陷密度超过0.6，建议重新评审' \n        ELSE NULL \n    END\n\nWHERE rm.id = COALESCE({{$context.data.f_0ipjqjhd3dt}}, 0)"} workflowId=352864170475520
[34m2026-03-16 16:57:16 [debug] job added to save list: {"result":[],"status":1,"nodeId":352864170475521,"nodeKey":"6sdnes4zter","id":"13865041157716992","createdAt":"2026-03-16T08:57:16.315Z","updatedAt":"2026-03-16T08:57:16.315Z","executionId":353637366693889}[39m workflowId=352864170475520
[32m2026-03-16 16:57:16 [info]  execution (353637366693889) run instruction [sql] for node (352864170475521) finished as status: 1[39m workflowId=352864170475520
[34m2026-03-16 16:57:16 [debug] result of node                              [39m 
[34m2026-03-16 16:57:16 [debug] branch ended at node (352864170475521)      [39m 
[32m2026-03-16 16:57:16 [info]  execution (353637366693889) exiting with status 1[39m workflowId=352864170475520
[32m2026-03-16 16:57:16 [info]  execution (353637366693889) finished with status: 1[39m 
[34m2026-03-16 16:57:16 [debug] execution (353637366693889) details:        [39m execution={"createdAt":"2026-03-16T08:57:16.160Z","id":353637366693889,"updatedAt":"2026-03-16T08:57:16.318Z","key":"om3prc5o635","eventKey":"ae23eb85-0d15-49ac-a170-c4d29a549484","context":{"data":{"createdAt":"2026-03-16T08:50:49.026Z","updatedAt":"2026-03-16T08:50:49.037Z","f_0ipjqjhd3dt":456,"f_jmazop48q5l":353633853964288,"defect_classification":"其他","defect_status":"已关闭","defect":"测试模块缺失数据","defect_rank":"level1","priority":"P1","id":353636555096064,"discovery_stage":"独立评审","specific_reason":null,"module":null,"repair_plan":null,"test_stage":null,"label":["已修复","已关闭"],"round":"CC2026R2第二轮测试","issue_id":null,"assignee":null,"feature_name":null,"issue_state":null,"repair_status":null,"gitlab_url":null,"createdById":1,"updatedById":1,"level_1_cause":"设计问题","level_2_cause":null}},"status":1,"dispatched":true,"stack":null,"output":null,"manually":null,"workflowId":352864170475520}
[32m2026-03-16 17:00:03 [info]  new event triggered, now events: 2          [39m 
[34m2026-03-16 17:00:03 [debug] event data:                                 [39m context={"data":{"createdAt":"2026-03-16T08:57:40.982Z","updatedAt":"2026-03-16T08:57:40.995Z","f_0ipjqjhd3dt":456,"f_jmazop48q5l":353633853964288,"defect_classification":"其他","defect_status":"已关闭","defect":"测试模块缺失数据","defect_rank":"level1","priority":"P1","id":353637417025536,"discovery_stage":"独立评审","specific_reason":null,"module":null,"repair_plan":null,"test_stage":null,"label":["已修复","已关闭"],"round":"CC2026R2回归测试","issue_id":null,"assignee":null,"feature_name":null,"issue_state":null,"repair_status":null,"gitlab_url":null,"createdById":1,"updatedById":1,"level_1_cause":"设计问题","level_2_cause":null}}
[32m2026-03-16 17:00:03 [info]  new event is pending to be prepared after previous preparation is finished[39m 
[32m2026-03-16 17:00:03 [info]  preparing execution for event               [39m 
[32m2026-03-16 17:00:03 [info]  execution of workflow 352864170475520 created as 353637716918273[39m 
[32m2026-03-16 17:00:03 [info]  instance is not serving as worker or local pending list is not empty, sending execution (353637716918273) to queue[39m 
[32m2026-03-16 17:00:04 [info]  execution (353637716918273) fetched from db [39m 
[32m2026-03-16 17:00:04 [info]  execution (353637716918273) starting...     [39m 
[32m2026-03-16 17:00:04 [info]  execution (353637716918273) run instruction [sql] for node (352864170475521)[39m workflowId=352864170475520
[34m2026-03-16 17:00:04 [debug] config of node                              [39m data={"dataSource":"main","sql":"UPDATE review_records rm\nSET \n    round = '{{$context.data.round}}',\n\n    total_issues = (SELECT count(*) FROM defects WHERE f_0ipjqjhd3dt = COALESCE({{$context.data.f_0ipjqjhd3dt}}, 0)),\n    \n    eff_indep_issues = (SELECT count(*) FROM defects WHERE f_0ipjqjhd3dt = COALESCE({{$context.data.f_0ipjqjhd3dt}}, 0) AND discovery_stage = '独立评审'),\n    \n    eff_meet_issues = (SELECT count(*) FROM defects WHERE f_0ipjqjhd3dt = COALESCE({{$context.data.f_0ipjqjhd3dt}}, 0) AND discovery_stage = '会议评审'),\n\n    review_density = ROUND((CAST((SELECT count(*) FROM defects WHERE f_0ipjqjhd3dt = COALESCE({{$context.data.f_0ipjqjhd3dt}}, 0)) AS DECIMAL) / NULLIF(rm.page_count, 0))::numeric, 2),\n    \n    eff_issue_hour = ROUND((CAST((SELECT count(*) FROM defects WHERE f_0ipjqjhd3dt = COALESCE({{$context.data.f_0ipjqjhd3dt}}, 0)) AS DECIMAL) / NULLIF((rm.workload_indep + rm.workload_joint), 0))::numeric, 2),\n    \n    eff_page_hour = ROUND((CAST(rm.page_count AS DECIMAL) / NULLIF((rm.workload_indep + rm.workload_joint), 0))::numeric, 2),\n\n    is_standard = CASE \n        WHEN (CAST((SELECT count(*) FROM defects WHERE f_0ipjqjhd3dt = COALESCE({{$context.data.f_0ipjqjhd3dt}}, 0)) AS DECIMAL) / NULLIF(rm.page_count, 0)) < 0.6 THEN '是' \n        ELSE '否' \n    END,\n    \n    fail_reason = CASE \n        WHEN (CAST((SELECT count(*) FROM defects WHERE f_0ipjqjhd3dt = COALESCE({{$context.data.f_0ipjqjhd3dt}}, 0)) AS DECIMAL) / NULLIF(rm.page_count, 0)) >= 0.6 THEN '缺陷密度超过0.6，建议重新评审' \n        ELSE NULL \n    END\n\nWHERE rm.id = COALESCE({{$context.data.f_0ipjqjhd3dt}}, 0)"} workflowId=352864170475520
[34m2026-03-16 17:00:04 [debug] job added to save list: {"result":[],"status":1,"nodeId":352864170475521,"nodeKey":"6sdnes4zter","id":"13865744534109184","createdAt":"2026-03-16T09:00:04.013Z","updatedAt":"2026-03-16T09:00:04.013Z","executionId":353637716918273}[39m workflowId=352864170475520
[32m2026-03-16 17:00:04 [info]  execution (353637716918273) run instruction [sql] for node (352864170475521) finished as status: 1[39m workflowId=352864170475520
[34m2026-03-16 17:00:04 [debug] result of node                              [39m 
[34m2026-03-16 17:00:04 [debug] branch ended at node (352864170475521)      [39m 
[32m2026-03-16 17:00:04 [info]  execution (353637716918273) exiting with status 1[39m workflowId=352864170475520
[32m2026-03-16 17:00:04 [info]  execution (353637716918273) finished with status: 1[39m 
[34m2026-03-16 17:00:04 [debug] execution (353637716918273) details:        [39m execution={"createdAt":"2026-03-16T09:00:03.884Z","id":353637716918273,"updatedAt":"2026-03-16T09:00:04.015Z","key":"om3prc5o635","eventKey":"c7d9f657-f1d4-4423-ba7e-c006b5579c57","context":{"data":{"createdAt":"2026-03-16T08:57:40.982Z","updatedAt":"2026-03-16T08:57:40.995Z","f_0ipjqjhd3dt":456,"f_jmazop48q5l":353633853964288,"defect_classification":"其他","defect_status":"已关闭","defect":"测试模块缺失数据","defect_rank":"level1","priority":"P1","id":353637417025536,"discovery_stage":"独立评审","specific_reason":null,"module":null,"repair_plan":null,"test_stage":null,"label":["已修复","已关闭"],"round":"CC2026R2回归测试","issue_id":null,"assignee":null,"feature_name":null,"issue_state":null,"repair_status":null,"gitlab_url":null,"createdById":1,"updatedById":1,"level_1_cause":"设计问题","level_2_cause":null}},"status":1,"dispatched":true,"stack":null,"output":null,"manually":null,"workflowId":352864170475520}
[32m2026-03-16 17:02:08 [info]  new event triggered, now events: 2          [39m 
[34m2026-03-16 17:02:08 [debug] event data:                                 [39m context={"data":{"createdAt":"2026-03-16T09:00:26.693Z","updatedAt":"2026-03-16T09:00:26.710Z","f_0ipjqjhd3dt":456,"f_jmazop48q5l":353633853964288,"defect_classification":"其他","defect_status":"已关闭","defect":"测试模块缺失数据","defect_rank":"level1","priority":"P1","id":353637765152768,"discovery_stage":"独立评审","specific_reason":null,"module":null,"repair_plan":null,"test_stage":null,"label":["已修复","已关闭"],"round":"CC2026R2回归测试","issue_id":null,"assignee":null,"feature_name":null,"issue_state":null,"repair_status":null,"gitlab_url":null,"createdById":1,"updatedById":1,"level_1_cause":"设计问题","level_2_cause":null}}
[32m2026-03-16 17:02:08 [info]  new event is pending to be prepared after previous preparation is finished[39m 
[32m2026-03-16 17:02:08 [info]  preparing execution for event               [39m 
[32m2026-03-16 17:02:08 [info]  execution of workflow 352864170475520 created as 353637979062273[39m 
[32m2026-03-16 17:02:08 [info]  instance is not serving as worker or local pending list is not empty, sending execution (353637979062273) to queue[39m 
[32m2026-03-16 17:02:08 [info]  execution (353637979062273) fetched from db [39m 
[32m2026-03-16 17:02:08 [info]  execution (353637979062273) starting...     [39m 
[32m2026-03-16 17:02:08 [info]  execution (353637979062273) run instruction [sql] for node (352864170475521)[39m workflowId=352864170475520
[34m2026-03-16 17:02:08 [debug] config of node                              [39m data={"dataSource":"main","sql":"UPDATE review_records rm\nSET \n    round = '{{$context.data.round}}',\n\n    total_issues = (SELECT count(*) FROM defects WHERE f_0ipjqjhd3dt = COALESCE({{$context.data.f_0ipjqjhd3dt}}, 0)),\n    \n    eff_indep_issues = (SELECT count(*) FROM defects WHERE f_0ipjqjhd3dt = COALESCE({{$context.data.f_0ipjqjhd3dt}}, 0) AND discovery_stage = '独立评审'),\n    \n    eff_meet_issues = (SELECT count(*) FROM defects WHERE f_0ipjqjhd3dt = COALESCE({{$context.data.f_0ipjqjhd3dt}}, 0) AND discovery_stage = '会议评审'),\n\n    review_density = ROUND((CAST((SELECT count(*) FROM defects WHERE f_0ipjqjhd3dt = COALESCE({{$context.data.f_0ipjqjhd3dt}}, 0)) AS DECIMAL) / NULLIF(rm.page_count, 0))::numeric, 2),\n    \n    eff_issue_hour = ROUND((CAST((SELECT count(*) FROM defects WHERE f_0ipjqjhd3dt = COALESCE({{$context.data.f_0ipjqjhd3dt}}, 0)) AS DECIMAL) / NULLIF((rm.workload_indep + rm.workload_joint), 0))::numeric, 2),\n    \n    eff_page_hour = ROUND((CAST(rm.page_count AS DECIMAL) / NULLIF((rm.workload_indep + rm.workload_joint), 0))::numeric, 2),\n\n    is_standard = CASE \n        WHEN (CAST((SELECT count(*) FROM defects WHERE f_0ipjqjhd3dt = COALESCE({{$context.data.f_0ipjqjhd3dt}}, 0)) AS DECIMAL) / NULLIF(rm.page_count, 0)) < 0.6 THEN '是' \n        ELSE '否' \n    END,\n    \n    fail_reason = CASE \n        WHEN (CAST((SELECT count(*) FROM defects WHERE f_0ipjqjhd3dt = COALESCE({{$context.data.f_0ipjqjhd3dt}}, 0)) AS DECIMAL) / NULLIF(rm.page_count, 0)) >= 0.6 THEN '缺陷密度超过0.6，建议重新评审' \n        ELSE NULL \n    END\n\nWHERE rm.id = COALESCE({{$context.data.f_0ipjqjhd3dt}}, 0)"} workflowId=352864170475520
[34m2026-03-16 17:02:08 [debug] job added to save list: {"result":[],"status":1,"nodeId":352864170475521,"nodeKey":"6sdnes4zter","id":"13866268436233216","createdAt":"2026-03-16T09:02:08.921Z","updatedAt":"2026-03-16T09:02:08.921Z","executionId":353637979062273}[39m workflowId=352864170475520
[32m2026-03-16 17:02:08 [info]  execution (353637979062273) run instruction [sql] for node (352864170475521) finished as status: 1[39m workflowId=352864170475520
[34m2026-03-16 17:02:08 [debug] result of node                              [39m 
[34m2026-03-16 17:02:08 [debug] branch ended at node (352864170475521)      [39m 
[32m2026-03-16 17:02:08 [info]  execution (353637979062273) exiting with status 1[39m workflowId=352864170475520
[32m2026-03-16 17:02:08 [info]  execution (353637979062273) finished with status: 1[39m 
[34m2026-03-16 17:02:08 [debug] execution (353637979062273) details:        [39m execution={"createdAt":"2026-03-16T09:02:08.798Z","id":353637979062273,"updatedAt":"2026-03-16T09:02:08.924Z","key":"om3prc5o635","eventKey":"94eaf5c2-3c26-4214-8b6d-f3aae70343fb","context":{"data":{"createdAt":"2026-03-16T09:00:26.693Z","updatedAt":"2026-03-16T09:00:26.710Z","f_0ipjqjhd3dt":456,"f_jmazop48q5l":353633853964288,"defect_classification":"其他","defect_status":"已关闭","defect":"测试模块缺失数据","defect_rank":"level1","priority":"P1","id":353637765152768,"discovery_stage":"独立评审","specific_reason":null,"module":null,"repair_plan":null,"test_stage":null,"label":["已修复","已关闭"],"round":"CC2026R2回归测试","issue_id":null,"assignee":null,"feature_name":null,"issue_state":null,"repair_status":null,"gitlab_url":null,"createdById":1,"updatedById":1,"level_1_cause":"设计问题","level_2_cause":null}},"status":1,"dispatched":true,"stack":null,"output":null,"manually":null,"workflowId":352864170475520}
