[32m2026-02-27 10:26:46 [info]  toggle ON workflow 350507875500032          [39m workflowId=350507875500032
[32m2026-02-27 10:27:16 [info]  new event triggered, now events: 1          [39m 
[34m2026-02-27 10:27:16 [debug] event data:                                 [39m context={"data":{"createdAt":"2026-02-27T02:27:16.458Z","updatedAt":"2026-02-27T02:27:16.461Z","defect_classification":"е…¶д»–","defect":"е›ѕзєёй”™иЇЇ","defect_rank":"level1","priority":"P1","id":350507995037696,"defect_status":"еѕ…дї®е¤Ќ","module":null,"f_jmazop48q5l":350382214152192,"label":["е¤Ќжµ‹жњЄйЂљиї‡"],"createdById":1,"updatedById":1,"parent_summary":{"createdAt":"2026-02-26T09:47:39.714Z","updatedAt":"2026-02-27T02:25:34.479Z","owner_id":"nocobase","id":350382214152192,"total_count":null,"tested_count":null,"defect_count":null,"fixed_count":null,"pending_count":null,"loc":null,"kloc":0,"testing_rate":null,"fix_rate":null,"pending_rate":null,"defect_density":null,"total_defect":3,"module_type":"зјєй™·ж±‡жЂ»","createdById":1,"updatedById":1}}}
[32m2026-02-27 10:27:16 [info]  preparing execution for event               [39m 
[32m2026-02-27 10:27:16 [info]  execution of workflow 350507875500032 created as 350507995037697[39m 
[32m2026-02-27 10:27:16 [info]  local pending list is empty, adding execution (350507995037697) to pending list[39m 
[32m2026-02-27 10:27:16 [info]  pending execution (350507995037697) ready to process[39m 
[32m2026-02-27 10:27:16 [info]  execution (350507995037697) starting...     [39m 
[32m2026-02-27 10:27:16 [info]  execution (350507995037697) run instruction [parallel] for node (350507875500033)[39m workflowId=350507875500032
[34m2026-02-27 10:27:16 [debug] config of node                              [39m workflowId=350507875500032
[34m2026-02-27 10:27:16 [debug] job added to save list: {"status":0,"result":[null,null],"nodeId":350507875500033,"nodeKey":"chjc97mlb5y","upstreamId":null,"id":"7606301509047296","createdAt":"2026-02-27T02:27:16.501Z","updatedAt":"2026-02-27T02:27:16.501Z","executionId":350507995037697}[39m workflowId=350507875500032
[32m2026-02-27 10:27:16 [info]  execution (350507995037697) run instruction [aggregate] for node (350507875500047)[39m workflowId=350507875500032
[34m2026-02-27 10:27:16 [debug] config of node                              [39m data={"aggregator":"count","associated":true,"params":{"field":"id","filter":{"$and":[]}},"precision":2,"collection":"defects","association":{"name":"all_defects","associatedKey":"{{$context.data.parent_summary.id}}","associatedCollection":"collection_quality"}} workflowId=350507875500032
[34m2026-02-27 10:27:16 [debug] job added to save list: {"result":4,"status":1,"nodeId":350507875500047,"nodeKey":"ca6c1jxzwq5","id":"7606301517435904","createdAt":"2026-02-27T02:27:16.503Z","updatedAt":"2026-02-27T02:27:16.503Z","executionId":350507995037697}[39m workflowId=350507875500032
[32m2026-02-27 10:27:16 [info]  execution (350507995037697) run instruction [aggregate] for node (350507875500047) finished as status: 1[39m workflowId=350507875500032
[34m2026-02-27 10:27:16 [debug] result of node                              [39m data=4
[34m2026-02-27 10:27:16 [debug] run next node (350507875500048)             [39m 
[32m2026-02-27 10:27:16 [info]  execution (350507995037697) run instruction [update] for node (350507875500048)[39m workflowId=350507875500032
[34m2026-02-27 10:27:16 [debug] config of node                              [39m data={"usingAssignFormSchema":true,"assignFormSchema":{"_isJSONSchemaObject":true,"version":"2.0","name":"0mby4p7m0ow","type":"void","x-component":"Grid","x-initializer":"assignFieldValuesForm:configureFields","properties":{"2wbpfklshda":{"_isJSONSchemaObject":true,"version":"2.0","type":"void","x-component":"Grid.Row","properties":{"ibquc1d6wnd":{"_isJSONSchemaObject":true,"version":"2.0","type":"void","x-component":"Grid.Col","properties":{"total_defect":{"_isJSONSchemaObject":true,"version":"2.0","type":"string","name":"total_defect","x-toolbar":"FormItemSchemaToolbar","x-settings":"fieldSettings:FormItem","x-component":"AssignedField","x-decorator":"FormItem","x-collection-field":"collection_quality.total_defect"}},"name":"ibquc1d6wnd"}},"name":"2wbpfklshda"}}},"collection":"collection_quality","params":{"individualHooks":false,"filter":{"$and":[{"id":{"$eq":"{{$context.data.parent_summary.id}}"}}]},"values":{"total_defect":"{{$jobsMapByNodeKey.ca6c1jxzwq5}}"}}} workflowId=350507875500032
[34m2026-02-27 10:27:16 [debug] job added to save list: {"result":1,"status":1,"nodeId":350507875500048,"nodeKey":"9mun3sl2wtp","id":"7606301555184640","createdAt":"2026-02-27T02:27:16.512Z","updatedAt":"2026-02-27T02:27:16.512Z","executionId":350507995037697}[39m workflowId=350507875500032
[32m2026-02-27 10:27:16 [info]  execution (350507995037697) run instruction [update] for node (350507875500048) finished as status: 1[39m workflowId=350507875500032
[34m2026-02-27 10:27:16 [debug] result of node                              [39m data=1
[34m2026-02-27 10:27:16 [debug] branch ended at node (350507875500048)      [39m 
[34m2026-02-27 10:27:16 [debug] not on main, recall to parent entry node (350507875500048)})[39m workflowId=350507875500032
[32m2026-02-27 10:27:16 [info]  execution (350507995037697) resume instruction [parallel] for node (350507875500033)[39m workflowId=350507875500032
[34m2026-02-27 10:27:16 [debug] config of node                              [39m workflowId=350507875500032
[34m2026-02-27 10:27:16 [debug] job added to save list: {"status":0,"result":[1,null],"nodeId":350507875500033,"nodeKey":"chjc97mlb5y","upstreamId":null,"id":"7606301509047296","createdAt":"2026-02-27T02:27:16.501Z","updatedAt":"2026-02-27T02:27:16.514Z","executionId":350507995037697}[39m workflowId=350507875500032
[32m2026-02-27 10:27:16 [info]  execution (350507995037697) exiting with status 0[39m workflowId=350507875500032
[32m2026-02-27 10:27:16 [info]  execution (350507995037697) run instruction [aggregate] for node (350507875500060)[39m workflowId=350507875500032
[34m2026-02-27 10:27:16 [debug] config of node                              [39m data={"aggregator":"count","associated":false,"params":{"field":"id","filter":{"$and":[{"defect_rank":{"$eq":"level1"}},{"label":{"$noneOf":["еЉџиѓЅе±Џи”Ѕ","е·Іж‹’з»ќ","е»єи®®"]}},{"module":{"$eq":"{{$context.data.module}}"}},{"$or":[{"defect_status":{"$ne":"е·Іе…ій—­"}},{"label":{"$noneOf":["з”іиЇ·еђ¦е†і","ж•°жЌ®еј‚еёё","и®ѕи®Ўе¦‚ж­¤"]}}]}]}},"precision":2,"collection":"defects"} workflowId=350507875500032
[34m2026-02-27 10:27:16 [debug] job added to save list: {"result":3,"status":1,"nodeId":350507875500060,"nodeKey":"h14qw1067vw","id":"7606301588739072","createdAt":"2026-02-27T02:27:16.520Z","updatedAt":"2026-02-27T02:27:16.520Z","executionId":350507995037697}[39m workflowId=350507875500032
[32m2026-02-27 10:27:16 [info]  execution (350507995037697) run instruction [aggregate] for node (350507875500060) finished as status: 1[39m workflowId=350507875500032
[34m2026-02-27 10:27:16 [debug] result of node                              [39m data=3
[34m2026-02-27 10:27:16 [debug] run next node (350507875500052)             [39m 
[32m2026-02-27 10:27:16 [info]  execution (350507995037697) run instruction [aggregate] for node (350507875500052)[39m workflowId=350507875500032
[34m2026-02-27 10:27:16 [debug] config of node                              [39m data={"aggregator":"count","associated":false,"params":{"field":"id","filter":{"$and":[{"defect_rank":{"$eq":"level1"}},{"label":{"$noneOf":["еЉџиѓЅе±Џи”Ѕ","е·Іж‹’з»ќ","е»єи®®"]}},{"$or":[{"label":{"$anyOf":["е·Ідї®е¤Ќ","еѕ…еђ€е№¶"]}},{"$and":[{"label":{"$anyOf":["жњЄе¤ЌзЋ°"]}},{"defect_status":{"$eq":"е·Іе…ій—­"}}]}]},{"module":{"$eq":"{{$context.data.module}}"}},{"$or":[{"defect_status":{"$ne":"е·Іе…ій—­"}},{"label":{"$noneOf":["з”іиЇ·еђ¦е†і","ж•°жЌ®еј‚еёё","и®ѕи®Ўе¦‚ж­¤"]}}]}]}},"precision":2,"collection":"defects"} workflowId=350507875500032
[34m2026-02-27 10:27:16 [debug] job added to save list: {"result":2,"status":1,"nodeId":350507875500052,"nodeKey":"cvcey3i9obe","id":"7606301601321984","createdAt":"2026-02-27T02:27:16.523Z","updatedAt":"2026-02-27T02:27:16.523Z","executionId":350507995037697}[39m workflowId=350507875500032
[32m2026-02-27 10:27:16 [info]  execution (350507995037697) run instruction [aggregate] for node (350507875500052) finished as status: 1[39m workflowId=350507875500032
[34m2026-02-27 10:27:16 [debug] result of node                              [39m data=2
[34m2026-02-27 10:27:16 [debug] run next node (350507875500054)             [39m 
[32m2026-02-27 10:27:16 [info]  execution (350507995037697) run instruction [aggregate] for node (350507875500054)[39m workflowId=350507875500032
[34m2026-02-27 10:27:16 [debug] config of node                              [39m data={"aggregator":"count","associated":false,"params":{"field":"id","filter":{"$and":[{"defect_rank":{"$eq":"level1"}},{"module":{"$eq":"{{$context.data.module}}"}},{"$or":[{"defect":{"$includes":"йЂЂ"}},{"defect":{"$includes":"е›ћйЂЂ"}},{"defect":{"$includes":"еЂ’йЂЂ"}}]}]}},"precision":2,"collection":"defects"} workflowId=350507875500032
[34m2026-02-27 10:27:16 [debug] job added to save list: {"result":1,"status":1,"nodeId":350507875500054,"nodeKey":"9euqanxv5ca","id":"7606301613904896","createdAt":"2026-02-27T02:27:16.526Z","updatedAt":"2026-02-27T02:27:16.526Z","executionId":350507995037697}[39m workflowId=350507875500032
[32m2026-02-27 10:27:16 [info]  execution (350507995037697) run instruction [aggregate] for node (350507875500054) finished as status: 1[39m workflowId=350507875500032
[34m2026-02-27 10:27:16 [debug] result of node                              [39m data=1
[34m2026-02-27 10:27:16 [debug] run next node (350507875500053)             [39m 
[32m2026-02-27 10:27:16 [info]  execution (350507995037697) run instruction [aggregate] for node (350507875500053)[39m workflowId=350507875500032
[34m2026-02-27 10:27:16 [debug] config of node                              [39m data={"aggregator":"count","associated":false,"params":{"field":"id","filter":{"$and":[{"defect_rank":{"$eq":"level1"}},{"module":{"$eq":"{{$context.data.module}}"}},{"$or":[{"defect":{"$includes":"жЊ‚жњє"}}]}]}},"precision":2,"collection":"defects"} workflowId=350507875500032
[34m2026-02-27 10:27:16 [debug] job added to save list: {"result":1,"status":1,"nodeId":350507875500053,"nodeKey":"cjybahnz5qh","id":"7606301622293504","createdAt":"2026-02-27T02:27:16.528Z","updatedAt":"2026-02-27T02:27:16.528Z","executionId":350507995037697}[39m workflowId=350507875500032
[32m2026-02-27 10:27:16 [info]  execution (350507995037697) run instruction [aggregate] for node (350507875500053) finished as status: 1[39m workflowId=350507875500032
[34m2026-02-27 10:27:16 [debug] result of node                              [39m data=1
[34m2026-02-27 10:27:16 [debug] run next node (350507875500059)             [39m 
[32m2026-02-27 10:27:16 [info]  execution (350507995037697) run instruction [aggregate] for node (350507875500059)[39m workflowId=350507875500032
[34m2026-02-27 10:27:16 [debug] config of node                              [39m data={"aggregator":"count","associated":false,"params":{"field":"id","filter":{"$and":[{"defect_rank":{"$eq":"level1"}},{"defect":{"$notIncludes":"йЂЂ"}},{"defect":{"$notIncludes":"е›ћйЂЂ"}},{"defect":{"$notIncludes":"еЂ’йЂЂ"}},{"defect":{"$notIncludes":"жЊ‚жњє"}},{"module":{"$eq":"{{$context.data.module}}"}}]}},"precision":2,"collection":"defects"} workflowId=350507875500032
[34m2026-02-27 10:27:16 [debug] job added to save list: {"result":1,"status":1,"nodeId":350507875500059,"nodeKey":"4lo6zk22j0o","id":"7606301639070720","createdAt":"2026-02-27T02:27:16.532Z","updatedAt":"2026-02-27T02:27:16.532Z","executionId":350507995037697}[39m workflowId=350507875500032
[32m2026-02-27 10:27:16 [info]  execution (350507995037697) run instruction [aggregate] for node (350507875500059) finished as status: 1[39m workflowId=350507875500032
[34m2026-02-27 10:27:16 [debug] result of node                              [39m data=1
[34m2026-02-27 10:27:16 [debug] run next node (350507875500070)             [39m 
[32m2026-02-27 10:27:16 [info]  execution (350507995037697) run instruction [aggregate] for node (350507875500070)[39m workflowId=350507875500032
[34m2026-02-27 10:27:16 [debug] config of node                              [39m data={"aggregator":"count","associated":false,"params":{"field":"id","filter":{"$and":[{"defect_rank":{"$eq":"level2"}},{"label":{"$noneOf":["еЉџиѓЅе±Џи”Ѕ","е·Іж‹’з»ќ","е»єи®®"]}},{"module":{"$eq":"{{$context.data.module}}"}},{"$or":[{"defect_status":{}},{"label":{"$noneOf":["з”іиЇ·еђ¦е†і","ж•°жЌ®еј‚еёё","и®ѕи®Ўе¦‚ж­¤"]}}]}]}},"precision":2,"collection":"defects"} workflowId=350507875500032
[31m2026-02-27 10:27:16 [error] execution (350507995037697) run instruction [aggregate] for node (350507875500070) failed: [39m workflowId=350507875500032
[34m2026-02-27 10:27:16 [debug] job added to save list: {"result":{"message":"Invalid value {}"},"status":-2,"nodeId":350507875500070,"nodeKey":"52k6055vnrg","id":"7606301651653632","createdAt":"2026-02-27T02:27:16.535Z","updatedAt":"2026-02-27T02:27:16.535Z","executionId":350507995037697}[39m workflowId=350507875500032
[32m2026-02-27 10:27:16 [info]  execution (350507995037697) run instruction [aggregate] for node (350507875500070) finished as status: -2[39m workflowId=350507875500032
[34m2026-02-27 10:27:16 [debug] result of node                              [39m data={"message":"Invalid value {}"}
[34m2026-02-27 10:27:16 [debug] branch ended at node (350507875500070)      [39m 
[34m2026-02-27 10:27:16 [debug] not on main, recall to parent entry node (350507875500070)})[39m workflowId=350507875500032
[32m2026-02-27 10:27:16 [info]  execution (350507995037697) resume instruction [parallel] for node (350507875500033)[39m workflowId=350507875500032
[34m2026-02-27 10:27:16 [debug] config of node                              [39m workflowId=350507875500032
[34m2026-02-27 10:27:16 [debug] job added to save list: {"status":-2,"result":[1,-2],"nodeId":350507875500033,"nodeKey":"chjc97mlb5y","upstreamId":null,"id":"7606301509047296","createdAt":"2026-02-27T02:27:16.501Z","updatedAt":"2026-02-27T02:27:16.514Z","executionId":350507995037697}[39m workflowId=350507875500032
[32m2026-02-27 10:27:16 [info]  execution (350507995037697) run instruction [parallel] for node (350507875500033) finished as status: -2[39m workflowId=350507875500032
[34m2026-02-27 10:27:16 [debug] result of node                              [39m data=[1,-2]
[34m2026-02-27 10:27:16 [debug] branch ended at node (350507875500033)      [39m 
[32m2026-02-27 10:27:16 [info]  execution (350507995037697) exiting with status -2[39m workflowId=350507875500032
[32m2026-02-27 10:27:16 [info]  execution (350507995037697) finished with status: -2[39m 
[34m2026-02-27 10:27:16 [debug] execution (350507995037697) details:        [39m execution={"createdAt":"2026-02-27T02:27:16.476Z","id":350507995037697,"updatedAt":"2026-02-27T02:27:16.538Z","key":"gljlkxparob","eventKey":"0ad750f7-3ded-4da9-9349-2645589b530a","context":{"data":{"createdAt":"2026-02-27T02:27:16.458Z","updatedAt":"2026-02-27T02:27:16.461Z","defect_classification":"е…¶д»–","defect":"е›ѕзєёй”™иЇЇ","defect_rank":"level1","priority":"P1","id":350507995037696,"defect_status":"еѕ…дї®е¤Ќ","module":null,"f_jmazop48q5l":350382214152192,"label":["е¤Ќжµ‹жњЄйЂљиї‡"],"createdById":1,"updatedById":1,"parent_summary":{"createdAt":"2026-02-26T09:47:39.714Z","updatedAt":"2026-02-27T02:25:34.479Z","owner_id":"nocobase","id":350382214152192,"total_count":null,"tested_count":null,"defect_count":null,"fixed_count":null,"pending_count":null,"loc":null,"kloc":0,"testing_rate":null,"fix_rate":null,"pending_rate":null,"defect_density":null,"total_defect":3,"module_type":"зјєй™·ж±‡жЂ»","createdById":1,"updatedById":1}}},"status":-2,"dispatched":true,"stack":null,"output":null,"manually":null,"workflowId":350507875500032}
[32m2026-02-27 10:32:14 [info]  toggle OFF workflow 350507875500032         [39m workflowId=350507875500032
[32m2026-02-27 17:05:29 [info]  toggle OFF workflow 350507875500032         [39m workflowId=350507875500032
[32m2026-02-27 17:05:29 [info]  toggle OFF workflow 350507875500032         [39m workflowId=350507875500032
