[32m2026-02-26 10:09:01 [info]  toggle OFF workflow 350324455833600         [39m workflowId=350324455833600
[32m2026-02-26 10:09:05 [info]  toggle ON workflow 350324455833600          [39m workflowId=350324455833600
[32m2026-02-26 10:10:09 [info]  toggle OFF workflow 350324455833600         [39m workflowId=350324455833600
[32m2026-02-26 10:10:10 [info]  toggle ON workflow 350324455833600          [39m workflowId=350324455833600
[32m2026-02-26 10:11:35 [info]  toggle ON workflow 350324455833600          [39m workflowId=350324455833600
[32m2026-02-26 10:11:45 [info]  new event triggered, now events: 1          [39m 
[34m2026-02-26 10:11:45 [debug] event data:                                 [39m context={"data":{"createdAt":"2026-02-26T01:45:30.903Z","updatedAt":"2026-02-26T01:45:30.909Z","defect":"导入大型文件时系统界面挂机","defect_rank":"level1","priority":"P1","id":350321547083776,"f_jmazop48q5l":350321463197696,"createdById":1,"updatedById":1,"defect_classification":"挂机","module":350321459003392,"label":["历史遗留"],"defect_status":"待修复"}}
[32m2026-02-26 10:11:45 [info]  new event triggered, now events: 2          [39m 
[34m2026-02-26 10:11:45 [debug] event data:                                 [39m context={"data":{"createdAt":"2026-02-26T01:46:02.717Z","updatedAt":"2026-02-26T01:46:02.724Z","defect":"图纸显示不全","defect_rank":"level1","priority":"P1","id":350321614192640,"f_jmazop48q5l":350321463197696,"createdById":1,"updatedById":1,"defect_classification":"历史遗留","module":350321459003392,"label":["历史遗留","已修复"],"defect_status":"已修复"}}
[32m2026-02-26 10:11:45 [info]  new event is pending to be prepared after previous preparation is finished[39m 
[32m2026-02-26 10:11:45 [info]  new event triggered, now events: 3          [39m 
[34m2026-02-26 10:11:45 [debug] event data:                                 [39m context={"data":{"createdAt":"2026-02-26T01:45:10.865Z","updatedAt":"2026-02-26T01:45:10.873Z","defect":"核心算法模块代码回退导致崩溃","defect_rank":"level1","priority":"P1","id":350321505140736,"f_jmazop48q5l":350321463197696,"createdById":1,"updatedById":1,"defect_classification":"网退","module":350321459003392,"label":["已修复"],"defect_status":"已修复"}}
[32m2026-02-26 10:11:45 [info]  new event is pending to be prepared after previous preparation is finished[39m 
[32m2026-02-26 10:11:45 [info]  preparing execution for event               [39m 
[32m2026-02-26 10:11:45 [info]  execution of workflow 350324455833600 created as 350324850098176[39m 
[32m2026-02-26 10:11:45 [info]  local pending list is empty, adding execution (350324850098176) to pending list[39m 
[32m2026-02-26 10:11:45 [info]  preparing execution for event               [39m 
[32m2026-02-26 10:11:45 [info]  execution of workflow 350324455833600 created as 350324850098177[39m 
[32m2026-02-26 10:11:45 [info]  instance is not serving as worker or local pending list is not empty, sending execution (350324850098177) to queue[39m 
[32m2026-02-26 10:11:45 [info]  preparing execution for event               [39m 
[32m2026-02-26 10:11:45 [info]  execution of workflow 350324455833600 created as 350324850098178[39m 
[32m2026-02-26 10:11:45 [info]  instance is not serving as worker or local pending list is not empty, sending execution (350324850098178) to queue[39m 
[32m2026-02-26 10:11:45 [info]  pending execution (350324850098176) ready to process[39m 
[32m2026-02-26 10:11:45 [info]  execution (350324850098176) starting...     [39m 
[32m2026-02-26 10:11:45 [info]  execution (350324850098176) run instruction [aggregate] for node (350324455833619)[39m workflowId=350324455833600
[34m2026-02-26 10:11:45 [debug] config of node                              [39m data={"aggregator":"count","associated":false,"params":{"field":"id","filter":{"$and":[{"defect_rank":{"$eq":"level1"}},{"label":{"$noneOf":["功能屏蔽","已拒绝","建议"]}},{"module":{"$eq":"{{$context.data.module}}"}}]}},"precision":2,"collection":"defects"} workflowId=350324455833600
[34m2026-02-26 10:11:45 [debug] job added to save list: {"result":0,"status":1,"nodeId":350324455833619,"nodeKey":"h14qw1067vw","id":"7240009329441792","createdAt":"2026-02-26T02:11:45.640Z","updatedAt":"2026-02-26T02:11:45.640Z","executionId":350324850098176}[39m workflowId=350324455833600
[32m2026-02-26 10:11:45 [info]  execution (350324850098176) run instruction [aggregate] for node (350324455833619) finished as status: 1[39m workflowId=350324455833600
[34m2026-02-26 10:11:45 [debug] result of node                              [39m 
[34m2026-02-26 10:11:45 [debug] run next node (350324455833606)             [39m 
[32m2026-02-26 10:11:45 [info]  execution (350324850098176) run instruction [aggregate] for node (350324455833606)[39m workflowId=350324455833600
[34m2026-02-26 10:11:45 [debug] config of node                              [39m data={"aggregator":"count","associated":false,"params":{"field":"id","filter":{"$and":[{"defect_rank":{"$eq":"level1"}},{"label":{"$noneOf":["功能屏蔽","已拒绝","建议"]}},{"$or":[{"label":{"$anyOf":["已修复","待合并"]}},{"$and":[{"label":{"$anyOf":["未复现"]}},{"defect_status":{"$eq":"已关闭"}}]}]},{"module":{"$eq":"{{$context.data.module}}"}}]}},"precision":2,"collection":"defects"} workflowId=350324455833600
[34m2026-02-26 10:11:45 [debug] job added to save list: {"result":0,"status":1,"nodeId":350324455833606,"nodeKey":"cvcey3i9obe","id":"7240009362996224","createdAt":"2026-02-26T02:11:45.648Z","updatedAt":"2026-02-26T02:11:45.648Z","executionId":350324850098176}[39m workflowId=350324455833600
[32m2026-02-26 10:11:45 [info]  execution (350324850098176) run instruction [aggregate] for node (350324455833606) finished as status: 1[39m workflowId=350324455833600
[34m2026-02-26 10:11:45 [debug] result of node                              [39m 
[34m2026-02-26 10:11:45 [debug] run next node (350324455833608)             [39m 
[32m2026-02-26 10:11:45 [info]  execution (350324850098176) run instruction [aggregate] for node (350324455833608)[39m workflowId=350324455833600
[34m2026-02-26 10:11:45 [debug] config of node                              [39m data={"aggregator":"count","associated":false,"params":{"field":"id","filter":{"$and":[{"defect_rank":{"$eq":"level1"}},{"module":{"$eq":"{{$context.data.module}}"}},{"$or":[{"defect":{"$includes":"退"}},{"defect":{"$includes":"回退"}},{"defect":{"$includes":"倒退"}}]}]}},"precision":2,"collection":"defects"} workflowId=350324455833600
[34m2026-02-26 10:11:45 [debug] job added to save list: {"result":0,"status":1,"nodeId":350324455833608,"nodeKey":"9euqanxv5ca","id":"7240009379773440","createdAt":"2026-02-26T02:11:45.652Z","updatedAt":"2026-02-26T02:11:45.652Z","executionId":350324850098176}[39m workflowId=350324455833600
[32m2026-02-26 10:11:45 [info]  execution (350324850098176) run instruction [aggregate] for node (350324455833608) finished as status: 1[39m workflowId=350324455833600
[34m2026-02-26 10:11:45 [debug] result of node                              [39m 
[34m2026-02-26 10:11:45 [debug] run next node (350324455833607)             [39m 
[32m2026-02-26 10:11:45 [info]  execution (350324850098176) run instruction [aggregate] for node (350324455833607)[39m workflowId=350324455833600
[34m2026-02-26 10:11:45 [debug] config of node                              [39m data={"aggregator":"count","associated":false,"params":{"field":"id","filter":{"$and":[{"defect_rank":{"$eq":"level1"}},{"module":{"$eq":"{{$context.data.module}}"}},{"$or":[{"defect":{"$includes":"挂机"}}]}]}},"precision":2,"collection":"defects"} workflowId=350324455833600
[34m2026-02-26 10:11:45 [debug] job added to save list: {"result":0,"status":1,"nodeId":350324455833607,"nodeKey":"cjybahnz5qh","id":"7240009396550656","createdAt":"2026-02-26T02:11:45.656Z","updatedAt":"2026-02-26T02:11:45.656Z","executionId":350324850098176}[39m workflowId=350324455833600
[32m2026-02-26 10:11:45 [info]  execution (350324850098176) run instruction [aggregate] for node (350324455833607) finished as status: 1[39m workflowId=350324455833600
[34m2026-02-26 10:11:45 [debug] result of node                              [39m 
[34m2026-02-26 10:11:45 [debug] run next node (350324455833617)             [39m 
[32m2026-02-26 10:11:45 [info]  execution (350324850098176) run instruction [aggregate] for node (350324455833617)[39m workflowId=350324455833600
[34m2026-02-26 10:11:45 [debug] config of node                              [39m data={"aggregator":"count","associated":false,"params":{"field":"id","filter":{"$and":[{"defect_rank":{"$eq":"level1"}},{"defect":{"$notIncludes":"退"}},{"defect":{"$notIncludes":"回退"}},{"defect":{"$notIncludes":"倒退"}},{"defect":{"$notIncludes":"挂机"}},{"module":{"$eq":"{{$context.data.module}}"}}]}},"precision":2,"collection":"defects"} workflowId=350324455833600
[34m2026-02-26 10:11:45 [debug] job added to save list: {"result":0,"status":1,"nodeId":350324455833617,"nodeKey":"4lo6zk22j0o","id":"7240009417522176","createdAt":"2026-02-26T02:11:45.661Z","updatedAt":"2026-02-26T02:11:45.661Z","executionId":350324850098176}[39m workflowId=350324455833600
[32m2026-02-26 10:11:45 [info]  execution (350324850098176) run instruction [aggregate] for node (350324455833617) finished as status: 1[39m workflowId=350324455833600
[34m2026-02-26 10:11:45 [debug] result of node                              [39m 
[34m2026-02-26 10:11:45 [debug] run next node (350324455833609)             [39m 
[32m2026-02-26 10:11:45 [info]  execution (350324850098176) run instruction [aggregate] for node (350324455833609)[39m workflowId=350324455833600
[34m2026-02-26 10:11:45 [debug] config of node                              [39m data={"aggregator":"count","associated":false,"params":{"field":"id","filter":{"$and":[{"defect_rank":{"$eq":"level2"}},{"label":{"$noneOf":["功能屏蔽","已拒绝","建议"]}},{"module":{"$eq":"{{$context.data.module}}"}}]}},"precision":2,"collection":"defects"} workflowId=350324455833600
[34m2026-02-26 10:11:45 [debug] job added to save list: {"result":0,"status":1,"nodeId":350324455833609,"nodeKey":"52k6055vnrg","id":"7240009430105088","createdAt":"2026-02-26T02:11:45.664Z","updatedAt":"2026-02-26T02:11:45.664Z","executionId":350324850098176}[39m workflowId=350324455833600
[32m2026-02-26 10:11:45 [info]  execution (350324850098176) run instruction [aggregate] for node (350324455833609) finished as status: 1[39m workflowId=350324455833600
[34m2026-02-26 10:11:45 [debug] result of node                              [39m 
[34m2026-02-26 10:11:45 [debug] run next node (350324455833604)             [39m 
[32m2026-02-26 10:11:45 [info]  execution (350324850098176) run instruction [aggregate] for node (350324455833604)[39m workflowId=350324455833600
[34m2026-02-26 10:11:45 [debug] config of node                              [39m data={"aggregator":"count","associated":false,"params":{"field":"id","filter":{"$and":[{"defect_rank":{"$eq":"level2"}},{"label":{"$noneOf":["功能屏蔽","已拒绝","建议"]}},{"$or":[{"label":{"$anyOf":["已修复","待合并"]}},{"$and":[{"label":{"$anyOf":["未复现"]}},{"defect_status":{"$eq":"已关闭"}}]}]},{"module":{"$eq":"{{$context.data.module}}"}}]}},"precision":2,"collection":"defects"} workflowId=350324455833600
[34m2026-02-26 10:11:45 [debug] job added to save list: {"result":0,"status":1,"nodeId":350324455833604,"nodeKey":"1fpxh7sjq4k","id":"7240009442688000","createdAt":"2026-02-26T02:11:45.667Z","updatedAt":"2026-02-26T02:11:45.667Z","executionId":350324850098176}[39m workflowId=350324455833600
[32m2026-02-26 10:11:45 [info]  execution (350324850098176) run instruction [aggregate] for node (350324455833604) finished as status: 1[39m workflowId=350324455833600
[34m2026-02-26 10:11:45 [debug] result of node                              [39m 
[34m2026-02-26 10:11:45 [debug] run next node (350324455833605)             [39m 
[32m2026-02-26 10:11:45 [info]  execution (350324850098176) run instruction [aggregate] for node (350324455833605)[39m workflowId=350324455833600
[34m2026-02-26 10:11:45 [debug] config of node                              [39m data={"aggregator":"count","associated":false,"params":{"field":"id","filter":{"$and":[{"defect_rank":{"$eq":"level3"}},{"label":{"$noneOf":["功能屏蔽","已拒绝","建议"]}},{"module":{"$eq":"{{$context.data.module}}"}}]}},"precision":2,"collection":"defects"} workflowId=350324455833600
[34m2026-02-26 10:11:45 [debug] job added to save list: {"result":0,"status":1,"nodeId":350324455833605,"nodeKey":"t5m287ao4ea","id":"7240009455270912","createdAt":"2026-02-26T02:11:45.670Z","updatedAt":"2026-02-26T02:11:45.670Z","executionId":350324850098176}[39m workflowId=350324455833600
[32m2026-02-26 10:11:45 [info]  execution (350324850098176) run instruction [aggregate] for node (350324455833605) finished as status: 1[39m workflowId=350324455833600
[34m2026-02-26 10:11:45 [debug] result of node                              [39m 
[34m2026-02-26 10:11:45 [debug] run next node (350324455833610)             [39m 
[32m2026-02-26 10:11:45 [info]  execution (350324850098176) run instruction [aggregate] for node (350324455833610)[39m workflowId=350324455833600
[34m2026-02-26 10:11:45 [debug] config of node                              [39m data={"aggregator":"count","associated":false,"params":{"field":"id","filter":{"$and":[{"defect_rank":{"$eq":"level3"}},{"label":{"$noneOf":["功能屏蔽","已拒绝","建议"]}},{"$or":[{"label":{"$anyOf":["待合并","已修复"]}},{"$and":[{"label":{"$anyOf":["未复现"]}},{"defect_status":{"$eq":"已关闭"}}]}]},{"module":{"$eq":"{{$context.data.module}}"}}]}},"precision":2,"collection":"defects"} workflowId=350324455833600
[34m2026-02-26 10:11:45 [debug] job added to save list: {"result":0,"status":1,"nodeId":350324455833610,"nodeKey":"je6ex9hwdlz","id":"7240009463659520","createdAt":"2026-02-26T02:11:45.672Z","updatedAt":"2026-02-26T02:11:45.672Z","executionId":350324850098176}[39m workflowId=350324455833600
[32m2026-02-26 10:11:45 [info]  execution (350324850098176) run instruction [aggregate] for node (350324455833610) finished as status: 1[39m workflowId=350324455833600
[34m2026-02-26 10:11:45 [debug] result of node                              [39m 
[34m2026-02-26 10:11:45 [debug] run next node (350324455833611)             [39m 
[32m2026-02-26 10:11:45 [info]  execution (350324850098176) run instruction [aggregate] for node (350324455833611)[39m workflowId=350324455833600
[34m2026-02-26 10:11:45 [debug] config of node                              [39m data={"aggregator":"count","associated":false,"params":{"field":"id","filter":{"$and":[{"priority":{"$eq":"P1"}},{"module":{"$eq":"{{$context.data.module}}"}}]}},"precision":2,"collection":"defects"} workflowId=350324455833600
[34m2026-02-26 10:11:45 [debug] job added to save list: {"result":0,"status":1,"nodeId":350324455833611,"nodeKey":"m7boio3foa4","id":"7240009472048128","createdAt":"2026-02-26T02:11:45.674Z","updatedAt":"2026-02-26T02:11:45.674Z","executionId":350324850098176}[39m workflowId=350324455833600
[32m2026-02-26 10:11:45 [info]  execution (350324850098176) run instruction [aggregate] for node (350324455833611) finished as status: 1[39m workflowId=350324455833600
[34m2026-02-26 10:11:45 [debug] result of node                              [39m 
[34m2026-02-26 10:11:45 [debug] run next node (350324455833614)             [39m 
[32m2026-02-26 10:11:45 [info]  execution (350324850098176) run instruction [aggregate] for node (350324455833614)[39m workflowId=350324455833600
[34m2026-02-26 10:11:45 [debug] config of node                              [39m data={"aggregator":"count","associated":false,"params":{"field":"id","filter":{"$and":[{"priority":{"$eq":"P1"}},{"module":{"$eq":"{{$context.data.module}}"}},{"label":{"$noneOf":["功能屏蔽","已拒绝","建议"]}},{"$or":[{"label":{"$anyOf":["待合并","已修复"]}},{"$and":[{"label":{"$anyOf":["未复现"]}},{"defect_status":{"$eq":"已关闭"}}]}]}]}},"precision":2,"collection":"defects"} workflowId=350324455833600
[34m2026-02-26 10:11:45 [debug] job added to save list: {"result":0,"status":1,"nodeId":350324455833614,"nodeKey":"ctxa7y3htwk","id":"7240009484631040","createdAt":"2026-02-26T02:11:45.677Z","updatedAt":"2026-02-26T02:11:45.677Z","executionId":350324850098176}[39m workflowId=350324455833600
[32m2026-02-26 10:11:45 [info]  execution (350324850098176) run instruction [aggregate] for node (350324455833614) finished as status: 1[39m workflowId=350324455833600
[34m2026-02-26 10:11:45 [debug] result of node                              [39m 
[34m2026-02-26 10:11:45 [debug] run next node (350324455833612)             [39m 
[32m2026-02-26 10:11:45 [info]  execution (350324850098176) run instruction [aggregate] for node (350324455833612)[39m workflowId=350324455833600
[34m2026-02-26 10:11:45 [debug] config of node                              [39m data={"aggregator":"count","associated":false,"params":{"field":"id","filter":{"$and":[{"priority":{"$eq":"P2"}},{"module":{"$eq":"{{$context.data.module}}"}}]}},"precision":2,"collection":"defects"} workflowId=350324455833600
[34m2026-02-26 10:11:45 [debug] job added to save list: {"result":0,"status":1,"nodeId":350324455833612,"nodeKey":"n5qz0yvi8a8","id":"7240009493019648","createdAt":"2026-02-26T02:11:45.679Z","updatedAt":"2026-02-26T02:11:45.679Z","executionId":350324850098176}[39m workflowId=350324455833600
[32m2026-02-26 10:11:45 [info]  execution (350324850098176) run instruction [aggregate] for node (350324455833612) finished as status: 1[39m workflowId=350324455833600
[34m2026-02-26 10:11:45 [debug] result of node                              [39m 
[34m2026-02-26 10:11:45 [debug] run next node (350324455833615)             [39m 
[32m2026-02-26 10:11:45 [info]  execution (350324850098176) run instruction [aggregate] for node (350324455833615)[39m workflowId=350324455833600
[34m2026-02-26 10:11:45 [debug] config of node                              [39m data={"aggregator":"count","associated":false,"params":{"field":"id","filter":{"$and":[{"priority":{"$eq":"P2"}},{"label":{"$noneOf":["功能屏蔽","已拒绝","建议"]}},{"module":{"$eq":"{{$context.data.module}}"}},{"$or":[{"label":{"$anyOf":["待合并","已修复"]}},{"$and":[{"label":{"$anyOf":["未复现"]}},{"defect_status":{"$eq":"已关闭"}}]}]}]}},"precision":2,"collection":"defects"} workflowId=350324455833600
[34m2026-02-26 10:11:45 [debug] job added to save list: {"result":0,"status":1,"nodeId":350324455833615,"nodeKey":"m5m10pctczr","id":"7240009505602560","createdAt":"2026-02-26T02:11:45.682Z","updatedAt":"2026-02-26T02:11:45.682Z","executionId":350324850098176}[39m workflowId=350324455833600
[32m2026-02-26 10:11:45 [info]  execution (350324850098176) run instruction [aggregate] for node (350324455833615) finished as status: 1[39m workflowId=350324455833600
[34m2026-02-26 10:11:45 [debug] result of node                              [39m 
[34m2026-02-26 10:11:45 [debug] run next node (350324455833601)             [39m 
[32m2026-02-26 10:11:45 [info]  execution (350324850098176) run instruction [aggregate] for node (350324455833601)[39m workflowId=350324455833600
[34m2026-02-26 10:11:45 [debug] config of node                              [39m data={"aggregator":"count","associated":false,"params":{"field":"id","filter":{"$and":[{"priority":{"$eq":"P3"}},{"module":{"$eq":"{{$context.data.module}}"}}]}},"precision":2,"collection":"defects"} workflowId=350324455833600
[34m2026-02-26 10:11:45 [debug] job added to save list: {"result":0,"status":1,"nodeId":350324455833601,"nodeKey":"86wyre6po8b","id":"7240009534962688","createdAt":"2026-02-26T02:11:45.689Z","updatedAt":"2026-02-26T02:11:45.689Z","executionId":350324850098176}[39m workflowId=350324455833600
[32m2026-02-26 10:11:45 [info]  execution (350324850098176) run instruction [aggregate] for node (350324455833601) finished as status: 1[39m workflowId=350324455833600
[34m2026-02-26 10:11:45 [debug] result of node                              [39m 
[34m2026-02-26 10:11:45 [debug] run next node (350324455833602)             [39m 
[32m2026-02-26 10:11:45 [info]  execution (350324850098176) run instruction [aggregate] for node (350324455833602)[39m workflowId=350324455833600
[34m2026-02-26 10:11:45 [debug] config of node                              [39m data={"aggregator":"count","associated":false,"params":{"field":"id","filter":{"$and":[{"priority":{"$eq":"P3"}},{"label":{"$noneOf":["功能屏蔽","已拒绝","建议"]}},{"module":{"$eq":"{{$context.data.module}}"}},{"$or":[{"label":{"$anyOf":["待合并","已修复"]}},{"$and":[{"label":{"$anyOf":["未复现"]}},{"defect_status":{"$eq":"已关闭"}}]}]}]}},"precision":2,"collection":"defects"} workflowId=350324455833600
[34m2026-02-26 10:11:45 [debug] job added to save list: {"result":0,"status":1,"nodeId":350324455833602,"nodeKey":"4tftrde6ftb","id":"7240009547545600","createdAt":"2026-02-26T02:11:45.692Z","updatedAt":"2026-02-26T02:11:45.692Z","executionId":350324850098176}[39m workflowId=350324455833600
[32m2026-02-26 10:11:45 [info]  execution (350324850098176) run instruction [aggregate] for node (350324455833602) finished as status: 1[39m workflowId=350324455833600
[34m2026-02-26 10:11:45 [debug] result of node                              [39m 
[34m2026-02-26 10:11:45 [debug] run next node (350324455833613)             [39m 
[32m2026-02-26 10:11:45 [info]  execution (350324850098176) run instruction [update] for node (350324455833613)[39m workflowId=350324455833600
[34m2026-02-26 10:11:45 [debug] config of node                              [39m data={"usingAssignFormSchema":true,"assignFormSchema":{"_isJSONSchemaObject":true,"version":"2.0","name":"z36wx6jbrw9","type":"void","x-component":"Grid","x-initializer":"assignFieldValuesForm:configureFields","properties":{"i1v4kp5ixw1":{"_isJSONSchemaObject":true,"version":"2.0","type":"void","x-component":"Grid.Row","properties":{"m57in1bxqre":{"_isJSONSchemaObject":true,"version":"2.0","type":"void","x-component":"Grid.Col","properties":{"level_1_count":{"_isJSONSchemaObject":true,"version":"2.0","type":"string","name":"level_1_count","x-toolbar":"FormItemSchemaToolbar","x-settings":"fieldSettings:FormItem","x-component":"AssignedField","x-decorator":"FormItem","x-collection-field":"module_summaries.level_1_count"}},"name":"m57in1bxqre"}},"name":"i1v4kp5ixw1"},"28tkyaas4rv":{"_isJSONSchemaObject":true,"version":"2.0","type":"void","x-component":"Grid.Row","properties":{"aubadkxorcs":{"_isJSONSchemaObject":true,"version":"2.0","type":"void","x-component":"Grid.Col","properties":{"level_1_fixed":{"_isJSONSchemaObject":true,"version":"2.0","type":"string","name":"level_1_fixed","x-toolbar":"FormItemSchemaToolbar","x-settings":"fieldSettings:FormItem","x-component":"AssignedField","x-decorator":"FormItem","x-collection-field":"module_summaries.level_1_fixed"}},"name":"aubadkxorcs"}},"name":"28tkyaas4rv"},"87dzfrypjv5":{"_isJSONSchemaObject":true,"version":"2.0","type":"void","x-component":"Grid.Row","properties":{"00u2e0hze8y":{"_isJSONSchemaObject":true,"version":"2.0","type":"void","x-component":"Grid.Col","properties":{"level_2_count":{"_isJSONSchemaObject":true,"version":"2.0","type":"string","name":"level_2_count","x-toolbar":"FormItemSchemaToolbar","x-settings":"fieldSettings:FormItem","x-component":"AssignedField","x-decorator":"FormItem","x-collection-field":"module_summaries.level_2_count"}},"name":"00u2e0hze8y"}},"name":"87dzfrypjv5"},"sr9fb2g83wa":{"_isJSONSchemaObject":true,"version":"2.0","type":"void","x-component":"Grid.Row","properties":{"mctr2nubczg":{"_isJSONSchemaObject":true,"version":"2.0","type":"void","x-component":"Grid.Col","properties":{"level_2_fixed":{"_isJSONSchemaObject":true,"version":"2.0","type":"string","name":"level_2_fixed","x-toolbar":"FormItemSchemaToolbar","x-settings":"fieldSettings:FormItem","x-component":"AssignedField","x-decorator":"FormItem","x-collection-field":"module_summaries.level_2_fixed"}},"name":"mctr2nubczg"}},"name":"sr9fb2g83wa"},"robhdmi5xfc":{"_isJSONSchemaObject":true,"version":"2.0","type":"void","x-component":"Grid.Row","properties":{"d7pyy4ts79k":{"_isJSONSchemaObject":true,"version":"2.0","type":"void","x-component":"Grid.Col","properties":{"level_3_count":{"_isJSONSchemaObject":true,"version":"2.0","type":"string","name":"level_3_count","x-toolbar":"FormItemSchemaToolbar","x-settings":"fieldSettings:FormItem","x-component":"AssignedField","x-decorator":"FormItem","x-collection-field":"module_summaries.level_3_count"}},"name":"d7pyy4ts79k"}},"name":"robhdmi5xfc"},"9ykwa93dd5w":{"_isJSONSchemaObject":true,"version":"2.0","type":"void","x-component":"Grid.Row","properties":{"0nkrxq50w1f":{"_isJSONSchemaObject":true,"version":"2.0","type":"void","x-component":"Grid.Col","properties":{"level_3_fixed":{"_isJSONSchemaObject":true,"version":"2.0","type":"string","name":"level_3_fixed","x-toolbar":"FormItemSchemaToolbar","x-settings":"fieldSettings:FormItem","x-component":"AssignedField","x-decorator":"FormItem","x-collection-field":"module_summaries.level_3_fixed"}},"name":"0nkrxq50w1f"}},"name":"9ykwa93dd5w"},"m2wrz7jm9vz":{"_isJSONSchemaObject":true,"version":"2.0","type":"void","x-component":"Grid.Row","properties":{"hfp2a2oyka1":{"_isJSONSchemaObject":true,"version":"2.0","type":"void","x-component":"Grid.Col","properties":{"level_1_rollback":{"_isJSONSchemaObject":true,"version":"2.0","type":"string","name":"level_1_rollback","x-toolbar":"FormItemSchemaToolbar","x-settings":"fieldSettings:FormItem","x-component":"AssignedField","x-decorator":"FormItem","x-collection-field":"module_summaries.level_1_rollback"}},"name":"hfp2a2oyka1"}},"name":"m2wrz7jm9vz"},"llra5xvheol":{"_isJSONSchemaObject":true,"version":"2.0","type":"void","x-component":"Grid.Row","properties":{"hxtzevu58gt":{"_isJSONSchemaObject":true,"version":"2.0","type":"void","x-component":"Grid.Col","properties":{"level_1_hang":{"_isJSONSchemaObject":true,"version":"2.0","type":"string","name":"level_1_hang","x-toolbar":"FormItemSchemaToolbar","x-settings":"fieldSettings:FormItem","x-component":"AssignedField","x-decorator":"FormItem","x-collection-field":"module_summaries.level_1_hang"}},"name":"hxtzevu58gt"}},"name":"llra5xvheol"},"55xmmpvuyqt":{"_isJSONSchemaObject":true,"version":"2.0","type":"void","x-component":"Grid.Row","properties":{"6khukz0hpsa":{"_isJSONSchemaObject":true,"version":"2.0","type":"void","x-component":"Grid.Col","properties":{"level_1_other":{"_isJSONSchemaObject":true,"version":"2.0","type":"string","name":"level_1_other","x-toolbar":"FormItemSchemaToolbar","x-settings":"fieldSettings:FormItem","x-component":"AssignedField","x-decorator":"FormItem","x-collection-field":"module_summaries.level_1_other"}},"name":"6khukz0hpsa"}},"name":"55xmmpvuyqt"},"rsmtss1h01p":{"_isJSONSchemaObject":true,"version":"2.0","type":"void","x-component":"Grid.Row","properties":{"cpv1idb5asq":{"_isJSONSchemaObject":true,"version":"2.0","type":"void","x-component":"Grid.Col","properties":{"p1_total":{"_isJSONSchemaObject":true,"version":"2.0","type":"string","name":"p1_total","x-toolbar":"FormItemSchemaToolbar","x-settings":"fieldSettings:FormItem","x-component":"AssignedField","x-decorator":"FormItem","x-collection-field":"module_summaries.p1_total"}},"name":"cpv1idb5asq"}},"name":"rsmtss1h01p"},"7qkvh5xh818":{"_isJSONSchemaObject":true,"version":"2.0","type":"void","x-component":"Grid.Row","properties":{"6nw4mwneztc":{"_isJSONSchemaObject":true,"version":"2.0","type":"void","x-component":"Grid.Col","properties":{"p1_fixed":{"_isJSONSchemaObject":true,"version":"2.0","type":"string","name":"p1_fixed","x-toolbar":"FormItemSchemaToolbar","x-settings":"fieldSettings:FormItem","x-component":"AssignedField","x-decorator":"FormItem","x-collection-field":"module_summaries.p1_fixed"}},"name":"6nw4mwneztc"}},"name":"7qkvh5xh818"},"b58wgiucl7e":{"_isJSONSchemaObject":true,"version":"2.0","type":"void","x-component":"Grid.Row","properties":{"zj0a2jvc6z9":{"_isJSONSchemaObject":true,"version":"2.0","type":"void","x-component":"Grid.Col","properties":{"p2_total":{"_isJSONSchemaObject":true,"version":"2.0","type":"string","name":"p2_total","x-toolbar":"FormItemSchemaToolbar","x-settings":"fieldSettings:FormItem","x-component":"AssignedField","x-decorator":"FormItem","x-collection-field":"module_summaries.p2_total"}},"name":"zj0a2jvc6z9"}},"name":"b58wgiucl7e"},"nro02cwc7bk":{"_isJSONSchemaObject":true,"version":"2.0","type":"void","x-component":"Grid.Row","properties":{"1ux17z77emh":{"_isJSONSchemaObject":true,"version":"2.0","type":"void","x-component":"Grid.Col","properties":{"p2_fixed":{"_isJSONSchemaObject":true,"version":"2.0","type":"string","name":"p2_fixed","x-toolbar":"FormItemSchemaToolbar","x-settings":"fieldSettings:FormItem","x-component":"AssignedField","x-decorator":"FormItem","x-collection-field":"module_summaries.p2_fixed"}},"name":"1ux17z77emh"}},"name":"nro02cwc7bk"},"a8dmvlrnvb7":{"_isJSONSchemaObject":true,"version":"2.0","type":"void","x-component":"Grid.Row","properties":{"vlqd92jptvw":{"_isJSONSchemaObject":true,"version":"2.0","type":"void","x-component":"Grid.Col","properties":{"p3_total":{"_isJSONSchemaObject":true,"version":"2.0","type":"string","name":"p3_total","x-toolbar":"FormItemSchemaToolbar","x-settings":"fieldSettings:FormItem","x-component":"AssignedField","x-decorator":"FormItem","x-collection-field":"module_summaries.p3_total"}},"name":"vlqd92jptvw"}},"name":"a8dmvlrnvb7"},"pe6kuknysf3":{"_isJSONSchemaObject":true,"version":"2.0","type":"void","x-component":"Grid.Row","properties":{"5oyb34njzsh":{"_isJSONSchemaObject":true,"version":"2.0","type":"void","x-component":"Grid.Col","properties":{"p3_fixed":{"_isJSONSchemaObject":true,"version":"2.0","type":"string","name":"p3_fixed","x-toolbar":"FormItemSchemaToolbar","x-settings":"fieldSettings:FormItem","x-component":"AssignedField","x-decorator":"FormItem","x-collection-field":"module_summaries.p3_fixed"}},"name":"5oyb34njzsh"}},"name":"pe6kuknysf3"}}},"collection":"module_summaries","params":{"individualHooks":false,"filter":{"$and":[{"id":{"$eq":"{{$context.data.module}}"}}]},"values":{"level_1_count":"{{$jobsMapByNodeKey.h14qw1067vw}}","level_1_fixed":"{{$jobsMapByNodeKey.cvcey3i9obe}}","level_2_count":"{{$jobsMapByNodeKey.52k6055vnrg}}","level_2_fixed":"{{$jobsMapByNodeKey.1fpxh7sjq4k}}","level_3_count":"{{$jobsMapByNodeKey.t5m287ao4ea}}","level_3_fixed":"{{$jobsMapByNodeKey.je6ex9hwdlz}}","level_1_rollback":"{{$jobsMapByNodeKey.9euqanxv5ca}}","level_1_hang":"{{$jobsMapByNodeKey.cjybahnz5qh}}","level_1_other":"{{$jobsMapByNodeKey.4lo6zk22j0o}}","p1_total":"{{$jobsMapByNodeKey.m7boio3foa4}}","p1_fixed":"{{$jobsMapByNodeKey.ctxa7y3htwk}}","p2_total":"{{$jobsMapByNodeKey.n5qz0yvi8a8}}","p2_fixed":"{{$jobsMapByNodeKey.m5m10pctczr}}","p3_total":"{{$jobsMapByNodeKey.86wyre6po8b}}","p3_fixed":"{{$jobsMapByNodeKey.4tftrde6ftb}}"}}} workflowId=350324455833600
[34m2026-02-26 10:11:45 [debug] job added to save list: {"result":1,"status":1,"nodeId":350324455833613,"nodeKey":"iz8nj3ykg09","id":"7240009572711424","createdAt":"2026-02-26T02:11:45.698Z","updatedAt":"2026-02-26T02:11:45.698Z","executionId":350324850098176}[39m workflowId=350324455833600
[32m2026-02-26 10:11:45 [info]  execution (350324850098176) run instruction [update] for node (350324455833613) finished as status: 1[39m workflowId=350324455833600
[34m2026-02-26 10:11:45 [debug] result of node                              [39m data=1
[34m2026-02-26 10:11:45 [debug] run next node (350324583759872)             [39m 
[32m2026-02-26 10:11:45 [info]  execution (350324850098176) run instruction [update] for node (350324583759872)[39m workflowId=350324455833600
[34m2026-02-26 10:11:45 [debug] config of node                              [39m data={"usingAssignFormSchema":true,"assignFormSchema":{},"collection":"collection_quality","params":{"individualHooks":false,"filter":{"$and":[{"id":{"$eq":"{{$context.data.f_jmazop48q5l}}"}}]},"values":{}}} workflowId=350324455833600
[34m2026-02-26 10:11:45 [debug] job added to save list: {"result":0,"status":1,"nodeId":350324583759872,"nodeKey":"ajshkiizxov","id":"7240009589488640","createdAt":"2026-02-26T02:11:45.702Z","updatedAt":"2026-02-26T02:11:45.702Z","executionId":350324850098176}[39m workflowId=350324455833600
[32m2026-02-26 10:11:45 [info]  execution (350324850098176) run instruction [update] for node (350324583759872) finished as status: 1[39m workflowId=350324455833600
[34m2026-02-26 10:11:45 [debug] result of node                              [39m 
[34m2026-02-26 10:11:45 [debug] branch ended at node (350324583759872)      [39m 
[32m2026-02-26 10:11:45 [info]  execution (350324850098176) exiting with status 1[39m workflowId=350324455833600
[32m2026-02-26 10:11:45 [info]  execution (350324850098176) finished with status: 1[39m 
[34m2026-02-26 10:11:45 [debug] execution (350324850098176) details:        [39m execution={"createdAt":"2026-02-26T02:11:45.597Z","id":350324850098176,"updatedAt":"2026-02-26T02:11:45.717Z","key":"d84oa0vfmtd","eventKey":"8b2d89ee-c9a9-4515-b4aa-bcd0f56fd2b1","context":{"data":{"createdAt":"2026-02-26T01:45:30.903Z","updatedAt":"2026-02-26T01:45:30.909Z","defect":"导入大型文件时系统界面挂机","defect_rank":"level1","priority":"P1","id":350321547083776,"f_jmazop48q5l":350321463197696,"createdById":1,"updatedById":1,"defect_classification":"挂机","module":350321459003392,"label":["历史遗留"],"defect_status":"待修复"}},"status":1,"dispatched":true,"stack":null,"output":null,"manually":null,"workflowId":350324455833600}
[32m2026-02-26 10:11:45 [info]  execution (350324850098177) fetched from db [39m 
[32m2026-02-26 10:11:45 [info]  execution (350324850098177) starting...     [39m 
[32m2026-02-26 10:11:45 [info]  execution (350324850098177) run instruction [aggregate] for node (350324455833619)[39m workflowId=350324455833600
[34m2026-02-26 10:11:45 [debug] config of node                              [39m data={"aggregator":"count","associated":false,"params":{"field":"id","filter":{"$and":[{"defect_rank":{"$eq":"level1"}},{"label":{"$noneOf":["功能屏蔽","已拒绝","建议"]}},{"module":{"$eq":"{{$context.data.module}}"}}]}},"precision":2,"collection":"defects"} workflowId=350324455833600
[34m2026-02-26 10:11:45 [debug] job added to save list: {"result":0,"status":1,"nodeId":350324455833619,"nodeKey":"h14qw1067vw","id":"7240009690151936","createdAt":"2026-02-26T02:11:45.726Z","updatedAt":"2026-02-26T02:11:45.726Z","executionId":350324850098177}[39m workflowId=350324455833600
[32m2026-02-26 10:11:45 [info]  execution (350324850098177) run instruction [aggregate] for node (350324455833619) finished as status: 1[39m workflowId=350324455833600
[34m2026-02-26 10:11:45 [debug] result of node                              [39m 
[34m2026-02-26 10:11:45 [debug] run next node (350324455833606)             [39m 
[32m2026-02-26 10:11:45 [info]  execution (350324850098177) run instruction [aggregate] for node (350324455833606)[39m workflowId=350324455833600
[34m2026-02-26 10:11:45 [debug] config of node                              [39m data={"aggregator":"count","associated":false,"params":{"field":"id","filter":{"$and":[{"defect_rank":{"$eq":"level1"}},{"label":{"$noneOf":["功能屏蔽","已拒绝","建议"]}},{"$or":[{"label":{"$anyOf":["已修复","待合并"]}},{"$and":[{"label":{"$anyOf":["未复现"]}},{"defect_status":{"$eq":"已关闭"}}]}]},{"module":{"$eq":"{{$context.data.module}}"}}]}},"precision":2,"collection":"defects"} workflowId=350324455833600
[34m2026-02-26 10:11:45 [debug] job added to save list: {"result":0,"status":1,"nodeId":350324455833606,"nodeKey":"cvcey3i9obe","id":"7240009702734848","createdAt":"2026-02-26T02:11:45.729Z","updatedAt":"2026-02-26T02:11:45.729Z","executionId":350324850098177}[39m workflowId=350324455833600
[32m2026-02-26 10:11:45 [info]  execution (350324850098177) run instruction [aggregate] for node (350324455833606) finished as status: 1[39m workflowId=350324455833600
[34m2026-02-26 10:11:45 [debug] result of node                              [39m 
[34m2026-02-26 10:11:45 [debug] run next node (350324455833608)             [39m 
[32m2026-02-26 10:11:45 [info]  execution (350324850098177) run instruction [aggregate] for node (350324455833608)[39m workflowId=350324455833600
[34m2026-02-26 10:11:45 [debug] config of node                              [39m data={"aggregator":"count","associated":false,"params":{"field":"id","filter":{"$and":[{"defect_rank":{"$eq":"level1"}},{"module":{"$eq":"{{$context.data.module}}"}},{"$or":[{"defect":{"$includes":"退"}},{"defect":{"$includes":"回退"}},{"defect":{"$includes":"倒退"}}]}]}},"precision":2,"collection":"defects"} workflowId=350324455833600
[34m2026-02-26 10:11:45 [debug] job added to save list: {"result":0,"status":1,"nodeId":350324455833608,"nodeKey":"9euqanxv5ca","id":"7240009715317760","createdAt":"2026-02-26T02:11:45.732Z","updatedAt":"2026-02-26T02:11:45.732Z","executionId":350324850098177}[39m workflowId=350324455833600
[32m2026-02-26 10:11:45 [info]  execution (350324850098177) run instruction [aggregate] for node (350324455833608) finished as status: 1[39m workflowId=350324455833600
[34m2026-02-26 10:11:45 [debug] result of node                              [39m 
[34m2026-02-26 10:11:45 [debug] run next node (350324455833607)             [39m 
[32m2026-02-26 10:11:45 [info]  execution (350324850098177) run instruction [aggregate] for node (350324455833607)[39m workflowId=350324455833600
[34m2026-02-26 10:11:45 [debug] config of node                              [39m data={"aggregator":"count","associated":false,"params":{"field":"id","filter":{"$and":[{"defect_rank":{"$eq":"level1"}},{"module":{"$eq":"{{$context.data.module}}"}},{"$or":[{"defect":{"$includes":"挂机"}}]}]}},"precision":2,"collection":"defects"} workflowId=350324455833600
[34m2026-02-26 10:11:45 [debug] job added to save list: {"result":0,"status":1,"nodeId":350324455833607,"nodeKey":"cjybahnz5qh","id":"7240009723706368","createdAt":"2026-02-26T02:11:45.734Z","updatedAt":"2026-02-26T02:11:45.734Z","executionId":350324850098177}[39m workflowId=350324455833600
[32m2026-02-26 10:11:45 [info]  execution (350324850098177) run instruction [aggregate] for node (350324455833607) finished as status: 1[39m workflowId=350324455833600
[34m2026-02-26 10:11:45 [debug] result of node                              [39m 
[34m2026-02-26 10:11:45 [debug] run next node (350324455833617)             [39m 
[32m2026-02-26 10:11:45 [info]  execution (350324850098177) run instruction [aggregate] for node (350324455833617)[39m workflowId=350324455833600
[34m2026-02-26 10:11:45 [debug] config of node                              [39m data={"aggregator":"count","associated":false,"params":{"field":"id","filter":{"$and":[{"defect_rank":{"$eq":"level1"}},{"defect":{"$notIncludes":"退"}},{"defect":{"$notIncludes":"回退"}},{"defect":{"$notIncludes":"倒退"}},{"defect":{"$notIncludes":"挂机"}},{"module":{"$eq":"{{$context.data.module}}"}}]}},"precision":2,"collection":"defects"} workflowId=350324455833600
[34m2026-02-26 10:11:45 [debug] job added to save list: {"result":0,"status":1,"nodeId":350324455833617,"nodeKey":"4lo6zk22j0o","id":"7240009736289280","createdAt":"2026-02-26T02:11:45.737Z","updatedAt":"2026-02-26T02:11:45.737Z","executionId":350324850098177}[39m workflowId=350324455833600
[32m2026-02-26 10:11:45 [info]  execution (350324850098177) run instruction [aggregate] for node (350324455833617) finished as status: 1[39m workflowId=350324455833600
[34m2026-02-26 10:11:45 [debug] result of node                              [39m 
[34m2026-02-26 10:11:45 [debug] run next node (350324455833609)             [39m 
[32m2026-02-26 10:11:45 [info]  execution (350324850098177) run instruction [aggregate] for node (350324455833609)[39m workflowId=350324455833600
[34m2026-02-26 10:11:45 [debug] config of node                              [39m data={"aggregator":"count","associated":false,"params":{"field":"id","filter":{"$and":[{"defect_rank":{"$eq":"level2"}},{"label":{"$noneOf":["功能屏蔽","已拒绝","建议"]}},{"module":{"$eq":"{{$context.data.module}}"}}]}},"precision":2,"collection":"defects"} workflowId=350324455833600
[34m2026-02-26 10:11:45 [debug] job added to save list: {"result":0,"status":1,"nodeId":350324455833609,"nodeKey":"52k6055vnrg","id":"7240009748872192","createdAt":"2026-02-26T02:11:45.740Z","updatedAt":"2026-02-26T02:11:45.740Z","executionId":350324850098177}[39m workflowId=350324455833600
[32m2026-02-26 10:11:45 [info]  execution (350324850098177) run instruction [aggregate] for node (350324455833609) finished as status: 1[39m workflowId=350324455833600
[34m2026-02-26 10:11:45 [debug] result of node                              [39m 
[34m2026-02-26 10:11:45 [debug] run next node (350324455833604)             [39m 
[32m2026-02-26 10:11:45 [info]  execution (350324850098177) run instruction [aggregate] for node (350324455833604)[39m workflowId=350324455833600
[34m2026-02-26 10:11:45 [debug] config of node                              [39m data={"aggregator":"count","associated":false,"params":{"field":"id","filter":{"$and":[{"defect_rank":{"$eq":"level2"}},{"label":{"$noneOf":["功能屏蔽","已拒绝","建议"]}},{"$or":[{"label":{"$anyOf":["已修复","待合并"]}},{"$and":[{"label":{"$anyOf":["未复现"]}},{"defect_status":{"$eq":"已关闭"}}]}]},{"module":{"$eq":"{{$context.data.module}}"}}]}},"precision":2,"collection":"defects"} workflowId=350324455833600
[34m2026-02-26 10:11:45 [debug] job added to save list: {"result":0,"status":1,"nodeId":350324455833604,"nodeKey":"1fpxh7sjq4k","id":"7240009757260800","createdAt":"2026-02-26T02:11:45.742Z","updatedAt":"2026-02-26T02:11:45.742Z","executionId":350324850098177}[39m workflowId=350324455833600
[32m2026-02-26 10:11:45 [info]  execution (350324850098177) run instruction [aggregate] for node (350324455833604) finished as status: 1[39m workflowId=350324455833600
[34m2026-02-26 10:11:45 [debug] result of node                              [39m 
[34m2026-02-26 10:11:45 [debug] run next node (350324455833605)             [39m 
[32m2026-02-26 10:11:45 [info]  execution (350324850098177) run instruction [aggregate] for node (350324455833605)[39m workflowId=350324455833600
[34m2026-02-26 10:11:45 [debug] config of node                              [39m data={"aggregator":"count","associated":false,"params":{"field":"id","filter":{"$and":[{"defect_rank":{"$eq":"level3"}},{"label":{"$noneOf":["功能屏蔽","已拒绝","建议"]}},{"module":{"$eq":"{{$context.data.module}}"}}]}},"precision":2,"collection":"defects"} workflowId=350324455833600
[34m2026-02-26 10:11:45 [debug] job added to save list: {"result":0,"status":1,"nodeId":350324455833605,"nodeKey":"t5m287ao4ea","id":"7240009774038016","createdAt":"2026-02-26T02:11:45.746Z","updatedAt":"2026-02-26T02:11:45.746Z","executionId":350324850098177}[39m workflowId=350324455833600
[32m2026-02-26 10:11:45 [info]  execution (350324850098177) run instruction [aggregate] for node (350324455833605) finished as status: 1[39m workflowId=350324455833600
[34m2026-02-26 10:11:45 [debug] result of node                              [39m 
[34m2026-02-26 10:11:45 [debug] run next node (350324455833610)             [39m 
[32m2026-02-26 10:11:45 [info]  execution (350324850098177) run instruction [aggregate] for node (350324455833610)[39m workflowId=350324455833600
[34m2026-02-26 10:11:45 [debug] config of node                              [39m data={"aggregator":"count","associated":false,"params":{"field":"id","filter":{"$and":[{"defect_rank":{"$eq":"level3"}},{"label":{"$noneOf":["功能屏蔽","已拒绝","建议"]}},{"$or":[{"label":{"$anyOf":["待合并","已修复"]}},{"$and":[{"label":{"$anyOf":["未复现"]}},{"defect_status":{"$eq":"已关闭"}}]}]},{"module":{"$eq":"{{$context.data.module}}"}}]}},"precision":2,"collection":"defects"} workflowId=350324455833600
[34m2026-02-26 10:11:45 [debug] job added to save list: {"result":0,"status":1,"nodeId":350324455833610,"nodeKey":"je6ex9hwdlz","id":"7240009790815232","createdAt":"2026-02-26T02:11:45.750Z","updatedAt":"2026-02-26T02:11:45.750Z","executionId":350324850098177}[39m workflowId=350324455833600
[32m2026-02-26 10:11:45 [info]  execution (350324850098177) run instruction [aggregate] for node (350324455833610) finished as status: 1[39m workflowId=350324455833600
[34m2026-02-26 10:11:45 [debug] result of node                              [39m 
[34m2026-02-26 10:11:45 [debug] run next node (350324455833611)             [39m 
[32m2026-02-26 10:11:45 [info]  execution (350324850098177) run instruction [aggregate] for node (350324455833611)[39m workflowId=350324455833600
[34m2026-02-26 10:11:45 [debug] config of node                              [39m data={"aggregator":"count","associated":false,"params":{"field":"id","filter":{"$and":[{"priority":{"$eq":"P1"}},{"module":{"$eq":"{{$context.data.module}}"}}]}},"precision":2,"collection":"defects"} workflowId=350324455833600
[34m2026-02-26 10:11:45 [debug] job added to save list: {"result":0,"status":1,"nodeId":350324455833611,"nodeKey":"m7boio3foa4","id":"7240009803398144","createdAt":"2026-02-26T02:11:45.753Z","updatedAt":"2026-02-26T02:11:45.753Z","executionId":350324850098177}[39m workflowId=350324455833600
[32m2026-02-26 10:11:45 [info]  execution (350324850098177) run instruction [aggregate] for node (350324455833611) finished as status: 1[39m workflowId=350324455833600
[34m2026-02-26 10:11:45 [debug] result of node                              [39m 
[34m2026-02-26 10:11:45 [debug] run next node (350324455833614)             [39m 
[32m2026-02-26 10:11:45 [info]  execution (350324850098177) run instruction [aggregate] for node (350324455833614)[39m workflowId=350324455833600
[34m2026-02-26 10:11:45 [debug] config of node                              [39m data={"aggregator":"count","associated":false,"params":{"field":"id","filter":{"$and":[{"priority":{"$eq":"P1"}},{"module":{"$eq":"{{$context.data.module}}"}},{"label":{"$noneOf":["功能屏蔽","已拒绝","建议"]}},{"$or":[{"label":{"$anyOf":["待合并","已修复"]}},{"$and":[{"label":{"$anyOf":["未复现"]}},{"defect_status":{"$eq":"已关闭"}}]}]}]}},"precision":2,"collection":"defects"} workflowId=350324455833600
[34m2026-02-26 10:11:45 [debug] job added to save list: {"result":0,"status":1,"nodeId":350324455833614,"nodeKey":"ctxa7y3htwk","id":"7240009815981056","createdAt":"2026-02-26T02:11:45.756Z","updatedAt":"2026-02-26T02:11:45.756Z","executionId":350324850098177}[39m workflowId=350324455833600
[32m2026-02-26 10:11:45 [info]  execution (350324850098177) run instruction [aggregate] for node (350324455833614) finished as status: 1[39m workflowId=350324455833600
[34m2026-02-26 10:11:45 [debug] result of node                              [39m 
[34m2026-02-26 10:11:45 [debug] run next node (350324455833612)             [39m 
[32m2026-02-26 10:11:45 [info]  execution (350324850098177) run instruction [aggregate] for node (350324455833612)[39m workflowId=350324455833600
[34m2026-02-26 10:11:45 [debug] config of node                              [39m data={"aggregator":"count","associated":false,"params":{"field":"id","filter":{"$and":[{"priority":{"$eq":"P2"}},{"module":{"$eq":"{{$context.data.module}}"}}]}},"precision":2,"collection":"defects"} workflowId=350324455833600
[34m2026-02-26 10:11:45 [debug] job added to save list: {"result":0,"status":1,"nodeId":350324455833612,"nodeKey":"n5qz0yvi8a8","id":"7240009832758272","createdAt":"2026-02-26T02:11:45.760Z","updatedAt":"2026-02-26T02:11:45.760Z","executionId":350324850098177}[39m workflowId=350324455833600
[32m2026-02-26 10:11:45 [info]  execution (350324850098177) run instruction [aggregate] for node (350324455833612) finished as status: 1[39m workflowId=350324455833600
[34m2026-02-26 10:11:45 [debug] result of node                              [39m 
[34m2026-02-26 10:11:45 [debug] run next node (350324455833615)             [39m 
[32m2026-02-26 10:11:45 [info]  execution (350324850098177) run instruction [aggregate] for node (350324455833615)[39m workflowId=350324455833600
[34m2026-02-26 10:11:45 [debug] config of node                              [39m data={"aggregator":"count","associated":false,"params":{"field":"id","filter":{"$and":[{"priority":{"$eq":"P2"}},{"label":{"$noneOf":["功能屏蔽","已拒绝","建议"]}},{"module":{"$eq":"{{$context.data.module}}"}},{"$or":[{"label":{"$anyOf":["待合并","已修复"]}},{"$and":[{"label":{"$anyOf":["未复现"]}},{"defect_status":{"$eq":"已关闭"}}]}]}]}},"precision":2,"collection":"defects"} workflowId=350324455833600
[34m2026-02-26 10:11:45 [debug] job added to save list: {"result":0,"status":1,"nodeId":350324455833615,"nodeKey":"m5m10pctczr","id":"7240009845341184","createdAt":"2026-02-26T02:11:45.763Z","updatedAt":"2026-02-26T02:11:45.763Z","executionId":350324850098177}[39m workflowId=350324455833600
[32m2026-02-26 10:11:45 [info]  execution (350324850098177) run instruction [aggregate] for node (350324455833615) finished as status: 1[39m workflowId=350324455833600
[34m2026-02-26 10:11:45 [debug] result of node                              [39m 
[34m2026-02-26 10:11:45 [debug] run next node (350324455833601)             [39m 
[32m2026-02-26 10:11:45 [info]  execution (350324850098177) run instruction [aggregate] for node (350324455833601)[39m workflowId=350324455833600
[34m2026-02-26 10:11:45 [debug] config of node                              [39m data={"aggregator":"count","associated":false,"params":{"field":"id","filter":{"$and":[{"priority":{"$eq":"P3"}},{"module":{"$eq":"{{$context.data.module}}"}}]}},"precision":2,"collection":"defects"} workflowId=350324455833600
[34m2026-02-26 10:11:45 [debug] job added to save list: {"result":0,"status":1,"nodeId":350324455833601,"nodeKey":"86wyre6po8b","id":"7240009862118400","createdAt":"2026-02-26T02:11:45.767Z","updatedAt":"2026-02-26T02:11:45.767Z","executionId":350324850098177}[39m workflowId=350324455833600
[32m2026-02-26 10:11:45 [info]  execution (350324850098177) run instruction [aggregate] for node (350324455833601) finished as status: 1[39m workflowId=350324455833600
[34m2026-02-26 10:11:45 [debug] result of node                              [39m 
[34m2026-02-26 10:11:45 [debug] run next node (350324455833602)             [39m 
[32m2026-02-26 10:11:45 [info]  execution (350324850098177) run instruction [aggregate] for node (350324455833602)[39m workflowId=350324455833600
[34m2026-02-26 10:11:45 [debug] config of node                              [39m data={"aggregator":"count","associated":false,"params":{"field":"id","filter":{"$and":[{"priority":{"$eq":"P3"}},{"label":{"$noneOf":["功能屏蔽","已拒绝","建议"]}},{"module":{"$eq":"{{$context.data.module}}"}},{"$or":[{"label":{"$anyOf":["待合并","已修复"]}},{"$and":[{"label":{"$anyOf":["未复现"]}},{"defect_status":{"$eq":"已关闭"}}]}]}]}},"precision":2,"collection":"defects"} workflowId=350324455833600
[34m2026-02-26 10:11:45 [debug] job added to save list: {"result":0,"status":1,"nodeId":350324455833602,"nodeKey":"4tftrde6ftb","id":"7240009883089920","createdAt":"2026-02-26T02:11:45.772Z","updatedAt":"2026-02-26T02:11:45.772Z","executionId":350324850098177}[39m workflowId=350324455833600
[32m2026-02-26 10:11:45 [info]  execution (350324850098177) run instruction [aggregate] for node (350324455833602) finished as status: 1[39m workflowId=350324455833600
[34m2026-02-26 10:11:45 [debug] result of node                              [39m 
[34m2026-02-26 10:11:45 [debug] run next node (350324455833613)             [39m 
[32m2026-02-26 10:11:45 [info]  execution (350324850098177) run instruction [update] for node (350324455833613)[39m workflowId=350324455833600
[34m2026-02-26 10:11:45 [debug] config of node                              [39m data={"usingAssignFormSchema":true,"assignFormSchema":{"_isJSONSchemaObject":true,"version":"2.0","name":"z36wx6jbrw9","type":"void","x-component":"Grid","x-initializer":"assignFieldValuesForm:configureFields","properties":{"i1v4kp5ixw1":{"_isJSONSchemaObject":true,"version":"2.0","type":"void","x-component":"Grid.Row","properties":{"m57in1bxqre":{"_isJSONSchemaObject":true,"version":"2.0","type":"void","x-component":"Grid.Col","properties":{"level_1_count":{"_isJSONSchemaObject":true,"version":"2.0","type":"string","name":"level_1_count","x-toolbar":"FormItemSchemaToolbar","x-settings":"fieldSettings:FormItem","x-component":"AssignedField","x-decorator":"FormItem","x-collection-field":"module_summaries.level_1_count"}},"name":"m57in1bxqre"}},"name":"i1v4kp5ixw1"},"28tkyaas4rv":{"_isJSONSchemaObject":true,"version":"2.0","type":"void","x-component":"Grid.Row","properties":{"aubadkxorcs":{"_isJSONSchemaObject":true,"version":"2.0","type":"void","x-component":"Grid.Col","properties":{"level_1_fixed":{"_isJSONSchemaObject":true,"version":"2.0","type":"string","name":"level_1_fixed","x-toolbar":"FormItemSchemaToolbar","x-settings":"fieldSettings:FormItem","x-component":"AssignedField","x-decorator":"FormItem","x-collection-field":"module_summaries.level_1_fixed"}},"name":"aubadkxorcs"}},"name":"28tkyaas4rv"},"87dzfrypjv5":{"_isJSONSchemaObject":true,"version":"2.0","type":"void","x-component":"Grid.Row","properties":{"00u2e0hze8y":{"_isJSONSchemaObject":true,"version":"2.0","type":"void","x-component":"Grid.Col","properties":{"level_2_count":{"_isJSONSchemaObject":true,"version":"2.0","type":"string","name":"level_2_count","x-toolbar":"FormItemSchemaToolbar","x-settings":"fieldSettings:FormItem","x-component":"AssignedField","x-decorator":"FormItem","x-collection-field":"module_summaries.level_2_count"}},"name":"00u2e0hze8y"}},"name":"87dzfrypjv5"},"sr9fb2g83wa":{"_isJSONSchemaObject":true,"version":"2.0","type":"void","x-component":"Grid.Row","properties":{"mctr2nubczg":{"_isJSONSchemaObject":true,"version":"2.0","type":"void","x-component":"Grid.Col","properties":{"level_2_fixed":{"_isJSONSchemaObject":true,"version":"2.0","type":"string","name":"level_2_fixed","x-toolbar":"FormItemSchemaToolbar","x-settings":"fieldSettings:FormItem","x-component":"AssignedField","x-decorator":"FormItem","x-collection-field":"module_summaries.level_2_fixed"}},"name":"mctr2nubczg"}},"name":"sr9fb2g83wa"},"robhdmi5xfc":{"_isJSONSchemaObject":true,"version":"2.0","type":"void","x-component":"Grid.Row","properties":{"d7pyy4ts79k":{"_isJSONSchemaObject":true,"version":"2.0","type":"void","x-component":"Grid.Col","properties":{"level_3_count":{"_isJSONSchemaObject":true,"version":"2.0","type":"string","name":"level_3_count","x-toolbar":"FormItemSchemaToolbar","x-settings":"fieldSettings:FormItem","x-component":"AssignedField","x-decorator":"FormItem","x-collection-field":"module_summaries.level_3_count"}},"name":"d7pyy4ts79k"}},"name":"robhdmi5xfc"},"9ykwa93dd5w":{"_isJSONSchemaObject":true,"version":"2.0","type":"void","x-component":"Grid.Row","properties":{"0nkrxq50w1f":{"_isJSONSchemaObject":true,"version":"2.0","type":"void","x-component":"Grid.Col","properties":{"level_3_fixed":{"_isJSONSchemaObject":true,"version":"2.0","type":"string","name":"level_3_fixed","x-toolbar":"FormItemSchemaToolbar","x-settings":"fieldSettings:FormItem","x-component":"AssignedField","x-decorator":"FormItem","x-collection-field":"module_summaries.level_3_fixed"}},"name":"0nkrxq50w1f"}},"name":"9ykwa93dd5w"},"m2wrz7jm9vz":{"_isJSONSchemaObject":true,"version":"2.0","type":"void","x-component":"Grid.Row","properties":{"hfp2a2oyka1":{"_isJSONSchemaObject":true,"version":"2.0","type":"void","x-component":"Grid.Col","properties":{"level_1_rollback":{"_isJSONSchemaObject":true,"version":"2.0","type":"string","name":"level_1_rollback","x-toolbar":"FormItemSchemaToolbar","x-settings":"fieldSettings:FormItem","x-component":"AssignedField","x-decorator":"FormItem","x-collection-field":"module_summaries.level_1_rollback"}},"name":"hfp2a2oyka1"}},"name":"m2wrz7jm9vz"},"llra5xvheol":{"_isJSONSchemaObject":true,"version":"2.0","type":"void","x-component":"Grid.Row","properties":{"hxtzevu58gt":{"_isJSONSchemaObject":true,"version":"2.0","type":"void","x-component":"Grid.Col","properties":{"level_1_hang":{"_isJSONSchemaObject":true,"version":"2.0","type":"string","name":"level_1_hang","x-toolbar":"FormItemSchemaToolbar","x-settings":"fieldSettings:FormItem","x-component":"AssignedField","x-decorator":"FormItem","x-collection-field":"module_summaries.level_1_hang"}},"name":"hxtzevu58gt"}},"name":"llra5xvheol"},"55xmmpvuyqt":{"_isJSONSchemaObject":true,"version":"2.0","type":"void","x-component":"Grid.Row","properties":{"6khukz0hpsa":{"_isJSONSchemaObject":true,"version":"2.0","type":"void","x-component":"Grid.Col","properties":{"level_1_other":{"_isJSONSchemaObject":true,"version":"2.0","type":"string","name":"level_1_other","x-toolbar":"FormItemSchemaToolbar","x-settings":"fieldSettings:FormItem","x-component":"AssignedField","x-decorator":"FormItem","x-collection-field":"module_summaries.level_1_other"}},"name":"6khukz0hpsa"}},"name":"55xmmpvuyqt"},"rsmtss1h01p":{"_isJSONSchemaObject":true,"version":"2.0","type":"void","x-component":"Grid.Row","properties":{"cpv1idb5asq":{"_isJSONSchemaObject":true,"version":"2.0","type":"void","x-component":"Grid.Col","properties":{"p1_total":{"_isJSONSchemaObject":true,"version":"2.0","type":"string","name":"p1_total","x-toolbar":"FormItemSchemaToolbar","x-settings":"fieldSettings:FormItem","x-component":"AssignedField","x-decorator":"FormItem","x-collection-field":"module_summaries.p1_total"}},"name":"cpv1idb5asq"}},"name":"rsmtss1h01p"},"7qkvh5xh818":{"_isJSONSchemaObject":true,"version":"2.0","type":"void","x-component":"Grid.Row","properties":{"6nw4mwneztc":{"_isJSONSchemaObject":true,"version":"2.0","type":"void","x-component":"Grid.Col","properties":{"p1_fixed":{"_isJSONSchemaObject":true,"version":"2.0","type":"string","name":"p1_fixed","x-toolbar":"FormItemSchemaToolbar","x-settings":"fieldSettings:FormItem","x-component":"AssignedField","x-decorator":"FormItem","x-collection-field":"module_summaries.p1_fixed"}},"name":"6nw4mwneztc"}},"name":"7qkvh5xh818"},"b58wgiucl7e":{"_isJSONSchemaObject":true,"version":"2.0","type":"void","x-component":"Grid.Row","properties":{"zj0a2jvc6z9":{"_isJSONSchemaObject":true,"version":"2.0","type":"void","x-component":"Grid.Col","properties":{"p2_total":{"_isJSONSchemaObject":true,"version":"2.0","type":"string","name":"p2_total","x-toolbar":"FormItemSchemaToolbar","x-settings":"fieldSettings:FormItem","x-component":"AssignedField","x-decorator":"FormItem","x-collection-field":"module_summaries.p2_total"}},"name":"zj0a2jvc6z9"}},"name":"b58wgiucl7e"},"nro02cwc7bk":{"_isJSONSchemaObject":true,"version":"2.0","type":"void","x-component":"Grid.Row","properties":{"1ux17z77emh":{"_isJSONSchemaObject":true,"version":"2.0","type":"void","x-component":"Grid.Col","properties":{"p2_fixed":{"_isJSONSchemaObject":true,"version":"2.0","type":"string","name":"p2_fixed","x-toolbar":"FormItemSchemaToolbar","x-settings":"fieldSettings:FormItem","x-component":"AssignedField","x-decorator":"FormItem","x-collection-field":"module_summaries.p2_fixed"}},"name":"1ux17z77emh"}},"name":"nro02cwc7bk"},"a8dmvlrnvb7":{"_isJSONSchemaObject":true,"version":"2.0","type":"void","x-component":"Grid.Row","properties":{"vlqd92jptvw":{"_isJSONSchemaObject":true,"version":"2.0","type":"void","x-component":"Grid.Col","properties":{"p3_total":{"_isJSONSchemaObject":true,"version":"2.0","type":"string","name":"p3_total","x-toolbar":"FormItemSchemaToolbar","x-settings":"fieldSettings:FormItem","x-component":"AssignedField","x-decorator":"FormItem","x-collection-field":"module_summaries.p3_total"}},"name":"vlqd92jptvw"}},"name":"a8dmvlrnvb7"},"pe6kuknysf3":{"_isJSONSchemaObject":true,"version":"2.0","type":"void","x-component":"Grid.Row","properties":{"5oyb34njzsh":{"_isJSONSchemaObject":true,"version":"2.0","type":"void","x-component":"Grid.Col","properties":{"p3_fixed":{"_isJSONSchemaObject":true,"version":"2.0","type":"string","name":"p3_fixed","x-toolbar":"FormItemSchemaToolbar","x-settings":"fieldSettings:FormItem","x-component":"AssignedField","x-decorator":"FormItem","x-collection-field":"module_summaries.p3_fixed"}},"name":"5oyb34njzsh"}},"name":"pe6kuknysf3"}}},"collection":"module_summaries","params":{"individualHooks":false,"filter":{"$and":[{"id":{"$eq":"{{$context.data.module}}"}}]},"values":{"level_1_count":"{{$jobsMapByNodeKey.h14qw1067vw}}","level_1_fixed":"{{$jobsMapByNodeKey.cvcey3i9obe}}","level_2_count":"{{$jobsMapByNodeKey.52k6055vnrg}}","level_2_fixed":"{{$jobsMapByNodeKey.1fpxh7sjq4k}}","level_3_count":"{{$jobsMapByNodeKey.t5m287ao4ea}}","level_3_fixed":"{{$jobsMapByNodeKey.je6ex9hwdlz}}","level_1_rollback":"{{$jobsMapByNodeKey.9euqanxv5ca}}","level_1_hang":"{{$jobsMapByNodeKey.cjybahnz5qh}}","level_1_other":"{{$jobsMapByNodeKey.4lo6zk22j0o}}","p1_total":"{{$jobsMapByNodeKey.m7boio3foa4}}","p1_fixed":"{{$jobsMapByNodeKey.ctxa7y3htwk}}","p2_total":"{{$jobsMapByNodeKey.n5qz0yvi8a8}}","p2_fixed":"{{$jobsMapByNodeKey.m5m10pctczr}}","p3_total":"{{$jobsMapByNodeKey.86wyre6po8b}}","p3_fixed":"{{$jobsMapByNodeKey.4tftrde6ftb}}"}}} workflowId=350324455833600
[34m2026-02-26 10:11:45 [debug] job added to save list: {"result":1,"status":1,"nodeId":350324455833613,"nodeKey":"iz8nj3ykg09","id":"7240009904061440","createdAt":"2026-02-26T02:11:45.777Z","updatedAt":"2026-02-26T02:11:45.777Z","executionId":350324850098177}[39m workflowId=350324455833600
[32m2026-02-26 10:11:45 [info]  execution (350324850098177) run instruction [update] for node (350324455833613) finished as status: 1[39m workflowId=350324455833600
[34m2026-02-26 10:11:45 [debug] result of node                              [39m data=1
[34m2026-02-26 10:11:45 [debug] run next node (350324583759872)             [39m 
[32m2026-02-26 10:11:45 [info]  execution (350324850098177) run instruction [update] for node (350324583759872)[39m workflowId=350324455833600
[34m2026-02-26 10:11:45 [debug] config of node                              [39m data={"usingAssignFormSchema":true,"assignFormSchema":{},"collection":"collection_quality","params":{"individualHooks":false,"filter":{"$and":[{"id":{"$eq":"{{$context.data.f_jmazop48q5l}}"}}]},"values":{}}} workflowId=350324455833600
[34m2026-02-26 10:11:45 [debug] job added to save list: {"result":0,"status":1,"nodeId":350324583759872,"nodeKey":"ajshkiizxov","id":"7240009971170304","createdAt":"2026-02-26T02:11:45.793Z","updatedAt":"2026-02-26T02:11:45.793Z","executionId":350324850098177}[39m workflowId=350324455833600
[32m2026-02-26 10:11:45 [info]  execution (350324850098177) run instruction [update] for node (350324583759872) finished as status: 1[39m workflowId=350324455833600
[34m2026-02-26 10:11:45 [debug] result of node                              [39m 
[34m2026-02-26 10:11:45 [debug] branch ended at node (350324583759872)      [39m 
[32m2026-02-26 10:11:45 [info]  execution (350324850098177) exiting with status 1[39m workflowId=350324455833600
[32m2026-02-26 10:11:45 [info]  execution (350324850098177) finished with status: 1[39m 
[34m2026-02-26 10:11:45 [debug] execution (350324850098177) details:        [39m execution={"createdAt":"2026-02-26T02:11:45.612Z","id":350324850098177,"updatedAt":"2026-02-26T02:11:45.804Z","key":"d84oa0vfmtd","eventKey":"6c7340a1-b021-4aff-b80b-c49a45475191","context":{"data":{"createdAt":"2026-02-26T01:46:02.717Z","updatedAt":"2026-02-26T01:46:02.724Z","defect":"图纸显示不全","defect_rank":"level1","priority":"P1","id":350321614192640,"f_jmazop48q5l":350321463197696,"createdById":1,"updatedById":1,"defect_classification":"历史遗留","module":350321459003392,"label":["历史遗留","已修复"],"defect_status":"已修复"}},"status":1,"dispatched":true,"stack":null,"output":null,"manually":null,"workflowId":350324455833600}
[32m2026-02-26 10:11:45 [info]  execution (350324850098178) fetched from db [39m 
[32m2026-02-26 10:11:45 [info]  execution (350324850098178) starting...     [39m 
[32m2026-02-26 10:11:45 [info]  execution (350324850098178) run instruction [aggregate] for node (350324455833619)[39m workflowId=350324455833600
[34m2026-02-26 10:11:45 [debug] config of node                              [39m data={"aggregator":"count","associated":false,"params":{"field":"id","filter":{"$and":[{"defect_rank":{"$eq":"level1"}},{"label":{"$noneOf":["功能屏蔽","已拒绝","建议"]}},{"module":{"$eq":"{{$context.data.module}}"}}]}},"precision":2,"collection":"defects"} workflowId=350324455833600
[34m2026-02-26 10:11:45 [debug] job added to save list: {"result":0,"status":1,"nodeId":350324455833619,"nodeKey":"h14qw1067vw","id":"7240010180885504","createdAt":"2026-02-26T02:11:45.843Z","updatedAt":"2026-02-26T02:11:45.843Z","executionId":350324850098178}[39m workflowId=350324455833600
[32m2026-02-26 10:11:45 [info]  execution (350324850098178) run instruction [aggregate] for node (350324455833619) finished as status: 1[39m workflowId=350324455833600
[34m2026-02-26 10:11:45 [debug] result of node                              [39m 
[34m2026-02-26 10:11:45 [debug] run next node (350324455833606)             [39m 
[32m2026-02-26 10:11:45 [info]  execution (350324850098178) run instruction [aggregate] for node (350324455833606)[39m workflowId=350324455833600
[34m2026-02-26 10:11:45 [debug] config of node                              [39m data={"aggregator":"count","associated":false,"params":{"field":"id","filter":{"$and":[{"defect_rank":{"$eq":"level1"}},{"label":{"$noneOf":["功能屏蔽","已拒绝","建议"]}},{"$or":[{"label":{"$anyOf":["已修复","待合并"]}},{"$and":[{"label":{"$anyOf":["未复现"]}},{"defect_status":{"$eq":"已关闭"}}]}]},{"module":{"$eq":"{{$context.data.module}}"}}]}},"precision":2,"collection":"defects"} workflowId=350324455833600
[34m2026-02-26 10:11:45 [debug] job added to save list: {"result":0,"status":1,"nodeId":350324455833606,"nodeKey":"cvcey3i9obe","id":"7240010273160192","createdAt":"2026-02-26T02:11:45.865Z","updatedAt":"2026-02-26T02:11:45.865Z","executionId":350324850098178}[39m workflowId=350324455833600
[32m2026-02-26 10:11:45 [info]  execution (350324850098178) run instruction [aggregate] for node (350324455833606) finished as status: 1[39m workflowId=350324455833600
[34m2026-02-26 10:11:45 [debug] result of node                              [39m 
[34m2026-02-26 10:11:45 [debug] run next node (350324455833608)             [39m 
[32m2026-02-26 10:11:45 [info]  execution (350324850098178) run instruction [aggregate] for node (350324455833608)[39m workflowId=350324455833600
[34m2026-02-26 10:11:45 [debug] config of node                              [39m data={"aggregator":"count","associated":false,"params":{"field":"id","filter":{"$and":[{"defect_rank":{"$eq":"level1"}},{"module":{"$eq":"{{$context.data.module}}"}},{"$or":[{"defect":{"$includes":"退"}},{"defect":{"$includes":"回退"}},{"defect":{"$includes":"倒退"}}]}]}},"precision":2,"collection":"defects"} workflowId=350324455833600
[34m2026-02-26 10:11:45 [debug] job added to save list: {"result":0,"status":1,"nodeId":350324455833608,"nodeKey":"9euqanxv5ca","id":"7240010298326016","createdAt":"2026-02-26T02:11:45.871Z","updatedAt":"2026-02-26T02:11:45.871Z","executionId":350324850098178}[39m workflowId=350324455833600
[32m2026-02-26 10:11:45 [info]  execution (350324850098178) run instruction [aggregate] for node (350324455833608) finished as status: 1[39m workflowId=350324455833600
[34m2026-02-26 10:11:45 [debug] result of node                              [39m 
[34m2026-02-26 10:11:45 [debug] run next node (350324455833607)             [39m 
[32m2026-02-26 10:11:45 [info]  execution (350324850098178) run instruction [aggregate] for node (350324455833607)[39m workflowId=350324455833600
[34m2026-02-26 10:11:45 [debug] config of node                              [39m data={"aggregator":"count","associated":false,"params":{"field":"id","filter":{"$and":[{"defect_rank":{"$eq":"level1"}},{"module":{"$eq":"{{$context.data.module}}"}},{"$or":[{"defect":{"$includes":"挂机"}}]}]}},"precision":2,"collection":"defects"} workflowId=350324455833600
[34m2026-02-26 10:11:45 [debug] job added to save list: {"result":0,"status":1,"nodeId":350324455833607,"nodeKey":"cjybahnz5qh","id":"7240010310908928","createdAt":"2026-02-26T02:11:45.874Z","updatedAt":"2026-02-26T02:11:45.874Z","executionId":350324850098178}[39m workflowId=350324455833600
[32m2026-02-26 10:11:45 [info]  execution (350324850098178) run instruction [aggregate] for node (350324455833607) finished as status: 1[39m workflowId=350324455833600
[34m2026-02-26 10:11:45 [debug] result of node                              [39m 
[34m2026-02-26 10:11:45 [debug] run next node (350324455833617)             [39m 
[32m2026-02-26 10:11:45 [info]  execution (350324850098178) run instruction [aggregate] for node (350324455833617)[39m workflowId=350324455833600
[34m2026-02-26 10:11:45 [debug] config of node                              [39m data={"aggregator":"count","associated":false,"params":{"field":"id","filter":{"$and":[{"defect_rank":{"$eq":"level1"}},{"defect":{"$notIncludes":"退"}},{"defect":{"$notIncludes":"回退"}},{"defect":{"$notIncludes":"倒退"}},{"defect":{"$notIncludes":"挂机"}},{"module":{"$eq":"{{$context.data.module}}"}}]}},"precision":2,"collection":"defects"} workflowId=350324455833600
[34m2026-02-26 10:11:45 [debug] job added to save list: {"result":0,"status":1,"nodeId":350324455833617,"nodeKey":"4lo6zk22j0o","id":"7240010323491840","createdAt":"2026-02-26T02:11:45.877Z","updatedAt":"2026-02-26T02:11:45.877Z","executionId":350324850098178}[39m workflowId=350324455833600
[32m2026-02-26 10:11:45 [info]  execution (350324850098178) run instruction [aggregate] for node (350324455833617) finished as status: 1[39m workflowId=350324455833600
[34m2026-02-26 10:11:45 [debug] result of node                              [39m 
[34m2026-02-26 10:11:45 [debug] run next node (350324455833609)             [39m 
[32m2026-02-26 10:11:45 [info]  execution (350324850098178) run instruction [aggregate] for node (350324455833609)[39m workflowId=350324455833600
[34m2026-02-26 10:11:45 [debug] config of node                              [39m data={"aggregator":"count","associated":false,"params":{"field":"id","filter":{"$and":[{"defect_rank":{"$eq":"level2"}},{"label":{"$noneOf":["功能屏蔽","已拒绝","建议"]}},{"module":{"$eq":"{{$context.data.module}}"}}]}},"precision":2,"collection":"defects"} workflowId=350324455833600
[34m2026-02-26 10:11:45 [debug] job added to save list: {"result":0,"status":1,"nodeId":350324455833609,"nodeKey":"52k6055vnrg","id":"7240010331880448","createdAt":"2026-02-26T02:11:45.879Z","updatedAt":"2026-02-26T02:11:45.879Z","executionId":350324850098178}[39m workflowId=350324455833600
[32m2026-02-26 10:11:45 [info]  execution (350324850098178) run instruction [aggregate] for node (350324455833609) finished as status: 1[39m workflowId=350324455833600
[34m2026-02-26 10:11:45 [debug] result of node                              [39m 
[34m2026-02-26 10:11:45 [debug] run next node (350324455833604)             [39m 
[32m2026-02-26 10:11:45 [info]  execution (350324850098178) run instruction [aggregate] for node (350324455833604)[39m workflowId=350324455833600
[34m2026-02-26 10:11:45 [debug] config of node                              [39m data={"aggregator":"count","associated":false,"params":{"field":"id","filter":{"$and":[{"defect_rank":{"$eq":"level2"}},{"label":{"$noneOf":["功能屏蔽","已拒绝","建议"]}},{"$or":[{"label":{"$anyOf":["已修复","待合并"]}},{"$and":[{"label":{"$anyOf":["未复现"]}},{"defect_status":{"$eq":"已关闭"}}]}]},{"module":{"$eq":"{{$context.data.module}}"}}]}},"precision":2,"collection":"defects"} workflowId=350324455833600
[34m2026-02-26 10:11:45 [debug] job added to save list: {"result":0,"status":1,"nodeId":350324455833604,"nodeKey":"1fpxh7sjq4k","id":"7240010352851968","createdAt":"2026-02-26T02:11:45.884Z","updatedAt":"2026-02-26T02:11:45.884Z","executionId":350324850098178}[39m workflowId=350324455833600
[32m2026-02-26 10:11:45 [info]  execution (350324850098178) run instruction [aggregate] for node (350324455833604) finished as status: 1[39m workflowId=350324455833600
[34m2026-02-26 10:11:45 [debug] result of node                              [39m 
[34m2026-02-26 10:11:45 [debug] run next node (350324455833605)             [39m 
[32m2026-02-26 10:11:45 [info]  execution (350324850098178) run instruction [aggregate] for node (350324455833605)[39m workflowId=350324455833600
[34m2026-02-26 10:11:45 [debug] config of node                              [39m data={"aggregator":"count","associated":false,"params":{"field":"id","filter":{"$and":[{"defect_rank":{"$eq":"level3"}},{"label":{"$noneOf":["功能屏蔽","已拒绝","建议"]}},{"module":{"$eq":"{{$context.data.module}}"}}]}},"precision":2,"collection":"defects"} workflowId=350324455833600
[34m2026-02-26 10:11:45 [debug] job added to save list: {"result":0,"status":1,"nodeId":350324455833605,"nodeKey":"t5m287ao4ea","id":"7240010373823488","createdAt":"2026-02-26T02:11:45.889Z","updatedAt":"2026-02-26T02:11:45.889Z","executionId":350324850098178}[39m workflowId=350324455833600
[32m2026-02-26 10:11:45 [info]  execution (350324850098178) run instruction [aggregate] for node (350324455833605) finished as status: 1[39m workflowId=350324455833600
[34m2026-02-26 10:11:45 [debug] result of node                              [39m 
[34m2026-02-26 10:11:45 [debug] run next node (350324455833610)             [39m 
[32m2026-02-26 10:11:45 [info]  execution (350324850098178) run instruction [aggregate] for node (350324455833610)[39m workflowId=350324455833600
[34m2026-02-26 10:11:45 [debug] config of node                              [39m data={"aggregator":"count","associated":false,"params":{"field":"id","filter":{"$and":[{"defect_rank":{"$eq":"level3"}},{"label":{"$noneOf":["功能屏蔽","已拒绝","建议"]}},{"$or":[{"label":{"$anyOf":["待合并","已修复"]}},{"$and":[{"label":{"$anyOf":["未复现"]}},{"defect_status":{"$eq":"已关闭"}}]}]},{"module":{"$eq":"{{$context.data.module}}"}}]}},"precision":2,"collection":"defects"} workflowId=350324455833600
[34m2026-02-26 10:11:45 [debug] job added to save list: {"result":0,"status":1,"nodeId":350324455833610,"nodeKey":"je6ex9hwdlz","id":"7240010390600704","createdAt":"2026-02-26T02:11:45.893Z","updatedAt":"2026-02-26T02:11:45.893Z","executionId":350324850098178}[39m workflowId=350324455833600
[32m2026-02-26 10:11:45 [info]  execution (350324850098178) run instruction [aggregate] for node (350324455833610) finished as status: 1[39m workflowId=350324455833600
[34m2026-02-26 10:11:45 [debug] result of node                              [39m 
[34m2026-02-26 10:11:45 [debug] run next node (350324455833611)             [39m 
[32m2026-02-26 10:11:45 [info]  execution (350324850098178) run instruction [aggregate] for node (350324455833611)[39m workflowId=350324455833600
[34m2026-02-26 10:11:45 [debug] config of node                              [39m data={"aggregator":"count","associated":false,"params":{"field":"id","filter":{"$and":[{"priority":{"$eq":"P1"}},{"module":{"$eq":"{{$context.data.module}}"}}]}},"precision":2,"collection":"defects"} workflowId=350324455833600
[34m2026-02-26 10:11:45 [debug] job added to save list: {"result":0,"status":1,"nodeId":350324455833611,"nodeKey":"m7boio3foa4","id":"7240010398989312","createdAt":"2026-02-26T02:11:45.895Z","updatedAt":"2026-02-26T02:11:45.895Z","executionId":350324850098178}[39m workflowId=350324455833600
[32m2026-02-26 10:11:45 [info]  execution (350324850098178) run instruction [aggregate] for node (350324455833611) finished as status: 1[39m workflowId=350324455833600
[34m2026-02-26 10:11:45 [debug] result of node                              [39m 
[34m2026-02-26 10:11:45 [debug] run next node (350324455833614)             [39m 
[32m2026-02-26 10:11:45 [info]  execution (350324850098178) run instruction [aggregate] for node (350324455833614)[39m workflowId=350324455833600
[34m2026-02-26 10:11:45 [debug] config of node                              [39m data={"aggregator":"count","associated":false,"params":{"field":"id","filter":{"$and":[{"priority":{"$eq":"P1"}},{"module":{"$eq":"{{$context.data.module}}"}},{"label":{"$noneOf":["功能屏蔽","已拒绝","建议"]}},{"$or":[{"label":{"$anyOf":["待合并","已修复"]}},{"$and":[{"label":{"$anyOf":["未复现"]}},{"defect_status":{"$eq":"已关闭"}}]}]}]}},"precision":2,"collection":"defects"} workflowId=350324455833600
[34m2026-02-26 10:11:45 [debug] job added to save list: {"result":0,"status":1,"nodeId":350324455833614,"nodeKey":"ctxa7y3htwk","id":"7240010411572224","createdAt":"2026-02-26T02:11:45.898Z","updatedAt":"2026-02-26T02:11:45.898Z","executionId":350324850098178}[39m workflowId=350324455833600
[32m2026-02-26 10:11:45 [info]  execution (350324850098178) run instruction [aggregate] for node (350324455833614) finished as status: 1[39m workflowId=350324455833600
[34m2026-02-26 10:11:45 [debug] result of node                              [39m 
[34m2026-02-26 10:11:45 [debug] run next node (350324455833612)             [39m 
[32m2026-02-26 10:11:45 [info]  execution (350324850098178) run instruction [aggregate] for node (350324455833612)[39m workflowId=350324455833600
[34m2026-02-26 10:11:45 [debug] config of node                              [39m data={"aggregator":"count","associated":false,"params":{"field":"id","filter":{"$and":[{"priority":{"$eq":"P2"}},{"module":{"$eq":"{{$context.data.module}}"}}]}},"precision":2,"collection":"defects"} workflowId=350324455833600
[34m2026-02-26 10:11:45 [debug] job added to save list: {"result":0,"status":1,"nodeId":350324455833612,"nodeKey":"n5qz0yvi8a8","id":"7240010445126656","createdAt":"2026-02-26T02:11:45.906Z","updatedAt":"2026-02-26T02:11:45.906Z","executionId":350324850098178}[39m workflowId=350324455833600
[32m2026-02-26 10:11:45 [info]  execution (350324850098178) run instruction [aggregate] for node (350324455833612) finished as status: 1[39m workflowId=350324455833600
[34m2026-02-26 10:11:45 [debug] result of node                              [39m 
[34m2026-02-26 10:11:45 [debug] run next node (350324455833615)             [39m 
[32m2026-02-26 10:11:45 [info]  execution (350324850098178) run instruction [aggregate] for node (350324455833615)[39m workflowId=350324455833600
[34m2026-02-26 10:11:45 [debug] config of node                              [39m data={"aggregator":"count","associated":false,"params":{"field":"id","filter":{"$and":[{"priority":{"$eq":"P2"}},{"label":{"$noneOf":["功能屏蔽","已拒绝","建议"]}},{"module":{"$eq":"{{$context.data.module}}"}},{"$or":[{"label":{"$anyOf":["待合并","已修复"]}},{"$and":[{"label":{"$anyOf":["未复现"]}},{"defect_status":{"$eq":"已关闭"}}]}]}]}},"precision":2,"collection":"defects"} workflowId=350324455833600
[34m2026-02-26 10:11:45 [debug] job added to save list: {"result":0,"status":1,"nodeId":350324455833615,"nodeKey":"m5m10pctczr","id":"7240010453515264","createdAt":"2026-02-26T02:11:45.908Z","updatedAt":"2026-02-26T02:11:45.908Z","executionId":350324850098178}[39m workflowId=350324455833600
[32m2026-02-26 10:11:45 [info]  execution (350324850098178) run instruction [aggregate] for node (350324455833615) finished as status: 1[39m workflowId=350324455833600
[34m2026-02-26 10:11:45 [debug] result of node                              [39m 
[34m2026-02-26 10:11:45 [debug] run next node (350324455833601)             [39m 
[32m2026-02-26 10:11:45 [info]  execution (350324850098178) run instruction [aggregate] for node (350324455833601)[39m workflowId=350324455833600
[34m2026-02-26 10:11:45 [debug] config of node                              [39m data={"aggregator":"count","associated":false,"params":{"field":"id","filter":{"$and":[{"priority":{"$eq":"P3"}},{"module":{"$eq":"{{$context.data.module}}"}}]}},"precision":2,"collection":"defects"} workflowId=350324455833600
[34m2026-02-26 10:11:45 [debug] job added to save list: {"result":0,"status":1,"nodeId":350324455833601,"nodeKey":"86wyre6po8b","id":"7240010457709568","createdAt":"2026-02-26T02:11:45.909Z","updatedAt":"2026-02-26T02:11:45.909Z","executionId":350324850098178}[39m workflowId=350324455833600
[32m2026-02-26 10:11:45 [info]  execution (350324850098178) run instruction [aggregate] for node (350324455833601) finished as status: 1[39m workflowId=350324455833600
[34m2026-02-26 10:11:45 [debug] result of node                              [39m 
[34m2026-02-26 10:11:45 [debug] run next node (350324455833602)             [39m 
[32m2026-02-26 10:11:45 [info]  execution (350324850098178) run instruction [aggregate] for node (350324455833602)[39m workflowId=350324455833600
[34m2026-02-26 10:11:45 [debug] config of node                              [39m data={"aggregator":"count","associated":false,"params":{"field":"id","filter":{"$and":[{"priority":{"$eq":"P3"}},{"label":{"$noneOf":["功能屏蔽","已拒绝","建议"]}},{"module":{"$eq":"{{$context.data.module}}"}},{"$or":[{"label":{"$anyOf":["待合并","已修复"]}},{"$and":[{"label":{"$anyOf":["未复现"]}},{"defect_status":{"$eq":"已关闭"}}]}]}]}},"precision":2,"collection":"defects"} workflowId=350324455833600
[34m2026-02-26 10:11:45 [debug] job added to save list: {"result":0,"status":1,"nodeId":350324455833602,"nodeKey":"4tftrde6ftb","id":"7240010466098176","createdAt":"2026-02-26T02:11:45.911Z","updatedAt":"2026-02-26T02:11:45.911Z","executionId":350324850098178}[39m workflowId=350324455833600
[32m2026-02-26 10:11:45 [info]  execution (350324850098178) run instruction [aggregate] for node (350324455833602) finished as status: 1[39m workflowId=350324455833600
[34m2026-02-26 10:11:45 [debug] result of node                              [39m 
[34m2026-02-26 10:11:45 [debug] run next node (350324455833613)             [39m 
[32m2026-02-26 10:11:45 [info]  execution (350324850098178) run instruction [update] for node (350324455833613)[39m workflowId=350324455833600
[34m2026-02-26 10:11:45 [debug] config of node                              [39m data={"usingAssignFormSchema":true,"assignFormSchema":{"_isJSONSchemaObject":true,"version":"2.0","name":"z36wx6jbrw9","type":"void","x-component":"Grid","x-initializer":"assignFieldValuesForm:configureFields","properties":{"i1v4kp5ixw1":{"_isJSONSchemaObject":true,"version":"2.0","type":"void","x-component":"Grid.Row","properties":{"m57in1bxqre":{"_isJSONSchemaObject":true,"version":"2.0","type":"void","x-component":"Grid.Col","properties":{"level_1_count":{"_isJSONSchemaObject":true,"version":"2.0","type":"string","name":"level_1_count","x-toolbar":"FormItemSchemaToolbar","x-settings":"fieldSettings:FormItem","x-component":"AssignedField","x-decorator":"FormItem","x-collection-field":"module_summaries.level_1_count"}},"name":"m57in1bxqre"}},"name":"i1v4kp5ixw1"},"28tkyaas4rv":{"_isJSONSchemaObject":true,"version":"2.0","type":"void","x-component":"Grid.Row","properties":{"aubadkxorcs":{"_isJSONSchemaObject":true,"version":"2.0","type":"void","x-component":"Grid.Col","properties":{"level_1_fixed":{"_isJSONSchemaObject":true,"version":"2.0","type":"string","name":"level_1_fixed","x-toolbar":"FormItemSchemaToolbar","x-settings":"fieldSettings:FormItem","x-component":"AssignedField","x-decorator":"FormItem","x-collection-field":"module_summaries.level_1_fixed"}},"name":"aubadkxorcs"}},"name":"28tkyaas4rv"},"87dzfrypjv5":{"_isJSONSchemaObject":true,"version":"2.0","type":"void","x-component":"Grid.Row","properties":{"00u2e0hze8y":{"_isJSONSchemaObject":true,"version":"2.0","type":"void","x-component":"Grid.Col","properties":{"level_2_count":{"_isJSONSchemaObject":true,"version":"2.0","type":"string","name":"level_2_count","x-toolbar":"FormItemSchemaToolbar","x-settings":"fieldSettings:FormItem","x-component":"AssignedField","x-decorator":"FormItem","x-collection-field":"module_summaries.level_2_count"}},"name":"00u2e0hze8y"}},"name":"87dzfrypjv5"},"sr9fb2g83wa":{"_isJSONSchemaObject":true,"version":"2.0","type":"void","x-component":"Grid.Row","properties":{"mctr2nubczg":{"_isJSONSchemaObject":true,"version":"2.0","type":"void","x-component":"Grid.Col","properties":{"level_2_fixed":{"_isJSONSchemaObject":true,"version":"2.0","type":"string","name":"level_2_fixed","x-toolbar":"FormItemSchemaToolbar","x-settings":"fieldSettings:FormItem","x-component":"AssignedField","x-decorator":"FormItem","x-collection-field":"module_summaries.level_2_fixed"}},"name":"mctr2nubczg"}},"name":"sr9fb2g83wa"},"robhdmi5xfc":{"_isJSONSchemaObject":true,"version":"2.0","type":"void","x-component":"Grid.Row","properties":{"d7pyy4ts79k":{"_isJSONSchemaObject":true,"version":"2.0","type":"void","x-component":"Grid.Col","properties":{"level_3_count":{"_isJSONSchemaObject":true,"version":"2.0","type":"string","name":"level_3_count","x-toolbar":"FormItemSchemaToolbar","x-settings":"fieldSettings:FormItem","x-component":"AssignedField","x-decorator":"FormItem","x-collection-field":"module_summaries.level_3_count"}},"name":"d7pyy4ts79k"}},"name":"robhdmi5xfc"},"9ykwa93dd5w":{"_isJSONSchemaObject":true,"version":"2.0","type":"void","x-component":"Grid.Row","properties":{"0nkrxq50w1f":{"_isJSONSchemaObject":true,"version":"2.0","type":"void","x-component":"Grid.Col","properties":{"level_3_fixed":{"_isJSONSchemaObject":true,"version":"2.0","type":"string","name":"level_3_fixed","x-toolbar":"FormItemSchemaToolbar","x-settings":"fieldSettings:FormItem","x-component":"AssignedField","x-decorator":"FormItem","x-collection-field":"module_summaries.level_3_fixed"}},"name":"0nkrxq50w1f"}},"name":"9ykwa93dd5w"},"m2wrz7jm9vz":{"_isJSONSchemaObject":true,"version":"2.0","type":"void","x-component":"Grid.Row","properties":{"hfp2a2oyka1":{"_isJSONSchemaObject":true,"version":"2.0","type":"void","x-component":"Grid.Col","properties":{"level_1_rollback":{"_isJSONSchemaObject":true,"version":"2.0","type":"string","name":"level_1_rollback","x-toolbar":"FormItemSchemaToolbar","x-settings":"fieldSettings:FormItem","x-component":"AssignedField","x-decorator":"FormItem","x-collection-field":"module_summaries.level_1_rollback"}},"name":"hfp2a2oyka1"}},"name":"m2wrz7jm9vz"},"llra5xvheol":{"_isJSONSchemaObject":true,"version":"2.0","type":"void","x-component":"Grid.Row","properties":{"hxtzevu58gt":{"_isJSONSchemaObject":true,"version":"2.0","type":"void","x-component":"Grid.Col","properties":{"level_1_hang":{"_isJSONSchemaObject":true,"version":"2.0","type":"string","name":"level_1_hang","x-toolbar":"FormItemSchemaToolbar","x-settings":"fieldSettings:FormItem","x-component":"AssignedField","x-decorator":"FormItem","x-collection-field":"module_summaries.level_1_hang"}},"name":"hxtzevu58gt"}},"name":"llra5xvheol"},"55xmmpvuyqt":{"_isJSONSchemaObject":true,"version":"2.0","type":"void","x-component":"Grid.Row","properties":{"6khukz0hpsa":{"_isJSONSchemaObject":true,"version":"2.0","type":"void","x-component":"Grid.Col","properties":{"level_1_other":{"_isJSONSchemaObject":true,"version":"2.0","type":"string","name":"level_1_other","x-toolbar":"FormItemSchemaToolbar","x-settings":"fieldSettings:FormItem","x-component":"AssignedField","x-decorator":"FormItem","x-collection-field":"module_summaries.level_1_other"}},"name":"6khukz0hpsa"}},"name":"55xmmpvuyqt"},"rsmtss1h01p":{"_isJSONSchemaObject":true,"version":"2.0","type":"void","x-component":"Grid.Row","properties":{"cpv1idb5asq":{"_isJSONSchemaObject":true,"version":"2.0","type":"void","x-component":"Grid.Col","properties":{"p1_total":{"_isJSONSchemaObject":true,"version":"2.0","type":"string","name":"p1_total","x-toolbar":"FormItemSchemaToolbar","x-settings":"fieldSettings:FormItem","x-component":"AssignedField","x-decorator":"FormItem","x-collection-field":"module_summaries.p1_total"}},"name":"cpv1idb5asq"}},"name":"rsmtss1h01p"},"7qkvh5xh818":{"_isJSONSchemaObject":true,"version":"2.0","type":"void","x-component":"Grid.Row","properties":{"6nw4mwneztc":{"_isJSONSchemaObject":true,"version":"2.0","type":"void","x-component":"Grid.Col","properties":{"p1_fixed":{"_isJSONSchemaObject":true,"version":"2.0","type":"string","name":"p1_fixed","x-toolbar":"FormItemSchemaToolbar","x-settings":"fieldSettings:FormItem","x-component":"AssignedField","x-decorator":"FormItem","x-collection-field":"module_summaries.p1_fixed"}},"name":"6nw4mwneztc"}},"name":"7qkvh5xh818"},"b58wgiucl7e":{"_isJSONSchemaObject":true,"version":"2.0","type":"void","x-component":"Grid.Row","properties":{"zj0a2jvc6z9":{"_isJSONSchemaObject":true,"version":"2.0","type":"void","x-component":"Grid.Col","properties":{"p2_total":{"_isJSONSchemaObject":true,"version":"2.0","type":"string","name":"p2_total","x-toolbar":"FormItemSchemaToolbar","x-settings":"fieldSettings:FormItem","x-component":"AssignedField","x-decorator":"FormItem","x-collection-field":"module_summaries.p2_total"}},"name":"zj0a2jvc6z9"}},"name":"b58wgiucl7e"},"nro02cwc7bk":{"_isJSONSchemaObject":true,"version":"2.0","type":"void","x-component":"Grid.Row","properties":{"1ux17z77emh":{"_isJSONSchemaObject":true,"version":"2.0","type":"void","x-component":"Grid.Col","properties":{"p2_fixed":{"_isJSONSchemaObject":true,"version":"2.0","type":"string","name":"p2_fixed","x-toolbar":"FormItemSchemaToolbar","x-settings":"fieldSettings:FormItem","x-component":"AssignedField","x-decorator":"FormItem","x-collection-field":"module_summaries.p2_fixed"}},"name":"1ux17z77emh"}},"name":"nro02cwc7bk"},"a8dmvlrnvb7":{"_isJSONSchemaObject":true,"version":"2.0","type":"void","x-component":"Grid.Row","properties":{"vlqd92jptvw":{"_isJSONSchemaObject":true,"version":"2.0","type":"void","x-component":"Grid.Col","properties":{"p3_total":{"_isJSONSchemaObject":true,"version":"2.0","type":"string","name":"p3_total","x-toolbar":"FormItemSchemaToolbar","x-settings":"fieldSettings:FormItem","x-component":"AssignedField","x-decorator":"FormItem","x-collection-field":"module_summaries.p3_total"}},"name":"vlqd92jptvw"}},"name":"a8dmvlrnvb7"},"pe6kuknysf3":{"_isJSONSchemaObject":true,"version":"2.0","type":"void","x-component":"Grid.Row","properties":{"5oyb34njzsh":{"_isJSONSchemaObject":true,"version":"2.0","type":"void","x-component":"Grid.Col","properties":{"p3_fixed":{"_isJSONSchemaObject":true,"version":"2.0","type":"string","name":"p3_fixed","x-toolbar":"FormItemSchemaToolbar","x-settings":"fieldSettings:FormItem","x-component":"AssignedField","x-decorator":"FormItem","x-collection-field":"module_summaries.p3_fixed"}},"name":"5oyb34njzsh"}},"name":"pe6kuknysf3"}}},"collection":"module_summaries","params":{"individualHooks":false,"filter":{"$and":[{"id":{"$eq":"{{$context.data.module}}"}}]},"values":{"level_1_count":"{{$jobsMapByNodeKey.h14qw1067vw}}","level_1_fixed":"{{$jobsMapByNodeKey.cvcey3i9obe}}","level_2_count":"{{$jobsMapByNodeKey.52k6055vnrg}}","level_2_fixed":"{{$jobsMapByNodeKey.1fpxh7sjq4k}}","level_3_count":"{{$jobsMapByNodeKey.t5m287ao4ea}}","level_3_fixed":"{{$jobsMapByNodeKey.je6ex9hwdlz}}","level_1_rollback":"{{$jobsMapByNodeKey.9euqanxv5ca}}","level_1_hang":"{{$jobsMapByNodeKey.cjybahnz5qh}}","level_1_other":"{{$jobsMapByNodeKey.4lo6zk22j0o}}","p1_total":"{{$jobsMapByNodeKey.m7boio3foa4}}","p1_fixed":"{{$jobsMapByNodeKey.ctxa7y3htwk}}","p2_total":"{{$jobsMapByNodeKey.n5qz0yvi8a8}}","p2_fixed":"{{$jobsMapByNodeKey.m5m10pctczr}}","p3_total":"{{$jobsMapByNodeKey.86wyre6po8b}}","p3_fixed":"{{$jobsMapByNodeKey.4tftrde6ftb}}"}}} workflowId=350324455833600
[34m2026-02-26 10:11:45 [debug] job added to save list: {"result":1,"status":1,"nodeId":350324455833613,"nodeKey":"iz8nj3ykg09","id":"7240010487069696","createdAt":"2026-02-26T02:11:45.916Z","updatedAt":"2026-02-26T02:11:45.916Z","executionId":350324850098178}[39m workflowId=350324455833600
[32m2026-02-26 10:11:45 [info]  execution (350324850098178) run instruction [update] for node (350324455833613) finished as status: 1[39m workflowId=350324455833600
[34m2026-02-26 10:11:45 [debug] result of node                              [39m data=1
[34m2026-02-26 10:11:45 [debug] run next node (350324583759872)             [39m 
[32m2026-02-26 10:11:45 [info]  execution (350324850098178) run instruction [update] for node (350324583759872)[39m workflowId=350324455833600
[34m2026-02-26 10:11:45 [debug] config of node                              [39m data={"usingAssignFormSchema":true,"assignFormSchema":{},"collection":"collection_quality","params":{"individualHooks":false,"filter":{"$and":[{"id":{"$eq":"{{$context.data.f_jmazop48q5l}}"}}]},"values":{}}} workflowId=350324455833600
[34m2026-02-26 10:11:45 [debug] job added to save list: {"result":0,"status":1,"nodeId":350324583759872,"nodeKey":"ajshkiizxov","id":"7240010503846912","createdAt":"2026-02-26T02:11:45.920Z","updatedAt":"2026-02-26T02:11:45.920Z","executionId":350324850098178}[39m workflowId=350324455833600
[32m2026-02-26 10:11:45 [info]  execution (350324850098178) run instruction [update] for node (350324583759872) finished as status: 1[39m workflowId=350324455833600
[34m2026-02-26 10:11:45 [debug] result of node                              [39m 
[34m2026-02-26 10:11:45 [debug] branch ended at node (350324583759872)      [39m 
[32m2026-02-26 10:11:45 [info]  execution (350324850098178) exiting with status 1[39m workflowId=350324455833600
[32m2026-02-26 10:11:45 [info]  execution (350324850098178) finished with status: 1[39m 
[34m2026-02-26 10:11:45 [debug] execution (350324850098178) details:        [39m execution={"createdAt":"2026-02-26T02:11:45.617Z","id":350324850098178,"updatedAt":"2026-02-26T02:11:45.923Z","key":"d84oa0vfmtd","eventKey":"5d1e1bdf-3121-472e-825f-b156ef6142ce","context":{"data":{"createdAt":"2026-02-26T01:45:10.865Z","updatedAt":"2026-02-26T01:45:10.873Z","defect":"核心算法模块代码回退导致崩溃","defect_rank":"level1","priority":"P1","id":350321505140736,"f_jmazop48q5l":350321463197696,"createdById":1,"updatedById":1,"defect_classification":"网退","module":350321459003392,"label":["已修复"],"defect_status":"已修复"}},"status":1,"dispatched":true,"stack":null,"output":null,"manually":null,"workflowId":350324455833600}
[32m2026-02-26 10:13:25 [info]  toggle OFF workflow 350324455833600         [39m workflowId=350324455833600
[32m2026-02-26 10:13:25 [info]  toggle OFF workflow 350324455833600         [39m workflowId=350324455833600
