[32m2026-03-16 16:26:56 [info]  toggle ON workflow 353633522614272          [39m workflowId=353633522614272
[32m2026-03-16 16:27:34 [info]  new event triggered, now events: 3          [39m 
[34m2026-03-16 16:27:34 [debug] event data:                                 [39m context={"data":{"createdAt":"2026-03-16T08:27:34.282Z","updatedAt":"2026-03-16T08:27:34.302Z","f_0ipjqjhd3dt":456,"f_jmazop48q5l":353633581334528,"level_1_cause":null,"defect_classification":"其他","defect_status":"已关闭","level_2_cause":null,"defect":"测试模块缺失数据","defect_rank":"level1","priority":"P1","id":353633629569024,"discovery_stage":"独立评审","specific_reason":null,"module":null,"repair_plan":null,"test_stage":null,"label":["已修复","已关闭"],"round":"CC2026R2回归测试","issue_id":null,"assignee":null,"feature_name":null,"issue_state":null,"repair_status":null,"gitlab_url":null,"createdById":1,"updatedById":1,"__tableName":"defects","__schemaName":"public","review_ref":{"createdAt":"2026-03-12T02:54:53.337Z","updatedAt":"2026-03-16T07:54:54.815Z","module_id":null,"eff_issue_hour":0,"id":456,"eff_page_hour":0.36,"round":"CC2026R2回归测试","workload_indep":8,"page_count":5,"workload_joint":6,"total_issues":0,"eff_indep_issues":0,"eff_meet_issues":0,"review_density":0,"is_standard":"是","review_hours":null,"fail_reason":null,"createdById":1,"updatedById":1},"__collection":"defects"}}
[32m2026-03-16 16:27:34 [info]  new event is pending to be prepared after previous preparation is finished[39m 
[32m2026-03-16 16:27:34 [info]  preparing execution for event               [39m 
[32m2026-03-16 16:27:34 [info]  execution of workflow 353633522614272 created as 353633629569027[39m 
[32m2026-03-16 16:27:34 [info]  instance is not serving as worker or local pending list is not empty, sending execution (353633629569027) to queue[39m 
[32m2026-03-16 16:27:34 [info]  execution (353633629569027) fetched from db [39m 
[32m2026-03-16 16:27:34 [info]  execution (353633629569027) starting...     [39m 
[32m2026-03-16 16:27:34 [info]  execution (353633629569027) run instruction [sql] for node (353633522614273)[39m workflowId=353633522614272
[34m2026-03-16 16:27:34 [debug] config of node                              [39m data={"dataSource":"main","sql":"/* 1. 清理汇总表旧数据 */\nDELETE FROM \"defects_reason\" \nWHERE \"review_id\" = {{ $context.data.id }};\n\n/* 2. 重新统计并插入 */\nINSERT INTO \"defects_reason\" (\n    \"review_id\",\n    \"module_id\",\n    \"count_requirement\", \n    \"count_design\", \n    \"count_coding\", \n    \"count_package\", \n    \"count_dependency\"\n)\nSELECT \n    '{{ $context.data.id }}'::bigint,\n    t1.\"module\",                       -- 根据之前提示，明细表外键为 module\n    SUM(CASE WHEN t1.\"level_1_cause\" = '需求问题' THEN 1 ELSE 0 END),\n    SUM(CASE WHEN t1.\"level_1_cause\" = '设计问题' THEN 1 ELSE 0 END),\n    SUM(CASE WHEN t1.\"level_1_cause\" = '编码规范' THEN 1 ELSE 0 END),\n    SUM(CASE WHEN t1.\"level_1_cause\" = '打包问题' THEN 1 ELSE 0 END),\n    SUM(CASE WHEN t1.\"level_1_cause\" = '依赖问题' THEN 1 ELSE 0 END)\nFROM \"defects\" AS t1\nWHERE t1.\"f_0ipjqjhd3dt\" = {{ $context.data.id }} -- 👈 使用截图中的真实外键名\nGROUP BY t1.\"module\";"} workflowId=353633522614272
[34m2026-03-16 16:27:34 [debug] job added to save list: {"result":[],"status":1,"nodeId":353633522614273,"nodeKey":"if7j7gptm8l","id":"13857567772015616","createdAt":"2026-03-16T08:27:34.521Z","updatedAt":"2026-03-16T08:27:34.521Z","executionId":353633629569027}[39m workflowId=353633522614272
[32m2026-03-16 16:27:34 [info]  execution (353633629569027) run instruction [sql] for node (353633522614273) finished as status: 1[39m workflowId=353633522614272
[34m2026-03-16 16:27:34 [debug] result of node                              [39m 
[34m2026-03-16 16:27:34 [debug] branch ended at node (353633522614273)      [39m 
[32m2026-03-16 16:27:34 [info]  execution (353633629569027) exiting with status 1[39m workflowId=353633522614272
[32m2026-03-16 16:27:34 [info]  execution (353633629569027) finished with status: 1[39m 
[34m2026-03-16 16:27:34 [debug] execution (353633629569027) details:        [39m execution={"createdAt":"2026-03-16T08:27:34.334Z","id":353633629569027,"updatedAt":"2026-03-16T08:27:34.526Z","key":"8way4v31o8w","eventKey":"b3d3b168-d615-4902-8caa-a1713b693e33","context":{"data":{"createdAt":"2026-03-16T08:27:34.282Z","updatedAt":"2026-03-16T08:27:34.302Z","f_0ipjqjhd3dt":456,"f_jmazop48q5l":353633581334528,"level_1_cause":null,"defect_classification":"其他","defect_status":"已关闭","level_2_cause":null,"defect":"测试模块缺失数据","defect_rank":"level1","priority":"P1","id":353633629569024,"discovery_stage":"独立评审","specific_reason":null,"module":null,"repair_plan":null,"test_stage":null,"label":["已修复","已关闭"],"round":"CC2026R2回归测试","issue_id":null,"assignee":null,"feature_name":null,"issue_state":null,"repair_status":null,"gitlab_url":null,"createdById":1,"updatedById":1,"__tableName":"defects","__schemaName":"public","review_ref":{"createdAt":"2026-03-12T02:54:53.337Z","updatedAt":"2026-03-16T07:54:54.815Z","module_id":null,"eff_issue_hour":0,"id":456,"eff_page_hour":0.36,"round":"CC2026R2回归测试","workload_indep":8,"page_count":5,"workload_joint":6,"total_issues":0,"eff_indep_issues":0,"eff_meet_issues":0,"review_density":0,"is_standard":"是","review_hours":null,"fail_reason":null,"createdById":1,"updatedById":1},"__collection":"defects"}},"status":1,"dispatched":true,"stack":null,"output":null,"manually":null,"workflowId":353633522614272}
[32m2026-03-16 16:29:08 [info]  toggle OFF workflow 353633522614272         [39m workflowId=353633522614272
[32m2026-03-16 16:29:08 [info]  toggle OFF workflow 353633522614272         [39m workflowId=353633522614272
[32m2026-03-16 17:03:32 [info]  toggle OFF workflow 353633522614272         [39m workflowId=353633522614272
