[32m2026-02-27 11:38:56 [info]  toggle OFF workflow 350516675149824         [39m workflowId=350516675149824
[32m2026-02-27 11:39:00 [info]  toggle ON workflow 350516675149824          [39m workflowId=350516675149824
[32m2026-02-27 11:39:35 [info]  new event triggered, now events: 1          [39m 
[34m2026-02-27 11:39:35 [debug] event data:                                 [39m context={"data":{"createdAt":"2026-02-27T03:39:35.623Z","updatedAt":"2026-02-27T03:39:35.626Z","defect_classification":"其他","defect":"图纸显示不全","defect_rank":"level1","priority":"P1","id":350517094580224,"defect_status":"已关闭","module":null,"f_jmazop48q5l":350517061025792,"label":["已修复"],"createdById":1,"updatedById":1,"parent_summary":{"createdAt":"2026-02-27T03:39:19.437Z","updatedAt":"2026-02-27T03:39:19.440Z","owner_id":"nocobase","id":350517061025792,"total_count":null,"tested_count":null,"defect_count":null,"fixed_count":null,"pending_count":null,"loc":null,"kloc":0,"testing_rate":null,"fix_rate":null,"pending_rate":null,"defect_density":null,"total_defect":null,"module_type":"缺陷汇总","createdById":1,"updatedById":1},"module_ref":[{"createdAt":"2026-02-27T03:39:14.148Z","updatedAt":"2026-02-27T03:39:14.148Z","id":350517050540032,"module_name":"工程图","level_1_count":"0","level_2_count":null,"level_3_count":null,"level_1_fixed":null,"level_2_fixed":null,"level_3_fixed":null,"p1_total":null,"p1_fixed":null,"p2_total":null,"p2_fixed":null,"p3_total":null,"p3_fixed":null,"total_closed":null,"total_delayed":null,"level_1_rollback":null,"level_1_hang":null,"level_1_other":null,"p1_closed":null,"open_count":null,"retest_failed_count":null,"module_total":null,"suggested_count":null,"p2_fixed_rate":null,"p3_fixed_rate":null,"p1_fixed_rate":null,"level_2_fixed_rate":null,"total_fixed":null,"fixed_unupdated":null,"level_3_fixed_rate":null,"level_1_fixed_rate":null,"p1_close_rate":null,"new_issue_total":null,"new_issue_fixed":null,"total_fixed_rate":null,"total_close_rate":null,"createdById":1,"updatedById":1,"t_5yxbbcczpos":{"createdAt":"2026-02-27T03:39:35.628Z","updatedAt":"2026-02-27T03:39:35.628Z","module_id":350517050540032,"defect_id":350517094580224}},{"createdAt":"2026-02-27T03:39:17.107Z","updatedAt":"2026-02-27T03:39:17.107Z","id":350517056831488,"module_name":"草图","level_1_count":"0","level_2_count":null,"level_3_count":null,"level_1_fixed":null,"level_2_fixed":null,"level_3_fixed":null,"p1_total":null,"p1_fixed":null,"p2_total":null,"p2_fixed":null,"p3_total":null,"p3_fixed":null,"total_closed":null,"total_delayed":null,"level_1_rollback":null,"level_1_hang":null,"level_1_other":null,"p1_closed":null,"open_count":null,"retest_failed_count":null,"module_total":null,"suggested_count":null,"p2_fixed_rate":null,"p3_fixed_rate":null,"p1_fixed_rate":null,"level_2_fixed_rate":null,"total_fixed":null,"fixed_unupdated":null,"level_3_fixed_rate":null,"level_1_fixed_rate":null,"p1_close_rate":null,"new_issue_total":null,"new_issue_fixed":null,"total_fixed_rate":null,"total_close_rate":null,"createdById":1,"updatedById":1,"t_5yxbbcczpos":{"createdAt":"2026-02-27T03:39:35.628Z","updatedAt":"2026-02-27T03:39:35.628Z","module_id":350517056831488,"defect_id":350517094580224}}]}}
[32m2026-02-27 11:39:35 [info]  preparing execution for event               [39m 
[32m2026-02-27 11:39:35 [info]  execution of workflow 350516675149824 created as 350517094580225[39m 
[32m2026-02-27 11:39:35 [info]  local pending list is empty, adding execution (350517094580225) to pending list[39m 
[32m2026-02-27 11:39:35 [info]  pending execution (350517094580225) ready to process[39m 
[32m2026-02-27 11:39:35 [info]  execution (350517094580225) starting...     [39m 
[32m2026-02-27 11:39:35 [info]  execution (350517094580225) run instruction [parallel] for node (350516675149825)[39m workflowId=350516675149824
[34m2026-02-27 11:39:35 [debug] config of node                              [39m workflowId=350516675149824
[34m2026-02-27 11:39:35 [debug] job added to save list: {"status":0,"result":[null,null],"nodeId":350516675149825,"nodeKey":"chjc97mlb5y","upstreamId":null,"id":"7624501294552064","createdAt":"2026-02-27T03:39:35.668Z","updatedAt":"2026-02-27T03:39:35.668Z","executionId":350517094580225}[39m workflowId=350516675149824
[32m2026-02-27 11:39:35 [info]  execution (350517094580225) run instruction [aggregate] for node (350516675149831)[39m workflowId=350516675149824
[34m2026-02-27 11:39:35 [debug] config of node                              [39m data={"aggregator":"count","associated":true,"params":{"field":"id","filter":{"$and":[]}},"precision":2,"collection":"defects","association":{"name":"all_defects","associatedKey":"{{$context.data.parent_summary.id}}","associatedCollection":"collection_quality"}} workflowId=350516675149824
[34m2026-02-27 11:39:35 [debug] job added to save list: {"result":1,"status":1,"nodeId":350516675149831,"nodeKey":"ca6c1jxzwq5","id":"7624501302940672","createdAt":"2026-02-27T03:39:35.670Z","updatedAt":"2026-02-27T03:39:35.670Z","executionId":350517094580225}[39m workflowId=350516675149824
[32m2026-02-27 11:39:35 [info]  execution (350517094580225) run instruction [aggregate] for node (350516675149831) finished as status: 1[39m workflowId=350516675149824
[34m2026-02-27 11:39:35 [debug] result of node                              [39m data=1
[34m2026-02-27 11:39:35 [debug] run next node (350516675149828)             [39m 
[32m2026-02-27 11:39:35 [info]  execution (350517094580225) run instruction [update] for node (350516675149828)[39m workflowId=350516675149824
[34m2026-02-27 11:39:35 [debug] config of node                              [39m data={"usingAssignFormSchema":true,"assignFormSchema":{"_isJSONSchemaObject":true,"version":"2.0","name":"0mby4p7m0ow","type":"void","x-component":"Grid","x-initializer":"assignFieldValuesForm:configureFields","properties":{"2wbpfklshda":{"_isJSONSchemaObject":true,"version":"2.0","type":"void","x-component":"Grid.Row","properties":{"ibquc1d6wnd":{"_isJSONSchemaObject":true,"version":"2.0","type":"void","x-component":"Grid.Col","properties":{"total_defect":{"_isJSONSchemaObject":true,"version":"2.0","type":"string","name":"total_defect","x-toolbar":"FormItemSchemaToolbar","x-settings":"fieldSettings:FormItem","x-component":"AssignedField","x-decorator":"FormItem","x-collection-field":"collection_quality.total_defect"}},"name":"ibquc1d6wnd"}},"name":"2wbpfklshda"}}},"collection":"collection_quality","params":{"individualHooks":false,"filter":{"$and":[{"id":{"$eq":"{{$context.data.parent_summary.id}}"}}]},"values":{"total_defect":"{{$jobsMapByNodeKey.ca6c1jxzwq5}}"}}} workflowId=350516675149824
[34m2026-02-27 11:39:35 [debug] job added to save list: {"result":1,"status":1,"nodeId":350516675149828,"nodeKey":"9mun3sl2wtp","id":"7624501353272320","createdAt":"2026-02-27T03:39:35.682Z","updatedAt":"2026-02-27T03:39:35.682Z","executionId":350517094580225}[39m workflowId=350516675149824
[32m2026-02-27 11:39:35 [info]  execution (350517094580225) run instruction [update] for node (350516675149828) finished as status: 1[39m workflowId=350516675149824
[34m2026-02-27 11:39:35 [debug] result of node                              [39m data=1
[34m2026-02-27 11:39:35 [debug] branch ended at node (350516675149828)      [39m 
[34m2026-02-27 11:39:35 [debug] not on main, recall to parent entry node (350516675149828)})[39m workflowId=350516675149824
[32m2026-02-27 11:39:35 [info]  execution (350517094580225) resume instruction [parallel] for node (350516675149825)[39m workflowId=350516675149824
[34m2026-02-27 11:39:35 [debug] config of node                              [39m workflowId=350516675149824
[34m2026-02-27 11:39:35 [debug] job added to save list: {"status":0,"result":[1,null],"nodeId":350516675149825,"nodeKey":"chjc97mlb5y","upstreamId":null,"id":"7624501294552064","createdAt":"2026-02-27T03:39:35.668Z","updatedAt":"2026-02-27T03:39:35.686Z","executionId":350517094580225}[39m workflowId=350516675149824
[32m2026-02-27 11:39:35 [info]  execution (350517094580225) exiting with status 0[39m workflowId=350516675149824
[32m2026-02-27 11:39:35 [info]  execution (350517094580225) run instruction [loop] for node (350516675149834)[39m workflowId=350516675149824
[34m2026-02-27 11:39:35 [debug] config of node                              [39m data={"target":"{{$context.data.module}}","exit":0,"condition":false} workflowId=350516675149824
[34m2026-02-27 11:39:35 [debug] job added to save list: {"status":1,"result":{"looped":0,"done":0},"nodeId":350516675149834,"nodeKey":"mk8brck5e5d","id":"7624501382632448","createdAt":"2026-02-27T03:39:35.689Z","updatedAt":"2026-02-27T03:39:35.689Z","executionId":350517094580225}[39m workflowId=350516675149824
[32m2026-02-27 11:39:35 [info]  execution (350517094580225) run instruction [loop] for node (350516675149834) finished as status: 1[39m workflowId=350516675149824
[34m2026-02-27 11:39:35 [debug] result of node                              [39m data={"looped":0,"done":0}
[34m2026-02-27 11:39:35 [debug] branch ended at node (350516675149834)      [39m 
[34m2026-02-27 11:39:35 [debug] not on main, recall to parent entry node (350516675149834)})[39m workflowId=350516675149824
[32m2026-02-27 11:39:35 [info]  execution (350517094580225) resume instruction [parallel] for node (350516675149825)[39m workflowId=350516675149824
[34m2026-02-27 11:39:35 [debug] config of node                              [39m workflowId=350516675149824
[34m2026-02-27 11:39:35 [debug] job added to save list: {"status":1,"result":[1,1],"nodeId":350516675149825,"nodeKey":"chjc97mlb5y","upstreamId":null,"id":"7624501294552064","createdAt":"2026-02-27T03:39:35.668Z","updatedAt":"2026-02-27T03:39:35.686Z","executionId":350517094580225}[39m workflowId=350516675149824
[32m2026-02-27 11:39:35 [info]  execution (350517094580225) run instruction [parallel] for node (350516675149825) finished as status: 1[39m workflowId=350516675149824
[34m2026-02-27 11:39:35 [debug] result of node                              [39m data=[1,1]
[34m2026-02-27 11:39:35 [debug] branch ended at node (350516675149825)      [39m 
[32m2026-02-27 11:39:35 [info]  execution (350517094580225) exiting with status 1[39m workflowId=350516675149824
[32m2026-02-27 11:39:35 [info]  execution (350517094580225) finished with status: 1[39m 
[34m2026-02-27 11:39:35 [debug] execution (350517094580225) details:        [39m execution={"createdAt":"2026-02-27T03:39:35.642Z","id":350517094580225,"updatedAt":"2026-02-27T03:39:35.694Z","key":"f3xyuzoxb0b","eventKey":"b58a6232-7ed1-49c3-93d9-beb14dda4970","context":{"data":{"createdAt":"2026-02-27T03:39:35.623Z","updatedAt":"2026-02-27T03:39:35.626Z","defect_classification":"其他","defect":"图纸显示不全","defect_rank":"level1","priority":"P1","id":350517094580224,"defect_status":"已关闭","module":null,"f_jmazop48q5l":350517061025792,"label":["已修复"],"createdById":1,"updatedById":1,"parent_summary":{"createdAt":"2026-02-27T03:39:19.437Z","updatedAt":"2026-02-27T03:39:19.440Z","owner_id":"nocobase","id":350517061025792,"total_count":null,"tested_count":null,"defect_count":null,"fixed_count":null,"pending_count":null,"loc":null,"kloc":0,"testing_rate":null,"fix_rate":null,"pending_rate":null,"defect_density":null,"total_defect":null,"module_type":"缺陷汇总","createdById":1,"updatedById":1},"module_ref":[{"createdAt":"2026-02-27T03:39:14.148Z","updatedAt":"2026-02-27T03:39:14.148Z","id":350517050540032,"module_name":"工程图","level_1_count":"0","level_2_count":null,"level_3_count":null,"level_1_fixed":null,"level_2_fixed":null,"level_3_fixed":null,"p1_total":null,"p1_fixed":null,"p2_total":null,"p2_fixed":null,"p3_total":null,"p3_fixed":null,"total_closed":null,"total_delayed":null,"level_1_rollback":null,"level_1_hang":null,"level_1_other":null,"p1_closed":null,"open_count":null,"retest_failed_count":null,"module_total":null,"suggested_count":null,"p2_fixed_rate":null,"p3_fixed_rate":null,"p1_fixed_rate":null,"level_2_fixed_rate":null,"total_fixed":null,"fixed_unupdated":null,"level_3_fixed_rate":null,"level_1_fixed_rate":null,"p1_close_rate":null,"new_issue_total":null,"new_issue_fixed":null,"total_fixed_rate":null,"total_close_rate":null,"createdById":1,"updatedById":1,"t_5yxbbcczpos":{"createdAt":"2026-02-27T03:39:35.628Z","updatedAt":"2026-02-27T03:39:35.628Z","module_id":350517050540032,"defect_id":350517094580224}},{"createdAt":"2026-02-27T03:39:17.107Z","updatedAt":"2026-02-27T03:39:17.107Z","id":350517056831488,"module_name":"草图","level_1_count":"0","level_2_count":null,"level_3_count":null,"level_1_fixed":null,"level_2_fixed":null,"level_3_fixed":null,"p1_total":null,"p1_fixed":null,"p2_total":null,"p2_fixed":null,"p3_total":null,"p3_fixed":null,"total_closed":null,"total_delayed":null,"level_1_rollback":null,"level_1_hang":null,"level_1_other":null,"p1_closed":null,"open_count":null,"retest_failed_count":null,"module_total":null,"suggested_count":null,"p2_fixed_rate":null,"p3_fixed_rate":null,"p1_fixed_rate":null,"level_2_fixed_rate":null,"total_fixed":null,"fixed_unupdated":null,"level_3_fixed_rate":null,"level_1_fixed_rate":null,"p1_close_rate":null,"new_issue_total":null,"new_issue_fixed":null,"total_fixed_rate":null,"total_close_rate":null,"createdById":1,"updatedById":1,"t_5yxbbcczpos":{"createdAt":"2026-02-27T03:39:35.628Z","updatedAt":"2026-02-27T03:39:35.628Z","module_id":350517056831488,"defect_id":350517094580224}}]}},"status":1,"dispatched":true,"stack":null,"output":null,"manually":null,"workflowId":350516675149824}
[32m2026-02-27 11:45:40 [info]  toggle OFF workflow 350516675149824         [39m workflowId=350516675149824
[32m2026-02-27 11:45:40 [info]  toggle OFF workflow 350516675149824         [39m workflowId=350516675149824
