[32m2026-02-27 10:36:28 [info]  toggle ON workflow 350508712263680          [39m workflowId=350508712263680
[32m2026-02-27 10:37:17 [info]  new event triggered, now events: 1          [39m 
[34m2026-02-27 10:37:17 [debug] event data:                                 [39m context={"data":{"createdAt":"2026-02-27T02:37:17.836Z","updatedAt":"2026-02-27T02:37:17.839Z","defect_classification":"网退","defect":"核心算法模块代码回退导致崩溃","defect_rank":"level1","priority":"P1","id":350509255426048,"defect_status":"已关闭","module":null,"f_jmazop48q5l":350509196705792,"label":["已修复"],"createdById":1,"updatedById":1,"parent_summary":{"createdAt":"2026-02-27T02:36:49.404Z","updatedAt":"2026-02-27T02:36:49.414Z","owner_id":"nocobase","id":350509196705792,"total_count":null,"tested_count":null,"defect_count":null,"fixed_count":null,"pending_count":null,"loc":null,"kloc":0,"testing_rate":null,"fix_rate":null,"pending_rate":null,"defect_density":null,"total_defect":null,"module_type":"缺陷汇总","createdById":1,"updatedById":1}}}
[32m2026-02-27 10:37:17 [info]  preparing execution for event               [39m 
[32m2026-02-27 10:37:17 [info]  execution of workflow 350508712263680 created as 350509255426049[39m 
[32m2026-02-27 10:37:17 [info]  local pending list is empty, adding execution (350509255426049) to pending list[39m 
[32m2026-02-27 10:37:17 [info]  pending execution (350509255426049) ready to process[39m 
[32m2026-02-27 10:37:17 [info]  execution (350509255426049) starting...     [39m 
[32m2026-02-27 10:37:17 [info]  execution (350509255426049) run instruction [parallel] for node (350508712263681)[39m workflowId=350508712263680
[34m2026-02-27 10:37:17 [debug] config of node                              [39m workflowId=350508712263680
[34m2026-02-27 10:37:17 [debug] job added to save list: {"status":0,"result":[null,null],"nodeId":350508712263681,"nodeKey":"chjc97mlb5y","upstreamId":null,"id":"7608823950889984","createdAt":"2026-02-27T02:37:17.898Z","updatedAt":"2026-02-27T02:37:17.898Z","executionId":350509255426049}[39m workflowId=350508712263680
[32m2026-02-27 10:37:17 [info]  execution (350509255426049) run instruction [aggregate] for node (350508712263697)[39m workflowId=350508712263680
[34m2026-02-27 10:37:17 [debug] config of node                              [39m data={"aggregator":"count","associated":true,"params":{"field":"id","filter":{"$and":[]}},"precision":2,"collection":"defects","association":{"name":"all_defects","associatedKey":"{{$context.data.parent_summary.id}}","associatedCollection":"collection_quality"}} workflowId=350508712263680
[34m2026-02-27 10:37:17 [debug] job added to save list: {"result":1,"status":1,"nodeId":350508712263697,"nodeKey":"ca6c1jxzwq5","id":"7608823959278592","createdAt":"2026-02-27T02:37:17.900Z","updatedAt":"2026-02-27T02:37:17.900Z","executionId":350509255426049}[39m workflowId=350508712263680
[32m2026-02-27 10:37:17 [info]  execution (350509255426049) run instruction [aggregate] for node (350508712263697) finished as status: 1[39m workflowId=350508712263680
[34m2026-02-27 10:37:17 [debug] result of node                              [39m data=1
[34m2026-02-27 10:37:17 [debug] run next node (350508712263698)             [39m 
[32m2026-02-27 10:37:17 [info]  execution (350509255426049) run instruction [update] for node (350508712263698)[39m workflowId=350508712263680
[34m2026-02-27 10:37:17 [debug] config of node                              [39m data={"usingAssignFormSchema":true,"assignFormSchema":{"_isJSONSchemaObject":true,"version":"2.0","name":"0mby4p7m0ow","type":"void","x-component":"Grid","x-initializer":"assignFieldValuesForm:configureFields","properties":{"2wbpfklshda":{"_isJSONSchemaObject":true,"version":"2.0","type":"void","x-component":"Grid.Row","properties":{"ibquc1d6wnd":{"_isJSONSchemaObject":true,"version":"2.0","type":"void","x-component":"Grid.Col","properties":{"total_defect":{"_isJSONSchemaObject":true,"version":"2.0","type":"string","name":"total_defect","x-toolbar":"FormItemSchemaToolbar","x-settings":"fieldSettings:FormItem","x-component":"AssignedField","x-decorator":"FormItem","x-collection-field":"collection_quality.total_defect"}},"name":"ibquc1d6wnd"}},"name":"2wbpfklshda"}}},"collection":"collection_quality","params":{"individualHooks":false,"filter":{"$and":[{"id":{"$eq":"{{$context.data.parent_summary.id}}"}}]},"values":{"total_defect":"{{$jobsMapByNodeKey.ca6c1jxzwq5}}"}}} workflowId=350508712263680
[34m2026-02-27 10:37:17 [debug] job added to save list: {"result":1,"status":1,"nodeId":350508712263698,"nodeKey":"9mun3sl2wtp","id":"7608823997027328","createdAt":"2026-02-27T02:37:17.909Z","updatedAt":"2026-02-27T02:37:17.909Z","executionId":350509255426049}[39m workflowId=350508712263680
[32m2026-02-27 10:37:17 [info]  execution (350509255426049) run instruction [update] for node (350508712263698) finished as status: 1[39m workflowId=350508712263680
[34m2026-02-27 10:37:17 [debug] result of node                              [39m data=1
[34m2026-02-27 10:37:17 [debug] branch ended at node (350508712263698)      [39m 
[34m2026-02-27 10:37:17 [debug] not on main, recall to parent entry node (350508712263698)})[39m workflowId=350508712263680
[32m2026-02-27 10:37:17 [info]  execution (350509255426049) resume instruction [parallel] for node (350508712263681)[39m workflowId=350508712263680
[34m2026-02-27 10:37:17 [debug] config of node                              [39m workflowId=350508712263680
[34m2026-02-27 10:37:17 [debug] job added to save list: {"status":0,"result":[1,null],"nodeId":350508712263681,"nodeKey":"chjc97mlb5y","upstreamId":null,"id":"7608823950889984","createdAt":"2026-02-27T02:37:17.898Z","updatedAt":"2026-02-27T02:37:17.910Z","executionId":350509255426049}[39m workflowId=350508712263680
[32m2026-02-27 10:37:17 [info]  execution (350509255426049) exiting with status 0[39m workflowId=350508712263680
[32m2026-02-27 10:37:17 [info]  execution (350509255426049) run instruction [aggregate] for node (350508712263709)[39m workflowId=350508712263680
[34m2026-02-27 10:37:17 [debug] config of node                              [39m data={"aggregator":"count","associated":false,"params":{"field":"id","filter":{"$and":[{"defect_rank":{"$eq":"level1"}},{"label":{"$noneOf":["功能屏蔽","已拒绝","建议"]}},{"module":{"$eq":"{{$context.data.module}}"}},{"$or":[{"defect_status":{"$ne":"已关闭"}},{"label":{"$noneOf":["申请否决","数据异常","设计如此"]}}]}]}},"precision":2,"collection":"defects"} workflowId=350508712263680
[34m2026-02-27 10:37:17 [debug] job added to save list: {"result":1,"status":1,"nodeId":350508712263709,"nodeKey":"h14qw1067vw","id":"7608824022193152","createdAt":"2026-02-27T02:37:17.915Z","updatedAt":"2026-02-27T02:37:17.915Z","executionId":350509255426049}[39m workflowId=350508712263680
[32m2026-02-27 10:37:17 [info]  execution (350509255426049) run instruction [aggregate] for node (350508712263709) finished as status: 1[39m workflowId=350508712263680
[34m2026-02-27 10:37:17 [debug] result of node                              [39m data=1
[34m2026-02-27 10:37:17 [debug] run next node (350508712263702)             [39m 
[32m2026-02-27 10:37:17 [info]  execution (350509255426049) run instruction [aggregate] for node (350508712263702)[39m workflowId=350508712263680
[34m2026-02-27 10:37:17 [debug] config of node                              [39m data={"aggregator":"count","associated":false,"params":{"field":"id","filter":{"$and":[{"defect_rank":{"$eq":"level1"}},{"label":{"$noneOf":["功能屏蔽","已拒绝","建议"]}},{"$or":[{"label":{"$anyOf":["已修复","待合并"]}},{"$and":[{"label":{"$anyOf":["未复现"]}},{"defect_status":{"$eq":"已关闭"}}]}]},{"module_ref":{"id":{"$eq":"{{$context.data.parent_summary.id}}"}}},{"$or":[{"defect_status":{"$ne":"已关闭"}},{"label":{"$noneOf":["申请否决","数据异常","设计如此"]}}]}]}},"precision":2,"collection":"defects"} workflowId=350508712263680
[34m2026-02-27 10:37:17 [debug] job added to save list: {"result":0,"status":1,"nodeId":350508712263702,"nodeKey":"cvcey3i9obe","id":"7608824043164672","createdAt":"2026-02-27T02:37:17.920Z","updatedAt":"2026-02-27T02:37:17.920Z","executionId":350509255426049}[39m workflowId=350508712263680
[32m2026-02-27 10:37:17 [info]  execution (350509255426049) run instruction [aggregate] for node (350508712263702) finished as status: 1[39m workflowId=350508712263680
[34m2026-02-27 10:37:17 [debug] result of node                              [39m 
[34m2026-02-27 10:37:17 [debug] run next node (350508712263703)             [39m 
[32m2026-02-27 10:37:17 [info]  execution (350509255426049) run instruction [aggregate] for node (350508712263703)[39m workflowId=350508712263680
[34m2026-02-27 10:37:17 [debug] config of node                              [39m data={"aggregator":"count","associated":false,"params":{"field":"id","filter":{"$and":[{"defect_rank":{"$eq":"level1"}},{"module_ref":{"id":{"$eq":"{{$context.data.parent_summary.id}}"}}},{"$or":[{"defect":{"$includes":"退"}},{"defect":{"$includes":"回退"}},{"defect":{"$includes":"倒退"}}]}]}},"precision":2,"collection":"defects"} workflowId=350508712263680
[34m2026-02-27 10:37:17 [debug] job added to save list: {"result":0,"status":1,"nodeId":350508712263703,"nodeKey":"9euqanxv5ca","id":"7608824059941888","createdAt":"2026-02-27T02:37:17.924Z","updatedAt":"2026-02-27T02:37:17.924Z","executionId":350509255426049}[39m workflowId=350508712263680
[32m2026-02-27 10:37:17 [info]  execution (350509255426049) run instruction [aggregate] for node (350508712263703) finished as status: 1[39m workflowId=350508712263680
[34m2026-02-27 10:37:17 [debug] result of node                              [39m 
[34m2026-02-27 10:37:17 [debug] run next node (350508712263684)             [39m 
[32m2026-02-27 10:37:17 [info]  execution (350509255426049) run instruction [aggregate] for node (350508712263684)[39m workflowId=350508712263680
[34m2026-02-27 10:37:17 [debug] config of node                              [39m data={"aggregator":"count","associated":false,"params":{"field":"id","filter":{"$and":[{"defect_rank":{"$eq":"level1"}},{"module_ref":{"id":{"$eq":"{{$context.data.parent_summary.id}}"}}},{"$or":[{"defect":{"$includes":"挂机"}}]}]}},"precision":2,"collection":"defects"} workflowId=350508712263680
[34m2026-02-27 10:37:17 [debug] job added to save list: {"result":0,"status":1,"nodeId":350508712263684,"nodeKey":"cjybahnz5qh","id":"7608824076719104","createdAt":"2026-02-27T02:37:17.928Z","updatedAt":"2026-02-27T02:37:17.928Z","executionId":350509255426049}[39m workflowId=350508712263680
[32m2026-02-27 10:37:17 [info]  execution (350509255426049) run instruction [aggregate] for node (350508712263684) finished as status: 1[39m workflowId=350508712263680
[34m2026-02-27 10:37:17 [debug] result of node                              [39m 
[34m2026-02-27 10:37:17 [debug] run next node (350508712263708)             [39m 
[32m2026-02-27 10:37:17 [info]  execution (350509255426049) run instruction [aggregate] for node (350508712263708)[39m workflowId=350508712263680
[34m2026-02-27 10:37:17 [debug] config of node                              [39m data={"aggregator":"count","associated":false,"params":{"field":"id","filter":{"$and":[{"defect_rank":{"$eq":"level1"}},{"defect":{"$notIncludes":"退"}},{"defect":{"$notIncludes":"回退"}},{"defect":{"$notIncludes":"倒退"}},{"defect":{"$notIncludes":"挂机"}},{"module_ref":{"id":{"$eq":"{{$context.data.parent_summary.id}}"}}}]}},"precision":2,"collection":"defects"} workflowId=350508712263680
[34m2026-02-27 10:37:17 [debug] job added to save list: {"result":0,"status":1,"nodeId":350508712263708,"nodeKey":"4lo6zk22j0o","id":"7608824097690624","createdAt":"2026-02-27T02:37:17.933Z","updatedAt":"2026-02-27T02:37:17.933Z","executionId":350509255426049}[39m workflowId=350508712263680
[32m2026-02-27 10:37:17 [info]  execution (350509255426049) run instruction [aggregate] for node (350508712263708) finished as status: 1[39m workflowId=350508712263680
[34m2026-02-27 10:37:17 [debug] result of node                              [39m 
[34m2026-02-27 10:37:17 [debug] run next node (350508712263686)             [39m 
[32m2026-02-27 10:37:17 [info]  execution (350509255426049) run instruction [update] for node (350508712263686)[39m workflowId=350508712263680
[34m2026-02-27 10:37:17 [debug] config of node                              [39m data={"usingAssignFormSchema":true,"assignFormSchema":{"_isJSONSchemaObject":true,"version":"2.0","name":"z36wx6jbrw9","type":"void","x-component":"Grid","x-initializer":"assignFieldValuesForm:configureFields","properties":{"i1v4kp5ixw1":{"_isJSONSchemaObject":true,"version":"2.0","type":"void","x-component":"Grid.Row","properties":{"m57in1bxqre":{"_isJSONSchemaObject":true,"version":"2.0","type":"void","x-component":"Grid.Col","properties":{"level_1_count":{"_isJSONSchemaObject":true,"version":"2.0","type":"string","name":"level_1_count","x-toolbar":"FormItemSchemaToolbar","x-settings":"fieldSettings:FormItem","x-component":"AssignedField","x-decorator":"FormItem","x-collection-field":"module_summaries.level_1_count"}},"name":"m57in1bxqre"}},"name":"i1v4kp5ixw1"},"28tkyaas4rv":{"_isJSONSchemaObject":true,"version":"2.0","type":"void","x-component":"Grid.Row","properties":{"aubadkxorcs":{"_isJSONSchemaObject":true,"version":"2.0","type":"void","x-component":"Grid.Col","properties":{"level_1_fixed":{"_isJSONSchemaObject":true,"version":"2.0","type":"string","name":"level_1_fixed","x-toolbar":"FormItemSchemaToolbar","x-settings":"fieldSettings:FormItem","x-component":"AssignedField","x-decorator":"FormItem","x-collection-field":"module_summaries.level_1_fixed"}},"name":"aubadkxorcs"}},"name":"28tkyaas4rv"},"fu8kv0w5z47":{"_isJSONSchemaObject":true,"version":"2.0","type":"void","x-component":"Grid.Row","properties":{"1x2em2n84pv":{"_isJSONSchemaObject":true,"version":"2.0","type":"void","x-component":"Grid.Col","properties":{"level_1_rollback":{"_isJSONSchemaObject":true,"version":"2.0","type":"string","name":"level_1_rollback","x-toolbar":"FormItemSchemaToolbar","x-settings":"fieldSettings:FormItem","x-component":"AssignedField","x-decorator":"FormItem","x-collection-field":"module_summaries.level_1_rollback"}},"name":"1x2em2n84pv"}},"name":"fu8kv0w5z47"},"fn94zey6970":{"_isJSONSchemaObject":true,"version":"2.0","type":"void","x-component":"Grid.Row","properties":{"tau5pd0qijj":{"_isJSONSchemaObject":true,"version":"2.0","type":"void","x-component":"Grid.Col","properties":{"level_1_hang":{"_isJSONSchemaObject":true,"version":"2.0","type":"string","name":"level_1_hang","x-toolbar":"FormItemSchemaToolbar","x-settings":"fieldSettings:FormItem","x-component":"AssignedField","x-decorator":"FormItem","x-collection-field":"module_summaries.level_1_hang"}},"name":"tau5pd0qijj"}},"name":"fn94zey6970"},"55otefoyoa5":{"_isJSONSchemaObject":true,"version":"2.0","type":"void","x-component":"Grid.Row","properties":{"zk7n0j78ve2":{"_isJSONSchemaObject":true,"version":"2.0","type":"void","x-component":"Grid.Col","properties":{"level_1_other":{"_isJSONSchemaObject":true,"version":"2.0","type":"string","name":"level_1_other","x-toolbar":"FormItemSchemaToolbar","x-settings":"fieldSettings:FormItem","x-component":"AssignedField","x-decorator":"FormItem","x-collection-field":"module_summaries.level_1_other"}},"name":"zk7n0j78ve2"}},"name":"55otefoyoa5"}}},"collection":"module_summaries","params":{"individualHooks":false,"filter":{"$and":[{"id":{"$eq":"{{$context.data.module}}"}}]},"values":{"level_1_count":"{{$jobsMapByNodeKey.h14qw1067vw}}","level_1_fixed":"{{$jobsMapByNodeKey.cvcey3i9obe}}","level_1_rollback":"{{$jobsMapByNodeKey.9euqanxv5ca}}","level_1_hang":"{{$jobsMapByNodeKey.cjybahnz5qh}}","level_1_other":"{{$jobsMapByNodeKey.4lo6zk22j0o}}"}}} workflowId=350508712263680
[34m2026-02-27 10:37:17 [debug] job added to save list: {"result":0,"status":1,"nodeId":350508712263686,"nodeKey":"iz8nj3ykg09","id":"7608824122856448","createdAt":"2026-02-27T02:37:17.939Z","updatedAt":"2026-02-27T02:37:17.939Z","executionId":350509255426049}[39m workflowId=350508712263680
[32m2026-02-27 10:37:17 [info]  execution (350509255426049) run instruction [update] for node (350508712263686) finished as status: 1[39m workflowId=350508712263680
[34m2026-02-27 10:37:17 [debug] result of node                              [39m 
[34m2026-02-27 10:37:17 [debug] branch ended at node (350508712263686)      [39m 
[34m2026-02-27 10:37:17 [debug] not on main, recall to parent entry node (350508712263686)})[39m workflowId=350508712263680
[32m2026-02-27 10:37:17 [info]  execution (350509255426049) resume instruction [parallel] for node (350508712263681)[39m workflowId=350508712263680
[34m2026-02-27 10:37:17 [debug] config of node                              [39m workflowId=350508712263680
[34m2026-02-27 10:37:17 [debug] job added to save list: {"status":1,"result":[1,1],"nodeId":350508712263681,"nodeKey":"chjc97mlb5y","upstreamId":null,"id":"7608823950889984","createdAt":"2026-02-27T02:37:17.898Z","updatedAt":"2026-02-27T02:37:17.910Z","executionId":350509255426049}[39m workflowId=350508712263680
[32m2026-02-27 10:37:17 [info]  execution (350509255426049) run instruction [parallel] for node (350508712263681) finished as status: 1[39m workflowId=350508712263680
[34m2026-02-27 10:37:17 [debug] result of node                              [39m data=[1,1]
[34m2026-02-27 10:37:17 [debug] branch ended at node (350508712263681)      [39m 
[32m2026-02-27 10:37:17 [info]  execution (350509255426049) exiting with status 1[39m workflowId=350508712263680
[32m2026-02-27 10:37:17 [info]  execution (350509255426049) finished with status: 1[39m 
[34m2026-02-27 10:37:17 [debug] execution (350509255426049) details:        [39m execution={"createdAt":"2026-02-27T02:37:17.857Z","id":350509255426049,"updatedAt":"2026-02-27T02:37:17.944Z","key":"f3xyuzoxb0b","eventKey":"9d4c10db-93a1-44a9-ade8-fa0259a2ff7c","context":{"data":{"createdAt":"2026-02-27T02:37:17.836Z","updatedAt":"2026-02-27T02:37:17.839Z","defect_classification":"网退","defect":"核心算法模块代码回退导致崩溃","defect_rank":"level1","priority":"P1","id":350509255426048,"defect_status":"已关闭","module":null,"f_jmazop48q5l":350509196705792,"label":["已修复"],"createdById":1,"updatedById":1,"parent_summary":{"createdAt":"2026-02-27T02:36:49.404Z","updatedAt":"2026-02-27T02:36:49.414Z","owner_id":"nocobase","id":350509196705792,"total_count":null,"tested_count":null,"defect_count":null,"fixed_count":null,"pending_count":null,"loc":null,"kloc":0,"testing_rate":null,"fix_rate":null,"pending_rate":null,"defect_density":null,"total_defect":null,"module_type":"缺陷汇总","createdById":1,"updatedById":1}}},"status":1,"dispatched":true,"stack":null,"output":null,"manually":null,"workflowId":350508712263680}
[32m2026-02-27 10:37:39 [info]  new event triggered, now events: 1          [39m 
[34m2026-02-27 10:37:39 [debug] event data:                                 [39m context={"data":{"createdAt":"2026-02-27T02:37:39.747Z","updatedAt":"2026-02-27T02:37:39.750Z","defect_classification":"历史遗留","defect":"图纸显示不全","defect_rank":"level1","priority":"P1","id":350509301563392,"defect_status":"已修复","module":null,"f_jmazop48q5l":350509196705792,"label":["已修复","待合并"],"createdById":1,"updatedById":1,"parent_summary":{"createdAt":"2026-02-27T02:36:49.404Z","updatedAt":"2026-02-27T02:37:17.905Z","owner_id":"nocobase","id":350509196705792,"total_count":null,"tested_count":null,"defect_count":null,"fixed_count":null,"pending_count":null,"loc":null,"kloc":0,"testing_rate":null,"fix_rate":null,"pending_rate":null,"defect_density":null,"total_defect":1,"module_type":"缺陷汇总","createdById":1,"updatedById":1}}}
[32m2026-02-27 10:37:39 [info]  preparing execution for event               [39m 
[32m2026-02-27 10:37:39 [info]  execution of workflow 350508712263680 created as 350509301563393[39m 
[32m2026-02-27 10:37:39 [info]  local pending list is empty, adding execution (350509301563393) to pending list[39m 
[32m2026-02-27 10:37:39 [info]  pending execution (350509301563393) ready to process[39m 
[32m2026-02-27 10:37:39 [info]  execution (350509301563393) starting...     [39m 
[32m2026-02-27 10:37:39 [info]  execution (350509301563393) run instruction [parallel] for node (350508712263681)[39m workflowId=350508712263680
[34m2026-02-27 10:37:39 [debug] config of node                              [39m workflowId=350508712263680
[34m2026-02-27 10:37:39 [debug] job added to save list: {"status":0,"result":[null,null],"nodeId":350508712263681,"nodeKey":"chjc97mlb5y","upstreamId":null,"id":"7608915797758976","createdAt":"2026-02-27T02:37:39.796Z","updatedAt":"2026-02-27T02:37:39.796Z","executionId":350509301563393}[39m workflowId=350508712263680
[32m2026-02-27 10:37:39 [info]  execution (350509301563393) run instruction [aggregate] for node (350508712263697)[39m workflowId=350508712263680
[34m2026-02-27 10:37:39 [debug] config of node                              [39m data={"aggregator":"count","associated":true,"params":{"field":"id","filter":{"$and":[]}},"precision":2,"collection":"defects","association":{"name":"all_defects","associatedKey":"{{$context.data.parent_summary.id}}","associatedCollection":"collection_quality"}} workflowId=350508712263680
[34m2026-02-27 10:37:39 [debug] job added to save list: {"result":2,"status":1,"nodeId":350508712263697,"nodeKey":"ca6c1jxzwq5","id":"7608915806147584","createdAt":"2026-02-27T02:37:39.798Z","updatedAt":"2026-02-27T02:37:39.798Z","executionId":350509301563393}[39m workflowId=350508712263680
[32m2026-02-27 10:37:39 [info]  execution (350509301563393) run instruction [aggregate] for node (350508712263697) finished as status: 1[39m workflowId=350508712263680
[34m2026-02-27 10:37:39 [debug] result of node                              [39m data=2
[34m2026-02-27 10:37:39 [debug] run next node (350508712263698)             [39m 
[32m2026-02-27 10:37:39 [info]  execution (350509301563393) run instruction [update] for node (350508712263698)[39m workflowId=350508712263680
[34m2026-02-27 10:37:39 [debug] config of node                              [39m data={"usingAssignFormSchema":true,"assignFormSchema":{"_isJSONSchemaObject":true,"version":"2.0","name":"0mby4p7m0ow","type":"void","x-component":"Grid","x-initializer":"assignFieldValuesForm:configureFields","properties":{"2wbpfklshda":{"_isJSONSchemaObject":true,"version":"2.0","type":"void","x-component":"Grid.Row","properties":{"ibquc1d6wnd":{"_isJSONSchemaObject":true,"version":"2.0","type":"void","x-component":"Grid.Col","properties":{"total_defect":{"_isJSONSchemaObject":true,"version":"2.0","type":"string","name":"total_defect","x-toolbar":"FormItemSchemaToolbar","x-settings":"fieldSettings:FormItem","x-component":"AssignedField","x-decorator":"FormItem","x-collection-field":"collection_quality.total_defect"}},"name":"ibquc1d6wnd"}},"name":"2wbpfklshda"}}},"collection":"collection_quality","params":{"individualHooks":false,"filter":{"$and":[{"id":{"$eq":"{{$context.data.parent_summary.id}}"}}]},"values":{"total_defect":"{{$jobsMapByNodeKey.ca6c1jxzwq5}}"}}} workflowId=350508712263680
[34m2026-02-27 10:37:39 [debug] job added to save list: {"result":1,"status":1,"nodeId":350508712263698,"nodeKey":"9mun3sl2wtp","id":"7608915852284928","createdAt":"2026-02-27T02:37:39.809Z","updatedAt":"2026-02-27T02:37:39.809Z","executionId":350509301563393}[39m workflowId=350508712263680
[32m2026-02-27 10:37:39 [info]  execution (350509301563393) run instruction [update] for node (350508712263698) finished as status: 1[39m workflowId=350508712263680
[34m2026-02-27 10:37:39 [debug] result of node                              [39m data=1
[34m2026-02-27 10:37:39 [debug] branch ended at node (350508712263698)      [39m 
[34m2026-02-27 10:37:39 [debug] not on main, recall to parent entry node (350508712263698)})[39m workflowId=350508712263680
[32m2026-02-27 10:37:39 [info]  execution (350509301563393) resume instruction [parallel] for node (350508712263681)[39m workflowId=350508712263680
[34m2026-02-27 10:37:39 [debug] config of node                              [39m workflowId=350508712263680
[34m2026-02-27 10:37:39 [debug] job added to save list: {"status":0,"result":[1,null],"nodeId":350508712263681,"nodeKey":"chjc97mlb5y","upstreamId":null,"id":"7608915797758976","createdAt":"2026-02-27T02:37:39.796Z","updatedAt":"2026-02-27T02:37:39.812Z","executionId":350509301563393}[39m workflowId=350508712263680
[32m2026-02-27 10:37:39 [info]  execution (350509301563393) exiting with status 0[39m workflowId=350508712263680
[32m2026-02-27 10:37:39 [info]  execution (350509301563393) run instruction [aggregate] for node (350508712263709)[39m workflowId=350508712263680
[34m2026-02-27 10:37:39 [debug] config of node                              [39m data={"aggregator":"count","associated":false,"params":{"field":"id","filter":{"$and":[{"defect_rank":{"$eq":"level1"}},{"label":{"$noneOf":["功能屏蔽","已拒绝","建议"]}},{"module":{"$eq":"{{$context.data.module}}"}},{"$or":[{"defect_status":{"$ne":"已关闭"}},{"label":{"$noneOf":["申请否决","数据异常","设计如此"]}}]}]}},"precision":2,"collection":"defects"} workflowId=350508712263680
[34m2026-02-27 10:37:39 [debug] job added to save list: {"result":2,"status":1,"nodeId":350508712263709,"nodeKey":"h14qw1067vw","id":"7608915885839360","createdAt":"2026-02-27T02:37:39.817Z","updatedAt":"2026-02-27T02:37:39.817Z","executionId":350509301563393}[39m workflowId=350508712263680
[32m2026-02-27 10:37:39 [info]  execution (350509301563393) run instruction [aggregate] for node (350508712263709) finished as status: 1[39m workflowId=350508712263680
[34m2026-02-27 10:37:39 [debug] result of node                              [39m data=2
[34m2026-02-27 10:37:39 [debug] run next node (350508712263702)             [39m 
[32m2026-02-27 10:37:39 [info]  execution (350509301563393) run instruction [aggregate] for node (350508712263702)[39m workflowId=350508712263680
[34m2026-02-27 10:37:39 [debug] config of node                              [39m data={"aggregator":"count","associated":false,"params":{"field":"id","filter":{"$and":[{"defect_rank":{"$eq":"level1"}},{"label":{"$noneOf":["功能屏蔽","已拒绝","建议"]}},{"$or":[{"label":{"$anyOf":["已修复","待合并"]}},{"$and":[{"label":{"$anyOf":["未复现"]}},{"defect_status":{"$eq":"已关闭"}}]}]},{"module_ref":{"id":{"$eq":"{{$context.data.parent_summary.id}}"}}},{"$or":[{"defect_status":{"$ne":"已关闭"}},{"label":{"$noneOf":["申请否决","数据异常","设计如此"]}}]}]}},"precision":2,"collection":"defects"} workflowId=350508712263680
[34m2026-02-27 10:37:39 [debug] job added to save list: {"result":0,"status":1,"nodeId":350508712263702,"nodeKey":"cvcey3i9obe","id":"7608915911005184","createdAt":"2026-02-27T02:37:39.823Z","updatedAt":"2026-02-27T02:37:39.823Z","executionId":350509301563393}[39m workflowId=350508712263680
[32m2026-02-27 10:37:39 [info]  execution (350509301563393) run instruction [aggregate] for node (350508712263702) finished as status: 1[39m workflowId=350508712263680
[34m2026-02-27 10:37:39 [debug] result of node                              [39m 
[34m2026-02-27 10:37:39 [debug] run next node (350508712263703)             [39m 
[32m2026-02-27 10:37:39 [info]  execution (350509301563393) run instruction [aggregate] for node (350508712263703)[39m workflowId=350508712263680
[34m2026-02-27 10:37:39 [debug] config of node                              [39m data={"aggregator":"count","associated":false,"params":{"field":"id","filter":{"$and":[{"defect_rank":{"$eq":"level1"}},{"module_ref":{"id":{"$eq":"{{$context.data.parent_summary.id}}"}}},{"$or":[{"defect":{"$includes":"退"}},{"defect":{"$includes":"回退"}},{"defect":{"$includes":"倒退"}}]}]}},"precision":2,"collection":"defects"} workflowId=350508712263680
[34m2026-02-27 10:37:39 [debug] job added to save list: {"result":0,"status":1,"nodeId":350508712263703,"nodeKey":"9euqanxv5ca","id":"7608915927782400","createdAt":"2026-02-27T02:37:39.827Z","updatedAt":"2026-02-27T02:37:39.827Z","executionId":350509301563393}[39m workflowId=350508712263680
[32m2026-02-27 10:37:39 [info]  execution (350509301563393) run instruction [aggregate] for node (350508712263703) finished as status: 1[39m workflowId=350508712263680
[34m2026-02-27 10:37:39 [debug] result of node                              [39m 
[34m2026-02-27 10:37:39 [debug] run next node (350508712263684)             [39m 
[32m2026-02-27 10:37:39 [info]  execution (350509301563393) run instruction [aggregate] for node (350508712263684)[39m workflowId=350508712263680
[34m2026-02-27 10:37:39 [debug] config of node                              [39m data={"aggregator":"count","associated":false,"params":{"field":"id","filter":{"$and":[{"defect_rank":{"$eq":"level1"}},{"module_ref":{"id":{"$eq":"{{$context.data.parent_summary.id}}"}}},{"$or":[{"defect":{"$includes":"挂机"}}]}]}},"precision":2,"collection":"defects"} workflowId=350508712263680
[34m2026-02-27 10:37:39 [debug] job added to save list: {"result":0,"status":1,"nodeId":350508712263684,"nodeKey":"cjybahnz5qh","id":"7608915940365312","createdAt":"2026-02-27T02:37:39.830Z","updatedAt":"2026-02-27T02:37:39.830Z","executionId":350509301563393}[39m workflowId=350508712263680
[32m2026-02-27 10:37:39 [info]  execution (350509301563393) run instruction [aggregate] for node (350508712263684) finished as status: 1[39m workflowId=350508712263680
[34m2026-02-27 10:37:39 [debug] result of node                              [39m 
[34m2026-02-27 10:37:39 [debug] run next node (350508712263708)             [39m 
[32m2026-02-27 10:37:39 [info]  execution (350509301563393) run instruction [aggregate] for node (350508712263708)[39m workflowId=350508712263680
[34m2026-02-27 10:37:39 [debug] config of node                              [39m data={"aggregator":"count","associated":false,"params":{"field":"id","filter":{"$and":[{"defect_rank":{"$eq":"level1"}},{"defect":{"$notIncludes":"退"}},{"defect":{"$notIncludes":"回退"}},{"defect":{"$notIncludes":"倒退"}},{"defect":{"$notIncludes":"挂机"}},{"module_ref":{"id":{"$eq":"{{$context.data.parent_summary.id}}"}}}]}},"precision":2,"collection":"defects"} workflowId=350508712263680
[34m2026-02-27 10:37:39 [debug] job added to save list: {"result":0,"status":1,"nodeId":350508712263708,"nodeKey":"4lo6zk22j0o","id":"7608915957142528","createdAt":"2026-02-27T02:37:39.834Z","updatedAt":"2026-02-27T02:37:39.834Z","executionId":350509301563393}[39m workflowId=350508712263680
[32m2026-02-27 10:37:39 [info]  execution (350509301563393) run instruction [aggregate] for node (350508712263708) finished as status: 1[39m workflowId=350508712263680
[34m2026-02-27 10:37:39 [debug] result of node                              [39m 
[34m2026-02-27 10:37:39 [debug] run next node (350508712263686)             [39m 
[32m2026-02-27 10:37:39 [info]  execution (350509301563393) run instruction [update] for node (350508712263686)[39m workflowId=350508712263680
[34m2026-02-27 10:37:39 [debug] config of node                              [39m data={"usingAssignFormSchema":true,"assignFormSchema":{"_isJSONSchemaObject":true,"version":"2.0","name":"z36wx6jbrw9","type":"void","x-component":"Grid","x-initializer":"assignFieldValuesForm:configureFields","properties":{"i1v4kp5ixw1":{"_isJSONSchemaObject":true,"version":"2.0","type":"void","x-component":"Grid.Row","properties":{"m57in1bxqre":{"_isJSONSchemaObject":true,"version":"2.0","type":"void","x-component":"Grid.Col","properties":{"level_1_count":{"_isJSONSchemaObject":true,"version":"2.0","type":"string","name":"level_1_count","x-toolbar":"FormItemSchemaToolbar","x-settings":"fieldSettings:FormItem","x-component":"AssignedField","x-decorator":"FormItem","x-collection-field":"module_summaries.level_1_count"}},"name":"m57in1bxqre"}},"name":"i1v4kp5ixw1"},"28tkyaas4rv":{"_isJSONSchemaObject":true,"version":"2.0","type":"void","x-component":"Grid.Row","properties":{"aubadkxorcs":{"_isJSONSchemaObject":true,"version":"2.0","type":"void","x-component":"Grid.Col","properties":{"level_1_fixed":{"_isJSONSchemaObject":true,"version":"2.0","type":"string","name":"level_1_fixed","x-toolbar":"FormItemSchemaToolbar","x-settings":"fieldSettings:FormItem","x-component":"AssignedField","x-decorator":"FormItem","x-collection-field":"module_summaries.level_1_fixed"}},"name":"aubadkxorcs"}},"name":"28tkyaas4rv"},"fu8kv0w5z47":{"_isJSONSchemaObject":true,"version":"2.0","type":"void","x-component":"Grid.Row","properties":{"1x2em2n84pv":{"_isJSONSchemaObject":true,"version":"2.0","type":"void","x-component":"Grid.Col","properties":{"level_1_rollback":{"_isJSONSchemaObject":true,"version":"2.0","type":"string","name":"level_1_rollback","x-toolbar":"FormItemSchemaToolbar","x-settings":"fieldSettings:FormItem","x-component":"AssignedField","x-decorator":"FormItem","x-collection-field":"module_summaries.level_1_rollback"}},"name":"1x2em2n84pv"}},"name":"fu8kv0w5z47"},"fn94zey6970":{"_isJSONSchemaObject":true,"version":"2.0","type":"void","x-component":"Grid.Row","properties":{"tau5pd0qijj":{"_isJSONSchemaObject":true,"version":"2.0","type":"void","x-component":"Grid.Col","properties":{"level_1_hang":{"_isJSONSchemaObject":true,"version":"2.0","type":"string","name":"level_1_hang","x-toolbar":"FormItemSchemaToolbar","x-settings":"fieldSettings:FormItem","x-component":"AssignedField","x-decorator":"FormItem","x-collection-field":"module_summaries.level_1_hang"}},"name":"tau5pd0qijj"}},"name":"fn94zey6970"},"55otefoyoa5":{"_isJSONSchemaObject":true,"version":"2.0","type":"void","x-component":"Grid.Row","properties":{"zk7n0j78ve2":{"_isJSONSchemaObject":true,"version":"2.0","type":"void","x-component":"Grid.Col","properties":{"level_1_other":{"_isJSONSchemaObject":true,"version":"2.0","type":"string","name":"level_1_other","x-toolbar":"FormItemSchemaToolbar","x-settings":"fieldSettings:FormItem","x-component":"AssignedField","x-decorator":"FormItem","x-collection-field":"module_summaries.level_1_other"}},"name":"zk7n0j78ve2"}},"name":"55otefoyoa5"}}},"collection":"module_summaries","params":{"individualHooks":false,"filter":{"$and":[{"id":{"$eq":"{{$context.data.module}}"}}]},"values":{"level_1_count":"{{$jobsMapByNodeKey.h14qw1067vw}}","level_1_fixed":"{{$jobsMapByNodeKey.cvcey3i9obe}}","level_1_rollback":"{{$jobsMapByNodeKey.9euqanxv5ca}}","level_1_hang":"{{$jobsMapByNodeKey.cjybahnz5qh}}","level_1_other":"{{$jobsMapByNodeKey.4lo6zk22j0o}}"}}} workflowId=350508712263680
[34m2026-02-27 10:37:39 [debug] job added to save list: {"result":0,"status":1,"nodeId":350508712263686,"nodeKey":"iz8nj3ykg09","id":"7608915978114048","createdAt":"2026-02-27T02:37:39.839Z","updatedAt":"2026-02-27T02:37:39.839Z","executionId":350509301563393}[39m workflowId=350508712263680
[32m2026-02-27 10:37:39 [info]  execution (350509301563393) run instruction [update] for node (350508712263686) finished as status: 1[39m workflowId=350508712263680
[34m2026-02-27 10:37:39 [debug] result of node                              [39m 
[34m2026-02-27 10:37:39 [debug] branch ended at node (350508712263686)      [39m 
[34m2026-02-27 10:37:39 [debug] not on main, recall to parent entry node (350508712263686)})[39m workflowId=350508712263680
[32m2026-02-27 10:37:39 [info]  execution (350509301563393) resume instruction [parallel] for node (350508712263681)[39m workflowId=350508712263680
[34m2026-02-27 10:37:39 [debug] config of node                              [39m workflowId=350508712263680
[34m2026-02-27 10:37:39 [debug] job added to save list: {"status":1,"result":[1,1],"nodeId":350508712263681,"nodeKey":"chjc97mlb5y","upstreamId":null,"id":"7608915797758976","createdAt":"2026-02-27T02:37:39.796Z","updatedAt":"2026-02-27T02:37:39.812Z","executionId":350509301563393}[39m workflowId=350508712263680
[32m2026-02-27 10:37:39 [info]  execution (350509301563393) run instruction [parallel] for node (350508712263681) finished as status: 1[39m workflowId=350508712263680
[34m2026-02-27 10:37:39 [debug] result of node                              [39m data=[1,1]
[34m2026-02-27 10:37:39 [debug] branch ended at node (350508712263681)      [39m 
[32m2026-02-27 10:37:39 [info]  execution (350509301563393) exiting with status 1[39m workflowId=350508712263680
[32m2026-02-27 10:37:39 [info]  execution (350509301563393) finished with status: 1[39m 
[34m2026-02-27 10:37:39 [debug] execution (350509301563393) details:        [39m execution={"createdAt":"2026-02-27T02:37:39.762Z","id":350509301563393,"updatedAt":"2026-02-27T02:37:39.844Z","key":"f3xyuzoxb0b","eventKey":"d6ec96c0-2232-4055-83ed-bf2d58646781","context":{"data":{"createdAt":"2026-02-27T02:37:39.747Z","updatedAt":"2026-02-27T02:37:39.750Z","defect_classification":"历史遗留","defect":"图纸显示不全","defect_rank":"level1","priority":"P1","id":350509301563392,"defect_status":"已修复","module":null,"f_jmazop48q5l":350509196705792,"label":["已修复","待合并"],"createdById":1,"updatedById":1,"parent_summary":{"createdAt":"2026-02-27T02:36:49.404Z","updatedAt":"2026-02-27T02:37:17.905Z","owner_id":"nocobase","id":350509196705792,"total_count":null,"tested_count":null,"defect_count":null,"fixed_count":null,"pending_count":null,"loc":null,"kloc":0,"testing_rate":null,"fix_rate":null,"pending_rate":null,"defect_density":null,"total_defect":1,"module_type":"缺陷汇总","createdById":1,"updatedById":1}}},"status":1,"dispatched":true,"stack":null,"output":null,"manually":null,"workflowId":350508712263680}
[32m2026-02-27 10:46:46 [info]  toggle OFF workflow 350508712263680         [39m workflowId=350508712263680
[32m2026-02-27 10:46:46 [info]  toggle OFF workflow 350508712263680         [39m workflowId=350508712263680
