[32m2026-02-27 10:54:27 [info]  toggle ON workflow 350511304343552          [39m workflowId=350511304343552
[32m2026-02-27 10:55:08 [info]  new event triggered, now events: 1          [39m 
[34m2026-02-27 10:55:08 [debug] event data:                                 [39m context={"data":{"createdAt":"2026-02-27T02:55:08.609Z","updatedAt":"2026-02-27T02:55:08.612Z","defect_classification":"其他","defect":"图纸错误","defect_rank":"level1","priority":"P1","id":350511501475840,"defect_status":"已关闭","module":null,"f_jmazop48q5l":350511459532800,"label":["已修复"],"createdById":1,"updatedById":1,"parent_summary":{"createdAt":"2026-02-27T02:54:48.448Z","updatedAt":"2026-02-27T02:54:48.450Z","owner_id":"nocobase","id":350511459532800,"total_count":null,"tested_count":null,"defect_count":null,"fixed_count":null,"pending_count":null,"loc":null,"kloc":0,"testing_rate":null,"fix_rate":null,"pending_rate":null,"defect_density":null,"total_defect":null,"module_type":"缺陷汇总","createdById":1,"updatedById":1}}}
[32m2026-02-27 10:55:08 [info]  preparing execution for event               [39m 
[32m2026-02-27 10:55:08 [info]  execution of workflow 350511304343552 created as 350511501475841[39m 
[32m2026-02-27 10:55:08 [info]  local pending list is empty, adding execution (350511501475841) to pending list[39m 
[32m2026-02-27 10:55:08 [info]  pending execution (350511501475841) ready to process[39m 
[32m2026-02-27 10:55:08 [info]  execution (350511501475841) starting...     [39m 
[32m2026-02-27 10:55:08 [info]  execution (350511501475841) run instruction [parallel] for node (350511304343554)[39m workflowId=350511304343552
[34m2026-02-27 10:55:08 [debug] config of node                              [39m workflowId=350511304343552
[34m2026-02-27 10:55:08 [debug] job added to save list: {"status":0,"result":[null,null],"nodeId":350511304343554,"nodeKey":"chjc97mlb5y","upstreamId":null,"id":"7613314997703680","createdAt":"2026-02-27T02:55:08.647Z","updatedAt":"2026-02-27T02:55:08.647Z","executionId":350511501475841}[39m workflowId=350511304343552
[32m2026-02-27 10:55:08 [info]  execution (350511501475841) run instruction [aggregate] for node (350511304343560)[39m workflowId=350511304343552
[34m2026-02-27 10:55:08 [debug] config of node                              [39m data={"aggregator":"count","associated":true,"params":{"field":"id","filter":{"$and":[]}},"precision":2,"collection":"defects","association":{"name":"all_defects","associatedKey":"{{$context.data.parent_summary.id}}","associatedCollection":"collection_quality"}} workflowId=350511304343552
[34m2026-02-27 10:55:08 [debug] job added to save list: {"result":1,"status":1,"nodeId":350511304343560,"nodeKey":"ca6c1jxzwq5","id":"7613315006092288","createdAt":"2026-02-27T02:55:08.649Z","updatedAt":"2026-02-27T02:55:08.649Z","executionId":350511501475841}[39m workflowId=350511304343552
[32m2026-02-27 10:55:08 [info]  execution (350511501475841) run instruction [aggregate] for node (350511304343560) finished as status: 1[39m workflowId=350511304343552
[34m2026-02-27 10:55:08 [debug] result of node                              [39m data=1
[34m2026-02-27 10:55:08 [debug] run next node (350511304343553)             [39m 
[32m2026-02-27 10:55:08 [info]  execution (350511501475841) run instruction [update] for node (350511304343553)[39m workflowId=350511304343552
[34m2026-02-27 10:55:08 [debug] config of node                              [39m data={"usingAssignFormSchema":true,"assignFormSchema":{"_isJSONSchemaObject":true,"version":"2.0","name":"0mby4p7m0ow","type":"void","x-component":"Grid","x-initializer":"assignFieldValuesForm:configureFields","properties":{"2wbpfklshda":{"_isJSONSchemaObject":true,"version":"2.0","type":"void","x-component":"Grid.Row","properties":{"ibquc1d6wnd":{"_isJSONSchemaObject":true,"version":"2.0","type":"void","x-component":"Grid.Col","properties":{"total_defect":{"_isJSONSchemaObject":true,"version":"2.0","type":"string","name":"total_defect","x-toolbar":"FormItemSchemaToolbar","x-settings":"fieldSettings:FormItem","x-component":"AssignedField","x-decorator":"FormItem","x-collection-field":"collection_quality.total_defect"}},"name":"ibquc1d6wnd"}},"name":"2wbpfklshda"}}},"collection":"collection_quality","params":{"individualHooks":false,"filter":{"$and":[{"id":{"$eq":"{{$context.data.parent_summary.id}}"}}]},"values":{"total_defect":"{{$jobsMapByNodeKey.ca6c1jxzwq5}}"}}} workflowId=350511304343552
[34m2026-02-27 10:55:08 [debug] job added to save list: {"result":1,"status":1,"nodeId":350511304343553,"nodeKey":"9mun3sl2wtp","id":"7613315077395456","createdAt":"2026-02-27T02:55:08.666Z","updatedAt":"2026-02-27T02:55:08.666Z","executionId":350511501475841}[39m workflowId=350511304343552
[32m2026-02-27 10:55:08 [info]  execution (350511501475841) run instruction [update] for node (350511304343553) finished as status: 1[39m workflowId=350511304343552
[34m2026-02-27 10:55:08 [debug] result of node                              [39m data=1
[34m2026-02-27 10:55:08 [debug] branch ended at node (350511304343553)      [39m 
[34m2026-02-27 10:55:08 [debug] not on main, recall to parent entry node (350511304343553)})[39m workflowId=350511304343552
[32m2026-02-27 10:55:08 [info]  execution (350511501475841) resume instruction [parallel] for node (350511304343554)[39m workflowId=350511304343552
[34m2026-02-27 10:55:08 [debug] config of node                              [39m workflowId=350511304343552
[34m2026-02-27 10:55:08 [debug] job added to save list: {"status":0,"result":[1,null],"nodeId":350511304343554,"nodeKey":"chjc97mlb5y","upstreamId":null,"id":"7613314997703680","createdAt":"2026-02-27T02:55:08.647Z","updatedAt":"2026-02-27T02:55:08.670Z","executionId":350511501475841}[39m workflowId=350511304343552
[32m2026-02-27 10:55:08 [info]  execution (350511501475841) exiting with status 0[39m workflowId=350511304343552
[32m2026-02-27 10:55:08 [info]  execution (350511501475841) run instruction [aggregate] for node (350511304343561)[39m workflowId=350511304343552
[34m2026-02-27 10:55:08 [debug] config of node                              [39m data={"aggregator":"count","associated":false,"params":{"field":"id","filter":{"$and":[{"defect_rank":{"$eq":"level1"}},{"label":{"$noneOf":["功能屏蔽","已拒绝","建议"]}},{"module":{"$eq":"{{$context.data.module}}"}},{"$or":[{"defect_status":{"$ne":"已关闭"}},{"label":{"$noneOf":["申请否决","数据异常","设计如此"]}}]}]}},"precision":2,"collection":"defects"} workflowId=350511304343552
[34m2026-02-27 10:55:08 [debug] job added to save list: {"result":1,"status":1,"nodeId":350511304343561,"nodeKey":"h14qw1067vw","id":"7613315110949888","createdAt":"2026-02-27T02:55:08.674Z","updatedAt":"2026-02-27T02:55:08.674Z","executionId":350511501475841}[39m workflowId=350511304343552
[32m2026-02-27 10:55:08 [info]  execution (350511501475841) run instruction [aggregate] for node (350511304343561) finished as status: 1[39m workflowId=350511304343552
[34m2026-02-27 10:55:08 [debug] result of node                              [39m data=1
[34m2026-02-27 10:55:08 [debug] run next node (350511304343557)             [39m 
[32m2026-02-27 10:55:08 [info]  execution (350511501475841) run instruction [aggregate] for node (350511304343557)[39m workflowId=350511304343552
[34m2026-02-27 10:55:08 [debug] config of node                              [39m data={"aggregator":"count","associated":false,"params":{"field":"id","filter":{"$and":[{"defect_rank":{"$eq":"level1"}},{"label":{"$noneOf":["功能屏蔽","已拒绝","建议"]}},{"$or":[{"label":{"$anyOf":["已修复","待合并"]}},{"$and":[{"label":{"$anyOf":["未复现"]}},{"defect_status":{"$eq":"已关闭"}}]}]},{"module":{"$eq":"{{$context.data.module}}"}},{"$or":[{"defect_status":{"$ne":"已关闭"}},{"label":{"$noneOf":["申请否决","数据异常","设计如此"]}}]}]}},"precision":2,"collection":"defects"} workflowId=350511304343552
[34m2026-02-27 10:55:08 [debug] job added to save list: {"result":1,"status":1,"nodeId":350511304343557,"nodeKey":"cvcey3i9obe","id":"7613315127727104","createdAt":"2026-02-27T02:55:08.678Z","updatedAt":"2026-02-27T02:55:08.678Z","executionId":350511501475841}[39m workflowId=350511304343552
[32m2026-02-27 10:55:08 [info]  execution (350511501475841) run instruction [aggregate] for node (350511304343557) finished as status: 1[39m workflowId=350511304343552
[34m2026-02-27 10:55:08 [debug] result of node                              [39m data=1
[34m2026-02-27 10:55:08 [debug] run next node (350511304343555)             [39m 
[32m2026-02-27 10:55:08 [info]  execution (350511501475841) run instruction [aggregate] for node (350511304343555)[39m workflowId=350511304343552
[34m2026-02-27 10:55:08 [debug] config of node                              [39m data={"aggregator":"count","associated":false,"params":{"field":"id","filter":{"$and":[{"defect_rank":{"$eq":"level1"}},{"module":{"$eq":"{{$context.data.module}}"}},{"$or":[{"defect":{"$includes":"退"}},{"defect":{"$includes":"回退"}},{"defect":{"$includes":"倒退"}}]}]}},"precision":2,"collection":"defects"} workflowId=350511304343552
[34m2026-02-27 10:55:08 [debug] job added to save list: {"result":0,"status":1,"nodeId":350511304343555,"nodeKey":"9euqanxv5ca","id":"7613315144504320","createdAt":"2026-02-27T02:55:08.682Z","updatedAt":"2026-02-27T02:55:08.682Z","executionId":350511501475841}[39m workflowId=350511304343552
[32m2026-02-27 10:55:08 [info]  execution (350511501475841) run instruction [aggregate] for node (350511304343555) finished as status: 1[39m workflowId=350511304343552
[34m2026-02-27 10:55:08 [debug] result of node                              [39m 
[34m2026-02-27 10:55:08 [debug] run next node (350511304343559)             [39m 
[32m2026-02-27 10:55:08 [info]  execution (350511501475841) run instruction [aggregate] for node (350511304343559)[39m workflowId=350511304343552
[34m2026-02-27 10:55:08 [debug] config of node                              [39m data={"aggregator":"count","associated":false,"params":{"field":"id","filter":{"$and":[{"defect_rank":{"$eq":"level1"}},{"module":{"$eq":"{{$context.data.module}}"}},{"$or":[{"defect":{"$includes":"挂机"}}]}]}},"precision":2,"collection":"defects"} workflowId=350511304343552
[34m2026-02-27 10:55:08 [debug] job added to save list: {"result":0,"status":1,"nodeId":350511304343559,"nodeKey":"cjybahnz5qh","id":"7613315152892928","createdAt":"2026-02-27T02:55:08.684Z","updatedAt":"2026-02-27T02:55:08.684Z","executionId":350511501475841}[39m workflowId=350511304343552
[32m2026-02-27 10:55:08 [info]  execution (350511501475841) run instruction [aggregate] for node (350511304343559) finished as status: 1[39m workflowId=350511304343552
[34m2026-02-27 10:55:08 [debug] result of node                              [39m 
[34m2026-02-27 10:55:08 [debug] run next node (350511304343556)             [39m 
[32m2026-02-27 10:55:08 [info]  execution (350511501475841) run instruction [aggregate] for node (350511304343556)[39m workflowId=350511304343552
[34m2026-02-27 10:55:08 [debug] config of node                              [39m data={"aggregator":"count","associated":false,"params":{"field":"id","filter":{"$and":[{"defect_rank":{"$eq":"level1"}},{"defect":{"$notIncludes":"退"}},{"defect":{"$notIncludes":"回退"}},{"defect":{"$notIncludes":"倒退"}},{"defect":{"$notIncludes":"挂机"}},{"module":{"$eq":"{{$context.data.module}}"}}]}},"precision":2,"collection":"defects"} workflowId=350511304343552
[34m2026-02-27 10:55:08 [debug] job added to save list: {"result":1,"status":1,"nodeId":350511304343556,"nodeKey":"4lo6zk22j0o","id":"7613315169670144","createdAt":"2026-02-27T02:55:08.688Z","updatedAt":"2026-02-27T02:55:08.688Z","executionId":350511501475841}[39m workflowId=350511304343552
[32m2026-02-27 10:55:08 [info]  execution (350511501475841) run instruction [aggregate] for node (350511304343556) finished as status: 1[39m workflowId=350511304343552
[34m2026-02-27 10:55:08 [debug] result of node                              [39m data=1
[34m2026-02-27 10:55:08 [debug] run next node (350511304343558)             [39m 
[32m2026-02-27 10:55:08 [info]  execution (350511501475841) run instruction [update] for node (350511304343558)[39m workflowId=350511304343552
[34m2026-02-27 10:55:08 [debug] config of node                              [39m data={"usingAssignFormSchema":true,"assignFormSchema":{"_isJSONSchemaObject":true,"version":"2.0","name":"z36wx6jbrw9","type":"void","x-component":"Grid","x-initializer":"assignFieldValuesForm:configureFields","properties":{"i1v4kp5ixw1":{"_isJSONSchemaObject":true,"version":"2.0","type":"void","x-component":"Grid.Row","properties":{"m57in1bxqre":{"_isJSONSchemaObject":true,"version":"2.0","type":"void","x-component":"Grid.Col","properties":{"level_1_count":{"_isJSONSchemaObject":true,"version":"2.0","type":"string","name":"level_1_count","x-toolbar":"FormItemSchemaToolbar","x-settings":"fieldSettings:FormItem","x-component":"AssignedField","x-decorator":"FormItem","x-collection-field":"module_summaries.level_1_count"}},"name":"m57in1bxqre"}},"name":"i1v4kp5ixw1"},"28tkyaas4rv":{"_isJSONSchemaObject":true,"version":"2.0","type":"void","x-component":"Grid.Row","properties":{"aubadkxorcs":{"_isJSONSchemaObject":true,"version":"2.0","type":"void","x-component":"Grid.Col","properties":{"level_1_fixed":{"_isJSONSchemaObject":true,"version":"2.0","type":"string","name":"level_1_fixed","x-toolbar":"FormItemSchemaToolbar","x-settings":"fieldSettings:FormItem","x-component":"AssignedField","x-decorator":"FormItem","x-collection-field":"module_summaries.level_1_fixed"}},"name":"aubadkxorcs"}},"name":"28tkyaas4rv"},"fu8kv0w5z47":{"_isJSONSchemaObject":true,"version":"2.0","type":"void","x-component":"Grid.Row","properties":{"1x2em2n84pv":{"_isJSONSchemaObject":true,"version":"2.0","type":"void","x-component":"Grid.Col","properties":{"level_1_rollback":{"_isJSONSchemaObject":true,"version":"2.0","type":"string","name":"level_1_rollback","x-toolbar":"FormItemSchemaToolbar","x-settings":"fieldSettings:FormItem","x-component":"AssignedField","x-decorator":"FormItem","x-collection-field":"module_summaries.level_1_rollback"}},"name":"1x2em2n84pv"}},"name":"fu8kv0w5z47"},"fn94zey6970":{"_isJSONSchemaObject":true,"version":"2.0","type":"void","x-component":"Grid.Row","properties":{"tau5pd0qijj":{"_isJSONSchemaObject":true,"version":"2.0","type":"void","x-component":"Grid.Col","properties":{"level_1_hang":{"_isJSONSchemaObject":true,"version":"2.0","type":"string","name":"level_1_hang","x-toolbar":"FormItemSchemaToolbar","x-settings":"fieldSettings:FormItem","x-component":"AssignedField","x-decorator":"FormItem","x-collection-field":"module_summaries.level_1_hang"}},"name":"tau5pd0qijj"}},"name":"fn94zey6970"},"55otefoyoa5":{"_isJSONSchemaObject":true,"version":"2.0","type":"void","x-component":"Grid.Row","properties":{"zk7n0j78ve2":{"_isJSONSchemaObject":true,"version":"2.0","type":"void","x-component":"Grid.Col","properties":{"level_1_other":{"_isJSONSchemaObject":true,"version":"2.0","type":"string","name":"level_1_other","x-toolbar":"FormItemSchemaToolbar","x-settings":"fieldSettings:FormItem","x-component":"AssignedField","x-decorator":"FormItem","x-collection-field":"module_summaries.level_1_other"}},"name":"zk7n0j78ve2"}},"name":"55otefoyoa5"}}},"collection":"module_summaries","params":{"individualHooks":false,"filter":{"$and":[{"id":{"$eq":"{{$context.data.parent_summary.id}}"}}]},"values":{"level_1_count":"{{$jobsMapByNodeKey.h14qw1067vw}}","level_1_fixed":"{{$jobsMapByNodeKey.cvcey3i9obe}}","level_1_rollback":"{{$jobsMapByNodeKey.9euqanxv5ca}}","level_1_hang":"{{$jobsMapByNodeKey.cjybahnz5qh}}","level_1_other":"{{$jobsMapByNodeKey.4lo6zk22j0o}}"}}} workflowId=350511304343552
[34m2026-02-27 10:55:08 [debug] job added to save list: {"result":0,"status":1,"nodeId":350511304343558,"nodeKey":"iz8nj3ykg09","id":"7613315190641664","createdAt":"2026-02-27T02:55:08.693Z","updatedAt":"2026-02-27T02:55:08.693Z","executionId":350511501475841}[39m workflowId=350511304343552
[32m2026-02-27 10:55:08 [info]  execution (350511501475841) run instruction [update] for node (350511304343558) finished as status: 1[39m workflowId=350511304343552
[34m2026-02-27 10:55:08 [debug] result of node                              [39m 
[34m2026-02-27 10:55:08 [debug] branch ended at node (350511304343558)      [39m 
[34m2026-02-27 10:55:08 [debug] not on main, recall to parent entry node (350511304343558)})[39m workflowId=350511304343552
[32m2026-02-27 10:55:08 [info]  execution (350511501475841) resume instruction [parallel] for node (350511304343554)[39m workflowId=350511304343552
[34m2026-02-27 10:55:08 [debug] config of node                              [39m workflowId=350511304343552
[34m2026-02-27 10:55:08 [debug] job added to save list: {"status":1,"result":[1,1],"nodeId":350511304343554,"nodeKey":"chjc97mlb5y","upstreamId":null,"id":"7613314997703680","createdAt":"2026-02-27T02:55:08.647Z","updatedAt":"2026-02-27T02:55:08.670Z","executionId":350511501475841}[39m workflowId=350511304343552
[32m2026-02-27 10:55:08 [info]  execution (350511501475841) run instruction [parallel] for node (350511304343554) finished as status: 1[39m workflowId=350511304343552
[34m2026-02-27 10:55:08 [debug] result of node                              [39m data=[1,1]
[34m2026-02-27 10:55:08 [debug] branch ended at node (350511304343554)      [39m 
[32m2026-02-27 10:55:08 [info]  execution (350511501475841) exiting with status 1[39m workflowId=350511304343552
[32m2026-02-27 10:55:08 [info]  execution (350511501475841) finished with status: 1[39m 
[34m2026-02-27 10:55:08 [debug] execution (350511501475841) details:        [39m execution={"createdAt":"2026-02-27T02:55:08.628Z","id":350511501475841,"updatedAt":"2026-02-27T02:55:08.699Z","key":"f3xyuzoxb0b","eventKey":"0d562164-1da9-4641-8c44-653bb8af0a2d","context":{"data":{"createdAt":"2026-02-27T02:55:08.609Z","updatedAt":"2026-02-27T02:55:08.612Z","defect_classification":"其他","defect":"图纸错误","defect_rank":"level1","priority":"P1","id":350511501475840,"defect_status":"已关闭","module":null,"f_jmazop48q5l":350511459532800,"label":["已修复"],"createdById":1,"updatedById":1,"parent_summary":{"createdAt":"2026-02-27T02:54:48.448Z","updatedAt":"2026-02-27T02:54:48.450Z","owner_id":"nocobase","id":350511459532800,"total_count":null,"tested_count":null,"defect_count":null,"fixed_count":null,"pending_count":null,"loc":null,"kloc":0,"testing_rate":null,"fix_rate":null,"pending_rate":null,"defect_density":null,"total_defect":null,"module_type":"缺陷汇总","createdById":1,"updatedById":1}}},"status":1,"dispatched":true,"stack":null,"output":null,"manually":null,"workflowId":350511304343552}
[32m2026-02-27 10:56:46 [info]  toggle OFF workflow 350511304343552         [39m workflowId=350511304343552
[32m2026-02-27 10:56:46 [info]  toggle OFF workflow 350511304343552         [39m workflowId=350511304343552
