[32m2026-02-27 11:47:39 [info]  toggle OFF workflow 350518101213184         [39m workflowId=350518101213184
[32m2026-02-27 11:47:48 [info]  toggle ON workflow 350518101213184          [39m workflowId=350518101213184
[32m2026-02-27 11:48:22 [info]  new event triggered, now events: 1          [39m 
[34m2026-02-27 11:48:22 [debug] event data:                                 [39m context={"data":{"createdAt":"2026-02-27T03:48:22.780Z","updatedAt":"2026-02-27T03:48:22.783Z","defect_classification":"网退","defect":"图纸显示不全","defect_rank":"level1","priority":"P1","id":350518199779328,"defect_status":"已关闭","module":null,"f_jmazop48q5l":350518157836288,"label":["已修复"],"createdById":1,"updatedById":1,"parent_summary":{"createdAt":"2026-02-27T03:48:02.741Z","updatedAt":"2026-02-27T03:48:02.743Z","owner_id":"nocobase","id":350518157836288,"total_count":null,"tested_count":null,"defect_count":null,"fixed_count":null,"pending_count":null,"loc":null,"kloc":0,"testing_rate":null,"fix_rate":null,"pending_rate":null,"defect_density":null,"total_defect":null,"module_type":"缺陷汇总","createdById":1,"updatedById":1},"module_ref":[{"createdAt":"2026-02-27T03:48:04.419Z","updatedAt":"2026-02-27T03:48:04.419Z","id":350518162030592,"module_name":"工程图","level_1_count":"0","level_2_count":null,"level_3_count":null,"level_1_fixed":null,"level_2_fixed":null,"level_3_fixed":null,"p1_total":null,"p1_fixed":null,"p2_total":null,"p2_fixed":null,"p3_total":null,"p3_fixed":null,"total_closed":null,"total_delayed":null,"level_1_rollback":null,"level_1_hang":null,"level_1_other":null,"p1_closed":null,"open_count":null,"retest_failed_count":null,"module_total":null,"suggested_count":null,"p2_fixed_rate":null,"p3_fixed_rate":null,"p1_fixed_rate":null,"level_2_fixed_rate":null,"total_fixed":null,"fixed_unupdated":null,"level_3_fixed_rate":null,"level_1_fixed_rate":null,"p1_close_rate":null,"new_issue_total":null,"new_issue_fixed":null,"total_fixed_rate":null,"total_close_rate":null,"createdById":1,"updatedById":1,"t_5yxbbcczpos":{"createdAt":"2026-02-27T03:48:22.784Z","updatedAt":"2026-02-27T03:48:22.784Z","module_id":350518162030592,"defect_id":350518199779328}},{"createdAt":"2026-02-27T03:48:07.771Z","updatedAt":"2026-02-27T03:48:07.771Z","id":350518168322048,"module_name":"草图","level_1_count":"0","level_2_count":null,"level_3_count":null,"level_1_fixed":null,"level_2_fixed":null,"level_3_fixed":null,"p1_total":null,"p1_fixed":null,"p2_total":null,"p2_fixed":null,"p3_total":null,"p3_fixed":null,"total_closed":null,"total_delayed":null,"level_1_rollback":null,"level_1_hang":null,"level_1_other":null,"p1_closed":null,"open_count":null,"retest_failed_count":null,"module_total":null,"suggested_count":null,"p2_fixed_rate":null,"p3_fixed_rate":null,"p1_fixed_rate":null,"level_2_fixed_rate":null,"total_fixed":null,"fixed_unupdated":null,"level_3_fixed_rate":null,"level_1_fixed_rate":null,"p1_close_rate":null,"new_issue_total":null,"new_issue_fixed":null,"total_fixed_rate":null,"total_close_rate":null,"createdById":1,"updatedById":1,"t_5yxbbcczpos":{"createdAt":"2026-02-27T03:48:22.784Z","updatedAt":"2026-02-27T03:48:22.784Z","module_id":350518168322048,"defect_id":350518199779328}}]}}
[32m2026-02-27 11:48:22 [info]  preparing execution for event               [39m 
[32m2026-02-27 11:48:22 [info]  execution of workflow 350518101213184 created as 350518199779329[39m 
[32m2026-02-27 11:48:22 [info]  local pending list is empty, adding execution (350518199779329) to pending list[39m 
[32m2026-02-27 11:48:22 [info]  pending execution (350518199779329) ready to process[39m 
[32m2026-02-27 11:48:22 [info]  execution (350518199779329) starting...     [39m 
[32m2026-02-27 11:48:22 [info]  execution (350518199779329) run instruction [parallel] for node (350518101213187)[39m workflowId=350518101213184
[34m2026-02-27 11:48:22 [debug] config of node                              [39m workflowId=350518101213184
[34m2026-02-27 11:48:22 [debug] job added to save list: {"status":0,"result":[null,null],"nodeId":350518101213187,"nodeKey":"chjc97mlb5y","upstreamId":null,"id":"7626712330294272","createdAt":"2026-02-27T03:48:22.820Z","updatedAt":"2026-02-27T03:48:22.820Z","executionId":350518199779329}[39m workflowId=350518101213184
[32m2026-02-27 11:48:22 [info]  execution (350518199779329) run instruction [aggregate] for node (350518101213194)[39m workflowId=350518101213184
[34m2026-02-27 11:48:22 [debug] config of node                              [39m data={"aggregator":"count","associated":true,"params":{"field":"id","filter":{"$and":[]}},"precision":2,"collection":"defects","association":{"name":"all_defects","associatedKey":"{{$context.data.parent_summary.id}}","associatedCollection":"collection_quality"}} workflowId=350518101213184
[34m2026-02-27 11:48:22 [debug] job added to save list: {"result":1,"status":1,"nodeId":350518101213194,"nodeKey":"ca6c1jxzwq5","id":"7626712338682880","createdAt":"2026-02-27T03:48:22.822Z","updatedAt":"2026-02-27T03:48:22.822Z","executionId":350518199779329}[39m workflowId=350518101213184
[32m2026-02-27 11:48:22 [info]  execution (350518199779329) run instruction [aggregate] for node (350518101213194) finished as status: 1[39m workflowId=350518101213184
[34m2026-02-27 11:48:22 [debug] result of node                              [39m data=1
[34m2026-02-27 11:48:22 [debug] run next node (350518101213192)             [39m 
[32m2026-02-27 11:48:22 [info]  execution (350518199779329) run instruction [update] for node (350518101213192)[39m workflowId=350518101213184
[34m2026-02-27 11:48:22 [debug] config of node                              [39m data={"usingAssignFormSchema":true,"assignFormSchema":{"_isJSONSchemaObject":true,"version":"2.0","name":"0mby4p7m0ow","type":"void","x-component":"Grid","x-initializer":"assignFieldValuesForm:configureFields","properties":{"2wbpfklshda":{"_isJSONSchemaObject":true,"version":"2.0","type":"void","x-component":"Grid.Row","properties":{"ibquc1d6wnd":{"_isJSONSchemaObject":true,"version":"2.0","type":"void","x-component":"Grid.Col","properties":{"total_defect":{"_isJSONSchemaObject":true,"version":"2.0","type":"string","name":"total_defect","x-toolbar":"FormItemSchemaToolbar","x-settings":"fieldSettings:FormItem","x-component":"AssignedField","x-decorator":"FormItem","x-collection-field":"collection_quality.total_defect"}},"name":"ibquc1d6wnd"}},"name":"2wbpfklshda"}}},"collection":"collection_quality","params":{"individualHooks":false,"filter":{"$and":[{"id":{"$eq":"{{$context.data.parent_summary.id}}"}}]},"values":{"total_defect":"{{$jobsMapByNodeKey.ca6c1jxzwq5}}"}}} workflowId=350518101213184
[34m2026-02-27 11:48:22 [debug] job added to save list: {"result":1,"status":1,"nodeId":350518101213192,"nodeKey":"9mun3sl2wtp","id":"7626712389014528","createdAt":"2026-02-27T03:48:22.834Z","updatedAt":"2026-02-27T03:48:22.834Z","executionId":350518199779329}[39m workflowId=350518101213184
[32m2026-02-27 11:48:22 [info]  execution (350518199779329) run instruction [update] for node (350518101213192) finished as status: 1[39m workflowId=350518101213184
[34m2026-02-27 11:48:22 [debug] result of node                              [39m data=1
[34m2026-02-27 11:48:22 [debug] branch ended at node (350518101213192)      [39m 
[34m2026-02-27 11:48:22 [debug] not on main, recall to parent entry node (350518101213192)})[39m workflowId=350518101213184
[32m2026-02-27 11:48:22 [info]  execution (350518199779329) resume instruction [parallel] for node (350518101213187)[39m workflowId=350518101213184
[34m2026-02-27 11:48:22 [debug] config of node                              [39m workflowId=350518101213184
[34m2026-02-27 11:48:22 [debug] job added to save list: {"status":0,"result":[1,null],"nodeId":350518101213187,"nodeKey":"chjc97mlb5y","upstreamId":null,"id":"7626712330294272","createdAt":"2026-02-27T03:48:22.820Z","updatedAt":"2026-02-27T03:48:22.838Z","executionId":350518199779329}[39m workflowId=350518101213184
[32m2026-02-27 11:48:22 [info]  execution (350518199779329) exiting with status 0[39m workflowId=350518101213184
[32m2026-02-27 11:48:22 [info]  execution (350518199779329) run instruction [loop] for node (350518101213191)[39m workflowId=350518101213184
[34m2026-02-27 11:48:22 [debug] config of node                              [39m data={"target":"{{$context.data.module}}","exit":0,"condition":false} workflowId=350518101213184
[34m2026-02-27 11:48:22 [debug] job added to save list: {"status":1,"result":{"looped":0,"done":0},"nodeId":350518101213191,"nodeKey":"mk8brck5e5d","id":"7626712418374656","createdAt":"2026-02-27T03:48:22.841Z","updatedAt":"2026-02-27T03:48:22.841Z","executionId":350518199779329}[39m workflowId=350518101213184
[32m2026-02-27 11:48:22 [info]  execution (350518199779329) run instruction [loop] for node (350518101213191) finished as status: 1[39m workflowId=350518101213184
[34m2026-02-27 11:48:22 [debug] result of node                              [39m data={"looped":0,"done":0}
[34m2026-02-27 11:48:22 [debug] branch ended at node (350518101213191)      [39m 
[34m2026-02-27 11:48:22 [debug] not on main, recall to parent entry node (350518101213191)})[39m workflowId=350518101213184
[32m2026-02-27 11:48:22 [info]  execution (350518199779329) resume instruction [parallel] for node (350518101213187)[39m workflowId=350518101213184
[34m2026-02-27 11:48:22 [debug] config of node                              [39m workflowId=350518101213184
[34m2026-02-27 11:48:22 [debug] job added to save list: {"status":1,"result":[1,1],"nodeId":350518101213187,"nodeKey":"chjc97mlb5y","upstreamId":null,"id":"7626712330294272","createdAt":"2026-02-27T03:48:22.820Z","updatedAt":"2026-02-27T03:48:22.838Z","executionId":350518199779329}[39m workflowId=350518101213184
[32m2026-02-27 11:48:22 [info]  execution (350518199779329) run instruction [parallel] for node (350518101213187) finished as status: 1[39m workflowId=350518101213184
[34m2026-02-27 11:48:22 [debug] result of node                              [39m data=[1,1]
[34m2026-02-27 11:48:22 [debug] branch ended at node (350518101213187)      [39m 
[32m2026-02-27 11:48:22 [info]  execution (350518199779329) exiting with status 1[39m workflowId=350518101213184
[32m2026-02-27 11:48:22 [info]  execution (350518199779329) finished with status: 1[39m 
[34m2026-02-27 11:48:22 [debug] execution (350518199779329) details:        [39m execution={"createdAt":"2026-02-27T03:48:22.794Z","id":350518199779329,"updatedAt":"2026-02-27T03:48:22.846Z","key":"f3xyuzoxb0b","eventKey":"d7ff9f2c-7b8e-4f57-90ec-cd714868c767","context":{"data":{"createdAt":"2026-02-27T03:48:22.780Z","updatedAt":"2026-02-27T03:48:22.783Z","defect_classification":"网退","defect":"图纸显示不全","defect_rank":"level1","priority":"P1","id":350518199779328,"defect_status":"已关闭","module":null,"f_jmazop48q5l":350518157836288,"label":["已修复"],"createdById":1,"updatedById":1,"parent_summary":{"createdAt":"2026-02-27T03:48:02.741Z","updatedAt":"2026-02-27T03:48:02.743Z","owner_id":"nocobase","id":350518157836288,"total_count":null,"tested_count":null,"defect_count":null,"fixed_count":null,"pending_count":null,"loc":null,"kloc":0,"testing_rate":null,"fix_rate":null,"pending_rate":null,"defect_density":null,"total_defect":null,"module_type":"缺陷汇总","createdById":1,"updatedById":1},"module_ref":[{"createdAt":"2026-02-27T03:48:04.419Z","updatedAt":"2026-02-27T03:48:04.419Z","id":350518162030592,"module_name":"工程图","level_1_count":"0","level_2_count":null,"level_3_count":null,"level_1_fixed":null,"level_2_fixed":null,"level_3_fixed":null,"p1_total":null,"p1_fixed":null,"p2_total":null,"p2_fixed":null,"p3_total":null,"p3_fixed":null,"total_closed":null,"total_delayed":null,"level_1_rollback":null,"level_1_hang":null,"level_1_other":null,"p1_closed":null,"open_count":null,"retest_failed_count":null,"module_total":null,"suggested_count":null,"p2_fixed_rate":null,"p3_fixed_rate":null,"p1_fixed_rate":null,"level_2_fixed_rate":null,"total_fixed":null,"fixed_unupdated":null,"level_3_fixed_rate":null,"level_1_fixed_rate":null,"p1_close_rate":null,"new_issue_total":null,"new_issue_fixed":null,"total_fixed_rate":null,"total_close_rate":null,"createdById":1,"updatedById":1,"t_5yxbbcczpos":{"createdAt":"2026-02-27T03:48:22.784Z","updatedAt":"2026-02-27T03:48:22.784Z","module_id":350518162030592,"defect_id":350518199779328}},{"createdAt":"2026-02-27T03:48:07.771Z","updatedAt":"2026-02-27T03:48:07.771Z","id":350518168322048,"module_name":"草图","level_1_count":"0","level_2_count":null,"level_3_count":null,"level_1_fixed":null,"level_2_fixed":null,"level_3_fixed":null,"p1_total":null,"p1_fixed":null,"p2_total":null,"p2_fixed":null,"p3_total":null,"p3_fixed":null,"total_closed":null,"total_delayed":null,"level_1_rollback":null,"level_1_hang":null,"level_1_other":null,"p1_closed":null,"open_count":null,"retest_failed_count":null,"module_total":null,"suggested_count":null,"p2_fixed_rate":null,"p3_fixed_rate":null,"p1_fixed_rate":null,"level_2_fixed_rate":null,"total_fixed":null,"fixed_unupdated":null,"level_3_fixed_rate":null,"level_1_fixed_rate":null,"p1_close_rate":null,"new_issue_total":null,"new_issue_fixed":null,"total_fixed_rate":null,"total_close_rate":null,"createdById":1,"updatedById":1,"t_5yxbbcczpos":{"createdAt":"2026-02-27T03:48:22.784Z","updatedAt":"2026-02-27T03:48:22.784Z","module_id":350518168322048,"defect_id":350518199779328}}]}},"status":1,"dispatched":true,"stack":null,"output":null,"manually":null,"workflowId":350518101213184}
[32m2026-02-27 11:50:06 [info]  toggle OFF workflow 350518101213184         [39m workflowId=350518101213184
[32m2026-02-27 11:50:06 [info]  toggle OFF workflow 350518101213184         [39m workflowId=350518101213184
